<?xml version="1.0" encoding="UTF-8"?>
<TestRun id="81dbfecf-ad13-475b-b27b-5be3c062be5e" name="Administrator@PC-201005261001 2010-07-09 12:54:55" runUser="PC-201005261001\Administrator" xmlns="http://microsoft.com/schemas/VisualStudio/TeamTest/2006">
  <TestRunConfiguration name="本地测试运行" id="17587b2d-e938-4c25-8349-4765186e912a">
    <Description>这是本地测试运行的默认测试运行配置。</Description>
    <Deployment runDeploymentRoot="E:\OA\Tunnel_OA\TestResults\Administrator_PC-201005261001 2010-07-09 12_54_55" />
    <TestTypeSpecific />
  </TestRunConfiguration>
  <ResultSummary outcome="Failed">
    <Counters total="1" executed="1" error="0" failed="1" timeout="0" aborted="0" inconclusive="0" passedButRunAborted="0" notRunnable="0" notExecuted="0" disconnected="0" warning="0" passed="0" completed="0" inProgress="0" pending="0" />
  </ResultSummary>
  <Times creation="2010-07-09T12:54:55.5000000+08:00" queuing="2010-07-09T12:54:56.7656250+08:00" start="2010-07-09T12:54:57.4843750+08:00" finish="2010-07-09T12:55:00.6250000+08:00" />
  <TestDefinitions>
    <WebTest name="WebTest1" storage="e:\oa\tunnel_oa\testproject1\webtest1.webtest" id="171c5d92-e32c-4210-aeb1-e7d09d23803e" persistedWebTest="77u/PD94bWwgdmVyc2lvbj0iMS4wIiBlbmNvZGluZz0iVVRGLTgiIHN0YW5kYWxvbmU9InllcyI/Pg0KPFdlYlRlc3QgTmFtZT0iV2ViVGVzdDEiIElkPSIxNzFjNWQ5Mi1lMzJjLTQyMTAtYWViMS1lN2QwOWQyMzgwM2UiIE93bmVyPSIiIFByaW9yaXR5PSIwIiBFbmFibGVkPSJUcnVlIiBDc3NQcm9qZWN0U3RydWN0dXJlPSIiIENzc0l0ZXJhdGlvbj0iIiBUaW1lb3V0PSIwIiBXb3JrSXRlbUlkcz0iIiB4bWxucz0iaHR0cDovL21pY3Jvc29mdC5jb20vc2NoZW1hcy9WaXN1YWxTdHVkaW8vVGVhbVRlc3QvMjAwNiIgRGVzY3JpcHRpb249IiIgQ3JlZGVudGlhbFVzZXJOYW1lPSIiIENyZWRlbnRpYWxQYXNzd29yZD0iIiBQcmVBdXRoZW50aWNhdGU9IlRydWUiIFByb3h5PSIiIFN0b3BPbkVycm9yPSJGYWxzZSI+DQogIDxJdGVtcz4NCiAgICA8UmVxdWVzdCBNZXRob2Q9IkdFVCIgVmVyc2lvbj0iMS4xIiBVcmw9Imh0dHA6Ly9sb2NhbGhvc3Q6NjYxMS9OX015V29yay9OX1N0YXIvU3Rhck1hbmFnZS5hc3B4IiBUaGlua1RpbWU9IjAiIFRpbWVvdXQ9IjMwMCIgUGFyc2VEZXBlbmRlbnRSZXF1ZXN0cz0iVHJ1ZSIgRm9sbG93UmVkaXJlY3RzPSJUcnVlIiBSZWNvcmRSZXN1bHQ9IlRydWUiIENhY2hlPSJGYWxzZSIgUmVzcG9uc2VUaW1lR29hbD0iMCIgRW5jb2Rpbmc9ImdiMjMxMiIgRXhwZWN0ZWRIdHRwU3RhdHVzQ29kZT0iMCIgRXhwZWN0ZWRSZXNwb25zZVVybD0iaHR0cDovL2xvY2FsaG9zdDo2NjExL2RlZmF1bHQuYXNweD9SZXR1cm5Vcmw9ZXJyb3IiIC8+DQogICAgPFJlcXVlc3QgTWV0aG9kPSJHRVQiIFZlcnNpb249IjEuMSIgVXJsPSJodHRwOi8vbG9jYWxob3N0OjY2MTEvZmF2aWNvbi5pY28iIFRoaW5rVGltZT0iMCIgVGltZW91dD0iMzAwIiBQYXJzZURlcGVuZGVudFJlcXVlc3RzPSJUcnVlIiBGb2xsb3dSZWRpcmVjdHM9IlRydWUiIFJlY29yZFJlc3VsdD0iVHJ1ZSIgQ2FjaGU9IkZhbHNlIiBSZXNwb25zZVRpbWVHb2FsPSIwIiBFbmNvZGluZz0idXRmLTgiIEV4cGVjdGVkSHR0cFN0YXR1c0NvZGU9IjAiIEV4cGVjdGVkUmVzcG9uc2VVcmw9IiIgLz4NCiAgICA8UmVxdWVzdCBNZXRob2Q9IkdFVCIgVmVyc2lvbj0iMS4xIiBVcmw9Imh0dHA6Ly9sb2NhbGhvc3Q6NjYxMS9EZWZhdWx0LmFzcHgiIFRoaW5rVGltZT0iNiIgVGltZW91dD0iMzAwIiBQYXJzZURlcGVuZGVudFJlcXVlc3RzPSJUcnVlIiBGb2xsb3dSZWRpcmVjdHM9IlRydWUiIFJlY29yZFJlc3VsdD0iVHJ1ZSIgQ2FjaGU9IkZhbHNlIiBSZXNwb25zZVRpbWVHb2FsPSIwIiBFbmNvZGluZz0idXRmLTgiIEV4cGVjdGVkSHR0cFN0YXR1c0NvZGU9IjAiIEV4cGVjdGVkUmVzcG9uc2VVcmw9IiI+DQogICAgICA8RXh0cmFjdGlvblJ1bGVzPg0KICAgICAgICA8RXh0cmFjdGlvblJ1bGUgQ2xhc3NuYW1lPSJNaWNyb3NvZnQuVmlzdWFsU3R1ZGlvLlRlc3RUb29scy5XZWJUZXN0aW5nLlJ1bGVzLkV4dHJhY3RIaWRkZW5GaWVsZHMsIE1pY3Jvc29mdC5WaXN1YWxTdHVkaW8uUXVhbGl0eVRvb2xzLldlYlRlc3RGcmFtZXdvcmssIFZlcnNpb249OS4wLjAuMCwgQ3VsdHVyZT1uZXV0cmFsLCBQdWJsaWNLZXlUb2tlbj1iMDNmNWY3ZjExZDUwYTNhIiBWYXJpYWJsZU5hbWU9IjEiIERpc3BsYXlOYW1lPSLmj5Dlj5bpmpDol4/nmoTlrZfmrrUiIERlc2NyaXB0aW9uPSLku47lk43lupTkuK3mj5Dlj5bmiYDmnInpmpDol4/nmoTlrZfmrrXvvIzlubblsIbov5nkupvlrZfmrrXmlL7lhaXmtYvor5XkuIrkuIvmlofkuK3jgIIiPg0KICAgICAgICAgIDxSdWxlUGFyYW1ldGVycz4NCiAgICAgICAgICAgIDxSdWxlUGFyYW1ldGVyIE5hbWU9IlJlcXVpcmVkIiBWYWx1ZT0iVHJ1ZSIgLz4NCiAgICAgICAgICAgIDxSdWxlUGFyYW1ldGVyIE5hbWU9Ikh0bWxEZWNvZGUiIFZhbHVlPSJUcnVlIiAvPg0KICAgICAgICAgIDwvUnVsZVBhcmFtZXRlcnM+DQogICAgICAgIDwvRXh0cmFjdGlvblJ1bGU+DQogICAgICA8L0V4dHJhY3Rpb25SdWxlcz4NCiAgICA8L1JlcXVlc3Q+DQogICAgPFJlcXVlc3QgTWV0aG9kPSJQT1NUIiBWZXJzaW9uPSIxLjEiIFVybD0iaHR0cDovL2xvY2FsaG9zdDo2NjExL0RlZmF1bHQuYXNweCIgVGhpbmtUaW1lPSIwIiBUaW1lb3V0PSIzMDAiIFBhcnNlRGVwZW5kZW50UmVxdWVzdHM9IlRydWUiIEZvbGxvd1JlZGlyZWN0cz0iVHJ1ZSIgUmVjb3JkUmVzdWx0PSJUcnVlIiBDYWNoZT0iRmFsc2UiIFJlc3BvbnNlVGltZUdvYWw9IjAiIEVuY29kaW5nPSJ1dGYtOCIgRXhwZWN0ZWRIdHRwU3RhdHVzQ29kZT0iMCIgRXhwZWN0ZWRSZXNwb25zZVVybD0iaHR0cDovL2xvY2FsaG9zdDo2NjExL0luZGV4LmFzcHgiPg0KICAgICAgPEZvcm1Qb3N0SHR0cEJvZHk+DQogICAgICAgIDxGb3JtUG9zdFBhcmFtZXRlciBOYW1lPSJfX1ZJRVdTVEFURSIgVmFsdWU9Int7JEhJRERFTjEuX19WSUVXU1RBVEV9fSIgUmVjb3JkZWRWYWx1ZT0iL3dFUER3VUtMVFV4TWprMU1qZ3dPR1JraWo3M1k3NlFpaUJFbHVjVS9EY3Q2Rk03czlVPSIgQ29ycmVsYXRpb25CaW5kaW5nPSIiIFVybEVuY29kZT0iVHJ1ZSIgLz4NCiAgICAgICAgPEZvcm1Qb3N0UGFyYW1ldGVyIE5hbWU9InVzZXJuYW1lIiBWYWx1ZT0iYWRtaW4iIFJlY29yZGVkVmFsdWU9ImFkbWluIiBDb3JyZWxhdGlvbkJpbmRpbmc9IiIgVXJsRW5jb2RlPSJUcnVlIiAvPg0KICAgICAgICA8Rm9ybVBvc3RQYXJhbWV0ZXIgTmFtZT0icGFzc3dvcmQiIFZhbHVlPSJhZG1pbiIgUmVjb3JkZWRWYWx1ZT0iYWRtaW4iIENvcnJlbGF0aW9uQmluZGluZz0iIiBVcmxFbmNvZGU9IlRydWUiIC8+DQogICAgICAgIDxGb3JtUG9zdFBhcmFtZXRlciBOYW1lPSJCdXR0b24xIiBWYWx1ZT0iIiBSZWNvcmRlZFZhbHVlPSIiIENvcnJlbGF0aW9uQmluZGluZz0iIiBVcmxFbmNvZGU9IlRydWUiIC8+DQogICAgICA8L0Zvcm1Qb3N0SHR0cEJvZHk+DQogICAgPC9SZXF1ZXN0Pg0KICAgIDxSZXF1ZXN0IE1ldGhvZD0iR0VUIiBWZXJzaW9uPSIxLjEiIFVybD0iaHR0cDovL2xvY2FsaG9zdDo2NjExL2Nzcy9mbGE2LnN3ZiIgVGhpbmtUaW1lPSIwIiBUaW1lb3V0PSIzMDAiIFBhcnNlRGVwZW5kZW50UmVxdWVzdHM9IlRydWUiIEZvbGxvd1JlZGlyZWN0cz0iVHJ1ZSIgUmVjb3JkUmVzdWx0PSJUcnVlIiBDYWNoZT0iRmFsc2UiIFJlc3BvbnNlVGltZUdvYWw9IjAiIEVuY29kaW5nPSJ1dGYtOCIgRXhwZWN0ZWRIdHRwU3RhdHVzQ29kZT0iMCIgRXhwZWN0ZWRSZXNwb25zZVVybD0iIiAvPg0KICAgIDxSZXF1ZXN0IE1ldGhvZD0iR0VUIiBWZXJzaW9uPSIxLjEiIFVybD0iaHR0cDovL2xvY2FsaG9zdDo2NjExL2phdmFzY3JpcHQvZmluZG1lc3NhZ2UuYXNoeCIgVGhpbmtUaW1lPSI1IiBUaW1lb3V0PSIzMDAiIFBhcnNlRGVwZW5kZW50UmVxdWVzdHM9IlRydWUiIEZvbGxvd1JlZGlyZWN0cz0iVHJ1ZSIgUmVjb3JkUmVzdWx0PSJUcnVlIiBDYWNoZT0iRmFsc2UiIFJlc3BvbnNlVGltZUdvYWw9IjAiIEVuY29kaW5nPSJ1dGYtOCIgRXhwZWN0ZWRIdHRwU3RhdHVzQ29kZT0iMCIgRXhwZWN0ZWRSZXNwb25zZVVybD0iIj4NCiAgICAgIDxRdWVyeVN0cmluZ1BhcmFtZXRlcnM+DQogICAgICAgIDxRdWVyeVN0cmluZ1BhcmFtZXRlciBOYW1lPSJfIiBWYWx1ZT0iMTI3ODY1MTI1NDY0MCIgUmVjb3JkZWRWYWx1ZT0iMTI3ODY1MTI1NDY0MCIgQ29ycmVsYXRpb25CaW5kaW5nPSIiIFVybEVuY29kZT0iRmFsc2UiIFVzZVRvR3JvdXBSZXN1bHRzPSJGYWxzZSIgLz4NCiAgICAgICAgPFF1ZXJ5U3RyaW5nUGFyYW1ldGVyIE5hbWU9IlVpZCIgVmFsdWU9IjEiIFJlY29yZGVkVmFsdWU9IjEiIENvcnJlbGF0aW9uQmluZGluZz0iIiBVcmxFbmNvZGU9IkZhbHNlIiBVc2VUb0dyb3VwUmVzdWx0cz0iRmFsc2UiIC8+DQogICAgICA8L1F1ZXJ5U3RyaW5nUGFyYW1ldGVycz4NCiAgICA8L1JlcXVlc3Q+DQogICAgPFJlcXVlc3QgTWV0aG9kPSJHRVQiIFZlcnNpb249IjEuMSIgVXJsPSJodHRwOi8vbG9jYWxob3N0OjY2MTEvamF2YXNjcmlwdC9maW5kbWVzc2FnZS5hc2h4IiBUaGlua1RpbWU9IjUiIFRpbWVvdXQ9IjMwMCIgUGFyc2VEZXBlbmRlbnRSZXF1ZXN0cz0iVHJ1ZSIgRm9sbG93UmVkaXJlY3RzPSJUcnVlIiBSZWNvcmRSZXN1bHQ9IlRydWUiIENhY2hlPSJGYWxzZSIgUmVzcG9uc2VUaW1lR29hbD0iMCIgRW5jb2Rpbmc9InV0Zi04IiBFeHBlY3RlZEh0dHBTdGF0dXNDb2RlPSIwIiBFeHBlY3RlZFJlc3BvbnNlVXJsPSIiPg0KICAgICAgPFF1ZXJ5U3RyaW5nUGFyYW1ldGVycz4NCiAgICAgICAgPFF1ZXJ5U3RyaW5nUGFyYW1ldGVyIE5hbWU9Il8iIFZhbHVlPSIxMjc4NjUxMjU5NjQwIiBSZWNvcmRlZFZhbHVlPSIxMjc4NjUxMjU5NjQwIiBDb3JyZWxhdGlvbkJpbmRpbmc9IiIgVXJsRW5jb2RlPSJGYWxzZSIgVXNlVG9Hcm91cFJlc3VsdHM9IkZhbHNlIiAvPg0KICAgICAgICA8UXVlcnlTdHJpbmdQYXJhbWV0ZXIgTmFtZT0iVWlkIiBWYWx1ZT0iMSIgUmVjb3JkZWRWYWx1ZT0iMSIgQ29ycmVsYXRpb25CaW5kaW5nPSIiIFVybEVuY29kZT0iRmFsc2UiIFVzZVRvR3JvdXBSZXN1bHRzPSJGYWxzZSIgLz4NCiAgICAgIDwvUXVlcnlTdHJpbmdQYXJhbWV0ZXJzPg0KICAgIDwvUmVxdWVzdD4NCiAgICA8UmVxdWVzdCBNZXRob2Q9IkdFVCIgVmVyc2lvbj0iMS4xIiBVcmw9Imh0dHA6Ly9sb2NhbGhvc3Q6NjYxMS9qYXZhc2NyaXB0L2ZpbmRtZXNzYWdlLmFzaHgiIFRoaW5rVGltZT0iMCIgVGltZW91dD0iMzAwIiBQYXJzZURlcGVuZGVudFJlcXVlc3RzPSJUcnVlIiBGb2xsb3dSZWRpcmVjdHM9IlRydWUiIFJlY29yZFJlc3VsdD0iVHJ1ZSIgQ2FjaGU9IkZhbHNlIiBSZXNwb25zZVRpbWVHb2FsPSIwIiBFbmNvZGluZz0idXRmLTgiIEV4cGVjdGVkSHR0cFN0YXR1c0NvZGU9IjAiIEV4cGVjdGVkUmVzcG9uc2VVcmw9IiI+DQogICAgICA8UXVlcnlTdHJpbmdQYXJhbWV0ZXJzPg0KICAgICAgICA8UXVlcnlTdHJpbmdQYXJhbWV0ZXIgTmFtZT0iXyIgVmFsdWU9IjEyNzg2NTEyNjQ2NDAiIFJlY29yZGVkVmFsdWU9IjEyNzg2NTEyNjQ2NDAiIENvcnJlbGF0aW9uQmluZGluZz0iIiBVcmxFbmNvZGU9IkZhbHNlIiBVc2VUb0dyb3VwUmVzdWx0cz0iRmFsc2UiIC8+DQogICAgICAgIDxRdWVyeVN0cmluZ1BhcmFtZXRlciBOYW1lPSJVaWQiIFZhbHVlPSIxIiBSZWNvcmRlZFZhbHVlPSIxIiBDb3JyZWxhdGlvbkJpbmRpbmc9IiIgVXJsRW5jb2RlPSJGYWxzZSIgVXNlVG9Hcm91cFJlc3VsdHM9IkZhbHNlIiAvPg0KICAgICAgPC9RdWVyeVN0cmluZ1BhcmFtZXRlcnM+DQogICAgPC9SZXF1ZXN0Pg0KICAgIDxSZXF1ZXN0IE1ldGhvZD0iR0VUIiBWZXJzaW9uPSIxLjEiIFVybD0iaHR0cDovL2xvY2FsaG9zdDo2NjExL05fV29ya0Zsb3cvVkRvY3VtZW50L0RvY3VtZW50X0luLmFzcHgiIFRoaW5rVGltZT0iMCIgVGltZW91dD0iMzAwIiBQYXJzZURlcGVuZGVudFJlcXVlc3RzPSJUcnVlIiBGb2xsb3dSZWRpcmVjdHM9IlRydWUiIFJlY29yZFJlc3VsdD0iVHJ1ZSIgQ2FjaGU9IkZhbHNlIiBSZXNwb25zZVRpbWVHb2FsPSIwIiBFbmNvZGluZz0idXRmLTgiIEV4cGVjdGVkSHR0cFN0YXR1c0NvZGU9IjAiIEV4cGVjdGVkUmVzcG9uc2VVcmw9IiI+DQogICAgICA8Q29ycmVsYXRpb25FeHRyYWN0aW9uUnVsZXM+DQogICAgICAgIDxFeHRyYWN0aW9uUnVsZSBDbGFzc25hbWU9Ik1pY3Jvc29mdC5WaXN1YWxTdHVkaW8uVGVzdFRvb2xzLldlYlRlc3RpbmcuUnVsZXMuRXh0cmFjdFRleHQsIE1pY3Jvc29mdC5WaXN1YWxTdHVkaW8uUXVhbGl0eVRvb2xzLldlYlRlc3RGcmFtZXdvcmssIFZlcnNpb249OS4wLjAuMCwgQ3VsdHVyZT1uZXV0cmFsLCBQdWJsaWNLZXlUb2tlbj1iMDNmNWY3ZjExZDUwYTNhIiBWYXJpYWJsZU5hbWU9IlF1ZXJ5U3RyaW5nUGFyYW0xLmZpZCIgRGlzcGxheU5hbWU9IiIgRGVzY3JpcHRpb249IiI+DQogICAgICAgICAgPFJ1bGVQYXJhbWV0ZXJzPg0KICAgICAgICAgICAgPFJ1bGVQYXJhbWV0ZXIgTmFtZT0iU3RhcnRzV2l0aCIgVmFsdWU9Ij9maWQ9IiAvPg0KICAgICAgICAgICAgPFJ1bGVQYXJhbWV0ZXIgTmFtZT0iRW5kc1dpdGgiIFZhbHVlPSImcXVvdDsiIC8+DQogICAgICAgICAgICA8UnVsZVBhcmFtZXRlciBOYW1lPSJJbmRleCIgVmFsdWU9IjAiIC8+DQogICAgICAgICAgICA8UnVsZVBhcmFtZXRlciBOYW1lPSJJZ25vcmVDYXNlIiBWYWx1ZT0iRmFsc2UiIC8+DQogICAgICAgICAgICA8UnVsZVBhcmFtZXRlciBOYW1lPSJVc2VSZWd1bGFyRXhwcmVzc2lvbiIgVmFsdWU9IkZhbHNlIiAvPg0KICAgICAgICAgICAgPFJ1bGVQYXJhbWV0ZXIgTmFtZT0iSHRtbERlY29kZSIgVmFsdWU9IlRydWUiIC8+DQogICAgICAgICAgICA8UnVsZVBhcmFtZXRlciBOYW1lPSJSZXF1aXJlZCIgVmFsdWU9IkZhbHNlIiAvPg0KICAgICAgICAgIDwvUnVsZVBhcmFtZXRlcnM+DQogICAgICAgIDwvRXh0cmFjdGlvblJ1bGU+DQogICAgICA8L0NvcnJlbGF0aW9uRXh0cmFjdGlvblJ1bGVzPg0KICAgIDwvUmVxdWVzdD4NCiAgICA8UmVxdWVzdCBNZXRob2Q9IkdFVCIgVmVyc2lvbj0iMS4xIiBVcmw9Imh0dHA6Ly9sb2NhbGhvc3Q6NjYxMS9jc3MvZmxhNi5zd2YiIFRoaW5rVGltZT0iMCIgVGltZW91dD0iMzAwIiBQYXJzZURlcGVuZGVudFJlcXVlc3RzPSJUcnVlIiBGb2xsb3dSZWRpcmVjdHM9IlRydWUiIFJlY29yZFJlc3VsdD0iVHJ1ZSIgQ2FjaGU9IkZhbHNlIiBSZXNwb25zZVRpbWVHb2FsPSIwIiBFbmNvZGluZz0idXRmLTgiIEV4cGVjdGVkSHR0cFN0YXR1c0NvZGU9IjAiIEV4cGVjdGVkUmVzcG9uc2VVcmw9IiIgLz4NCiAgICA8UmVxdWVzdCBNZXRob2Q9IkdFVCIgVmVyc2lvbj0iMS4xIiBVcmw9Imh0dHA6Ly9sb2NhbGhvc3Q6NjYxMS9qYXZhc2NyaXB0L2ZpbmRtZXNzYWdlLmFzaHgiIFRoaW5rVGltZT0iMyIgVGltZW91dD0iMzAwIiBQYXJzZURlcGVuZGVudFJlcXVlc3RzPSJUcnVlIiBGb2xsb3dSZWRpcmVjdHM9IlRydWUiIFJlY29yZFJlc3VsdD0iVHJ1ZSIgQ2FjaGU9IkZhbHNlIiBSZXNwb25zZVRpbWVHb2FsPSIwIiBFbmNvZGluZz0idXRmLTgiIEV4cGVjdGVkSHR0cFN0YXR1c0NvZGU9IjAiIEV4cGVjdGVkUmVzcG9uc2VVcmw9IiI+DQogICAgICA8UXVlcnlTdHJpbmdQYXJhbWV0ZXJzPg0KICAgICAgICA8UXVlcnlTdHJpbmdQYXJhbWV0ZXIgTmFtZT0iXyIgVmFsdWU9IjEyNzg2NTEyNjY3ODEiIFJlY29yZGVkVmFsdWU9IjEyNzg2NTEyNjY3ODEiIENvcnJlbGF0aW9uQmluZGluZz0iIiBVcmxFbmNvZGU9IkZhbHNlIiBVc2VUb0dyb3VwUmVzdWx0cz0iRmFsc2UiIC8+DQogICAgICAgIDxRdWVyeVN0cmluZ1BhcmFtZXRlciBOYW1lPSJVaWQiIFZhbHVlPSIxIiBSZWNvcmRlZFZhbHVlPSIxIiBDb3JyZWxhdGlvbkJpbmRpbmc9IiIgVXJsRW5jb2RlPSJGYWxzZSIgVXNlVG9Hcm91cFJlc3VsdHM9IkZhbHNlIiAvPg0KICAgICAgPC9RdWVyeVN0cmluZ1BhcmFtZXRlcnM+DQogICAgPC9SZXF1ZXN0Pg0KICAgIDxSZXF1ZXN0IE1ldGhvZD0iR0VUIiBWZXJzaW9uPSIxLjEiIFVybD0iaHR0cDovL2xvY2FsaG9zdDo2NjExL05fV29ya0Zsb3cvVkRvY3VtZW50L0RvY3VtZW50X091dC5hc3B4IiBUaGlua1RpbWU9IjAiIFRpbWVvdXQ9IjMwMCIgUGFyc2VEZXBlbmRlbnRSZXF1ZXN0cz0iVHJ1ZSIgRm9sbG93UmVkaXJlY3RzPSJUcnVlIiBSZWNvcmRSZXN1bHQ9IlRydWUiIENhY2hlPSJGYWxzZSIgUmVzcG9uc2VUaW1lR29hbD0iMCIgRW5jb2Rpbmc9InV0Zi04IiBFeHBlY3RlZEh0dHBTdGF0dXNDb2RlPSIwIiBFeHBlY3RlZFJlc3BvbnNlVXJsPSIiPg0KICAgICAgPFF1ZXJ5U3RyaW5nUGFyYW1ldGVycz4NCiAgICAgICAgPFF1ZXJ5U3RyaW5nUGFyYW1ldGVyIE5hbWU9ImZpZCIgVmFsdWU9IjEiIFJlY29yZGVkVmFsdWU9IjEiIENvcnJlbGF0aW9uQmluZGluZz0ie3tRdWVyeVN0cmluZ1BhcmFtMS5maWR9fSIgVXJsRW5jb2RlPSJGYWxzZSIgVXNlVG9Hcm91cFJlc3VsdHM9IkZhbHNlIiAvPg0KICAgICAgPC9RdWVyeVN0cmluZ1BhcmFtZXRlcnM+DQogICAgPC9SZXF1ZXN0Pg0KICAgIDxSZXF1ZXN0IE1ldGhvZD0iR0VUIiBWZXJzaW9uPSIxLjEiIFVybD0iaHR0cDovL2xvY2FsaG9zdDo2NjExL2Nzcy9mbGE2LnN3ZiIgVGhpbmtUaW1lPSIwIiBUaW1lb3V0PSIzMDAiIFBhcnNlRGVwZW5kZW50UmVxdWVzdHM9IlRydWUiIEZvbGxvd1JlZGlyZWN0cz0iVHJ1ZSIgUmVjb3JkUmVzdWx0PSJUcnVlIiBDYWNoZT0iRmFsc2UiIFJlc3BvbnNlVGltZUdvYWw9IjAiIEVuY29kaW5nPSJ1dGYtOCIgRXhwZWN0ZWRIdHRwU3RhdHVzQ29kZT0iMCIgRXhwZWN0ZWRSZXNwb25zZVVybD0iIiAvPg0KICAgIDxSZXF1ZXN0IE1ldGhvZD0iR0VUIiBWZXJzaW9uPSIxLjEiIFVybD0iaHR0cDovL2xvY2FsaG9zdDo2NjExL2phdmFzY3JpcHQvZmluZG1lc3NhZ2UuYXNoeCIgVGhpbmtUaW1lPSI1IiBUaW1lb3V0PSIzMDAiIFBhcnNlRGVwZW5kZW50UmVxdWVzdHM9IlRydWUiIEZvbGxvd1JlZGlyZWN0cz0iVHJ1ZSIgUmVjb3JkUmVzdWx0PSJUcnVlIiBDYWNoZT0iRmFsc2UiIFJlc3BvbnNlVGltZUdvYWw9IjAiIEVuY29kaW5nPSJ1dGYtOCIgRXhwZWN0ZWRIdHRwU3RhdHVzQ29kZT0iMCIgRXhwZWN0ZWRSZXNwb25zZVVybD0iIj4NCiAgICAgIDxRdWVyeVN0cmluZ1BhcmFtZXRlcnM+DQogICAgICAgIDxRdWVyeVN0cmluZ1BhcmFtZXRlciBOYW1lPSJfIiBWYWx1ZT0iMTI3ODY1MTI3MDQwNiIgUmVjb3JkZWRWYWx1ZT0iMTI3ODY1MTI3MDQwNiIgQ29ycmVsYXRpb25CaW5kaW5nPSIiIFVybEVuY29kZT0iRmFsc2UiIFVzZVRvR3JvdXBSZXN1bHRzPSJGYWxzZSIgLz4NCiAgICAgICAgPFF1ZXJ5U3RyaW5nUGFyYW1ldGVyIE5hbWU9IlVpZCIgVmFsdWU9IjEiIFJlY29yZGVkVmFsdWU9IjEiIENvcnJlbGF0aW9uQmluZGluZz0iIiBVcmxFbmNvZGU9IkZhbHNlIiBVc2VUb0dyb3VwUmVzdWx0cz0iRmFsc2UiIC8+DQogICAgICA8L1F1ZXJ5U3RyaW5nUGFyYW1ldGVycz4NCiAgICA8L1JlcXVlc3Q+DQogICAgPFJlcXVlc3QgTWV0aG9kPSJHRVQiIFZlcnNpb249IjEuMSIgVXJsPSJodHRwOi8vbG9jYWxob3N0OjY2MTEvamF2YXNjcmlwdC9maW5kbWVzc2FnZS5hc2h4IiBUaGlua1RpbWU9IjUiIFRpbWVvdXQ9IjMwMCIgUGFyc2VEZXBlbmRlbnRSZXF1ZXN0cz0iVHJ1ZSIgRm9sbG93UmVkaXJlY3RzPSJUcnVlIiBSZWNvcmRSZXN1bHQ9IlRydWUiIENhY2hlPSJGYWxzZSIgUmVzcG9uc2VUaW1lR29hbD0iMCIgRW5jb2Rpbmc9InV0Zi04IiBFeHBlY3RlZEh0dHBTdGF0dXNDb2RlPSIwIiBFeHBlY3RlZFJlc3BvbnNlVXJsPSIiPg0KICAgICAgPFF1ZXJ5U3RyaW5nUGFyYW1ldGVycz4NCiAgICAgICAgPFF1ZXJ5U3RyaW5nUGFyYW1ldGVyIE5hbWU9Il8iIFZhbHVlPSIxMjc4NjUxMjc1NDA2IiBSZWNvcmRlZFZhbHVlPSIxMjc4NjUxMjc1NDA2IiBDb3JyZWxhdGlvbkJpbmRpbmc9IiIgVXJsRW5jb2RlPSJGYWxzZSIgVXNlVG9Hcm91cFJlc3VsdHM9IkZhbHNlIiAvPg0KICAgICAgICA8UXVlcnlTdHJpbmdQYXJhbWV0ZXIgTmFtZT0iVWlkIiBWYWx1ZT0iMSIgUmVjb3JkZWRWYWx1ZT0iMSIgQ29ycmVsYXRpb25CaW5kaW5nPSIiIFVybEVuY29kZT0iRmFsc2UiIFVzZVRvR3JvdXBSZXN1bHRzPSJGYWxzZSIgLz4NCiAgICAgIDwvUXVlcnlTdHJpbmdQYXJhbWV0ZXJzPg0KICAgIDwvUmVxdWVzdD4NCiAgICA8UmVxdWVzdCBNZXRob2Q9IkdFVCIgVmVyc2lvbj0iMS4xIiBVcmw9Imh0dHA6Ly9sb2NhbGhvc3Q6NjYxMS9qYXZhc2NyaXB0L2ZpbmRtZXNzYWdlLmFzaHgiIFRoaW5rVGltZT0iNCIgVGltZW91dD0iMzAwIiBQYXJzZURlcGVuZGVudFJlcXVlc3RzPSJUcnVlIiBGb2xsb3dSZWRpcmVjdHM9IlRydWUiIFJlY29yZFJlc3VsdD0iVHJ1ZSIgQ2FjaGU9IkZhbHNlIiBSZXNwb25zZVRpbWVHb2FsPSIwIiBFbmNvZGluZz0idXRmLTgiIEV4cGVjdGVkSHR0cFN0YXR1c0NvZGU9IjAiIEV4cGVjdGVkUmVzcG9uc2VVcmw9IiI+DQogICAgICA8UXVlcnlTdHJpbmdQYXJhbWV0ZXJzPg0KICAgICAgICA8UXVlcnlTdHJpbmdQYXJhbWV0ZXIgTmFtZT0iXyIgVmFsdWU9IjEyNzg2NTEyODA0MDYiIFJlY29yZGVkVmFsdWU9IjEyNzg2NTEyODA0MDYiIENvcnJlbGF0aW9uQmluZGluZz0iIiBVcmxFbmNvZGU9IkZhbHNlIiBVc2VUb0dyb3VwUmVzdWx0cz0iRmFsc2UiIC8+DQogICAgICAgIDxRdWVyeVN0cmluZ1BhcmFtZXRlciBOYW1lPSJVaWQiIFZhbHVlPSIxIiBSZWNvcmRlZFZhbHVlPSIxIiBDb3JyZWxhdGlvbkJpbmRpbmc9IiIgVXJsRW5jb2RlPSJGYWxzZSIgVXNlVG9Hcm91cFJlc3VsdHM9IkZhbHNlIiAvPg0KICAgICAgPC9RdWVyeVN0cmluZ1BhcmFtZXRlcnM+DQogICAgPC9SZXF1ZXN0Pg0KICAgIDxSZXF1ZXN0IE1ldGhvZD0iR0VUIiBWZXJzaW9uPSIxLjEiIFVybD0iaHR0cDovL2xvY2FsaG9zdDo2NjExL05fV29ya0Zsb3cvVkRvY3VtZW50L0RvY3VtZW50X0luLmFzcHgiIFRoaW5rVGltZT0iMCIgVGltZW91dD0iMzAwIiBQYXJzZURlcGVuZGVudFJlcXVlc3RzPSJUcnVlIiBGb2xsb3dSZWRpcmVjdHM9IlRydWUiIFJlY29yZFJlc3VsdD0iVHJ1ZSIgQ2FjaGU9IkZhbHNlIiBSZXNwb25zZVRpbWVHb2FsPSIwIiBFbmNvZGluZz0idXRmLTgiIEV4cGVjdGVkSHR0cFN0YXR1c0NvZGU9IjAiIEV4cGVjdGVkUmVzcG9uc2VVcmw9IiIgLz4NCiAgICA8UmVxdWVzdCBNZXRob2Q9IkdFVCIgVmVyc2lvbj0iMS4xIiBVcmw9Imh0dHA6Ly9sb2NhbGhvc3Q6NjYxMS9jc3MvZmxhNi5zd2YiIFRoaW5rVGltZT0iMCIgVGltZW91dD0iMzAwIiBQYXJzZURlcGVuZGVudFJlcXVlc3RzPSJUcnVlIiBGb2xsb3dSZWRpcmVjdHM9IlRydWUiIFJlY29yZFJlc3VsdD0iVHJ1ZSIgQ2FjaGU9IkZhbHNlIiBSZXNwb25zZVRpbWVHb2FsPSIwIiBFbmNvZGluZz0idXRmLTgiIEV4cGVjdGVkSHR0cFN0YXR1c0NvZGU9IjAiIEV4cGVjdGVkUmVzcG9uc2VVcmw9IiIgLz4NCiAgICA8UmVxdWVzdCBNZXRob2Q9IkdFVCIgVmVyc2lvbj0iMS4xIiBVcmw9Imh0dHA6Ly9sb2NhbGhvc3Q6NjYxMS9qYXZhc2NyaXB0L2ZpbmRtZXNzYWdlLmFzaHgiIFRoaW5rVGltZT0iMiIgVGltZW91dD0iMzAwIiBQYXJzZURlcGVuZGVudFJlcXVlc3RzPSJUcnVlIiBGb2xsb3dSZWRpcmVjdHM9IlRydWUiIFJlY29yZFJlc3VsdD0iVHJ1ZSIgQ2FjaGU9IkZhbHNlIiBSZXNwb25zZVRpbWVHb2FsPSIwIiBFbmNvZGluZz0idXRmLTgiIEV4cGVjdGVkSHR0cFN0YXR1c0NvZGU9IjAiIEV4cGVjdGVkUmVzcG9uc2VVcmw9IiI+DQogICAgICA8UXVlcnlTdHJpbmdQYXJhbWV0ZXJzPg0KICAgICAgICA8UXVlcnlTdHJpbmdQYXJhbWV0ZXIgTmFtZT0iXyIgVmFsdWU9IjEyNzg2NTEyODU4NzUiIFJlY29yZGVkVmFsdWU9IjEyNzg2NTEyODU4NzUiIENvcnJlbGF0aW9uQmluZGluZz0iIiBVcmxFbmNvZGU9IkZhbHNlIiBVc2VUb0dyb3VwUmVzdWx0cz0iRmFsc2UiIC8+DQogICAgICAgIDxRdWVyeVN0cmluZ1BhcmFtZXRlciBOYW1lPSJVaWQiIFZhbHVlPSIxIiBSZWNvcmRlZFZhbHVlPSIxIiBDb3JyZWxhdGlvbkJpbmRpbmc9IiIgVXJsRW5jb2RlPSJGYWxzZSIgVXNlVG9Hcm91cFJlc3VsdHM9IkZhbHNlIiAvPg0KICAgICAgPC9RdWVyeVN0cmluZ1BhcmFtZXRlcnM+DQogICAgPC9SZXF1ZXN0Pg0KICAgIDxSZXF1ZXN0IE1ldGhvZD0iR0VUIiBWZXJzaW9uPSIxLjEiIFVybD0iaHR0cDovL2xvY2FsaG9zdDo2NjExL05fTmV3cy9OX1BpY3R1cmUvTl9QaWN0dXJlQWRkLmFzcHgiIFRoaW5rVGltZT0iMCIgVGltZW91dD0iMzAwIiBQYXJzZURlcGVuZGVudFJlcXVlc3RzPSJUcnVlIiBGb2xsb3dSZWRpcmVjdHM9IlRydWUiIFJlY29yZFJlc3VsdD0iVHJ1ZSIgQ2FjaGU9IkZhbHNlIiBSZXNwb25zZVRpbWVHb2FsPSIwIiBFbmNvZGluZz0idXRmLTgiIEV4cGVjdGVkSHR0cFN0YXR1c0NvZGU9IjAiIEV4cGVjdGVkUmVzcG9uc2VVcmw9IiIgLz4NCiAgICA8UmVxdWVzdCBNZXRob2Q9IkdFVCIgVmVyc2lvbj0iMS4xIiBVcmw9Imh0dHA6Ly9sb2NhbGhvc3Q6NjYxMS9jc3MvZmxhNi5zd2YiIFRoaW5rVGltZT0iMCIgVGltZW91dD0iMzAwIiBQYXJzZURlcGVuZGVudFJlcXVlc3RzPSJUcnVlIiBGb2xsb3dSZWRpcmVjdHM9IlRydWUiIFJlY29yZFJlc3VsdD0iVHJ1ZSIgQ2FjaGU9IkZhbHNlIiBSZXNwb25zZVRpbWVHb2FsPSIwIiBFbmNvZGluZz0idXRmLTgiIEV4cGVjdGVkSHR0cFN0YXR1c0NvZGU9IjAiIEV4cGVjdGVkUmVzcG9uc2VVcmw9IiIgLz4NCiAgICA8UmVxdWVzdCBNZXRob2Q9IkdFVCIgVmVyc2lvbj0iMS4xIiBVcmw9Imh0dHA6Ly9sb2NhbGhvc3Q6NjYxMS9qYXZhc2NyaXB0L2ZpbmRtZXNzYWdlLmFzaHgiIFRoaW5rVGltZT0iMCIgVGltZW91dD0iMzAwIiBQYXJzZURlcGVuZGVudFJlcXVlc3RzPSJUcnVlIiBGb2xsb3dSZWRpcmVjdHM9IlRydWUiIFJlY29yZFJlc3VsdD0iVHJ1ZSIgQ2FjaGU9IkZhbHNlIiBSZXNwb25zZVRpbWVHb2FsPSIwIiBFbmNvZGluZz0idXRmLTgiIEV4cGVjdGVkSHR0cFN0YXR1c0NvZGU9IjAiIEV4cGVjdGVkUmVzcG9uc2VVcmw9IiI+DQogICAgICA8UXVlcnlTdHJpbmdQYXJhbWV0ZXJzPg0KICAgICAgICA8UXVlcnlTdHJpbmdQYXJhbWV0ZXIgTmFtZT0iXyIgVmFsdWU9IjEyNzg2NTEyODg0ODQiIFJlY29yZGVkVmFsdWU9IjEyNzg2NTEyODg0ODQiIENvcnJlbGF0aW9uQmluZGluZz0iIiBVcmxFbmNvZGU9IkZhbHNlIiBVc2VUb0dyb3VwUmVzdWx0cz0iRmFsc2UiIC8+DQogICAgICAgIDxRdWVyeVN0cmluZ1BhcmFtZXRlciBOYW1lPSJVaWQiIFZhbHVlPSIxIiBSZWNvcmRlZFZhbHVlPSIxIiBDb3JyZWxhdGlvbkJpbmRpbmc9IiIgVXJsRW5jb2RlPSJGYWxzZSIgVXNlVG9Hcm91cFJlc3VsdHM9IkZhbHNlIiAvPg0KICAgICAgPC9RdWVyeVN0cmluZ1BhcmFtZXRlcnM+DQogICAgPC9SZXF1ZXN0Pg0KICA8L0l0ZW1zPg0KICA8VmFsaWRhdGlvblJ1bGVzPg0KICAgIDxWYWxpZGF0aW9uUnVsZSBDbGFzc25hbWU9Ik1pY3Jvc29mdC5WaXN1YWxTdHVkaW8uVGVzdFRvb2xzLldlYlRlc3RpbmcuUnVsZXMuVmFsaWRhdGVSZXNwb25zZVVybCwgTWljcm9zb2Z0LlZpc3VhbFN0dWRpby5RdWFsaXR5VG9vbHMuV2ViVGVzdEZyYW1ld29yaywgVmVyc2lvbj05LjAuMC4wLCBDdWx0dXJlPW5ldXRyYWwsIFB1YmxpY0tleVRva2VuPWIwM2Y1ZjdmMTFkNTBhM2EiIERpc3BsYXlOYW1lPSLlk43lupQgVVJMIiBEZXNjcmlwdGlvbj0i6aqM6K+B5Zyo5omn6KGM6YeN5a6a5ZCR5LmL5ZCO5ZON5bqUIFVSTCDmmK/lkKbkuI7miYDorrDlvZXnmoTlk43lupQgVVJMIOebuOWQjOOAglF1ZXJ5U3RyaW5nIOWPguaVsOWwhuiiq+W/veeVpeOAgiIgTGV2ZWw9IkxvdyIgLz4NCiAgPC9WYWxpZGF0aW9uUnVsZXM+DQo8L1dlYlRlc3Q+">
      <Css projectStructure="" iteration="" />
      <Owners>
        <Owner name="" />
      </Owners>
      <Execution id="f8aaa088-709a-4b4f-b79f-56d0611e1675" />
    </WebTest>
  </TestDefinitions>
  <TestLists>
    <TestList name="列表中未列出的结果" id="8c84fa94-04c1-424b-9868-57a2d4851a1d" />
    <TestList name="所有已加载的结果" id="19431567-8539-422a-85d7-44ee4e166bda" />
  </TestLists>
  <TestEntries>
    <TestEntry isTransparent="false" testId="171c5d92-e32c-4210-aeb1-e7d09d23803e" executionId="f8aaa088-709a-4b4f-b79f-56d0611e1675" testListId="8c84fa94-04c1-424b-9868-57a2d4851a1d" />
  </TestEntries>
  <Results>
    <WebTestResult executionId="f8aaa088-709a-4b4f-b79f-56d0611e1675" testId="171c5d92-e32c-4210-aeb1-e7d09d23803e" testName="WebTest1" computerName="PC-201005261001" duration="00:00:02.9062500" startTime="2010-07-09T12:54:57.5312500+08:00" endTime="2010-07-09T12:55:00.5937500+08:00" testType="4e7599fa-5ecb-43e9-a887-cd63cf72d207" outcome="Failed" testListId="8c84fa94-04c1-424b-9868-57a2d4851a1d">
      <Output>
        <ErrorInfo>
          <Message>2 主请求和 0 从属请求失败</Message>
        </ErrorInfo>
      </Output>
      <ByteArrayCache nextHandle="12">
        <Entry handle="11" bytes="H4sIAAAAAAAEAO29B2AcSZYlJi9tynt/SvVK1+B0oQiAYBMk2JBAEOzBiM3mkuwdaUcjKasqgcplVmVdZhZAzO2dvPfee++999577733ujudTif33/8/XGZkAWz2zkrayZ4hgKrIHz9+fB8/In7j5PHv+vTLkze/z8vTdN4uyvTlV0+en52kH23fvfvdeyd37z598zT9vb/95ovn6e54J31TZ8umaItqmZV3756++Cj9aN62q0d3715dXY2v7o2r+uLum1d33wHWLl7WX7db783xrJ19dERdc4/vFuWy+SwCZ/fhw4fyujTOs9nR47Zoy5z+/LH/4i/4w/6zv/fv+M//8L/uP/8T/64vj//zP+YvoF//y7/17/0v/96/kNreNc1+4ySl53EzrYtVmzb19LOP7v50dpnJB3d/+het8/p6e3d8b7w3XhTL8U83H6Xt9Sr/7KM2f9d6TT86enxXfrsZ6uu2fp4vL9r5BnBpmS0v1tkFfbW5k7JYvk3ndX5OfUyb5u5J04zp50dpnZeffdS012XezPO8DTriBnePei+X+Xn7PgBuHOpF3i7ypqFxfC3SDbSXRnjO18spmCZt5tVVs54s8uV6a7le3El/sWuE5zKr02ry001bp5+lH03bcmfn939Oo939/Vdns4/ST1J66TB85e7d323rox//6BN57c64rS4uynzrTqdZ0bymvre01S1h4DvX8pdEBhSCHRgOjWVWTdc06nZMpD4tc/z65PpsNoBPcZ7im/R3/YwGXJY9uF6bMU/9eFY0qzK7Tj8jsn10p98aT6R1+tGyWuYfdbrHk5dN/h5guiA8WsXIBqJ9ASb4qu6PrqymGVqNwfIEnNp40GPg6mI6P6mW4MCtfJTGOAvkos9BoN0oPYdm6KOmWn505+YRb4QBht+9R2CmZdY0L7JFTiA+xqfN3sfDpMODifgm8B2a6K+D8waUY9MDqWcgYNj49LzO25OqelvkWx/R1x9Jo04v51WdbkGkCkJk95B+PKaf9+iXTz4ZFBGd8yLaAA/YuT/C3e4QzePz0b1BoHjigHvTbZ7OtPNHg5OPB5hsnDzoSxr3JiVinlvAuQUb+A8UqnDivJj11bF5YqO+DW/9bnbod8Y1uRTXW4bbtnoDVVTabFLmKfksd8aLat3k1WVeb3gLTzsvGpWkSTZ9e1FX6+UMw//x/d2HO5MHMQJ470yrsmJD9uPP+ImJn6MTpKRHp19ikF23XxvX/N75/vnk1rju5A/2s/s9hQ4GKKZvb8Dihmn/JTFLdyPzXYTK4Q7zNI0uPy+W+ez9tPkgzNsoAZ8XPSPrzJoFuiQ4I7L/5Tq/c/fuf/Z3/WX/2d/11/znf+If8l/86X/T//j3/XH/2d/1B9Gf/8Wf9TdOufF/+ef8Yf/5n/TH/+d//Z/kf/Wf/0F/n+ugM0DowKfZdUOI3ts5JO/lv/jr/7JUYKX/+d/0R/xXf8lf+5/9g3/+f/7X/1n0bfqf/2V/df/l/N2K3l3mVwSmxSzhi7t37QcfPc2n+WKS1+m93VFKDvzBR92JIxDjJm/fFIt8C79f6O93iLaM27fSvX3659Md88/uzs5OF4qdJsWekMIEfJJ+9BkmKW+m2SrfEjLi00PqqqjzRr6lbtvq8y/ekKdeLC8CZouZITfl6ISm5T//E/8M6bf5z//Iv5+mxryxkfBZDTHpID5eZO10vgUCvsovTt+ttj7a+v1+Jr3DLqsZ0db3fr/D73/rztbhz/xud4jhIpIA2FZd13m7rpfE50oF+vJ7e9+nudIv0OrQuOJ4YmOe5WVnzH/UX/Rf/9l/mWC9cZw9Hrnt/G+Tg9VpDHhTmkUC2JmECBG4oaXCDRzCjb8GY3z9WOaqWM6qq3G1nOTkkOTrZVll0LOeXsRz9262budV/Yh+X+TFD36Q3sBXS4KhsPNLDJi6zvPl70301I/lA4RDEfJOQJn0yNHL/KLaD29XZfndYtbOCeTeToTyk/QX/sIQB1L59OP3SR+nO+nP/Ez4XVa2v1d+Hde+lutEuUZMjyHjKl9ufXS3rC7Iwo2zZvWOfL+P5E/81lZVOcnqz5bVSAZAfzT0VzqiyS5+AJOO79pq9dnOCHEx/eAxfrY7+nZeXMzbz3aj/VOOwh+MyNRPQtHQl5/R/z/6r/76v+I//5P/mP/qH/yzSRv/Z3/XH/+f/w1/9H/+h/9V/8Wf+sf/Z3//n/c//n1/8EeHCoYa/Nd/5B/3n/+Jf+N/9vf+5f/Fn/YP/Jd//9/wn/39f9F/8Yf+rf/5H/znkGKX9v/Z3/uX/pd/0R/syyqevmfT40r9WPIg/8Wf+Rf9F3/RH/lf/yV/1n/9F//tLjfCDbwMwXh8l/73vjmGaIpAQH0jiZYO/FhuYDrPyb2IBm6D1lwyBBz6LduXZTbNv12Vs7ze/f3bdy0UBTkibD00MI4xa1bmdbv18X/1N/6d/9U/8Kf+53/4X/6f/7n/wH/5R/+RZJH/y7+SjPUf/HGMez4IoXN6uYl6xKrZzzNy+ze4HhHinRdlvl5BFW3FEhEgIidVPkt33s9fGh6Q63JWXEYizo+/6cD266MSDX5vEL/HdzlVSb9Mqtm1ETRS+Qu2QJ99RMpqmbfP6IOPSMOTrp999tGqaki8Mp6Tzz568fu/LKY0o/nxbCa6LS1m4Ys5zR/Lz2JdtsUqq9u76GJ7lrUZ50tpQPhRLFdrY5zIs57ly48Ujd//9//Js9Pvvn5z/OZUwAcfMPNTsu/q9OXTq6+eP39zuvPF06/o/2c7L57+Pi9/6snvc/JTFw/fPrs4Ozm+ws8L+nnw8tnFT+RPnr0q82//xLOTPF9Xef4T8/V3Xy2e7H/7Jz9/eDl59mo1Pf7qq9/nu6/a7Lv7F+cnT1cX979dtvcflMvnT1dv95+9/anjs8+f7v3Ed48vzgr+uZD+ji9OCf5ZfrJ7MH/9e78qJ1+9uJx99/7O8cVX3z3RNj91cfCT9N4PvnjyvCxWD8p59oNl+Xv9dPl2/9vL8vnLVVX91FvA8du+OP5BVT84Ly9+n3O0od9n1ObMb7P74uoH5fxBXbafPvDafOG32Xvx6nlV/T4/WJTP7/p9atufCNvOf7pcfWdSXfzUT79d13X5ln5efvrtxUV2dzXfP18t9oHnVMf9xcvTz3/iJ579RHP6xU8fX734iZ+4/uLp8d6Tp2dXXzyd8mdfHvNn9/mzN8f47N0X3O70Wj77gj97we1Od79RWCfN05O92fKn/P9//hMnJ8fgi1eLp+9+n5NvXxGfzH+fU+GZ79BnXz09/umL3dP1d5/VX353Uuev9y++zPbXNNqzz++Xs6uvrl5c77z7guAc/0Twzt7puiC++u7Z2/V310Weffm26LzzXbxz8PKnjg9+4tnFs8Wzi9PvHs/3v/zq82fXv893d8vZ5z95/ZOLZ83su189I17/7vF3f+rtTz25ePLk1f3z33vnxeVk+ep6svfuB18tfvLd7Lvl9U/95JPL6b1XJ7/Pd1/Ur/d+8v7vvXvw3eOf+Or173PvVUN0evv6u7vzn9r7yZPZ7/1qZ7K3/27nbH1+8VO/6PX9+ezy2199WmbnX/w+k+/+Pj+xbA8+E5P5+K5IpxVTWtDYKKmnP3n64s1PHj8/e3r85uzLF0Zeex87qf3us+Pf68Fi/+7Dk5943jSXz3/i+Or3uvuD3+enf+8nx7/XztWDInv6E8+Xy+Z8xj8v158fX9DP9d36BD+bL0+eHuPz8yW1/2J18Ht/Qu9/sbq7+OkT/P3J3unxT9DP/W+vTvDzwe/9+ukF/fx0ce/J1fPzT9ZPP3nyE89f76Kfq9+ruPrO7zWl9tXb7Pk5wf9B8+W3i+OfmO79om//xIPrlz85e7D4zndeZmefv6jK3+fq9e+9H1KJ9af7lf+UnMwVO2wf7e7s0Stz8dror53fnVRpWVyQJp2Sxs/rj9JJVZPC/+yjnY/SaV6WKyj85YX9u1llU/3b60V6qjufyKezyKd4CO0Ibu/dfdhtv7vHlCTMp23KuQcww7SkH4+e7j04efrk09Pt49NPn27v7k7Ptx9++uRge39///79e/f3KZJGl9Usn2RNblfdyJ3laISiUfKVF/msyChsWtxdrSd3Kbs0fXuVXeZ3p9mkuXtOHc7vNlf8c0wf/ThlwxpYrU9HO6O9h6Odj/qEic7Tp3tdWvPAyJRlxlIuqssid1wN35T6/XRM3d/47i9aEwu01/btOfUafQn5ipkubQU9pApC301X5fqiWNJcXTjKYb2yQ7SLCstiTB94EcR9cU4RSc9WK8qO8bLF3Xfbltjb/P5Hw5R7fJfx7rLFXeELn3fuWuahX8FV9AMcemRZlZmIPHEEBs/IS/K6hSjdwLEec0s37ER99pFLJj5K13W5dbdYEOWauxRyIUk2yd6OL4pzpCtWedZuvzt0A9w78OQAE8iyvCClWOb+HJJcdAS9J708QAgIdbv9g+Ijy4wP7988tP7EeYL8TQ4zxHnTkMOWMzN3nHb8KK2WnGuloM2unCBVO9q9IyYDzXatcizz8yBD0X1+4XLSrA4fZxog/rgH367DfXz3jPKp79hL/fiOpco5sdE2xdn5o3R3f/XuMCUHl5f/HyGoJHa/7MYp3UenZRux+aOUYTDQKybeI5qJcnb40dF//Vf8GRzVZkM0cuzf+4rI1yG0YY57m8jyuFhcqL7QuaYoOscsi92KvrMZjdvN4p43i1HlaZ7bTdyL35+n7u7sou1OX2S2Uk70f3T0n//hf85//ndSrPuX/Pyg+T2P5hsxfD+a/+Bifguaf3T0X/xBfy+o/Tf8ZT8/qL3vUXv/G6T2T5e3ovZ//sf8Bf/5H/7X/byh9n2P2ve/OWrPmh9Mb0Xu/+pv+6v+6z/yT5T86M8Pin/qUfzTb47iF5PJxa0o/l/+vX/if/Un/eX/1d/wF//nf9Sf8vOD4g88ij/4Bik+vbidSvmv/vY/7D/7e/7K/+pv+Af+87/sj/z5QfEDj+JRB9c870fxn77+6VuazD//T/ov/ow/+7/8G/7i//JP+iN+flD8oUfxh98cxevyB9eTW5H8v/x7/77//E/6o/7/QfIfoWG/IjR01rn3R5QOwFLE7Zhy1/ecd++h4aJaNzmtz372UV1M57we867d4nVU+NnDAzOvXiL07r9L0e0mqlDqkBGZykvVpHq3MdDxY9d78bjTRqcU5T/a3iWyHP5gu4DUPEofPnx4uAkfPP/1X/x3/5d/7t9A1pgE5r/+Q/+qzY15AMFEpHsP0WWqC1WPUixT+TE2Zeqqct3SZxI+b+8+5JH8/vzn9t7OAf0F3Gk9n37b3D+ecHRMzqZa3jRMPJqCCVNKt8+HclfRtMLerRDHw5Hro/TH7316MJ3cP0xdymbbfJXfO98/n2iQS39TnvRQsaSuVu/SH9998OAge5gSXYvZLfuV95lHdIYCTlrSel1W3o6G9a1aObVBfVqiCc/cJ7rfBsikHtQVQbtOlvtrzCoxEAP5//PsHmqrmj+ErOkHLIje35OqbasFPrnNLOG5Xatb8o55wEMmPXlvJ8wUppMLJiA5DkJQO3HTdd2AsKuqQBbWI3T+YD+7v0Gzxx5rUcpKEuOfOZ/k3U+LR/J7TNaL35+Y6OH9j29LL/OIE6SuUM9iZnWdbbaYQ89/9Q/+Cf/53/AP/Gd/1x/9X/2df+N//ef8lf/1H/yn3v79DVa4+2gS/8Z26f/fp35358H/a+b+v/4r/uz/4u/6G/+Lv/kv/i/+pr/tP//L/jCy6pS1+y//qj/29lB+xAHyvA8HPPx/DwP853/8n/Bf/aF//3/xN//p//lf9rf9l3/a3/6f/wl/yM89A7h1vhtb3tbo3w7HHzki/+91RJyf0XNNbjUrt+I88/x/TaEQ9/y/RqP813/on/yf/51/wX/+5/1N//Wf+gfv7FN65T//k/64/+Jv+NtvD+SWwornlgoFz/+/GeDg4f9r5v+/+PP/epr/3f/8T/w7/8u/5x8UNrg9gNvOffqjufeE/+D/NZP/n/8Nf/B/8bf+JT+a9Z/9WX/4/x6J390dfz4++C/+oj/y9q/9aMbleZ8Z3935f9OUq37/4/9Msu2f/mjuf5bn/uH/e/w7se//9Z/yN/8Xf/Nf+F//QX/Oz3266OZGP3cB5e0GcXv8Nrd4fJdWXDZA2fT9DetpGqbe2xBuDUCI0KA/Xu9dbe/aDCH1weHzMr+i2HNn18q3n+KWqPbT84cPJrs3RrVBRBp5M11k9UWxlFAXC1qbhPlmTeZPCA07osimORTUbVRGXzUQWX7/gtYcd3ZFQRgSf+p6wu83icktRKS3UPvgdhkWpAnMam5btCX+/ujoP//7/9T//I/+4/+zv/+P/y///r/hf/z7/pzHd/HxN4Okbx5uak5ctpRl27bc2fn9X2bLvNz96CiKNC9Fdt94XbT5F9nqZdbOd+2idfhGls7r/JwMVP+N3//122L1vFi+pWaY2qyk+fqv/s6/9b/6B//I//xv/Pv+qz/qr/mv/9R/4L/4E/5yN5c7dobpN2GE7+aTV3lTretpPs7ezX6P2Wfzs9OT/e+8/cn9t5//otOLfP/k4Nns97/Y+4XZYnXYfvbpvf3d3U8f7OzdP9iRpytSMr1I3oBxHt/NZNQYCUZGDf/rv+LP+K//4r/9Ix3YXTaDbAI/OpKv+KW78hb/m/7Ci/YwDT56nB39Z//gX/xf/MF/43/+J/7J//nf9Yfe8pX//M/9B/7LP/qP/C//hr+Y0t+3eeW/+DP+pv/8L/kL5C3zRTYwgf50ONC34HHhXr/fLlPtWSIHy+kf3a6TW3K+SYcuitkMiUZlFatoWOU5B0n9oU/5MRlCk7uLKMZbibtoeu1C2JZgCTPdXuXfoic8N2tf/wGJaNCg92cfPbR0MEjeu11y0jy3mBPz3NKzwEMj6k7jLd/E4+noIDs7qcrZ+8DB02Xj59kEutGogGy2KJbpzwQZxI+ORC7/8z/5z1K2/h//vj/u9r2+B0XxPH6v1nj+iz/kr/rP//K//3cVN/v2r74/XmYS3pvmxXK1btP2ekUvs4X/KF1mi1zn4Hc7w0dP1iSgy11xi2Ruws89B+Fu/q5oxTPYpONvj+XXp4X0mO7tv5+Y4fnZn7D3aI1HvJf//M/7qyiqJu/l9i+/P2bv4850n667eLdalsUy33v/WPJr4P1N6aH3nXw8u7dv/v4je4/WeAT//+zv+Xtu/9r749QRsk2RX+x5jw5vactuFyXf0O8Nfd1s/T3K3OzdON/g3m1o95jC866Xdy/u5R2q/07dPrghnrTQb8gOSJuvS73h2YnAjOUEopC7K/JDnd+cDPCD/46n+MH8YAPwG4PDnwXy8red8bNFfA8KhBxt4ogPJYtNHEB13GYaAwC+3zIntzVfho7Lc7Jeu7/busnrYuY7Lvz5728+p17X9Mqu2Cal003JIY9wbgwuFAcMMwQ4192+r376Al5tZ8A/1tfzLo53wKvVIl+uP3LZ4WZeXTXrCT7d+vj339n9+A5J+3/xZ/yR/9nf+3e4kNXBVRZTVhpGcnU2I2BDiK1LfgEeQlk0US/hcVm4RAQlrr9b1W+fldXV3S+fVtM1odveNb/8/sezmcTyPTTOJxdXlLrhcP0//8P/OhqXhMkE/D26PHmfLq9+enptKPif/X1/0X/9Z/3hX6fLn+x3ebYc7LEsTY//xd/+J/5Xf+Uf9XV6fPZ6nr0iFrW/bBzjxTvT43/+h//N/9nf89cO9Pj47rr8GtzTTInFf7Z4fFd4/L/80/7C/+zv+SvjPH47LMHju98kj7+sq9l6mt/Vn3YCfg9WU2dtvviFrKL+67/47/4v/9y/oT8tzfTdwgxM2rwHI2zu/GWZLaXz//xv+KP/iz/hT4l1nq1M59LmG+v8Vb6q6la6/y/+mL/8v/qL/6pY95OJ6V7afLMseTW7+MHPFkfuPBCt+0f9yf/ln/OH/ed/51/+n/39f94HaN0HX5Mju3PyxTV0A/3yus3qu/hnWCEs3l1fkJ79M/48Ir2f6bzV5NuOZJ795Gyvo+kVpvk//7v+rv/8j/mLN05zrCOr6764Pl6tyuu7/O/v/3o10Fk5bWiW/4u//Q/+L/+qP/Y//xv+4v/ij/67v1meevfup9/fkg/x0D54qMtxmq/+z/6ev4xG8QE8tf81eYrbdGbh9N10ni0ptqeZz5sm8397nS+HWOwHyxnZnP/yr/2z//M/4g//L//Cv54G9h4z7/V5+o6WrpZZ+UVWlOiYfmzo9Wpy/dPEb3/Zn/Ff/6F/1X/9h/wNZO/eo9eTeUb2Oz/P1mU7xGJt89HRf/UH/zH/+V/2V//nf8NfZmF3IfvPN8J6V7O3v2h37xvivd29KO+JPvuv/qA/9D//Y/+yr897hOUH814X7i/66eYXEdn/xr/zP/+D/8j/8k/7W+mXm2e1C+PtL5oSP8ro/ou/8C//r/7Gv+RmGE7lKePrzw2e1rS8Zv77z//Iv+e//NP/7P/qr/qDfng88u7d+eQbU0/3Nqgnt5z2/kiyerr34Sxip+ZFftXQjyfrsszbYkm/fl4tLy6yamOUAev3h/91//mf/Me8t/XT/tyPTf28u4Lb/Tf913/m3/t1+zlbnlf1ImuLahn+FbpcQbJeep/99Lt3GOWf85//vX+PzNvPWu97/d6PSQ3ANfr7/pyf5b7v9ftur3jkf+5fQk7H1+39ZV5zh8spjNDrfBqhuXi4/+Vf+SeTKSDF8l/8RX9XhA5kiv/Lv/ev/i/+9D9KWrw/Jk/zVVa3CCnx1++VN/NiE8u9bTB4QeprD76Ytus6d78Nd/juB+0KtO6umb9Pd+SrLmdZPfN+He7wmCK4/+Iv+iP/8z/yj/iv/so/7L/643RV/+u6eANpqK+nMz+N68y/66+h3Lybih5S+mttfh3Smp9+g1qT2LupyKtiufL+vvtmvaQ08+//FSXMvloNzcFF/YMy1gseGe5/9bf/Yf/Fn/Fnvwcr9BAiIpL/P7uLX4YxWWTvoMr/xj/iv/yL/uD/7B/8G/6LP+2bdvnb5v3DyCH+OIjyx3/5t/69/+Xf+xf+V3/DP/Bf/v1/wwfY1IMP445IMHVOc0zDsqN5TaP5gocCQb1uvsiW8IkQoZ1gTO43mw/4+M5HcS4xtDLR2h/1R/yXf/Pfu5ldehhOZs1P3w5DUuRP84ZmkH99D+woXv3P//g/nebmv/obbghfIvS7LXZENYMd/foe2AntvhZ21/OL283uC1YFvlq4PX7/5Z/2V/0Xf9TfeRur0J/bxa3xe7JeGPTo11uihvDwz/yrvhZqP7i6NWpP1+21wQ2/3550/9Uf/MeR8/K18Pvp5tb4fWdNEbxBkP5orKG/BYZ/5Z/yX/3Rf0sHw07j2yHc/PTk/JYIP8neGnRf/8Tzk2p1fUts/4s//W/6L/74v+E//8soA/73f7MW4mpGsek3ZCA2xeUu7n1/HNlAfEhcHqcunlvm7KznjO8+u7dxlRXPf/7H/AUUn5EC+c//1D+YRv5f/yWbpADPN43h/k0Y3jIbgecbxu3+gxup90f+Pf/53/k3/Fzg9un9G+n2F/9x/8Wf9g/amf3hY/jpjdT7y/6M/+oP/rPIif3P/+Q/S9z2//qP/CP/6z/3/TlwEL8v23le2xVD/sut3lHI/nf853/DH7qRNjfoKvoFq9JWJww9XgAy2MSt3N97z3X794P+6cOHXfip/g7NdFNneOyKvlmm39n53T9K53lxMW8J/f1gKf+mVf+mvS7zzz6SN7YJnUe7q3fpj396/vDBZDdtqrKYHeqXk6ptq8Xw98B/+Nsa6PW/lgFDm0eo4NFtl3CdXEyrsqJx/fj5p/jvo6NfuJw0q0M/wHRvPNiXOKqYVksvtpFRRIAZgwRjhXc+ckwdSRBo48yiOisuDTEZgUcP7h3qpDzae7B6d5hO1xT71Y9WVbGkXP8hp8z+87/kL5CkwuO7BOBI5OCm0XgJ8luPpokNRxwOHZG11jV56T/It+58nUH2xhimTAbGeOPEqsg7gTfY+NohIhRfWxA+gJfd89gmO8JPIwM23D/NQTdPmn0XIgDzn/9Jf/x/+Vf+Tf/j3/fnRHqIa6SNHW9SPo+L5WrdppwGFIfrdzupCM9lS+vv0/zbVUlE2f3d2nctmnyUctrwozZ/1/qZjMgrv7995W4M3/4wvPyR9+EgmUOixkf3n//dfxs5y+9LR29+bkXBJi8pt3ojCWez8vfJs/omsplmR/B0qxVyttAIa4K9t7NDvgn+fXxXvok3+pQbfbq50QNu9GBzowNudLC50UNu9DDWSEiT04DNbx+5F0ntH+HfjdB3d7nR7uZGe9xob3Oje9zo3uZG+9xof3MjnoVdfxagv2SIX5vZh1k9xpFGmUT0ax+IpAreVw6+nj65vTS8IVVyC2ngZpF5oKWZ//zP+5t4iYZ+bpgwWsD5r/6Gv4Gy2PxzY8M/+D/7u/6c/+LP+CP/8z/uz0Bz99cPa6b9iVZjd9Cb8wHK/2d/1x/zn/19f5HY5Ped6ttMrBgK0f/nRUlTd9McP6NWX63KKpsFa3uxeQ6aVsu3+fWsuiKM8ktqOa5z8miWP8mzdJ6VTX6YotUqa9ocPg2+JRT5q/RDDM7tZqYjgk5O8k/PH5yfd/0N9a3TG30K84iDdKsx8McbbNY3j1zAB0j8FO3NnDBpl6+zy9wq///iT/yT/rO/5y8L/FKew+k8n77dunMI/lozO2ztIJ+0mXksdPVpJ2sa0/Lr8kHoiNpP4R5vRsMhTW0tncWXTslnRZyg/rT5EzEZfnF9sXOa3rvHX6+qpoDaeZRmE5qUdUuMPyuaVZldP0qX1TL3J+lxsbhIm3r62Ufj8V36X7FAwpE+vCtIkTM8vigcA2xAzJFO3Prw9zhfWDTeK2T+2Q3Idz/deU/4eEjDM4k8X/futGlsoPS7ys/t7ZQZRf76xQ7uOfHGNsIsouaendxfQj9Au/HrN7/P89NdvPBjLJqP0h9/xo/HBQziSqdkQvzV/U7B7wfg6RHoez2cTE+f8vM1ejrwe/L7une7vhQ/Ysdee9FEj1InCMFg9m/XAZ7bDmaAbPcHe7r38Pj4a03Qp/GeDno9xZkGT+T1h73XbwIUvL67MzTQq3lBOub9hxlifJnXbTHNym2Wu0eLgrw4AzVEpM88w1DNXOzwEwU3PIFxVtF+7gf9+GOesGrv9NW0Wd3rKKKq3Zc/2C6Ws/wd6XXvQ9W/95xk4Vlk9UVBULZ3Cat0h/67f683i+0s6P/HJtn07UVdrZezbdb6j9Z1SQtP/Htzd9Lu7m7X0P20NhMAmlSza1ZE0qtkRlQOzWcwUZ2PJEXS+dA4Evqpo69Oo4+kmZXzvfN75/v05S9hrxpKl5RsL9mz43Imuzt7n36d1I8xdp9irj1jtwcB/cgsV6Ffl58MnAI/WwmEgiQv/AJwxUdm9dC9KC/7A9rD694I/M+72HdH1++VUgXT+YBVi3uz8o1zGffufwQxoW4J8J5buxv0APGIi6qZPLxqXlMFQ2HZn/Hn/Rd/zF9Os0pfDmEx4M/CH0v7qxGbh2NN/n2PW/ZBast3vILxxTXWMLAoSxN2d/Hu7u7ew717u7uf3ru/+2Dn3u7e/Z3xT68uPsJqpzKPJj7TebaceT7rT2eXWTOti1X76Irku7oaV6t8yQu+r9D/3S9o2n5vuF28dEPT9WD341H6Ma0K/ud/4t8l9MHfii11P9JR3P/0/qitqnKS1Z8tq1GKRVTzO/VYlfim4T85oQv2wl9lNc2ghKRhm7VrNKKl5XDN1accSe8vWuc5uZU1hbR4F0pAezleENnaz/YG3oWMK43wK0k6hWBTIth//ff+yf/Z3/+nfiTal0KPnR1yaCGMpA8++2hoXfKxBFTxL//Lv/zP//L4v/6L/+7/8s/9G/6rf/BPwgrcH/Un/ed/zF/4P/59f/DvSk86sMb2+O4mmPQ18KaMtVKhu/gffzYw83CTWLAZDzQ2KotvUEFEcPw51Rf/4F/7X/zxf+d//jf+ff/VH/XXfG2tMYy9j7FVD5THez9ot6TQYGIfz1B0H36vwsUCQynQ/+TP/BOVWX1KvheB+KsQy+5S0was3SLw9Q+ylS4rkQa9yAnU7z8ps+Xbja/35/zeR//5H/VHiC78z/6uP+g//5P/qv/8b/ij/4s/4U+Z+i2Ook2UPQaV2nuyyI8mFXbxRX7V0I83eSn/Pi+a9puZ5qP/+g/6c/6zf/Av/s///j/9RxMXfvWNTNwXedMg06M//XXf956p//wv+zP+8z/y7/kv//Q/+7/6q/6gb3CyfiiW7g2g7cbGfCvH8d7e12WTG2bYOKb37n3DHXyYVAxa8fdgw5ut+n/xZ/7l/+Vf9cdSuve//Mv+HmUo/6X/9/97k4IYJg4eJY0nrSdZmS9nFHnM8vNsXaqKPXpsk7cmat/Z3b7Y+/13HkjO9u43Iof88Ub2CKTK8sc9G0fbyHl/Z7N+2UwXPJ0wH3Hb7cV/Q8/+MzzY2NPVx2Hu4N4NI449Ov+brcftQd4i+22e7liCRaGuhN9itvixjPzjXhj8el5dfUEBKge+lr3NL2fL88rGvwf3KRa95QD8By7gn/vXkwv4X/xdfxf9ucyvfBHdebBtMpq3fYaFKfa8D9mHo5BOs4hB7D63gPMjGfp5J0Offj0Z+q/+hr/4P/+j/hQJoNKoDO2+H9D/r8vQhxrTfv/eu9retQmWzee0IpIvw2VzThnu/m7f5q+eFXk52/XXveXr3z/8WlfTd2W9lnJ5KwX5RaZOMX4xKGV1TinNeQYMkOyDgSdl0cA33Rt9Otq9/+kI2fUbuNJ3XIgV3fAtWzMylFNbHX3gYvENnHCzZgoyP/etNlIlKGsb926nklTVgqi//++/QyQ3Sndnb9+llB48fJ/ViVt0i+fmcfoPxlxXVzLmoVzr4PO454iWxfLtPRqxOKJm1A86g85K+kWm/sY+9HkPlYAnGNfGYC32DI5rLxyXv9i098Ma13u0xjM4lnvBWB7c98ayu/+zPZZbqm0878/QkwuzlvCMn4FB3n8ftvh/y9j8MHxwnAfBOB++zzjx9NZUf/efBU/Rf96PDP7j50wObqebY897zG73AQaBr6dZDfibu6nkNr4uWng6WYF5264e3b3bThbjps2n42Xe9nOu/+Wf+w/8F3/BH/af/+F/1H/9p/2x/+Xf/yfD+fL9t5/x/3icfX3c8ARo7e0ejHfH5CHQ/3fvtuvlMidtc171Ufyv/sE/j3I9/+Xf+vf+l3/vX/izih+eAEeQrZlb6t29WjV3V1XdZmUfy1QWEf/zP/5v/S/+zL/jh4QsngDhq6urDXP9X/85f+V//Qf/qTfPcgizpJW+JVabLeBvBnE8cQz/8z/8z/nP/96/533xvKiq2U9XE2+28smCk9b1XVpGz9+N5+3iG8QdT0+a/t6/+r/40/+o/+oP+kP/i7/o7/rP/+6/9T//E/+m9xrCdbVuPXb7hpHFEyf4f/3n/yn/+d/9tynBv16nX1MtvocBNM/t4jP/eQ/c3gOf97NEX88g39sNFyTeo0M8/x+zztbv/6Fb5/eYdv/5sOHqtOzt/9CHi2ejM/J18cHzX/wtf83Zycv//C/7I3ce7jx8eG//wX/+J/6d6X/5R/9R/8Wf/4f+F3/0H/Rf/Hl/9KPHs+LS727PBtCzolmV2fWjtFiSM5B/CBp4/rO/64/5L/72v1N03H/1h/zF/9nf+/eru/N3YvUI2d8/8e96fJew+YB+RJOnJ9Xqugb7pr9wSr8e7u3s7qTGHG9X2XhaLdLjskw54dKkr/Imry/z2VgB/Bd/DJHmb/wv/rS/8b/44/7gR14u70jG8F/+CX/0f/5n/Hn/5V/5J1M7WvP+L/7gv9Fg/yOFfRt8bofD108bDcOPwOzACd/1+RGp6HpxhKzXpJpd8y/kxJRHv3Hy/wDzEkD92LsAAA==" />
        <Entry handle="10" bytes="H4sIAAAAAAAEAO29B2AcSZYlJi9tynt/SvVK1+B0oQiAYBMk2JBAEOzBiM3mkuwdaUcjKasqgcplVmVdZhZAzO2dvPfee++999577733ujudTif33/8/XGZkAWz2zkrayZ4hgKrIHz9+fB8/In7j5PHv+vTLkze/z8vTdN4uyvTlV0+en52kH23fvfvdeyd37z598zT9vb/95ovn6e54J31TZ8umaItqmZV3756++Cj9aN62q0d3715dXY2v7o2r+uLum1d33wHWLl7WX7db783xrJ19dERdc4/vFuWy+SwCZ/fhw4fyujTOs9nR47Zoy5z+/LH/4i/4w/6zv/fv+M//8L/uP/8T/64vj//zP+YvoF//y7/17/0v/96/kNreNc1+4ySl53EzrYtVmzb19LOP7v50dpnJB3d/+het8/p6e3d8b7w3XhTL8U83H6Xt9Sr/7KM2f9d6TT86enxXfrsZ6uu2fp4vL9r5BnBpmS0v1tkFfbW5k7JYvk3ndX5OfUyb5u5J04zp50dpnZeffdS012XezPO8DTriBnePei+X+Xn7PgBuHOpF3i7ypqFxfC3SDbSXRnjO18spmCZt5tVVs54s8uV6a7le3El/sWuE5zKr02ry001bp5+lH03bcmfn939Oo939/Vdns4/ST1J66TB85e7d323rox//6BN57c64rS4uynzrTqdZ0bymvre01S1h4DvX8pdEBhSCHRgOjWVWTdc06nZMpD4tc/z65PpsNoBPcZ7im/R3/YwGXJY9uF6bMU/9eFY0qzK7Tj8jsn10p98aT6R1+tGyWuYfdbrHk5dN/h5guiA8WsXIBqJ9ASb4qu6PrqymGVqNwfIEnNp40GPg6mI6P6mW4MCtfJTGOAvkos9BoN0oPYdm6KOmWn505+YRb4QBht+9R2CmZdY0L7JFTiA+xqfN3sfDpMODifgm8B2a6K+D8waUY9MDqWcgYNj49LzO25OqelvkWx/R1x9Jo04v51WdbkGkCkJk95B+PKaf9+iXTz4ZFBGd8yLaAA/YuT/C3e4QzePz0b1BoHjigHvTbZ7OtPNHg5OPB5hsnDzoSxr3JiVinlvAuQUb+A8UqnDivJj11bF5YqO+DW/9bnbod8Y1uRTXW4bbtnoDVVTabFLmKfksd8aLat3k1WVeb3gLTzsvGpWkSTZ9e1FX6+UMw//x/d2HO5MHMQJ470yrsmJD9uPP+ImJn6MTpKRHp19ikF23XxvX/N75/vnk1rju5A/2s/s9hQ4GKKZvb8Dihmn/JTFLdyPzXYTK4Q7zNI0uPy+W+ez9tPkgzNsoAZ8XPSPrzJoFuiQ4I7L/5Tq/c/fuf/Z3/WX/2d/11/znf+If8l/86X/T//j3/XH/2d/1B9Gf/8Wf9TdOufF/+ef8Yf/5n/TH/+d//Z/kf/Wf/0F/n+ugM0DowKfZdUOI3ts5JO/lv/jr/7JUYKX/+d/0R/xXf8lf+5/9g3/+f/7X/1n0bfqf/2V/df/l/N2K3l3mVwSmxSzhi7t37QcfPc2n+WKS1+m93VFKDvzBR92JIxDjJm/fFIt8C79f6O93iLaM27fSvX3659Md88/uzs5OF4qdJsWekMIEfJJ+9BkmKW+m2SrfEjLi00PqqqjzRr6lbtvq8y/ekKdeLC8CZouZITfl6ISm5T//E/8M6bf5z//Iv5+mxryxkfBZDTHpID5eZO10vgUCvsovTt+ttj7a+v1+Jr3DLqsZ0db3fr/D73/rztbhz/xud4jhIpIA2FZd13m7rpfE50oF+vJ7e9+nudIv0OrQuOJ4YmOe5WVnzH/UX/Rf/9l/mWC9cZw9Hrnt/G+Tg9VpDHhTmkUC2JmECBG4oaXCDRzCjb8GY3z9WOaqWM6qq3G1nOTkkOTrZVll0LOeXsRz9262budV/Yh+X+TFD36Q3sBXS4KhsPNLDJi6zvPl70301I/lA4RDEfJOQJn0yNHL/KLaD29XZfndYtbOCeTeToTyk/QX/sIQB1L59OP3SR+nO+nP/Ez4XVa2v1d+Hde+lutEuUZMjyHjKl9ufXS3rC7Iwo2zZvWOfL+P5E/81lZVOcnqz5bVSAZAfzT0VzqiyS5+AJOO79pq9dnOCHEx/eAxfrY7+nZeXMzbz3aj/VOOwh+MyNRPQtHQl5/R/z/6r/76v+I//5P/mP/qH/yzSRv/Z3/XH/+f/w1/9H/+h/9V/8Wf+sf/Z3//n/c//n1/8EeHCoYa/Nd/5B/3n/+Jf+N/9vf+5f/Fn/YP/Jd//9/wn/39f9F/8Yf+rf/5H/znkGKX9v/Z3/uX/pd/0R/syyqevmfT40pKgnjB/3h8l/73vumDkL859hdAH55B8QFvFJwwAcBhwJQ8svqOMo+E3/JRLILv+IQW3Dk7TQTOAPIfG9MP+FbDUNl3uRlq3LP9JchcWRI95snpTgt9sS5/cbrI6oti+Whn9e4wXWWzGSkr/EEQyuIXp2XRtNv8+iMEb4fpnBn60R63B6ztrCwulo+mxMF5fRiAu4IQPCKb+7tb0NskJY/u48vpum5INa2qAi8KwugH+N7lDB39Mqlm12aOSdMtWPF+9hHJ6DJvn9EHH5FiIxU3++yjVdUQ62VMvc8+eqqa5/f/UkX69zgvZiSGKf0bvJ4TvZkui3XZFqusbu+io+1Z1macLJwVl/hRLFdrw2BE81m+/EiR+f1//588O/3u6zfHb04FfPAB+w2U6bo6ffn06qvf64s3X129+MF054uf/n12vjh++PbZxXcWT/d+4rvHF2dP8fPkmH5eHXz3yZP905/8/Cf3Z8dffef+p5/O798/+fz+T33++3z7YvbVZO9h85Ofl1dPXr2a/9Tnu6tJ8eTg7MvF07f5d+8t19+dNl8u3lx899Xb44vf5+VPPfl9To6LM/75Uxfo7+zk+CcOvns833/+e18/+87s859sf2Lv4e5k+RMnT179Pr+XtCGc3n11cvzTX1ydrr/7exHMZ/WX+Ve/6MvvvrnI86+aTxbFfPETBCdou/P0y+Ky/eS7T+afoA39vkdtAnhf3Xv65Xe/vV5/91699tpc+W1+n93TdTH/6S+zry4/8fuUtk8MzaTt3udffvdtuS6eLL58/SnBfUU/71Z59qT+ZPHt+SeLCfB8wvCBC8Z9cPJTwP3q4OWzi4v85NmT+U/t/eSb7Pdelcfzn8hPdr9T/j57D69/6vTF5ey793eOL77KT36S23xnsnhV5sdnT2gOvpv93i9Wv8/iXZl9DjpfgL6nP6XwaS6/++Tz30dpfvCTx1dn+y9ePS/n2Q/Kxaf33q7Pni7Wzy9oJp6sf+r3nj774um0/eLNE4JzGr4zf17Vv+jbZfGd52VdLRc/vTrrvPOM3yG+eXn65Pd58lPz3+cJzW/+tHwyny6etT/1e78qp+VPzSff/snyyU+cvnt28WzxU5//xO9z/BNf5b/37sOnk737O9PFw2ZKY57+3j+5mi5+8icm917s/MTi2U9nO5T1/smH5wTv2enixc7k6fHVd07L9vf57qz8ieVP7sw+f7j+4ie+Wvw+9141Xzw9fks8tCZeWs+ePWl+n+++KF9//rD5qc9/8vqL16++M/nus+VPffWd3dm3X11OfvpZfe+L9nXxkz/5k+W7d9mzX7T/8uwX/d7P7j//6v7z488+E2Px+K5InRU/ytJvlMDTnzx98eYnj5+fPT1+c/blCyOHvY+dNH73ycXzT9cPzk/pZ9NcPv+J46vf6+4Pfp+f/r2fHD+f3lufLJ8c/14PL8+WB0+Pn/+g+fLbxfFPHszr7z55/hMX+83u77N/+uQn3zyYXP7E3Xdv1j8IsWZt5X7lPyXwZ4X42Ue7O3v7H6kmxV87vzspLmjRzz4SNfpROqnqWV5/9tHOR+k0L0vVnvbvZpVN9W+vF+mp7nwin84in+IhtCO4vXf3Ybf97h6TscqnbcoBLiZnWtKPR0/3Hpw8ffLp6fbx6adPt3d3p+fbDz99crC9v79///69+/sUrqHLapZPsia3SzvkM7HLSyEPOWSLfFZk5Jsv7q7Wk7tkZqdvr7LL/O40mzR3z6nD+d3min+O6aMfp5RLAxvx6WhntPdwtPNRzDGMzNOne11a88DIZGTGLi2qyyJ3XAYvifr9dEzd3/juL1oTC7TX9u059Rp9CUHxTNdPgh5SBaHvpqtyTaaY5urCUQ6LYh2iXVRYe2H6IE9L3BfnFJG8bLWiFAznxu++27bE3ub3Pxqm3OO7jHeXLe4KX/i8c9cyD/0KrqIf4NAjy6rMROTJYGXuGflrXrcQpRs41mNu6Ybdjs8+chmrR+m6LrfuFguiXHOXPBZkYibZ2/FFcY6YeJVn7fa7QzfAvQNPDjCBLMsLUlJl7s8hyUVH0HvSywOEgFC32z8oPrLM+PD+zUPrT5wnyN/kMEOcNw05bDkzc8e5rY/SaskJPQofbHoe+cDR7h1R4Zz/t8oRsdUQbDy/cDlpVoePMw1VftyDbxd7Pr57Rkm7d+wTfnzHUuWc2Gibgrn8Ubq7z65wJWvMjxDeELtf5pEAzn+MgwskH6UMg4FeicNMM1HODj86+q//ij/jv/6L//bHd7MhGjn2731F5OsQ2jDHvU1keVwsLlRf6FxTPJdjll1o1ntnMxqRWYzM4p43i1HlaZ7bTdyL35+n7u7sou1OX2S2Us4mf3T0n//hf85//nf+5f/5n/uX/Pyg+T2P5hsxfD+a/+Bifguaf3T0X/xBfy+o/Tf8ZT8/qL3vUXv/G6T2T5e3ovZ//sf8Bf/5H/7X/byh9n2P2ve/OWrPmh9Mb0Xu/+pv+6v+6z/yT5Qk3M8Pin/qUfzTb47iF5PJxa0o/l/+vX/if/Un/eX/1d/wF//nf9Sf8vOD4g88ij/4Bik+vbidSvmv/vY/7D/7e/7K/+pv+Af+87/sj/z5QfEDj+JRB9c870fxn77+6VuazD//T/ov/ow/+7/8G/7i//JP+iN+flD8oUfxh98cxevyB9eTW5H8v/x7/77//E/6o/7/QfIfoWG/IjR01rl3rDzQWt4tmXLX95x376Hholo3OS0CfvZRXUznJxTN0XrHFi/Wwc8eHph59RKhd/9dim43UYVSh4zIVF6qJtW7jYGOH7vei8edwfLL9i5WZ36wXUBqHqUPHz483IQPnv/6L/67/8s/928ga0wC81//oX/V5sY8gGAi0r2HvCA0KxqkmB6lspbkBkOZuqpct/SZhM/buw95JL8//7m9t3NAfwH3lBeeNvePJxwdk7OpljcNE4+mYMKU0u3zodxVNK2wdyvE8XDk+ij98XufHkwn9w9Tl7LZNl/l9873zyca5NLflCc9VCypq9W79Md3Hzw4yB6mRNdidst+5X3mEZ2hgJOWtC6WlbejYX2rVk5tUJ+WaMIz94nutwEyqQd1RdCuk+X+GrNKDMRA/v88u4faquYPIWv6AQui9/ekattqgU9uM0t4btfqlrxjHvCQSU/e2wkzhenkgglIjoMQ1E6crj2nuvjsETp/sJ/d36DZY4+1KGUlifHPnE/y7qfFI/k9JuvF709M9PD+x7ell3nECVJXqGcxs7rONlvMoee/+gf/hP/8b/gH/rO/64/+r/7Ov/G//nP+yv/6D/5Tb//+BivcfTSJf2O79P/vU7+78+D/NXP/X/8Vf/Z/8Xf9jf/F3/wX/xd/09/2n/9lfxhZdcra/Zd/1R97eyg/4gB53ocDHv6/hwH+8z/+T/iv/tC//7/4m//0//wv+9v+yz/tb//P/4Q/5OeeAdw6340tb2v0b4fjjxyR//c6Is7P6Lkmt5qVW3Geef6/plCIe/5fo1H+6z/0T/7P/86/4D//8/6m//pP/YN39im98p//SX/cf/E3/O23B3JLYcVzS4WC5//fDHDw8P818/9f/Pl/Pc3/7n/+J/6d/+Xf8w8KG9wewI/mXp73mfvdnYP/10z+f/43/MH/xd/6l/xo1n/2Z/3h/3skfnd3/Pn44L/4i/7I27/2oxmX531mfHfn/01Trvr9j/8zybZ/+qO5/1me+4f/7/HvxL7/13/K3/xf/M1/4X/9B/05P/fpopsb/dwFlLcbxO3x29zi8V1acdkAZdP3N6ynaZh6b0O4NQAhQoP+eL13tb1rM4TUB4fPy/yKYs+dXSvffopbotpPzx8+mOzeGNUGEWnkzXSR1RfFUkJdLGhtEuabNZk/ITTsiCKb5lBQt1EZfdVAZPn9C1pz3NkVBWFI/KnrCb/fJCa3EJHeQu2D22VYkCYwq7lt0Zb4+6Oj//zv/1P/8z/6j//P/v4//r/8+/+G//Hv+3Me38XH3wySvnm4qTlx2VKWbdtyZ+f3f5kt83L3o6Mo0rwU2X3jddHmX2Srl1k737WL1uEbWTqv83MyUP03fv/Xb4vV82L5lppharOS5uu/+jv/1v/qH/wj//O/8e/7r/6ov+a//lP/gf/iT/jL3Vzu2Bmm34QRvptPXuVNta6n+Th7N/s9Zp/Nz05P9r/z9if3337+i04v8v2Tg2ez3/9i7xdmi9Vh+9mn9/Z3dz99sLN3/2BHnq5IyfQieQPGeXw3k1FjJBgZNfyv/4o/47/+i//2j3Rgd9kMsgn86Ei+4pfuylv8b/oLL9rDNPjIEubu755/+rs//PR3P3jwu+f7v/tk8rtPPv3d8we/e5b/7tkufnm487sffPqRIHIjzKP/4s/4I/+zv/fv+C/+9j/xv/or/6jbvPKf/2V/Bi2O/xd//l9OL5ovsoEZ9ufLgb6FEAh7+/12uW7PzkKw3v7R7Tq5pWiYfOmimM2QiVRespqIdaLzoNRh+pQfk0I0yb2I5ryVPhBToF0IXxMs4bbb24Rb9ITnZvXsPyARDRr0/uyjh5YOBsl7t8temucWc2KeW7oeeGhE3Wm85Zt4PCUepG8nVTl7Hzh4umz8PJtAeRodkc0WxTL9mSDF+NHRf/k3/MVYt/qT/yxl6//x7/vjbt/re1AUz+P3ao3nv/hD/qr//C//+39X8cNv/+r742Um4b1pXixX6zZtr1f0MrsAH6XLbJHrHPxuZ/joyZoEdLkrfpPMTfi550Hczd8VrbgOm4zA7bH8+rSQHtO9/fcTMzw/+xP2Hq3xiHvzn/95fxWF3eTe3P7l98fsffyd7tP1J+9Wy7JY5nvvH2x+Dby/KT30vpOPZ/f2zd9/ZO/RGo/g/5/9PX/P7V97f5w6QrYpNIw979HhLW3Z7cLoG/q9oa+brb9HmZu9G+cb3LsN7R5T/N718u7FvbxDdfCp2wc3BJwW+g3pA2nzdak3PDsRmLGkQRRyd8l+qPObswV+dqDjKX4wP9gI/cbo8WeBvPxtZ/xsEd+DAiFHmzjiQ8liMwtQHbeZxgCA77fMyW3Nl6Hj8pys1+7vtm7yupj5jgt//vubz6nXNb2yK7ZJ6XRT9sgjnBuDi9UBwwwBznW376ufvoBX2xnwj/X1vAv0HfBqtciX649c+riZV1fNeoJPtz7+/Xd2P75D0i4hq7jGiCsdXGUxZaVhJFdnMwI2hNi65BfgIZRFE/USHpeFF5C/+P2/W9Vvn5XV1d0vn1bTNaHb3jW//P7Hs5kE+z00zicXV5Tb+RP/5P/87/pD//M//K/jiBphMgF/jy5P3qfLq5+eXhsK/md/31/0X/9Zf/jX6fIn+12eLQd7LEvTo59meL8en72eZ6+IRe0vG8d48c70+J//4X/zf/b3/LUDPT6+uy6/Bvc0U2Lxny0e3xUe/y//tL/wP/t7/soP5fHdb5LHX9bVbD3N7+pPOwG/B6upszZf/EJWUf/1X/x3/5d/7t/Qn5Zm+m5hBiZt3oMRNnf+ssyW0vl//jf80f/Fn/CnxDrPVqZzafN1Oo92/ipfVXUr3f8Xf8xf/l/9xX9VrPvJxHQvbb5ZlryaXfzgZ4sjdx6I1v2j/uT/8s/5w/7zv/Mv/8/+/j/v63PkzoOvyZFdhvjiGrqBfnndZvVd/DOsEBbvri9Iz/4Zfx6R3onULTnPdiTz7Gdvex1NrzDN//nf9Xf953/MX7xxmmMdWV33xfXxalVe3+V/f//Xq4HOymlDs/xf/O1/8H/5V/2x//nf8Bf/F3/03/3N8tS7dz/9/pZ8iIf2wUNdjjv6z/7Bv/i/+IP/xv/s7/nLaBQfwFP7X5OnuE1nFk7fTefZkmJ7mvm8aTL/t9f5cojFfrCckc35L//aP/s//yP+8P/yL/zraWDvMfNen6fvaG1rmZVfZEWJjunHhl6vJtc//ZGm5P/rP+RvIHv3Hr2ezDOy3/l5ti7bIRZrm4+O/qs/+I/5z/+yv/o//xv+Mgu7C9l/vhHWu5q9/UW7e98Q7+3uRXlP9Nl/9Qf9of/5H/uXfX3eIyw/mPe6cH/RTze/iMj+N/6d//kf/Ef+l3/a30q/3DyrXRhvf9GU+FFG91/8hX/5f/U3/iU3w3AqTxlff27wtKblNfPff/5H/j3/5Z/+Z/9Xf9Uf9MPjkXfvziffmHq6t0E9iX/+9Vlk596Hs4idmhf5VUM/nqzLMm+LJf36ebW8uMiqjVEGrN8f/tf953/yH/Pe1k/7cz829fPuCm733/Rf/5l/79ft52x5XtWLrC2qZfhX6HIFyXrpffbT795hlH/Of/73/j0ybz9rve/1ez8mNQDX6O/7c36W+77X77u94pH/uX8JOR1ft/eXec0dLqcwQq/zaYTm4uH+l3/ln0ymgBTLf/EX/V0ROpAp/i//3r/6v/jT/yhp8f6YPM1XWd0ipMRfv1fezItNLPe2weAFqa89+GLaruvc/Tbc4bsftCvQ+h/4L//oP/Lr8jj5qstZVs+8X4c7PKYI7r/4i/7I//yP/CP+q7/yD/uv/rg/dKC7W+rQgTTU19OZn8Z15t/111Bu3k1FDyn9tTa/DmnNT79BrUns3VTkVbFceX/ffbNeUpr59/+KEmZfrYbm4KL+QRnrBY8M97/62/+w/+LP+LPfgxV6CBERyf+f3cUvw5gssndQ5X/jH/Ff/kV/8H/2D/4N/8Wf9k27/G3z/mHkEH8cRPnjv/xb/97/8u/9C/+rv+Ef+C///r/hA2zqwYdxRySYOqc5pmHZ0bym0XzBQ4GgXjdfZEv4RIjQTjAm95vNB3x856M4lxhamWjtj/oj/su/+e/dzC49DCez5qdvhyEp8qd5QzPIv74HdhSv/ud//J9Oc/Nf/Q03hC8R+t0WO6KawY5+fQ/shHZfC7vr+cXtZvcFqwJfLdwev//yT/ur/os/6u+8jVXoz+3i1vg9WS8MevTrLVFDePhn/lVfC7UfXN0atafr9trght9vT7r/6g/+48h5+Vr4/XRza/y+s6YI3iBIfzTW0N8Cw7/yT/mv/ui/pYNhp/HtEG5+enJ+S4SfZG8Nuq9/4vlJtbq+Jbb/xZ/+N/0Xf/zf8J//ZZQB//u/WQtxNaPY9BsyEJvichf3vj+ObCA+JC6PUxfPLXN21nPGd5/d27jKiuc//2P+AorPSIH853/qH0wj/6//kk1SgOebxnD/JgxvmY3A8w3jdv/BjdT7I/+e//zv/Bt+LnD79P6NdPuL/7j/4k/7B+3M/vAx/PRG6v1lf8Z/9Qf/WeTE/ud/8p8lbvt//Uf+kf/1n/v+HDiI35ftPK/tiiH/5VbvKGT/O/7zv+EP3UibG3QV/YJVaasThh4vABls4lbu773nuv37Qf/04cMu/FR/h2a6qTM8dkXfLNPv7PzuH6XzvLiYt4T+frCUf9Oqf9Nel/lnH8kbj3ZX79If//T84YPJbtpUZTETfB57UZsdyS69PbmYVmVFPf34+af476OjX7icNKvDDk28tx7sS3RTTKulF3FMqratFhGAxkzAhOCdhk2o8Fp/DVobZ46Mj2fFpRkko/Dowb1DJdajvQerd4fTNYVk9aNVVSwpBU8LXpTJJ7/JrMvT+2bszKQulo0Pyste33pQsTF9uZbk/O9xTpB3v97Q0v7YeMngv/jz//KvNbZ7X2Ns0QkLBrf39QbXG9t/8Wf/Df/1H/TnyPL/+49t/2dlbPe+obGJsrzV2G6USdWfTnvG1MltVciuT6YTfjpKZRt6ra9ZDvXbmkd9K8VjVRyQqIADTda+1Z/THMSKKaVbDNDXicGAOYmv82ax6fDRAblRj8tskpewYvzTV+NC///iT/rz/su/7S/5z//wv/W//tP+hv/8r/8z/8e/788Z1pK793csxI5JLJardZtySlac39/tpKJxL9uXZTbNv12VNKrd3+1N/q59Ur2j2eEc7kct/e2nlSLv/P7unYA39/bBkR+ldwNLbEbbG0FgzBRbwaFYUHTz0Y2on6HZkzWJIAzEZpTDtk09/eyj8fgu/Y/7au42eVZP5+OL4rzLlDK2HR1ZMA4/Saky0pWdTZxp3Agw2c2c2bQ1reMg1ftf/yV/1uO7+mdcXR28D0RZvSL37gagu3vvD/W/+DP/jv/6z/zbbgC8914E+K//7D+MVVsXpCX4N6AO8k/PH5z3OEG0fUwDDWvMUCa7z/t5hD+7/ubupzvvCR8PjZWJ5GmPu9OmMa8+/l3l5/Z2yhSRv36xg3tOsrrdFD/IH6W7eyRj8s0voR+g3fj1m9/n+ekuXvgxnptH6Y8/40cbWhBXYhNJWZez7ncKfj8AT49A3+vhZHr6lJ+v0dOB35Pf173b9aX4FYuLXnt1v9Od+GD2b9cBntsOZoBs9wd7uvfw+PhrTdCn8Z4Oej3FmQZP5PWHvddvAhS8vrszNNCredHmX2OYIcaXed0W06zcZrl7tChms9JADRHpM88wVDMXO/xEwQ1PYJxVtJ/7QT/+mCdsajt9NW1W9zpaVU2B5eNHaTYhDboOyPiD7WI5y989Su95H4oRTu85ycKzyOqLgqBs7xJW6Q79d/9ebxbbWdD/j02y6duLulovZ9ts+x+t65LyquoHTNrd3e0afgClHgNAk2p2zYpIehVnVeXQfEZKs/uReK2dD9WSmE8dfXUafSTNrJzvnd8736cvfwnsCyvdmEe+4wL83Z29T2/vn7sQX4m9+ynm2kQbKaDBCTLZWPRr1fyQvysIBTkM+Gngio9Mcty9KC/7A9rD694I/M83OuPRXtnHG7Bq4RDCb5wHsXff8yBcONpqFBJ/xKvX2AqvmtdUwVDQ9mf8ef/FH/OX06zSl0NYxI05OxxpP9m2eTjW5N/3uGUfpLZ8xwm6L66RosOaA03Y3cW7u7t7D/fu7e5+eu/+7oOde7t793fGP726+AjJfGUeDUjTebaceYn9n84us2ZaF6v20RXJd3U1rlb5ktczXqH/u1/QtP3e9H+JiGm6Hux+PEo/puTKf/4n/l1CH/yt2FL3Ix3F/U/vj9qqKidZ/dmyGqVYIzC/U49ViW8a/rOmVcUfgL3wV1lNMyghadhm7RqNaOUkXFLwKUfS+4vWeZ7Oijqf8rtQAtrL8YLI1n62N/AuZFxphF9J0tNzik8+++i//nv/5P/s7/9TPxLtS77nzs69e+B66AN4qQPwxGmNf/lf/uV//pfH//Vf/Hf/l3/u3/Bf/YN/EhLMf9Sf9J//MX/h//j3/cG/Kz3pQAr58d1NMOlr4E2urlKhu7YVfzYw83ATL67yPlKPOvh0o7L4BhVEBMefU33xD/61/8Uf/3f+53/j3/df/VF/zdfWGsPY+xhb9XDfC3NuBe2WFNq49CVEuOl7FS4WmN2Pjv6TP/NPVGb1KfleBOKvQiy7Sb8NWLs1jusfZCvNOJMGvcgJ1O8/KbPl242v9+f83kf/+R/1R4gu/M/+rj/oP/+T/6r//G/4o/+LP+FPmfotjqJNlD0Gldp7ssiPJhV28UV+1dCPN3kp/z6nZeJvZpqPKDFNa2z/+d//p/9o4sKvvpGJ+yJvGvLz7+rPL7Il/Ssz994zRSsktK78X/7pf/Z/9Vf9Qd/gZP1QLN0bQNuNjflWjuO9va/LJjfMsHFM73nJ9P7zNTr4MKkYtOLvwYY3W/X/4s/8y//Lv+qP/S/+xD/pv/zL/h5lKP+l//f/e5OCGCYOHiWNJ60nWZkvZxR5zPLzbF2qiqW1gsWFpPBN1L6zu32x9/vvPJD8/d1vRA75443sEUiV5Y97No62kfP+zmb9spkueDphPuK224v/hp79Z3iwsaerj8Pcwb0bRhx7dP43W4/bg7xF9ts83bH4K1M9Cb/FbPFjGfnHvTD4Na0Hf0EBKge+lr3NL2fL88rGvwf3KRa95QD8By7gn/vXkwv4X/xdfxf9ucyvfBHdebBtMpq3fYaFKfa8D9mHo5BOs4hB7D63gPMjGfp5J0Offj0Z+q/+hr/4P/+j/hQJoNKoDO0OAB0A+P91GfpQY9rv33tX27s2j4vlat3qkuKcVkTy5UfpMlsgvYgV/t+NU4a7v9u3+atnRV7OdsWv5a8lo7j7+4dfEw+uWR7IP6AuFtlKQX6RqVOMXwxKWZ1TSnOeAQMk+2DgSVk08E33Rp+Odu9/OkJ2/Qau9B0XYkU3fMvWjAzl1FZHH7hYfAMn3KyZgszPfauNVAnK2sa926kkVbUg6u//++8QyY3S3dnbdymlBw/fZ3XiFt3iuXmc/oMx19WVjHko1zr49B3Rsli+vUcjFkfUjPpBZ9BZSb/I1N/Yhz7voRLwBOPaGKzFnsFx7YXj8heb9n5Y43qP1ngGx3IvGMuD+95Ydvd/tsdyS7WN5/0ZenJh1hKe8TMwyPvvwxb/bxmbH4YPjvMgGOfD9xknnt6a6u/+s+Ap+s/7kcF//JzJwe10c+x5j9ntPsAg8PU0qwF/czeV3MbXRQtPJyswb9vVo7t328li3LT5dLzM237O9b/8c/+B/+Iv+MP+8z/8j/qv/7Q/9r/8+/9kOF++//Yz/h+Ps6+PG54Arb3dg/HumDwE+v/u3Xa9XOakbc6rPor/1T/451Gu57/8W//e//Lv/Qt/VvHDE+AIsjVzS727V6vm7qqq26zsY5nKIuJ//sf/rf/Fn/l3/JCQxRMgfHV1tWGu/+s/56/8r//gP/XmWQ5hlrTSt8RqswX8zSCOJ47hf/6H/zn/+d/797wvnhdVNfvpauLNVj5ZcNK6vkvL6Pm78bxdfIO44+lJ09/7V/8Xf/of9V/9QX/of/EX/V3/+d/9t/7nf+Lf9F5DuK7Wrcdu3zCyeOIE/6///D/lP/+7/zYl+Nfr9GuqxfcwgOa5XXzmP++B23vg836W6OsZ5Hu74YLEe3SI5/9j1tn6/T906/we0+4/HzZcnZa9/R/6cPFsdEa+Lj54/ou/5a85O3n5n/9lf+TOw52HD+/tP/jP/8S/M/0v/+g/6r/48//Q/+KP/oP+iz/vj370eFZc+t3t2QB6VjSrMrt+lBZLcgbyD0EDz3/2d/0x/8Xf/neKjvuv/pC/+D/7e/9+dXf+TqweIfv7J/5dj+8SNh/Qj2jy9KRaXddg3/QXTunXw72d3Z3UmOPtKhtPq0V6XJYpJ1ya9FXe5PVlPhsrgP/ijyHS/I3/xZ/2N/4Xf9wf/MjL5R3JGP7LP+GP/s//jD/vv/wr/2RqR2ve/8Uf/Dca7H+ksG+Dz+1w+Pppo2H4EZgdOOG7Pj8iFV0vjpD1mlSza/6FnJjy6DdO/h950SIKPbUAAA==" />
        <Entry handle="9" bytes="H4sIAAAAAAAEAO29B2AcSZYlJi9tynt/SvVK1+B0oQiAYBMk2JBAEOzBiM3mkuwdaUcjKasqgcplVmVdZhZAzO2dvPfee++999577733ujudTif33/8/XGZkAWz2zkrayZ4hgKrIHz9+fB8/In7j5PHv+vTLkze/z8vTdN4uyvTlV0+en52kH23fvfvdeyd37z598zT9vb/95ovn6e54J31TZ8umaItqmZV3756++Cj9aN62q0d3715dXY2v7o2r+uLum1d33wHWLl7WX7db783xrJ19dERdc4/vFuWy+SwCZ/fhw4fyujTOs9nR47Zoy5z+/LH/4i/4w/6zv/fv+M//8L/uP/8T/64vj//zP+YvoF//y7/17/0v/96/kNreNc1+4ySl53EzrYtVmzb19LOP7v50dpnJB3d/+het8/p6e3d8b7w3XhTL8U83H6Xt9Sr/7KM2f9d6TT86enxXfrsZ6uu2fp4vL9r5BnBpmS0v1tkFfbW5k7JYvk3ndX5OfUyb5u5J04zp50dpnZeffdS012XezPO8DTriBnePei+X+Xn7PgBuHOpF3i7ypqFxfC3SDbSXRnjO18spmCZt5tVVs54s8uV6a7le3El/sWuE5zKr02ry001bp5+lH03bcmfn939Oo939/Vdns4/ST1J66TB85e7d323rox//6BN57c64rS4uynzrTqdZ0bymvre01S1h4DvX8pdEBhSCHRgOjWVWTdc06nZMpD4tc/z65PpsNoBPcZ7im/R3/YwGXJY9uF6bMU/9eFY0qzK7Tj8jsn10p98aT6R1+tGyWuYfdbrHk5dN/h5guiA8WsXIBqJ9ASb4qu6PrqymGVqNwfIEnNp40GPg6mI6P6mW4MCtfJTGOAvkos9BoN0oPYdm6KOmWn505+YRb4QBht+9R2CmZdY0L7JFTiA+xqfN3sfDpMODifgm8B2a6K+D8waUY9MDqWcgYNj49LzO25OqelvkWx/R1x9Jo04v51WdbkGkCkJk95B+PKaf9+iXTz4ZFBGd8yLaAA/YuT/C3e4QzePz0b1BoHjigHvTbZ7OtPNHg5OPB5hsnDzoSxr3JiVinlvAuQUb+A8UqnDivJj11bF5YqO+DW/9bnbod8Y1uRTXW4bbtnoDVVTabFLmKfksd8aLat3k1WVeb3gLTzsvGpWkSTZ9e1FX6+UMw//x/d2HO5MHMQJ470yrsmJD9uPP+ImJn6MTpKRHp19ikF23XxvX/N75/vnk1rju5A/2s/s9hQ4GKKZvb8Dihmn/JTFLdyPzXYTK4Q7zNI0uPy+W+ez9tPkgzNsoAZ8XPSPrzJoFuiQ4I7L/5Tq/c/fuf/Z3/WX/2d/11/znf+If8l/86X/T//j3/XH/2d/1B9Gf/8Wf9TdOufF/+ef8Yf/5n/TH/+d//Z/kf/Wf/0F/n+ugM0DowKfZdUOI3ts5JO/lv/jr/7JUYKX/+d/0R/xXf8lf+5/9g3/+f/7X/1n0bfqf/2V/df/l/N2K3l3mVwSmxSzhi7t37QcfPc2n+WKS1+m93VFKDvzBR92JIxDjJm/fFIt8C79f6O93iLaM27fSvX3659Md88/uzs5OF4qdJsWekMIEfJJ+9BkmKW+m2SrfEjLi00PqqqjzRr6lbtvq8y/ekKdeLC8CZouZITfl6ISm5T//E/8M6bf5z//Iv5+mxryxkfBZDTHpID5eZO10vgUCvsovTt+ttj7a+v1+Jr3DLqsZ0db3fr/D73/rztbhz/xud4jhIpIA2FZd13m7rpfE50oF+vJ7e9+nudIv0OrQuOJ4YmOe5WVnzH/UX/Rf/9l/mWC9cZw9Hrnt/G+Tg9VpDHhTmkUC2JmECBG4oaXCDRzCjb8GY3z9WOaqWM6qq3G1nOTkkOTrZVll0LOeXsRz9262budV/Yh+X+TFD36Q3sBXS4KhsPNLDJi6zvPl70301I/lA4RDEfJOQJn0yNHL/KLaD29XZfndYtbOCeTeToTyk/QX/sIQB1L59OP3SR+nO+nP/Ez4XVa2v1d+Hde+lutEuUZMjyHjKl9ufXS3rC7Iwo2zZvWOfL+P5E/81lZVOcnqz5bVSAZAfzT0VzqiyS5+AJOO79pq9dnOCHEx/eAxfrY7+nZeXMzbz3aj/VOOwh+MyNRPQtHQl5/R/z/6r/76v+I//5P/mP/qH/yzSRv/Z3/XH/+f/w1/9H/+h/9V/8Wf+sf/Z3//n/c//n1/8EeHCoYa/Nd/5B/3n/+Jf+N/9vf+5f/Fn/YP/Jd//9/wn/39f9F/8Yf+rf/5H/znkGKX9v/Z3/uX/pd/0R/syyqevmfT40pKgnjB/3h8l/73vukD10sQ/wuwD8+i+IA3Ck+YBOBQYEpeWX1HGUhCcPkoFsV3/EIL7pwdJwJnAPmPjesH/KthqOy/3Aw17t3+EmSvLIke8wR1p4a+WJe/OF1k9UWxfLSzeneYrrLZjBQW/iAIZfGL07Jo2m1+/RECuMN0zkz9aI/bA9Z2VhYXy0dT4uK8PgzAXUEQHpHd/d0t6G2SlEf38eV0XTeknlZVgRcFYfQDfO9ylo5+mVSzazPHpO0WrHw/+4jkdJm3z+iDj0i5kZqbffbRqmqI/TKm3mcfPVXt8/ufLUWq02IWvpcToZkgi3XZFqusbu+ih+1Z1macKZwVl/hRLFdrw1lE7Fm+/Eix+P1//588O/3u6zfHb04FfPABOw2U5ro6ffn06qvf6/mbi90vfvB294ufPr7/xfHDt88uvrN4uvcT3z2+OHuKnyfH9PPq4LtPnuyf/uTnP7k/O/7qO/c//XR+//7J5/d/6vPf59sXs68mew+bn/y8vHry6tX8pz7fXU2KJwdnXy6evs2/e2+5/u60+XLx5uK7r94eX/w+L3/qye9zclyc8c+fukB/ZyfHP3Hw3eP5/vPf+/rZd2af/2T7E3sPdyfLnzh58ur3+b2kDeH07quT45/+4up0/d3fi2A+q7/Mv/pFX373zUWef9V8sijmi58gOEHbnadfFpftJ999Mv8Ebej3PWoTwPvq3tMvv/vt9fq79+q11+bKb/P77J6ui/lPf5l9dfmJ36e0fWJoJm33Pv/yu2/LdfFk8eXrTwnuK/p5t8qzJ/Uni2/PP1lMgOcThk8/edwHhNPv892nn/8+SpODn3zyE1/svvjp6ev71cmD+6vXl/ez/Kv7z6+z+6vs2/efr/dO8nxd5flPzAH/yRfXXzw9vXr+5nj3+Zuz+2dPT999+dNf4P/XT4qfWv8+yxdXX+4FtHl2/IOvdr988nxx8fxyUf5ed8vV/TdvL79TL8rq/O36we8TzO/pD86uvnhz3H7x9Kv2i5/+fS6+eHPx6RdPzz794s308+8s7hfTe8cPfur47IR5ZvH7vHz2E189ffHmq73TdXa8/iT7qv7ku8vyy9cHi3X23fknrx+0F8tl/Yu+vXx7Ninf/tTFG+K7d1+c7Fy9eL1z/aI4fvfiTbVL/7968RO/z2Ky+M4Ppk9b4psvQto8Pf46tHkntDndpf/v+LTx5hC0uX7x7mvQ5s0F0eb00y9+MCXafOHT5llIm7MffA3avHtxQr//oNr54qer6y+OfdpMXz599/ucffti/hO/z3dn5Vd75ac/9RNnX337on39U999cTldvHo6ufeT69nx2effvii5zevv3n/7U7/3xcnxq/1v/+Si/EH23e80P/Xd+VvC9Qy4PiFeJLk8Jx1w8uzi1cLh/8XJl0+/en3/9/luc/+n1u3958Xx/brYJwm+mCx+8t6TN8f3nr85vSI4T8J3fp/Xn/5eRLffp3h9P/v0O/erT1933nnH75BcPH13/N3j7/4+3z1+9fucfPvi/k/8Pr/3d+aT7/7kzk/93t+hT9/t/tRPfPXki1e/z5OfWrx6+/nx6bNvlw/PSV+sZ9/+zuXk2y9e/9Tv/Ww3+72/U371+cMfzE6/M/999trnP/V7l+e/97vfh/TJd3569vnV1Rcnr74z+e6z5U999Z3d2bdfXU5++vTZdxYvdiZPj6++c/ricrJ8VdL/f2Ly+bOf/qmv5peTz1+V058+ffv6u7vzn9r7yZPZ7/1qZ7K3/+7B2cOfvM6e3518enU6f3V1vj55cvFTs0+++7D6fT4TD+PxXdHWVm3T0s5GzX36k6cv3vzk8fOzp8dvzr58YfR372Onxb/75OL5vb32+t7Tq+dNc/n8J46vfq+7P/h9fvr3fnL8fHpvfbJ8cvx7Pbw8Wx48PX7+g+bLbxfHbz5t5m9+r9P2F33705P9693vPjmft6vy/NP7r5ch1mze3K/8p2SL2IJ+9tHuzt7+R2p68dfO706WDmb3s4/E7n6UTqp6lteffbTzUTrNy1LNrf27WWVT/dvrRXqqO5/Ip7PIp3gI7Qhu79192G2/u8fk3eTTNuWsCCZnWtKPR0/3Hpw8ffLp6fbx6adPt3d3p+fbDz99crC9v79///69+/sU46PLapZPsia364HkaHOcRHEyefGLfFZkFNAt7q7Wk7vkl03fXmWX+d1pNmnunlOH87vNFf8c00c/Tnm6Bk7Fp6Od0d7D0c5HsWgiMk+f7nVpzQMjVyMzjsyiuixyx2VwranfT8fU/Y3v/qI1sUB7bd+eU6/Rl5BJmemiW9BDqiD03XRVrsl3o7m6cJTDSmqHaBcVFuyYPkjuE/fFOUUkL1utKG/HCyp3321bYm/z+x8NU+7xXca7yxZ3hS983rlrmYd+BVfRD3DokWVVZiJyfbGc+4wcfK9biNINHOsxt3TDfupnH7k056N0XZdbd4sFUa65Sy4u0neT7O34ojhHImWVZ+32u0M3wL0DTw4wgSzLC1JSZe7PIclFR9B70ssDhIBQt9s/KD6yzPjw/s1D60+cJ8i3H+bNwwxx3jTksOXMzB0nRD9KqyVngSnmtGs6SCKPdu+ICudFI6scEZAPwcbzC5eTZnX4ONP49sc9+HaF8OO7Z5TpfcdRxMd3LFXOiY22KQOQP0p39zl2qpoCTP4IMTGx+2Ueifr9x0REQPJRyjAY6JVEWDQT5ezwo6P/+q/4M/7rv/hvf3w3G6KRY//eV0S+DqENc9zbRJbHxeJC9YWyNCUBcjBzGM8H72xG43azuOfNYlR5mud2E/fi9+epuzu7aLvTF5mtlJcgPjr6z//wP+c//zv/8v/8z/1Lfn7Q/J5H840Yvh/Nf3AxvwXNPzr6L/6gvxfU/hv+sp8f1N73qL3/DVL7p8tbUfs//2P+gv/8D//rft5Q+75H7fvfHLVnzQ+mtyL3f/W3/VX/9R/5J0rm9ucHxT/1KP7pN0fxi8nk4lYU/y//3j/xv/qT/vL/6m/4i//zP+pP+flB8QcexR98gxSfXtxOpfxXf/sf9p/9PX/lf/U3/AP/+V/2R/78oPiBR/Gog2ue96P4T1//9C1N5p//J/0Xf8af/V/+DX/xf/kn/RE/Pyj+0KP4w2+O4nX5g+vJrUj+X/69f99//if9Uf//IPmP0LBfERo669w7lqqwVHQ7ptz1Pefde2i4qNZNTivHn31UF9P5CUVztEC2xSu88LOHB2ZevUTo3X+XottNVKHUISMylZeqSfVuY6Djx6734nFnsF63vYvlvB9sF5CaR+nDhw8PN+GD57/+i//u//LP/RvIGpPA/Nd/6F+1uTEPIJiIdO8hryDOigYppkepLD66wVCmrirXLX0m4fP27kMeye/Pf27v7RzQX8A95ZXKzf3jCUfH5Gyq5U3DxKMpmDCldPt8KHcVTSvs3QpxPBy5Pkp//N6nB9PJ/cPUZaa2zVf5vfP984kGufQ35UkPFUvqavUu/fHdBw8Osocp0bWY3bJfeZ95RGco4KQlradm5e1oWN+qlVMb1KclmvDMfaL7bYBM6kFdEbTrZLm/xqwSAzGQ/z/P7qG2qvlDyJp+wILo/T2p2rZa4JPbzBKe27W6Je+YBzxk0pP3dsJMYTq5YAKS4yAEtRM3XdcNCLuqCmRhPULnD/az+xs0e+yxFqWsJDH+mfNJ3v20eCS/x2S9+P2JiR7e//i29DKPOEHqCvUsZlbX2WaLOfT8V//gn/Cf/w3/wH/2d/3R/9Xf+Tf+13/OX/lf/8F/6u3f32CFu48m8W9sl/7/fep3dx78v2bu/+u/4s/+L/6uv/G/+Jv/4v/ib/rb/vO/7A8jq05Zu//yr/pjbw/lRxwgz/twwMP/9zDAf/7H/wn/1R/69/8Xf/Of/p//ZX/bf/mn/e3/+Z/wh/zcM4Bb57ux5W2N/u1w/JEj8v9eR8T5GT3X5FazcivOM8//1xQKcc//azTKf/2H/sn/+d/5F/znf97f9F//qX/wzj6lV/7zP+mP+y/+hr/99kBuKax4bqlQ8Pz/mwEOHv5szP/Xmv//4s//62n+d//zP/Hv/C//nn9Q2OD2AH409/K8z9zv7hz8v2by//O/4Q/+L/7Wv+RHs/6zP+sP/98j8bu748/HB//FX/RH3v61H824PO8z47s7/2+actXvf/yfSbb90x/N/c/y3D/8f49/J/b9v/5T/ub/4m/+C//rP+jP+blPF93c6OcuoLzdIG6P3+YWj+/SissGKJu+v2E9TcPUexvCrQEIERr0x+u9q+1dmyGkPjh8XuZXFHvu7Fr59lPcEtV+ev7wwWT3xqg2iEgjb6aLrL4olhLqYkFrkzDfrMn8CaFhRxTZNIeCuo3K6KsGIsvvX9Ca486uKAhD4k9dT/j9JjG5hYj0Fmof3C7DgjSBWc1ti7bE3x8d/ed//5/6n//Rf/x/9vf/8f/l3/83/I9/35/z+C4+/maQ9M3DTc2Jy5aybNuWOzu//8tsmZe7Hx1FkealyO4br4s2/yJbvcza+a5dtA7fyNJ5nZ+Tgeq/8fu/flusnhfLt9QMU5uVNF//1d/5t/5X/+Af+Z//jX/ff/VH/TX/9Z/6D/wXf8Jf7uZyx84w/SaM8N188ipvqnU9zcfZu9nvMftsfnZ6sv+dtz+5//bzX3R6ke+fHDyb/f4Xe78wW6wO288+vbe/u/vpg529+wc78nRFSqYXyRswzuO7mYwaI8HIqOF//Vf8Gf/1X/y3f6QDu8tmkE3gR0fyFb90V97if9NfeNEepsFHljB3f/f809/94ae/+8GD3z3f/90nk9998unvnj/43bP8d8928cvDnd/94NOPBJEbYR79F3/GH/mf/b1/x3/xt/+J/9Vf+Ufd5pX//I/4w2lxXN4yX2QDM+zPlwN9CyEQ9vb77XLdnp2FYL39o9t1ckvRMPnSRTGbIROpvGQ1EetE50Gpw/QpPyaFaJJ7Ec15K30gpkC7EL4mWMJtt7cJt+gJz83q2X9AIho06P3ZRw8tHQyS926XvTTPLebEPLd0PfDQiLrTeMs38XhKPEjfTqpy9j5w8HTZ+Hk2gfI0OiKbLYpl+jNBivGjo//yb/iLsW71J/9Zytb/49/3x92+1/egKJ7H79Uaz3/xh/xV//lf/vf/ruKH3/7V98fLTMJ707xYrtZt2l6v6GV2AT5Kl9ki1zn43c7w0ZM1CehyV/wmmZvwc8+DuJu/K1pxHTYZgdtj+fVpIT2me/vvJ2Z4fvYn7D1a4xH35j//8/4qCrvJvbn9y++P2fv4O92n60/erZZlscz33j/Y/Bp4f1N66H0nH8/u7Zu//8jeozUewf8/+3v+ntu/9v44dYRsU2gYe96jw1vastuF0Tf0e0NfN1t/jzI3ezfON7h3G9o9pvi96+Xdi3t5h+rgU7cPbgg4LfQb0gfS5utSb3h2IjBjSYMo5O6S/VDnN2cL/OxAx1P8YH6wEfqN0ePPAnn528742SK+BwVCjjZxxIeSxWYWoDpuM40BAN9vmZPbmi9Dx+U5Wa/d323d5HUx8x0X/vz3N59Tr2t6ZVdsk9LppuyRRzg3BherA4YZApzrbt9XP30Br7Yz4B/r63kX6Dvg1WqRL9cfufRxM6+umvUEn259/Pvv7H58h6Rdgk9xjRFXOrjKYspKw0iuzmYEbAixdckvwEMoiybqJTwuCy8gf/H7f7eq3z4rq6u7Xz6tpmtCt71rfvn9j2czCfZ7aJxPLq4ot/Mn/sn/+d/1h/7nf/hfR+OSMJmAv0eXJ+/T5dVPT68NBf+zv+8v+q//rD/863T5k/0uz5aDPZal6dFPM7xfj89ez7NXxKL2l41jvHhnevzP//C/+T/7e/7aSI/c2911+TW4p5kSi/9s8fiu8Ph/+af9hf/Z3/NXfiiP736TPP6yrmbraX5Xf9oJ+D1YTZ21+eIXsor6r//iv/u//HP/hv60NNN3CzMwafMejLC585dltpTO//O/4Y/+L/6EPyXWebYynUubb6zzV/mqqlvp/r/4Y/7y/+ov/qti3U8mpntp882y5NXs4gc/Wxy580C07h/1J/+Xf84f9p//nX/5f/b3/3lfnyN3HnxNjuzOyRfX0A30y+s2q+/in2GFsHh3fUF69s/484j0TqRuOfm2I5lnP3vb62h6hWn+z/+uv+s//2P+4o3THOvI6rovro9Xq/L6Lv/7+79eDXRWThua5f/ib/+D/8u/6o/9z/+Gv/i/+KP/7m+Wp969++n3t+RDPLQPHupy3NF/9g/+xf/FH/w3/md/z19Go/gAntr/mjzFbTqzcPpuOs+WFNvTzOdNk/m/vc6XQyz2g+WMbM5/+df+2ZQf/y//wr+eBvYeM+/1efqO1raWWflFVpTomH5s6PVqcv3TxG9/2Z9BKfn/+g/5Gzglf+teT+YZ2e/8PFuX7RCLtc1HR//VH/zH/Od/2V/9n/8Nf5mF3YXsP98I613N3v6i3b1viPd296K8J/rsv/qD/tD//I/9y74+7xGWH8x7Xbi/6KebX0Rk/xv/zv/8D/4j/8s/7W+lX26e1S6Mt79oSvwoo/sv/sK//L/6G/+Sm2E4laeMrz83eFrT8pr57z//I/+e//JP/7P/q7/qD/rh8ci7d+eTb0w93dugnsQ///ossnPvw1nETs2L/KqhH0/WZZm3xZJ+/bxaXlxk1cYoA9bvD//r/vM/+Y95b+un/bkfm/p5dwW3+2/6r//Mv/fr9nO2PK/qRdYW1TL8K3S5gmS99D776XfvMMo/5z//e/8embeftd73+r0fkxqAa/T3/Tk/y33f6/fdXvHI/9y/hJyOr9v7y7zmDpdTGKHX+TRCc/Fw/8u/8k8mU0CK5b/4i/6uCB3IFP+Xf+9f/V/86X+UtHh/TJ7mq6xuEVLir98rb+bFJpZ722DwgtTXHnwxbdd17n4b7vDdD9oVaP0P/Jd/9B/5dXmcfNXlLKtn3q/DHR5TBPdf/EV/5H/+R/4R/9Vf+Yf9V3/cHzrQ3S116EAa6uvpzE/jOvPv+msoN++mooeU/lqbX4e05qffoNYk9m4q8qpYrry/775ZLynN/Pt/RQmzr1ZDc3BR/6CM9YJHhvtf/e1/2H/xZ/zZ78EKPYSIiOT/z+7il2FMFtk7qPK/8Y/4L/+iP/g/+wf/hv/iT/umXf62ef8wcog/DqL88V/+rX/vf/n3/oX/1d/wD/yXf//f8AE29eDDuCMSTJ3THNOw7Ghe02i+4KFAUK+bL7IlfCJEaCcYk/vN5gM+vvNRnEsMrUy09kf9Ef/l3/z3bmaXHoaTWfPTt8OQFPnTvKEZ5F/fAzuKV//zP/5Pp7n5r/6GG8KXCP1uix1RzWBHv74HdkK7r4Xd9fzidrP7glWBrxZuj99/+af9Vf/FH/V33sYq9Od2cWv8nqwXBj369ZaoITz8M/+qr4XaD65ujdrTdXttcMPvtyfdf/UH/3HkvHwt/H66uTV+31lTBG8QpD8aa+hvgeFf+af8V3/039LBsNP4dgg3Pz05vyXCT7K3Bt3XP/H8pFpd3xLb/+JP/5v+iz/+b/jP/zLKgP/936yFuJpRbPoNGYhNcbmLe98fRzYQHxKXx6mL55Y5O+s547vP7m1cZcXzn/8xfwHFZ6RA/vM/9Q+mkf/Xf8kmKcDzTWO4fxOGt8xG4PmGcbv/4Ebq/ZF/z3/+d/4NPxe4fXr/Rrr9xX/cf/Gn/YN2Zn/4GH56I/X+sj/jv/qD/yxyYv/zP/nPErf9v/4j/8j/+s99fw4cxO/Ldp7XdsWQ/3KrdxSy/x3/+d/wh26kzQ26in7BqrTVCUOPF4AMNnEr9/fec93+/aB/+vBhF36qv0Mz3dQZHruib5bpd3Z+94/SeV5czFtCfz9Yyr9p1b9pr8v8s4/kjUe7q3fpj396/vDBZDdtqrKYCT6PvajNjmSX3p5cTKuyop5+/PxT/PfR0S9cTprVYYcm3lsP9iW6KabV0os4JlXbVosIQGMmYELwzkeO1fpL0No2c1R8PCsuzRgZg0cP7h0qrR7tPVi9O5yuKSKrH62qYkkZeFrvokQ+uU1mWZ7eN0NnHnWhbHxMXvL61mNqYoP6ci3J+d/jnEDvfr2xpf3B8ZLBf/Hn/+Vfa3D3flYGt/f1Btcb23/xZ/8N//Uf9OfI8v/w2IbGtv+zMrZ739DYRFneamw3yqTqT6c9Y+rktipk1yfTCT8dpbINvdbXLIf6bc2jvpXisSoOSFTAgSZr3+rPaQ5ixZTSLQbo68RgwPe8ebPYdGTkgNyox2U2yUtYMf7pq3Gh/3/xJ/15/+Xf9pf853/43/pf/2l/w3/+1/+Z/+Pf9+cMa8nd+zsWYsckFsvVuk05JSvO7+92UtG4l+3LMpvm365KGtXu7/Ymf9c+qd7R7HAO96OW/vbTSpF3fn/3TsCbe/vgyI/Su4ElNqPtjSAwZoqt4FAsKLr56EbUz9DsyZpEEAZiM8ph26aefvbReHyX/sd9NXebPKun8/FFcd5lShnbjo4sGIefpFQZ6crOJs40bgSY7GbObNqa1nGQ6v2v/5I/6/Fd/TOuig/eB6KsXpF7dwPQ3b33h/pf/Jl/x3/9Z/5tNwDeey8C/Nd/9h/Gqq0L0hJ8M9F9rvN6ecaP1YA9Xf2TRX6l3sPv8awo89//bPbZ/U8fkNRk9UVOsH//SZkt35Jt+YP+3v/iT/sb//O/8k+jlR6jhXuad3CwBg1JI5C//b4v7u3s7mzv3N/ee5ju7j66R//be18QcSPww6Tr/YP/99L103T34NHO3qPdB+8L4v8FdP30/9V0vf/o/v1HO/ffF8TPPV33d/7fS9dd6AEi7e7++4L4uafr3v979evuAevXB492770viP8X0PXe/3vpup/u3nu0v/dob+d9QXw9ut4qPMg/PX9w3vMMJfqLRSRdJB7/fzD/tPvpznvCx0NjZSJ50cTdadOYVx//rvJzeztlishfv9jBPSfffbspfpA/Snf3yOeWb34J/QDtxq/f/D7PT3fxwo/x3DxKdfq1oQVxJTEyBW/lrPudgt8PwNMj0Pd6OJmePuXna/R04Pfk93Xvdn0pfsXiotde03HpTnww+7frAM9tBzNAtvuDPd17eHz8tSbo03hPB72e4kyDJ/L6w97rNwEKXt/dGRro1bxo868xzBDjy7xui2lWbrPcPVoUs1lpoIaI9JlnGKqZix1+ouCGJzDOKtrP/aAff8wTDr07fTVkd3odraqmaItq+SjNJqRB1wEZf7BdLGf5u0fpPe9DCcrTe06y8CzIphUEZXuXsEp36L/793qz2M6C/n9skk3fXtTVejnb5lzAo3Vd0jqr5gUm7e7udo28AC1FBoAm1eyaFZH0KskrlUPzGSnN7keSxep8qJbEfOroq9PoI2lm5Xzv/N75Pn35S2BfWOnC0nQTWDsu4b+7s0cBwG3zdS7lr8Te/RRzbbKPKaAhKWJWZ9GvVfND+S9BKFjTQN4GXPGRWSx3L8rL/oD28Lo3Av/zjcm5aK+c8xmwauEQwm+cB7F33/MgXHq61axk/BFHRd0VvGpeUwVDSdw/48/7L/6Yv5xmlb4cwiJuzNnhSPuLb5uHY03+fY9bENU4vuMFuy+usWRHv7ymCbu7eHd3d+/h3r3d3U/v3d99sHNvd+/+zvinVxcfYXFfmUcT1Ok8W868hf6fzi6zZloXq/bRFcl3dTWuVvmS5O7F7/8K/d/9gqbt96b/i+tK0/Vg9+NR+jGttvznf+LfJfTB34otdT/SUdz/9P6orapyktWfLatRSm7w2vxOPVYlvmn4zzonIQN74a+ymmZQQtKwzdo1Gn185yP4wXEWIen9Res8T2dFnU/5XSgB7eV4QWRrP9sbeBcyrjTCryTp6TnlKz/76L/+e//k/+zv/1M/Eu1LvufOzr174HroA3ipA/DEaY1/+V/+5X/+l8f/9V/8d/+Xf+7f8F/9g38SFpz/qD/pP/9j/sL/8e/7g39XetKBJeXHdzfBpK+BN7m6SgUjvpufDcw83MS68sFH6lEHn25UFt+ggojg+HOqL/7Bv/a/+OP/zv/8b/z7/qs/6q/52lpjGHsfY6se7nthzq2g3ZJCOzeT4qbvVbhYYHY/OvpP/sw/UZnVp+R7EYi/CrHsLgJuwNqG5Xevf5CtWKP1A/ANr/fn/N5H//kf9UeILvzP/q4/6D//k/+q//xv+KP/iz/hT5n6LY6iTZQ9BpXae7LIjyYVdvFFftXQjzd5Kf8+L5r2m5nmI1qo/s/+wb/4P//7//QfTVz41TcycV/kTUN+/l39+UW2pH9l5o7ed6b+87/sz/jP/8i/57/80//s/+qv+oO+wcn6oVi6N4C2G6ParRzHe3tfl01umGHjmN7zFtf7z9fo4MOkYtCKvwcb3mzV/4s/8y//L/+qP/a/+BP/pP/yL/t7lKH8l/7f/+9NCmKYOHiUNJ60nmRlvpxR5DHLz7N1qSr26DElxmRJ30TtO7vbF3u//84DWc+/+43IIX+8kT0CqbL8cc/G0TZy3kdmdQNrbKYLnk6Yj7jt9uK/oWf/GR5s7Onq4zB3cO+GEccenf/N1uP2IG+R/TZPdyzB2ktXwm8xW/xYRv5xLwx+Pa+uvqAAlQNfy97ml7PleWXj34P7FIvecgD+Axfwz/3ryQX8L/6uv4v+XOZXvojuPNg2Gc3bPsPCFHveh+zDUUinWcQgdp9bwPmRDP28k6FPv54M/Vd/w1/8n/9Rf4oEUGlUhnbfD+j/12XoQ41pv3/vXW3v2jwulqt1q0uKc1oRyZcfpctsgfRiW+7s/G6cMtz93b7NXz0r8nK2K34tfy0Zxd3fP/yaeHDN8kD+AXWxyFYK8otMnWL8YlDK6pxSmvMMGCDZBwNPyqKBb7o3+nS0e//TEbLrN3Cl77gQK7rhW7ZmZCintjr6wMXiGzjhZs0UZH7uW22kSlDWNu7dTiWpqgVRf//ff4dIbpTuzt6+Syk9ePg+qxO36BbPzeP0H4y5rq5kzEO51sGn74iWxfLtPRqxOKJm1A86g85K+kWm/sY+9HkPlYAnGNfGYC32DI5rLxyXv9i098Ma13u0xjM4lnvBWB7c98ayu/+zPZZbqm0878/QkwuzlvCMn4FB3n8ftvh/y9j8MHxwnAfBOB++zzjx9NZUf/efBU/Rf96PDP7j50wObqebY897zG73AQaBr6dZDfibu6nkNr4uWng6WYF5264e3b3bThbjps2n42Xe9nOu/+Wf+w/8F3/BH/af/+F/1H/9p/2x/+Xf/yfD+fL9t5/x/3icfX3c8ARo7e0ejHfH5CHQ/3fvtuvlMidtc171Ufyv/sE/j3I9/+Xf+vf+l3/vX/izih+eAEeQrZlb6t29WjV3V1XdZmUfy1QWEf/zP/5v/S/+zL/jh4QsngDhq6urDXP9X/85f+V//Qf/qTfPcgizpJW+JVabLeBvBnE8cQz/8z/8z/nP/96/533xvKiq2U9XE2+28smCk9b1XVpGz9+N5+3iG8QdT0+a/t6/+r/40/+o/+oP+kP/i7/o7/rP/+6/9T//E/+m9xrCdbVuPXb7hpHFEyf4f/3n/yn/+d/9tynBv16nX1MtvocBNM/t4jP/eQ/c3gOf97NEX88g39sNFyTeo0M8/x+zztbv/6Fb5/eYdv/5sOHqtOzt/9CHi2ejM/J18cHzX/wtf83Zycv//C/7I3ce7jx8eG//wX/+J/6d6X/5R/9R/8Wf/4f+F3/0H/Rf/Hl/9KPHs+LS727PBtCzolmV2fWjtFiSM5B/CBp4/rO/64/5L/72v1N03H/1h/zF/9nf+/eru/N3YvUI2d8/8e96fJew+YB+RJOnJ9Xqugb7pr9wSr8e7u3s7qTGHG9X2XhaLdLjskw54dKkr/Imry/z2VgB/Bd/DJHmb/wv/rS/8b/44/7gR14u70jG8F/+CX/0f/5n/Hn/5V/5J1M7WvP+L/7gv9Fg/yOFfRt8bofD108bDcOPwOzACd/1+RGp6HpxhKzXpJpd8y/kxJRHv3Hy/wAVXV2Ygr8AAA==" />
        <Entry handle="8" bytes="H4sIAAAAAAAEAO29B2AcSZYlJi9tynt/SvVK1+B0oQiAYBMk2JBAEOzBiM3mkuwdaUcjKasqgcplVmVdZhZAzO2dvPfee++999577733ujudTif33/8/XGZkAWz2zkrayZ4hgKrIHz9+fB8/Inb+HyHf2/QBAAAA" />
        <Entry handle="7" bytes="H4sIAAAAAAAEAO29B2AcSZYlJi9tynt/SvVK1+B0oQiAYBMk2JBAEOzBiM3mkuwdaUcjKasqgcplVmVdZhZAzO2dvPfee++999577733ujudTif33/8/XGZkAWz2zkrayZ4hgKrIHz9+fB8/Ik6++/o3ePFH/9q/xrs/77/7u9e/97/2/X9z6/Hf9oeldz763X/nk9/4N/qd/5X/fOe3OPkN/5Xf6N//LX6LP+SP+kP+tX/pL2p/k3//d/+L2z96/w/56Nf6zh/a/qO//cv/8d1/8F8+/B9/9ff/w6tf8l/+ic3dv+HvP/8b/723f+Of/w9+8Wv8Gp/9Gr/Gr/E3/Uu/9rf/pV+j/sf+qm/9nr/Nn/+tX/WH/h5/xsvf9Nf4g369v+vP+vv+rF/333v5Ey9/8tf4i/7iv/TX/NNe/oF/0B/7N/7ef8T/8hesfq9f49f4tX7N1V80+ht+zdW/9O1f47f7g36vX3v/t/pLfq0/4Pv/+q/5a7z+2/7dP/BfW/xL/9Yv/a//or/0N/sPf/df7+Vf+sf8hr/Df/XXvPgjvvWb/66rX+O/uPt/lm9+1a/xDx2e/uP/5A/+01/5N/5tf/df+lf/uv/nL3n7+YPPv/v2849/8Pt88Ut/8Dv/XX/o3/2f/vh3f40/6s/8E7/7p/22o+S3+Mv+y9/6N//P/8vf8j//T//+/+43ffbo3/kXL++Of40/qP3l/+H/tftr/te/3R/4t/3uv+b/9mP/1vy3+wcn/9j/9fb3+Jfm//d/9+v/Dv/s7/+r/+B/5p+++7vM/73/6g/8389/1X/+5X/9Z/7ff+1/+A/+57/F//TJn/nf/hp/yF979Nv/s09+jf/qt/0df41/5JPkD/gFq3z3N36XpH/X5X//O/wP93+t3/f3/bUmP/P4Zyb1R7/Wr/VR/Z1Xr+pXr74z+UM++d9+xS/7H3/N//7R0f+1/kf+2we/wY9Vf9Jv/lv8Fn/K9z968rf8hb/wH/u/f8tf/7f963+N/+Ttr/H4zT/wL/12v8Z/9Y/Nf7t/bP7b/oU/8f1//O+df/6nPjn9o//wy1/3H/x7/rg/+L/5nX7hb/Ppv3D/9338M3/bH/hb/yX1H/E/f+/dr/0H/RF/9B/xB/8Jf/Sf8If/ob/kN/4N/9A/6Hf53X+3f+If+vtO/pE/8nf/65dP/pn/6P/4df6wL36bP/8nxv/oP/X0b/if/40/7ff/h3731bd/mz/yt/+Lf9V/+t/+GX/2J3/WR3/rR3/U6fjZP/v7/l/f/zP+3P/on8/+rT/vH7/8z//Vv+M3/5W/6nf+df+Nf+u/+4/+mr/rf/2X//B//8/7b/6Ev7n6xf/On/EL/sX/pHn76J/8B//H3/DOf/N7f5ac/VN/7X//5/zej9Nf7y/6S//Sv+Qf//v+mB/79X/H3/Bnfut/5Hc++i2ev/l1/oXf6C/7vf+ij//l2Z/5m/99//pv97//w//i7H//13/33+x3/WvPlv/Ft/6mf/yP+yW//a/xm/yG/9u/v/OtP+qv+3P/i/9l5/jBH/t3/x5P/rd/8Tf/m/6v3/4f+cd/qz/o1/hP/5ovJn/Qb/UH/Od/3+hP++tffPTv3Xv21/1LP/OP/6Xf+fPGbxdf/iN/4Pp/OPmz/8+/5m+4+Pf/5L83+yv/iOm/8Hv+E39YVv2pL//13+p3+q9W6f/yD/xd/81f+2/8R3f+2n/i7/xlv97//Q/8bn/1/3Xvf7j7ax9+vv3v/+CP/v3/g391++9f/tN/z6/xR/3G/9v/+Pv9GpeL3+kf+zP+nH/91/sff5er45/+LUksFr/xH//27Kf/01/1+d/zvd/zL/5r//M/tv1XH70u/va/997f+N//C//9P/8bTf6JP+ZvvV/+hv/zP/L69a/3R/79/90f/1v/g//an/j2l/yC/+P3/s33/uW/7+UP/od/b2/02//Cr969+Nv+s3/x3eUv++f+sx/8s5/9gav/9u/+b/+Wv/D//iN/wz/of94b//Z/xz/0b/4+f+tv8xc+/hP+hW999PBf/xM/aX/Dj//Vf/ZP/y//sd/rl/23e3/53j/9Dyc//vjof/xl/8Jfu/4j/rr/9fwf+a2u/ra/4/KP/iP+hL/6//ydvvztv/XjV3/3+Nf45/+Bx29/21/j/Df6u97+Yb/d7/4X/czf+u/+qcnjf/Xv/YMmf/m//j8+q/70j//A//nRq2//CSeHn/1P/+hv/y//xL/3Y7/H3fU/9+iP/X2//S+eff8f+x9+8S/6D/7YO49+zd//n3z3j/wO13/qf/f7/TV/1j/5N/+uf++/8F//k7/qp/6eP/QP/7f+qPHfd/kf/APP/vb2D7z8sd/pf/97/opf+WL/X/+NDn7N/+b/Otz+Ew9+4b83+Uf/w+/+7v/z4//13/z7f413/+C/9Y/+i2/+iXd//V/3X//Oq3/ul5T/3PaPXfymn9Tf+yP/1d/lD/rXfsV3/+rf7fX/8if8vS+ePfxt3/6d+//2v/2H/vi/9zO/3+/8O/0l/+K/+o//5h/9Hv/8g+2nd7f+8T/vn/ixxW/4u/zWv9Pv/Tv//r/Gn/Kbnz343f+WP+MP/7HvnS3/vF/12/05f9r//nf+m3/gn/1P/6Lf6dF/+I/+stfn/+D/9u5v/hP+xF/1X/5f/8S/+M//hr/Zn/ETf8QfMPn9/vrf5Xf6b/7Zz379r/7u/2T39/+fl6PFb/8//E9/31/+z/1Tv/xv/tb/sPO7vP27/rTsr/u//7T/89/5g/+lP/D//v3+7f/z3/vzf4Nf8w/8g978Q3f/xH/zb/yn/tm/Y/43/lff+wP/yt3Lv2H+7/2Hl/Pf46//n37pb/7d3+qn/8Z/4Nd5/A/9j/f/wH/9F/4T/8Hf+H/+Sf/kv/Jb/O5/80n23/3+P/l7PPztz/7pP3D1e3739/6/69/j//rHf83fP/sbfo+H3z36Tf/G/+bFX/X9X/4f/lr/xL/yl/9v//cv/re/+gv/wF/xG/+ev/T0L/79f+KX/kH/91+6+q3/6X/9T/71/6Qnv/oP/PV/j1/yi77/q/6Rf+B3OPvnP/kX/vZP/oX//Df4S9/9V1d/4J/x+2//q7/fP73zf/9Ff/X47W83+YP+w+n/+lv+br/0r/4Dfo1/7tf8C36N/+sv/Av+r9/w//jD/8hf9c/+N7/Ht/6PX/PB//WfHf5d/+6//Wv+0r/htypff3716zff/av+6j/+3/4L69/43oN/4D/8B/72l//sP/cv/Mv/8H/zd/65v/i3+TOWf+Bfnv97v9N//wf+y9/N5r/37/N//ym//589/Xv/nX/4nx/9vn/7f/8//N2/3//+f3/v8Pf+7t6bP/zX+Wr1N/wG+d/9D/5v/8TfXP+i9up//x1/w3/3X/51l7/u1d+0Wv2dn//Er/O//Dl/5rN/6ZNf8Mf8A8v/5H/4L/6q+X/8B/zHk//kPPulv/Xf/2f+qf/43fzv+wv/mT/zz/u9/ui/5e//rf/P//s3/T//ydXV3/yv/in/5r/+v//i/+X//hf+4L/rp36f/+OP/0MXk//yr8gnv+LBL/iL/+xf95/5F/6Rf/WLf/urs9+w/hf/tX/5X/4fXq3++we/uvpn/q5/408Y/wf/yuXqr/0P/+yP/vd/+/ov/w//u3/2v/tzvvd7/zl/17/7d3//r/nFv/ff9Xf9n7/j+r//D/+7f/Cv/U//3J/6px/9Ow//nv/jd/+7/7Hf4zee/Vb/92/2+/4Rf/F/8V+tftUf+9/+F//Vr7O+av72/+3tf/I//Xcv/+j/4+7v+2u9/vzBmyf/92/4u/wu9/+xf+P//mt+6d/+J/xbv/Tf+f7l9/+bX/8/+vL/+tfz3/l/+sV//Z/y/Z/4M3/8L/nFp7/l7/sn7/2Dv8Wf8Ut/+9/0r3n0x/45f8xf/91f+fqf+QP/h7/0D6L//9//3uf/99/9J/5fD37lv/zX/vv/2b/wr//0H/x//nvVy7/349/zd1j/zOGv9fzX/G1+jR/8Q7/kD7r/1/wPf8S3/obv3v/X/vDf6Pf83//D+b/0a89+zT/nH/wT/u+/9rf5pf/Bb776Nf7NX/p3/KL/+U/f+jf/nX/+nz/70/7If/If/tP/3f+s/k3/k0+bv+2//J/3f9F/8h//p//Ff/5r/lG/1/WjP/vP+rd/6u/6l//cn/qL/oVnP/ZH/PP/xG/z6/3g7/q7f50/9Df57f6R3/AX/Sl/+9/0R3xy/ff+3vMf/LXFn3397/45f/Sfde/bZ//KH/uL/5gf/DuH//b3/q4/+1/6xf/Ov/vw7/pjfvCdnd/34W97+q/f/bcf/0a//LvfWv4dv8Vv9Hv8h79D+7v+yv86/52/P/qvft2/61f9Xf/cu1/16/7Xv+6v83cfP/lDnqS/X/rZP/Yv/8G/3z/8j/xpf8GXf9gv+Mf+2U+e/qa/1h+d/E9/zP+S/Kv/96/16735U8f/xZ/xl/wOdfIP/g5Pf+K3+I3+wR/8r//Vv/zj/8Pn/8e/9yeMf/Lxz3z00UeP/770F/xmf9Rv+Jf/w//5f/Of/0fn/8k//Z//R//M//bv/qF/3h/+1/7Zv+G/90//xn/CT//Pf8qnx7/zf7v8LX6j3+gf/NXZf/LL/8h/9w/8c/+m//CP+S/O/8D/6uFf/OJ/+Gv/iX/+n383+u9G/9327/Tv/b4/8ff8zB/4Xz36P/+v3+hX/cq/4f/+zf7vv/7XfPOH/mb/1P999Nv84l/9e/xt3//390ej//tX/jt/w5/5R27/iX/EH/7X/qV/7x/7Z/+63/nz/+e/82/+Hf+9/+X3+Ld+v+/8X7/Nn/6Hf/x//B5/1e/3nV/61/45B3/0P/P3/N5/0d/wk/Vf9dE/vPpVf9E/9o//hv/Fr/VjP/1//tKX/8l/9lv/Nv/5f/5//tXJL9r/I7/3g//zX3zzE6//2X/vH/vn/7M/8C/7md/61/pv/oQ/+O/5Nf7Pv+AP+7//13/4j/2D/4N/7/m/9q/8y//4f/Dr3P/N/6P/9Rf+5G/z+NMXv81P/ka//A/8jf64/+pfz3/d3/rjv+Yn/q9/8H/50/+jv+Gv+m3+vr/hv/gX//N3f/S3Dv+uv+fPPvh9f78vf/ff7t/79//j/+Iv+fvqn/k//oDrP+nP+4v+oL/ob/rzfq3f5S/8jX7vn/r2n/DdX3P016XpH/bn/O/1P/gb/+e/0z//7929+Bf+wj/ib/m///z/+D//j/6ov+Rv+Nu2PvlT/9lfNfqH/6Ff+cf+1b/44T9z+T/8Hn/2Vv5b/U//0/f/k9+//vv/72f/11/52/0Xv8bnv/uv+8v/2L/xj/jpf/IfffKbLPP/+Af/9K/7G/5ax3/A7/rmN3/2W//m6bd/s1/n1/mxH/uLkj/m49Gv8ev8sl/2lyS/y1/zJ/wnv+Ev+7WPP/pDfs9f+vsdpb/HX7jz1/xRv8Y/nL75j3/9v/jd1u/x5O/7q/6Qf+W3/nv+sn946+Ff8z/9hv/TH/qPPf09/5c/4OiXXv9+O3/j7/RHfffpy9/z209/vz/qt/3dfre7d0cf/1p/yp96+hv/k//5P/db/v2/6a/82/6mf/VP/0P/0vq/+t/v/bZ/X/oH/4P/zC//vz76Lf+zX/27/92/w3e/+Nd+vT/qd/i9/4b/8J/7B3/ln/L7v/y9X/4aW3/QT/85vzL5S/+T3/Y/+bX/z3/sL/rkX/jyn/sT/5M/6Ff90v/mN/g17v71f9jf8Df9T1/9Hr/O37Dzx/x4+hv9F3//P/IXffIb/QP/yF/19/0G//Nf+rdc/tF/+N/4N/1Tv/tvQ5/+zHd/u/YP/1V/49/0D/3Wv97v/x9/8r0357/u//brvPxXfq/R6g//A2tA+N1/m1/z+//xJ7/zb76T/IZ/8B+Gl5798X/6r/EX/lE7/1vyG/5+2V/8yehn/vC766dP/4b26f/2N+z8V8kv+/2zP/iTn8l/8W//Yz/9/eTX+on/9Mee/vO/5l+UvvwNtn6j3+rX/Ete/aP/5K//n/3av+av+t/+4J/5tX7Pf+1/+0v+tP/tD/uD/qp/+g969Gu+/Kt/nb/4/Df46f/lD/qJX/Yb3P+NX9779e7/5v/Y7A9/+Zf+Rr/WP/vP/FP/y7d+gx/7zi/7n//Q/+wP+61mT/+wp39Y/nv+zK/1f9R/5r/7v/+Nv+7sP/5Dfof7za/7237+i//3v/bff/lb/V9/49vffPSP/bN3/9FPRqPf9Lf5rf6e3/fVv7L3f/wt/8vP/Cs/879s/Ud/+p/x287+t3xObX7iJ3+/ly9/s9/txz/++P/4XX6j65fZ//R//LP/8//y5/7hj/7W8V/7B/55f9af8sv/73/o9/ifftP/49eWH//hr/8H/tLmewd/0dHf9rv8xf/AX/V//y9P3v3KP/G3/Uf+71///57/nv/3b7nzf/1B/+A//S//X9/6Vb/LP/Iv/rZPfuz5r/Hr/Q7/8+//+/8Gv/b43/mX9+7+hX/hv7z7f/0vv+mv8+e9/bd+7z/r7/rt3v1X81/jZ36r3/F3/E//xV95/Fv94X/4H/0H/6G/9Df+jX/b1a968kf9CX/EH0ze5C/67X/zR5/+DYe/w6Nf7xfu/jY/9r/+zr/Tq1/vH7p/tFf8Zj/+8G/4e36jP/zHfsv/+4vf+L/8+E/7K/7lf+5v+e3/89/j9/51ft//afn3/86/1t/6S//13+o3+veezP6Z4u/+Zz75De78OX/zP/y3rf+qb/0Hv/G/uPhzf/2/+x9//Lf/U39N+Tv+2Re/7d/x7/2i//I3+82/evWT//K//q/+nX/LH/Hvvnv8v/zy/+U3+aW/zf/yf5zOy9/3Z55MXtWXL5a/3y/9Nf+Wv+bv+Sv+jr/hH/iL//6/9G/9a//ev/KqLX9m8r/8p//aP/J3/o9/7O/1z37y9/7iX/3r/5Gf/5P/2J/5u/7+/8DWJJtMJtPpv/2XPvmF/8Tfd/KH/ON/5G/8B6R/+k/+k7/mn/0nPfz9/9Trf+S3++Jv+JOz7/zDf+L3/oVffvntf+M//yf/+b/xD/61/rnf4Ivv3Pu7//p/Lvlt/qft7ePr5icf/5t/0W/36/6d/+y77Lf5H/6dJ1/+oX/jr/UfZH/lH/PP/w1/z8/81B/3q3/V3/FP/RV/1fTO//FP/rL/5C/8G//c7/w9/8Zf8C/+lr/sv/17Pv4zf5PTP+1X/Ee/390/JflvfvHR+Hf5RX/UX/Nf/bvv/shf+OO/4w/+yp/8E/7v/+s3+FV/9T//f7+9/mP+xDf/yj/0v/1V/0Vd/IXXf9bkzS/6mV/4d/zHb//R9S/8ff+b3/xf+p/+5f/zb/lN/+L5v/4Pf7H49f7tX//Bp7/D7/8n/eB3Wv4R/8APnv73/8L/+Lc8+uwv/Wvv/rV/6V//W53+JX/aL/r8T/6fTv/Mf/0/uPonDr/zu/zr3/kr/8s/51f8qb/Hv/C//h4/89v9c//Cb/sbPvqZ//sX/o67f9E/c/3b3vnn/u1v5av/4Xsv//y/5s9c/R7/8l/35cG/+e/+QZ/9J7/NH/w7/K3f/hN+41/80//W1T/9x/33f9ff/Av/t9m//Tf9Pf/0n/Bf/jv3fun/Mv/jd1eTP/E3/nv/6Z+8+hV//l98/Uv+3N/swZ/96/2SP+nXvh79E//Or/6ff/y/+Sv/59P/a/rXnvwh/+z9v/D3rn/t7Lf7zU7/m3/1T/otf+w/+dv+q1//6nf4Pw+2//Xf5O/99L/79C/6n/7lyR/3N/w6s/1/9OGv+qW/7N6f+4c8/HX+yOTVL9/+c//vP+4f+b0f/K9/3W/6Z/2n//7v9cf8Tb/rr/Ub/PP/0O94cfLXfOe//+t+af0fv/pP3vzHf/nlr5zc+UP/1T/nT/9LHv6Hv8GTf+Sf/jt/0790+1fNit/4L/vbqp/4q/+tX/69v/wf+Gf/uK0/9Z9e/rK/5w/+Xf603/bPmP9mb3ef/x0/+Hd+z//7j/6Xf/3vfvYHP/gr/vXf46+6+7p6+7f+53/QX9VMH/3Gf/0v/T1+6d/8tjr5Kx7/g3/GH/sv/a4/+KP+/V/rn/srf9Uv/J/+6d/ut/4d/9U/9u/6i3/vP+G3+kN/Yvn3/WO//sl//7v9AX//r3z6E9d/+cf7v+8f/+Xf9cfuP77+20ff+zf+vafjXyP9T//M/+MX3v8df7vf8I/5J/6d3+V/+QUHv8Gv/gf/q2//Uy8//oN+x/m/+C/8gXd/gy//24/+6vrd+P/6r/7kf3r52/9Bv/Hxb/5//FrvfvF//2v9AX/67/Pu8N+99/f+M1/88n/u99n+w/7L7/1vf9yf9S/9I7/y7/gfXv/5f/xfkjb/1z/6P/yG/9DvdTj7P4uDv/5vOfsb/vY//G84O/49/8xf+t/8918++J/+l9/+/OM/9I+e/qX/zP/2p/z4J/e+/Mk//Y89+h3+g7d/02/8rx//A4/27vwef9e//Ut/6f/xS//7X/77/dn//n/64sV/+Rv+Gv98W371E//dX/Db/rm/7v/yl/1T//Dh0W/9Z/wO/9sf8ukv+C9/6R/ye/yhv99Hf/G//4f8Xn/eZ79/+ptn/9t3/9s/fv2H/xn/0l/2r/wrf/6f/vd/vv8rx7/G5Lf9g36dP/GP/o0Pr57/jf/an/wn/mlvfqL5D/7ib/3Fv/0f8net/olf81/+h/+pP+/fK//0X+8v+3V/3z/9uyd/7K/8s/6FN7/1H/gP/n3/w9lv9/f94t/s1/2v3774bPYX//6Hv1v2e5X/5W/67X/uv7xo/83D2T/85/yhf/tv82MP/tV/Z/9X/1l/za9q/rb/6Lf6i//o5p/4O5NfO/lD//FP/pKf/i//hb/zF/0Wf/N3Ln/w+/4Wv8Pv/zv8wj/h6Nf+K//DP/qLv+CLX/yd3+mf/gcfP/4//4//ej76bX/1f/Of/Pr/+L/6t/+nf8Nf8pv9mX/7/1Td/Svu/ff/4L92/e4v/1U//efmk7/pN/5rf9vZi3/wn/3n//lf8tt971/+PV/8Kd/+837Z8ZNP//e/+T/c/0//jV85+wf+qr/rH/51/vb/enL10T/9/A/8O/7bX5L/50f/0rf+x8d/ydnqL33zh/6Lv+Hlx7/LP/82/09+vf/13/je73HwD/7dv8F/9wc/+iObr978D//DX/B7/HN/4N/4y//Sv+zfy/+Pf+hbv+zPOf3D/r75v/Knfu9X/f5/7/yX/8LfuvzB3/j9X+MPe/HHZ3cvl//Cg7/wF/wnv/Rf/sW/X9r+svQf/bv/g1/0+g/+y/6Nv+P3+Z3/6aN/+Df7R/66v+qv/MP/q//0v/ujfvBn/qV/1M5v/sf+Jf/cFz/2p/1R/+p/fvFXT37jP/g3+MP+5n/7b/23/6hPf9XdN9X3ftVf+Ff8jft/4J+/TH763/vNd/+8/+sv+ht+h//gs7/4X/3L/urf9Xf+Vx/+9N/z11z/she/1cWv/fwP/t2LX3DyN/xnf8Obf+cv/df+xb/6/Gd+i397fvjP/ll/1H/547/ZX7L/f/7T/+R/+Gf8hr/Ds9/m0W/65s2/88t+/Qd/w5f/2uH1L/rD/tf/4R//bf+G6k9f//Z/xuPf/l958fde/O6/8k/78X96+3f/K7Z+439gvv+Pb9//N/703/I3/S+2ftUf8mf8lb/lL/2pf+Xbv0f9g9/jD/+7/+F//R//D/6q/3j6l/70r/pN/9Df7G/47f7+X/XP/XH/1q/42/+cf/zFr/87/rm/cOtX/Pp/92/5lz75b37TL//cv+h7/9jv9gf/rX/XwV/++/061R/yO/2ibPIv/qW/1v/wL/wxJ7/dr3j62/3pv9c/9r3f/W//M36D//Xz/+zPvfjD/sY/8Hf+G//M7/zWv/PH33/3y3+z/+Un/s5/8L/6g6f/+ovP/rO/678+/SX/0X/wD/zB/+c/8n/9qmd/7r/x553+0p/+W+e/KPud/uw/86tfPf8L/4Q/53/7bX6v7/9vn/3hf+/Bn/LXP/27/uT/8aO/71/6s77/X+z9Vn/R7/5//djf8nv9Cf/cP/Bn/y7/49/6q47+iP/tt8hHf/7v8ev9BX/ub/rZ3/F7/G5fvv1s9bf9or/v4/n3Xr/97/6zF7OH/+PuH/qf/ne/2X+w/9P/0T/12/6yX/U3fbte/zl/wx//L/5bz/+l3/zX/y0mf+mf9Tv/Y6e/zW/yL5/+Sf/ct/+pf/z3/tee/9iv929+8YPnf8F3/vOH9/6Uv+Zf+vd/8Pv8Z83V7/e3/vv/7fzv/Jd/x3/lP//ff71/5e/9XX+7/3P7Dzr9337st/71/4Pk7cFv8+f+3//Qn/Vf/crf4ff/yf/y177/eXX4q7/41//K3+V3/J3P3v5hk6o52t/+I7/49f/9839x+we/zU//Lt/97/e+/Mt//Lf4D//lX/SL/+F/4s94+o//S7/tr/U7fu9vfvsL/sPf6n/8q37ff/U3/+V3/u1f/p/+J//MX//P/hu/2T89+k//pfz3uvir/5HH/8iPP/9z/po7/8f/9Yf9wX/Xn/vH/Bb/6PTytz/8ye/s//V/y5/U/ue/15/2p/7qv/Q3+dt/0//+z/0ff9lHv9ef+Zv8E9tv//r//s/5b//Qv+7kN/x1HvwTv/lvfuf3XT/5w/6Ub/8mJzt//P/6H/9B13/3nVe/x3/32/ypv/4f8s9s/yG/76/8Q7/9t38y+nX+sv/9WfWvHP+fr3+m+rX/8d/5+qPf4e//93+f//nX+5O//EN+xdv/9m/9jX/j//h3+au//H3+gmf/xr+2/Tf/gn//F/wVP/Yn/84Pf9ftu9Xjv+ivTv+bv/v/yv+7y1/yb2//o5df/iG/8atP/qi/7he1P/Y//1H/+//2Z/0J//gf8vEv/lXL8//mb/9T/oP/+F/4L/+V8/92+Yf8b3/i6K/c/jMf/u//3bd/x9+//Yf+9fPPfsnv/x/+0b/3n/Lbrv66X3LxX/xh//kfff70Hxj/7X/Hn3v5Xx38bv/x4b/9j3x19MU/94tn/+A/9a/83X/M4//2r/1tf/r3++V/xi/8B3/pv1//rc2nf8g/9Y/8D//Qr/7L/5h/4R/5Y/6Cv/s3+Ic/+XV+we8+/eW/79/xv/yy3+1v+dd/85/+FfN//x/7j/7k0z/9P/77/oNf45f9q3/En/d/Xfxpf+Pf8UdN/ow/7R/4Cy5+4/988e0//B/93Z7/Ob/D+qff/la/zZ/0f/4nf+OvPvorn/9E82P/3R//G/+5v8G/80f/9X/Lv/FH/QW/x9/51/x2f/Bf/dVXn//z/8Wv9/f8Vr/iN//7fpd2/1t/+L/b/Ln/2r/5va9+nX8w+09fnP6Dv8nv8O/U/8Cv/3f+2b/L77T+3u/16/6Z/+Yf9jf8vZ/8Wr/o7/7L/5Dv/ue//n/5T/16v+Wv9yf/ot/xr/4tP/lNfp/f5b/9Xf7an/pf/oRfeP/f+kWf/KO/7uuP/46/6L/52/6J3/dP/qd+rT/3d/sT/qZ/7A87/Jdmf9nVr/mH/zmn7W/3P//2H+39r7/4l/yzs3/u+G/4x9/+F7/59H//3h+1+o3/xf/4n/vH/rjjX/dv/oX/2J/2h/5z/9pv9y+v3v6dv8Xv85v+/X/YRz/1X/3Kf+7B/7T7q/75P+O/+id+w9/z305+l7/5X/8XPv+9/42/99/+5/6E6/uL77/899b/+m/06/3W2T8//h3Odv+bw3/l41/5J/9X//7f+Z2f+f3v/YO/6E/5Oz/+W//85Pf8J3/Xf+gX/x//xb/1B2//+xd/3+74j/5zvvVfHY3f/Zf//d4//d/+WX/Vb/DrfPRb/37/wu/y1/xRf9xf/zv9A3/E7E+4+z9/+1dMjv+l3+xnvvtHJS//9//m7/4LD/715nf6y/+q5a/8C771K+78BX/m7/Pr/fu/8K9K/8Ff/8E/88k/88v+5xff/c3/71/6J/wTv+Pf+b/86r/+6W9ef/r6089+5f/4G/+2/95f9af9vf/wy3/+429n/8YP/oO/71/Y++I3+z3/98Vv/ff8p3/EH1T+gX/m3/1bLv+SP/Bf+OP+67t/z7/7K/6WL3+/3/kv+U2K3/f3/E1++o/5A3+7v+u3/av/6Y//pu//Kb/ov3y0/uX/0B/zL/y6v8bf8ff+g3/G3/hvP8t+4S/73X7wX/5t//Zf9U//ub/XP/oX/Zn/5K/5t3779/gN/4rf5pf8j3/0b/6D33LnH/w7/tTf9c27T3b/6Vd/xeM3/+HvUP1Wv99//Bf+eb/hX/lnP37zu6//4H/lN/nqn/xNfvyf++/nv/9v87v8Zf/RX/v3PPrH/sX/9a+a/8XHf+Dz/2z+D/6Lv0v7f+yP88NJ8vv/bX/gX/tX/l9/2fr3/M//8t/nN/3d/p3n//Sf8Tvd+SW/5h9Q/o//2y948Lf+Bdv/ZvLb/Yf/4b/x9/427/7S+z/4o37mv/iHimLrt/r9/rh//M7fe+/3+K3+5n/slz3/y/7j/+4//S//k3/i+cn93T/1305+7d/5n/3Df+r3+Ed+vZ/+7z//E0d70//q9/ulkz/q3/yd/6TvTv++H/tLf4ff7S+/uPgTf+Ff8tv+B3/n3//HP/3o4Pf943+t6k/ZuveH/MUfv/oT/pov/uH/9KvftP0j/qG/M//+P/dLf7e//j//Hf6mf+JX/jd/1c/8V3u/wfaz/+y3+ef/zdHP/JXf+e++82f8I//Zb7X6yz7+DX69PyX7H3/s1/xTf/3/Ye+jw7/2L/vr/od//6O/5p/783/B/f/pL/6Lf4f0kz/w83/8L/7L/pV/4vkf/39+5yf+it/t9b/2a//EP/oX/1a/xl/7Z/6n//OfWv01e8nv9cf/9b/dn/rLf/e/55//6eW/MPqdmj/gb/zz/r0H3/7xX6/9U/6Nf+0H//v4Nym/+2//Xr9s5+/9Jb/g8nf5y37Pv/53+wu//ff9BX/s/9n+IeVf/kf/5O/0vT/ubyj/2p9+8BN/+MOP/s4/6Hf/N3/hP/Br/Me/9d/wx/zh/9Q//7f/cf/yX/Nf/I317z7e+rv/6j/6f9r/Oz79E//Wf/43vvOP/y13/s3fbP07rn7mn/7j/+A//U/7U//lf/5P+3Vml//D//FL/5nf6U/6Fb/05e/QzH6D3+4v+hv/73/iL/jBH/UL/o0/7y/7Y//lz//L3+Yf3v3oz7v4g37V7L/63/+4Kn/1d37r3i/8T0a/8p/92/7d//iP/Q1/z3/p3/v+v/UH/eX/4Z/3Dxz8RtXv9N/+On/2/5x+54/a/nd/l92P/qc/5Y/9bv1//Ev/yflf9n/9iic/Vv49l7/t7nf/ga2Xiz/kj1ot589+2W83Gf3X/+T/+vv8fX/RVwd/+P/1505O/5X/4Xf4ravf+nt/3Gf/zl/+S/f+2v/k3//Hv3P8l/2D/+Wn17/i8z/7+7/m4b/w5//9s1/zFz7dOX77M3/f5X/3i/+tf/Tj3/sf/90+/UP+jN/0r/5P//O//C/8y/6BP+Ff+5n7/8efc/FX/xmTv2/97/0vf9Eve/vTe7/i1/6/fs2//3/6G/6X33PnZ/6p3+8n/6+/5+C/3P71dtv/fPc/e/LXVL/WH/5nPnz2K/+HZ7/Tr/lvv/stf/Cn/KLf6Pf99f+Yf+qv/Pf+ldlP/NMvf3D53d/510r+yH/2Pz/8vf+LP/jXetP+2N/8L/z+f/3nv/Xs29/+W/7DH/+N/ra/9m//d7/7e//h/+Wv9xv/Eev8u7/n/p/92//M7/V7/KNv/qC/+p/5N3+rv+Qf/Ol/+Lf6w771a/3Bv8Vf+qtmf3nx6/2q3/5v+wf+rT/gD/7L/uB/4Hf7k373P2r21/0Ff+PZZ0f/6Z975w/66Pnhn7/z3+/88z+xkz74q367X+N3/41+k7/8t/kv//R/4F8Y/Z75L/jHn/1Ff/pv9g//hr/ds2/9hXee/Q+/12/y+m/6I/6qz3Z/p9/9Z/72j/63f+7Nnc8+fvCv/Qu/8rf5x3/9+jf+z/+7v+rf/E3+i1frf/Hf/Uv/s5/4tf/j67/p1/jd/pLtv/l//fHffP3H7P+F/+63/onf5k/8vf6AX/8//m3+lr/vP/vHXv/0X//t3/Ofav+ol//c7/BXPPyfPvvPfpf/+X/9Zfl/evg3/27/ya/x0//5v1q8yO/8a0//p1/60//Z3Xevd//+3/HP/jf/sKO/6eAn/vRf+N/85PQv/fL//DUej/+3v/Ten/3v/Ub/yb/y917+mz/zK5tXf9Zv+Kf9If/Oxfw3+/G//dPqF/1d//i/8e/94OH3X/+J7S//e//4v/76n/vv/8y/63/4s7+8//lvl/1N/8u//x//cz/z3+z/839W+dv+h7/iT3r1a+/9OW/z/+an/p1//l/+4/6ON3/bn/2b7Lz+4//Gf//Jb/jRX/Nrvvrt/tW/7vf/3f/c9te799Hv/PxfOfmpf/ufPP0N6j/8X/hz/qA/7nf9j/+Xv+0//Pf+2d/7T/wr/8q//7f8F3+/X/0H/IP/RfZH/wV/+E/+5//0L97+7f6of+k//1v+8L/uz/pVf+L/+p1Pv/y3/65f/N/+Z3/Hw7/8b/zXfvvsf/tLfs3f9x/46+58+ltMfqvD9X/9D8yT3+fb/251+OJ7//4v/xV3PvrtF3/i77L4z/+3v+U/bf6J5uhe8zf9Vf/G/j/yl/+vf9O3/vrv/CFfPPln/q7f8OJXzX/R+fVf8msm/+ov+CMPfvu/45/8H//k5//+/V/wX/0OZ7/sz/0L/6rmjx1t/8vvyr/mb/71fuxf+uU/9je9/i3+mqp4+vqT8j/88d/yf/yNX/5lv7T4B3/fn/gX/rSfXP13f+Tln/Rf/w4/Mfp7/60/4/fY+xf/6T/v7W/9i+fnf+/ef/y3/cX/VPLb/1e/xe/xb/+ju9/67//Z3+9/+4se/oX/9BeP/qp/9J/9o4vRb/rt3/w3+B9/mzf/Y/boF330Ly3/l9/kn/n3/9SrO3/Zt//evzT75X/DL/5b/9r/6tff//d+l1/2z13957/Pn/qb/mf/89/8e/1h/9N3p7/n9e/75P/+HX6TP/UnfvGv2v2H/tr/7t/6F6/+nMe/5Ff89f/hr/2H/3t/yX/27f/iv935o17+1K++3Pqfdl/+nf/ji//o/1z9X8XDt3/g3/AH/xf/xS/5Pf+J/+Cv+ejZiz/5n/3HfruTP/H3+yN+4//2V/29v/5v2vz+v+C7v+b5t/7qf/7P+It+31/8t//Gv0v7F/zRv8mP/Y3zP7T+/R8v/olf87f8k/PpP/q7/apfdef3/Dvv/hrf/nX/m4//+r+y+B/+7pe/5D/+rf/RxfY/861//l/473/lb/nX/cF/0A9+r3/5n/qLn/6j//Wf/Vv/eX/HH/2H/Os/8d/+n7/TH/WdP+PvSP6uX/9feP7Vb/H9f+m/+p0/evNH/Jb/8d/79O/5t/7w8smvfvQ7Xf6tf9/P/Eb/2H/0+3znL/rxX/ZPV/f/if2/8sFvvLdz/Ut/2Z/1L/yVv8av/Vf+aZ/9hf/Eb/HbP/uVb373f/vf/d4fvfv7VY/v/9Z/0P7f99v8Hr9sK/n9H/8RX+7979kf9N/+AX/qv/D0f3737/8vj//3P+l//5v+x//hT/znrn7D/+zXqf74+qf+mkc/9c/+2tXv+N//mX/m7/LP/aInn/xef/uf8O/9ZveOmu+c/Lr/wmHy5336Wzzb++u//8f8yp/+J/b/jL/o4a/1J/+re//eP/OvHf3Wf/76z/8PXrz4Z//Ov/nP/wf+5v/iT/ixN7/8N/u3/ugfP/rpf/y7f96v+PyT8e/43/1Zf95f/qtWL/603+W//zcu/9ePf9Pf4F/6J/+Z6lf+zX/C//LLfufXO7/rX/Txi9/i/t/xJz/74l/5R//sv/k3/s//+D//B7/ff/kv3jv83uuf/IP+mD/y6D8d/yW//h/74//j7/tr/Sef/73/yd1f47f7/Nf4+K/7p/6I3+W3OPoN/5L/8zf9A/6uf/LX+Kf/jH/5r/7H/+x/9B//ByZ3/84/8c/5ff/xv+Pvufcffu/XfPX9bPfPPf/L279k+Yf+H//5r3j+a3z5f/ylv/mv/5//4+kf+Jv+Dn/hf/+fv1n8of/On/L73fnit/iL/rU/LP2Ff/6vf/+//Mf+3D/iN/vP/pjkl/7vv/KX/EP//Z929+Kv+C0+/sfbP/23+Bf+rr/hd//pv+tf/5v/tv/1X/hN/8+fHv8a7e/xm/xO8/L3evWLfos/49+vfvLqb/vjfo/f7NGXf+wvH//P/9df8if/6f/pH/mb/pm//r/0n//xf+c//ot/p7/yd56Vf8/f+If9Vlt/7X/99x7+Fh+fVL/Pxf/+1/5Jf8d/8zf/S//q3/Qfv/rtftP/4Rf8c4/+zt/68J+//pV/1V/zf/xLf8hf84/+Y99v/4P/8o9Z/Tq/+b/6a/z2f8+/8R/Pfqvy4I/95J958qdc/Kd/8o/9EUX7H/8+T/+bZ7/uf/M3/eq/9ff6DY4u//I/4c/8lf/AH/EPnp2s/tnf/9f4d/6BN3/E3/Mv/gf/+F/8m/9303/l5d6yWjz8a/6mv/YP/u//id/0P/3vXv17s+J7/8F/9zP/6b//J/3v/871r/97fZn/Pr/kx/6hf/RvmfzSn/l3f8Xv+9P/2b1v/x9/V/mP/8//6tv/ffGf/+/T3/buX/zL/ou//4/6d37i3n/0N/2d/+voj37127/9l37iv/+P/+k/+F/+6X/jr/8Dvvqlv+Pv9eO/4Pf4636bv3jv0V/1H/7M03/1r/qbzrLfdfLX/qv//O/9u//jv+d/+Tf9baeHf9W7v+wPSPf/w3/qH/mxP/vqf33yz/xD/9ubyW//n/yff/Lof/y//pi/7+DffPwLf48/54+c3vkn/pg/8K/9i7+8/yf/X8lf/Wf89X/4n/bn/c9/wuLtP/v3/cF/4P90/S/9l3/P3/+n/Hef/pp/79/41/xXv/of+nP/3YM/7s/5pQd/5NGv/4f97T/+G/xhP/kzJ3/RxX+/9S/+z7/uH/DLZ0/+wNPfb/8f/r3/7P/4xeUv/4dm/9Zv/589/u//23/5uPlX/6u/7v/8XV//Gjt3F79X8ujf+s/+gZ84/l/++b/27/sz/tlf9Hv/NYtf8fct/ot3Tx78Sb/HH1P/L5/+Hv/yq3/2//xt1v/uvfkf+6uf/eSv/P4/+4//n7/pH/zP/K1/2f/4W/6h3/uf/r6/7N/43T79Y4t7X/3G/9Sv+989+nv+k9/4l/6+/+P2/p/w+17+z9//3uhP+KP+6r/hb/wy/6f/hT/ln74/qY/+hD/v3/qvf79/798uf8W/88nxf3f6J97/i37sd/pT/4Lf8u/e+guvfpfP/4wXT//3s4Pzv/Kf+Y2LX+df/jf+sh/8zHf/gD/n9/ulv/I/+/Z/9Rcdv/0H/q3P/ruf/AP+xBeLb/3Wf+3u2z/45E/4qT/mb/zr/sFv/UTxp/7ev8bf+xNn//E/9Vf/iR/9o8/+6r/j8lu/8T/7B/+nv+RX3Tu882j64PnkL/0d/tz/7o96+r1/4B/9/f7+L//z/zT/C5u/4/u//NM/M/+7/vI/+E/6N/6df+L/+Pu/+r3v/Onf+y9/wbd/xf/1C84Ofv1//E86/6X/+Lf/3Onf+Pv/Rn/gT/3vf/W/+Pn/8jf+lv/8T/6uf87v9Wv/JXf/rL/9t/5Pd//nf+63+q3/qNPlf/Ob7P/403/s4rf5o/6P89Nf+YuO/oQ/4pc++EM/WvwF//lfs/cPXPxO1//Yv/Kt3/93+N3/7fq7f9iv+Gfv/Y9/6D/+H+/vJ3/4v/ev/V2n/+zO7/Ab/cSv+F0f/r5/+F/1Dxz+ZX/pR3/Tj/3N/9Sf9yt/0YNf989+8eyPev3XPv1d/rh3v2vZ/pf1P/w3HfztD1cnf/JP/t2/0+Xf/3f/2Z/9/n/Qn/mn/c2/5Ft/+6/8dZ5994948uv8+G+9+sP++d/gf3v8yW/38V/3v539/f/pH/DPv/jpP/5/+jf+or/gLz//i4//rt/wv/r7/s//4Xf77u/8N/3rv+1f+5f/9/9s84v+x3/6q3/lr/ytfru/9vMnf8hv9Rv+l//Xv3r0i/+Z7z/7ZPKt7LP2X/rlv+xP+s+P/7Wf+Nv+1v/99/kF41e/+nf963+N/+r61/yffr//49/7R77/2Yvsl/6Wf9eX//LeLxpv/c3f+o//1L/x13z7l/7X/8Cd3/2//4nf/5f8mr/Zn/jL/+Jm/6f+8V/119V/zp/wX3z3k/v1b3P28d/78Bf+2//Zn/oP/vV//Z/xxz/78u+8/E9/rT/g7/vX/r67P/if/qD//Xf/LXb+hc/+4N0/7+/4K/69Vf3yp/+2P+d7r55++SfMv/crfvf/4OHd3/Hf+T/+rv/mV/9Xf8CXf/Tz/yP93x//abv/3T/92+//hvd/xR939+if+3X+6D/87/+d/9Wf+r2f/S3b/+5f9OL/+pk/7B/6jX+f8b/9E39F9v1/4lf+4+/+j//56N73/8o/Zj3+Z/+7P/53/Gv/un/rb/wz/8Wrv/+f/hV//O/6m/zPf9K/+xM/9fv+A//m//Kv/Gf3//Jf5088+vSv+Na953/vX/9H/Hrn/8Sn/83vvff4L/1NPv43f+zvvP8//+Tf/G+8+Pv/9sd/xuO/9H//jf7A6hf9N//OP/vsV/6dq9Gv97f+4l/2m7/6JX/pr3v5q//V//HiN/gb/ts/7m/7xf/jP/J//HNX/+l/+epv+kf+jb/79/s93v0p/+pfXK7+/X/z+//C/p/5a/+KX/U3/3Z/1t/6Mz/+6h/6W/6tN7/qj/i/vvWb/gE/WH9x/g8ePvrvrv+u/+QX/bJ/rvmH//X/8X/68/6XB7/3b3L1C6a/zk//k//Jr/PP/ZW//e/+gwe/2+99tPz9lz/1O//gd/6H/pW//3f9zuvf8PE/9td+7+/4g37Fv1j8e6Pf7Sf3fu073/mn/up7f9Pv8c//L7/0F/0ORf4fHb75/X/1r/0//u3/86/83f/k/+vZ7/Kr/7Q/7Tee/D3bd/+33/y3/od+27+h+NP+wd/nX/v2P/MrTy7+4rOXf86//5d9/99/81f9U7/sP7/3m9z98fPZH/XXfDT6df7hw7/k4a/zHz/5M/+Rf/73+/P/z1/rx37fvT/p+//En/w//QXTn/5r/rFf+u//N8v/PU//+r/rv/vJd8/+8b/73/gP/r3/6ff8anHvn1h88Wv/Ub/v7/Rn/YF/0n/3+R/5F/zCf/hv+HN/3/Pq9/m7/7of/+t+43/+D7/4/i/9u/65f+cf+d/+/XX1L/yJ/+Hef/PJ9Lf9S/7iP/X/+lP/2V//88s/99v/6d+1/+/8E3/aw7/0X/1L/pRf81//K3/n+//EP/7gDz7/A/6TX/X3/Xl/2X/+r1/e/5V/3Z989Ov9Ef/df/bX/Pgv/Be//4/d/+1+n7/h8F9a/1lv3/3gv/57/4T25e+49+5v+Zf/9u/8Kf/z37b9t/0T/8ff/sf+YZPp9V/20//8b3G2+5/+4nu/2x9V/rN/yR/w8Lf9v/+iP+3ol//F/94fP/4Ff/EfsZj/9//md3+f7/xBr37J27/ub/7WH/kP/4vf+qtPf9fPf/9f8G/8Zv/OUf3LDv7bndO/4u9erv7+X2/x/N//Df+KP7n5M/6IX/iHffSdf/of/sHf+EVd/+/f+33+q//0j/zPf0H2S68nf//v+pf/+7/GP/z98ex3/EuX3/1vfoff6cd+YufwT/k7fvHf/uX+H/hrrn7wX/3N8/O/8f/+a/6zv+v1V3/3P/OL//Rf9Wvu/x1/0b/6f3z6u/9MfvHH/Vn/7d/w5s89+mr3N/zP/8h/4S/5K//97/yy3+Wv/Wf+0t3jv/93vfqH/7pf8if/kn/8Nz34rf733++/mf37//vu7h/5y/6rv/lX/dT/+IP/8Hf8u37ZT/zmf/3R5+Wv/N8e/1Hv/uBfu/4fv/cX/H4/+C/e/Zp/+dV/8I/8L/NH/9fio9/2Pxz/SX/+l7/BL/5l/9HiX/r1/ozf5G/7nX/17/Bb/tgf9v386nt/9l/0/Pf9z5dv/rP/9W+4/lt/2fKn/+8fPP2n/p1/56/8Lf+C753du/N//Zt/6W/4r/y9n/+1//nf91f9acl/tf27/OW/+B/4/dKdP3X6m/923/oTrv+I//oP/R/q3+HF//b3/8I/7B/+l36PX/Tdv/Kv+vf/nG//Hv/GP/9f/cJ3b3/Z9/7MP+dX1dv/xW/++T/6K/7Grz77x//iv+u/nK7+zO/8Pn/0X/6H/I9/1D/3j/zx/9KzZ3/UP/Sv/Q5/5z/x2xZ/+D/+nd//H5id/rlf/S9/39/35+e/Knv1W/zFv87v/J//q3/6H/E//jp/9b/06nfd+W1+wb/0V/4b//Hh7//qL/ilJwf/9Z9VPr3z0f6/+uzO9/7oX/ujf+HFP/4bvPwH/tL1X/A3X/75s1/1m2//N3/PP//7Lv/mv/g//rt/5V/0l3/+VxV/4VfLe//J4lf+F//pb3Lvt/xn/84/o/y3/+1/9W/+z37wN/0Lv+vrP+Pf++3+1z/s1R/8G/wx/9Bf9L1/6H/5nX7VLz79l3/n0/Iv/QfWf8d//Y//L3/H9PHO1Z9/9Jf9b3/3r/pD/9D/4tkf94ff+z3+z2//79u/5e+y+y/8Yb/9P/OX5kfb/8wvnf6S3/B7/9lv8p//LVf/4m+y+/rf/pVf/Zf/8l/zT2//Wed/25/2e/1Of9w/+B/9daOTv//qF/wXf/6/+vJX/k7/7X/7L/2p/+jf+O/+gn+z+Sd+9/0f/8X/65P/6Dd59vv/4tHxR//7n/Sf/DWP/95v/6enf/s/MP6N/8hf/D//j0d/41979Jv90//d3/Z7/J9/xT/0j/66f+hP/KPl//h7/Am/8x82/av+qHu//X/1D/zBf8p1/bf/t3/YL//9f43/5d+//Ev/mn/lL/5b/8b/4r/5O//e/+y3+g+/nTz6C7748i84ffAb/qp/98/+7//FP+vHfte/5X9v/sXD3+Z7f0H15/2SP/SP/v0f/NKXv/8v/d/+lH/3r3p3/Xf/H7/7X/K3/yd/xvpX/O1/8eP/4Xf/Q8/+wD/xt/9jru79Dn/4P/5rnP/V/90/+Wv+1x999Nf/5b/LH/nn/INv/oJ/+Df+vf/7X/Un/Ct/UfGPLf7b3+v3uPwLFxd/2J/+n/3ip6PRP/g3/IW//K/86W//rsn//TO/5h/wM/vT093LP+Xf+e/+pT/jJ/6cv+Cf+LP/jb/2J/74h3/RP/38Hxk9+N//vWd/4V//B/7xf/bh/zT+z2efzv71X/hPfHbwt/2V736rf/gv+Aef/Imf//Gf/+o/+q/6yT/k3/mT//zVd6b/x//69rM//Y988aum/+H/+TPVb3X8P/69/+C/cfTP/Pd/++vf63f4me/90j/gn976Ff/RP/7H/bP/19/9C/+Pv/gP+Pg/ePs7/hl/52/yhnT5f3T1i9I/7Pf5nf7Dv+rZb/ob/XZ//uVv+pf9s5d/6T/6h71Nf+m/89f8X79m/vf+Gf/83/6L/vb/9Hc8/+U//p3f/q979K/9Dn/jf/16/df8t//Nn3rxk3/BP/0n/lW/2Wd/7X9w54u/79f4vX/r/+QX/NLf8be+t/xf/4yf+rf2f59/96/7b//Cf+sv/bN+7z/wr/4n/pu/5R/+L36rP/P3/tN+8Kf8X7s//e6XfvLr/hf19/7Jf+D3/lcf/43z/+rNX/pr/sl/8+/0L45//F/9b/+C//jh3/37/WffrX/f3/PfKz75Zfn3f9Wv9Qf92n/+v/1b/eLfvpic/Tsv/u+D3+1u89v+5C89/1f+t9/41V998Pv84as/6b/6a2bf+b//lqv/9k94lv/Y57/hT/5m9a9Y/8e/7OV6//uX/8DvfXX1z/+t5Ytf69e9/LvGf89vcfEH/+nf+z//zj/1j/wN7/yKvd/tf5ks/49Hb5//C9//V//T//Z//jt+7C+s/9uTf+ffy/+k3+I7/9Grv+1f/01/yX/6f/1af8rjP/G//gee/53/2//wD/7k3/5v/eYHv/nf8hN/4W/5W/15/8rfvv7Xf6//4b+5/Iu+lfx6f8JP/XR+MfutPvkvfrN/6+/7u/7bv/Zf/O//rr/hD377f/3Xv/n/8Cf9La/m5//Z//DT/9xv/j//C3u/6vf+S3/6n5/917u/5I/70/J/48/6Qz//z9L9v+YPv/7V/9Vv/Mf/R7/yb/j7f5uHv+zzX/2t3/hPv/xNF7/sb/4l/9af/pv+If/Wbz86+Ff+wv/47//nfuunv80v+cN+j+1/7G/7L6s/4N737v4LP/H2x//v/+JP/Z3v3vvyV370j/zKX/Sf/93/zt/61//315//+f/uT/3Hf9FHv+J3ffKPX/3XP/5//n4//mdnf/w/ef7tf/f/+K3/ze/9hX/mH/zr/HP//m/29/9v/8OP/7d/9F/wj/0f/9Ln/8dP/OK/6/Qv/Uv+/D/t76z+tb2/4tXf9gv+xT/ir/1781efPXzyv/2Vf/Vf9g+vq6v/7fHf/re9+Ff/jf/6Nzz7Z//UB//R7/DwF/3Wf81/+tf91//d1i/5Gz/7K/6kH/yJv/hv+B3/iuvPfvzTP+l/yX7pv/Pv/lW/4/P/+i8vvvWbJw9f/fjrv/dX/G97f8y/8tf8x7/u7/hv/lF/+O/0e/2Wv8nf/7uc/KN/35/xv/zNv9Wb4ze/+z89+hP/0T/4f/tr/pt/5s2f/1+k3/lNnj780//c/+Gf+j9/vcvXv/jz3/R3/e1/6z/i3/6j/7xf/e9+8j/9JX/09/7e73/+T/5bT54tHlZ/639Z/ZP/+f/6m/x7f/sfNX/xS/+Mn3rwF/11v0n2B/7kP/cH/9F/2r0//rt/4D/2h/0Zy3/11e/4+q/823/Hv+v3OLr3a/zG2fQHP/Nr/m9bx19+53f6C8uPr/78v+j3vf/r/hn1r/7v/7C/4lt/6+9b/sF/05/xV/9Of+aj4h+483v+Vn/P3/sP/rd/3q/93d9w8j//1N/0D/82v/fv8Pv+lb/h73H2L/wtzctf1b77E37yt/39f/C9v+Of+HX+6Tt/9p/4u/2he3/5H/OP/P6/9e/+J//9v96f9ef/u2//9Nd/4c9862Lrl/6+B//K7/iX/sS/9m//Zf/hX/5f/K+/9O9al3/89C/5b/+Bv+0X/dmvf5uj/+xP/9v/uG+f/cp/93/87N/4vX/s//yf8j/kP07+st87/zvP/6Lq7/k77/3tf9XrH/81Pv7yd/2ryv/yj/x7fsni39z+8b/my3/1H/rp8jf4rZ7/ob/l3/K7/Lm/05/1yT9y9Wf9s7/w+y9e/Dn/4s7v8Usu/umf+tce/Z2/6xf/y6/6J/6U5vv53/ZP/6qD0//y//wb/tv/5bf5T36fn/pT/s0fu7z65H/7Rw/2f4+/7x/95Q9e/tTRL/v+f/8nff93+mP/yX/ix/7u//sv/U3+0v/h9/xP/uD//pf9Z9/+557/dX/Uuz/i6i+pftdff+fX/Y//hHd/xfiL//TX+Dv/k3++fPR7/CO/2T80yX6nz7/92/ybf9hvU/wJf9wf+kv/5D/i7/nf/6K/5Qf/2PfGv+zj8YO/7K/+Df+s//w33v+f/tLiN/pF/+Dpr/y3/6LTX1X/s3/ID948ufr4z/yt/tA/7/7H/8Kjf/6/+h+++6f+zp/+V1fn7V/75M/+TT77O//Zv+UHf9Gv/6f88v/td/hjfs+/9/7f9uDP/+f+mxd/zFe/wx/2Z/1hp//mH/73X/7Lv/jNf/v7/mO/00//QX90sf+//C9/8p2rv+xf/w9+5T/+Gz/6o37ld//Uf/Dgq63dd//w3/3Tf/KXv8m/8Rv8d3/vL/kb/77/7V+b/xe/avUP/c2/+h/9bf7pP+jX+7XOPppMk9/nd/2b/qV/8lf8N//kX/2brP+Sf/ryX/wHfvwv+6sO/+uD6y/Lren97/2F04//jl/6e/zff8rd//rt6s/c+x//h1/1L/wT079n+1/+T37NH/sd/61fa/vv/ds//41/7b/89zt/9uLor/+vit/k3/vD/6tfNr/4hX/kP332t/zY//Rbnv7bF/9C9Vt+9Zdf/yv/zvkf/6f/4n/k+G+//4v/ot/0X/nz/um/8Q/55//TX/Xr/4+vk3f/4J/419Y/+F/+h3/1l/83f8+/de+v/nP/sL/6d/hV/8a/9N/nv+e/8tf/zr9y6w/8G7/z2/2vv9dfnv2i3/Zvv5r8x3/d7/Kv/BV/18vf5a/+g/7U//4P+O1+y3/4f3j12/x+/9L/lPyKf+LNb/eHTf6Kv/3f+U9+wX/1J/2SP/zhv/iXP9v7vX7vP/kP+LN+m9/ix/6nn/jeb/X7/Irf+k/+Ax/+qwf/1F/z2/1bn/6dv91vsPf6z/kvf6/93/I3/vJf/71+o2f/6v/+t/2t//Lhj/0Hv9/vvP3Vn7b9p/9nv9On3//09B/4Xf7av+O/fff4J//nH/sX7v7j9Ref/O7/wh+wt1j/mZe/3T9y8Vv+feW7f/IvPPwf/qmjv/7Vv/Q3/gejw3/yPz378u/7BX/5/OLuL/00/XV/0a/8g//8j/73f+4/+I3/1f/9+i/96Z2Df+3OL/mj/6qrk6v1n/vXpP/Tr/Wb/V7/yHd/wdW93+a//eJv/81//7/x/K/4vRbrf/OP/kt/44c/84+9rH/hX/Hn/YK/+B/9yfr/uP5d/4Pf6xf+t3/BX/KX/db/5j/zGz/7B//Z//Hf2/t1/8d/8e/41X/vL/7bv/3vPt5Z/W2//l/zj/1jf+1/8O//yX/e9z767//F/I/85f/K9p/8D/2Hh1/8rvXf+Wv+Tdf/48O/8p/4jf+ZX+t//C93/tPf+sl/WS7+2x9/+mf94f/E//a//m9/0J/0Rzf/wh//z/1z/83f+J/+6y9+r3/l9Z3f7L/8id/j/3zzS+t/6Tf83f72J//Wv/n3/su/Kv3T/8bsO9Xv+hPj4tf7/Y/+27/99/6HV0/nf8Nf/S/+LX/j6J8s/539X/kTv+if+yv/g4v/69e8Pyu/9Uf9D3/vr/17/Qa/7//4N3z2+/15f8cva//G3/zi//7NfvzPPfj7P/mb/rpv/ab/6O/yZ/2T/8zz7/4Xv9Fv88//Rv/gbzn6d/7Gf/tP/ivf/IG/03/96/1Ff/2/cfWb/nPNo+/84M/6l3/VH3//8fi3/n3+zz/9n/vfj37p5E/6d77zP/6K/+bf/cf/4D/4X/pt9n6H7+/85ln+J/z5P/7r/LLrP+LP/tv/6j/37/tXf4s/4slv/qf807/3/d/l4vT3/p/+ojd/y7/xe+/94X/79367v/dv/U9/3f/m9/rkv9/57/6zv/W/+sP+l9+q/tPb/G/77Lf+/Fv1X/T0b/6v/+mnf/FP/C+/8j/4lf/1H/Pyb/sz/uN//E+/+7v8If/1H/cz/+b/+umf8hv+x4f/xy//w07/xf3V7u//yV/wn/8d279o8c/80t/x7u+0bH7vk7/n8+Xqr/jl//6/+Vv8tb/8F//S6ce/45/7T/8Xv9bv+V/+l3/yX/nFjxe/9Nf8DT79Z3+nf/i//ct+rcP/4B+8e/GH/tq/xU/9Vf/+X/79J9/6T/+zf/8Hf8Rv9ns8+2v/8n//j3r3j/2bR7/51h/yV/9f/8ev9R/9fZP13/pTv+fvvv0f/an/1N/83/7v3/8lf+fuaT77Lf7I5fF++gv+11/4D/8d//D5T/6tv/yTv/vNn/77/1P/5a/1W//KP/2zvS/++3/5H/5z/+L/6fDP/oeP/52/5k87+WP/u3/yv5v+yX/X3/aX/7p/1if/ydNf8Gv9aX/t//Uzi4f/yW9T/xd/+//xl6Z/+F/0Z/3Wf8Rv/f2/5Pmnv/Z/cu8//Kn7/9zf/+v/4Ld49Vfkv9E//V//htd/zn/yG/zMH/7b/dP/2L/8e/8m3/nb/rv/8q//T/6w/639y/+2X/3P7P8bv+X1H/nP/m6/4PfO/pg/7G//S7+39/rfHv8B/8uf+Rv9ev/oQbMolv/Rb/Rjf+SjP/n4i//24b//9/7dv89/P/0LfuIf+7N+k3/5f0x+39/wb/n9/8v//a/b+XX/7v+p3f6lf/Xv9Gv/pX/8H/Gn/Xl/wO/+gz/npz/5l/+cv/xX/lF//+/xe05/5l/4h/6A3/vo9/2zfpe/9eq/e/0n/6d/zU9+/+85WP6Rf/3LO7/wb/rL/6h/8Z97OZv+sV/96at/8F/98f/jj/6xP/VPffPo3eLf/e3+mF/6D7Tf+vu++wv+/N/hbn339/2fXv/Cn/z9/oD/7pe9+Y//yX/39C/5vb/88R/8z7/qF/9vv+Pv0v6B/2N58u2/7u2/+af/I//Bj//7/9O/+Xv8g7/kf73zR/2Vy7/95e/x6/0e/97hxw/vff7jl//df//33/8d/5iPf5vz37f+A36LZ//CL/4X/+Rf/Vtf/J1/5T86/+v+/rer9Bf9hSev/uQvf/Jf/7P+h3/x7/3D/vu/8A/6Qy7+1PJP/s//2r/2v/zzfuLf/Z1+5z/mN//x89/tT/4j/sZ/5i//i/7EX/rn/bm/66/6j3+j32f/z/r8o3939Ov+wm/9w6d/1PPf53/6T/f+o382+b1/9z8vOfv1/s3v/qI/8487/OP/oBc/8zf8Dn/DT/3Zn/07f/0vefDv/aU/+Ef+4//gn/o7/s9/4Hf59/6sv+Of/J9/4f/wX/x1/8Nv/E//F3fu/Tr/5e/93b/5we/z8Pj641/8C1d/2Yt/8g/N/vQ/ZfIb/W+/xV/74nf677/907/iH/vf//PiH/0Fb/7z3+zX+/3/1F/6p/6e/9N//9/9Bf/D9f/xR/3Zv/v/9Tf87+M//2/+e/+n/+Pf+nN/vX/x9/1D/oHPD/6bB//sb3/+X/9rv8+f+Mdf/DlPf9lvf/ILfqO/5fw//W+//NP+/P/9z/zf/vZ/rPzf/8W/4c/59H++uvszv0n1l/8Fj3/lX/iXUZr+y3s/9Tf8yw+b//jP/SN/nX/py7/kV/xNf8Gv+t+e/ya/w39+9+L5T/6Bv9O/8l/8yt/9z3q7ffSvpv/kH3XxG/8Vv9cv+4vW3/vqL/uT/4Pf5q+9/r/+jP/gN/v9/8U/4eLPvvPf/avtP/NP/7Z/6au//fd+8Bv+3v/Nj/9Hv+0X3/2/t3/mt/2nf43/+8HHv+Uv+ccfXf9NF7/Rv/f68p//fc7/3l/+4k/5t3f/3L/lP3r1h776+7/3Y3d+vX/0r/7NHqd/6b/3z/9g/2//ff+g3/Uv/g//2j/1n/5P/t6/9o/5Xf+kv/97/8jvs/fVq3/+d/yNf5c/8tmf/qvW/+3vt/VnfOtf/V0fV//K//Cf/kt/xd/0D3z5U3/DX/wv/KJ/9d/5V77z7A/9R/6HP/Bv/wv++Is/+o/4F//cn/7jv/Vb/8Z/ffpfXP0mv+3Vpz+5+tv+oX/tL1j+hes/4M/+fX7Jzv/52c4f/Cf8ro9f/2//8etH//1vsfXL/thf9Vt//uv/Q3/wf5r+8R8v/vE/Kvn1f+XoL7z8s/+K7R/7F1b/4fd++d0/efnX/fj11U8c/tZ/zh/+X/2tH/+m/+N3/vqf/JWjv+B//zcO/sTf+k9I/7Lf5T/5D36r3/+v+At+v//5N/wN/t5fMv63/75fOfsP//7//J/8Bf/q93/f/+h69Rv+s//AH/Ar0n/ht/gX/pN/7s/9T//Ff+Hwk38z/3v+oH//v/7kN/uzr37DP/jgL/3fLv7Xz3/bX+Nv/EP3/uVf+7fOfupb3/orf+nv9rv/vf/R7q//3e//+f/Rkz/p//79/tVXf9Gf8zf94n/7P53+Pn/s57/yf/v81/uH/rH/4/f6ib8+e/MTv3H1R/77/9iv8Y//oZ/8cd/7Hav/+Fu/+f1/5q/7t//G/b/9b3vzy//2z/+Gf/kfvP4d/q5/9b+8+Gu+88/+Vb/qf/37rj/7S3b+93/32/9R+xdOf+I/+2OWX/6f/8mf8jcc/03/+3/8D/8X6R//5V/wxyx/q3/wv/zLvvXj//Ov/CP/vfm/9ntN/8sf/y+/919ub/9lz6q/7+///f6r049+8T/65/36H7e/zT/yM7/JL//y7/v+f36x+zf/Hr/57/If/H2/xm/2u/zz/+L+z/zLv/jvLB//Mf/6/b/5f/kffq2dP+U/+eQXvfpv/oM/uT25+6v+o/P//o/e/iP+0t/0j/8Vv+Dv+eL80b9y9+/8C773d/91f8b//qf+hf/aP/dvn//Nz37Lf/DP+DNefXL1u578O//Xn/Nn/uXp93/pn/PlL1j897/BH1/+5dnf9Kf/t+N//8+5+FfzH2//g+//7//Rb/17vnjwh/wxf8vf+b/8+n/iX37nf/iZf+tf+0d+3b+o/Us/+0v+13/31/nPf+nf+p2/+B/+t/7+v/wP+epv+y//0//kx/6Sf/z/+vF/4Rf/+n/OJwfPPvkFv91/8ef8Fv/Gr/vtL37j/+Sn/+4/8zf52/6Xv/JPffpf/2vF97f/nV/0i//aP/X3+unTX/U7/8L/7rf5E/+o3/q3+41+vev6t/sff/1//E/41mf/0O/xy36v3/HP/jf+lj/tH/nnX/+n/9pf9b2PftXP/Ct/2f/xx/3af+aTP/veD77zu538lt/+9/6cT//58lf+Y//cwf/4dz37b/7b//3POvoF26/+7Dt/9qff/tf+mr9q9b2/9s/8bf7F/C/91t/zP/7EL/2H/9rf6m/K5v/ub/lv/pHbf8sv/tV/6/Vf/jf9K//D3/8b/MTfdf3fffsX//qv/sDf+q8++MEf+V8dfPzThxf/4m/7x/87/9Hv9Rs8++nf+A/83X7l26P/+Ozv+Of++v/4l33/6P86+p//4t9+/v1X/8n2LzwY/4ZPX/zfv9Zf9L//p3/8l3/w/C/7B/7s9unf9z99/A/8Bcs/40/5M/+Xn/57/rRf9kf9CW/+i4d/xM/8k7/vn//LHvx6f+2f+/f8Z3/o//7rvvoT9v6X/+wv+85P/M5/zd/5p//YH/YX/Ml/0n/wW/5Xv/tv8Z/X/8rpwe/5Z/8L//2/+ef+D7/wv/3THv3Gv/Cv+sP+nd/nr/mxX/9P+Ke+9Vuc/z7/SPObfevuv/Hf/QX/1C+a/Vn/yu/4C/7O53/hb/T3/5m/35/+Nz7/JX97/Vf+l8t/4J//F/74v+T/asc/Nvo1/9v/6m/7tf6L3/oP+eN/zX/yd//zTv7Nf/7v+JMnf+6v+b/+5v/zb/R//nF/9x/1fPYb/p/JP/Gb/yvvfsnDP6b93f/yP/XP+uX/x+/w8s/+H/7pv+Lf/R/+mqs/9a/6vX7mN/l3/sjk/7j7l/4rf+zFL/z8b/8rH/2F//Yf/wf/D7/0t/+1/snf/G/+s37iX/ot/8u/9A/94/+K6j/9rQ5/4n//T9vf/+6v8Z/9cdnHv/8vL36rv/6P//wf+Ltnj//KV7/Tb3zv+W/9Z//u/85f+dlv93v8Jv/+v7H1h/2zv+VPn16Wv+fn/8LPvPg7Xjz9TdtflvwWf+GfdOdvPPg1/uWtn/ovLn6tn/w9/tr/rP37fuy/+o8//5l/+ff81f/N//1v/MPf/Rf+wT/i8nf56d9z+gv+wt/hL/z2//wn7f0az/+T3/a3+rv/k3/xd/gv/sPf9Rd9eyv7Xf65oyerp//2X/i7//2/15/za/5Fv82fe/3X/ud3//v/6PCXfOsvfv27Ff/7f3D348d/1G/zX777y//XP+u/r3/Fpwd/4y/9X//B3+5//0e2/unfYvT7/eV/+V/8l/8xf1jz69/7p/7J3/7x7/1H/Qf/3b/4G/5Nv+ztX3B49dc8fX69/Ov+1J/805uT3/DP+i8md3+Nx3/Mr3f05/1j/9pv/QeVf8m/8yf9OsVH/+T1n/QL/rLf+zf/k3/Zv3D17/9hf/B/9Ffnf/Rf9Qd+8Xv+4r+ynvy6/8N//5v84G/7u/7e53/nj//1f+JHR3/Gu3/rr/k7/tvXf/izz59c/Xu/zm/z+/2d/+3hP/Yzf99f/tv9W3/PH/dX//hv/6f93ff/4//x//4n/t6//l/5xX9zOf5v//p/4n/67st/75c0/2t1+Zf/Hv9J/dV3/ub/6Ff9y3/iX/q3/SEn//b3/uvf+G/+l//dL/+AX/LX/xGXv/6f8Wf8Kb/Rb/kv/e1/w6/4LU9/3f/mt/7D/oI/9M/6z771C/6Wf/Av/PtOnv/Vf+Vv99//G7/Gb/Dn/El/5frX/Lf+mN/0F/9t/+W/9ct+1Z/+H/0T/+Y/8Mf/mS/+wr/8P/gzfpe/4T/7A//ZP+K//O7/8HDv7z35rf6zP+ZP+8/+tn/vzn/2p2Tf++3+hV/1a/4Wf/T/+pc//xPe/ao3d3b+wF/wt3/3P/yf1w/+jeYf/fj1f/Y//J1/QTP6M3/P5hf8tn/bv/wX/YG//b802v57f42/7o//3t89/1Uvf/tXP/M//MV/yp/yr7U/8QdMf8u/ZOfv+2P/+m/9Fn/0P/W//Rl/7h/zG/x1/91f+l9c/GZ/4Ku9v3z0t/2Pv/wv/jP/iz/41/offovpf/7xP/FXf3n65Xf/9fm/+q/8bdOf/nV/7K/4Hf/E/+7RL/yN/rDH//35X/Gvls/3fvGD/6n8k/7pT05/82n1u/9Bv8vp7/+v/Ed/7R/z9/6vv9v5f/kP7/72/8c/Pfq7/un/89Wv/3ft/jG/49/0a/yLy7P//bf/Lf7pX7Hz8A/8p3/p9T//X/y+v+gP+fXO/75//+/7B/7kvyX54/+Rf7g6P/yP/r13r/+Sn/ip3+3bh3/unznfm1z8C3/3//LnfOvBb/ub/96/7M/5S/+Pz//lR1/97b/wz3j+h/42//X/8Pud/+Lf5+/+O363//ZP/jt/0fSP+7v++9/5l7/8n3+9v2D/r/5z9v/d13/4X/qvfPf0d//3f+3f+H9K/pC/4n/6L+/tnvz5v8t//588/Lv/tX/4N/3ffv3f/O//a/6e33tnWf0ZF8vr+b+Y/bKX/8761/j1/93/7ou/+k//G6p/9O88/q3/lT/43/gPfsVv/Jv+1Pf+9//6T9j/9Hf9/T/+DZ/8hv/GH/P2L/6JP/x3/wt/v6ezz/7av+WXr/7dL/6ef+IP/oNO/75/6s2dv+Wf/SW/8//++Bec/3nf/exf+1X/xf/wBz34K//Y//Mv+bcXP/0//q1/xq/z2/0Txb//T//3h/mf8vf8vf/tH/Gb/c5/1M/88ue/4o/+iT/+b/q/tv6ST84+Kf/+v+jv+zd+8Nv/07/Dn/X9v/38L3v5LPuJX/K//nv/2Ee//O//NWe/3Z//p/yS3/sv+JW/6C/+v35fYu8/47f9h//2//ij32f+R5z/lRf/6+5f+L3f+/H/8hf95O/xM3/Y//aXTX+Xf3H01/5v/+L/8A//1Q9//3n9T/9T3/81ft/s+R9c/x6/1q/3M3/z7/QHfedX/35//39y9jf82r/b9o//hb/dn/Tpf/3b/6X/xt/1O//ef8m/96+ePf+f/+Pf4b/+bf+gP+ujP/ovLXZ/pz/y3/+pf7b60z/6J5qvfof/9d/8r/7W//Df+S3/9f/14d/3O/ytv+8/9nf9qtH0B3/ar3n2+/xX/8mvOPj8Lz35dX+P7/09s+lv8t/9xb/oe3/109X6T//3/713b/+0v/rs+C9Kf9vFH/RL/vG/993/+uv/7R/9t7/02//U7/ov/At/ze/0xX/4d/zfv+Lvaf6pv+e7v/Hv/ev9r3/Tz+z8K//E3/nJo//rV6yf/Ku/5+/46L/5S3+/v+WP/N6fc/7b/ev/0PRX/hG/7v/6r/6317/ydz989ef8nf/rL/yj/sK3T//gX+Pv+Gu/9U//B7/0f5z+rn/A3/Du3/i/fvKf/df+pN/sD/8H/tL/4l998N/+Kc2f/5v+mb/u2//j//zr9n/Dt//w31b94v/iz/h1fvW/8Vf8Bn/T49/me//93/97/MRv9mN/03998Xf/WX/hf/Sn/Z//22/X/Ie/27/2h/16f+o/s/3v/urf+g/6sX/4f/4D/qBX71Z//+/1S//vX/Ur/5Kf/jee/4rf5eVv+Cf+yt/yX/1Nn/063/0N/95/43//P3+Xf+fPvyz+wL+++L/+gj9z8dv9g//af/8//Vv/3L/2b//6v/bv9Vv/V3/Dnzka/xrN37jzd/7l5V/6Bxd//N4f9Jv/Af/Rv/v01/9Xf51//6/6tdsv/9bf7B/52/73f+fR//rv/rJ/ZvTP//P/xJ9y3O4e/WV/+C94+uLkF9+b/ql/1B//Tz569h9+a+t//EXVX/dL/oM/7pP/7nf6fR78c5c/s/hlf8vsv/nr/4XHv8vf/Ot+/Ovv3X/9E7/H//onX/0af+qv9wf8hb/J31zd/yV/0e/wG/52f1/25/w5f9Xv8jv8PX/Rb/kX/1Vbv93v8huP/szzy7/09Z/653z/b/it/u1ns3/+v/3lv+n+H/87/lv/y95fd/CX/dZXP/P7/95Hf+3fcOfP/X3/4vE/8enqZ/7dl7/j7/XR//3RJ3/Sf/rFn/DHj/7L743/zoPfYnz9E7/j53/+/P/8m37r5V/377z8r37Li1f//b/2i3/d/+ZfOvwL/96P8j/nr/j1fudP/or/5c0X/8Kv+qP+gjvpX/3k+S//Pf6jf/7+n/vfj+4v97/6pX9J8Qf/bn/gp6u//zf5HZtf/Cdl/9O3/se/9Pd++W9/9Jed/T3/zF/62//gk4f/4F/7R/8+P/Mrf61/6X/Y+6n/4C//zj//Yz/x1a8e//47f87/8Od/mv/9/+Pf/nt/ev/o7/1P/tPf+jf99//70x//W3/7L3////roN//dk/979eDq1/2Xfs//9M/4nf7gv/vf+iX/zm/28Dz9xX/Yz/xbf9P/vj1p7/8f/+lf9eV3/+hf/6//A/b++1/3D/hnPrt8/nf9R+nVb/Twd/7tnv2lP/47/6LpX/Y3/gl/47/3jyW/efs7/Iq/5A84/oW/xS/9jf+oP6/4W3/13/UP/nN/+/7+X/7P/Rd/2K/3G/zdv9/v/Vte/rb/4c/8fn/LH/2P/5V/wN/8f935337jp7/89/kTLv/8P/o//k++/e2/4P/4o//JH/9rj//HP/NX/6e/6W9y9O63+Z3/xl/1d/wB2X/4l/3Yf/Nv7v3nf/7v9Ff9jr/1n/Xf/dJ/62//D6q/63//6O//i9K/9E/9g//qe7/dn/1n/bm//u/7e/5Wf83v+fv+ZPG//9q/7Xf+g3/sr/qT/pp/7h+sLu/+60/+rJ3f5nf+DcYX/9sf9fDzv3Ly6i/81fUPfv9f40/4d37B3771B/5bL3/x//w//M3/95/2J/7CF83l//h//Jr/+P6PffUTf+tf8t/+Ff/Vx//jp9N/bvdX/KYv//B/+Tu/7l/wN/7d/9Ov+1vk/82fef4Tf/LlX/hvfP/oP/w/f82//O/8A/7qX+/X/rf/w89+5z9w8Te9ev4r/s/L3+o/Of1H/tZ3f9B/+Iv/6n+4ffSvfbH4L//33/zZd/7Bf/T3XP33R//0X/CH/h7ff5Isf8Nv/13Hv0fxX/4Z2W5+vvyxf/cv+Hv/3l/j3/4l//PJL/kt945+1W/5D/xFP/nv/pa/5W/64E/5p3/B//zH/+Z/6J/8dxw/bn+n/+R33/oL/t3ld/7BP/W//Ff/kT/mO8l/8V/+dX/K1Z/49//RP/0n/8+/9n/x5H/5X3+bZ7/ev/DjP/nX/eP//kcfn/7mz/6oJ3/WT/6iZ09+0z/zz2t+1z/w5Lf7vy5+9X/+S/7K/+O/uviNftFf8Xf9lb/xn/H7/qP/3euf+P6/8/nv8hf8Tr/5v/JH/YJf8N/90b/Nb7H17jf7L1/+Mb/kX/pt/oHf8u3v/Nf/O7/0b7g/efvbffw//H2/yR+3/x+P/qZ/7I/4m/+B9JP/86/6X/+0L//u3/13/PbeX/pbf/qdX/nn//f/7L+z/Cv/25/4c37vv+HJF1/8r3u/6C/8637h6z92+w/9fU++W7+7+t/+3v/+78g//guaf+df/Md+n3/q7V/6e/9tf+PP/P3/9l+4+Of+43/sr/vTfu8/7t//Rz/9FZ/u/5bTn3n8D/7tf33x0//Fb/zLf7O/9O/YnvxB/8bs8vj084N7f/Gf9S/+9n9q89W//dd+/Pov+LP+t1/9Y8uvftnH/+O/sPh7/pkvz/+uP370F/zqP/yv+yP/tD/2T/7fv3ee/up//pdd/hd7/+7//r/+s9/5K//zf/3+n/qb/2W/2R/yu/z5v9tHf+tf/D//GY9+s1/r+//Ywe/wt53/ea/+/t/0D/jF/9lf+Kf8/b/qn/ib/sM//c/+qx78t3/b2R/4B/5vO2//tX/y7t/y9736H//mv/fuHze5vP83/xXN7/r9P/B/+m+v/tE/oPk3f831b/M//MJ/7z/54/b/hY/G/3b9E/9o++P/zLf/yb9kNtr7a//x3/UPfvUHL/6UX/n9P+WLf+z3/fKf+I1/35/+XX7RZ0dvLn777/2S32S6+t3+9Uf/7r1//s/9C/7Db/1LB+f/y9/xP89+t3/rb/yr/ow/9r/7U/6P/+W/+xsO/8Gz//jv/Dt+p7b9Z371mx//fSb/+i/4b5/9sZ/943/Hf/Mb/9P/9L/7l774va/+6m/9MX/pv/WH/j3/y2e/4V/3+T/9Zy3v/Xt/0vn/+tf/Nv/j7/l3/GH/2fP/+L/5Lf/Iv+f6B+2Ly3/rj/1nmz/61/zj37zZuvfL/tg/+E/+A37jyz/jP/6Vf8Jv9Be/zvf/6P/yP/tjfpdX/8mf9o//S7/4r/0j/vB/f/If/Ct7ze/5n7/95A+b/12z3+b3/VP+qT/0l/3G/8OP/S4/9bt960/5x/+Jf+J/+t0O/+t/4Nv/zq/38T/7R/51f9/f1/xx//H//Ox3/TL/7Zrf+913/8zq3/pH/o5/6a/5PR7+Zb/Zn/df/LW/yT/+p338H+f/wD/w8s/6y57+7Y//yz/lH/5P/7P/4pdc/Q1/4D/+b/1V3/5zfuonjv/lf+Qf+D1+7z/l9N/7yem7rX/y6I//vf6gX+e3+xv+9/I3OvoD/s30j/17//jv/ga/7//2x/0a8z/h4a/e+cN/m5+4/zf/bv9V9lt8/virP/IP/uc/P3rzp/5xP/3Lv/2v/i3/yR/zJ/4af/nvk/x+f/h/9oN7v+jv+4P+gN/8r9r76//Bf3b14G/5Q/+Nn2ke/e5/yOMvf6OXP/Wn/N6vf/Xf/Nf85L/8q/7h/+APHF9u/3Q++vumd/72v+Qf/u6z/+wP/DW3f89/5R/8a2Z/wp/3vxW/xbM/8R/9Lf6Mn/iP/tj//W/9Lf+z85/+Qw7Wv+g3+ew3ffqL/+Z/4PXF1f6/+Ov9a3/xX/i7/Fp/29/8Dz/+W378X3/4p/0Gv/tf9T//DX/OT1/+3n/QH//b/ms//kf9Fkd/wb82+pnf6zf5a/6if236l/yzf+F/8Nv/9H9zfaf+s8/+haM/7p/efvrk8vj3+b3/8z8w/21/2V/8b/6yP/BX/It/71/yV02+fPHoz/lvfucf/5//tYe/0X/++t88Pf3szb/yJ//Go91n/8pv8jv+nv/qLzn+iR//Ne78Tn/wr/pf/9N/6k9+9Ud+9tWbv/M3+Z1/u+//yf/zf3v9P/y+1f/82//XH/8Tr7588Cf8llv/6mdf/Hd/+b/2b+395f/3r/FX/h7/0q8+G/2Kf+jX/uv/qT/o9Z/47Pd6+zM/8Y99Pvqt/pR/5k/91/f/iB/8O3/m3pvR7h//6G//9u/wv3z01/8h/9f3/8T/5D/4t//nP+vOr/XnP/wFv9kv3/uXf8Wv98/9W6+/+zf9Y3/p/d/5d3j6y37y9/3Xzr53+N/8Wn/67/23JD+df7H3T//S2R/w1xz83W9/8h/8Y//af/Of/cuf/VP/0H/6l/w1f9U/88f8bn/o73n9rYsf+4v/6r/4H/xVf9S/9of89Y//ov/9y1/+f/y+/9b1X/Nr/JXf+6t/p0e/6L/7E/7JL/7eP+rP/69eff7uX/qJ/+R//pN2/pd/7V//m/62n/hvfq8/5X/4z3773/EnfvM/6fQf+vX//d/i1/nddn/hX/l//n5//qO/4i/52/+rv/i/vDr6bvsT/+l/9b989S//5fW//uv90yd/3Off/vgX/vf/6+81+uv+x/2f/l9/i3/q7/h1/thfcvQ3/mn/yvzve/Tv//q/xT/5N/zNf9cf9Yv+9b/qz7z/2/9x/+Sv+qe//B9/yd/++Du//z/64rf+tf663/z//jVenv5Tv/Kv//xf/Wv+63/hx/7rz3+b5G/4qb//N/3OX/LnnLzLfotf9fFfP/t7/4Ns+lvt/FX/2b/3P//SX/oX/B9//T/5b/6Nv+Z/+V/+K3/hb/17/rJ/4m9/+Bv8J3/xv/avfP7FyXee/gU7f8P01/g7/8p/qvzsxe/5G/2BZ3/n3/Pn/Jt/485f9dno8v/83X+r3/o7f9o/9NV/9hv8Fl/9Xh/9KX/T7/Ff/8G/Qf53/E1/4V/6x/6Ff/Xf9At++Ze/5XfWv+edf+mf/xP+ob/tb/6jP/nn/oG/5W/5/MXf8dXv9Rt+6+yv+pP+u2//g//br/4D/uZ//ff76//zf+VvGB2N09mf8Sf88X/0r/vv/D5/+vns0ZM//I/9qb/rT/jio3/sf377q/+m0btf8eSzX//3/qT+1/61f+2v+HP+mEc/+B1+uxd/9X/xm/9Rf+hP/e9/w8tPvvPt//vXmHz5r/4Hf9Ojv/43PfvjX/1nv+Lszf/4e/3hf9yvv/8PJ//a7Nd8fP/l7/SP/oa/4Gemf8rDo//h3n/5b/zV/8t/M/2n/7M3v9V/PW//xj/8ze/z9PIX7Pz6/1Hxd/7q33Tx5/xaP/iZ1a/zv6//kcffP/29/tQ7//M/8ff9nb/i//41fo3tX3X0f/6+67/1H/oV48f3H+18/xee/Xl/0l/yb/ydv+3//Wv8vquH//ev8Zv+4L/5S3/9v/K3/5/bP+3NX/UfffRn/84n/0w5+5c+q3+79Q9OfvN/6B/8NX7f//PLf/Di3/wb23/yt/wHnv09//O3fqtf88/+Tf/XV/t/+3/59o/97f67g49/xW/+T/69v9Gv+O/WP37/7yp+0f7yb/n2b/Eb/HX/wZO/8s2/WJ39g7/7f3bxH/9Wv+G/+xf+1//jP3z8T//O736X3++P/RN+/+Yn/+k/6a/7a/+av+Dtm9/1j/nW7/6n/xvJt16vv/8Tf/xHP/Vv/42/+Hf5V3/xL/kl/+Bf+Xf8Qa//2n/t+pf/21/8Ovt/2z/98s4//Fc9/dt/p1/zt/1f/+3/4fjJ8d/2t/yp/+Iv/wX/zeoH//Nf/Ds9+sGf+gv+w4vf8d9487f/rn/bF69+y7M/5Sz/V3/6D/zxX/sv+1P+odXRX/nv//Qv+vPWf83qv5n8xK/7p/zCH/zRv/Hv9K2X/8o/+jv+Bn/pX/fp7/47/F53/5Tj3+Vf/6P/lT/v3/otfsm/9V/+jW+u/4I//6M/+zf6p//Xf+1v/vuf/qP/6G/27Hco/o3/7M/+Hf+E3+zuf/nH/t+/xt/4P37+2/03f8Sf/l/9nn/pP/F3/XG/11dX2fnT5W/8z/9pf8qv+4//bf/Tr/+v/5J/+Y8/+29/ycH8rzr/n/+hf+B3/Bt/w9/h1/zLf4Pf9hf+H3/E3/QP/urf5Zf+fr/2Z7/46PvX2Z/3T37y1/0Jf9I/+Vf9Xnf+1sO9//3f+hv+5L/6D/rx//Mf/LX/g//tN/tB+av+xPGf86f8UbP/4Xf+3X+r+bO/9b/5LV/8ncn/9E/+la//4sl/8Hf8Tn/Nn//jf+o//o++/M3/9V/rv/jb/6n/+vf/E/7p/+Rv/u1+8O/8w599dPJ73f3D/rL69zz95Mkfcv+v/D/nf8XffPrPfvSnvP5jf8mv/3f88t/i3cVfufvk1z/9HX9w8df8socP/ohv/TV/3N/yb/6z+3/LP/M//K7f+ad+11/ye53+mr/uP/hH/Edbn/81f8nLX3L+f/0l/+QfvvUX/Rpn/80f85v8pV99tvp3/vU3/9pXf+Xud3/d7cvfdf/gV/9Zf9if+Hf9tf/J/zL66jf/ie/sv/rv/5v01/jL/sSzvf/lv/8/f8nf/Sf+fn/D29/vd87/vV/8T67+h9eP63/9n/+dfot/6rf6J/+z//n4y1/n4nn7r/3Xv8sf83uk/8ff9Nv8g7/2v/87/jN/5N/43b/uf/tnDv7T73zn2//W3/k/fP7lb/V7/s7rr17973/f3/Jv/R1/+2/0b/xuv/8f9Ev+tv/r++Wrv/Qv/nX/3d/0ZPSb/8Qf/dMf/xG/8A/5B4r/7G/7Lf+zX/cv+EvevX75t/9OT/7rf/K3+M3/yb//d/gv//r/5rf+y3/T7/x9i7a++983v9t/sv/7/1YX3/u7H/3td3+bf+nv/I9+yZf/5f/8P/xt/+L3/rVHPzX9r/+Dw+vvff/kt/hJ8m3+i//8T/z1X//qv/jX/ht/p7/gL/jxX+ftr/izf8fv/7O/92/8yS//DX/p73X/H/gr/4M/+r9tP5v8Vb/il/yB/+4v2f6/frf/+9c4/h9P/tm//pf/m49+wY+9+jVf/TNf/hp/1X/0C/7Av/Wf/Hsv/sbr9l9Pf50/4/Lv+da/t/V//dv/4L/2J/5Tv83//vv9Y7/67/y3Hv2bX/yNf8Pf/mc9+41+0Z1f8Z1/tv5jf/Fv89v+R//Uf/QH/nWf/Q9/9n/z1/3gV/zG9z+594ftPd7/F/7pT36tf+hv+4fqP/PTf+Mf/hPT1Wf/w9/23/zd/8ff80v+hN/gX3v8l3z0j3/3f/2LL97+lv/wb/sLf+U/+Ct+5X/z3b/xzZ/wN3373/61P/pLfveP/7T//c/4Xa++/Vv9W9cf/65fff6v/on/9P/xi/+lX/tf/eu/+ye++lN+l7/jT/iJ7e/8sz/+5/5zT/6aO8vf86tf597nv8MfUt6tfumP/4t/7Z/w2YPf60/7K/7Sf/AP++Rv/9v+5tPv/db/+x/1D/8av+Fv87//6r/pb/z9/op3v/yP+xv/6Tf/xptvZ7/Ww99p/mfU/9mf/tv82v/EH/bn/npf/U1/09/0C/77v+CzN3/VL/+v//KP/vLxn1zs/fm/5z/zv/9lv+K3+AP/tn/4j/g7fo3/6/P/8t//o3+N9cu/5O+796/8i7/9r/sH/YK9P/QP+XJ7+e57f+I//vf/Lc1f8Of/ld/5Z86/+vyX/3v//u/5n/ybf9en/9n/+Qf+o//Bn/gL/v5/7c/6PZo//uTVn/IvXv4nO3frxS/+A//Ef/A3+z3Gf/+/+kt+v1eHf1b25J/+33/tf++nzn/9/+av+jWP9n/R//V3P/7Fv+I3/U3+/t/v7/nL279i/pf9NX/K1n/zrd87mf/lf8Dv/M/+Wss/+U+9fPz7k6b8wa/8e6Z/42/5n/8rX9bL3/1v++U/8S/8Nr/O7/Ct8yf/8N/+W+Z/+R/1h/5z/8vv8lf/H7/43/qdl3/bf/2bf7H/t+/9Uf/Sb/dX/0t/+LcO/oT9X/AX/1bf/bvGv8fv9vv+h//+P/Uv/n5/47/4l5+Ovvjqd/uJ//1P+Q1+79/yL/u9v/3mt/irf9Gv+P3/mz/w6N/9bPn3f/ZP/je/6D/5w367f/jo9/n1/7LHf+Yv/8d+xz/k93z8p/5vv+BX/rL/9j/4+7948pv96X/s8b+x/Jnpd/7M3+Ov+l3/wf/qt/m//pD/6//8X3/Ff/PL/+ff69f+e3+9P+nf/gP/lj/z01//vzr7B3/1f/w/fvVX/tR//a/8N7/GV3/7H/5//xr/1n/wT/xfv+Lf+N//k/Xv/ef+u/9t9n/98rP/9D/4v/6Dv/0fW/8Wx9k/9K/9m//7/1n9iv/sF/9b/+2/f/xn3Dn6Y/76y//jd/kbf/Vv+H/++r8TFNAvffM3/n7/7W/3T/xtf8Zv9A/9Lv/U//7L/vn/+9f4i/6jX/0v/x5/69+4Pnqc72/9g3/nX/c3/m7/4KM/8VdU/9Mv+D9/31/xN/6tf+Uf851v/2l/9O92+vLXrP6i3+G3+N+rP/CvuvidftN/6hf8in/yr/+Zv2f6N/zZP3WW/mG7e2d/w+f/6evf9F/9nSb/4V/15/7gt/2vPvsf/8jv/TeT3/qffP3v/T1/zF/62138ij9896/5C39Z9g9u/4t/9T/42/5f/8D/evqDf/Of/Yt+r+v/8t/81h///L//wW/3X3zrX/4j/87/8J//nf+tZ7/Gr/uH/06jz57+n4vpf/+P/Xp/yZ//ez/49reK87+hGf2vP/i9/6Q/eP2v/k5/yf/xj/wxf8e/+uv8nr/37/37/4m/OL346/+bf/7R9V/6V/zg7/mj3/77/1j7Jz/56I9If60/8fWv8a/+Nn/7Pzb/+37Tv/h//dffTf/6/+hX/AV/5u/y+at//eU//nv+5J/x6n/+b+/+x3/CX/HfFv/t7/Zn/4Pr//qv/lW/0+/yE//R7/8f/Lcv/vbf9zf58/7r3+73/KNPv/iN/+I/7t3f9o/8nf/LH/b3/fS/+Nelv+4f+buOfpv/8L/78h9cv/rpg/ajxb93//tP/v7zn3z5B/2a8z/o1/7Hf63/+9f4c4//sn/3n/ln//c/6zf9r379//Lf/7F//PH//i/9qj/ul985/p1+s39k/9f8nb71x/wzP/Zr/MnZX/7H/Am/1d/8v/+H/+4Pfpq0e/On/N3b88eLT771p/zm61/3d3l5/7fMf+0v/rvf9N/8b/+HX/5X/pk/9a3f9Ozv/s//qr/6z/uHv/jxv+/f/OQnfu/f6u/+I/7vX+Pb//Uf9Pf8fX/YL/n2L/8r/83/4K/6A4/+mp/889/94X/ZH/ev/Mu/+5/3Nxf/xe+2+6//8umP/82/+7/9D378v/zSv+C/+41//a/+m/pf+W0fPE4ffPrbXHz0b/xOzf/9a/zW/+t/+OU6/cv2/9v/5l/6y/7r//1PXv12//Z3//d/7y/8pf/H3/Mf/ud/wt/7netf+K/9Q7/ZH/T7/NI/4+P/9hf/n/t/4z+4/kv/hL/433jy9/wZ+7/rX/bj3/49fv+/8Xf7c3/Jb/Mf/K+P/qX/65dkP/2d59d/wnf+2Ld/0i/9t37xnzFZ/JXf+Q3/jMtf+H//Gv/9j/+3/+P1L/8nf7+/8W98+ev80dsn7/7J/+rvvvzb/5G7Dx78zf/53//f/SZ/5+/39/wN/+zp2Yt/4ce+PfkT/sv/6vtkV37tP7P6h37lf5/+Z//7r/ib/sDq29/66/7109lv+lv9K8n17/wP/9hv/c/+47/5p7/53/o3/65/+Se/4m/6j37x337nH/3r/69fcvVb/HV3f6e/8b/5M77YffKH/Tf/8x/x6S//g36Pn/hdfv//+n/81//bp+3/8Dd/5/f9QflH/iH/5t/7d//9f9tf8yf+5f/U//Gr/6f/9N/8e/7vf+U//Dv+sl/7t/pjnv2Nv9fO7/T7/gXvfp3/8+gv+GcefC//Cxd//x//h5/99Y/+vvq3/rv+6Lcvfudf//f5tz7+9//ck3ryH/1lf8If8vfPP5n+RT/zp53tf/L7/06v/vbPft8/7Z/9A3+3Tz76tf/F/+b//jV+l+zw2Z/wyy7+nn83+b/+sp/+J//Xr/7Bf/pf/uW/8Pf6jf+Zf6X9wb9x+n/+6b/zb/UP/J3/3P/4G/+9f98v2v+zR//A7/D3Vhc/Xez823/c84M/+Lf4Ve0/97f8beU/dfYH/2d/9h/41f/2a/yC3+Ef+iP/zP/hl/97/+7v86/91n/GH/Z//xpHf/lfsPx3/rN/7/LPXv4h//p/9OQf+t+nn31V/bJf+7/9jf6Cf+N//Of/ye//sf/sv/rf/zu/79/2p/3qP3F59of/FX/BH/9Xfev//jX+yN/zL/5r/4S//C/7636ts39q979e/To//eQ//Lf/z//2d/y9/pW/+n/79v/1B7S/87/1+/zK3/hP+fHdv+GvP/k9/uXf7Tf9n9qP/49f8Q//S5f/4z9890/4+//mv+C3/rvLP+Ff/mv+0X/y93/97Mf/hMd/+YN/94s/6s/+X+4+/uKr3/nxn/jsW7/m937rP/0Pyv7FXyv93f+cf/13+kX/1e/66/+Rxd//T//09/62v/m/+h3/ry9+8f/wZ/xG//ev8Uuyq9/ke7/L2d++9+c++8H/8W+c7P7Jf8Lj0/1/7Tt3fuo7/82f83f+1Opfnv77/8bv87vVv8Xv+gf8GqNf8u/8y//23/6PP/iz/sn/4tGX/8DvVtR/wx+Z/B7/6Mk/+df8I//8f/k/Hdz9s/YW33n8Fzz48d//j/vv/plH/97+wf/+5/xer/7o+h95fP7sL3v1p37xxa87+xXpP/nJb/VH/fs/lv5mv+Q/+N3mF7/mP/A7/PK/ffzf/w2X/+Wrd3f/97/vf9//B/+nv+g3+V/+m9/nwW/67Vdf/IX/zJ//r3/5t/0vv+j8TvqX/MlF9sf8EX/Jn/nP/j6/+/rV6+SP+dbob/tfXv1ev9vFP/4ri9/t8n/58V/j7e92/0/6e375L/ib/u5f8y9If/EPfpvf48/88p/68y6++3//GuNf+k//BX/kr/sL/5vyXzn/O3/yP/qH83nzm333H/2b619+/+/6q3/6b97/5W/Wf+yf/U/9m8d/4l/7p/zhX/0pf/JP/en/+PM/6T/4PX78n3pS/I3f/hv/yh+795v/G//gn//xL/v07337K3/f7/2VP/a3/2b//X//p/4D//Xf+R9860+s3rz4u/+7f+HXe/6v7/zFf+lffPnr/Q6jP+Rf/V2f/6H/9b/8O/z7P/G3N//9v/vsj/k3rn/bf+Dky/t/5f/26OEf89v/yk9e/o7/6l+7/auK/+UPbX/lL/0f/q3f+d98crj3D/6af9f/8v0/9W+/98/8yae/8U//57/od/wbf9c/9B9a/Mxy51979B/tHv5ev/Pv9lv8a2dnX/zKe1/9qunv8/Fv9Df+dyf/7M/863/f4ru/xf/137/L/rT7v+73T781/6W/+9H3f4P/9ft/xn/wO17/Rv/g7/Lv/l//4slv86v+g7/3r/xd/+b/9auj/+4f/k9/0b//yd/94Bd88jf9nX/cw8Uv+/z4z/lDp4v/7s/4T377P2/96b0fe/xv/9Qf9cumq08f/U6zl//bX1383n/Q//Sv7f1bV//iP/jkz/yr/8Df6p/+5Hf87r/5F/+h53/7//G7/ar2N/0L/v2//B/8s3/h7/LX/di/+qv+wL/2v/zXP734RX/+2b/2/T/7T//v/vy/++RP++8/+9f/sH/vX1k+b//5P+4v/7d+x9/iz/lbf9H03/3x098i+6v/m//lt//3/orf5Xf8Pf/nzx//7n/1r/j2ePbH/Qf/03/29/5Rv/hf/9v/9r/9T9n5m//I3/1P/4Me/RNbP/W3//i/8Off/d5v8Sf/U+PPSRr/1H/2X/1Lf8f/5fUf8DN/yF/yH/75X/16/9V/8Ku+/fo/+y9f/Us/84f/e3/yr/gHfvP/avXHfu+rP+ivKP/+o5f/yr/43d/nT/5r/rI/ppz95m/+zX/+x3+H4i/743+nZ8kf8peMz/+BP/PX+wf/599//DfOFn/JX/27Tf/P3+/vf/gHjv+Hv+pv/Id+5dV3/9ff73/6K3/zxfHf++Dt5H999J9v7f3r1cF/8x/8k3/pn/np//L57/3Ld776x0e/1d/+S8/+suPfafl//Cl/8Xf+/L/jd/7Nv/+3/ZV/32/5f/1+f+ry3/yr//c7v8F/93//Gn/Mf/UX/q9/46/8vf633yX/T/7qy2fNL/rj/sLLy1/ru//ZL/7173319H/7536nf/e/+BN/+l/4H7/8g3/r+7/if/vs7//j/9E/9Nc6ff1r//Nf/Pb5oz/61T9z9mu9u/y7Ppq+ePz2T/hrf4vf95+9+vX+wt/jV/yg/Xf/5z/17v/15/7Sn/yVv0s++0W/44//tn/rf/P3nPySi//l+nf+G//2v+X3/uv+/qP/8q/6qX/hb/p3/uX/7O9c/ke/xcV/80lx599++5/8Vr/p53/in/2n/XV/0t/6603/ir/77/xj/vf2t/sjtv6Ev/CX/+O/we/xL/4XPzj4936jX/Zb/e2//q/4yz75a/+7V3d+3x/8kj//9/zr/t1f/Zv+5n/P//5X/IWf/QV/4u/yJ/y3o+8/++mf+Rv+k3/m6f/9a/xjP/W3/nZ/1h/z3/0b9U//nX/K7/M7/6L//vGv/O6nf/Kf+B/9ifmnf+4f/p/+u//9v/yb/+//4283/b/+zPv/y6/4Ve33t//o9X/w0Zf/3Y9ffvV//xrPf42/8n/5Vf/X93+3q3/ylxX/1V//d/9h/2z5N/zJf+nf+M9Wf81v/K//O7/Pb/RX/G9/9R+9+tWHl4vy3yh+uvj0r/sN/qft3+8nH/9h7/699l968eT+Z232ptj+q//8/+Rf+W/+13/mt/s1/5l/+q/6v3+Nv/+7f+kn3/7T/8a/5O/58b95+hf/6vb1XzP7H+7+mb/zf/tvX/97/1f+19759P/47f+av+VfP/jvfpOr3/n0J/7Xf+B3+MP/kD/kL/vbX/4Zv+ef+Pv9d3/db/dv/8vlv/k7/fa/7z/6O//j/969v+zv+X0Wf8a9//WP+N3+j7/vf3+9/Kt/jT//d/sT/p6/fHTwP6W/5v/1m/zRv89f9U//53/tT/8t/8pP/Od/bf2v/Ov/zP/yb/xv/9jf/uwv+YV/4tmf8hcdPv5T/7I/6rf7vf7a/2b8G/+f/+E/8i//5b/0L/1d/szv/Mn//X/1e/+7f+Af+Tc8++w/fv1Z+bf837/Gb/sH/dO/9bOT3/2jf3r3r9v98X/nL/kb/obXW3/OyfXvef53f/wT//sve/vX/mH//f/8a352/973foe3f8Qf/eVf+Kv+9//xd/yj/71f8S9uL+/+ll/9fr/Fn/ubP/ynv/vs1/nyt7na2/m9L36P5q/9p3/B55+8m65+uz/+d/sP/qG/cPmnj37dn/qz/+9f44/9r3+zf/Bv/Tsno8U//Kf+57////qD3+IX/c3/61/zn/306qs/O/l3yj/s9/mpv+7p/v/+xY/9Ua/Gf+df8Avn/8nf8+ZP/GUP/p4/7Cen/9sv+Ff+6Xz5F33nN/7t/rP/+9f4a/7+3/7fbn69/+LV0z/nf/89fqM/4Hef/lW/6hf8O//pv/Rf/qX/4L/5e/xGn/4Z/+W//e/+lb/kf/jn//nv/nH/VH65+P3+vb/or/wjf8df7/S/+mVf/Cl/5Vmz8/eXf9Nf90/84Aff/Yv/xCc/9Rv8y//lr/vH/o1/x5/xP//HP/E7/Ebf/Ut+r3/8t/1b3/11P1385//X79T+y3/3o3/3pxd/zj//r/y91e/wrxd/153/9X/49b7z6H8r/tvJT33xd/4Jf+TvcvLrfXrno//zL370r/7657/RP/kTky9+1f/6v3z5/ZQw+wf/4//64R9y//72n/DH/4tP1vWrf+Tf/UP+/j/nwV/5V/8xv2Tyu/1Z//yf/u6P++k/6b/91h+8lf2Zz3/PP+I3/Ov+9y/+qPHf96f91F/4+/25sz/+7/3x/+3v+e0O/9iH/+vvuP70T/+tf+af/ZP/qd/qD/n2t36HP+/3+uyL6a/3U//OH/N7//p/8r9w9Kf/Rn/Qb/ZbvfvvL3/59/6pX/Ff/1f//T/0O//7v8a/8h/9p//of7r1v/7pv9WvdeevfPff/C//wp+S3nmd/tr//b/9r/35rz7/sb/9j/+/f43mL/ixf/Dv/KP309V//Xv+K++u2/u/YnH02/w5f+zv+mf+6X/lH/s7/3G//o8d/zr7/+Pv9Le8+fQv/t1n9+/+Jb/PX/E3/hn/0u/5n/zDZ3/83/2t5R/x+/ymf+VPnf8ab375n/Af/J9/7J/x9y//vX94+/5v/qv/7v/m6hd+8Vf81N+9lf1J756N/5SHs//z3/kT9/+Sg9N/KPtt/+WzX/f1//xP/zd/1V/8B1U//i/9un9P/Vv91n/27/hv/Ou/wx/zuP7LP/v4P/jtfr+/+N//q/+zP+J3ON/9r/+K4r/6iy7/gsXWb/39P/3zf+kX/8oX7b/5J/yHh7/j23/i8a/YmX3rr/4D/ujfb+vl7/U7/em/2Z2fenRx/Zv+Ua+Pf8e3f9pv+MmDX/CvXv8mf92v+4Pin/0//vK/9i/5S/7C3/rvuPxvHv8v/0L+N/wz/9n5b/GrvvO//3v/9O/1a3z1Y3/9H/pXnaf/++lf9xv8yr/0T/4T/s7/+E/47Lf96//Zf/fP/2P/7j//P/1r/70//V/7n978+L/6T37+J/wp3/nO/K/+y1/97r/tH/lP3vlTvv0/jM/+/n/xV/zKfP/H/8bf+i/6T/+l5d/1n+39ib/Nt/7a7Vf/65/+x/0Rf8n3/oY/P/n9Dv62v+Gv/HX+wz/5l/+D/+W/86et/8Xn/9Tuv/KPLn/FT/5P//5X//i3/oDfN3/4e/6yL3f/iIP5nX998dv9EX/O7/qXfeefXq2b6m/8N//C3/6//kMezZ79mn/Vf/XyH/vl43/vt/6TX//Nf87f+d//37/Gv/jP/NV//X/we/6j/9Kf8J//W//cv/H3/9Pp9h/0K//S9F+692/8e3/Y/sef/Q6f/Yn/xi9+vdh/+U//No/+9L/mb/9bv3g8//0ezX/X+7/lP/5r/Ml/ztlP/yH/xL/w3/26f/LoP/yP//vxn/En/cG/31/1O/0O3/2df4P/7Y//d/+wf/7ffDX5O/777dm/9Pd/9L/l+//g4tfdv/9bvPuf/6O/7i/49Lf+7X+d13t/4r/2t/1ff+vi9/of/sTff/y3/f3/+r/+n/9Lf/fv9Xt98bf/z//tvd/6L3j7Z/8X83/tT73/+s4f9zv+yb/dd75z/I/87v/n4g/8Ff/nv37847/wr/wbV3/Ar/9r/0u//i9Y/+Lf8uo/3/3Tfutf/it+i//4L//8n/noz/74r/yL//T/9Bfe+eSP+XX/8t/wtzr7aw7+sT/y9/9v/pVf609a/vjHf2Xxr/0O/8G/8I/9y//sn/SPZ3/Vf/BL/uq/c/0Pf/V3/2d/9s9cf/EP3/3L/tP5nX/1za8a/cF/+tnVr/N58if+iqe/z7//6/92/+3zf7j4/X7n3/b7/+mf8s99ufNP/ev/2J/05U995/iL/+w3+t/+ml/r/h/2l/+R/9pf8Tf8db/HX//X7f+h03/+X/x7/5r/+l/8yV//n1v/Lr/+H/wX/On/yV/zV/3x//lf8+d8uvuP/SH/8r/y5D/6zf7yv/vJ/3r0V/z6f+Jf/At++X//j62z13/yv/Qn/pH/5Omzv+XNv7bzZ/wtf/Hv8Du8+zd+j3//sv5tDrLk3T/4v/5Rf9Pf+b//X//WR3/Zr/hb/vez//rp3/X5H/77//j3f/yL+09+g7/gz//dd179Me/+hL/1N/otfq3f7uM/9f/4P/7B/+U3+JX/6R+z/lvmP/b40T998u1fdec/+AP+xN/q7sEf/1O/3d/2l/0Nv9WzP/bFb/VL/7vv/Lp/8P/x+/+Fv/h/+a//+rf/0t//B//Ff+U/+ut++6/6Vv7X/tW/+5+2/1v82bM/64/97X/nv+zX+meX93/LX/5//OrFH/7Jv/mn/xl/13/1e/7Bf+1Hv/e/8oP2p/7oX+8P+ze3LsbLX/Nf+Wte/Xb/yv/6d/8ev/9/+z/8bX/1P/Xf5v/Qf/3X/y9/yXf+7P/5n339W/0v/8rTf/Gr33r/T/6tf5/fcPznXP7Vxc88u/wv/+W/5j/6Jb/nr5z8Gr/z4vf+9NEf/us+/rPv/Cvf+cf+lN8um+38K89+nb/mb/21/6/1f/Z3/TFn3/1jf4t/59f9337ly9d/7c7vlvwmf+u/9q+8+deO/ug0/4N+s+kf+S/+9hdv/9w/+/f5Hf6x3/E3RHT97/yRf/I/+WbrP/jzH5/8en/Uf/oLfo+fevaXfueX/WV/za/x+b/xz/2Bf+Xf84s+/mv/tX9p/dv8lT/+rUf/yr/yD/0Oz44v/qQ/46Mn/9C3/5df59eZU6D3b/5r/9nW//Gr/+3f6r/91//6O//qr3j0+Ze/9r/+k3v/xD9y7z//k//96e/9L9X/zPf/hr/q97lufumv//f/Go/+1V/wh/z3//rff+ff+Sv+jD/iz/8H/uPf/U/+yb/k9A/82//yv+Qv+y/+9d/69b+w/Tv9Rr/uH/4HX/1f//g/ffTv/djvP/77Dtb/wj/4u/5Jf9bf8Ouf/6G/+3f/6G/9sutf9uJf/Vemf/WbX6P4T/+E7//Y/dd/5a/6qz7/137Z21+8Sn/Zf/tP/uf/UvZ37f3Wf/r/8jf/9T/9x7z+8t3f/Mt/y7/hr/mn/4rjv+gn/7V/rP2r/vQ/69f7sX/ot/0H/6Vf/G/9hv/tn/DX/GV/wY9/9tF897e8909/Nr/403+n/+3PePUbPv5Tft+/7V+dj/7GO9k/8if/k3//n/Fb/af/+h/xS/+FP/1P+9u+89f97fd/jX/2P/kT/tN/4jf+g36PLz753//oT/+T/6j55f/rv/0v/oU/+b/8k9/5vf+r3+LtT/4b/8Rv9fv8VHKx+KW/4Df4o/+Q5m/4m/76f/5f/Ct2/+n/8j/8q3/PH/xPR3//s5/61l/zX//m2a//3/3H5z/5p/+Zz8/+wF/5/c/+7j/l2fZ/M/0VH//vv/h/+uzT73382/3Xiz/qH/mnf91Hb0arO2//q1/zn778V779G43+uL/jP/1TV7/+v/of/ok/9a/9kkc/uf/Rn7O7/f03u//MP/MXHf92/8vByf/+5I/4df/oP+lP/Kt+vz/wd/ly/Vd+b3Tn9/tb/6H/6W9+9xf/si/fLP6LO7/jX7f/P/+7L3+fvyJ/8w/+tv/qr/g9Tpa/5H//s/7bn/qj/5vf/dXj//Uv/cN/r9918Qt+63/1d/ynf/x3/HP/lnu/9E9a/ov/0E/8j8d/64u/7h/9XcZ/7i/7TebFb/LJL/hH/pTf9Ld7+Pv+439I8Yf/w9tnf8Kjv+8v+zvTv/3v/rv/i//y3/+fvnzzF//W/9Xv9O/9/v/D+bcef/Xb/Xb/3m/9C//qv/o/+j3/2t/tv/rjfuo7/87f8iv/z3/6z/3TpvU/9u/9BZ/9PX/3v/j7/VZ/1Wcf/+7/cHbnP/6rzn7Hf+FX/Zq/1r/42Zu/8vW/8nue/SF/3vbOv/lb/1bPlz/+2/wWv+D3/r8++/f+j/1f9t/8x39N8fv9JX/f/j/y8at/5dFf89e9/JP+4unTX+8//7P+5t/gr/sDf41f+if/k3/Py/99/Q/+i3/FH/NH/JN/0fGv+8ne4R/1Hz85/jOu/7z/evvX+N//0E9+x1/rbvYv/m+/+lf8Bv/pv/FX/76//O/4J/6Vv2L8C//6v/Af2/srfvx3+mU//RO/cbL3N+//ab/uH/WvfvSv/t+/xp//F/w7f/Av/xP/2//hr/9z1v/NH/yn/qN/w/7fdu+rP+q//f4ffnT/s1/0R//Gf8Ff/4f/6d/+o/+76R+y94/+68sv/96Xf/hf/2j+T//kj/9W/9VX//C/fPrFF7/z7/vP/dQP/vC/7yf+62999Wtujf7g9R8+Ofo7fsUv+fx3+tXzP2n33/iHPz76/mjy5W/+B0z/6uKf+Sf+i4M7P/2713/Db/DFs/3V/n/9X/4v2//Ur3z26/+RL/6b3+q//qd/u8d/wF92799+8Wf8KW92P/ld/sa/8uWv/yf+lf/bL/7rD/7Nv/an/5v9v/Por/xX/qrfYFSt/sN/+bf9g3/x//1r/P5/5T/4m/yd/+pvXf53/9yv+0+Pfsknk1/rr/p1ft3/+9f4dX////of/z//rfXv/y/+Ff/5n/D7/Ft/7N/5R397b+8Puv97/y7f/vgP+vV/9T/59/4mf/tf+1/+G7Pf/yf/9D/xf335733rd/lrf5PlP/bH/oZ/4O/3S/67/+mv+m+fXv/y//nzP+YHf9Cf/urX+5+a//ir7/303/mv/2m/6V/1u9V/4NGv+P3+9j/4H/0bf/KL3/nO//zsJx/+Qcm/8p3f8084/HN/cPJb/0b/6X+7XPyqX/k3/5f/5t/15/3P//VfUvwZf86P/0eTN3/Kv/Lir/r26Is/9u/7L/+P//Tf/wN/p1/zf/jHfuZ//+t/7Hfe+duPV//dq78i+11f/Znf2//HfvpX/Bbf/g1/s3/wd/k3//2f+d//rf2/6r/58el/+9/84X/GZ7/t2z//N/q1/oSDJ2X1V/4vv+R//9v+iker3+Hf/Ou+/EP+jN/9b/tf/qg/9Df8NX/jP/a/+fTjf+34o//71/iP/8fsT/z99j/79l/2j/0rr37q4u/6V/7Z/+R/+TtHXz76E/7if/6/K3+Pf/Q/+Gu+/E3+9r/yX/zLf+uDv22x++i7f/63fo3/7Df9G3/1L/5f/sBf8H/+ly/+tne/4i/403/6L7t49dv9s79r9Rv9gX/57/mf/9GjX/rHV3/13/mX/d6/5Jf873/a40f/02ef/zV/zu908Wfnf/Jf/rv+zJ/+r/w36z/61/zXfputX/6/LD9PPvviF/8Fd//Hf+Qv+PN/8X/3X3/6Z//dR7/ip8//kP2/4svf6cdefPtP2PqFf8r//WtUv2b6t/2p/8abv/4fnP/m/+nv9Wf8F//Y7/0b/c//zX/4H/3X/+jHZ7/Xs2+93bv+3n/530ybX/vVP/QL/8p/9OXf9Dv8R3/wXz7/6x//hc/+pOaf/4N+5T/w2/+VXz38nX5w/Lv8zu0vPPiX/+K/4o/+R/7S3+f3+0v+kpPmr/sz/vX6+u/9TX7pX/Ar/po/9I/83q/xB/+p/+q//gvGx7/X7/j583/+i9/oT/5H/pef+pf/6P/s7/3dlscv/5W/6f/4d//b//Hpv/nZ7z39y3+d3+qv23/2t/xR/9rf/pf9K7/k92zaX+fX+LV/x9/73/pF/+Pv90t+8Oc//Gt//b/98W/+O/5ff/7v9ove/lu/ycHv/W/8e3/hf/+7/NKj7//gb/tvfslnv9vb9E/8iT/l4ovl7/mv/Na/5t/80T/6nb/oo3/0f/klv/qP/Oq//hWTP/Zf+TXyn/i//rVfmTa/+Nf+5VgY+79/jV//9/tv//Hf6Q/66jf/7n/16/6f1T/9t//hf/gf+b//X//nv/4P/JLrf/1PP/6T/tg/+X//7h/0l/4fX9Dy2r/59/yTf/mP/w7/zn/4r/1av/Qf/Jf+3f/wb/03/55/4tf9p6v//nf5G/+l4v/6Y379/+jf/Q/+9//5v/2rf8Onf92bP/x3/w1+/Rd/xU8uf6s/+Bc/+N9+03/6V/7Nv+y//eq//fN/i2//c7M//Y/9zf+y+fnf9fLXTH/HX+PH/o8/dfnlv/on/oDyYn/0n/Yv/MO/1t/38g+99+O/3Z/wJ37nb/tff+1/5M/4bf+M41/6e/7Hn/+X/+3/+Af80n/hb/8v/5Wr3/hP/mt/vb/s3W/zt97Z/1t+99/4j1v9K3/dX/Erf63vPvorf/Xq1/9TTvJf/w/+5f/FP/RL/4O/81/9BT/9x/5vP/P67/tVf9RPv/1vk3+gnv9x/8P/8cf+9b/ub/Cv/MufP/8j/9vJb/83/uJf+tn/+Gv/Uf/NX/ZbPv/lv/N/tvsv/2e/w18wO/51fupnVqfnxe/3m/17f/wP/qDT6T/8e7z+Fb/yb/lH/8t/4//87Ad/9i/YefzH/Da//dPT7eS/vvNb/iV/88t/qvxLnv79/9Di9/3N/8W/50/9c/7Vv/Y3+bX+vh9c/TF/xJPf4eE/8/nxb/HJP/Nb/Xv/2t6f8od8+sk/9Qf/3v/+P/if/tJf8Sf8bcd/4z/7V+/9Jf/Z94utH//um1/rf/nnkpPfaP57/i//7O/wb/1u3/oD//lnP/Z//JbN//j5n/Dor/3bf5s/79H1P5wVr/7A3/Y/2P9L/rS/+W/4q78/fvlf/2t/89/84H/+9/+uN3/HX/t/vvuVf89/+tmDn3z8mz75rcdHv9bszzj7ZPaX/sHr5Pf+5yY//af8Bp/8VVt/3N/6O/5Pv+av8Uu//Hv+pN/0N/md3+3+Tj/4H/6Ov+cv+aP/0z/hL6z+tn/x5T8+/69+wV/z2/0Xf131r/6Xf9W3fuG7O//J7/HvTH6r7/1XX/79v+Zf8Nf8fn//8z/0t/yTd/6Z+pf9K7/knz//U3/33/m3/PI//ov/uF/r1Z9z58/49uxP+2X/7fnfPfnsV/03v8Z//W/98+vv/tW/2et/9Du/0Y/9+N/ya/wj09/lv/+rft1v/8t/ze/xvQef/k2/x7/2F7b/2i/5Qf0H/cm/32fvfuL1//Izxz/+O/1bf98f9qf+Q7/O//5HT//JX/ArXv+vv+Iv+Wv/tb/6t/p1fr1n/9Lv8bfc/61+j3/tb16Ofo3f6S/8xb/Vf/v9Bye/xp/zV/9+3/tTP/lvTj/9137dP+rezoN/6cnq1/9fP//f/txf/W//qtV/+wce/S353/ob/glv/pCtv3F9fv3n/ea/0e5f9K+ufuM/7k/4J/+w3/+f/s/+5//x9/wFf9s/8ff/wr/kr/2T/rm93/Jv+oW/za998u/9Uf/YH/buL/6ff+Gf/qf8HdP/8y948ms3/8M/tP5vfsV/8+/94fe/+gP/iLN/52f+uH/5k9/uJ/6YP+bbD3+b5O/5Q37tP/D17/j7/u+/5N89+8sf/YfP/5b/Mv3L/5zn69Ev/b2Lf/jP/Pinft/Rm//u4Pf+t/6tv+1vuf8P/d7/+D/47/7if+vX+RV/4x/5l/0Zr/6Ov6b9wT/8O/xlvyclfP7JH/+pf+Rk+urlv/e3/RX/wZ/+t/+f/91v8juXv8P/+ec/+Uv+kGe7/9o//Vf/sZ/+VX/p7/K93/x//w/+vd+m+l9/m1/5n/zgP/wFf/qbn/jD/sDH/91nv9t/9ev82sujP3b52//T//vvsv6M1nH+k4Pf6Q/e/8P/tL/qW3/yH/oH/DX/xt//L/5r/9x3/6+zX/B//pv/wH/wD/7f/+p/+Mknf/5PXf4Jf86jn/4z/uq/7q/+G/6yv/w3bn/T+7/7Z7/vf/6338l/6vKnfjL9M179nv/7L/7xf+/q2//R//7HTv6if2byu/+i//LVr/+/PfpqMflb/+6f/DOfl3v/10+f/Ue7Lz//03/N/+pv/tcu/8DpP3z6p/81f+W/+2/9Pb/DX/Pn/9l/z9/yt/3Jv9d/9tf8MaO/4M6dF49+hz/2b/u1/pLkbxz9Pf/Q7O3H//1f99f9k88Xf9v/sPf5L/rxv+m3mv1JD/7F3/j/+ov/yb86+R//gH/31T/x8A/4e/+Us5/4T3+tv+zP+1N+/T/rd/nv1l/99sv/8ld9/OvP/ry//Pfb+yN/7O/c/WX/3V/z75W7v92Pf+eP+wte/Q1/1Vcn/9lf+71/8ye+9dGf/Qf9y6/+oj/jW3/Q3/j3/Pf/5u/YXu0++nN2PvrDftHvkv0Vv8f4j/xz/7Tv/XF/7vO/Ofkb/vJ/5ffc/3V+8Dv9T7+qffp7/Fn/wS/7VZ/8u7/4V/743/2X/Hv3/60//s/9O37lH/WPvpz+A//GH5z9Jf/kv/4f/6LPf/e9L5/+T19+74/9J/+z3/4v+X1+t7vfev6b/bp/9nd/n9/q7//P/9Tv/E5/0r/yu/zE7/8//Yn/9n/9L32++Lf+x8Vf9/v+jn/E7/2n/Ue/1u/5W/+Nye9y71/+wa/67N/58//4v/cfGLX/5Zeff//v+dP/ovu/z2/1N/4Js3/6P/mL/51f8a//2fO/+d/67//Fsz/6j/k9/9bx5R/93T/rL/6r/9pnf+Wf/E/9Bv/Mf/npr/yH/6St3/kvOPln/6K/7e/Nfts/fvz3/LO/39Ef+Hf+iaf/43/8J/wXv+rL//n3/+Sz5eFf9Xf+Jr/iL//3fu+Hf8Zf+uBP+lNX2X/+D33n13rxd/+Df/8/+5cf/dv/9N929vv9Fr/NX/OH/8K//E/573/Hv/c3/vXr/2DU/LvzP+76l//r//of+Uf99X/9X/NLf8lv88/9gf/YP/Df/7v//v/wp/9d/82f819d/bG/5y/6Ff/17//3XP4f63/6L/yr/ra/+eW/8tV/8beu/8Lrv/PtJ3f+6z9n982f+s/+7nu/wT/9L+3/mX/lP/D9k7/pu3/Zv/Hvzr/9b/16f8n/3mb/wHT9X/xf/8Pv9Df8O//hZ//5v/Xnf+93+8UPyr/hH/4tyn/9n/pnf+LX+49/Jv+df9/f+s9Ofqflt36QPP4LfrPX/9BfmP1eL3/5bzX+B/+Lp3/DP/e/L/71f+3X/Q1/v1/xL/5vP/j3/4Z/P/kXP/l1f4fiv/6//skn/+E/9n/+tX/GX/nf/PX/57/+93737736BfXRP/Rv/6ov/sK/5+/41n/8365+x4t5+49/9TsuR//gH5D9lf/sf/77/Q1/4oM/7Z+e/A53vvj0z977Bb//73j6u2V/8P+y3HvwW/2N/83f9H/8/Qc0tX/O//Cv/Nqf/PTp//EP/R7/2X/116//iH/ivyn/yPb//jXWf/Off/1H/tO/9q/8zf6V//y/+Q9/1z9r8U+f/mF//E//NfX/9p/943/c7/e7/Oa/8k+r/8lP/ol/+Z/5Q1blj3387/5J/973//nf+q++89HuH/3f/F7J//H0u7/e3/VfnZTZ3/q3/vSv+fKzo+//Jn/vP/oz/8Wfevdv+3T7t/mx+afnD/661S/5g7/71eM/a/uv/0P+yf/i3vf+wN/+F/5nf+SdP+Yv/X3rf/7P+KlfUT3+S/6M3+f3+dP/zH/tf335S/7m3/sf/wX/w/hvGP82T3/z5C/9tY63f98/6fST3/df++X//d/xP/wh/8p/sfvb/Ws/81//BZ/9zr/kr/7D/6k/4Ae/9dVf8J//k68u6t/ud/nj/63/899avfupkz/jL/8Tf52r5Hf6nX7xi2/9Mz+4d+///jV+wT/8T//UP7t/9p+9+9P/vN96+fTv/dv/u9X3/u1/8z/5I/79X/F//xq/19/1F/yPv+/0/j/5e/69f/R/9uf8b//UP/jbHYCRvvrX/43/87f8m//Sf//P/S/+nr/kj/g7H/1dv/Ef9Kf/q8sv/s0/7ff9Q3+vP/0v+8v/+n/uzb/8N/x7/+Rff/Stv+B3+6v/nIP/7K/6k/+L/+XX/Cv/sb/m7/n7/9B/8N27P+ynf82/7J9985/94dUf9mv9zB/0Hz3+Ix5993f9u36rvX/qH/8T9s7+71/j7u/1u/wFf/9//y/9vfd+yeLP+Z3/8X/3ez/9l/y95S//X+/9Aa//o//s3/8fv/fH/5X/9Ovf4q/603+rN3/7v/63/Wl/9/M3v8lHf/zv++S3+LP/5N/61/3rvv2P/2v/8b/83/zDf99v8fb3+4V/37tfMf/r/rh/9O/8I//Zv+R7f/D/tfwHf4uj3+m//03+sr/83/m9f+avvLrY+dXfvX78e3//b//dt4/u/sbf+7tX/9uf95N7z/+F5nf/se+v/ok//T+Y/6e//86f8NUv/3N/9c7v8zv/K7/NfzRfv/6t/4lP/tu/4E/9936fv+fbH935if/sl/4Hf829v/v3+HN+l+nlL63u/1l/yT/x333/b/1j/+p/6t/8z/6rv+pf+Qv+1vuvf5d//7tf/G5/0j/zL/7uj09/6nf4t3/9v/y7P/GvLP7A+Ud/x5/yJ/82H/9jv8+v+ev8z7/WX/D7f+uX//jf+Xf+8X/An/DsD/jrHv8ftMTz47/i9//xX/2P/u5/5j9zXvy9v+nDP/Yv/Wf/6bPx7/U7/gl/weLv/UP+qc//hD/jr/hr/pTkn/pP/vw/7G/6xz/73j/1R/3Df9Dlx7/it/jOf/En/MJ//d/62x+vHmV/6f/8n+39bn/l7/3L/uq/8a/8XX7F9C/7yf/0v/v+P//3/s+//O+ttn/lb//P/Bl/4/W/8pf8Tn/D5B/4B64/+Y/+8r/kT/jj/6I/5fM/4d0/9Vd+dO///Dv/pL/6P/m//o+/47/5y3+3N7/GX/UX/RVbn/36/+x//q//Xp9Xv9PffO//OP8r/4t/8rf+PR7/ov/0efvH/xP/0X/8Z3/7r/4nlltfPP3N/unv/PK/+rfa/aM/+dbFH/KH/TX/3H/+l/2ysy+2Tn+NX/WH/Jm/02969bv+ff/uX/O7/dHf+fXTX/pLfpN/8L/7+6rf71/+M99+tUge/TV//7/65/3Ut37qv/uZf/mv+cv+tP2/+3f4fX/nZ//Vt//Jv/G/f/mv/5Pbz/6Cl59/cvfTXzn/dw7+4N/oL/09xn/Kv//P/Gt/Xf13/I1/2//0X7/+c/+3i7//8i97/Tv/+3/P//yv/ct/zf/wZ/3mf/Xb3+2v+qN/l9/lT33+S3+tv3ryV/wOH//F/9zTP+XNb/ibtY/+wL/9F//P/9O/+4f9Xr/60fHv/I//E3/Nb/8f/IXF//1r/B7P/t7/9A/8x//7v/HP+Kv/7F/5W85+k1/we/8tu3/ZL/zqL/0z/pI/5a/9bX7Rn/yv/Cv/7C/4O4q/5C/4a87+lVef/5Ev//X/5m/+X7+3/ugv/TX+oje/6l/9y//Y//Sf+XXzxe9S/JUn/2RZ/vN/7N/0P/9rhxdvF6OvfuejT37tv2P+t/4+f8Tv9S/+SX/Jv73/r3z+h/wRP/hr/vyfuN79tf7j3+93+43/uj/0v/klv9+/+vn+X/dPvvnj/sB7/8of9gdP/5m/6Cd/xW/1O/+24z/uv5n+Aw++f/lf/Iv/2j//O/2K3/K7/9m3Pv4j/p2/+o84/st+kGz9+3/p7q//l/xlf9Jv8Qf+63/I5x/9X//+3/X3PLrzl/5B/+0v+refff8/+1fu/05/6vHr3+9P/AX/xV/7j/x3v/Of++XfsfX9f+d3ejP/l7fz7/zr/9zF//SP/W3tv/F7/6dvfvXv/jdni9/zT/ryb/nbr6b/6G/9X0/+oT/qp/+6O//Lf/XXLf6a67/z2S/5z/K/7+Wbv+b1vb/oX/3df8nsr/mb/97f8w/6A//Uf/Wf/Mv+vdWP/R5/8H/3L/wmv/1/+q/u/Vcf/8e/y9/6l1Z/+D/zCz/+XX733+8Xfuvv+zPu/bonb+78Vb/mH0Ma99nD5198/Gf9iZ+c/lZ/8/5fcP7rvL34O5Pj3+d3fbX/J/zOOz/+1T/1a/39v+0f89f9FdPf/e/5X371n7r3Px9//1f+1z/xGz79q/7b3/h32v0n/sVf5w/+x/6MP+jFk8+rn/j2P/np2z/zT/mDP6/+zBd/wl+c/Z2f/vP/8Itv/Z2/cPb56G+5P/uX/76/4u9M/+R/vv3Dpy//hF/+rzfHv90ft/0n/Fn/9H/x3/2Sv+LPefa7t3/nn/lnfveT3/cP+vV/n7/zb/xnt//6X+9R+exf/0dmn/zC7/12f8v953/y8Yv/4rf5Q//FX+ve4/+u+JP/sZe/4a/5O/z07/aLn//0u7/gz2n/ht/0F/zR/9fF33vvT//2v/V/fP93/wXf+m3+6p/+s//b/+b5n/7V3/7607/sj7//J/3Nu3/oT7z9kydnv8ef+oPf9tf+rf/Fnzz9i37Bn//jf8k//Z/9LeP/5buzT/6aHzv6s/6j5G9588W9X+9P/9P+9v/ud/7Tfsvqv/o9/qL/9Z9u/ot//+Hxf/2v/uPjf+nf/7f/yG//TX/v73/nu3/d2z/4J/+C3/Of/PzuJ//sy7/5Hz3/U/+gxT/0v/6bf8xnP/jX36z+q9/33/k9ftu/82/4wR//t/yOf+SPn/4d/9Vv9mf8OZ8233381/2d15Pf9dd+dvq7//K/+eM/49Nf+ZeOD37F92fX/+lf/Fe+/T9+8G/9W3/V8z/7t/rr/oV/4b/4n//5n/i/vvzOR7/X9qPf4M/8nz/7d37PL3+H3/NX/v6/7X//3/ynf9fP/O9/+p/1jy5+3+uD//7v/MP/ir/8p/f+x9/n9a/zm/+2f9Wfcv8/+TMe/r5bb3/Lf+bP/Q/+j1/6S/7u3/G3/Gv+sF/+zz77h/7kv/Z3/oU/vbfemv7D//3/8TNHP/1X/8c/+LP/mt/59yv+052/+a/+k45//X/5P/6z/pJf9/Lv+YP/wL/4F/z7v94f+dHf/93f8A/55F/6W//W//W/e/On/AN7v/1v8df+rr/D59/90/6Av/yP/3XWv/6T/f/hD/9D/tlP/9S//O5f9Uv/xvVHf8tP/43Vn/Rf/9HfP1198q/8kQ++/yf8dX/l73v+23znB3/8m7/l+SflL/wrf+/1H/5X/40/+IN+/N88Tf76P+3X+uL3/ZXHv/qnv/fv/PFvf2dq/gf8df/ej/3X//ev8devfvnftvruT/6r/+gPfvc/4uwv/av/7G//jf/UP/cv/Cv/Zp7/T/9B9uv8Q79u8Vt//qf8ryd/Ufob/Nu/95/8p/4rf0/x6/0Ff/5vu/x3/sOHf90f8Xv9+Iu/+6/6z/6Jz0dvfvnLf/n0k5fZX/X7PH/y9/w193/vF5+v/s3dO59/8Vc+/f3/7V/vv/uHf/nxP/lf/qvJL/7Hf/Dt//5b5//kf/7r/sI/59/56V94+kv+1d/hu79d8T//Vn/KX/dbJL/D3/1Xf+fv+PIH5z/+t/7rZ//7/D/9/m/76/+7f9tf+Zv8ae3f+O//jv/Jn/OX/Cmf/YN/x+rdX/dLf9Pf7nd4/Lv/Ogf/e/O//g3/3e/3U7/s8X/7E4/Xv8m/+Qf8yt/0x3+Lf+yX/Q9/4j/0+m98+QsePzr7T/+r3/G///v+9td/5F/w5f/y5/w9f/fpv//jf/I/+NMHf/KfNP+b/7UXf+4vLv6sP/gf+zf+/vLX2Pr1f5M/81/8I/+J/7T4m/+Xf+0nv/2rHvyf/w75np/8Mcnv890X9x//Yb/Fr1j//j/5+/8Vf+of+Ff9yp/61/7LP/EnR3/pb/1f/xN/wnd+nT/w7/5Xf5369Df6q37Hf/qv/4vHv85P/+Z/zv/+n3/83/yBv/Z/+7/9yv/49/s7v/rs8b88+W/2ftP/8p/+ez/b+VfSv/Jf/Yv/mz/9t/oN/tQv/rV//Nt/5Z/7O/70//6r/91f+x/7E/7c5j/7Tb/zvz/66T/mB//r9U/+uf/ob/dHTf/rv/q3/kP/tj/m7uhvf/LP/Mn/6unv/o/8JX/I7/sb/oXrX/3oL/mrP/7sN/itdv61T3773/3fuPiTk7fpH/KX/dW/w9+4+s1+zbe/5eov+sX/0r/4C/6+49/p4Jf/09/94/7yf+bwH/oj/tp/5Df9I/7Oez/x+4z+1H/t1/ltfvCD3/p6/y/5Lf/3//Lv/Jf+rd//P/gnv/hT3v6Tf+VP/djf9Lclv+i3++lv/dR3km//H3/87/Zr/ff7/9hf86f8d9/9p0d/y5/x6e/2p/ye/+Dff/bFj//3//U/9Q/8+P/a/qfXv8vv9c/O/6Tf/D/+w36Xn8h+eXH0Z/4BX/xD/8cvPv/zt/7F3/cf+a2/NfpXfq/f9Zf/n+Wv/7/++X/iv/StX/1v/oLPfu8/b/3f/NV//M5v/q3/5k/5Pds//zt/z39f/0O//7/xx/xW3/+z/vhv/ZX/+6/+m/7jf/VnfpDv/av/8O//+a/7/C+488l/8cc9++p3+hd/73/o7W/2r/4Tf+f8v/5LXx7/yX/dX/UPvq4X1R/7J/5+/9B/8oMvL3+T+o//217+Zf/0vVd/xl/1i/6L//k//df/kt/h7/uzf9N/9/V/9Jef/5t/2Z/yO/+Dv/Ev/sV/y903P/3n/Qm/86/9myd/9O/4e/6G4yd/4//xN/x5/8aTf+Wv+zX+0L/y9/gz/ohf+VH6e/7Ff+nj//vXWPyRf+dq91//w+ef/JN/+W98+Z/9DX/lP/H6D/irZn/+X51d7v0z/8I/ff9n/rn14z/91/2N/oBf9ZuOFv/kr/H7/uJ///Pf77/++Nt/3K/4Lf+Nf+3bsz//j/gT7/yfu7/+7z77V3779k//o48oq/37Hf0D//W/8U9+57979Z8W//Vf9tf/VX/pr/63/stf9mr6H/1pf8s/+eN/7u/2d3/6f/2r/+R3fuM/49/8e//Pu//DH/J3/7f/+l/0H/+bf/V/+2f8X+nf8ebX/c5f8j/9Pb/kF/w+//Svcf3n/Yb/9f/+i//93/T3+9f/l//6f//W7p/00d+wWP2rd37Dq8Xev/Zr/Fp/0F/yf/1J/+Z//g/8ZavP/p0/4s/+7Ad/++985w/8Iz8f7fyJ/8GfsP/u3y/+69//93z3L/0+f8Cf/Nf9PpM//Y//9/7nX/y9f/+Tf/Kv+OX/5l/+eP9P/+S3+5P/kb/0n85+h/STv/wn/7nf/OT3//av/Sf+T//7X/hLf9WvWv908vqv/pP+zH/jv/sT/oHv/cmvX/9Fh8dZ9jv9un/wv/bf/BX/yP+x/T/+X3/HH/W7/Yrv7/8nj778z//Ox7/Vn/Zf/Km/7W//J/9n529+yZP7V9/7Vb9w+WPv/tNPrv6kf+v3/UV/4C/+7f/bf/RPfPk3/aqf+lV/8//46/5Gv+jsz/yrPs9+n9d/yZ/yJ3xr8fn3X/7x/+B6/m/+xG/wB775K/+k0bv/5S/6Zf/1P/LiB7/Jg9PFr/fZP/7r/89/11/zX/87n/8Zf/dP/JU//cf87//Fr3j8p/7Nv9Gf/K9+/F8/ffa7nv6Df+PfufWt3X/1l/zrv1v7x/5Vf81vvXfnL/+Pf7d/6V/4V37f//b0F/zZv/sv+QO+9Wsc/J7b/+S/+if8vn/V3/D23/irf7+/5Nt//G/z1//0f//jf/gk/+V/90/+Lv/Wk7/098z+qeov/l2+/MX/0G/937Z/5a/5F/y5v+8/94/9Gb/eT/49f/393+r3+4v+8z/+X/8r/7Nf8nv8u7/Lv/gPrj776b/+//hs62/+rdqD//n/+Dz9jf70v+Nb/+rBd/+YP/jsP/kL/pjxr/2v/4V/cfVP/qf/4R/16/+Lf+O7Pyz5zf/Vf++3+kt/j/2v/vQ3lNA7/XL7v57/C3/FT/+h//vTX/GH//rpr13/Fb/y//jV//JP/Lf/+u/19nf4/Bf8aX9r9l998tv8Gclf0/wpf9Uf87f8Dn/NT62Lj/7w3+2v/Nd/57t/ym/w2//kT//ef/uf8T//+cd/1q/1H/w3P/Vn/fp/zR/28G988mf8huW/8Je/3fvyP/ur/sDf+4/+777zV/3aT/60L5//4A9Mft2//r9/+E//jV/+8r/6L/jrf5udv/Z3ffPyt/7Hst/y9/uTvvvk1/xHnv6a/+Vf8Ev+7b/vv/03/5C/4M8+/6vHf9Hf/5/+Ub/ZX/MX/eDP+1MOXm7/83/3f/rvf/4X/uRf+Ve+/Ct/k8Vf/Xt+/MtPf+lHv9Of9C9Uk//w3/wP/tZ//U/4db/8Tf6cv+Yv+ZPSnX/sF16uz373i9/gr/oz/t6/e/v/+m/+uN/0H/+nP/4TL3+73+qX/Td/5L/4N+yO/tQ//K/4K3+j6W/7G995+ff88//05Nf83q/7a/zP/+T//n/86l/x5W/y9/2e//Bnnx0lD3+rX++f/u7xb/VX/xa/2/7uq7/tT/n2H/znPPmFf81f8Rf+r3/Wv/XwX/k1fpcvr2i6/5J//j//N37Lz0+Pf8u//vSrX/pTf8uLp6/f/NJ/7Df/v/78O7/VnV/j1/zur37+m/4e//H/2P7af81/c/T3f/xX/N+/xp2/5rf7maOjb/1xf+Sv95f8xf/UT/1GT37zyz/lL/+X/uD73379i37T0dFf9+1f+d9d/I2/3tHf/9nf8R/+pX/Ct979N/mf+bvev/9P/dn/2bt/4/f5s/7m699h68/+Xb/1l/1Jf+nZ3/S/f+/fff7t3+26/Yt/3Te/4O/5c/6Mv+Av2PlLfuvr3+Ef/jV/4a/8tf/VX/w7/uHf+9X/wV/6j/z9v/jb/+l/+a/t/BYH//6f/d/9Fv/7n/Nffvu3+XX+mt/w3/sT/+df+df8BX/dX/rr/857/+yv/sv//T/rj/qnFh/9r//p//FjD37j/3H6L/6107/ql7959nec/1V/7r/6e/2av+CvuPsrfuIv/97rP7D68j/6A3//X/zxX/PgO3/P79v+L/v/+m/9U7/rX/qH/uu/3l/56/42v/t/9i8+/mOSP+Qf/eUf/2u/5OxX/je/6g/+V5/+hf/sX3Xw5/ybf3z923/rz/rX7/xaozdfjBa/df77/RH1v/JP/hrb/+u/9uz/+sP/i2f/wF9y/Sv/lnfrv+nF52c//a/90//F7/47/AF/zsGP3fuj/7Nn//Orp7/mR1/9xv/3r/FrffK7//jzb7373n/ze3x5+fLeX/DXvWn/+V/3d/qr/pOLP/gn/uvf6E/+T//rf+uPPr37Jz34c/76//z1r/5Vv8MfP/tn7/5Hv/Mnb3/x//o3/J3/6uKL7af/3S/75/75j/7UxYv2L/32P/hH/MJ//i///D/9r/+v3/ZX/vdf/S//7b//nb/0r/zz/5l/9V/91v4f/Dv/ZRePsr/ij/6//vbf8rf8a/+JP+MX/Mn/+x/1K//Sf/Rv/Jm/5xf/tX/NT7873ftn/pM/5c//Nb73a/06v+wf+PPXyz/oj/hf/ql/7+6/9of/gl/+6z3+3/9nWpf5fvLm21/9Zv/2n7X6a37s9/6T/tjf90/5sfMf/2W/4uj/fPG3Uyj1V/8Rv+Zv8OarR3/d47/u2//Gv/E3/R+/5Lf933/Tf/If/C3/9b/rl/+y3+rX+96/VZz+HX9x9df/A3/Mt//3f/e/rda//t/4m/7+R3/ro7/s8rdJf5Pf6pfc/13+mz/wL/kP/89/8O//Ff/AZ7/o6l/6y/+IP6P5Ff/XH/t//Z2Pf83/69/71b/i0a/84n/8Xf+kP//5t3/t7/4ef/nv+Xv8df/uH3T3l/+CX/lv/gPfr3/yJ3/DH/9vfrfVH/wP/o3/0Z/8f17/yv/h7/w3/4C/+e/9vbf/rz/0T/k1SIovj/7Pf/3d9fof/xv/4r+i+Ytf/pZ/9R+ZfP7b/k3/2d/96/1Dv/ToL/g//81/8B/9N36Pv++3+tfy/+yP/0uvf/u/7zu/9/4f92O/zZ9y+rf/wX/A7/Ht//03/cX/7bM/8i/7w9/U/9qf8af9k+mf8Mlf++7X+1Ovx7/03/gz/+Bi9n//Gpdn/+cfVD78lT/98rt/4+v/8l9b/cK/4u//qT/8p/7KP+rZH/4b/gZ/1X/9p/35+//aP3P6h4z/hu/9iof/2a/+FT/4D//Csz/mnyn+il/xe/0Nx3/1n/OP/Z+/6b/5T/07f8P3/60/8O88+j//0H/jb/03vvODy7/gL/3H/qrf5rf7Y36Hv+dP+TX+hGT19/1Dv91v+uZ/qX+tv+rv/xf/t1/8V/8v/+2//Vf9t7/Nd+8+/h9f/HHtP/nb/epHv8PT3/C3/87+9/76u//17/o//Ef7f9lvcfZ//OK//ejdf/v0z/nzfsWf8wd/8q1/68njn/71/7gvv/W7/kmf/3a/4jf4S3+Xf+d3+x3/rf9z8S/+/X/Qo3/jb/1X/p4/5s9Jqv/l3V+a/0GP/ta//Q89e/V//xp/1a/6DR780j/wd/pN/6df+ZPpbP2X/IZX1+1f9Y/9R//cf/bP/Tbf+unf8pMX/9dv/S/97b/1b1SN/pVf4y/65z/5c3/Zv/AXrv/Gv+i//Yd+zf/1l//qx3/zy+KP+TX/i7/6d/2q+Lf+7d/sb/5bHv/n13/Ln/ub/X2/za/8mw5+xX/y9/w9xQ/+tH/i8NHevz77b779v/xz/92/8s9c/y2/6tf6Dw6yP+5PfD75R//Yv/Dykxd/9l/55//gf/3o7K/5z/76yz/r9/iT/9N7z//iP+0X5P/67/Tr/J+/54N/7f/6t/+kf+0P/lf/5v85+y//1f8uu/+X7f7Gu7QAlP3Vf9DHf8L1L/wP/qt3r//Kv+9//zP+pu//63/Wb/UbfLb1b/wrv+n//rec/g/lAWU+/8SX//kf9E/v/y2Hf9mbf+mvuv7dLn/36b8y/o3+mG//xF/2G/5hv8vrf/r/+P3+0b/m33z4X/8Fv8O/8fvk/9Rf+mf9z//Zt/+0v/nv+em/6p/+Z//PP/u3+9P/9d/4W3/Kd/7gxXdp7WD6R/7U7/Zv/k6PXvyf/8Dr7Z/4lb/wd/2t9g5/l/0/+Nf6x36rX/a7rf69//av+g3/91//v35193/4Tz9b/um//X/92Z/2Z/wlf8Hnv/d/9uWv+2jnL/vDf6/9n/ibq//gr/5r//Q/6O7Hv+30n//n/6D/6y/4Px791Z/9wr/k9/k32j/lwZ/5z/2v17/h7/HHPv+N/8b/4+/4O7/4d/77yZ3/+Lf92/+HX/If/h+/8/f+2T/xxd/++/xZH/1h/+nf/Kf9bf/JX/hn/2W/xZO/5f7p8a/5U3/JX/yf/xv/5F/43/+Of+E/+Q/+gt/5F/+zf8Vf9Vv/+7/XP/8L/+7f7m/9/V7sf+t/+s/uvBx/+9d895/++83Jv/nH/xr/5G/yp+3/8va/Pvudftmb3/zxH/c3/sZ7f9GDv/TX/5Xf+n3/gjd/6//1J/+qX/k3/ot//b/2m/z5d/6dX+uf+X1e/nb/wl/81//x/9Cv8Sf989Vf+r+Mfo9f8H/+G//No/qPuPOt327/j/uZX/uX/7m/99/1C//zl7/hL/kDP/5l/+M/+c/+9b/gt/tv/+9/7d/7V//m5t/9F37B//TvPPyN/+Y/7E/c/tv/5l/drH/i/Kf/71/jj//bfrPTv/Cv/Kf+xV/n3X/8x37nv7rzu/9TP/gzfvJPeXPx9O//63/xbzf9s/+d/+qX/eF/zj/8d/y1//Zv9+2rf+1/P3n3J778xy7/2tf7v9sv+m9+v3/7D/i3/+P/7Df81dv/yH//H/8Hf0P1E3/Jr/tb/S6/zj/yl+1sP/mn/rnfeOs3+GV/ww/+0b/v7/ytf+lP/SV/zx/8iw5+h99r+dN/3eyrP/uP/k//gt/gb/6z/p4H/9R//hf81Lu3kz/p9/rd7/9W/8Gn/+rfMB7/Hb/+v11e/qI727/8J//vX+M3/79/jac//Qf//l/+rX/F5ezt9/Krv+fv/kV/1R/wLPlTf+o3+t+T/5kWr776u7/7d/3K2a/6s87/vYd/wt/1V37n//hN/ut/72/5l37iv/9vHv3Tf9Hsr/pH/tNP//Od4r/+W/f/2r/kB3/OH7/3Yz/+p/xXo9/g7/11L//l//4/WRV/zP/1+//H/9XZH3j1d/92P/M7/cH/19/4X/2Xf8kf/L989wf/49/zO/+yk7/pf/6d/8I/9C/7R/7lL/62rb9sPv9fyEr83Y/+64u/+v6fdvD3XfxP/9ZfcvnX7f4L//vJwR/y0bvX/93/8O3//jf85PM/8cnq91j8zP/+m47+zv/qT/jd/7Tf6pf/41/+C3/a//Jf/ea/6vTv+Y3+/ukf8u/+9//er734p//M//B3/Gf+xN0/7d/5u/6P/2X2u/y2f8fe7/NP/OO/1x/9V/0Vf9U/cfYb/c9/+2/xT/xHf1T2J/znr7/7G71I57/N7/6X/df/1y//Pf7Ff6n5P7K/4Xd89Tf91F9493999Gv87//t/L8f/Z0v/off+B/+tw7/zId/z8W/+4t/+s9d/ccXf2H1b/wB//iv99/+tf/Cm//0f77/P/3R9/71v/reT0z/2Of/8mf/yu/zm93/R3+X9R/xn/z4nd/93/hD/4vf4+jP/bt/n9/mD/pD/4I/+Xc+/ts/vWz+gb+6/t9+5o/43/7Gv+FPvPoD/uq/6frv+Qv/o79p9O5vff359/+cP+X3+S/+jL/j7/iJB//W4/JfWH/rzun3/qbf9ezv+qP/s1/jN/sDj/6sX+urP/zv+jf/6n9w/PZ//+t/5f/wB07/k//5z/rP/7F/43/979ffX/xOf+4/8Pf8EX/CX/Lur/6v/5N//runXz7963+3X/H7UELmj/5Xzn6zP+mP+43+wj/o7/t7/qsnf/Lu7/Cv/Ue/5U/9gj/r7/wtf+LP/oN/61/1B/7N/9Lf+r3/4C/8HR41f8n/evRTf2fzy/+MB3/T//HZn/4n/zV/5T/2X67+0b1/fu9f/GP+7d/uB//OD/7+f/j3//69f+nlv/ZL//vH//L/9jf+jvs/+Hb66fh3e/Wdf+fs//xr/8I/7H86+iW/+7vZ9Z/1N//Dv8d//p/+618u/sH/4jf8n6u/6ur3/V/+h//hv/hr/pp/8r//P//wP/efzP7nw9e/+as/67/7E/7A3ZPf6Lc4/VP+8cV/k/xGe//G3/XH/26/5bf+sNe/+7/2f3721/yd/9rf9O/813/T7p/8O65+45e/1+/wi37VD375X/OfP9l582f/Pl/+xb/+X/KP/nt/4D//d/6nf/j3vzj67t/4v/4N09XZl3978b/+7r/RT7w6+YP+5P/pX3vzy/+D3+af/kd/39/rn/0tvv2dv/CvPfyrl1X9ixa/qP0bf9Ff891/9T/+hft/zG/xm5wW//n/8t/8z/908vSf+cdmv9G/+X/+BX/Qv/Dv/N+/xh/+6//Mn/sfHPz03/9X/pt//9t/8//8JX/bf/N3/AO/y/Sf/S3+z//iP/vn/o5/+x9L/sbf+ndbv/7s/m/9u5/O/vZ/5e/92+b/0a9d/cP/6//5H//if+q/+E3+tf/5oz/gl371W/3fv8bL//RfvvvH/dWHO9/5g//137f6Pf6c33/r7/1tHv/t2xdl9bf/oavf9O/4Z7L/6Q/8zw7+m//8r/43n/9rv97jye/6g9/nL/rT//RX/8Ff/mv+dv/zf//45T/+G/74b/Nb737rf/6/fvP/8l//G8b/R/2n/RRl9u7+nn/Cb/pj/8Df+Sc8/Vf+43/wj/3Pf9lv/be+3vlj//tvXRT5n/rf/df/9V/+Z/83F+vv/qn/Q/Yv/9d/+z/z7/5PJ7/0d0p/13/1//rDPv9l//H/+n//Gn/Nn//7ffKr0t/q1/9V7We/yx/7B6a/x9/7y/6LX3n+62Rb53/Cn/0f/7Hjf+1v+9ObJ//aV7/1n/Sv/e77f9LnH/3Br7/8rbf/qb+vefF3fv9bv+Rf/vt+j9/kJ7/8o37dv/K//4v/71/j4q/8HZuLh3/cv/mX/5Vf/czpX//f//1/9fde/tvJz3yRH/6r/8i38r/yfz7+4//aP/bHvzz9U/+Qv+/Jv/xP/hW/w+7hf/3rfnXxP+/+7r/Xb7r4p7f+mM//1ZOnH/+yv/E3+fP/3r/wH/s7/5U/5Q/6Jd969FP/68f/xD/w1/6jy3/rf/4dj/6Of+Af+CP+mL/wd37+V/0Onz189Eft1f/8/fXTf/iP+ejfePrH/PZnv/wf/2f+w7/wl/5GWz/28Mf/st/si/3f+1+b/9Lv/87/wJ/6v/3Kf+PP/XLxE//Df/e//st/8T/9k6ff/WP/uX/lq+/+vXf/iN/o4T/91+//F7/l7zb/bz979p3F7/qn/fG/zu/70//Sf/JX/ORv+Fd+9oOv/pTz3/iv/fG/5H/+s//dd7/kn/4H/trJv3vwx/3kb5n86wf/23/8R/4un//Ov9OdP/zf3bn/23y2//lf+0/81f/pL/xt3ha//1/5d/74L/or01/xnz9LvvXL/6t/47//+//G//Of/bf/leVf89v85b/jP/EX/PEf/7v7/9Nf9+ZX/B7V7/Xif05+y9eHf9nf/OrNy7/vf3n+j3/nr/tl/97/+dlf/Hf/KX/aX/wf/eDfO/t9fre/7g/6T3/7/+rH/7317/Jff7ya/tf/0R9y8bv/1//Hn/TFrzz7ne8/fvq73/+1f8/fYf/PKD753X/hsx/7R37HX/Lb/vu/3/d/8z/1X/nL/qA/46/+9f7Qv7T5Q/65//TRv3n+4r999vv9NX/Bw/Qv2v0Xf+P/5d/e+ktO9v/n3+6PefzmX/tTd179O//d7/0nHPyvv9fv9p+c/Ve/90/++b/Dv/uPzH/PX/BLfvPf5B/7D3/7v/9X/dl/6m/6m//qv+Kv/xv+8J/+j/7yn5z9ub/vX/cv/8TbP/1f/43+9t/kr//xv3b1p/03d//3P/h//Qd+q9/qr/7swSe/9X//u/wuf+Vf+N/9V//EYvF3fv637OzX/+YXv/Odv+gv+Rv+mV/1B50X/81P/Xo/9fv8tXf/6+R3/5//qT/2l37vD/4X/7b63x//Faf//I/9Ln/rX/6L/p1/+i/+ff6mb/+yf/L0b333P17+87P8r/ynlr/dX/wH/2n/9O4f9hf/ub/v//K3/YV/3/EvPHt+9ev9Q3/6bzQ++F//in/vr/1D3/z47/zVf/ob/v7/2m/9u+z+q//Cv/o//M5/6N/0H/9Vf8Fv9Es/P/ze4Z/1P/9P/+h/+lf+lX/Fp2/uv/rX/unf/M/5wR/97/2p/9Tv+pu/+QXV+k/+S3/Nn5r+ZX/dT/9g+u/9hVt/6/3i07u/6R/yF/9jr7788T/7F/wV09Hf/E/c/Y//yj/i4O9b/aO/1Xd/9z+9+mtO/sC/6Bf8dz/1hyXtf0bL9sW/dPdP/g8P/9ajn0q+81//5X/GX/If/9d/87/87b/u3/k/f5vqt/gj/6Q/6Z/8V87+zn9w/w8+/h3+yO/94+9+xb1f/9/4JX/in1b/8t/x9/vpv/r8N//nfv9P/q8vf6M/5p/4p3/34z/93zj+5b/O6h/6Exb//Z0/6X9v/61F+sf88r/lL//f/u9f48/+q/+Qv+UffLf8zu/0M8d/6D/75R/+V/7kn/hP/Jnnf9y/8N/8IfM//Z/4g36r3+dP/Fd/2f/wV/z+f+ZXk7f/zQ/+/D/+v/7r/9K968dfFd/+8/7+ize/5e//yz999Mv/ivRfOfxX/to/6M2f/Av//t/gL/6Vf8mv9Z3f/Df73b79J/5BW6d/T/tf//1/7C8/f/P3/CW/55Pf4O//O3+39slv+h//L7/6P/xf//P/83/6D/7ee3/rv/FnP7z48+//i3/e3/8XXvyPf+vf8qf8yn/0P/lz/t6/+M/63u/3X/2Tf8jf9EeO/5o//bf4vX7zf/LP+1f/xV/x6/zfb/6sZvVX/nF//h/49/5v/+mv+Pv+rp/5vf/L6fX173b15/zNv94/+Jf8wf/cy9/xH3n6y//HP+fN//irfod//sf+y3/tN/yH//P8D/viP/9v/4B/4p/4T7538kf/uuUfeOef+2WHv/gv+Lt/4r/8t/+If+W/+fZP/e5//Lf/uid/ePUn/gmf/3n/xi/6yT/te//YP/Pmz/oFv+AP/Cv+0D/93/9r/5bf+u/dvvfrffnPv9v95Yd/9T+3+FX/87e/80fe+VP+68v/+j8/+9//5U/+wPZf/nP/l8f/yi/7m776c3/9P+pv/q3/4z/jb/8Vf9G3/oenf/9/efUH/In/48t/5Pwve/qvVX/n93b/5//+k9//v/ltf6Nf+Ff8pf/Ed/7kva1//W/7S/61P+qfefa/f/TlPzgd/RN/2L84ffov/qd/6B/1z1dPfsv/6r/9037if9h58sv/6b/jH/zvz//r3/PP//v/wH/5X/uZ37v+ff/w3/N/+/P+oPP/+g/98p//9Sf//D/9j/6mv8f//bt++m/8G7/dn/Gbf+vpye+x+4+8+V9+0V/68Bf8Tn9I8dv8BX/5//SX/I9/9q/zF57/u4e//tF/9qf+sl/yX//Pf0v11/0nf/XfMP7b/uE/aus//2//9P/8e7/9g//mf/uTf82/8U/f/SV/xz/9b/zkX35W/i3/xulX3/voD/wVv+cXf9U//U/9a//aH/PgF/+y//ty1P4p/81v+hv/8r/k9/it9v7Ws/Uf87/M57/0/k/+k//k3/+b/dU/8+Cfery79zf9z2f/y2/8tzz96/6jzz797M2LP/S/Pvnn/7u/fHH9R6/+4d/3j/0bsz/y8b/1D5z99LvtN7/Lf1P8U79g/Jf/mft/1X/8e22Vf/9P/3e/7PzqN77zx/7Lv/d//L/8yye/7tV/8Pf8lr/D77z8Hf+9v/uX//f/wJ/2y3790//2r//1f6O/46fu/ne/0/6/8Nf85f/nP/bx7/LoH/91/4Q/4z/7/f73f/b3+E9/o9/yb/jrfqd//Xu/70//h//GhFYCfq8/8Xf5rb/zF/3Zf+rD3+kf/m//rr/3p//9n/wdfutn/9Pv92v/fn/vf/yr7p3+3s//rV/7D/uz/9Zf/dPf/SP/wp968df/IX/ab/Mb/xtvFn/Lb/uH/QZ/75t/+jd88Xs8/a///v/x3/xTdn+/f/Txb/jtP+0vv3d5+fd/Nf1HvnP37/5ft5/85b/o9/6fHv+xz5//xn/wo+3f/9mnyxd/y09O/o9/5Z//R/6Zf+PP+3f+/c9283/zD/r7fuInLv/Xv/5P+1V/3D/yZ/+Hs/z3/N6Xf/4vrn7VH/I7vP3P/sm/5d/4Vb/L7/Azd3/q15784f/+9/+y/+0v+GP2/os/+lf8mZd/3N+9v/0b/RX/3m/1l/0dx//kT7/91X/Cb//f/O9/z9/zt/+Kk/Nf+Of8yj/kz3v91/6x/9U/9z/+bf/h//k7X2V/yJ/+C3+NX/bwn7/3V/4rv93p5e9Q/Lrf++//ol/0y3/Jxa/1N/4z//wv/7/Hv+1P/jq/8rf4D/+JX/zf/vW//YO/4G/9z//bfzh9/lf+9P7v82f92f/wr/03/X1/0R//xxe/84/9Hn/k3/p3PPgD/7uf/k/+0fv/83/8q/+93/7X/EX/3m/6V/8Ff8j4t7n8vf6N3/Lv/X3+kfYv+LN+n7/5X/iTfrD1p138Bl/9tf/H6L++9zu/+L3ufPcX/5tX5at/7/f6q88f/NhP3P2r/pD6P3n27d9g51/8h/6Ln/hF/9bf/4f9wz/2p/7BzT/zV98Zf3r0gz/7//zv9l7/+ne/O/07ftf/+4/9+67+uN/2P/4tfof8v//v/6x/8tO/7g//L86/+rdO/tg/evknjf7QX/gf/o8fXfyZ/+Xfd/Yn/Lp/X/HX/VW/+y/+c77z7/3nf+3fnP53f8qf9T+8+F2/c+8v/7f+4n/4V/5vD/+q9rdp/ri/NLnzG/4PP/F/zP+83/uv+w//gT/8P9ze+yv+tV/5r7b/2k/8Nbv/2S/5R/+F3/l3+fff/ccHf9ZvVf9ef/N/d/k3/QfpH/rP/o6/4T/2p/6hv8f1v37+3/2T+X/xf/4Oz/6A/+Qv+Wjxb/wXs//79/2Hfun/8L/c/71/9e/079598H/+s2/+3f/0N/4Hv/0rfvDH/JN/yOR//UHyl/4ZP/M7/am/8H/+U/+aaf3X/xmr+l94+L3Zr33nN/vBX/yH7j9//Dv97X/cdf2v/ek/+O4v/KV/1Pav+Y99sv36r/21/7M/5nf7tf68X/yXP/xVf/t/9of/VZ+f/zbP1r/yd/v1/9o/5Z/+S3/B3/Psr1r8Vf/gX/J3/hG/26/4u+786n/twX/wn+38kv/5Nzh59Hf/+n/I3/Y/Zv/pv/kP/ft/3BfrL7/znd/ybz/+W//q/+h//HX/2l/8m/zBv+jPu/7ov/0bf4vf897O7/76d//+L/sP/7jf8p//hf/Of/P6T//Tvroq/s6jf/v3/7Uv/9g/9k9++Nf+57/s3/r2/Gf+9F/xW+7863/Y3tXf/t/9+f/z3/tL/5Xf7l/9ey+P/7D/+7+Y/Qf/+9/zS7+z+nPS3+4P/2d+9eonX/3Tv+Uff/on/1P/4h97/7/67f6nX/KHv/3X/5uXv03+9/0Pv/Rv/N3P0/Vv/Lv9uSd/3j+0/oP/o3/z//pVf++v2vrXHvyBO9uL3/EH/0D6L9z/Bx+/+s7/9JdMPzv+y/ZPsq/+oz/yL3v9mz/4bX+7v+CPKP/i57/7vcnv+td/8Qf80r2fuJ7/p7/pxZ1/9p/5vf/Vv2j6d/+jW3/gb/73X2e/896Xf+ufUP7Rv+zu1n/0j/4Jf+Q//pv/U3/d9/7c//Zl8eUf8G/+q3/uH/itf/6f+m/O/sq//y/6wW+8/Rv8xPxv+vE/41uv35z8WX/W/32+2P4r/uPX/9j1H7J19Pbf/hO+92/+Dn/MH7N1580fc+d3f/ebFH//2z/0z/kd/9C/f/Y7/Ebf+5mP/6Psx//Rf+W7v8GDl1/+7b/xX/n77j38Qz5+8Rv8ue0/+4f9+n/5f/2X/YX/23f+x19e3P37xv/lr/Wr/+a/5S88TV/8l7/lb/93fCv9p/+Ef/K3/B3+2n/tL/zTf9e/6c/43v/0K3/6X/y9//F/+D/9Y/+Ef/nf/vd+2R+4839+95//5etf+a3f4+0/+3v/H7/N7/hg94//j47+lP/sf/2P/vB//LO/7+/6nX7brb/6x/+p717+Db/D/tU/3P74H/KX/Wn//L/86z0+/89+91//1/6/fo9Hf/pvUz/+ff+3f+x3/A/+uP/1L8p3fvpvu/jzzz+pf/Iv/N3zP/De7D/9E/7qv+0P+X1/8Evn//vfdvd3/NVP/pHf9A86aat/e/ELf/1/9b9783/e/Yn08p//W/+R3+s3+3t/s3/79/4V//q/99v+fX/w7/9vvfu3/6Xf5O/5EyjwPPpT/43f63c9+V9+v1/vXnb9k3/+P/C3/0e/z+/+a//d//Fv/Bf/Bv/Rv/w3/G9P//F/9Jf+xr/+X/l7/NZ/8d3/4Z/4W3+D/+Lsn/rB/X/zt//7/suf+c1+qz/gj/8/H/3Nv8FP/0G///Hhvf/2j/sH/qDfdf/P/Z/+9f/hB7/9v/zTi9/iv/vF/8bv9C/9zX9h/Tf+bt/95f/N44ODv/lPX/6Wy53/61dXf/8v+E/+y9/hN/4D/rq/5nf75dfZf/y3/Sn/7S/9c/+vf/af+dbv/Av+7j/hf/lLs/1/7n/5D77/xd/xn/0T/8tv8qf/Vf/br/v4z/jb/9J/5G/46F/9D/6Mv2n0337yP/66//Dr//m//NZf/hv+hod/x3/5B/y7/+Yf8qf/m3/Qv7t7/yf+m+/+9J/790x/5tf7Rb/db/yv/TX/8N/95J/4N37yj338N/ytn/5Jq//y7/6z/tHf4W/8pf/Yb/2X/Vrf2f+zZ//U//Qn/cSf9S/+399+8rv/+MP7f8N/8dv95KM/fPL3/Qb/86//b/6i7/3mf/qf8b//VX/XL/wNXv65f8KDj/+YX3r4T/1Xd/7XN//LH/iH/23faT766lf+jX/f//Tj/+1Hf9Ov/9/+dv/qf/m/3b3/f/5xf/xi9n+9/Cvu/Qv3svGf9Tv8b8+f/5/Vv/T3/Ym/xfP/5n/7j//1P/Z3/w///qOrN7/09/vP/49f9pck/+lnv+VfffIn/5u/8Nf9K8f/yd/33e/8oPob3vwDf9jf9Qv/rb/5kz/nt/mTvnvwk7/Pb/Fv/Wl/zt/4O/3Cv/N/Hv3Nf/S/8Jcf/0M/c/Yrf9mv8X///v/WT/yOO68nf8Of/Vv9Q//bb/Hoj7j7G/2n//5v+x/+n3/2X/Rr/A+/0X/x3/1HF3/Og3/z7/hVP/E3rNP/9X/7X/+cT37lX/eP/1Xpb/BL/6Z/8z/8u//F3/V/+IW//R/4i//8/4TWRH/wZ/3Vf9zxP/CLfrc/+eTvz07+qH/18Z/1+t/+7OEvn9z7+7eyf/x//c//2T/0W//qL/qfj/7Hf/9X/4d/4X/w+3352/99v/5f8jN/VfL7/1F/yq/71W+3d3D+z/8af+jf9Y/89P/2Jx78er/ZxZ998G/9Ld//mcXZf/OP/AWXFw//yL/11bf/tT/q5J/5Z37F68f/4e/8m9ezP+2v+vs//SW/zj8z+T//9N/h//rs3/zeX/I7/Ka/7m/1R/75f+rO7/33//5/3M6jf+N/+ZP/ot/pd0mfNb/9q9/s1R/17P/4tX/7Z//e//S7/J9P/8b/8xf/+h/9E7/2r/h3dv7V//D//O/fbdW/6x/xC/7Q/+g3+i3/ln/uz/jH/pj/6Q/5Zdt/b3v2v//Uv/Ln7/+p/+lv+vq/+n3/qY8uf/HP/N47/8c/88vz8Z/+2/8653/Gn/757/D3/OX/w//4l378avJn/6Wf/S3//W9xPPt1f9c/6G/8X37tz/7sb/1rd/7TP/bpP/3r/Bf/7H/87d/nV/zif+0v/NV/yp/wF3zv1/j1/r3Pfp//+X/8R37Zv/wf/yb/69/5z/3N69/l3x6vf+Uf908++nNn/8z83/4r/5o/4Ff95dPf+if/pt/lr86+9zd+/t//Nf/Wb/0PnfwVf+hv9f3f8rf5wT/35+3m4z/jL/jun/AL/7t/4I/8k/6R1/u/3Z//+/8lh0f/5d/wH//dv3/zN/8Tf/yXv8nf+Et/5X/4u/zpf/+j/+G//S9/8R/5m/+u07/t9/oT/v7Jd/b/sL/mxe/7F/w7v+jg9/oH/tXf/q8t/7T/8q/5Q37yP/69/vyP/qanf+yf/8f+Jru/x1e/8tf59Mf/hX/rd/4bf82XB+f/wa/7F33ylxd/11/2k9v/2PHv8OXf+Sf+tf/wLxr/eX/Or/wDn/0D2d/5jyX3/ubf5D/+zV/+Ff/q//jPP/rz/vxXf86/+Wu8efxP/MTf+1/9lf/Nrz/9nf+Qv+ne6uQPzv6eX/c3/asO/ph//X/+/Fu/5F/5Re3ob/vkN/j3/uj/4/Uf8zf9S+Nf8NGv/1f8HaM/6P/4h/72P/z3/zf/oX/hnxz/p//RP//rffKb3Pmn/5vsX3r1q37l3/J3/HH/yNv07xz9woPnf9//cff//pVX//Gf9G//Sf/zk3/uH/uT/5Zf+jvf/W0/+/v/s7/x+3/u+b/6D3z55rf/X37NX3X3p1Z/9W/6b37+E3/C7LN/4L/6qQe/+T/+2/6qs8M/bvQHPvzjfqN3Xzz/7X7v/7T9Rb9/9o/+KXdP/4df/Xuc/5v/53/2v/+qT37r3y//G/6kf2Z3+6sv0y//ut3/5h+7/pf+rH/y9/z0r/hbvvU7/Cf/11/+Nzf/0cXfOPmL/7x3//wf9pv84j/qe//NYu+f3T37zS5+vfY/+LX/2u0/71/+B3/qv/o7fvmf9Tf+qvFv8S//pT/xr/59v/9fl/2Vn/+Of9rzf+S32/n1/pO/98/7O76/+AP+7r/+9/6H/qLyL/tT3v2CP+Z3/H3+3LP/5I/5a7/9f/xF/9A/+0/927/ou//39K/5ff6sy3/wX/jWefXsv/8N/v2H3/t3fvr3+T//7f/jF7363X73Zfp//Lt/1e/3l/x+d/6zv+Fb2Z/7V/3RP/Pv/Au/zd4//Wv9yX/gk9/s//o/f52Df2L0P/16v/q3/d3//j/l0/t/8N94vXz8v2V/7X/4H/xv3//H/tC9P/fvv7P6c/70//wv/8t+8v/8E9N/5T/51UeHf/Yv/ed+87/pX/n+f/oP/24//m/9N3/LH3n6i/67H/zbh7/FT//H5b/zG39n99/5r3+L3+OT3+mf/if/gn/o1/kl07/11/sv/uh//t/5F//g//4f+c6Xv8UfNv+x67/9H/4b/tu9L/6Wf/p5/b/8zK/7f00u/93f7k/8R/7Mv/Srfzf/je/+UX/DP/eP/B9/avIP/i33/upn/92//Q/+5O+7/+ed/w3/x1/7m3139Nf/Uwf/9uPXf+df8N9d/bff/18e/Lcnf+Hv8uf9u7/OP/lfXY6+9VO//96//kt+61/09/6qX/p3/zf/6V/8m/5jf9i9R2//6P/k3/rn/+2r/+L/+lf/2j/69/lL/sP/5mT3f7/6y/7wyYO/evzHf/I3/+1/yptfOnv7R//gt/1d/8Y//F/e/mf+vvnV93753zz64+s/8b/8nZ/9tX/dv7n+V/64P/7v+Zv//K9+r1/1F/0N3/vJ3+nFP/FP/lWv7v8nf9nf+/esf+ZX/A3/9b/9E7//r/rr/tzsyT/5rV/1n1z8d7/rb/BX/we/Q/M/nZ/+Pr/qnyz/jF/xa/wD//vjf/x3+e/+lj/wr/zH/udf95/9xf/FP/O7fvVv3PuZ+7/Nwy//wF/yF3/v7H8a/wb/0qMX/9I/9M//sb/Pp3/Nf/CfXX73F/1527/qP/8DX/z2/8Mvff3HHv70F//gxfo/+b9+p1/jp773TxS/69/zx33nz5z+xv/av5/+S//2H/Uf7vxh3/3oJ37f33f/n0un//wv+Bv/0Rftz/zGj//dP/f1X/eL/9V/9nedZc//79/pd379U7/6p//MnX/0z/pH/ut/8w//u//Tv+Sf/gv+0P/z7T93f/Kdv+R741/2R00//Tv/6ua3Pv2s/jf+sN/ob/4Vv+D7f96/+Hzrz/0Dn/7WP/Pkj/nzf8Mf+6/+l7/wz/uLfqMv/rp//J/9Wx+/+AX/3vF3f/3Fv/P3/DWzP/d/+jv+9o9/1d/6qx7+93/Nb/Di3Xd+jz/tV/1O//Ff9Mv+hj/vv/sXf7Pf+5/5J/7ct6++/Sf827/7q1/0g/M/ae9P/EuffvYn/Ml/93f+8/yv+86f9auKb/9Xn/4Hp//263/xv/lX/8ff+Lf+h7//v/4rza/+S+t/dv9X/v0/9Qt+s/9h+/f6L/7Gv/13mLw8/D2m/+Ef9sc+/L9/+V/5V/3YX7b+N/7Lf/o3+2f/5n//t/0Hful/8fv/T7/xd9/8p3/7P/AbPvrk8i///d/+p09/cPTf/F1f/Q/pv/Jb/Kpf+A/8Tr/j7/eT5d7v/Nk/890/78/+j/+P68t/+795+yf9AX/W+T95d2f/7xv/YOcP/zu2/6Df5k/46w7+5/Nf9vK/+PP+sj+j+L/yt9/+3V//pfO3s//tN/m//9VX//a/8vv9wSer7J/+BdMf/Hp/69/1W/xmL/+9P+Zbf8bv9ct+7a3f8dH/8um/9Ku/+gf++l/5v/xpx3/GP/ln/k3/5o//Rf/EX/+tf/J/+S0+/S/+rv/u1bfu/eX/5J/x1/xWv/0nv/YPfiL7D36d//Cv+Dt+/F/7xX//fzb9G3+d6vgf/LSsfvcf/Av/4l/75/wNf9dnv+g3+vRfffvbPflr/7A/4nD1R/6en/5Z/9fv/if8xn/Cn/t3/X4/9Xc/qv65X/iX/yZ/7Gd/yN/1Z/91P/P2f3978XtsffFb/A2/3//51/++s7//4G//+PP/4O/5w17+af/zf/Kv/NF/8c/8zX/Sf/Sn/1c/9s//yf/gH//f/et/4b/5a/9m/9h/8We9+A/GW/9m9U//cb/7//nv/Wf/7Cf/7F9+/O6f/1f/+l//t/ijf/Kvyf6T7/zCt3/46X/+n/8Of9mv/D//vN/nx59e/9+/+o//Zb/29/7G//n3/ta/++WdL5d/xT/9H/ziP7uY/2V/6e/x6/8tv+mf/9f8qr/4T33w2/05/9d3/8h/7G/7v3/53/tv/ot3/8HfbPV3/WPlX/0n/hEHf/Tf/Uf/qn/q//of/+S/cPpf/aH/6Hf/t8V/82d/mf5bf+W/9Cd+9+mf+vC/+gNeb/3vf82v/3fNvvdb/0YPHz78a37nv+k3+p9+svmt/+r/+Df86enODz75836/y3/7J3+L3/d3/pW/69/+u/8Z/9bv9Of8SX/lr977Nf6Y/+q//n3+5ntv21/9N/yiv/wnftv/9T/7R37n//Bv+hN/57/gD3n5t/+6z//5P/S//0N+r3/gV12m/+zRv/nRz/zHf+rv/9m/M/uDj//x/+Hg3bN/4NcY/U93/t0/41/8E/6LX/uP/w8++St/9z9t67/62+//GV/+T//Tf/Jv/jW/05/1g/X4P/v2+Hv/2T90Nvut//Ojf/T3/hv+2L/ml/7knzEpTv+B//6//t//gd/52Ytf/af//b/737Nz/W99+ntUv+Hftv6Nn/5z/+7f9jf+ib/3f/dP/AN/8md/66eLB//6n3z/r/+r79//m/+gf/Tf/w//rt/t3/n1/9u/4pf83n/g77T99s//HX+LPyD/i//iv/iP/xt+ya/z1/xL/+7x7zT6M179hd/9rV/8/r/D/D/8cvt/+N3+hf/5t/vu7/nn/FkHf9MX//OvevaL/qU/9Jf94b/ef97+k//KP/St/+m/+8f+vPT//qf/tO3T4u/4E4/+yd/4n/gDJnf++k//7i//xL1f9U/8adXv+FP/zO/+b/yd3/rL/pjf6fFP1v9L/uLOv/7L/tI/93/a+V8vfqff5dVv8e4P+KV/3eK/+7/+sb/ws38t+Ut/+X/3L/5nv+AX3/0//u7V2Z/wF/y5v8Fff/jH/MP/86fX//3f+Q99/OTO+b/637z5s3/7/+K/+J1/4d/7G/9a/8gf9bL4jX6jf+f/+m3+ycv//Z8a/R0H//6/+uf/zd/56X/vX/u7zv6H3+vPmvxb/+wveXXY/O+/6C/8zp/6O/y+v13yh/0jf+S//Rv+Pr/Vn/7r/o5/3ad/+eHWf9vun//hv97f+/f9Bf/nL/jH/42/4F/+ff653+XfP/glR//+b/fmi7Pl4veY//d/x+/7V1/94t/p3/td/6jk1/jH/pD/8s/+J/6Pf/vvvPPv/7u/xXf/wt/tf/+N/pvir/xXf5+f+kNm9/Pf5D/aefU3/6LF/3byz/5Gv+GTH/yvf8Bnv/tf+W//tX/SR3/Pv/Gb/fP/+l/y5/zbf91f+3/9Yf9U+qf9TX/SP/OH/N5/wf/xz/30V7/8L/3v/pbf7r//2/+C7/5f/+7f9w/9bb/Pv/M3/UO/1n/9R/4xf+Kf8He9+O//07/vV/9Rv/+jf+0nX33/439y8k/+qn/vj/xtvv1v/VffOfuz/8xf/ec//ey//V3/ge/8qj/jf/+f/sSz/+uv/l//i//uD/ib/u2/f+8f/4NO//NfOPtL/4Lf+df+r3+/Fzt/1d/dvvzHfp3lt39T8jA+/xt/yb1f/A/9k3/AL3rw6/51P/UfHP74//1b/V6/zb2/5v/+6/7ov+nT3+z3+85/+lu9/Bee/Um/6tf/Vf/4v/yrfsX03m9y+X//gz85Sb73vb/qT/ljDn+D3/V3+9P/gh8r8j/nn/jvf/XD//n3/R/+g1/5h/8zT2iV8K/9R/+92X/0P/0df+Vf/If/o//Txb/6D/wbf+fv9z+9/cG//1/c/7//+D/pFz74A/7pf+XX+gP+vr/w0cN/6s/+n1//vue/2b/5T//av83/9av//l/j7/vHxuf1L/wd/rbnP/nv/Ye//H/9x//nf/D+3/a3/cP/6N/yr/z6v8Ef/i/9Gtd/2V/3z/5Gf/ff/of+6f919cv/xn//H/mtvvNb/er/pP23f+rx7/rr/7F7/+Lf+Xf8sf/bf/b3/5LZv/zj//cf/5v9Dr/oTzqe/A+/+7/3X//EX/03/mP/3v0/6df6M7/7t21952/6RVu/9Df95f/t3/GL/q//ePff/9se/g7/+rP/5c/9PX7P3+I3/50n5+vv/Af/6++x+/v9lqNf8Af9z7/jt8/3/+g//Xt/8G/2H/0xv8W/cf9fvMr+jL/2z2r+hT/5q9M/9Rf8zl/8rb/VX/s7/pq/6G/4zX6Pv+B/+9+Tn/hf/7Jf0Dx88Df+B3/WP/aX/MV/weTTv+FP+PX+8n/s3/11/pR//PMnP7j4J/+vP/7bn/9Df/Sf8fB3u3rz6Df8v3+f//oPml1//Bte//q/z/9w/Uf9L7/5H/hy9Df/Thf/87/x+o//t45/8Ef/OX/+/1b9Hn//f/rwP7j/7/+Wvzw7nyxennzvL/t317/x7/RX7vwV/9bf/be/+Z//7t+l/Sr7yT/9N/v3X/+v/9rv8BdPD3754Z/7n/7Hf87/8Wfu/qffu/tb/YP/x3/2K/fGZ//J9z7/e9/8F6vm7/g3fvXHv/f/9JP/1b/xa/+W2V/zbP/P/1V/2nf+0C//9ye/8f0/efaX/1rV//YvLP6e4u3//qd+5w9/9fmv+tX/x8Ev+Hf/nF/28U/++r/Dt//DP/w3+C9+x/91/1/8db/3b/x2v/Xfd/5v/N9/yj/7699b/AtP/t3f6Lf+D/6nxZ/z953+3f/eb/6X/Cf/6m//z/xz3/p9/sn/9uw/O/33l9//Y37ik//u/l/Z/Nv/w3f+mwd19nf+53/N3/Kb/hn/0Xfv7/5W+S96+Lf8af/D9/7pf/W3uvvb/+d/wX/75/13f8ovT7/dUHDzH5b/yNn/8Dfc/1V/7C/803+d7d/4b/onf/wHx7/i3/gd/8C/4L+6+h1/autv+913/+rf+L+u/9X/YPrr/Dc/uFz88X/83/xf/Zp/yKN//P968Q/u/cl//f/5V//0L/vzfvCt3/if/zWTk/zP+D1/6jc//u//s3/h+dWf+vYfqv7+P/tf+BP/qf/9r/2zi3/h6L/5s3716a//7/y5f/zWL/03ft8v/+2/+5/8l//SX/aH/0Z/wf/1B/+6/8iTf/Bv/XX/r1/zX/p7/tmvmq3/Yv1Lf2rrd/vj/rnlj/2zf+pv8Hv/b6//y9/v9/7+j/0dv/Nf8OW7vz39x3/lb330T/7j/8Mf8kf8sX/KX7P8b3/PP/3oz/yv/6y7f+IX3/lVv/pf/cU/89v+aQ//t5+cL3/lv/nf/cvl//3n/OP/+n/6u3z3+W/w+/0af9Iv2/9v/9N/rvneL/sj/9g/+x/9pT/+9/21v/7/8hf+h39s+1/+xn/at/77f/Y3+hP+gF+8+o13/nNaHftLfs/R3/Tpb/cbfOsP+Ym/7g/5u3/x3/bgr/rXf5d//sGv/rO+/D/Pf/Mnf/p/9ndt3/9Nf7N/+2deFP/Df/kn/ee/1//xf/6RL/6cP+pv/DN+3/Jf+Af+oV/7d/0V7/6mv+33np78Vv/FL/5r/rmzP6v6Z/+4P/ifWDx6e3r3z/y3/uHv/rZ/39/+b/3281//j/t8/i88+HX++Ie/11/wa3/8p/8hf9qv/qv+xz+5+c//it/61/uj1r/6J/7jP/Mv+eP+8X/kf/iVvyT5c3/BXzb+m//i/+lf/XP/1n/8j/mV/+33/tn/8J/9b1/9Tv/+3q+x+AV/1j/wvas/6j/4q/6TX/rP/57/y6/+dz/6P/6Zi3/xP/6Pv/Ov7P30v/j27179V3/uX/vL/8f/83/+V37Tv+PL2V/zR/6+/+Df8W/+Jle/0x/7d/8ur3+nv/Yf+S//+r/+2dt/7Ae/9bd++b/8r37STH7L18V/8rf8nX/5/dPf5V/7ff+a//1/fvcbVr/kT/g1/tR/+Lf6Nf6b3/O3/tfqP3j6d/6h4weHl//i7/a3jP74nzz9u/+ev+df/l3+nT/nn/sbfp8//+gv+63u/rK/sfir/oL7f9c/98e9+IN/4r/95//Dv/bff/Gv/Fp/+n+3+/f/5//Hr/w7/9yf+j9+7//tkz/k3d0/ffRm8u/9+7/4t/7DJ/9Y88//Ebu/6g//q/6Gz//j7//63/1n/vN/4fyP/nX/sP/xr/pL/8h/4B/9u/+rf/TP/uT6p7/ze/zGf9u/9NnRb/3g7/tP/5zH/1jx383/00e/3uPLX/S//BW/8Ft/4p/6W/xnv9lvVfyWv/3f99//J3f/i9/v1/1nftN/4pf8DXd+1WL8p/8Ff+b6v/qt/5Tf8b9/c/33/Jf/1qtffvwH/u37P7X+Rb/yH/v0N/vj/+f8F/8Df8Tf9oP/8vdrfvmjf/rve3zy59Yf/U3/yN/+L/+5f+Nv8fnf9Ff+Gcnf8nseT37D3/sf+31+9fSfWSx+n1939jP3f/z/+J//wevfvvrT//4/8E/8ff7Gf/M//f3+vD/9N/nX/61n/3bzm/++v96v/of/w//ts3/st/2HLv70rz7+P7ef/1+/9M/79/6xf/Z3+Qv/h/81/f0Xf/vRP/Xk8S981vyxf9n//mf+dm9+v1/7r9g7m/+PO89Hz/7KX/67/Wd/cvbq97n8pX/xH3X+3//Ef/nn//jkH/n7f+t657dc/brFH/Lut/yH/v4/4O/8zx/+1r/qn/1f/uxf96/5b3/6N/v4b/wD/8o/43//Hx+8+RP+l7/ij/2dL3/h9/6TP+FfePGbfPLJb/S9x7/sX/0Fv95f+r+93vkLfsd/4ic//Xt+n8Wf/OaP/PPu/m3/3Z/z37366qs//k/7B//Jf/83+V/vPD05ffxX/JW/1/en/93vs//7/82/wy/+Lf/b3+bvq/7Q7T/v7/v1fp+/efljv/LfePEf/x//6n/8O/wt/9ef8J2/4l/93X/3/+HLf+g3+tt/93/yL/qlv/ff82/u/g+/xX/9e//q3/3f+i9e//n/xh9799f8tf65f/xv/m/+/n/mrzj9U85/j+9M/rDrP/pfmv2WTfM//5l/+H/6Ty1/49/q7/sLf2r843/C8fZXf9x3Dv7+P/8v+nf+h9/7B//Zv/kH/a+/1//xP/2bb/+h4nf9N/6QP/j5v/3X/wO/9Ff+rX/7yS/b/69/83/wT3l475/5R//mv+HLb/3Cv/Qf+Pf+lt/x+J9s/sGfvvfJb/zf/9r/5N/yR777z9tP/o7f8eqTP+BX/eLqzuwvT/7g3/7p7/+H/AFvnv6Nv+lf+gc//lfOXv1n//X//pv/E//6b/l//Tf/2990+Eef/N5Hf9lv/z//RWc/9dv8h3/E//27/1F/f/pv/Ya/7L/77J88/wf/5F/37Z/3d/8jP/Zffv+v+c//6j/yt3r17/2a/8If9d/85/f/9X/yHxz/t3/of/tr/Gu/xj/6Hx380b+i+S0nf+c/8OzkV/1rv/nn//1v+/aLX/+f/J3/mhd/6cv/deuf+8/+sd978m9kv/6Pzf6HP+iP2vv9th7+Ln/b3i/9PX6f3/nL3/P5b/l7/lt/6e+5+7//XV/9kf/gf/Mb/tf//V/yZ9z7wx7+Rf/Gn/Af/e6/+6/3P/yR//yP/Qmfrv6KP/vj7/33f8zf9p37nz/7ZT/x8N9+ffCLfvGz/7r4by8/+2Pe/V+//j/7R7++93uVf+wv+51/3d/5d/k//+77/+tv9J//B5Pf9X/93X6fP/Qf/6v/9r/so7O/8OK/+nzn1/ynRr/1X/f3zv+O3/D7z/72o7vjv/pP+Yf/nt/xW7/st/9H//ntj3/f3/v7za/6Y//mf+Knvvxrfv9/4P/8U/69f+/f+7POfrO/4uF/9hv/nn/vP/Br/QN/6Zcf/caf/ZN/zNH3f+1/5N/4avk//amzv+B/+A8f/hl/xe92/Rv82v/zf/aH/C3/8m/4f/xpf9Fv9NN/9b1f/hv8G6v/4g/8A778s//Tyf9Wp3/K/sm/+I989Mf9g3/v3/w/HfyHl3/LX3/v1/1F/1zy2/yWv/PW/rs/K3my+6/+Nh8vfs2f+bv/pD/isz/yu3/ef9/8cdPF3dWv+w/+DX/wX3j2p/6b/9D/svwTv//f/9O/7n/2739R/BH/43/9D/9rv/OX/+E/9g/9bv/p/d/sj/gvH5/+r1u/8H/9/Y5f/Ibf+hee/Da/c/4v/yvv/qj/5g9+fXD++/2rv/LZH/OP/g2/5l/w+n/8Bf/kX/K7/uu/3n/3B/4Fe/Nf/Bv/S3/W//Q/H/8D/2H7F/z5R39u+ef9RX/UV7/FR3/wb7I8/u7f/Oce/Of3dn6Hf+4v+9Vn9d//r/2p//K93+If+9t+0W/8+D/4/i//m/+q1//H3/4r/pGv/rm/90/6b5Lf7Mf/06Pkb/7eX/XHPPk/fqf9//QfWJR3/rTDb9f/+b//nb/ll/11v/f/8rv+Tv/Kv3T9F+xdZ//5H/et/+sv+7X/jt/sN/6XfuoffvzVv/GP/at/27/wN/z42//o+tmzj/7g3+df/ef/sL/jf7jzP/6+17/wt/y7/9BXf8Xf8Af/dv/IX/77/n2/wdn/9Lft/YW//8s/4u/4da/OLv6kP+fij/z27/+7Hf45/+Pf+fv9m9//tX7V23/oV/9Nf8Gv8dW/8If8IH31/X/+d3jzf/5uf8Hf8Of8ff/Y3/AP/He/3fa/+Q/s/+e//u/65/75v+c/eO+Tzy9+vT/pt/vVf8Jv8f2/5Y/8PWav/vHf91/49f/Fv/bgn/o3P/kzvvjb/4tH+f/2J/823/nzjt/+S//xr/uL/4R/8k9Y/In/8b/8z/xtv/lv8it/+W/wH/x9//1/9D/8W0//vWn5R/4Jf/gf98nf+7uf/cP/5a/7e/+fv/S3/nMv/4e/6+/5Pf6z/+Iv27l+/R/8sX/IH/e/vpv8c3//n/5b/+37z/+w//Ef+k//29/sr/v1/o1/6L//j/+FX1L/zD/9L/8FP1n+4b/7H/dr/Lr/yr+69y/9AX/EZ5e/4K9K/4c/5fd/8BPf+1v+wOZv/VN+4z/i/M+qfv+/+Nvf/z9W/+4/Vv4f//nkr/j+H/4f/yZ/57/1P/4xv8erg1/9n/15/+O/fPbJv/lr/E5/64P/8Tf/6k9Mf5t/67f7l/6n8t/7vf+wv375W/8Rf+rxP/wr/v3/9fO//N/8PUd3/5v/43f4n/7t7/1Tv/i3/sH//Jf+j3/Mb3Td/sY7v+cv/jP+of/gz/+Xdn/6j/7kD/+xf+rNwb/9b//G//j+v/Xv/TF/f3P3n/kt/6e/9t/4/i+mDNDj//M/2Ptdf9vf6g+//EP/nl/jr7zzJ//2f8j3/vq/5tf7zV7+b/nOv/Ln/B7/6B/xH317/PC/+oN+6hf+Wr/X4+YP+Xt/vT/l73ly90/6cvQP/b6v/+f5r/uL/qjlv3v6x3z5j/7PxYPfbvHVH/Orf/zv+G//gb/vl/+Kn/6z/oDv/5f/2e/175z+R3/gb/pb/xd/8i/9w/6Nv2Hrj/vNnv3Z/1n+d/6dzd/x8Ff/UX//H1v9fVnxp/9V//jv8C/9n+e/6dnv8PpX/hN/29G/8Z/8Fs2vc//dn/VvZn/Ot/+XP/c32/0///r/6d/4Df+cP+nf/SP/q3b37/w9/8A/7vd78q//Sy+bOj/9ff7SX/7tX/WbLf6FR3/4n/+Hrn/t//TXPSr/ur85+WXPv/iT/tC/73e++OV/1B/xJz29+sH5v/7r/a8f/e5/xL/yR/yTf8Kv+eu8+uJ/+Scn/8gv+Df/uP/qb/70z/1P//Nf9rt/cf37/Gt/+Ovf4m+6/+vkP/i7/rR/8LPv/6n//t/yf/9W948vf/K3+SeW/8C/8qf9+F/+4//C/V9Rf5X/oR/9Kb/yn/7i3zv93X7pP/br/Sn/6+/8v/0PX/xrn/wbbz7/Zf/+P/I3/KF/xsVXj3/vv/s3/7f/qz/6l/83P/0n/zd/yr/25/zFv/vuv/W7/Sf/wR/zz27nv8Zv/df+4t9y8tV/vv1X/R+/0fnFv/zVr/xy9cfc/61/l3/gL/yf/+Z/7i/9T37vO//4wR+9+/f8g7/Ln/ub/o//1n95Mf/+f/77/tr3/9LfmvLUv+uf9E/+m7/Gn/utn/n0N/gVf+Nf+kf/F7N/+Z9rfv/f+m/6/X7f/+733f/N/7n/+U9c/9H/2dVf+ef8K//e//VLfq//8s/6n//t//Zf+3t/nd/53/yD/v1/5A/6/f7Qv/5v+YceNH/un/e33v/W7978o4/+9n/oN/p3f+9//uJXzO/d/8l/5vf91j/4Nz28N1sno7/o8Z9ZHf7gb/nXP/2Xfp+/5c/8pZM/8tf9e7Jftf0n/t+f/7O/4B87fPUP/zU/80f94n/6D/y3fvDn/Nn/yR/62/1vf/wf8lf/Odv/7Md/9R/xNx/+OT+z91v/md9q/s4/7Ff/Q7/Di9/hb/oDfsn/+lc8+xMP/sSj3+vf+MP/z9/1//zLfpd/4S//9Mc++3fP/6lH/9rDP+vV3/q//J+/Uf4n/dH/2L/7p/3ps9/0X/+f/8Ef+z2W737h31f/az/xJ/129+f/zeGf/vv8yn/iH1v++O7v9ad8/qd/8Rv9xf/0X33/H/urf43//jc8/sP+yF/3n/nuX/K3/W6/4vWLP+tffPb7/tf7/+qv+H3+h69+t//kf3/4S/+n0//oFz/7xf/cp7/5P/mvXf97f+hP/Ub/yi/5nU5/7JP/5eFv+nv/s//MP/TkD5n8Adn//cn/+ZN/+V+70977az7/i773O/xf3/9zTv+6X/Qn/Qc/8bf+d3//07/9L/+7fu/Fv/Rr/0k73/31/8dfa/x7//pHX/7LO7/hH3jx3/3+f+X3ft+/+Ff80V/+tX/Zf/r68F+59xf80dWf8Mf8Bv/sf/5b/Qt/w7t/6A/5u/+CP+9v/9V/wQ/+9L/6d/mb/tLf+v/4tf6cv+xv/V9+7//xb/6D/pS/Z+v/Pvn9//L23372T/wpf8B/+C/ur/+cv+Af/pP/gD/8V/5z5b+9/b/9pX/B//n7f3v/P9z9/X6N//On//m/+n//6YP5n3169rv9Jss3v9l//Pv9+//yKvsDf82/4W//3y9+yf/S/II/7q/7d3/Bo63/6i/87PX/+U/9Kx/t/Ha//k//8f/hH/4zf8D//sv+rX/v7/xD3v66v89v/OP/5L/9F/z45e909E9Md//H/7b9H578X3/Cf/k/3vvJP+J32H/52//Vv8/VJ//In/xn/Evrv/Rbf+3/8KcnP/ibLn7D/+KX//P/yq//P9z98e3XP/Y7/3e/9l/z7/9F//l/8y/+W3/k7/w//Ea/5JPf99e5aj76Z/+x3+CP/pl/8O67f/Y/+PQP+Ev+5sf/5Pq3OPwn/oDf8h/73f+OPz959se+3ado5e/4p3/90YP//k/73/7IO//qf/aXnf2Wf+WLP2I0+43u/fW/6a/c+hX/1cPv/4cP279ylv/fP/kv/Vb/2tWf/Sf91b/x3/Ab/fn/+D//p/7z7S98+Q8/+O1+wz/iT/rD/6tv/+dP/sHPf5+3v+CvvPrFX/4Hf+53f5Oj//Q3+A//u7/9zh/yX/+SP/a3nr149Pf+q7/9T/9ef9T/Wv/NP/Ev/uH/yx96nv6BHzd/5ucP/9I/5G998Wf8F3/N6hd88dHrP+kvSP6FL/+Dv/Mv//QfOPprf4ff+0+vf4vjv/Pv/P793/4//P3+jf/75KM/4s2f/Q/+Lx/9t3/p3/Pr/PlX3/mbfkGz9bf+Hn/1weLv+et2//s/5X/7bf+if/fit7h4/e//n5/8j9/+83+Di1/9hz19/E/9+7/q9Lf/237vg9/j9/kNn/zjv+Knf9nv/w/PT5e/y/N3f9M/9df8Z3/o3/xn/p9H/8XTv+Tf/fZf9Pbf/DtO3v3uq9/o1/49/uG/Lv8zL/7Yp9u/0T/197z+S7I/7K/+VS/e/JJfsPNXPX39Xz/8M/7Q/+k3+n1/2daXf/t/+ec+/M8f/+N3Lv6iv+n+L37yJ/4z9+79p3/XT/2m//fv+d89ufvTF1tvfqN/4z/9V+//F//h3/33/52/7R/8V/6jn93/18/+tH/t4Pe5/u6jP/iPPtz6Nf6xv/vHf8X/9kd/9bf+Ff/9H/kb/YGrwz/on/3Dzv+Q3/Zf/EO++CfTX/6b/C5/6v/852Z/15/xO/89f9bW977z337nn/27vvNnvnr15/wJf+n6z/z3nn82+Q9frf/pf+cvf3jnP/wj/q/f/bf/m/7zP+W//N/e/nH/6t/5947/wP/kz/lT7v6h/+D/9Tf/4f/6b/Pgn/zdf5/f7jf61/7Ev+gf/fF/7uxf/ROKX/nr/Zn/4j/8v57/t9Pqv/xNfv+/5t/7n/6nv/53Pv+zf5ef/pW/X/7b/U9/1N/1M//rH/AnvfuLftv/8n99/vv+RX/XH/Gdf/rHf+rv/83/on/19Kvs1/tL/prv/t+/1elnbx7+L3/E//XX/S7//R/4p3/1Y78q/UWv/4n/6M/81n/7mz6e/mev/8F3X/29v+T3/9//2//yx/+DvdP/81u/0T/9B/0R/8Bf9if86gd/4G/825XJb/nP/a8/+GP+kntXo3/+j/pPFv/8f/bf/oP/y/f++b/77/xd/tj/8X/77PdNHv2nL//pv/Xtv/uH/dgvPf1ff6OPf/HV/vXPfPff+gv+mst/9st/46/6Pcf/7Q/+tD/qb306/ulf+83f8b/9Pv/nn/lP/RG/xr/36/7z/8a/Wv/hv89/9vf8zK+o/oq/+e/5DX63P/c7Jz/xL935C7/3G/27p3/8v1r+iX/Jr7X+n7/zH/9tr/+h3/joH/5Nfov//t/48X/xL/xr/+2/8Jee/76/3bt7f98v+In1v9X8/as/5+q/m/2f/8mf8E/9U3/0b/LL/8d/7j/63375F//uf/rnfv9vX/x2X/zb/+rv/y/+4R//Z//NH/ynffpbfP+v/rf/0ld/w//5W/7qP/YXfp7/rid/xO/8r/2zv91vcvkP/8Fv0z/sv13/l3/un/r2P/qNf69/j5zDvzf7C/+B3/pX/v7/9fHd3+Y3/P3+/l/yP5/+dj/5x/4X/9xf+pv8L//wq+9v/9L/5ad/7/F/9d/+FZdXd/7x//C/fXv/Pz3+a+7+DYtvv/xtf4et0V/+p/wf6f/16/0l/+3F4u/81t/8T/zVr+7/9X/JwW/4d/wRn/7hb37LtPqi/S3/za/O/7o/9bPfsfhPf4etV//jv//lv/5b/it/4Q/+/T/7X/vd/rDXv+7f8T/9TX/Mv/J3/jW/8Lf59R8dfLJ4/J/+pv/U967++7/5d7v6yZ+488/++Lv//u4v2vs/J/f+t+/+27/tb/1n/PV/1Hf+55/6n//73+bP2/4F/87h/3X6X/wjs//6d1j9+os/4bf/7f7no9/pJ//7f+Cf/1uf/aH/3tn/8NdNX/1O72a/yz/6Z/7Nv/ef/fGf8F/+ef/anX/58z//zn/wL/5Of9WT3+RP+G3+8V/2u/7kb/FfH/1j//hHizu/9bPf5Ff/8X/eP/jr/hl/z3f/4k//ll/+t/+pT/+of/L3Gv/5/90ftvgn/+Lf5X/5s/6I3/HZH/vXL/+1j/+MX/tX/ap/+U/8F+4//nf+ud/3j2t+rX/6n375X/xf/9ni4b/3t/7uf8liffl/jP66f/I/2Ptrtv7OX/Dv/O2/xa9cr2f7/+nv+S/e//6/evc3+ehf+/3+u3/ip092f8E/8uwP+y//sf/pV/+Tf//yb5ot/oXX//Vf/PSv+5nHv+G9v+a3+2d+QfFL/+X9d7/y+/f+2s9+05/5L/7uxZ/xv337L/xi+95f/7dW//lv/9/+up/+Ln/Z7/TX/FX/xU//U3/7f/XX/W5Pv/XXrX+PP+Z//N70H/jP/7Cd/Wf/3Hf/qr/uH/z9v/qZ05+68x//17/ubzoq/4/D//GPf/ynf/XwW//sPzJ585/+K3t/4X/8v/2ev+/f+oc++5s//gP/+Z/+K/+N/+1//He/9Qf9z//jt/7If/biT/mp5k/9Pf/K/+Jv+gXn3/kL/qk3f2H+a//txa/50R/59/29vyr50+79Cz+1fPtXH/8Z/8lf9tN/8d/wZ//P/+ODi3//d/77XvwWn/zDv93v81v9k7/t//E//Fr/92/2n1/95r/fv/2vnf3Zf/Zv/xt8mT7/lX/B67/2Hzj+7X7Zv/Sf/AOvv/1fzL/4zf6OO7/ei1d/+D/45/7rb9d/y//4i//av+Nf/6P/j3/lD/q7D/6yj/7nX+u3/Yf+nV/73t928Ov/6k9/q/F/9jf+zNv/65/83/6yj//a3+53/Vt/09/rL3zzW/z0H/A7/4qd3+/k99j+a7+6/3zyO279U3/bV0//87/y9/9r/uzf79f+4/6kP/03/0t/69/1ZP9v/MP/8b/3t/o3/8Kzv+/Pmf7lv+Y/9Dv9pa/2fuP/8r/7k/+5vY/+9l/77/3Xf+Vv9Hv8O1/e+523f9mfWv0pv/9fd/br/Zd/2287/e3f/ed/2L/xF9V/zvUf/Xy1+if/rH8o/WOqv7r5Y/61//Hv+4/+gH93/Of/W//XH7f+w/+vT3/q//irjuZ/+vn/+T//B7/Wn/1H/eu/zb/0W/4ff/uf8Lv9Zr/XD+qr7/5Ff8Nv8OXHV7/5l//hr/iNfovf8Hcd/S47D+797//Sf/27b/1R/+rf+C9mv+S3uPibfulv9+v/Kb/09/zu7/g//so//v6/9Mt+nX/33/yZv+3R//B//7av9v6CX/3LfvI//ve+/xc+eHTnn6t+27M/9s/+Pf7Sf/6v+5UHv+af9H/9Fn/kD/6Y8nef/FP/7P86/b2+uv6x/+Xf+7//zZ/8Q3/T//Lv/M//x7//8Lf79m/1j/6SP/mn//Xf7tf/Tz9/+5ve/Ut/nX/md/mv/qB/49/Z+m9+6h/5tb78M36zP3fnv/zit/uz9/+Fd3/8f/cP/bH/yR/9S/6Av+3d7/NXP3zzn/+6f9h3ftW/ff8/Ov7P7/1TD//BX/+X/R9/+n/5V/1R//E/9/pn/vc/+N//x/+dv+RXnf7xxe/9p/26f+fffv5r/Le/5W/6J+S/8s9YJf/I27/oH/pd/vK/9Hf5997d/ZX/zd/51/2Hv+wf+Df+mcMnv/2/851P7//bv+E/8l//7/9bO53+Uf/2iz/y11q/ePG3LnZ+svx1/52vfqc/++/+4qc+/St++buf/LV/2W99/v1/78f+6o+rw+/9eb/xvR/7L//B3+g3+dW/4o/+737Pf3n02R/12/2Nv+hv+dPrv/FPGn/1R4yaP+z61/hzfvr5b/cf/ODX+icf5v/Nv7r6pX/W4+TX+Wf+q7/wL3n0+/5+R7/nf/wH/ol/5l/5J/0VT/637/0Gf9Psl/3D3/7+3/xP/BEnf+gX3//iF/7j8798/8/+r36w+pfav/l3/xX/6F/wG/wVf+r/+bv/459+/09+dPfeH/PwF5z/3X/z3/Mrz3/Fv/fZfzH5b84WxR/zT/5hP/af/oZH//j/sPzJP/LH/5l/96/4xx/c+XVe/B//2D/43/3+l3/e7/N7r3//32b7aPbxP/hvffq9P++P/eSv+6l/+E85+ot2/+p/8Pf7N/6ofzr5u3de/09/89/2+dPf5Lf/A/+Lv/d3+Td+m19R/cF/7d/9n/79/0L9n/2mf89/+W+Uv+HH/8tv+/nhz/zXf9T/8cv/wl/9+y7y/+xf+tf/2r/sj/3H//4/6E89/Zf+59/gd/h7/pjX2//uw7/31/u7/oS/cfw7/kN/2m/25/zZf/Qv+/v/9H/+3/8zfp9/8n/73X6df2zrx/7z3/ivfvkPH/+PV7/+P7j6dz7799d/72/1m57/ff/Vf9H+J3/KH/k3Vj/9IE3/0n/q3/72X/Ub/Fv/3Y99+rf+el/+bb/P9b/9N/05/+N//mb1+sk/9ZN/yfhP/+pP+anvXf7kd4+//7/tbWf/5O9097/4e/6Av/37f873//Xf6G/4H/+3X/Y3/RmfjK9+p3/37/gX/9Y/5j/+FX/t9Ve/3b9QfPrX/C5/4exv+Ef+4vY3nv0Of+/JP/m9w3/87/5t/q8/4nu/4M87+Uv/+z/vtzr5ba9+8X/2N/xW/+j5n/jXfvbP/sW/7rMf2/vl63/kf/rz/86/8rf4b777l/6Vv/Uf+iedHrz4rf7e3+A//Mfu/tJ/7N/9fX/P3+Ev+o9/43/rH/qX/thf+90/8Lf8W2//yuu/8rf5G36/P/2z//4P+fP/pj/k9/2XvvW//vG/6T/zvb+7+J//mHt/7p968qf/17/Z/V/zd/0HRgej/+qnv/iff+LP//t/+u/+9Za/yR+y873/7k//Tf+BvzP9vX/RJ//S7/LH/yE/dnj+x/3iP+E/XY//tMd/5t1f8s/8N7/eX/rnfet3+g1/h9VP/rLf9c//Y4/+0v/84R/4nx8cf/LX/Qff+Q9/94M/4R/9R7/751/+tn/jT9598lf8Zn/kn/Vf/rrf+rfvvzv4G/6A3+7i7/xDf/X/9l8++/v+vepfSP634uNf51/5xb978x83P/P3/L1/5n99MP/p7+9+svu9O3/qX/qv/5I/9o/6Fz6/+BdOvv/v/9f/zG/28D/86m//TX7lt/7Hv+o3/KV/8u5v/39f/a1fnP4vT87+5n/jr/1blr/V5b/yS/+eX/IP/Im/6k+v/uDf4p/7+5//Rr/kd/iPX/+qJ7/7g7/reyf/4NEv+FP+sD/vD/9fP/pT/4S/Y/ZH/tr/afoX/j5/wP/4W/0mf+NHb//V6vf/w/+L7/3Cv+x/+f3+9X/rX/xLLn/xX/t3/zl/83/+b/5Bf+F/c+/H/+n/5Bf/bT/xd/3yye/6x/6Xi/uH/8T/+Gqbchj/6vhf+lt/s7/qx//b+6t/93f+p/+F/d/5r/qf/qBf8e//C//1ZP5X/+W//Ivs9/qrvv/4+R+x2P5DP/pt/+Jf+Tv94uWf93v+4ff+0L/kf3pe/M6/zcPlb/rXPv8rTn6XP+/tP/W//cL//d1/8If/If/exfb8v/uNvvrv/tD/+pf8+b/0P/4n/5G9P/X3PPuxX/Nfyx79k3/HP/vv/Mb/5B/6b/3r//Zf9J1/bf693/r7/9bv+edc/El/1j/W/Nv/0OJvfPVTd5/9zD98+W/9279oevqXv/4j/8Sf+PP/9a/u/tL/8qP/7k8of/n9nT/o8y9+wfO/7cF/ePC3/6b/ze/0x/wRy9/3177+yf/tf/wn/6g/8dM/dPon/T2f/fp/4a/3NyRb7/7On/i/fotfe/eP+r//wurP++/+jL/pD/+9/qNf/788/Ct3nz5Y7/8m7cO/5wev/83v/aL8d7j7lzz7F9PPftff/7sf3538DX/wZ//VX/Of/tbnf8u9P+f/fvb7/JbLP+L3+xMu/+Xf6uAvKe4e/F2/51/56/76n333xW/3M//Wp+9+9Z/1axyuf+M/6Nkv+g/+tz////jpq7/y1/pv/5Df47f+n5f/0z/4e//K//nin/yj/tZ/9T//+J/8xb/yd/xTf/K3+/P/qVe/7f9y8Kf/5//OT56nf97H/8iv+ux3zP7h4vf9K4tfuPj137z783+9f/R3/tf+4z//9/xD3/5H/+mv+wv++9/l37n+Lf696g/5DX+7X/kH/Ed/5t/1G/1fv3r31/5t3/1O//b3X/5+O/9O8+f+BX/xP/KL/rWd//x3+IsO937T//3tn37v3/sDfslf+tn2yV9w+d3/+J/5/t/6R3/13/6py//4j/yf/qIv//zf7C+c/kN/0//6O+z84r/+l/7lP/P7XP3GT7/6s/+uL9o/5Hf9l//5e3/l89/y+O/6Z3+Q/Tr/2v2Dv/JvzdIHv+/6X7/zV/8n/9s/+DvP/rdf/O/+gl/1F/ytf8ZP/RO/5d/9F/xbr3/Lf+kv/HP+gP97sfV3/YH/4sUv//ve/q/fOvvPD/7mxWd/85PJ8p/5P/+R8X/9G/xayX/wD/9zv/4f9pf++v/XL/5t/8t/6W/9y/6nP/e//Te/+2/+Q//1H/e/5N/7tf+3iwftf/E7bP0Rf91W9ef+n8Wv8Qc+/t/+3l/74fzv/nfe/hrV39b+vr/n8vf+3f6Lf/B33v97/vLfZOu3+Bv/5//wj/hb/svkl/7y/+3Zt5Y/8/a/mVdHf9l/sPtft3/Ff/lH/H3nf+c/8NHvtfNrf/8//o1/9ctf9a/+j9u/6F/4XX7jP3Hxf37vN5z/R3/3X/jvjv/In3r7j/xpf+U/9L/+X7/q7/4///Lv/erf/F/4pb/qN/1tvvt7/f6/13/0O3559ff++3/qH/fv/PN/wz/w+fZ/f/H8D/qXn/y+v83v8i/+37/Zr/gf/+O/+0/6Zf/yP/zxv/Lsi+l3f93rf/93+d3evP2NfvUv+GN/5X/6a/15/+F/95O/9x//6R/2K/6q1d/+x//B/+LsZ/7Rf+R3+bv/w7/rp754/I/92OOf/if/m9/1N6r+i19n98//a8//19/jD139G7t/x9/86a9/8nuu/rz/5bf5HybH//g//C/+l7/0Yf0b/83/zA/+uz/49/59/uzit/vi7/l9PvqNPv/2v/vod6r/7H9t9nf+8X/+P/r7/tqv/oJ/8w/6K//1f+af/sf/k5/5V3/z8+SX/cH/9T/3X/+f9/+nT/++X3nx8tf+E5a//sW/+4f8g//Ir/wT/s3f6Pf/fX/te//h33v3r/zN/ts/4Z//v87//L9w9z9790f87ft//v/5z/7dzZ/3p373//zHf9Vv/tcU/0bxvzzb/01ffPft//W3/0V/8W/93/7W/+X/dfj7/rr/YPLv/Zt3f8noT/2pf/C3ff4H/cSv/9vOfsVfufgd/+8/+r/9Xx/+b//2b/or//Mf+8fyP/+/+uIP+Guf/se/dfXb/M9/QPMXf/Jb/eH/1e/0h/wDD3+PP2T/Fzz5PX/9v+tP+kX/2+/6C/+7f/5+2v7G/9n5f/L4T/oL/ta/a+d3+ytPvv2f/8v/+uy3+TPu/9u/+j/5U//3P+HvfPqX/1b/+v/8j/+O3/6n/qIf/9bf/p/8Kf/qxV/+O/1uP/Gf7H/3r/27/vs/8U++850f/C7/w9/67/6G//uf/1/+Ef/tz/zH/+of//f9Lvnf+R/80n/q/H/4pb/5X/eXLf/X/f/0P/kN6r9k7/M/cPmTf8H/9Ov9wt/1D//Fv/p7/+tP/x7/zas//K/4P3/73+8/+o3/md9rPXq+Xv3SvbfXf8tf+1O/5r/xl/42+ff/83/tzq/+M+/lv+rbv+/f/w/+rv/ib/Pv/ml/1aM/67f6F36H5R/8v/+Z/+Vv/kuLr/7ov+yX//W/3Q+evfpv/pbd4n//K/+sX+P3OP87/6S3f9pf8Zv+G3/1//2f/LF7v9c/9Lf++W/++l/wV/zy//TRv/pH/o1/8MW//uDF4z/68+w3+1f+6N//L/j9/5o/5m/69Md++x/8Jb/FP/Rb/JZ/1cmv+91//N/6Y//r/+ln/rvf93/6d/+W6t/8PX+Tv/LXOfudv/P7/cTvfPfkH/nBb/n3/YpH3/qz/uk/9ru/7j96/7f85W+qP+J//PX/kz/51/iDv/yH/qp/P/+ffsX+b/Xy1/g1/qDf7Df4v3+3f+q/++V7T5L0X/u7/oG/4Cd/7W8v/4ef/s1+jf/74o/9e/6wn/7Bj/1H5//Wn/7H/Un15Nc5+M/+kP/1N/yxP+D3+R//oLd/zOGD//SP+jV+rf/o175z5x/+5/f/oH/nn/8V9x9+8rv8Gr/Zr/3H/WsP/vu/+r/9fX7PXzv93X/h7/q7/66/8Hf/3X/X3/3Hf/x3/yv/vpOzs+Pjsy+/aP7b3+S3/Ozevd/ysx//8U9+/d/jt/3kd7x7+OM//nf+dg/+xj/oL/qb/qid3/DP/Lv+sr/rT/rd/sE/6W/6l/7AP/U3+5P+5D/5J/6U1//KT7z6V37sb977W5L/8w/8O/7boz/oN/w1foNv/wb/1z/5B/3f/+xv8Bv80ctf8Cf8cX/eH/Kn/Dfnv+c/+zv/QX/SH/RH/VF/0p/1R/1hf9if9b/9FQ/+u7/id0n/it/97/7FX/43u3f+/H/63t4v+P3/91//N79z+p/9ff/NH/97/PbP/8lf+av+sr/wV5++erm3t/u3/k3/y2/4GyQ/9sf+U//UP/NPf/L4zb/2L/1r/8q/8S//6//qg3t/59/0t/0tf8ffvL78Rb/kf/5X/vl//z/943+Pg/9o8Qe8XP1rv/q/+k1/l+nkP331rx79lRez8/y//K3+zD/tz/jTv/vmJ7/6A9/+9LJYvP0f/6v/41//d//N32PnYP//+B1/vb/w93z+0V/5V1z8Gd/9yX/z33jw6d/58r/6Q//RH//v/ud/+r/+t3/VP/4H/l2/wa/x0R/yf/+7/9ef+XfNq9Vv/lv8lr/lb/6n/p9/5B/7B/1P//0f+GvP/+iz/+HsT/4Pfkn55H/95/7MP+G/PP51Hv79P/jOT/ynXya/X/Gv/pI/4r/8pf/pn/bH/czeP/t//Pr/9/Gv/l1m//cv/oc++r//wN/1V/+Bf9D/+Q/+XX9F9fdd/Njf9Zf+jX/9X/kb/x+//h/7H/0Xv/bv+3//GvN/+tf8yV/rpz76tX7BH/Qn/Rl/0B/1Z/xHP/j1/q7T9j/9pX/b07/tD/rW3/TlSfNPvP0jtv743/4/+3f+z/rf+x//4z/oF/9rf+qj4vUv/iv/67/51a/31/1Rf/9f8V99/D/8cVffWv5eZ3/e//2v/tH//W958M/8G//tr/x9/6Xv/pL/7a/7X/+O3/Afv/qv/9cvf+/f+b/4l/+jf+0P/uN//4//wd/3H/2n2t/jf/vb/q/f7c3/9tv8i//8//L7/Ae/1j/4x/56P/nnfH7nj/gtfr/f/2f+53/2p36Hnf/8L/x3/41f+9sHf8Sv2vqXf61f/VN/+7/yn/3l/+kfcPZ//Pp/6L/09g/4Df/83/Tkf/47f/zq8tXvd/2v/+n/1Osf/PX/ztvDv/bve/lP/iXf+y/+pf/0xeX8e3/+n/qb/s6/9d+6/vX/6R/8Lf/nr/vb/8qnD//Mv+r7v/4v/8nv/V1/+t6vfvg//tL/7Z//O7Z2rn+D3/BP/uL3/vL3/SV3/pZ/788Z7z/5pb9J8h/8Q5996/f6l/6dv/1X3Xlebn1n59f/r/7j7Zd/wl/z2Yu/7/w/+qcf/U3//PKv+Zf+tXL9K37Pf+Z/+DX+p19r8QfO/6t/8vSLF1/9l3/8o+wPnpz9s2e/+yQ/+of+x1/2e//eL37Zyz/pF/1j/8ev+LH9X/2n/yf/88+sPv+9/7LyL/mzfs+/7D949fv9wX/K4r/7G6pf+r/+njv/SvHrvv67/5ff+ui6Ln6zv+x/+SP/1P/4T/9Df8V//6f8Ux//oX/IH/v7/st/wsVx1jY/9Z2fLP+vX/vxzi9/V//i/+KP+u5/990/5O/7v+4+ff0Thz89+vjF/n/yG/9e//1f/Yf+OX/qb7z+F/7t09/lN/m//+X/5c8+vXvxO/7Xf9PpT/xe/+jv8m/86l/+n975+9/9wl/xW/yyv6b8o36fv+EP/vh//HX/12/9Oj/4BX9U/U/9jg/u/5VXv9ff9yf/+//Cne1f8O7v+q1+zb/19b/0q/e/91//X3/Q3/R33fnb/rC/aPrf//G/4upX/Rn/xH+1vPev/Ht/yfXf+U9/+1/+bf/I3+lv+4X/6+wv/dN+yV/25f/9D/2Dv/M//lf/un/Pv/Ln/sLf5uIX/RV3D3/i5b/+7735K//tv+U3/S1/+t99dfp/3f9T/sbf7fp3/Le/+j//4l/4P/+Z/+hv+be36+8svv/v/X7/YPoH/hmf/f5/wT/1P/5uH//jrx8++DN/30/++L/lzZ/y23z5f/8FvzoZ/V8/8+V/WP/Mg5N/4P5f93/8548//hv/xf9y/fLX/SM/+lf+sn9k+R+c/AN/++u/6+//3f+DX+M//t3/hd/wJ57+aX/1H/br7fwjT/+N3+q7p//Wb/ln/nq/8pf+5v/n//Bv/D7/zL/07/5xs+n1v57+ftn2v/Rn/CH/1t/5N/9v13/t/p/yt3z/0//sn/6//tj27/5jfvWd3+mvP/3qT/g9/v5f93/5my6+/J8u/4On/+Jf9bL5+Dt/wL/2p/2v393+N3f+xN2/47f5P979Jr/sH/kPf/Pf5R988if/Rf/ev/KfzX7jf/lXV3/zL/xFv+r3+wXl/aO/c7H4Xf7aZ7/4j/7F/+XOL/4H/52/4ff/v3/B//mP/eKnf+jvdPxv/1d/2v958Hcvsn/3N/sNfvA7/rW/23/3v/8vs5/+J/+XP+Sv/73+lhd/xH/9t/9zf+q/9+K3/Rv+wC++86/8s3/i//J7Zn/gx//433zx7/yXd//Vv2T7T/h1f/D7/Tl/xYt/59//5F9Zvf3ev/k3Xfy1/9k//2f/8r/uP/9n/ua/++/93f+P+p/9DX7sV/3Hb/+TT//t//pP/Nv+uT/wd/zk9/tjf5ff5+7yV/+Cj3+XX3Pyt/4DHz9Z/7Gf/L2/8d/3z/y+3/7r/6hf9U+/+9Zf/Q//y//Kvb/wP/i/D7f+0X/6H/2L/7ff898u/7v2v/gV/+0/+Wv/nV/8r1V9/Et/xz/mj/53/vnf6J99/D//J7/B2U9+9if8G/9MtvxD/o8//hf8Ln/rL/jH//C/73f43pef/91/8w/+5//yz3/10d/yt//MyR/2l/xWV//Cf/jV//l3n/zZd3/7N4d/+1979If+L3/93T/1k9/n87/wT/s9/r2/6fcuf/Ef/z/8+7/4T/0zPv1r/r7TP+2/ffqf/hO/3p/9b/09Z3/e9Pc7/hf+jT/+Nz/4l/+Xf/nw8tf7bf7CP+JV/s+d/7b7/1C79y/+Rn/Mv/e3XP4F9W/3Lx8c/jZ/3x/+5q/+17b/0vnR8g/8l9/9tw/e/LJf+N//A3/Xr/Efvv7iX/pTZ//R7/rgV1z/91t//h96PD+6+BP/3H/zf/kjf+O/JvsF/8Q/+sv+rN/19e/+v/7O/+Rv9u98+Rf+cf/0//Wrfuvf/aeK9I/7w/7VP/1v/DV/3/9t6//6nX7TX/gn/2mLT3+r//XhV3/IP/74l/wnf/6f9+1f6xf8Hn/rf/vH/7If/Bnnf+nv/If9di9+m1/yN/y+/9S/8Kvmf+tf/8/9Af/gv/r3Lz//S37pP/n3/h7/5l/xP/7yv+H/+lf/3v/2t/nBv/eHPfrOT/7Gv+DPfvh//va/8z/76/3YT/6fH/+a5R/+5/8jf8sv+x+/+Kv+j+d/+k//vr/yV/wZ/9Bf+zt97+nv8T/+p0//7f/rz/7t23/7l+S/cP+/+NP+r1/rH/gDfue3/+7//dv+j//1f/fJ3/vyz7lT/Sm/7cN/9C949L//4w9/z9/i3/qNf83H//Fvsf2/fP9P/Wv/h3//p/6F9R+e/IF/7vqP/et+2Z2nv94/+Zv8dX/Tf3L+Z/z1/+m/9S4v/tjf9x/9yV87q37x4d/7S3+/f/+P/8//uTe//Lf6iV/65jf9O1/9Df/4L/2/Pv87/oTf5i/7N8/+lV9w51/+zb/8X//Z3/1fnP+d/9pvnH3r5B/8N/6a3+DP+y++/9Xoz/9P/8XfoV39yn/un/29d/+mv+uv/zOP/rk/8gfLf+Bv+fvvvxj/mn/3P/Dm9/0bv/hPD1//0X/xvzD74v/44/7qJ/fOf9d3z+99+qf9tf978lv9F//B//j7/WXf+u5v8fe//vv//v/6L/8H/+U/8O5///v/tf/DT/1vP/5b/06zP/Zv++lHf9L1f/BLf/LV53/m9Is/9zfd+9b/+J/8oTu/0Z/8e/2N89/+i1/jx/+TX738W/6P3+MvuPvkN/8Lsl/84we/6vv/4R/19Oxv+cP/yL/0n/sd/6//4W/6/f+mv/r3+Op//Qf/1H/o1/wV/8Hf8afc+S3u/Q2/22/+p/0p6d/6ZvGb3ft7d//tk7/lv/ov/q//c/GP/w+/0x/48b/5W/2Wf9if/08f/qF/4pf/9e/xf/+ru//rn/9r/ZkH/90nf+a/8s//C3/YX54s2v/gN977Jb/TP/I//ac/+cf9n79+/Q/++r/888Pf5N/5dX/rv/UX1LM/8d/9hbNvZ7/f4b/4l/9L/+Gv9Q//Gb/rn/xX/2t/27//e/ziv+2//G9/nX/7t/jbi1/n1f/8O/5lv+Xb4vz703/3V/65P/GH/NH/6d53f+Xf9+4H/8Xv8xf8ef/iL/x35n/Tb/rs6U+//vcnv+5v8qf8C+1v8/F/+nf8PX/vX/S//yO/+b+U/7Jv/89/773/7MH//N//F3//v/KL/sy7f/Z/9hf8+7/en/wHrv+kojr9n0a/6T/yt/8+/8pv/Kv+2J/5lf/jP3X9f/1hv9Vf/Ph3/7d/v3/yV/1t/8GP/aPf+vE/5cXoX/or/rT5o+P/8Bd/97f4tf7kv+vRL/rxP+S3/it/+3/8J5/+Of/sn5/+ib/BH/L9V09+9X/wN/+Vf+vv8wf+7+O/8584S3/Df/Ov+R1/6//7t/1lT3+L6T/93xT/1t8z/rPS3+7v+p/SP+HLP3Hvt2j+9t/qD/vd//tf+O//Tdm/8Id+9vfN/7o/6xf8kt/s0//uP3nz5K/9J36fv+M/+e9+7eun//NP/6W/++/6v2b/0Ofjl//M8//1f/nLL/6pH/87/vrf+b/7yV9Z/g//7q/8E3+n5M6i/fz4H/788u/+m3+fv3j17/9PP/Wb/lp/+e/yD0x+4t3kwUdPf+X0d/kXv/NL58fX//cf8ev953/Q337yL++sfsNf/Orv+BPv/tX/1ndOf+wH/9X/9u5X/QW/0f/9bvGH/ef/za91/Lcc/b6/9v/41x1dVFt/71/xH9+d/dGvf5c/5d//XR5v/WX/8x/6h/6T/+Gf8RfvvSj/y6tfWP79f8ejf+ejf+zqP/gD/89/5T9r/tv/5b//M+/+Rn/I7/iX/i3FX/tj/8Ff++/+Hf/nr/1bf/Xr/TO/dv6//HF/5N//p/09f9tv9At/p7/rf7h6/Wf8l3/i9R/98Hv/xm998g/+17/Bwa//Z/3Hf+Sv/nX/mHd/5P/49/46B//pP/l//1q/zd5XP/Zn/R//3f/yi+7/C7/iL//sp/7nv+/v+dv/1F/0D/z7v/1f+Vv+gb/lH9P+Mb/u3/93/h+//2/9S3/V+L9Ik+d/+3/8rxU/80//rY/+kf/wT/mX/+fkj11OL3/J//ir/6urP/Gvevdr/vir5J/7bf/aqz/xH/9Pvvydj/6Ef/jfrJ//7t//P978trPf4F/6bddv/4o/9G/4H/7uP+Af/SP/sX/iH717vv1n/sF/+e98/Cf/8//js9/0P/jP/rmPf8Wfn/x2/9V//zd8vPq/fpvZ7C/7k37mF/1jv8Wf9M//+v/1X7Zz/+Nv/8L/ZP83+td++e/4l/zFv98/9/def/IH/tPPnty9zH+Dy9/nV06+8xv+Hf/q7/kb/YG/1/bH//Gv/Wt/8vf8o3fevvq9nvw7/8Ef9E/8T3/R4p/+W+Z/+b959mf+u5//ltPf4+hX/pW/x91/6i/4wW/yq9/M/sS3/8d//Jf/2G/2R/2d/+wv+PV/+Xe++Dt+9R/3T/89P1j9N3/nb/z9//X1X/iX/p3Pfp//qnw4ef5n/cxv891/9df9U8s/8P6v+N3+vb/8d/+vf6u/8A/43x/9ttWP/1X/ePW/fPHf/z6P/t6vfrD8N3/bf+oP+A//k/+6/dv/xH/u6n98+Z/N/8+/5nf4M3/ql3z/q//jd/k7fsF/9p0/auev/R3/2F/5yb9y9tv+tv/AH3b37/rf/4M/7y/+p3+bX/Xtn/grz3/FL97+5y9/51/nr/6D/7k/+/f/a57+9P/wa/ydf+Av/Kv/tr/xt7j8B+u/6Y/843694//1z/njfuff8y/5FX/eT/6Ll7/6n/ij/uw/7n979K/8+n/7X/iL/6jf4Lf+V+b//eF/99v8Sed7f9qf/8f90v/zkz/tB89+5e/61f/6H/zi3/i/+qP+nZ0/o/xb/si/6e/8H4//xeUf88f9XV/+zn/Nv/qb/mPjf+63/Rd/zb/2j//kt/rn/49f8Uv+gf/scu83mPzif+DuF//LyZ/0z/4d//Nf/vyf++j3/+jNn/tf/vn1H/yP/2PN//GHfX/5j/yji+mf8G//Tv/t6NG/9osv/ts//0//BX/6H/4Tf9Lv90tOvv9Lvv+L0j/9n/8N/s9f+7/+5/7C3+sn/sA/9Ae/2S/5v/+i7/yH/9lv/jf/7R//zK/6wd6vc/in/raH17/2f/2vf3b28W//Wx//Sf/L7/Fb/83/wW/89735D9b/06/4/A/+R//Rv+8POfuH/4W/4G/8L//l3+rjvT/6k1/vL3j73/+RD3/h7/v7/O5/49/9l/8Zf1f9F+d/8OG//x+++x9+t//rJ1/8Vst/7R//9/7OP+s/2bv88Z/66/7Mv+rf/xXZv/9v/erf+u7lb/97/sX/zu87+Tf+19Xv+Z/+G7/o7/+D//1/7EX2f/1GDy//2z/9t/0fP/mf/5rf6t/8+O6v/Wv9kTt/6T/zZ/2B//Fv8B++/T2v/8/f4X/7v/7Nv+Wzk//yq9e/7b/55/5O/9Hf9V/mf+DffPFf/MrxX338+23/Cf/K4e/+l/2rf9of9ydO/u3v/6f/59/5B//Ur/8v/tI/69nf/H/+cf/G/77zq//qv+vf+z3/x+3/9a/83375P//3/on/1vend+vHf/lv9Uf8uv/BP/37/dr/7L/37/9vr/+4P+Nv/aN/h3/zV7T/0fM/5Df+w/+V//JXvf6jfvp//Cv/wn/uT/xX/rH/fu+n7/++/97v+Je+XTyv3v6Tv8G//ff/37978Zf+A//Qu993+3d5+tVf8Tv+/v/e7/SP/nbf/X3/vP/mbzn4n/6hX/U3/nm//L/69/729sd+wd/zcv1L3q3/jt/qL9v73/+ndvnldfM//PP/wa/66d/i1/6Vf/5v99XjP+p7//F/9/g/+U8//yv+49/j83/p9/4L/qH/7OWD3/7fmH/xC/7UX/Lxb/2//2t/6R85+Qf/79/33/if/u3/+U/4hf/+L/7pJ9Vv+3v+Jf/M1X+/v8of/0//5V/1D33r/H/+9z//L3/sxz76H37PP/Xl7zv/z3+/3+Lv/vG/8L//nX/ib/79f/M/5Y/7+//SP/R//jf++P1/+Y/75X/O7/4H/4f/6a/88//os9/h+id/qz/sV8zf/o//0Zvmf/3PfvvrP/XHv/ub/LWf/fP/9fdHf+R/u/3FPzd69a/+0t/61/+X/5Q/8x/41f/7P/Dw9/qv/tG//fWv8Suv/9Nf9l8+/pP/4u/8/vN/8Xf44v/85X/tv/yX/BO/zW9fXD1o3/1Pj37DP+nX/w9+t+88ef2dX/kb/Fff/db8j6rK3+enf6e/83/8Lf+s1W/z/b/jRfUH/x8/9ebfX/y1f/0v+E//0j+9+svPl2+Lv/ZX/Q+//E/5C/7E41/vj539z//nd/79l7/tv/3f/spf9Te9/GvbX/Kr/r6f/KMf/xX/wr/2r/wrv9Xveu/ffPz43/wr/4tf52/5V/+A3/yP+/d+7z/jL/0Tv/hdqh/7Nf7BxZ9T/S6/9Cd+y//wT/9z/4x/6c/6Zb/93/U7/rl/wp/0Z1/+4p/4fV6/2f7d/pi/8K/8hf/X7/Fv/eJ/9m/6u/6MxeJv+0V/5F/0D9//h/+QT1+srn6D/+E/+M3+vd/51/p1Jr9Z+gf/R//wZ3/X77X6tX6d3+C3+Pfuz1e/8S/9ew/bf+OnfvFf+Mt+yX/5i/+HX/I//J+/6Op//uf+5a/+x8O/5qf/uZ+4//ZP+Bt++Z/3E//SV//1b/evfPWn/wl/xd4f8eCfePNjf9cvnPxVv/tf96t/39/jz/7lxR/+n/63/8ivu/6z/po/62/4B/7mv+0v+PT3+w//gL/zr/wP/rJ/9urf/xP/5bu//rd/3d/3H/ub/83//C/44n//3/+kP+lP+g3Sf/uf+mfv/cnpv736V36rr373P/2f/Cv+sX/sH/vD/sh/8h+b/fe/9/3z/+Xj/PSv/Xe++0/+/X/iH/fs7/vv//X27Duflr/8H/sVv/x//TUPf5Pf/J9M/6F/8o/77u/1m/ybf+Rv/Rf+Jr/Xb9r8E//mv/UbFS+uf+b/aP+LP+bP+Dv+07/79/hv/ss/55/8we/4S/7j/3r97/zKP+Tv/fR3+WfPL/7L9X//H/9hf+SP/czz9B/4G1/d/79+zf/xN2z+lF/7xbt/7L/7F//F3/n//Ozd9ln7N/5j/8HOxw/S3/U/+Xf+wt+7/qd++9/jV//e09/tj/in/7M/+G8rftlf+if8Dqd/1v/xd7z5z+7/gj/4+G8/+snf69/9h/68z99N/umP3/3Wf/XVL/zp/+Fv/pd/2S//lf/xP/gvrv/rf+f06R/4n/3Cv+Qf/XT1g3/37/8t/uL2H/nnv/+H/9X/2f/8D//2f9Xv/8v+7H/hd/ov/+M/9Fd+Vv1Lv19++e7Rb/ev/MP/7D/wg3/yL578lX/z3X/uxb/xb/1Tf9X2X/lXnH/vrxs9+xd+t3/o7/57/61P/+j/6qf/2z/njz/+t//9P/+P/dP/zT/l9d7v9hf/b3/f2fFv8sfff/i//LP/1382/18m37v4T/+ZP+33+4N/r53Lf/R/+u/uLP6r/+rT7d/y/N/M/uNf9g8Vf/by9d/+/dkf+mv940cfP//N/4O/cf1HXvz6v8+f+9n/ePEL//d/6a+qfps/83+6/60/8avf+U71C778E999t/mv3v4Lf/Pv/Hf8z4flX/wv3Xt5+cv+yz/y99/+I/d/i3/3z/vz/rg/9Jfc+R//oj/m3/wP/qx/ZO8n/qY/6+//qV+x/Y//Hs1fdvW3/q3/3r/4t5Yvvv97/Xq/cflv/mf/2pv/5L/6V17/jn/un/YX/y+7D//p3/7vePYn/Z/NH/475f/5f/x//Mt/6P/4h6/e/g1/z6d/2F/33X/q4tf8mb/+b/7H3vzTH/8Hv8lPHf3ev+T4W7/6f/uxL1/82X/j//oPHv262V/2n/93f8Xv/Wv+9n/gP/z3/0d/zu+887v/Pb/ob/3x3/rv/ZW/+9/2xb/5Nz//e//Z3/7v/PP/he/8c7/j7/fb/tr/0V/7B/0j9U//xn/WZ//Rn73zl/3g6uy3/8/+sb/8N/8tX/+Kf//3//zf/u/+4L/nz1r8zf/ys4e/Y/o7/6b/49/7h/2jf9Yi/5N+xdE/8uVv9dP/0OP6L/k/tn/Bb/vjH3/7Px199vR//JmPdp9d7PyRP/0f/rGvv/9H/rO//Wd/3d/4+/z1/+zeOH95+p8v/rVf+it+sy//9ZO/40/9l/7Mu//lf/x//Eu/2W/7G/1Vf+Fv87/+S//h3/Nr/Rt/zq/+9X/zf+Jv/Bt++k/+Nf6bf+Tf+xcuf+b/+A/e/T5/+n/3L/6Zf9hvcvr83/plf9Of9Ndv/cSnf+T//u//Fv/h7/R3/X1/zE/9sb/Lb/Dbf1Gk/+vf8Vv9k//ML/77f4ef+Rd/zx/8K//Vf/Cn/7Vf/bKf/pf+1If/3S//1/+8f+G3vfsv/LcP/tk/+7d//Hv/D//q/rO/8Y/+W//b/+GLf/K//a1/07/6F/91n+7+eb/8r/xX/7kXf/c/8+J7v9u/9RfU/+pv9pv/q+Pf4z/7vX/yv/p3/vO/7i+8t312+p2//De6+i/+tX/3x3/wx43+k3/wb/+bv3jy9/39V82f9aee/oq/4xf/OXf+/j/hN/m7f+yzxbd/79HJ7/6b/cV/1T/wH/3zv/rPfVX+4K/9NX+rP/nbv+LvO/iD/vA//a//u//Bf/CXfPpL/tv/4+p//ZUf/Q3/7p/6n//Kv/pP/F//zL/lr/9D/6nf9u/8o8//o9//01/9P5Z/8e/04H/8M/6mv3f73/m1/7jPfvLX+2ceJf/Lv/Tn/1t/8Is/4skf/b9kf+qnv8l/+z//Fi/+uj/kn8n+1L/9v3vyX/6vr/+Nf+HJX/Fb/aJ/5m98+z/8tr/mP//73f8tf7M//O/77l/751396n/5L/0T/sR/6x//1/7gtPzTnuSP/+9/qPjP/oO9vz8fffvP/B/+rvT6D/hn/5enn3/+j/3qX/jb/tF/72/55R/14if+zD/0n3my9xf915SL/yd+2Yu7/+R//H99/rv8Lr/Wb/Ob/y7//G/z/D/7n/7j//LXvEh/xR/3Uz/xu/y7n7/6Z/6GL2f/3j/0W/74v3v0N5/+03/OH/pXPPsv1l8+Ohyf/vP/wm/4H/8Gf9uf9Uv/z197+nu2/9Sd//Nbv+3J7//7/4Xz1T/+y/7LP+bNX/+v/Dd//V9dffbPkuT8GX/Jt3d+3f/59/jDfmH12/3477D39/ynf9Xv/avv/a+P/4m/NP2ff+x/+Qf/67/n//4T/rn/5Xf8bPJv/H7/zK/xP/8B/9iP/ZNXv/HvPP1jf+PH/+J/+r/+0l/zT/jff/8/5V8o/8Z/5Vf/6T/xr/+9v87f+e5P+G//0v/oZ9a/+1/7l/4Wv/rZv/ev3P3Xnv/jv84/8Pt+O/33/tjf7On8//zz/vR/5zc7/zv/1d1/avu3aX/qb/6F/8Hvv7X92/xXf8Ev/5cf/NV/5/zi7YM/8dfd+e8fH/zE5P/873/jX/N3+RP/0n/s7/3n/vp/9Xf/I36Lf/6v+GT5a/yiP+gfTe/9jv/Vf/6//tKnv8kfuVv9pf/p3/qH/9f/8e9/ev/v/fX/xP/wP/5nk1/vL/rdfus/48949bv+Jq9+7Ppf/E9+pv7b/6I//jd6/Hv8uf/9P/vmd/hL/6I/9u/58tvvfuvf8x+82PofJtP/6D/9s3+X+u//vX7lZfr3/OGf/Hq/6e/yuxz8Zr//b/lk/Ds82fqPf/+zV//6b7v1t/6nv9+v+Z/9dX/08x/8a/9h/R//qt/8evtP/COuD/+O6k/+Xa7+pF9r66/8lb/lP/xXr3/73+DvOv+J/+rgyS87/9v/kX/ol/7pyR/49/1+/85f8q/9E7/O3Wf/+Z/1339/72/+l/6s3/YP++v+3Z/4437r0/v/zP85+jV3/8+tv/5f/gt/1T/1z/wTv96/9g//V4v/5Lt/9t//z/+3/+v//Pk//Qft/TV/yP/+j/0L/9K/9uWfN/vN/7z/9eUf+D9eXPyRv/5v8GBR/S2TN2dnX7yj58/9+3/TP+M3/cP+w9/9v/1N//nJb3749j/86N4f8Yd9e/xHPfydf8XvVv61f86v92v+46//o39w90/+wb81/S3/vtG//Ff9I5PP/5rf+Z/6M65/83/mb3rxW/15h48+/yf+3r/+T/vt9/6jv/yfe/FnlP9e+at/o9/933r1p3/1O/25/8Wf/Q/9u//8f5D/sfWfc13+93/wr/2X/5+/yx95+Bu/+A8v//mDf2H5X/wpp3/eX/+X/DP/4KO/+N/5+9qTX+vbf85R8yuf/Xm//j//H/4V/94/+ive/tPLg4P/5H/7p/6ij/+6f+671//Ff3X59/3WP/N/r7/zZ/3pf/q//u/8O7/k9exPufe/fvxHP/qv/qu//3t/3B/bfPKH/8p/+48b/QdHf13zD/+B/8C/dfynNL/FX/74P6p+4t/+57a/dfbsb/9j//DTf/O3+W/+wO//A3/vX/K//9XrX/Y7/i9/w++QfuuX/be/4A/6e/+O3+hv+qV/+D/2J/7a//fysz/xX/iD/6tf+9Uf+slfv/M//kb/y9/7B/9H3x3/Cb/xv/qt//CLP+p3+fs//5N/9+Qn/uG/5l//h+7/43/gP/Cb/Wa/ZLn/L/8Nf/6Df/PP/5vePbr4bLb8+/+Fvz+rTorv/HZ/zm/3S//a9Ff+o+N/8M4vePHs4z/nJ/7q3//N5a/65NV/d/bP/MTv8+3/9nT56se+ffln/tL/4PPf5Xc+/d9+0dXpX/S7/fu/4F/+BX/w73D2f/zHv+e/91f9Of/WP/dPZen3Rn/kb/QvLP69v/fZv/SX/cfP/th/9988+RV/44M/6r86XPxZv+N/+av/+X/9i4PJT/xzk7/v+Z/5j/42/+l//2f+fr947z/5Y/6U3/kP/7t++tGv/KX/wa/8Xf++b/9z/9bf9k/+w3/JL9r6jX/JX/zdn/jf/4pf9IP/49HOf/bXr/b+qD/pt/3d87/0D/rb/7Y/4TfNnh9ebn/xX/9pD/6JH/wn/8Bf9R/+t3/FH/L07/wr/8Pf/Z94NDv4K/6Bf/Hf/I3+/f/if/+T9j7/N37m9z76K/+is9/yN8h/7J/57f7EP/df+ot+my9+1epP+3f+9N/rt/l9/tHf7Tf4r/7ef+L3+SN+03/47/43/tX7/8bf257+7b/iX/9N/7fiV/9zr/+Lf+3X+b8Xv/o/+id/03//r/4d/8m/7vt/6l/+F3/3H373W/6V/9of9u/9zH/6x/9ff+j//tv+g9/61qd/2m/12z18+J/8bsnr17/jb7L+J/7Zv/BP/eP/ql/xO/79f+mf9lu1f/G3k5cP/qzjv3n7//jl//SXf90v+49+vzf/7T/53TdbP/ivDw/v/RO/xl/3B/0lv/5fuLg3ff3P/ZJ//M+iyPv3+Olf8o//gX9n+Q//I//F7/ln/0v/95/2x//dB7/rv/Xuz/h++ofP//bf9/R3XP1Nn/9+f/HkX8uu/+2f/KPzv+Tv/Yf+yj/mz/lz/7C3//y/8x9+/H/+79M/cOc//CfLX/fgwb/67/15v+Nv8Y/8fv/4b3vxb/2nf+TP/Ku/zt/zj82+94v/6b/o3/gT/6hfuvX9v/Z3+bf/zz/hH/13Fr/kl3//N/kF/9a/9x98O/m9/75f8n81/9K/9d/+jv/H/q/86f/wn/tP/4y/9Oov+Q/+87/jd6/+h3/ye//jH/+L/szf/Lf/k/773+E3fPXX/Av/w5/yu/5vv+Q//w9+19/210h+6S/9Y/6vv/rH/vP/9ndf/PJf46/84jeZT579zK/4zz7+D6e7/8Jf/Q//kb/6D/0zf5PvnHz+O779P8/2//r/6xf+j/9m/fv9kj/rH/7Ff8h665/+d//R/V/xnd/qv/6Hf9l/9H/8p3/DX/E//B1/4W939/f88Z/+NT/+m/+3f/t3+pnf4Af/0V97Nvtl23/O1eP/8s/6I/6Fv/fgV/w7/9PfuPXbfH78h3zrn/6t/t03/9j//pOP//3/9Rf9s7/81S/7t37Z7/FX/hl/2G/e/Ke/4n/94/7cX+NP+cHWf/Mn/Dr/0D908sV//8/+Vunf+x/+Y//JH/lv/1ff/c1/n9Pf7w/9E+78Mc1/+5//mi++94998kf8O9//c3+93/W//hv/pT/n7/v3/9V/4Xf5T0f/8U//4F/5zf6Iv+2f/83+k9nf91fl/+Hv/rf8af/rf/Ef/se/7e/1y//L7/4Pf+w/dPxX/j7f/a2/+++fvHxw/18//U3+rcv/8P5//eU/+N/8zp/8ZT/9e81mf+Fv9+f8zrP/+HfZ/W3+53/ql/8dn3/yW/4+/+ef/u/9gsM/5ad/jz/s4k/9N3fG/9Gf+yf9PX/yL/uj/u0/55/7jf/Z/+k3n/7Ov/APPfv3//i/+P/6O46Lv/bbf+x/vfvn/OX/0R9LC9Df+ud+///wj/7Lf+Pf4j/7b3+Lf+Gv/MW/xi/+Df/4T/+Jv/p59q/+cZ/9K3/Vb/h3/Pu/8y/+tf6Xf/0n/pXf6n/64hf/8r/+X/97/sX/8/lv/cf9Pf/jw/ST7O/9xf/xz/yG/8E/9q7+zrM/4bf4PR7+Ef/bT/yZf8/4T/i3/v31Xzj+tQ7+gMX/+Tdnv+Cv/DX/8sX+n/cf/7v/yB+6+xPVb/K9f+af/6NO/9x/4Xf+B//wv/Tv+Of+p1/49h/7bf/Kf+Ef+D1/4if/93//+Jed/dNfTv7sN3/e/3H3zQ/+tF/vL/y1/rb6J4/v/Gu/7+//7G8pv/1HnP8b/8uvOPgL/6T/qPmJ3/3X+eLP/gf+rn/zP/9t/9azP/JP+U/+5n/wV3/rL/xv/4AHP1b9swe7v/sv+fwX/zd/2Nm/++/8Jn/wz7z8F7/3D/1xf+53/sH/c/2HPP8Pfu2/8J//N//r//D//D/Xf/rHj/6c3+bwf3r2D/6zP/4HvPziv714vn3v73n4nd9o91/8p9a/0frP/F8f/rn/84urzz5ffvbpX7z78lv/y3/3nTt/x+9++mr7+w+yX/6rf/o/vHo0/ekf/Gv/1a/41/6D+7/J3/v7/D6/9S97PvuH/4+/8qO/+tc9/m9+z3/xL/3sd/tTi//27/izf/V/+Jv8LV/89B//t/y3/9wf8d/85Q//uLsP/qW/7H/9X/+CP+O3+v1/xa/4Tf7W//2P/G9+w9/wv/3f/oPf+9HRf/2f/bt/0h+49eCvffzX/lm/Y/4rfr/p3zld/0+/5m/zF/0nf8af+Tf+s9//k//LP/fP/VV/7/f+5//g7v/5hx88/63+6Z/+L/6pX/Zn/Kt/2+t//+//5b/TnW/9w7/Hv/4LfvI3+f7Z3/m//w6/8/Vv+Usmv+NvcHj0rd/x3/ij/o1f/Hv/Of/gye/0737++I/6ycXv+3v/Y//UX5D/3X/uT/77B//OX/Cf/Wd/05/527/66f/l9/4b/9Jf9kvGf8FfPKJo/c6f3/yrf/c//+f+zX/wP/et//zf+At/y7/hT/iJX3H3y7/+n/sl//mv/p//nL9j+/t/5Rfttz/6TS7/5L/yP3368l/79f/TX7jzj7/42/6TH7/zK9/+Nbv/2avnf/t/+vzov/1F2ae/wdF/8O17f9H5X/Doj3nwg9/+9/77/9T/+eA3+Bv+4PIvLrcXx7/b3/2L/uK/8erP+Rf+w/r6z0x/149ffVX8GuN/8Nf7H//h3/0f+M92/ufvpFt/5J8y+l1/g+1/+c/9a/6Ov/Sf/em/ZPFvjH/yr//e77v/33/yx/8h//Nf/Xf909Psxcv/+F/6/J/8jX/3P3D3/q978D/Okl/8R/4Rf/4v+cndP+wo/yv/9j9u+ef/Mc//t39i8bv/pr/pP/dL/4w/8eJP++v+jH+0/B//vl9w+Gc0v+x//nv+8Acf/X7l9v/6R9zf/rv+qn/0X/6NP/mPf8W753/CP/+P/Ru/0//4x/3z6R//z/4J/+y//Tf//n/+bzX5ff+WP676r/+C7/2W/9Gv88c3+Y//U//lH/5H/7qz3+X+u6d/zO/yJ/3ef+Yf8z/8A3v/xu/2t/w3z/7qv/Hz/+af+p//3t//T/+z/53Zb/O7/xPf/5P/ud/oN/n9i1/xxy/+p3/1+//Szq/9z/0+v+N/+/jFf/4n/M7rf+OP/zN+t7/1P/mnv/1PPfwtDt/9Cz/1i37tX/mv7P7JVz/4F//n337533z2yZ/5904uHlz+KX/6f/83/uv/9h/+H/1te3/cH3/vN3vyH8z+u5/6sb/k7/3Bv/l//fS/dnk+efef/oW/1+/2y//7//mf+Nbf/bf+7v/B/Nf4X/6lR//KH/HP/pZ/7U/8M//ln/7wv/zJv+W/2/43n/8bv+SP/h1+y2/9Rn/xP0WRbPP2zW/4byXZ7/H3Lv6u3+a3+W3/+n/8+X/6rb/nH/8bfpv5k//hj7/79/2Rn/8d//5P/+b/4++y99l/8pv8J//K/3znr/n3nv6CP+8/q/+N//JP/Pgv+V8e/QW/7l/97//+4z/3wb/5N7e/Yv/v+J//oX/5l/+9+9/9Rb/kP/pXPvsT/+mf+T+effSf/vff/h/+lX/mV/2h/8msyK9+2f6f8b0n/8L8z/4v/oVf/q88/+5/94uy3/Ju9r/+t7/rn/z3//m/6o97+08//fv/sT/kD/nn/+r//Ve82v7rH/5lf8F/8ebOX/SP/9fFr2j+zv/tT/m3/vBH06v/6N1fmP3KP+nX+Pv/zV/95q/e+xv/1b/w8Pf+G/77X/K//BXTv+43+G8+/8M/ffR3/tr/51948Sdf/tH/1F/5W12sV3/Kv/XH/cz//l/+67/gz/wr/pXv/I9//rsfbC2q8id+s9fn//C/+ov/rt/ji+qv/j9/33/6n//zv/Uf/SN//8M/7Sf+sr/qD/+HTz/+q/+uP+rxX/6X/31/83/0B3/rd/3Xv//FX/Zf/4V/SfXwX/hVf/fv/nf9e3/Or/gLrv7Rf+oP+j0f/q7/7r/zB/yvf/wf9Jue/LO/6fif+E+/8wt+p3/iX7n43//O3/hf/12//9v+tn/u4S+5nv7M7/O7/i+/zfGft/07befrv+p//h//0d2dh39U+Qv+1+vnv9fdP/E//Sf/8b/6p/76//t/+unf44//6376W1u/8Z/87O/d/XP+2f/pl/3Kf+foH3vyVflbPfy7/6H/6P/O/tbPf9Vv/6//M+d/4D/93/7dT5Ldf/u/+C+TX/RP/9n//t0nv+qvuv/4P//V3/1tpz/+5/wnx//zv//H/m+/33/y6/1pv+fv+vhbf8y7P/OP+9v+1N/6r//uL/0j/+ff/Zc9WPyP/+Dv8jv9zO//07/4n/i9/tLml/yxf9bV9u/74//Vv/rnT776hX/Pv/6L/4C93+5P+p//kr/9L/vzftHfWt17+vy3/ud////q09919cUv+yP+5f/kl/3JH//Er/Vb/vn/3SeLi3/xD3/6h/32v98v/jN+l/u/z1/6+/2Gv+I3/a9/4o/4wb9a/xl//N939bv8ff/bv/RLH/5vv/mv+N/ao//+2a/4X/+nUfpv/p9/6x/8E//z/b//d/t1T6e/6mz2Hx79ip949s9/efR/fP47/rt//y/99i/5Y/6af2b6+K/7q//zv/B323rx7n/9Ty8v/5O/4u/8Q9uf/qv/8l/wB43++v/wV/xW/9Szv/57u3/fP/Ln/+r5m092Hv7Xv+Wf86v/53/3P/3HntbfWq3+/X/jP/h3/9V/8l/4B7f/i79xufy//9K/+5/+VW///F+y/tu/e//f/Kd+y//+P/7p3+EH/8j5n3vx6o/8+x79yj/ju8Vf/o/98n//2Yv/8s/4ff+lf+n3/Q/+ov/6s+IX/8J/5Y/7q37LP+Ef/2f/s3/zf/77/uSf+cU/+a/86//rxW93+Tuf/de/96/Ifp3Fn3D/H/+L/qa/8J/6C/7yZO/1v/VP/Kv/ze89+Runv9c/+e//Wn/8f/+3/ea/3vh3+gv/s8//q/H//N//2X//P/Xv/Kc/+R98d+/i1/y3/8O/4+/8B//uv/YP/Pb3/uJ/8p/8K//Y3+6P/TPejbP/4Qd/8Pa/8E+fNf/Nr75z51etf9Wf+Hf+e3/Df1X9gd/+T/6Y3+7Nb/5b/Hm/1Y/9i4/+rj+0/g3+2j/tT/tr/8A/7eHf+b8u/ptf9qv//P/wN/w9//zf9lf9Fr/b3/HX/SN/wF/5B/9Lv92f/Vv9kr/qX/zH09/1t3n6r/8b/+b//fd//8V/+Q/8M3/ln/P6v/vvf/vv/2n/5K/3f/y6f9nv9Qv+h/9h+tf+pg//xr1/+U/+m//cYu8f+K1+8W/4L/133/p70r/k9/jWb/Kf/rXtL7rc/mX1n/+3/+3Xh//wP/5//uX/2l/1L/07f/Nv8Vv9K//H3q/8A/69rX/rN/3X/6Pf89f87f6Nv+i//6P+rd/iT/sHDn6r3/PH/4f/8o/+Pb63n/2tf/bOf/1f/vH/91/x+zx9+pf9Pt/6Wz/9G//qx3/OX/jfjP6M3/fZP7L70V/3V33rV//3/+wf8vZf/Nv+7n/x3/yr/oS/7+7Zb/2P/L5/6e/xLxz8jv/qf/Xb3/ln/plvvfqv/uJ//k/56b/orzr6J3f/3i//1//5T/6r/77/4/pvv/otf9Pf44/9jc5/v//r7c/817/Ju1+WfO949mePf/s/+2/4G/7Cf+Y71W/66/yd/8gf9I++++//seqfPZr9Fj9x9Lf+6v/kl330X/z9f8Jf8b/+ltt/6Xd+++3t4i+7/vJP+mN/0O5v/81/1N/8K3+Nf/DX/7V+23/zt77zr/6dr/J3/8xvepz/Lv/Av/1b/Df/zNnv9c++/WTrzm//13zyH+3O/vOLf/POb/fTv8Nf83f95f/av3nx++78p7/Nf/4PfvGtf/rd65d/0p/1e/+mv9/v8R/M/rTf7Zf8db9D/kv/qH/8B1/c3/8b/o0/4bJd/ef/zq/6O37D3/rX/u93pt9+8jv/+f/ar8y/+93f55dOP/1r/uPpv1mc/65/4L//J/7Wv/HZv/zr/KLiF/5R16e//Z/+Z/+vD/+X48Vf8ec//E1/v/Tv/1N/y3/4d0t+/79m7+Xf+7cXn/yG/8PT3+Of+8FHn//Xf/Qf9C/8M7/d3/PfLP/wP+pv2/qbt79z/Ff+Jf/zt376X7j4u7/1v/0Fv9Pf+cf9aX/YH/YLf/oP/N/u/qX/7L/5Pze/3T/7N/47n/7tv+lvUnzv7/tX/rW/49ef/Ie7f8vf95v/j/P5n/Dov/+H/or/+fGv9felf8+v/M+TP+BPbP+pz//L//E/e/k//JX/yW/65e/75p/Ifs//6T/56d/0z/2fvvVPP/2NfrO/+f/46H88ePb0D//vvvj7fu2f/M2P/9wv6r/53/vXf8l/+92Dv/Gnfo0/8df4NX6N3+If+g8+/U/+93/o4bd+gxe/1v/8P/yRz37v3/zRn//X/0G/+A/7zf/Nf/bBn/N3/V4/9W/8df/g//q3/2v/wy89/8N+o1/9Z//m/8r/+Bf+9n/0X/IX/0W/1q+x9Wv8ZY9/jfv/0C/+wce/6tWf/vK//P3+zp989N+c/AW7za/6vf/71d/+L/1z/8Tf9Ef+Uf/wfzF/+g//bf/4f/Mv/sf3fpf/5vze0f/xg7/6+ad/y1/U/r2rd//An/bXPf0H/4Hf8T/673bqv+7X+fP+9//j3/7BvzT556u//t/58v7v/sf9AX/r6Ve/11/5r/1Zf8m/8D+WV//5P//nPvij/9w/99M/+d/8NX/NX/MX/jmPHv0tf+6r3/b61/3D//Q/fflr/oJf8PHv+Mf+sX/sxe/8O//Of8mf/Cf/yU+Wd/7Mry63f8Hv8bf/Hv/VxS/+p//G/+Di3p/35/05f8GzB//pX7aq6/Zn/oq/4q//4k87+ef+tt/s7/mLfq2/5D/9tf7yV/ff/fe//R/4N/0z/+v//X/9+O/16Xf+87/7//iP/sz/7uO/8D/4a7ee/xv/4dv/9a/76//6f/4v/ct+h//4d3r5exz8X//zf/oP/wn/2B/wH/1z/9wf9wf/xX/FL/yHT+q/4lf/bR/9Wf/l+I/89f/X3/a//C//3B+/3v87/7T//Hd7/ui/+mv/kd+nbdtf8U8+/j1/17/4v/9n/+s/+6++8wv/rz/oN/yVv+n/8G//r7/q+g//w3/JbzN/c+cXr//m/+xP/K1+wV/7y37yqz/zz7z71//yX/W7/JG/7Xe//z/+D//9//BT//bRb/Nb/0Z/3//8P/6Nf8ef+5slv9Of/ef+o//N5Hfe2vqzlv/Wn/N/PfyJ//2P+vf/qn/4s7/n6Oirf+vLX/yP5/u/63j3k//oL/+4+D/+96/+oT/oP/vbf+Vf/ef+BX/x3/A/fPf3+i1P/9r59cPZ0d6rf+V3/A//2X/1P/mt/pZf9r/+99/5b//h/3j387/49/ol/+J/9acsqum//Hf+nZ/8jr/jl3/h7/Dq9/k9/tzf+/f+9j/6N//KX95effwf/vv/7u/4m/+Ku3/tX//Z9/6aq+/9+r/N936dP/RP+I8/eX362/4Ov+R/+nd//z9h99f8x7/84796/uPvLn7rf/4XH/0Zf+7f81/+Mf/d81/6+r/4B//Lv+RnZo/+pdFvOXr1p//gb3z1V/y1f+TOv/36n/77/8G/4Ft//MV/85/9I9vZ9yff/wf/13/pP5v9T//nvV/6b/5tf85f8i/8fqff/6v/nL/mf/m9fq3f4g9tfvlf+k/8rf/L3/O7/Ju/9p/5m/4uR//e//Gbz/69R7/L//gf/8d/87/4e3772/N3/+7L3/f3/fNev/yXXjfff/MTv/lff7c++g/+/r/n73n0V/zlf/nf/l9/5+/8J/6sv+V3/X3/o/9h//i//1cf/XH/yU+Nt/7bb9/5vR6++o9+v79vPPvbt3/mX/mn/8Hf+N/86K89Oj34vbO/9Xf/6T+0+aX/yX//K3/F//l3/9f/5V/yC//of+qv+df/tX+q+q1eH937c3/LP/TFb/tf/zV/6n/xG/69v+Znv86T/+r3+Qv+zt/z7/itr3/L//DP/BU/+F9/2z/+7J//h/6Cf+F/+9/+rr/rb/mT/unf5E/92//2+9Wf+lf/1//2v139qX/EL/yxoviNtv/3f+C//CMf/tX/9D99585v+hf+xNXv/+e1f8R/+H+vf+vpn/A/nvylP/E7/Qu/+lf8s+2//Pf+Bv/4//r7/gl/1a+62vpv/5d/8I/4tUZXd9/eLX7xX/fvPDi//I//im9/b/V3/acv/tC/896je6/+k3//9X8w+tP+z8d/3l/3a/3Sf/DP/vYfX/zvv+c//Xs8b/M/9dEfdy/7Vf/WL/xvf6e//tOz9m/5mf9l+h/983/6b/oLvnf9B/9Vf9P//Tf+Lf/83/5//Wdf/ht/38/8fX/fv3Xwb/1bf+Rf9zf+yt/6/Kf/iX/yn/xN/5l/9uE//6f/M3/ab/Tn/M1/1p/12//2D/6cX3v89tHv/GddrH/j3+57/9H5L/3D/5d/avoH/um/7Z/86/4lX/zuf88v/k9+/f/jtzr4K/+SV+2vWv21P/6tP2RxfP38we/49/z5/+g/PP8D/s3F4j989Tt+51/9Vf/xovhX337+k3/2b/vX/Md/9L/99zz6D776P1797v/pX335y57+09979Bf89K9/d/In/wn/2sW/+9lf9b98+hv/kv/5r/8Hnv8bW3/9P/Xn/sfT5Z/84ugP+PH/9d/9/f+wH//9/tUH9Wr1V/3mf9S9b7Wfrv/iv/rPPPzjf2lT/rZ/0T/96dmf9Dv+N3/rH/rb/MnNF7/l51/99//23/u73z/+zY5OH/8tf/nv9bi998/947/jP/i//c1/z8d/55/05G/63/+Xf/YP/w8v/oF/4nu/7x86+yP/23/n9fV/8S/+un/er/MLP/3H//uvmj/xH/iTf58/vTz9u//63+KL6b/25f/6H/6nv+Qf/a9/891f/c/8C2/+1UV10fytf+S/+3f9dY//lX9w54/5a/6tlw/+iT/vlx/8ib//P/d3/ieTPyj9VX/SH/lb5f/CvzB79VdVv+TOP/27/Yf/6r+W/+tPtr/zb/930z/j7/7H/pG/9pf8sh//S5tf99f+Df+1r/62//l73//T/6Y/5K/Yf/vP/QY/+fz//B3+wr/kX/13/vt/89/9fQ7/mn/gT/+Hfo3fb/w3/HZ/5D/xz/8vzfbpP/4/vfjBn/xX/Of/+b+w+uv+1D/1t6x/s9//71//Doe/5e/45/4zv/d//9WTP/vf/n0Wv8ff8Pvlv8erv/nvX/5db//aX/Jnf/Er/97jv+7Of776j5t/8Rf893/YyW/6v/yFv/Df/N//4n/mn/zd/4P/5r/8j//PX+urP+0P/1uKX/r6x37/0d81+S9Hd96++WMfnvzh/+y/+Q/8b3/o6nd6+lf9uX/ev/q3vPhD/vBf8Cf/V//2J3/a/v84+T1Ofpf/Y+s3+0P/ib/28wfvHn/3f/yFf+/HP/M3Lf+sfPI3fPrf/9/l3/5n/k//0+/6+V+4e3/vV/wf/+vrjz/+6q//+/6sf+o//mX/6a9f/eK/4J/++3+r3/6P+n3+of/uN/roz/9V//Tv+N/8Hfvt/7r6hQ/f/NmjxU9t/ef/0S9eP/1jf8lvvvzH/9gvf7/q1/ob/pO/6U/95OU/8Of8a//g9/+Ff+Xx8Y//q3/2d3a+/b/9Qb/9t16Ofv8/YbK7/We9e/Jn/qI/+Xu/zW/7X//3v/u//jtlv/wv/Zv/qr/mv/lDf+U//W/9L3t//b+f/IV/w1/xH2b/+x+y+4//U8d/0OL/mv9xP/grq9/uL/4n/qwftL/9n/q7/qtfXP8af9X3n775y//N8z/y8R/w5/4XP/h7fsF//8/9rf/1n/vT9/6Fv/2P/aP/yj/6e3/3P/6H/wG/4h/479e/9N/8sz/+/b/8D3581vzff/Nf9k/8Pr/6oz/21V/xZ/6P/+D/fPBbT37f+b/3L/2Df/5v8+r3+qv+r7978gf8N7/8f/uZq+m9P+L4X29/l9/qb/9dXr/8h/6z/6b88uM/6F/9T/7SH/wHv+iXXP/k3X/0f/3DP/5X/sLf+R9YPfjb/7K/4p/8D//iP+tX/m+/z3/5h/8TX/49H/0bv/mfXH3c/Cdf/p3//S/+N/6M/+y7B+1v9PQX5b/bX/sP/rtX//gf+5Pf/Z0++9U/+JPv/2e/4/R7P/HVP/uX5n/AL/mF79q/4F+erP+RP+P6d/hH/pjfbLr8c3/P84uLB9+5+Dv+wt/p9/kD/v3f73/7r/7lv/Q3+it/5Udf/F//5d/wf/0p/9nzX+/v/2//4D/ur/8XP/21zv7CX/4PXP3z/9VH/2nzGy1+v//tP/7u2z/wb/7T/pL//V//1t/z5s84+zse/K/3/4T/7Mn//J2/4M//8//6RfvTv+if/Vv/2z9i6w/9F+7+11/+Dv/Q3/lX/S7/6a/74M/8U/6zv/+X/tvVb/Kb/L5/x3/931z84t/0N/3k75jN/6vTf/Rf+/Gjv+nv/E3/ur/h1/knfvc/4eJf+c6v/Af+j7/nr/zf/77/+99c/D3/3u/3t10t8l/SNP/Nn/idf7r+K/7+/+ifm/47v/DwP/xX/pa/5epf/ev+vF/+i3+D0bd+/Xu//7/y2/6nf/9f8jv+gf/Aw1/3N/k7/6hf/Q/+N//xv/ubHP+ev+fv/Q/9w//Io39o8nv/VY9/i7/jf/+L/pTtX/l//RH/55/1L/5R/8z6b/11/6Ff9zf5sZe/5p/xxb/3M3/Ff/V//2+/9b1/5vurP/i3//3/leQv+oV/3D80+/uqf/t3+wP+xMnveucv+rE/4aOXf/c//J35r/GX/pl/zU//Yf/mr/F3/eK/vXmR/O3/7q/8fX6N/+kP+nf/3qe/7m9y9tf9u//x3fNP/shf+Zf92K/zt+7/Pr/y6N/9D09/9//qb/qrfp3//n/4J//F+bPVr/Fr/Hp/0P/yIPkTXv5Df+H/9Cd9uftf/S6Pk8fpr/X7/I6/4Pf9k/+z/+v/+O6v8zflf8Cv+4/9h8nf+Cf9yf/Rr/m7PX/w9m/67/7T7737vX/yD/9jfoc/4/5f/lv8Ifn3T3/F//i3/Mqf+HN/m+z3+TPO7//eP/nf/xefjP7b3/Vbl3/m7/7rHL39w/Nf8of+K//4P/QL/6C/9e/6r3751cPy7//FV/u/3y/4Rf/S9/+M9Ff91n/dr/2H/C7zv+l/f/qL/qedP+2vOn712/4Zf/5v+tv/Pf/sb/Hr/7H/6O/w43/C7vQPzZs/5E//A/7tf+c/+iv/pvLLf+L3+r0vf+GPv/6N0j/m1/hN/6B/7N0/+Bf/+X/HT87/oz/yO7/h5e4v/Id+u+/9K3/ub3nvN/g1/8Y/7z/7p3/9//6v+Q//0z/9Nzn6Nd7953/Wi4/+0mfP/rH/9qeu/tH/6jf9w//a//Gfvf/md/rvf+z/fPob/++/42/0F/3C//H3/3t/u5/68/7Af/d/+ql/+9/5g3/zP+EX/wZ/9a91/3/4wx7+Mf/2f/OH/uC7f8gv+vOO/oef+Y8/fvPr/+f/zH/9g190/Kf/A//sf/sP/7F/7V89/we3//D/6Df/s5/8JX/s79z8Hn/k1e/92/4uu+M/vfn7joo/57/8pX/+4e/4uz7+c/6R33D0O//9i9/+J//Ht3sv/+Ev/pz/K/kbl3/Mf7H8J3/i7/ut/9r//p/+i/+a3/t/+cGXf+7DP+3v/JtW/+S/tvOHP/j1/q/z3/k//rf/hb/rX/5Fd//A/+y3/jf++j958Vf8i3/Ff/xf/m73f+m//U/+YX/1v/5b/Xt/9+/7i/+ZH/xDf/sX/+TH/+hvmFd/72/4V+3e/zX+oT/8dyoftL/lf/75L/7Pr1/98v/lyX/xB/1j5cF/9Ec8+93/8X/lN3v3rUd/yR80/ek/6Nf8j37j2bcmv9a3/7TRs3/81/gfae5+jT//3/1t/8pf81d855/7Q//ojz75/f+xX+N//Iv/rb/rv/wX/8kv/pV//H+4/50v/84/9A/4A/7TP/H63/wrfuzpenb9D/16v8av91d89zf+r//Ov/kv+xP+oP/g3/1f/s5/5B/6L/+JxX+3+Iv+4N/tL7j6Xf63vyr7i/7u5cPf63v/3t/2G7/+7x//GXd+o9/qr3zxB/6b/8af8q1f769Z/5P/3h/5B7/5nX7ixxZ/7Ls3v/7f/l/9Wf/C1R/w7/6qf+FX/YJ/5ge/89/8v/5tv8cvfvQb/XW/31/z+/2uf9eDyz/j9/5H/9i/+Nf7tf/91b//P/3Y/PH/+p/9tb/6X/plWfryN/yrTn7PX7n6N//yf+d3+u//zd/53/rb/ub/5f/8c/+cX/M//Jv+y3/qn/i1/6z/+Yv/4R/6jX/xX/PXnz75ta//hJf/1t/94C8u/+N/7tXf8ef80f/Ct0c/+HX+/eu/4fc7/mP/6X/71/5d/7t/5//a+d/+/d/5J//5f/1P/Xd+8nf8+L98+at+qx/77/7S3+A3+G3+nd/my1/d/tV/yn/zZ/zfL/7q/+Rf/ck7/8vf9Bu//R9+jf/rv/5Pfuef/C1/8e/773y6/8//C2+u13/5L/4j7z//3//s//5X/wv/4F+0/ot+q9/+7/pb/7Lj3/9f/CdOR//cf3bvz/5rfvrT8rf6cx589A/8qX/tF//EP9n+8eu/7h8ply/++d/8J3/wn/yBv/AXPPiJv+c3Ovx7z//4f+nx8/Xf96/+q3/XX/3Xnf5b/1L7a/xmv8Zv8Ov8PtPf/Xe7/wkt8f6df+LkT/xPfrP9n5i9+9d+h79w+Q/9Q7/vv/L77v0hv+tf/7/91f/Ov/3630r/jl/89/7g7/3NR/t//y/+3/6Gd7/Wv/ETf+/o7x/92v/w7/CP/7t/6q/8faZ/7M6f9B/99sfpP/zTv+cf1rb/zm/wG/13/86/+cvO/+v/7Nf+ff6a3/tv+AUf/0P/0C/6dQ7/rhd/w+qv/SfTv2f6S3+7f+uvmv4ff9WfuvjPisf/1D/333/5K36j3+Vv/yde/Hq/8Bf/4pd/z797+Nv9b3tPXv0Vf+pH/9Lp77T/P/56f+5v9/3LP/3x6z//7/oP//4/6jf+u3/1//XmD/xb/sl3/8Yf/Vv9duny9/63fv1fdvHb/v57v88f+O/+i89/rXu/8jf7J36P9PTj/7X+d7/7g3/g4Ze/8aN/63f6r578cX/wn1n9Xl/e/zX/6t/n6O99/d999o9Xyb//4E/5p8p/4w/58T/yX/8f/v3vLP+pf/+7f+b23/BvPvrxP/Q3/on/8Q9Z/vcHf+TfdnHyZ/2vv+ad/+hv+Kf/g3/5j/npP+PVx7/h75D9qR9977f7N773+/zE3/ZX/iYXv8HHv+o/vvMbvW22741+za/+rW+//tP+y3/0b/p7/tzfggxC/kf+y//N39D+dj/5N/w+f9k//upX/MU/+Zf+uf/dl7/LXzj5Pf7zg//if/+9P/vn/uy//Y/87f/U77/6n/6qv+2P+z3++7//z//Hf//zv3L7v/w/v/VL/tS/59//r9Pf63/+J/+7P/Gvu/7t/oX8d/xr/rFf75f8+3/Tr/k/fvH8n/nbv/Wr/6viNz9/8V/+4Df99f6JP/E/+53+x39w/Ctf3X9w9J/9b7/2L/wv/rq/+1/7bf+V3Y//s9/vH/+H/6E/7K/7ff+JP/RP+R9/1f/89/zr3/2zd3b+672/81elb/+4P37nP/5nyx/7jZ7/8//sJwffnv/H3/nyt/vdqz/iD/6z/91f9Rc+/PHf57/9dP3df+qP/AP+gD/4f/v4/p/5m737k3/P/+TkL/5dJn/QfOv3vvz+7/bf/O/Xv/LH/pKLR//oH/DJb7RI717/un/d3/yP/a3P/oV/7H978RufHL76Z/6N7/+z/8b9v+fd3/pL/4T/4/jfPPrX/stf4zf8vX6DH/v9/ovsj7v7H/zF3//D/vP/6k/9+3+Xz9Z/5p/6v/ylv9OvufOv/VZ/7K/9dz/4T/61/+n61Vf/9V+b/nY/9b89+29/r+o3+Dt/7Lct3r75j3+Xf/8//c1+///59/sDf81/9Q/9r/+CP/x3/rd+g7/t1/8Lfr2/YHf7t/0H/5W/5cf/4L/0D//+P/HP/ZM/9e9e/8T9/+wP+8N/679q5x/89Hf7Ix/+Wv/q1m/5v/31ye+x80f/+3/wv/4X/Hb53/+7/g6/8E/85ff+vN/x/xpd/Bd/2e//h/0vnz/61avf8D/b+b9Hf/Kf9z8+nP5Zf+G/8wf9G+Wdkz8u+48+/p+//FP+ub978e/89G8z/bf+uL/p1/0d/tt/+J/9r/6Df3H95f/0R138bv/sH/AX/VG/5Heo/se/6I//V/7Rf/rT3/Df+g3af+dP/Df/rV/xN/zgn5q9+C/+8L/uH/6H/q3//j/4V/+Dt4/+5p/69/+ov+43/O1+79/l0b/7H/zjf8nf8bD4k37h//pf/hn3Xvxfv+Xf+8+++5mtn/wDf+/f6fLZn//3/o3/4l/29xz9U1/9i//NP/p7/UN/37/2a3/7t53+Z3/dP/VPb/8bP/k7/CF//a/12dbf9p/8/v/sH/Kn/NrHf8+f8Vv8TZ/+4n/pH/3d9v7ZP+XPOP7TfuEvwp87/8vv9umv/Gv/1d/6+R//q//vX+tf/rd/93/kV/4rf9y/+5f9/T/2L/8B333xm/4tf9b/dvh3/HUf/w1//o9/9af9SX/Tr/Mz01/31/lHT67+8t/v+Lf6H/7Uv/bh//2b/N/n/9Bv8Tumv8673/Dv/i8nv+aj3/+/v/o/Pnr6W/69v+H/PfmT/uiX/9C8+qMvsu/81X/dn/sbXv/So49+z9/of3rwO/yaz3/lP/Xm8Z1v/bXf+XV/jd/7z/6X/69n//ev+G3/6Od/2K/zk//df/N3/K1/1S98+o/+37/tb/Pv/Ua/wx/2j69P/vrq9/js83/0//hXfs///ff/9Jf9gf/7r/9j/8Bv9A//Fr/+H/B/7/2qP+Bf/Nd+/Df4Tf7G//o3/Afn/9Of+2/8g/9I/msc/L7j3/vhP/hP/8KnP/Pr/56/yW/4a/1Jf8tv+x//kp8e/6n/4rd+7Z/5Y36jP+Qf/K3+7Lv/x3WRHPymv+GT3/vv/Sv/1r/1d/8bfurtPNla/eZ/6Mlv8Qf+GpfZr/dvUcrnd/uDfp1ZebD67uIn/tdf8pf9g//7y/0/evl7PV/8GpNfmf7F9e+099u8+wv+nt9x/Hsc/p2zP+13f/HLFn/k3u+08+x//Id/3f/6V/0Df/zqyW/4Tx/9abt/+O4/8uf/Xb/ot/0HvvczP/bLfsXTl//F9h/3F2//AeU/+If9t3/qn/v3/ct/+h+098dP/qB3W3/oR9s/1fz2v+Inj+7UF49+g+8s/sOf+Ot/j+Zv+/Jv/J9+73/97PWf+7f8mr9Z8if8ds9+4z/54K/7/t//T/6v3/7Wj63+oH/jD/lT/9Cf+P3v/Xn/3N/43/zO/+F/8yc++Mn/66/487I3v+Of1/zj/3p79o/+8n/+P//Hq2/9ms/+9e/+vf/I7/9r/04Pfo9/4i/7TX7i5K++u/PXPPkXf+f/8X//j3/Bb3H9H/yezz750/736X/8V/70b/or3v72X/0N//a/+PcuX/7f//Bv+Q/9VaP8X/y73v67n/2G/8vvWhZ/1f/8Pz3Z+dbDf/Twlz36nf7Lf/u/+00//eiv+u3/py+zf+3X/4V/4X/93/4pf/9v8Y/+/v/K7zh5+d/8zn/cD/7b//SP/CWfvXxU/R9/yr/4L//23/nX/+G/6l/6U3+Nv+S//UP//j/2X7v6a/6Lk5c//Zs/+3X/rsev/7Hjf/Pp3/jP//G/4+/4B738Df6snX/mL338L/3Gf+R/9uv/xOLX/Lf/p1/vT/tP/oif+BP2/+EXB//c77/1C5N/9Y/8j/7iP+13/eP+ln/lB7/gT/zxf+qf/5l/8D87/j0e/mnJH/4T/8Sv+F3/9oPk93+3/mf+lx/83X/xm9/+j/tX/uEf/MQfO/2Dtv6Pv+ZP+eu/9+t+54snv03xG/zlf82v+Gd+k3/yr/jOv/zX/j3/xz/7+h/7D7/7g1/wv33vNxi/+6XPTv6GX/6L/6AXv0b6G/xLv/ufvvPd3/0f/jX+4d/sH/q9/80/4g/+R/J/84/4pff3/qZf++/7+9If/4P/5r/jj3z3r/6Rv8enk71/6Df7vX/jX/c3Wv/a/9H/8Nf8Xz958ofu/52/4/Uv/Hf/iD/il/7gX/8jf+wn/9E/6Pf8O/6rf/3bf/7f8Xsnf+Y/+K//Telf/xf/xX9x9pv9Xr/yn/+Tf2X2xxz/j3ee/m9/0p/wu/6ZR3/bp//bb/ibvXuY/jrT//6v/G3/yj/zN/vqvzl6/u4f+vVnf8mv/pM+/T1+jz//r/1v/rBf/psuf8tf8IM/+Q/97f+8f/AH/+jLv+s/+2N+gyd/2F/0d/1mr//1v/Ef/iv+hL/m5IvTP+y//lP/j7/jd/tDf8N/72f+9P/hd/8N3/0+v85fOvvNTib/4j/0C/6oz/7wH/wav/0k+cd///8i+wv/r//mH/3D/pA3/3f9rZd/0n/xH/5DV//U0/YP2PnbftO/5df5A/6Mv/2jk9/41/hLf9Pfdf6b/hr/UvIPLf7BJ//n3/nVJ7/Z2X/1G/wa/9Cv/X/8n3/wq3cHf9Dv9L/9pqu/9w8bffLfL6a/7q+x9cmv/Wf9xX/vb7C1evcf/Uf/2//wB78+ePVfHf1a/9nf/FPNwd/ye1x/7+CfOPyd/6ef/nX/yR/7k3+N+n/6j5Nf/w/7L37sH/r8P/vkd/yb/sRf+t9e/KF/4u/6a/zvX/1mv8Y/tPpN/9c7y/969pv8JT/5i/+b/+x/+M/+13/tn/6zf+rVH/rH/tQ/+U/8y//KP/3P/sa/xn/2H/1nv9l/9h/95r/O//Kq+Q1+g/oX/Ya/1u/6J/70r/2b/Sv/8S/9lb/h7zP/V//j7L//8V/rX/nN/69f/rv/zK8s7+39Tv/In//H/1N/4O/xmx78M//gv/Br/wn/1//4X/6a/+s//f3fcVX+T3/gv/PsH/n73375P/wNv+S/+i9/j5/5sb/rl/3nv8mv8Vv+4MUv/FP+mV/jf/t3v/9rfPq3/Tp/02/0h/wbf9av+Yf9Wjs/8RM/8S+/3P2X/6WdX7T7L+2ufuwX7ez+ot/gj/6f/+cf+5//5z/6F+3+xf/1//Cf/oMvVr/3b/fb/d7/1u/9K/+mv/l//M3/gOn0t/w9f51P/+H/8Vt/1//9p/56v/T3+D3/uN/kf/03f//f9Df7F//gL3/r//N//Q3/vP/qH/zsd/kTfo2jh/9W86+t/u/v/CG/5H/9L3/X//YX/xoHTw9+nXdP3/1uv9Xsze/26zwf/1e/9j/9R+2/+/O+/Z98+c/9T8X3/5A/+J/6df7He//M7/5f/YLf7K/5O//s5hf9vUf/9/iP/l92fmr6B/7X/9A/8sf/kVt/60d/2O/3rWf/6qu/57N/9s//lf/X3/Rv7P1Xf9Pe3zb9x6b/+bf/iP/45H/9Y/+af+vuX/p7/AnNX3P4T/7kl3/bX//49/8n/vN/o/3j/8Y//3/5p/+b3/sX//1/zL/41/73f8Hv/Xv8o7/uP/Qffvaf/ca/5F/4BX/0r//Tv9Zv/PEv+Ojf+rV+25/6md/tD/iffvGv9Uf9uov/5j/8lX/3L/iz7v7dR3/in/GvpX/b6j89evdH/Ua7v8Yf/hf8lb/ktyuf/hu/5Pcqtn+/q3/pf/ldfsv/6xf/hr/d/7X3H/+F/2L2N+78Pj/5r//bf8l/8rt89s/8h3/AP/7v/Hv//H/2n/5Zr/648k/a+5cf/o//d5L8H3/43/mD/+m//elf8Pk/tfgvfpv0l/yGf8D67/n07/6bf+d/7u/+Hf7qv/c3++rbh3f+/t/1+m8Z/yV/zv84/otevv1f7vwLW+/elP/Q7/W3/+K/9X//03/Jr/zn/9Z/9p/7S/7Ou9/79BdUX/5fjz7+7f78/+CvefwX/l1/1S/5bX7ys9Uf9/o/+/5/+def/Af/3t4/U/yPf8ZPfPcv/w/+yD8pvbj4p37qu3/hn/P37vx79X8w+SV/8bf/pX/pl3z1F9br3/C3+yv+98vVF3/O31H8LV+un129+PR497f/PX/V//bH/EP/4N/2g//yL/kX/o7s//5v/rA//rOfmP/F/8Ff8zf823/J3/qX/4t/+f4v/cv+z9EX/+TV7/mT/+3HZ//zX/43/zG7f/bHf88v+Rd/+T/2h/9pq9/pf9z+Pc9+s//uT/u9/uXf/Sf+6j8p/Sce/3n/x//y5/71//Y/8Gv9rb/+n/cP/82vf5Pv/M97f+cf9K9/7w/6k//d+//MH/HVX/Sf/PEn/86f9C/+4f/dr/oP/sTv/Z7/xvZ/9Id/9B/+8d/573/VP/KDf+d//uJf+4n/7I//d//uf/rX/U1/6T/521a/6h9/9H+PfutP/5l/64/9PS//ld/oD/zf/vrf/6/5P//MP/5f/Et+6aNf/ftnv+pX/8Q/9vE/90f8i7/D3/G/vzv/B/+zX/jXfLX8ff68P+/v/ZlXv+jpf1P/87/6f/+7/vUX/+GfNlv+lX/XH/Xf3PvPf3qS/qP/xT+8/tbv8yv/4v/q9/vp3+KfyH+NP/e/+k//83/lb3jynz979Qfc+2/v/fp/46/67f/7O4ef/9TpL/7H3v3Vf83W/3r9n/+rf+dP/JP3/+C/+hf/4p/6o//Jv/MP+qM//Ud+8b84vfz2X/Xpf1/9mv/Ib/jL/uzvVj/+v/wJv9cf+F/eq37N//q/+S1+w09//+rXTP7OP+gv3flTf4+Hr/7u3+iPKL77L//Hf8Zf+5+v/vMf+78e/Od/5x+0/ms+++t/5a/6Pf6Pf/3P/qf+nJe/2//56I/5/f/nf/JP/H1+77/rr/s9fuM/7t/5dS//hL/29/jrf49f9Hv8rf/Ht6vJy3/v7/sV//y/9Hv+bn/KH/l3/WnL/+KXL/6PL/65f/mv/hf+iy/+tf/qn/4lf8z/+Jf83Y/+0M9/89/2zZuP/84/6D/5R97+nV/8sl/jX/7j/+ff8x/4a3/FX/qf/Om/45/39u/7g4//08Vf+S/+Pnf/xr+1/ekHy7/n1d/8O/8u/82//9v+ef/np188/if/s//53/rkd/gfnv5b//Hf8k/8y9vp4j/5c/6Nf/Zv+S8urv6Ef/SvfvGv/0f7D58t/qJ/vM3/6S/+un/1n/6P/qc//Mfe/Rn/wN/16279B7/Wy7909kf+0//i+A/7X3+v3/33/6v/vN/3T/np0d1ftv3n/R3/3ot//3/4A36n/+tv/9Oav/kX/Rr/2+/+n/3pv2v1J/9B/132p5z8Gd9d/Xp/zGd/2ORXfvqb/EZ/4r/17/5R9/b+z7/ujz3c/id/h/R3+kf+hep/WP7Nf/gf+Uue/Lf/8snD8h/6C3+336H9Nz/6bf623+C//mN/i5/6hb/q4rf/j3+Dn3r2h/7rf+iv/v5v+H/+Db/G9u6/94f+Gf/Sr/k3/ee/8b/z8T/yT//7/8q/uMx/3fP/7h/+LX7V3/BvVL/bj+/+17/pr/WHfeeX/Fe/8i/5D3+D3/TN3/J//eG/57/7f/y6//zhr/1//czF/3bx5N/6g/6l//tfbP6l5h84fPBrPPzbfp3fdPvX/TX/r9/jxcvvHfxFv8/u3/V//7k/9u/8Np/8bduz/+r3/h1+z9/8zdav9dtPd369u//rr/67/ts/+7f4Z37X/+vOn/qk/g3+xF/zb/qJX/3n/2H/45vf7Nf4M36N6r/6Pf6uf+jX/L8++z9/45O/76/9Ff/ht/6Ps1/5f/0jv/Nn/91//2v+g3/jbz1rPv5NP/+9HnzVfO+P/QffrX/Dqxe/97/75/xHv+E//x/80//y7/Bv/HG/xT/1z/yf/2P+Y1cf/5F/796/9hut/9u/8urx30brJX//H//r/lNf/Lu/3z/9G/8r/9fv8b8f/yH1r/Htf+03+Ad+8Bf/utd/9T/4t//xk//+v/nP/uP/4zf9Df7tf/pf/yf+nX/iN//P/qv/+NcYZ995+3t+669+srv67f/Zf+4f/ffPfpv/7Deo7ze//u/z5K//lb/o1/v37/yl//dP/hHpb/bsP/iH/5z//f/+w3/Z5//T6m//N/+0f+Nf/z/+yl/2f//RW3/v7/OH/l9/cPrn/tt/79s/5/f5v3/tf/Tv+DX+4P/2D/77/v3//N//z/b/9D/9n/vz/7z/7nf9db71G/1ff+Tev/P64+/+/r/oF/+Ob/+sv3L1S//Cv+93+o3+iHf/5m8xy/+L7H/8TX7iV/46f/ff83//tv/Nv7Pzv/2F/81v91/8G3/Ki//1xd/wBzbj/+F/TH6Lv+UP/A3+qN/+Wy/+hD/py/2rjy+++k2vHvxL/+Hv/Ecuf9PL/+wf/Iv/rP/ixf/wB/yR/9fv+Cf8mr/gP/kr/++/5jf5+/+E3+4P/Df/0D/v7/mvjv6ju//H1e/5G1/9nclv+Xv+Xn/Sb/6rfslfPnnyX/4u/+2f/4/+K7/r//oH/a1/7H/0V/9byW/8T/zR//dv+TO/9v/1W/7M//3x//Z/ffk//Z9/4X/0O/42P/N//35nxV/0yR/6b/yPf/tv/bd8sf2b/CZf/Xm/xn/xa/xmf9Dv8Bf9eu+Sf+Hv/UN/0wfz3+R3+qW/1v/0fz/4Hf61X+PsD/onvv9X/dr//X989fgP+7V+1d//6/1lf+K/+7v/ef/eX/k//A//wh/y3/13f8KyPP+TfsWf8c//I//0H/zv/7v/3J/95/+pf/wf+junv9t/89+X59mvX/+Vn/76f/B/+mtk/87f/y9u/23/2qd/xj/ytz16/M/8Tv/Mv/Cn/EV/5af1P/A3pL/x7/9bf/Eb/v6Hv+Gv+Xv91E/85j/9u1bH1a9/8ev/SX/vb/+3/51/6N//l/65f9HfubP9t/2i49Uv+LX+1n/11clX/95//4cVf2D10X/9rb/2J36vR3/3H/JX/d3/9sHvs33wd737q//u63/7D/qZv+9nfs/f5Lf56fzjz3/6t/+THt7/K3+N+3/SH/qH/om/w2/wW/1n/wXZ+b/yH/i9/rb/aPz97b/+1/nX//LZ//Do1/kz/7Dif/wX/rl/9p/9Y//5P/aP/ef/6X/9z/nzX/+ev+cf9Of/2v/Ub/Lr/C1/yP3f+9//md/p3//n/77f53f+9/+rP2D723/wvzf6fRd/3r+/+Ic+e/LPnP9Hv9k/8f0/68/4bS5/wfm/8Af+Of/n3d/513v9t/1t/9tf+l/+Rn/Cq7/oz//eT/1Nf+h/d/ybpJ9fPfibxv/l7/L9i3/rz/wb/u+/57/+PX757/Ho17j6q/66/+Mf/Dv+8X/4P/4T/44/9+999E/9N3/gX//f/3o/Nvq3/vXj5Ytf8Df8Nunf9Oh3/uv+lr/3j//X/8DXv+0/8n/8o9/6k/7Of/4P/EuT7A/4a87/hT/kT/kb0tVvd+fXPfrDit/18A//636nx3/d7/n7ffFvvfiPf/w3+aXHv8mf8B/+Nf/Miz/j0588+r/vffU//Wt/y37z4Ff/LndOvvg1/snX/9Ef8Jt++mP/9z/75z//qZ/+vX7D408+/u6vf+9/evo3/aKdv/XX+5v/3Ud/6F9X/NX/92/0x6X7O7/2v/tj/8Of9t/+j3/Xn/fH/45/16//u/xX/8cf/Mf9mX/R3/eX/rl/75/947/bb/Xb/hW/4n/6m/7m3+o/+5N+neR/Ovtl3/6f/5f/5X/5vf7pVf2d/+mP+mVnv+if+p/+p3929cv+4L/yH/it/rq/5E/7U//wX3/2X/wfX/3Ef/IHfvc33zv4Q/6j/+l3/n3/2d9o7y/8w4uH/+Pv+f1/auvf/cX/x6/3D/8z/9E/9i/82J989ff9B//3H/F//7H/Rv23/ZqHv+67P/Kv/YN+9f/865z927/3H/rvpVu/6d3f8E/6I3/Tn/mf/tDf9Nf8bdK7f9Kv+0/9k7/x0T/02/0eD37D3/S3/fX/t//o1/kv/+GD3+O3/Q1f/kF/5h/+x/6hf+of/sf+qb/Lz/wGf9P/9Gv8w7/+b/ub/XF/8L/7H/+nv8bv8gd8/+jbf/av/8/9ob/peDn+j6YvftGdv+iP+41+29/jT/pz/8I/9Df9p+7+059s/0N3/vnf/R//8X/hzo//0z/+4//wl7/Xb/xnX/8hP/3pf5D+4u/f+R3/pt/03/+lv/oP+bX/qf/z6sX/WP1Od//L3/nX/p2/+xv/T7/Wb/ALfu+f/O3+t3/xb/3P/pP//L/8z8//4//iN/uP/vM/6Dt/0//5M3/eP/Qf/ha/wekv/b3GO//IP/qrvvdH/rm/7qs/9jf91q/6i//Lf/g3/tP/gD/sz/0L/8hf+1t/8Mt/+tf+0/+Af/B/+kV/8N//6/3J/8fLO7/Gn/x//E4v/+kf+9N/z7/qP/tDvrP8q/6zP/g78+//TRd/98O/+x8ePa1P/vPqD6P3f9dXv8Zv8Ke//J1/zV/wN/06v/i3/Navm/4Wj3/y3/vzfq3/4/HLf/o3/NN/5uU//Zv+6b/Z7/xr/pp/1Z/wa3z85tf6i/+U3/Bbf/df/Fv81G87+bH/7e/5z/Jf80/8+Dd895v8Tf/T3/I//c3/09/6G/xNf9D3/9F/+p/+R35s9h//Z5P/+D87/zX/xLu/9x/9p/6Jv+7j3/4fuvo1/qZP/uD/6Lf/tf6Cx4//o+tf5y/49f6j3/7X/gt+gz/xd/9Vf9mv8wf9nr/g7MfOfpPf/uj3+0Uvxn/Rb/UX/nF/2K/xF/4a/+Cv8yf9qX/u75X8LX/df/j93zP97v/0V/0+/8zf9ejhy5Pvnhz/uX/g3//bXP9vB3/X73bwv/2qv/z63a9K/8w/7e/6df7Mv2z/rzz4K/cPftEf9Xv9sn/lP/jqb/s//s23P/Hqd/iZ3/rX+t3/sr/sf/u//9w/5r/7A+79W//3f/6//lp/6D/0K0ff/l//xd/59R/2v/8e/7X/3//9B/7Xf+P/+O+ln/9Pv+3i7v/04L/5B//7P+KP+T//7d/4//w9/rcHv/X/9g/+Fv/IX/jLf9Nf8D/8j//c/73zf/4Hv/Fv/ezXSf+h//j/+iUP9v+r//U3/H1/4eyv/Z1/wX9c/d+/9x/yh/wxf9wf9kf9EX/Qb/Kb/vr/0K/xj/5Tv8Ef+N//4X/I7/XtP+o32Pqf/qrV/Nf4p5Zbj3+nX+uj/+z+//ofHf1Hf/K//Dj9H/+Qf/L0Hzn5K47/4b/y1/2L6t/ij/q1/+vf4F/+C779m/3Zn/1Hf8/f+D/8Fs/L/+v/+otnz37V0Wd/5yePzv7dq1/wR/zuv/F/8F/++v/yn/3qz1n+K3s/87f8Nn/cT/07j/6y3/q//0f/2T/yz/hd/4fdv/gv+uv+mT/hT/6tf+Ev/Wt//Dc9/zWPH17/ut//7Jf8U7/6P/yL7/6B//f/+V/8yr/3V/4D/+Hf/yv+z//hz/8fr6qf+Qd/8X/4q//9f/c/+B//g1/xm1x/9tmvNfuVv9WP/ea/+f/yf/86B7/nf/jiyz/0j/zH/ujf6C/6x3/bP/AP+bX2f3x1/Kf/Bn/FL/7yr/oLshf/2B/+k//XX/Tf/71/2X/7f/2ff/l/+e/9pn/p/T9q+y/7TfY++a+uv71//Zdv//b/0r//ZDL7937X//Wn/+DHf9uvevL7/56/8dHko//zT/r+r/tvP/vj/8+//0/8Z7b+2uk//n9ffPIr/sY///d9+O//lf/B3/hb/i//7T/wYvl//BZ/0r/5t/7P13/q7/3yP7z3t1//C6O/6i+q/tvf8c/45X/1X3z1g//2P/kLf8e/Yfov/9iv/U/+DX/i3/Pt0e/9a/2Cv+8Pe9v8D6d/6X/wl/0Jv80v/Tf/sN/u6d9w77f7mX//Dzv7Y//+L/+B/6383f747T/4T/yN/8X/+7f6Vdftq9/kt2z+4P/2f/6zfvU/9eCPyf6I/2H3l/8Lf/Mv3/6NfupP/s/+6T/7L/wn/8rf/Zf9M8//ht/19zr8Hf/C8fk/+Dcf/ZOT//lf+hu+9+qP/+6f/c/8F7/rb/PffPyf/p7/69Wf9u43+PY/8DC78+/9vn/6H/nH/j2/09/3j/2iP+Un/qr67uXh+sut//S/+2f+hF/w2d/36+5sPf3Jn/kd/+z/6jf673+XH/+nf+yX/ZfX+//7D36b3/3sk70/+pf/zv/Ir3/2aPndf//3XPzLP/F7/FYP/pi/7t/8U3+9v+t3+J1P/pu/+Ff/Vgf/5d/yL/wnv+df8Df+CX/Ub/MTv6T69Jf/L7/s9bc/+a3KR//VdfEXbB09/5t+w7/uN/zeb3z+rz7/p/7Tf/U3+JP+/uTd7vn//Df89f/Uf/jjf+GvXv1e/8j5X/Bfnvybf9kf8sd/+1f8M7/6f/hHv/g//sU/+89u/st/5k//Rb/qYf3P/eo/5+STP/bv+gdWv3f9l/4Nv+Sf+xN/ef6n/kEv/smP/+C/8V/8pf/Lv/hv/QO/7x/xl779k/7UP/nuf/UL/rLyN/+jf9Gf9gd89vu+/b//5f/9v/iD/69/9jf96a1fsPr3/t7H//6v+h1/t1/2j/2rzRf//L/wrX/y83/mD/vlj/7+7/0Rd8vf+j94tPVL/qif/PV+yX80f/UPPfuXvvitt//6P+/t3/HL/txf/Z/9Q//Ib/n57/k7/l5/wN/7W/ztR3/Zf/XVn3/+t/4Bf8Tv85f80//YydZfdu8X/C//yJ/5T/5hv++zf+zf/SP+xn/7z/wPH/9Of/Tv98nf+Pnv+ln67330X+w+/lePT//Hq9Nf9VfN/+w/5t9K/tM/+r/50z+7+Mv+jW//51/+n//xv/cPf/ljk//lX374r/7xf/cv2/tf/pV/7e/9a/Nnf89P/xe/6jf41/+Df/JX/tv/2b03n/yOf99f8lv9df/qi7/4Z37yz/kd/sf/rvjbf/LP+zN/q9/nyf/+i37bX3391/wa/+h/+w/9PX/JL5r9qr/s33v+p/xNv9uv/Jv+tb/v93t1+id87x86/M//8vM/9lf/ff/Zr/vVP3f6P/6lv+nf/vvN/4Nfq/wLvv3sv379X/zpv92/9Tf/r3/5v/Y3/K3TP+Jf/sP/8PXv8Pv+pR/9Z9/7E1/+W9Pf96u/67/6b/7Mf+wf/y2/+k+f/uk/0/wjf87f9Zdcbf+PX/0d/9Uv/id/yX/6T/6q/+sv/u3/7l/vT/2L/o+/qfw7/obf//O/6D/8G378v/+p/+1ffPr31f/O3ee/xb/yv/97f+w/t/Wm+FN+9eH9P/Inf8mv+en/9GO/zi/5Z/+c3+93+Pf/6//jv/74d3vyV/2Of8G/eu8v/Kf/mr/j//hTftXkP/lbfukv+Zc/efTv/Q6/9d1/7n/4t/7nv/O//E/+kv/zj3n3L/3VF9/+K//m/zz78d/pO7//f/8r/+2/+PxP+V2mP/lf/Uevf4ftP+Vbf/ff+z/9vl/8wf/m9C/9c/7JX+9/+PVe/fR//y/+/p/9a1/9pn/PP/TL/sTf7H/94u4vWfxDv/zfmvzWv+E//Z3/8/rsbz25/xf/lf/Xxa/39Hf7hf/RH/yP/MXXf/Cv+JW/yx89/pv/nN/69/hTfvlv+ct/8Hv+Wf/h3/2dX/Rv/g8Pfrun7d/6/Ue/9N/4z36tf+1bf8q/++2D3/Kf/uK3/s7+Tz/4R37rT/7Yn/j2L/2N/thf9sf+tj/9D5z/zf/DXzNa7fzi/+Z3Xf9Df9U/+I//Tf/8R3/J3/7LPyt/8Z/xH/3v//hv/s/8n3v/xV/0r/xzy3/2l/8d/2vyX/yCP+zj//CP/Wv+yvLP+vG/9eiP/r1+24+3/51/+Z/+v/+uP+4/+t3/6/Nf+Wv/3f/a7/XX7f1jv9H+b/f47H/4Pf+U6d9x9vrv3P2rRzv/0y/5F//N/27/b/29f5fv/MK/8z8++j9+7PivmP9Gp//9n/Sq/j9/8b9Q/oM/8eZf/BNP/oU/74/8tX7t3//x23/gH/yXfps3v9lfMrv6qb/6H/sd/81/pfyv/q+/Yvff+PP+pU9Hy//hD/6Vv9tf9Mf+mb/12z/t6h/8K/+jz/+oF0/f/uf/4q//8E/81/7K//PLf+0f/i33Hq2zk9//W7/dP/Cnbv/Gv+V3f+rP/nc+/Qt/jZM/8PTfXv6Sv2z27tn/+J/8lv/t7/2ffPePvft7/Iq/9q/5p36tv/qv+hf+3b/p+hf917/bn/4//4Knf9M/9kf86X/mZ//WD/7B/+aX/k6/Ov03ftEv/Ogf/RP/uS+fvfxH/67/5Y/+y46yP/jZn/KX/+Wnv/+LP/73+UWXJ3/eX/nb3P/F1R/17a9+v7/vn/uZf+6v/OP+uBd/0h/7U9M/7N/4I/+9f+3x3/Pr/41/6e+4+AV/1D/676b/6n/2T73+rf++f+63/k72Z/yjv9Uf/4P/6e//1i//zf/Sb5+P/vJ/49f787euLv/zP/Sr/+3Fr/jF/8Jf/o//0l/3z/zon/hi/nf+Qf/Gr/1Lj//u/+rX+97vf/Ivnfx9/2v9zyf/2n/5b/9+f/UP/t2f+uW/aHL9q//gX1b/lf/u3/fbfv57/c/jv/53ePSnPf78z/xD/qzf/L//O3+NP/Pf+t3+sl/59/49/+0/8798cvzH/S+/wV/4N/yLP/Y3/j2/ZP23/Jm/4T/wV33vv/jub/CH/d2/3+j3+D3+6tmv+k3+7+//er/Xf/av/qu/7vf/sX/l+//+2R/6b3/3l/xpf+ryL/nzfp1/+ff+5+vf6zf9+/6g5A//zr/wtz39037Nv+5X/An/+1978uLX+tv/xT/t3/+7f/+/JP8Tmv/rd/g3/4w/4L/4N3/vL7f/qr/uN/8/v31976/86p//7D/9p/+PP2f37/uL/9O/+I/8j3/znd/lH03+zt/pu3/Ib/dxc/6//kV7f8Cn/+ev+y//MRf//q/zi3+t/+Tv//yv+Y3+9a3/+vf+Lbf/s+v7v9bf+J/8i4v/cvLn3/mt//7f8i/99f713/gf/RN+xZ9V/R+Pf/2f+evL32P5D/7CP/BP+Pgv+t1/86Nf/Bf/Xj95tl79M39D8r/8zOiPuDf5vf7xX3Y5+dW/w//wf/xvp//Q9h+w3H72X589KL714PLv+WV/yn/yvV/5p/z23zr/PX75f/Fr/XP/2B/7T/9Hf/m//u1//H/5Kz79g/799T/+j2z9DX/36pf/D3/rP724+KdX/8Nv8V/+guRf/ut/7Mf+jX/k4V/6Y3/mX/br/9WTX7/4Z8u/5X8+/f1/3+Uf1/79f9n/8Tte/YP/8l/76rO/+j//d//1P+Gv/aO++mcvf9uX3/5b/uVfuvOP/YW/7Z3tP+Ht0+//Fv/w6m/7vf6e3+a/+qf+3H/x3/kP/84/9Pf7O36b/377852/7ff7N+/83dc/GL38k//Xv/gfePIX/J3v/uGf+XP++f/5L/1t//zf7fw3+oV/yNFf+Vv/L//sL/+Tf8X//JO/5X/yZ/xh//7f+of+x7/r3f/97/7t/s3f+gf/4y/6Iz+987v+hb/hP/8n//L/4Or3/zf/gj/zj/2Hq+Jf/fX+hP/46t98+O53+G//hf/pX/6Ff+Bv9hf/hX/J7/rXP/kVf+Y/8nf93U//kD/yz/wff+Wf8J1f/I989+o3/J9+s/H6b3z3O53+/b/Zv/Dv/PTv9S/u/9P/yD/yu/6vf9ivcefd6e/6O5x+vPr37v6L/9y/+tsd/vP/6n/6T/w5f82f8K/+iv/6P//4D/51/+uLj/6XX/nH/anFf/Cf1L/L53/m7Fu/vEz+/j/1L338/M/97X+df/3ef/jfjf+y3+A/evin/T3/wu/97fGXv/3v/nv/m7/9H/2f/0kv/tK/5Lf96d/2/s+0/8RP/fm/2aPqb/59/tg31R/9a/71p2/+ut/4f3x9eW/55tf4C3b/hd/5/94/+4v+kj/1d/ov/tr/6f/8487/kh98+m//R//tf/tX/DV/6V/8Bz4ePTv/vf/iv/FP+gf/sr/8t/7zv/UX/h9Pf+3f9n94evfX+Sd/dX33b/xv/ui3/+ZH/+H/8af+MW/+mC9/8g/5x1//e7//j/8VD3/soPiz7/+zv/k/+3f/slc/84t+0y9+ncvPpju/UfJf/Ad/55/yR/xP2a/3b/8Ov86f/m/tJb/1X3fnf/nt/8Tf5rf9n36z3+avffkH/tOXP/ln/Kr/4B/9Z//x7/wGf8lf+27x4Df8h/7T3/5/+OP/ia30X/9X/+9fs/wH/7I/++LPP/99/+w7v3vxvd/np1/85//27/Mzf8ef9Fd8/pP/+Zu/9Nv/wu/41/+e//U//Of8/n/D//m//92/10+e/K8v/63/7df/l/+Zv+9PHP3Tv98v+Gd3/4Q/4Vf83n/ir/+v/9m/7E/9s/7D//0XfvYb/wnpf/K//huj3+FX/E0Pf9Ev29/75Pr3evnRf/vX/Fa/x72fLP7A3+dfvfun/Op/9m/6JX/c7/Rf/rOn//7Rr/lb/7v/7b/z4O/9+y7//Oav/I9/j//1P/193v0z3/krf+w/+Ef+3b1f/3/6Xf7Z7//kb/O7/El/8z/95/8vf9P//nv8jf/5X/fP/lm/+3Ir+dv/8d/pX//sj/8bfs9f+X/+b//8r/yPZn/8r/en/kcfn/wzf8bP/GEv/5Xf8bf5jf7gP+vPPv9v/+rf4j/5F/6Xv/tbn/4e7dkv/HX+t3/u+W/yF//4n/748o/8b/+B3/7oz50c/THHf+d/+fu+y//mJ6++/R//Uz+1/4Nf8iv/ptXf91f83W/+g3fjX/nXPPz0p/6Jn/zX/9LpL1mO/sZf8Gf8vv/rl7/16L/79n//6rdb/y4//ts9+09+uz/zl/7K3/eTV9v/3i+89we++5N/w3/qN/hf/uYXf92//Z/9xH//y37D8W+5Wv/e+Z+x/e43+Aff/c3/4L/y/d/q0S/5C36bL//i/+tf/+N3zn+v/S9/6Z/93/9E+xv+65f/+6vf7R9+9u8X/8HrX/+/+0t++9/j7/2p/+g/++4fkP+7/+X/Mvvz/5b/8zf9avmX/vhf+zf8N7/wX/tLfvPf5sv/+tVv8le8/Ev+0N/js/3P29O/6J//d57/zX/Zn//dP/vf/s//0oO/8//+O07/2n/xn/8X/vC/9k/8y5/8WXf/gj/0z/mj/+vmd/rT/6m/4/H3f8u7f+Lv/df9wr93982Dn/5L/+ff7/Gd2ehfOflff4Nf8dv8RTt/56e//qOnf1P7d+7tvv4N7/07v+P/9fyP+dMvL7d+v+tH/9DV//1P/7l/9q/8bf72b//UT/6HF//C7r//2Yt/4a//3+//tb/PH/NbPPtN/4O/9F8cPf7Nf2nz2/ynf9P/8Ed+7y//qT/4OP03/8b0f/39kj/9L/mz/6X//bf/S37bR3/HH/Xf/bV/5D//6z/4/rM/8re794v/nf/sP/zpP/Ls17rzv/9WxbO/vfk3//Tf8a//q7+8M7v+yX/iL/gPfq1f57/4+Lf54/6EX/jb/II/+tt/z+d/1V/1H/wuf850/vAf/69/qz/6Z/66L/+YX315tDv6o3/3/+Nb7/6vf/Pv/PK/+N7fsP7j/8Vf+Iv/9qb4U3/vv+33/KPePfxNf/df79nv9gf+Ov/0n/o3/q+/9R9472/63f7Zv/v/+it+3/u/5V/6b1S/znd+4l/9dX7yf/onftefef0v/vH5P/Un/uC7v8unk7/n5X8yvfj9//D/6Ff9yT/2l52m/+s/8N/8ePbf/WE/+B1+03d7zR//3U//5Z/5C3+i/Z+/+x/+6p/8W//sf/fv+bX+mX/2f/z9/tff6eUv+d++de/P/vyv/Qd+rd/4X/7F/+tvf/m33rv3V/1Br3/xX/fyj/lDfpNf/fc+/p0nT/+s07/+H/oP/st/72/+/uVf8Wf/+fOT5T/36//6//Lf9vbxb/ePpX/fl7/Tb/DTv+l3/pXF93/dX/1v/84/81v9zv/Gv/U7/zr/ze919ccc/oH17/UX/cF/22/yd83/pn/+cV7+2b/Br/VP/cm/6Hf7ew5/r//w6Df5/O/4Zb/F/7z9W/3lr/62v+oP+MG/+pv+Lb/dz/zzv+iX/ulP9v+13/3+2V/w7/6O/8g/Pv3H/6Zf/Hsv/oav/pQ/7Tv/aD3/4/6Mv2r8h/9Zf8/6X/vX/8lPT/6sR6//3fGf9N/+wvzZH/PrvfwXH/4N8x/7D3+XL/+W7/3fv9Wf8if/5PW961/1l1SX8//tv/q3/+BfXf4Zv+U//dv92X/JX/uPzv7xv/+v+O3+6r/lavbPXCZ/2u92/cd8NP1b/+lf+Phv/Csfjn7f/f9z5zf45Df5sX/m2T/5+T/4a393rzl/+Ft/+Vv//rP1X/3gn/6vHu+9+ut/4r/5iT/tF/4e//Cf8Ef/tX/0X/L3/mW/+m/+Zf/2+u/5A9v/5K/6wbv/4Vf8z7/9r/wNr/7dP+WP+d3/6B/723/8dx3/ulf/7ff/gz/0v/ns9/0j/5zf/q//9X7JV/9sNvvbf62/5F/5xf/+P7P/u1X1X/qn/+6/yXf+u3/g7r8//+fO/pZ/91f/gf/O7ov/4Pr3+ov/8b8o/x9/VfMf/bN/5V/4l539jX/1v/rb/l3/5/LX/G3+zl/j9/8Xf81/+2/5tf6F3V/wzz/9A68utn/ywd/61/4N/9I/8Ov/kh9c/NX/x3//t/xp333xH/6dF//oL/4bf/Ct37L+L7/T/Ba/+R/4b9X/wL/w7M//J3+jt3/uy9//j/nn9n7hzm/y1/6d/8jv/Vv9D3/e7/d3/qJ/63/+ff+Wf+0Xzq5PXv+Vi/Xf9I/8j3/MHzP6o/60//R/vfPXvvwf/onf5r/6l375f7Pz3/y+n3//s+/+WUdvf/Ef8Ev+nf/zX/ld7139V//o85/8RX/wf/nPz5b/1q/+lX9bVv31f/s/9zfd/11+773f9aO//V/7b/+7//VX/pN/6m/c7v/Tv/7f9Jf9Kf/q69/vd/vzP/tXxr/Df5X+dv9Y9nv9lf/Lf/Z/fucH5z/x3d/yn/5r/8vq3/t1t979bft/2x+9+l0P/+e/+n/9J/6SP+FX/Da/2b/3b3//9T/8rf8j/Z9/n3/78R+d/Qt/4h+S/pHV3d/+f/vp4t/5I//Y3/jX/uR//vjvef3H/DG//H//q/7q3+ntf/+//DOnv8/Vb/xfffm///3j5uKX/ZP/7D/46X919vv8gf/0xd/x3//r//kf/9v8Mf/Z7/StX/7X/fn/5d//E3/Nn/WL/pd/6N2fmv832a//T/6f/0Nx8i/9pTv//S//Zb/lw5/4W/6dv+FX/HV/4el/9uv8iv9l/Of8mW/+gT/jZx7/W//O3/gXzn+ff/t/zv66z77/f/yDf9Wv/mP+ooO/6y/6d3/X3/Pbf9J/9Ov8kf/Ri/T3XF39kf/wv/9LVh9/O/27/t6/95/7j/6F/+hP+s1+u9/317+6+g3+h//pH/gD/+/L//vf/fv++9/nl//3f8/f+T/8181f89f+tf/53/97pf/Lb/gb/Qu/7//wP/wN/+h/+m89f375/A/9qb/5zb9z5xdMv/wFf/6//Uv++73fuj7+13/Nf+sv/4N+r5/536/+6t/3Tzr+Z85mf/H/8FufHP3K/zz7Xvv5v/uf/um/5e9++L1/63/4v/67f+W//2t/yR//F377T/5t/8T9b/2nv/kv/y1/8R/+Zx7+y3/S7/xP/t2P/vtv/cs/PfvJ0//ud//N/8DVX/83vTv90/6s//h/+MX/9n/48Nf+w/+Xg9//F/9zf86v/Kee1L/nxf0/4bf6Iy/KX+fv/lf/77/tN/j1//UfXL188J/8Dn/iZ//u5V/7b/6pf967Z7+8+F3+0rP/7tc4eP7r/At/x1/yu/zXf2Dyn/zzv+x3/h3/gt/uV/9Z//6/8N/+4j/sb9n9Rb/b3/Cb/Q1/+295/uL3+u/+kH9273f6a//I3/u/++r3+Z1+gz/q1Z+78xv+Fb/zv/3r/3u/0febi//w1/idXvw7B4tf9I/+K7/oH1z9NeVf8iv2f48/6nf67N/7437T//3v+0d+z7/32a/3z2e//791+Xv8k7/jH/Nf/wN3/+8/6vf/X37Zx/mf9kf/rb/B99r/4N/4a/6G/7v86C+c/Jn/wD9R/ren//l3v/jz7/45f9WP/drHv/6f8hv8B//ir/o7f/lv+F+++Gf/3V+R/Ua///80+cv/83/m1/rr/pDf7Jf9MX/af/H3/9R3/+2dn/w7f9Fv/xeW77747GDr1/4//ur/9m/6n/6Jv37rdHvxJ//L3/pN/vn/4m/9q/7B9L/6zsvf9y9f/Fd/37f/4d/h9f/y2/0x7X/9D8z/xOXP/Ba/+Z/wz/zU3/K7/+X/8PI7v/Dz3+xv/S3O/qH/8GeWH//N//Q/8k/9A1/853/tf/5f/Bv7//N/PF/843/Df1T+CWfP/7Hm3/4P/qu/b+vO+je9+hP+kXf/1ru/5bf8bz7+03/8j92d/As//o+lv+yX/kV/wH/5d/43k1/+L/4rf9L2f/tP/2a/6a/6M/+yv+F/+9/+g2/P/sv/6E/8sT/wy7//99/+K/64J7/+xX/6R//E7/i7/dj9f+Tf/rP/2b/0x/+Cv/qv/pP/qORPefLP/+9/9C/49q/4d/7VP2fr3/1T/qtv/Ql/xd/451/++cVPfPbP/tH/3f/wM6dPf9vf4n//T//u7/+H/+Fv+uV/+Ef8R1tp/r/8zj9z9Hv/Tw9+u1/9R//f/+Qf/BOf/Hd/xC95/Pnb/+33+LP/+N/r9/7T/9e/83d69XL3r/mHF//VX/xf/cf//feLq7/t1/6H/4y/7k/e+0+++59/6+Xv/nv/iX/n+f/+V/4u/90/eforf82/8f/+/Prv+4k/7G+YfvE3/36Pfr3/8/AX/0X/2C/6B+qvfvGrex//CX/63/7Jn/ln/Otf7f1e/8D//lv9S3/I3/EX/XV/we995yf/qH/rf334D/0e/8joL/0P/5y/62D+j/1Rv+Do93/5d/9GzS/71/786n94/Jv9Rn/jP/Hr/LHF7/xTv/C3/rvf/q1/07+S/4F/xd/ztx1/9WL6v/5vv8Gf+xs9PP3yV97/tf+V//IvXP7+P7b7h31R/4mf/07/06Pq6Pmv9+Rv+JN/pz/wv/6zf/o3etj8vm//k1/6p/9Nf8u/8U//Eb/5g9/hz/99/vJP//rf4+xv/BW/+x/f/It/xL/z5Z/wm/7457/nL/yTf91f/Ov/H7/kP/9b/7XFp//MX/dvfbVz8Ff+k3/nn/BLfoPVv/wn/R6v9/7PxV/47q/b/u+/8zr7s36n839v75+tkv/p49//r/htfqPfpEh+uz9x9Vu8/st+p/pn2j/jX/8TfuHvmn35kz/1e0zH/8rdj+/+4r9x/K/8yt/iP/zrfuc/44/80z7+9//Wv/Wz7T9o67f8u9Y7f8npX/6bvNn5Pz6d/1+/4uT3/qnv/V6/5v/69/7nz3/i9/iDVlf/Yf47Xvy6v/b/9Y/+g//8P33w7/zT/83d9m/+1h//6yZ/weov/Gf/wNe/ov0//r6/5v/4l5//8T/+d3z+u5w+/T8f/ma/31/8K7/8I37yL3/z2/6e/8Zf+4fOftvf8jcsf5PH/8v/0f7dz/+i+W937w/+Z3/i3/07/ry//I8eHf+3/9dPpL+q/FXv/vA/+hf/baO/5uF/9Kv+5WSy+Mm/5t/8d3+7z3+Lp//S7/UTv8N6a/J//J6/5t/+/f/gl9z/1nev/s4/4Vesf4fxf/n3/17/bT77gz598N8W/9zf9+mv/Ff+wYNf9Yf/s7/P3t+9909+9bf8X//RX/EX/13tw/+j/untf/OX/pv/6S/6N9b/wH/z3f/26qL9+/7Xvf/7H/w1v/OnXf1f03/jr/49D774j774xX/R9//hz/6L/+Vve/Izf9wfOP4l3/0Xf6M/+z/8wa/+8//l//u/+5f/z7/wT/+7/8tf85/8a//vu7/Gn/zf/7Iv/vB/6L/4h/7pX/a3/jd/9j91tPrH/r3/4n/8L/+diz/+Hxonv+lv9d/8N//Yb/a//aV/2W+y/vP+pE+/9d3/6Xf6V/70X/+v/r3Sv+7t3l/41z/8rerf4Md/o1/+y/+Ef+avuP+i/a1+4ne580t+8387/cv+rt/69/vn/uU/7e999Kf9N9/+P3/z//Q/+LUvsz9j62/+1/+cv+Ivfvm3/kdX/8cf9ds9+3P+z6dfbv/+/+W3v/9H/Zff/qk/+k/4DT65mvz+X739zcc/+fxd+pOT+1efZL/tP/1v/NY/vftvfvuP+Kuf/oPf/oP+wG+v/uW//vf7K/6RF2//1d/lF/ylza8/+23/93/1f/qX/+s/dP2D3/9P/cs++b3+oj/xx/6U3/Xuv/SbfPZr/69/11/6W//LD/6gy7/nX/ntj7fmn/zET/3h/8mzv/dv++/+xt/31/6TF7/oFz4Z/aWLv/ov+1v/kpO/7Q/5e37nv+O3+xP+/N/xn/g3//tf5+/+3j/6m/y5/9FPPP4Hjv/k/+PL3e3f+yf//f/r/Pjv+OjzP/ePfP3b/+H/6flv/Gf/pe/Gv8NX/8Iv+XW+d/o3/2W/wS/+z3/tT/+rv+J3+mv/qj9w+zf4nXZ/+ou/sfo1/9df61/+X/+63+s//2v/8n/uj/781/w3ftl//tdc/Dov/8G/6dd8ev83zX69v/Mv/NWT/+Uf+s6/86u/83/+XX/Ib/mX/+b/56/zO360+PX/1r/uv3k4/Ut+t9/6t/h1//5/+G9Nln/Rr3Xxy5Of+qNe/4p/9n/8XX7lWf3FX3n52/81f8Y/8uwf/2X/+f/+F/1bn/1Lf/hf/ef/Lb/bn7n6Lf+Vf/Cf//6f/n/+2//S7/zP/iG/x1/wnXe/8R/103/JX/Av/vO/79/4k99+9dO/zx96fvY3/1XH/8k/dfSt3+wPffnH/Jb/9z/wt/2Wn/8FJ3/L7/23/AW/9v/6Jz/5C/7DB79W8Qf++F/ze33+N/169b/3vf/jz/7qV739p778JY++ffm//+n/YPm/Pbvzfy7/7//ml/zvi//q5Pf7q37w6Z/9X43+478gHy3+tBd/8+4f+5c8+bP+27/oz3v4R/8v3/mj/47//DdZ/7f/4R/52/2aZf7n/MP/wD/1++T/8f+02v1b/ufdP+ezX/cfPfiVf+qv9Yf9M7/Hb/aP/Lt/wPnf/w/9i3/s6z/8N/3Wv/L7/6X/7bu/5vf5rf6mP+Vfefm7fP6X/zp/8Zs//K/6U093/sQ/4Q/7m3+Levnf/cN/wb/xR//nv7D+e07+wbt3/5Lf+/LLX/A7/B1/2N/4RyR/yC/5v/62v/dvvvNX/XN/13/45s//Xf+Id//ub/E3/Z9/9d/2b9774uV/+Vf+yuv5n7P3K/6Cf/HP+aOe/o+/xZ/+p/xk+9//VX/6X/BX/GX3f4fz8/ur/+1v+11+ny/f/NRv+2/8Plf/5G/zO/1df+dv/sl/+r/8Hn/wyZ/83//q/+uf/8d+1S/86m/9v/7z//lf+7++/eyP+93/8Z/5i3/r3+Lv/qtH/90v2vqX/6X/5a/5h/6C3+fx7zr653//3/2fe/dn/zkHr/73f+6//493/9XHf8EfVv3H//z/+Wf+O18Vf85f+fDP+Z8//Xd+8X/+e/1WZ59+94/6T/7y7V/nb/jH0j/4n376O/2Fd//5e3/4+t/9l/7t529+4ehv/QcPv/q7/6o/MWt+zf/yxRe/6h/9V/7vv/Tv/k1+u/3z3+c/+8X/29/zX/x5f/rv+rf//v/Lf/yv/Y1/8e/wT/xaj37VL/wt/un/4jf/k/7uX/Uf/S+r7X/1P35zf5r+Pn/93/h6+ef907/iL/rj/5Cr3+6v+rX+9l/15/zE3zv5zj9T/lV/4z9/8ev+e//sH/Qb/lu/+z9777/+o/+8N3/dP/8n/xd/5ttHv/nFH/MPfPLuX3/8B1y9/ep/vvpt/8Sf/rX/gL9i+gvLX/Wr/5WXLy//3V/8r/01f8sP/pbT9V/5r1585wf/d/3r/66/12/yL/zPD7776j8q/tVf8d+c//4Pf+d/5e/6R+Z/3q/zq+8s/rnv/GF//T/zl/7CP//u//S//Cn/5l/+57z4b37vf/Phb/z6zv1/7H/+G5eHX/yz0//rs3d/VfKf/x6/8pf8Lgd/1T/1f/w3/2397//+f8i//+bkv/tzvvpq6099+Ze//I/+xN/pl/6Pf+Z/+CRbv/qL/ta/98nhv/hP/K5f/AX/4T/5+S/88V/jf3j+9/7xf+V/n/0ev/H5u//54M959/v92P/wm/82//s/9/v/uX/VH/gr/vjP/up/5fc5+Rse/yl/dfab3f1Vv/EfNPtVf9T1n1kd/Rbp3/3mL/o3/8T6t373cP/O3/f3f+fyF//me//YX7o3+u0Ofq9/+n/8tX7Zb/Tv/jXtX/jl+Ff+sy9+9adv/uZx9rv/dqNf+2//d37n7Nt//G/6J/9bX/ziX/u3+tu++2N/w9/5O6z+ivwP/qd/6/Hv/4f+Js//zN//T/nD/6m/7Pp/+env/yUvp5P//A/+L37hV//633L41Z/+R7/+Pf6ub/3Vn3z1d/30nb/xN/y9/7Pl7/703/qj/4oHX345/eiPvvjxX+cnfvpX/+rk9/ml/1z5G/zS9pd9a/s3/9ZP/i3/97/6R/9e//t/+hNb/2b9Z4/+5//yu+P/4/f66//qv+Tl4d/7G/+9/8vp89kX/85vcuef+vjNv/Azv+Uf/Bu8XP/Vf8Ov+m//u3/yk+a3+68//5/+yn/mJ/6V/+7Xe/B//Au7v8fhn/eP/k//7l90/jf/ub/Wb/nP/bq//y/9JX/Av/rf/wf57/QP/h/Hv91f8he1H+3t/P1/2z/z3/8XZ8u/+C/64unl4r/7v37Z7/znv73/Z/3bv/Hhu7/v87/iD/2f3/xlf8pf/0f+q3/vH/Kn/6J/cfEn/Pvbf9K/8T//3f9D/cf9Z6fXP/kv/oLjH/9vfs3f9Oh//c3+06P/8B//9/6WO7/Lv/wP/cqTP/q/+JPSz/7p3/VP++M++eg/+5f+w+0/7PHvPXvxP/3R/9L2n7f9i//tP379e/+fv+Kv/aN+8Jv+ruVv+Tv/h3/27/KLfuL0f3p9/7f5B3/Jf/jHPv2JX/rv/ul/0F/8h//Kf+g/rie/x/jP+CN/6z9y5//+A/613/2f+UNf/c33/sa/6F/4A3/if/ijfts/4zf69f+G//vf/uv/3cXv8d/9tn/G5e/8b/9F//df/d/8ir//l/zaf9M/99v+YX/wv/A7Lv6X2dVPno1+8O/+hn/zv3z1e+S/4X/0f/wFf82ftPhvH/47XyZ/2F//9NO/5eiTB3/kv/nZv/jd3+63/At+yU/+it/69/nz9v+H/+1f+GW/+uPFV//yt/7of/ZPufr4r/zX/srf8w/5W//E/+Zf3v+j//lHv/Bv/NN/nT/iTzn+7/7Nv/N3+r+uf/Ff8sf/Fv/br/nn/FZ/70eHf+T/lh8+/4v+z9n/8R/+R3/k6l/+ff/FfzT/136vX/HgD/o77738nX6LP/bNP9j8VQ++LL/9r/7yf/M/+k/+93/790h//d9i8rd+9Mf8Zf/k7/xP/dL1f/+//2l/7h//y/6ZP+b3+WN+1b/0N/xG333ynT/7/D/+4/6aX/1PLn73vy3/33/3P/on/+n/9X/9LbbLX/ZLJr/Gf/W3f/JXvPyp3+Q/2v33D//1xc/88v/oL/jb/uw/61968fv+A9fr3+4XPfv7fsPx83/1d/8Xv/Of/H3LP+t//iv+g9/px45OfsN/6vn09/v2v/sX7Xx8/Gv/k3/E3/En/Dlf/mF/6tFP/x6/7/RveLP4hb/D3306mXz8K//73/FX/H1f/Avn07/mr6gXf/wv/TX+6r/+P/jx7V/vd1/8fX/T7/cf/jE/Vvxrr3/rg9/l9/7eb/z7/VbzP/+L/2z6H/w6f8W/+b//j//K6qs/9bf/HX7m//xT/tq/6h/5j3/N/+MP+Zv/2P/p49/9j/ijf82/7K/7L/79n/kv/sB/8KM//Lda/6qvPv4F/+Sv95f/RT/1Rz+4++f+lb/oi39n9L9O/4jm1/y//9jf4h/9J//5h8uzb//k7/vP/pN3rz/6u/7x//7P+0P/9v/q7/+3/vL/+l/9O/+Hn/oTr7f++D/lz/7Bf/if/8Rf/Ef9jb/ln/LXvfjlf/Lv8j//yat//ff7/l/xp/7557/3r/zP//7f8A+5/qvLP/AX/VEn/8xfcfdv/qv/skd/1+/wJ/zXf+Hv8cf8c3f/rF/9Z/0Wf2zzi/+U4o/ZP/oH/4D/6d/+T+bnv/DX+ds+/mP+/v/kW7/h7/i3/On/2U/+AX/z3/SL3v7mf/L/8Yf/0f/gP/IX/7Z/3fWrf+THfoff4MHfevLrHI7Wv/lf+s//Y//wX/O7/k1/1O/1uz7/x3f++N+7+Rt+wz/h8ZPf/O948hf9qqN3v86/fjl99ev/XX/o6Z/5J/zBf8jf9Atf/Z5nv8VfVP9r/+pf9t//Dr/P9/+80+/+Vvd/j9/lD/7txn/g3/t7/i7r139S8Tv+p3/I3/av/9Tv9Tv9U3/G7/Y3/Rnf/ft/83/vX9p/0nz2O/6Zv/yff/Bv/n2//OOvfvv/fvWX/vf/3B/5R/zpX/6a/9K/O/lrRz/11/4Bv8a/+Zf+Pv/Azr/9Z372+739HX/Zv/H8z//NP/t9f+xv/z3+7J/5G/+vv/D/+Pd/h394+u/+6Y+vir/8V/zZ//l/+Pd98re8/BV7v/0Xiz/j5V+69yfMf/t/78/9c/6Ef/0f+DXu/Lv/6O/50Z/0V/6m/+WXf+s//2f/Pn/m7/A/5n/6b/YPfvSPf2fvN/mz/493f8LBb/Hv/+6/4af/3b/+r/7pR2f/0V/+Z/6T2W/x53/xD/2G//SXf+Zv81f/L7/R/9T8e3//7/Vb/p3Nn/rPfufy8Pi/vPiHz/6Nf/2rP+b7rx787Yd/y/b/+g/8F//X7/Y3/Ob3dv7A3/nFb//Hv/uFf9f/+jv/xv/9Hz1KfpO/6zf+HX7i9/9TftN/40/fvvv5f/ZLv/v7/gvl3/zLv/9X/cuLuz/4Hf79P/bZX/KH/fX/9q/4/vd/YpT/X7/L7/On/Ze/74//lf/sf/Y3/RO/zV/wa/wP//wv2n75K/6pv+73/yP/8evyd/lvLk6//FXz6o/8m49+18/rk8XHv834f/xfv/30X5g/zD/9fX71b/c//5V/8G/6F/xav+1f0LxO/te//td//Xs9/a///ke/6x95/6/+y/6d3+PP/+i/+NNnv9uzf+u/+0d+l3/1n/4vP/v2t/f+nN/jP/k7/5Pf9xdt/Rb/3Leqv+aP/W1+i3/jT/kj1//jH/fPlf/7X/B3Nv/JP//H/dKPf/zqf/kLfvJv3/ob//Nf+MXZ4o/48h/45S9e/Uafvin+2K13D37Hf/7fn/x3v+Dt3/E3/u3/1b/74gf/bf6v/en/9pv/6v/8R/6UV//7//4f/1mv/q7/7h/6h//pX/8v+i/+tp/4E/6pv/An/4D/6+h3+wd+8q/5H//h//qf+Gf+6X/i3r//r/0O/8w/8Sv/7E//5//pb3v0Gz77p/6xf+j5j/3Vv+/6H/xf/6N3f/Uf8vFv+d/85//Af/npl2++/Wf+q//9r/1P/Ud/2dX/+Qf9yb/Lp3/X3/BP/MKP/6rf5J/9e+pf/B/8ufNP/qRf9v3l/3r89NX3/o/67/2V//7hf/VbP5vv/7X/+N1/rvwz3+3+wU35e/yZf/e/+2v9qf/Hd3/bvb//t/0N/6//6ff90//QP/VP+63+6r/7t7335/+5//uv+s1+o3/2n/2z/6Y/5de6/9f9Gw/+qf/1z7763uXf8+T5n/sHfu8P+bX+8N/7P/mz/vE/+/EfdfVr/9K/6x/+i7/4Z//Df+9/+icf/PZ/8q/3i/Jn/9kf+u/9x//FH/X7/vI//P/89J/7/cq/9if+7d/p29lv9OeN/5vJn/Z7/nt/xe/zzz/65Kf+hE9/ycPf7Xd//NVv9Z/+jkn+x/0Hu+Mv7/7kb/u9f+bu3/+3/tF/zF/zV/0d/9Env+vDh//c7/Pr/PL/8J//TX+ryd/0T/07//hf/Wf8+Ks/7W9/8Gv8O3/T7/76b/4PfuyP+t3/79/od/6nP/rzmp9+9hv/X987/cf/mb86+z3/0z/2L/5Xdn/wJ/7UV39f8Zc9unrxp//5P/P4/z7Mf6vf6Zf+ZX/tHzT9bf+43+SX/M9/y392kf/CP+j8P/4//8W/9tU/8df9Ab9/cvfRj/2Tf+7f+mf/yff+pT/uf/3Fv+DJb/DFP/8//R//wvK3+lP/gr/gNz78Z/+2X+uf/12Wv/Of+j89/quP/7E/4O/+H771z/wd//pP/TX/UfEX/GN/+j/98j/7pz7+G/7SB7/GP/NXTvb/3d/h7v/9e/xhv/DH/rqHv80v/t1/g5/+/Pmft/crl82//tkfUv1Bf92v/Pjjv+w//T1/y1/56mT7N/9z/8x/+bf6fT9/sv9TP/6H/jN/6D90/if85v/Mf/Rv/VWf/55//4/9uf/q//nto29v/aV3/qxf868p//B/6//+B/6oi//iN/6L/ui/9A/9l+7+Z3/t3t/zv/x7//Yf/p/9lf/81n8w/8euH/x+f929v+D/+K++9Q//aX/TR3/x//yX/v1/1H83zr767t/003/R6f+4+9f89b/P/1T/8u/8Ghd//+MHP/6r/qR//I/8v/63P+8vPv2Hdqqf+aP/2ju/3f/4237rL/rNft1//fp3WF0//+e+2/6Z//Gb3+sX/X3/5l/w6zz/I36jf+R/+wt+91/2h5/8Dn/63/YvP/kl87+u+OP+4F9n8S/+bv/2wSd/47f++F/x5/7Rv9mv98/8k3/2r/W9v/Zf+m9/8Oe8y/d+wT/5N/+ff9vpr/zj/vLf/fTq//jOF3/Gb/gf/C/7//bFb/bf/IW/9q/8g//jX5R8/4/5jf/q/+HFP/g3/l7bv/1/+Lf/ln/8X/abl6d/7t/wd1z9zL/9b/zMX/K/bv8j/8af8Hf97Tu//Mkf9L/8N7/9f/XZn/tH/kf/4p/5W/zzv9Gv+/t8NvuX/sY7/+bv+wve/U+zxe/+cPq7Hi+X/0T1r/6S3zdffO/v+QM+u/tXfOvve/Qf/Y//+/eav/Ff/R9++we/xcM/o539xP/xt2z9c3/G//7X/Rr/97/4F/2bf+0v+xunf9mv8yt+8M/9Pvf+mn/hO//UuP4T/97tf/9bv1/xt378+/yn/+o/+zMPy7/w7//b//m/7U++f//3+In//Ff91G/68p9P/+Bf8hOv/5a/hVZIV989+Zt+k50/9784+0f/yP/xz/iJ7//+l7/hn/rn/0vr/6599rf97X/Mf/fHvvoL/+5fczb7A/6mk3/z3/sHjv7u6/r8q8Wf+ov+0X/xt/iHt/+Zq2//yp/6hZ/8j2//0r/zFz77Y+4c/f4/9vj3/Y/+qT/gX/r154vf+cV/8+1/bPQn/0l/5U//V2/+yr/6z1s8efcf/ZpfHf2KP/H3+PLg9/sd/5fz9B/7TR//p+d/yNvf6I/97N/94tf/6f/rv/zsv/+lp28++vO+dfA/X/1Ph3/4gz/of/h1fu9fefl//jH/7b/+u33vb/z7/9Cj/+0frrZPfun+r/x3/7Wf+Q3/hv/79/v+v/ob/we/+5/xC/6OJ2X++xR/3p/0v/31f8TRr/t3/aK//eCP/vIX/vnzoz//83/4H2yetn/AH331p371Zx/8MX/wr/gf21/2B/7vv90/+ie3f/8vS774mb/8958d/danf8Mf//2D//Dln/V3/+5vX33yTz77o37//+Ofu/Nv/ln/7b/wVx383//wL/9T/pDv/Iu/w5Pv/nu/1mL/f/lV8//8//hVb3/NX//f+wf/lsWv/FP/hW8V/93fd3byT/6hyZ/yv/+3/9kffPev+FN+2X/0m3+19ZN/0dbq/H/5Hf7d/+SrX/5w8st/2Sf/5w/+zb/vf/4Tfpvf5Kf/+f/td/iXfv27f9Vfc3n1l/3z9X/x4B//5/7nO3/mv/zP/Kn/5Oc/9vw7f2T22/8xv+Fv8a/+m7/pf1/+Wvf/yt9s/Df+tX/Jf/nv/Yd/497v/upbf8Vf8Df/9D+/9+lf8Pv+6t/iN/h73/7O2T/0r4zPDv/Iv/Dxb3XvT/zy/9g+/Bv/mn/pl/0Z3//Lz/eqX/G7/2f/zunZz/xP//nv+l//q//Qb/yv//3/7b/9O3/yN/ymf/If/u3f8tf8vf+FX/mw+gP/q1/86k/8K6f/Rvsv/enLTy7+m49/nY//+r/pr0uKr/6lt//uL/tTd/7o//S3+LX+9l/7t/qnf9Uf/hv+zL949z//1/6Hf+ret/6o//Vv+uN/iz9z+fv8vaN/4a/7Ww7/7F/yL/9Tz//O/+l/+kU//fDiB3/Vn/6P/Nf/67/3L9V/0N/19/4jf8b/XI+W69/1pye/7Ft/yuj3+Wf2J//R7/Hl4+P/5vO//Vf+bv/Rv/nX/82f/yd/yMn92T/76/z6O3/RL/w//qh/8P/+x7787771j/7X/9jf+rcc7f2l/9Lf/dHWf/nv/XV//u++/S/8R7/zv/d7/Xe/7D9dLf/Nf/Bv+3cf/Mwnv+l/NfmXf/P/5NHVn/AnPPzd/sM/54u9z3/z/+n7b5uHf/vve+cX/e73/pq/Nf9F//X+T//u/+4f+7v9Dr/v7/wn/I0f/ePJR//qn/Wf/6ff/+2f/3k/+ehf/G3+ut/5l/45/9Gvc/qDv/XFb/rb/R1/2j/12/42/9gf/Ut+/Lf85M/+H36XZ+e/Rf7rvZ38Uf/wP/Yz/9D1b/Kvv/wf/4y/+X+593f8fX/rP3Lx1e/w5v5//e53+63+vv+lvvfP/4W//7/X/FN/6B/3n/7Gv9d3m3/48YO/cvblH//4T/hXf8s/95/8Dx//Hzu/6l/5bX/FZ//0s//i93v8l/xGf9mv9Vft/je/3//9n/4Dh7/H3/9r/a2/13/0y/+N3/z7P/WHf/v3+pv+3N/o0X/5m/2bD//5P/sfnvyzv/v/Uv7WxfLtf/nH/4L2r/j7f8n/9Uu+/Tf+yl/05tHoD7z+X/7e/3zxz/+q5N53fuUv/fV+53/4f/xN1r/Xn/o3P/5069/4j379x//Zb/r3/e2/5T/+J3/33/jn/4J/5xf8Hr/Rb/Iv/KN/6+/+z/x3j//N/+uX/w+/5+/w7/7Sf+yXXP7B/+hv8M89/Ev+1n/wt/tb/5sv/oVf/mve/2W/3t/+X/4X/+Xftv1fvU3/t7/rl/2jv81f/Wf/y5//qt/y7WzxT56vD//Gb/1ev/sf8eOT//Cv+Sve/Kl/y+gP+sP+4V+89+a3/j9//D/6ifSzX2f9n4z+zf/1X/tj/8m/+hf/p9/6Hz89u1j9TX/CP/vf//1/xb/xix/9Tn/Jn7r9xW+2/X8dPsy/83f9NZ8v/vtfZ+v3+7X+guJ3+nv/mu9V/+7ftfhN/8zf+z/7ZfmTf+Mv/h3/5r/nz/l3/u//8qj+I3/hX/Htz/6u17/fm9/4T/77/4b/8y/6I36Nf+jo7Pf7G37fo9/5F/27v//v/E+Pf/O3/+Pf+zf8Zvn2X/rmz/zWH/PHtX/hP/rsF3/8/T9s78/7rf7vL/6Jvy37n//pX/u/+WvS+s/4q/+28q+vf6u/9t9o/rMv/rrx7/Dn/Jn/8N2/9b/8Y//h5rf9m/7H3/HJf/hv/AP/w7+6SzmjX/bf3/vf947/8F/29/+Nf9K3/s1/5F/+t36P/+03/kv/iif1X/jpf/oP/vV3//lf+of+8b/Ff/Nv/mv1L/jf//Z/7Qf/5Y//FX/+b/6n/Av/+Eef/95/+uNPP6q/+Pf+qV/zX/trfpdP//Xdf/xv/bUpCPmNxv/x3/C/f/JP/Ma/2bs/8Ox/O/ybxn/D9//5X/8v/RV/11/0O/6+f9Krf+wv+i//2Y9/7Nf8yQd/9F938m/8F3/dT/xH/97/en588Gs9+rf/xX/h7/nP/pa/+veY/G75P/eH/QX/6b/2n/33/8Xv/Le8+33/1fpvO/wr/pQf+9//nr/hwe/8W4x+8Av/jl/jN/1v/oc/4Jf+j7/ds2//TaM7f+mjZPzn/YP/yt/+W/423/71/snF3/PT/9Pv9H/9U//R//on/qKDv+5//yf/5b/389/0n13/I7/JD/7v3/JP/uwv+epnTn6X5X/+3z/+q/7Rv/XRP/dbnPzJv+G/8Gd88ef9c//7/3L16/7hf8bvc13/u3/f//2X/dT6D//Lv/Uff/zf/n1/1p/6t/5R/9If/Qd8/vf+hf/FH/CH/KW/7etf6zdu/+vf8i/7M//w/+GX/FE/mPwpW7/tH/APrv6OH/z3/8ff+gf9/n/39B/5bX+X//of/+nv/6F/1x/+J/5hf3u+/Cf+6v/jZ/6JJ3/B//wL/4J/46j6Nf7XP+jv/UUv//Tf5vCn/6D/5K/+if/rH/k7/tZ8+tf8ntvVn/riP/gL/+Y/+U+o/qcfvPqj//g/42/9PX/yHz9//Buf/d573/3s9/pb0j999m/9gf/Lv/aP/jb/TfJbrn6znb/wl/7Lf8mfe/L3P/jvvmyrf+infs8/p3r1f373V//V7/6RP/2/PPs7//of/8v/iL/+T/p3/uJv/QbPfqdf/mDr17/7v372e//Tf/2f+Z988gf+D7/sr7v7+k/8+K/6wS/9m6f/2J++/Ev/sz/xv/j2v/WnvPjTV3/6vz75a37jv/IfePg3/Gl/wj/7b/913/4Hv/p9f7u/8OGfv/4n/qE/+hdv/bv/1f/44A/607/807Iv/4vF3/kn/9GPv/sb/fN/3e/3G/2av+jzv+r3/M3+5N1/8Df8vb9/+l/9bv/9//Dw7/s//7nf/bf47f+HV2fFRfVX/R9/629y9yf+1P/r4z/8L/r8+rf73o//kt/rV/+p/+4/92f8xn//n3j5n/7K3+ZP+Pf/23/pL3v3x/xu/+zv/3v887/n1cHBX/Jv/rUv/uB/8u/+C6//mz/uX/jt/s5ftftn/ae/2V/65G958l98+5f/8T/55eGf9pf+5f/HX/7opy7+jj/gf/x1/t6f+RUPfr9f8Tt92Xz1v/yxn/+dv/F/+Gv8+b/gt/8j/7Q/4L/+M/+4//0P/1f/vX/rd/8Xjv6If+93/x/+sj/m7/u3/vA/4B/5g05+8z/6t/zoL/xX/7Y/++/4o3+b/6H+7Jf8Wv/O3/X7/tP/+6/8dX/zf/vNnX/xD9m6/gf+6NGTz9/+BX/9y7/6b/in/oGv/oqXjy9+zadP//U/+0/61at/7bsn//2Xnxz95D/+H/12v9Uf+J/8Wl989Y/+b/d+kztf/J5/yj/yF239qr/gl/zZf9pv/fHf+Fv93f/4P/cb/B+/cPzX/37/Qv5bPvv3Dn6d32rxV/yDp//8r17/bX9O8dv9r7/jcv35X/vLf8Ff/O5P+Yd/+z/wt1n9G//27tPT//u3+ntHn/zM9u/ze8wf/xX/zN+1+/0/5B/5wbf/2svf5s7+P/PLfv/f7Dt/77/5l/xFd978t3/HX/h//gf/1fjX/+7Vt3/F3/Pk7/xzx//Vq4/+1D/iJ/7Tv/VP+wt+7R9/+G/8z//Vg9/16b/f/Kq/7e+p//jf6Vf9tX/ivW9963/7V/7IH/8t/qk/4ePi+vd595f/R3/Vv/XP/RZ/1h/9V/z3v+J3TH/87/iNfiz77rvtf+fT6u/c+a9/xe/2e/2Gv8WP3/mNf8E//m/8Wn/i8t/71/6Gf/Gf/6t/7E/57Z5l15/s/K6/9Lf+X+//br/On/DnHPyj/9h/+rd/+c/+Ef/rL9r/z/+7b/33v9e//K/9Fn/Nz/xZ/91/P/pXfqN/+/z884//rP/+v/ne3/tTf/j/vfc3/x2jv/cX/Kd/07/1f//Yk3/uP/13/rfL639o/Gf9A79v/bs+uvd3/Y5/5f/0G/+R//N//fl/Xu7O/+i/4u/67T79x9/8y3/i6J9a/8H/+O/1L/wa/+Wf9Yf/ZX/23/qbLP6r//7uv/Ibf/nJj239C//Cv/3f/vP/45f/+i/d/kW/z/lf//IvH/3n//jf92O/Hcny7/hb/wU/s/UX/Dd/1N/yW3xx+Rf+u//Hv/k3HT39y3+9X/lbTX7Rb/+X//1/x3/65/0j/8l3/pOf+geS9k/5Vf/Wv/O313/Nn7z+rX7Zo+/9hj/53/0O5e/3v/51o4t/6U/7337l7M/90/+37/yCX/xP/CPf+Zt+6qM/9U8qfvE/9Xf99//MX/L3fvyP/+9//S/9xX/B7/77/ve/8R/0n7Z/yX/27z/4h36z7cNfuPfL/6M/4V/+i/6zj/7RV3/o2T9zcPzfjX6t7d/7rzj/u3+H/+SP/dO/mk4++Sf/mT/zd/8Xtn6r37f97d792uV/8N99/Dv/Hn/Vv/23/ZX/+e//2/0pf9D/9WN/0r/9p6f/3dlfO/o/Dv683634W1/8stcXf8Rf8Qee/SYnv80f/Pe1f/Ff/Av+8p/4B36bP+8//Y1+5mf+/D/61/51f+r3/XT1r/1nf+TvcfVLRn/UF//Yf/Jv/Ru/+O/7/X6d/+Wf/sW/y5/zCz/61pf/4J96/K/N/+W/5S/5wS/4g/63P+k3/TP/mn/2n/3t/+LHf+Of8l//pn/6n/P5/3L+z/+Lf2q2/iv/8P/7f/jff78/PvmPP/89vvV//qpf8A/8dsWjP/DXPv0/737yV/65f8Of8+Lw3/rFv+a//Wf+Rn/MP/GX/JmX/9dv/av+i9/vv7n4Xf+RP+97d36nX/j7/yZ/zf3RD/7Zz/+6v+d3+x/+8P/t6A+a/p7/1//8W/4Xd+9m3/n7/p1/57f8t/7Qv/Hlv/ELf8+f/PE/JvtP/pQf/CV/0D/0K/+gf+DP+P7r1z/2b3/nN/9N/sx/6F86ePrmH/kv//H/uP6l/9Tv+U//j/f/zd/qV/xmf82T1d/yO/wN39n6k/6S7OPf8v/49A//rU7+zL/6X3o5/ut+q3/lwS/6b/+Bf+53Wv73yz/in/gDXvyqX/Kv/uanv9mv/hf/2JcXf9r/9rv+tv9m9ls9/u3++f/94Z/59tsv/7u/9P7uH/s7/Mo/8H88/GP+ipM/5dkf+O7H9/7WT/+5f/hX/wMXf9mf82e/+o3q//IvePR3/B7bV//RX/LH/Iv/3L+RP6l/sz/j8+pfbv77/3z5M3/s//rRr1P8wXt/8tuv/tnHf/Iv+S1/h/nv9rf/j7/lw3/nL/hFP/0L/9P/6w/8d/6mv/h/+Uv+wP/rt/o/f+rb/+ev91f9Bdf/ytP/+jf+vX+vvf8t+6X1Vvu//zn/8z+4+D3/z9//D/5HP/5ffs/f60+7+FP+zdXHV8e//2/7S//Df+sv+h8PP/mDf5tf7/qjP+rP/L/+p9/pV/7GH63+nv/ln/xbvvvo3f/x9nf9+w5+6X/39/zW//V/8+8t/9Pf5Bf9GX/e3/qX/Sv/57Ns/y+ZFb/+L/uDH/6Cv+8P/Jmf+gX/01/w6PfLr1/9HZM//Z++/DWf/Pav/uE/7vf5m37j7/7F/8c/9r//T7/er/Hn7/+6//U/83v8c7/t3/mbFK9+v5f/3S8Y/9K/+V/7i//wP/NP+R1//B/8L/613/zw3//7/sM/+pe++p3+2v3f4H+6+Fd+n9/qP5v+fv/TP/APvHz9l/wZ/9G/+OLv+/u/+mXf+8N+/Fe//dd/yT/xS/+Uj/7PYus7bz75jf+0f+8/nf5mv+DL3/U//hP/pX/pi3/3D/6Lf+z//p3+vO/+y//O3/SX/knP/vpf+pv9fr/3r/l//7t/9p/xD//Svz7/Z3//X+f//Ov/wn/uX/5N/sYf+73/2P/4L/47fpvf5jf7zV5/9uw/+Vv+9J/+O//RP/un/96/6T/6z/6Tv+iv/kf/iNW//W/+Af/L3/P9f/Xx3/87vv0T/4Wf/Ld+g+V/9kf/4E9/ePwbPfpT/sS/82/7lb/4r/5d/uY//K/5/X7/xa/4nZ4t/+l/6mf+g3/mo1/33/1Hv/yd/oY/+Mcnf/6v+Jnf5Pf4ff/Ae3/g478tK7P81/7qZ86++t9+o//54ejkF/+uv+W/f/zL/tjf+n9/+9v/heP/5O98/Lv9kz/9D/6Gv/rt71r9zv/Dk//5v/3qyW/wr78u/qG/KfsfL//5/+I3/pf2fu3f5j979Pc8+6P/z93f4C/4q/61n/qPX97/+z/5C55e/59/w2/1t/9nv2Tyi36fL//9i9/pT/3pP+Xv+h3O/uk//x86/n1f3x999DO7Dz7+/O/863736be/99uf/Anjk//mv/2Hf+av/kV/92/ynd/uj9su/4ez/+jZ3/D3/U5/55//v//Sv+xP+7F/7uHh9n/3+Hx88emP/7UP/ozXf+pf8neXv/lv+uO/zd82e/0v/Kf/4urjf+1kUf36v82/8F/8Yf/E/3n6904e/Y/zf+nv/+X/Xvk7/FP/yl/9B/xNf+5/++jX+2P+zPzx7/vX3v17//q/J/sL/sD/7F/7N36rT/+P//wPXfxNv8vRq9Hf+d/9lf/Bf/XLft+/5d/6w36v4uO7v81/8q/9K3/q6Hf/i/72X/0b/9hf+FfP7x5s/WP/+NMf/5f+rXzxz/yrzRfX//m/88/85O/xf/3Tf+Hv8Cf+7//lH3pY/ad3r/+Cv+P+r/pv/oe/5r/+nb43/c3/9r/2D/09ft+/5x/710/++r/8Qfn7/6n/xPb/duff/kvv/2eLP+lv/G9/5r/7rz8r/v4/+m//G/+83/fyi1+x/tt+8Hc8/FP+9D/8+Mu/7xeUf8+f/u1nv9d//kf9b//RX/tr//N/6Z/5m/zLf9PsL9n/G/+W/+T3Wv/xZz/2B/2x//7nf+nV3/F7lE//wT/+L/vT/vLzP/rwN9/73+79z//y1e++9fLRbziqfuzBb/3y9/4fj37fP/E/XP37/8v+0x//F1/9xb/+dx78oj/x3/5H/4KTP+b3+pP/rp/6I//o6e/3j/9V/8lv93esv/hT/7P/6Z//h3PyqH+9X/Hqb/mfftv/8b//zz7/K//Uf+GX/3X//T/6Z3/8q/63X/Jb/6d/7e/4/Hf/bf6qR7/Rt559/K/+3/cufunjP/J/fnf12/z317/iH/xd/qI/99VnP/O3/g1/0f/5B/zkf/Xn/u4Hf+fr3yj5l/71f+4vv/s7/m+/w8n//Dd89Zf9zn/rd6rtL+cf/4Lf4W/6Naa/aXH4J/4Z//r1d3+T3/erP+/fXP3h3/vf/rG//OC3/+Ne/k3/9Z3f+8G/9+f/sr/kb/wN/pc/8tWL3+un/q0//c/86B/aTw7/jp/8Jb/bX/oP/m6fbf/G3z39pb9l+fxX/sXZ9/7Nv+W3+LN/j9/kD/jsr3x756+t/ob/4a/5c1/8H79qdO/ev/nn/5u/+0//S5//0v/hbPW//ovjL/69f+E3/XX/9T/yt/7P/5f/6Bfv/cl/zn/y+/4m1fnv9hv+/v/m7/h7/kv/1d/4u/wJv9Gf+uf9Gf/WX384+QXH/9KX/8zf+skf86f+Xf/rn/O7/MX/4z/9vZ/6V/7zP/3N6rf69n928lv+G7/bn/wPPPld/tWn53/B//n2z5m9/bf+ub/0N/rpX3Zn/O//8b/k953/bX9KPv3P/6aXf/4f/s/f/U3/6f/k3zhbfvL8f/4P/9iP/+OXT/6Z3/xX/25Hf+Gvdfo3/np/5MWv95v9ed/O/7M/8V/6N0//7S++3H90+Pz61X//3/87v9+fuvu7/ILmNz+r//7f6md+03/345/4X149ffaP/QnF3/4v/Jt/1D+STf/3v/55fvm7/Np/wj/9R/6Wb//MP+3f+6vLX/pv/ee/5PPf9I/4nf/mv+BfXL/7x37h+Z/ze/6G/93f9u9OFr/i9/2vTr46Ov4/D//F/+Mv+cf/x3/gv/3jf7Bz9/Sf/fLqPyl+/cWX1Y99+ef9M7/7zn/4rd//7Z/zm/xef9vf89O/0Z/9P/+ur59M8r/4e2//yf/s3he/xW/+d/7Kf/Av/LN+/z/6b/zkj3v+b/7bf9Nf82f8gXv/4C/8S/69//T6H/sP7vwu3/0v/52/+0/5zw7/xX/0n/2T//q/9tnf/h//o7/7X/jyj/y7/oVPx7/f//HX/k2//I/9K37vizz5TX7iu9/9T/7G3/o//VW7f+PjP+V3+mf+tD/3L73Y/rM+af/DX+P3/N0X//Bv92f/6l/+h/2Kv/xP+6f+xX/mzh/wl//YP/xT6x//n37sH/8Pdn/6L/4t/730//5Hftlv/Add/6J/97/5Y/+k33bxa/6Zf+/jV7/t9v/12/4Gv1fy770qnv3tf+Sf/o/9z//Fn/4Pv/yX/6Vf/vv/4C/4A37Z7/UX79/Lv/XH/qI/4M5k/7/8C36vy3/y6v/6B/7w7z749X/t/+anXv83f9FvXf/1v82fP/vpP3u++n1/v7/sT/7t/s5//PO/7u/6jf7Hv/oP+O3/lOl/8hf/4Py7v/n/8nv82n/hn/oLfuU/8Pf9bo8eX/0Df8OP/cV/wm/83f/yL/pLf6ff9R/6G/6Gf/gP+Mt/zZ2//2/4j//83/p3+UP/+L/kZ/7Vfzz93f6of+7P+IV3pn/K6d293f/xP/tH/9J/8I/5n37mb/6t/p47/8af92/99+vn/+Of/gf9nv/HH/dHffUX/df/87/7r43+pF/r4u/5q5ffP/pb/9ZfkP41f/XvUv4J//H+r/u7/sp/+zd48zf/VX/y3/TX/11/xdu/+C/9Hb69+wf+Jw9+nT/91//1/sI73/pj/8E/9p++uvc3/jZ/7L/3N/xdv9V/+mb1b2z9ic36f/ov/u4//b/67f6sf/Mf+a23/8/f+s/4ZV/9E3/21T/7Oza/aO/f/eg3/89+9//oz/wj/sYXv+/f9Mv+0F/v9X/+H/6K+r9d3Pstfv9ffXL9m/8653/ub/hv7n/8743r7X//v/jP/pFk+595/Kt+xd/zn/5nn2d/+d/4Z/2TP/W//MN/y1/zR/85f8F49J/+dPPP/Fe/7u/6P+R3f/r7rx79kekf82Orf/vwL/4/fvmf/7v9Hn/Dv/uX/IEf/fTfd/ror936Y/+3z/d+0z/3W3/qX/0b/+D//BP+2d/jf/vXRv9g+z/e/f2rd3/Br3++OPmD/vid+o/5a+vf+B/4W371P/6b/UO0hPm7/19nv/k/8z8c/u3t/Ff/wf/EL/2T/ttf8vHf8lskv/cv/af//b/6Hzj/A37y0W/x2+0eHP8toz/nzp/+zz77Jz79/X7Vn/sL/oS/6e/89Lf7JbPXv81P/C5/+f+afPf//Md+3b/36t7//ivuHmT/3J/z+pf8hv/z3f+9/N3u/v3/1F/0+e/3Z/yiz0//w/KX/C+//fjHdv6D8s/7c//B/+j3/0N/jf/1L3r4+/yP/8If+N/8rv/Sb/Hn/HY/8S/9rmfbv/Q3+L3+1M/+rF/0/LPpf/pnP3j96/y3z/+kH/99Pl/+I8f/4G9+8c//if/NLzr9c3/sr2n/93/8B7/F7M0//Tf97r/X+A/+Lf/0f/Lur/on/83f4l/6X/+UH5z8F7/ev/L7/N1/yBf5H/NHvyv+4L/iy//7D/vWb//n/R5/3uJ3/MP+oV/w5/0u/95f/0v++fnv9Qf+ufd+l5/63X7zP/K7dz/+Z//l/+1f+IV/z3/w3/6Cvd/0F/7g35o//E1/5Xf/3L/5f/3yb/sbLv7Vd//5X/A7/DGn/8Gv/8te/N//+7/8h//Rf/bf+H/9ev/bR3/w3/ob/LJ/8lt/9b/4g3/yt/t1P/4L/uKf/rWm/+OXv8n67/lVT3+s+j9/zfUPfoNfnh38C7/ye2//43/ts1/n9/1d/7Y/85eVH/0jv+V//mf96j917085/jP+m39x+fEv//E/9Z9Nfvy/fHL4D//R//yf9688XPxH/9cnv/nf8S/9C6cP7v5Wv+DO936vP+Vfev43/8aHV//1n/grv/Xr/ptPfpP/7l/8rf/Of+Y3/PF/89f8E//Tv/LT//bFxa/59//hv+X5y3/sn3rz7/7lv+Df+7v+9D/84jf6hf/0//W37Zxe/cGjxa/4j/79b/+iX/8fOPrnXvwhi3/wX/z9f/Xun7H35e/9X/w3v/2//CurP+THkv/qq//p1/wj83d/1A/+wslf9Bv+dad/71/0x/yTf/t/+Kf88b/i4MeOf+b1n/a//dp/y5908U//8b/qL/ljf+v/89c7Xfzt/+6v+b/9Wb/yN/8vf8mv+N9+/y/u/Dmf/7s/ePvX/vV/SJL+m//m33an/mtX//X8L6h/6u/6S3/ft7/0d/in/ra3//2fMXv5veOfXP4Xf+W//Bf+pr/G01/7r//0d/3L/8ff6dlf+bv9bX/qv/H7/fO/zR90nf4rf9zf90/8ev/or/ed//6f/o9/x//o15z97b//n/8L/qq/+C/5j5N/r/0f/qF//E/6iZ/4+/6rnavlX/Cv/6b/xp/96f/xU39e/l/+Tld7/8Vv/8k/+Jv9O7/Tf/oP/of/0z/1O/2O3/vX/rlvv/rbf8Gfkfwmu7/WH5D8+r8qe/7P/cF/0b918vyPf/run/7BOv+t/6iH/86P/7In5a/55/2OZ3/7H/Xf/tm/+T/3+Zv8xw//tb9p/Ev+j8e/46/1H/7pr//Iv/Y//MV/2y/4V1e/1//w6/zX+3/i3/B3/M7/zf/8y//H3+XPuP/3nvzbf8lf8Jv/DX/FH/DRf/fP/O6/YfOH/Zd/wV/wN0/3/7rf4qf/kv/kX/z3f6+jf/OP+01+4v94+Ae++Bf+zj/2P/juf/NXr/7a3+by73k7efXP/et/7R/RvPm9/ub64b/9X350//f9919e/nf/5I/Nln/nu6M/5w/58Y9/jW/9V+O//e/9Uy/+jj/hr9v+0//t3/jf+fzT//HP/sf/tV/zL1/+/b/6yT/2j/zzf/9f/hf+fQd/yic/8ef+Dv/Dw7/5N3nzY3/Yv/a//Lu/fPETf+if89/9Hb/L4W80zn+H/+DXWC3f/N1/3B/471Z/0L/4S36z1b9wlfy+f+V/8WzrP0/+4D/6s/LgL/+b/tf/5ff+/fP/8b/5VXf/uX/mzse/5C/6e5d/+W/04//gr/q7fvE/Uv2N/9ez3/yf+vN/y9mf+sf9Xo/+8Z3f5d/9lb/xv/gnnvwLv8nx//Tb/k9/3r/6e/zPn/6qf2Hv7/wjf9m/91vu/CMv//N/5W/4n+/9xN9//H/8o7/x3/Iv/OTB01/4y/7iX/IfPP5HfsXlP/H3/1v/+L/wi/+c3/4v2v1rP/kX/sW3//Sv/Mv/7N/5J/67dz/4z45/tz/pP//df9kf8+v/8u/9va//oH/nl/4z/9lf+Av/gt/uX/+P/qq//u3f/jenR1c7f/M//wt+xW//9/3fv/af9x/9xB93/vDRf/IXf/oH/Ov/7Z/63776c/+w//M769/rd/wdX/30f/A//Dv/zh/zd/7xf/D3P7r+m3/hf/NXHn3/L/kX/7e//d/5t/+B3+v724d/+S/+pX/3T3zn88//gv/x78r/y8u/+o/4R8cf/cQ//9d+9Y/84//9f/fH/0+/ye/0+y/+uD/yJ/6mu8/+qj83+RP+sD/gN3/7C/7Z7/0x//C3vvNb/Hav/plv/Va/51/2V9z5j/6zf+5N9eon/4vdP+K/Of09/uW//O7f+6f+4O/7T/+Y//nv/pf/nT/7z/gP/8Bf8Vf9t1d/7f+V/juf/+S/87v9jv/bs3/kzv3f/Y95+d/+xn/3X/x6r/3n/7e/4d9o/8/D3/XLPzL7B37x3/qH/wUf/Yq7f/ef8wt/k9Hv8C8Wf9TTP+6nXv8lf81v/Ie++5//jF/+O/5F7R/+5/5P//OT0aODP/bgk1/2p9z9y/++l3/4H/GH/hq/0Z/xK+/8i3/rP/vHfOtf/Md+8v/+wW/43X/o1//P/ty/9T98vp38kf/Qf1D85X/G3f/8N/+JP/xf/OUn/8Gv8R/+7v/+X7DzT/xb/+7vf/D3/au/zZ/yb/56z//H//7u//GHH3z/f7/8K/+x3+WP+h1+h/aP+n3envyR//rf8af+O3/f/7QY//Of/CbNf5/8Xv/MR3/iX/0/PfyFf9jBn/wn//sPf42t7+/8bv/g/v/999z/I//ev+H3OPrr2r/gf/5f/tb6v9k7/Orv/6nFv/gn/k3N3X/gX/z9/t7Zb/3Hvtz+i//n3++/+6mHf83jj/+T3+Wv/wf+zf/9z/ul/8bf8LfWf87ev/xL/qpf72/7v9Kf/LV/2//74Z/wW/w+f+Z3v//n/lm//b/26/y3SbXzr+6n/8k/9hPtP3r3X/xFnxz/H3/hr/Nr/q7/zT/x+/1+/+ruL7r/rbd/4L/+y6/+zf/9i9/uf/yH/4c/8X/8G3/w0eNf8/ebLP65v/E//Bv+7V/r//znf+o7v9W/9d/9g7/jfzH6VT928Ct+2fF3/tn/6e/6bf7Jy1/2S//cr/6e//0nf7fLu7/57/Of/crvbv3P/+nFH/U3jv6Cf/ne7/v35L/n9Ff+T3t/+h/1m/2Gv+Wf/Yt/x9/gX/rNf52Hf8EnP/P697n+Tf74d/928dXLP/OP+0P/iD/jn3r903/IX/6v/kN/91/4Z/2yP+yX/36/+j/4Nf7BR//Br/Hv/d2/9p0/71f/A//1X/Hxr//5X/37/BZ/9sXs91gXv/3f8Cf9cd87+/MO6j/59T/1ePqD5JdXv++Lv/bwbxlRZuqnv7fz7/yS3/NP+KPe/V//27v/5lW99/v+j/f+hn/o9/4/fup3/p//ux/8zn/d3/t7ff7P/P5/0p/+9//+f/SdP+NPn778/f6DX/Mv/L9Hv8lvuv6xX/bnVtkf8M+/vfz3f+zFfzv7Pz79J//K37H+L771V37vj/nss3/+D/9VV3d/+n/46/6gsvj3itNf9Tv+Zb/dH/WP/Jb/7O/yH/yq3+/P/xv/tV/+9p//Xf7io3/xj/nL/sDv/O5/3D/4Z/7Gv8sv2/7z/8Wf+T3/gf/qV/8av/HOb/q/ffZ//Dkv/5jr5H+5/6t+/NGv/PX+pr/89/vNftHf/cde/r4v/rp/+/f59f7dx7/p//1rfVz+Pn/Gj/1+//xvd3X9V/yf/9tv96t++a/6Vf/5X3r1L/79/9w/8N/++n/4vb/yr/tt//Rv/6l/+m93ufgn/4W//i//Lf+2X/m3f/Jv/5rVH/TH/6Z/0P9x/B//h7/W//x2+V9//Pv/Kf/cF89+4jf7O/6yf3n05/3+f9qf+zv8nvf+6XfjX+8P/vP/9T/4D/k3/5p/5LL6g36Pv+Pl/B88/jV+5sl/f93u/r2/xd/8t88f/zUf/cLv/+v/y+U/9/q3+2P+ij/sr/tN/rw/+yc/+23/nf/oP/vpFy/b/+RvOr76zf7kf+hfW767/4Of+gf/u6P/7A969NN/3X/1C3b/rOkv+03+9H/66f999UdWf9DOv/w7f/zv3vuL/+DZ1W/xT37x6vnv+NMHf/7v89/8ur/yj6v/seXf/h/9nX/MX/Hqt/9PFtt/y+Lv/jd+m7/gl/3Wv+Yv/ulf8qf/Vi8//1/+pL/77y//7L/v8//r7//LJ//qb/wvPP9jPs4/Gv+XP/303//+f/G//Il/23/+3/xrf8P/Nf7id/jd/+e/4q/9Rd/7T//A61/3X/9Df72/8j+8+G3+ya8Of+v74+/8/b/k/C/4zX9DynP+23/n45/41578qr/3d/vrf+LveffTv+ef8Y//5//5r/tb7/4Xf/zv8O+9/V9+8N//zO//13wn/ek/6/Rv+bv/tn/lj//9/7Y/58f/gZO/7Nd79lP/97+1+mN/5dFP/bbf/fUP/+Lru9/7NX6Tu3/bq7/z//7B3/aX/7H/4R+UPfnxf/b7//H//D9/+ofc/Wt/xS9t//Z/be/P/vG7zQ/+gL/kf/qtf9v7r/6ev/Q/enb+K/6wP/qP+mf+kO/cvf5r/ojx3/C7X4/+tf/19/q9P/3X/uXrf/rer57+7X/qm9/03/3pv+fRn/7XP/x1/6zf4jd9+vYnX/ymX/4tD376d/ntr+vJ3v7v9MnlH/JX/L3/ZvEv/Ua/cP9P+bd/ozf/1m/3u33rv/jr/9Yf+yV/0H+a//r/xv+89Xv/b9kf8rd99dv8ur/Vwd/zv/2df//v+fv8V9f/yr/96/yH/+B/+/x//L3/5zt/yG/wr/4t/9tfW//O3/29/thP/qEvz1797b/7r/vtH2s+/q9/rX/l3/3HX/z1/87v9ftkP/NnnP/vf+4/9eUv+1/+nZ/+0/6OP/PX/Zlf/4/48d/5d/+1it/ru8/+1f9w+gt//Vdv/vvyz/nL/utf//7/9dnf9ed+9Ou++t9++s/8u37sq7vbf8rvd/FX/rt/8H/1k9/7jf/Z76X/3B//vxfbv96f8tuV/8Cf/mf9yf/n6G/d+S1+t8v//W//fX7j8dXf98dmv/yTf+a/+L3+m7/1+3/IV8+P/uwXJ3/OL/sbf+Iv+a3/8L/l3/ub/+p//o86+40uv3jxZ/+TT3/N7/7bf+M/+Qf/+C8vft3f5/f6tR7/B3/s73X//m/0+Y//J3/Yn/S/XP3zz/63P+A3/hv/yz/+7/kb/qdf78/97q/58f/9F/xFv8dv8vf9fv/Ig7/yr/pf/pj/8c/+wbfrf/PwZ3Z/v3/p//wTHk6+/Xf8T//sr/d3HPySvT/2d/1t/9Xz7939i//8f+IP/m/OfsP6b2w++cGf8PCvvfht/p0f/53+++rX+LXe/kY/tv+v/xu/crdOl3/fv/0fzH7rv+Mv+tN/8z/ut/wtfuv/6vPvHe//kfXF3/fk9b/wJ33x97769f6+36b6U/+qX/VHJ39r/vv9Ef/nvd/mT/q7/ow/78/5Q5788o9+89/rX/sXjn9i9bv++G/55qd+audf+Yf/4ON/47s/fv/eb/4TO7+0/Kf+rzv//B/7i/77P/XFH/sL9n7JH5g9/tZJ+lv+F3/93/h3//MfffL8Pxr9B7/R7/VHfDT7j3+Hf/8PLf6B3+e//Tcf/5//9R//J/2a/+6v+Jf/mD/132j+6//l75/9hf/07/yX/NU7f8Y/OfqzTy9/g//148Vf8if8yn/nn3/5ye/7B/9t/8wv/WL91V/7Z/zWf+L9P/fhk3vf/n3+9d/jn3rwO/4L41/6y/7VX/Av/NHj3+Pt69/2b/mX/7Gj3/bud/+Rf+bRP/ub/hf/6rt/8k/7Hf+xVfJLf8Vv8Zs++7v/5L3//A/6rf/j/+Gr/+wn9v+0nZ/5Hf+RX+/t7/zP1j/9r//Zf8ufV/3gL/xP/uE/cOeP+fE/8xf/E6vv/S1//oN/dvHH/hF/w1/86lf/+r/Tu9/3t/0tsj/5L/8tX/wRv/Pf8r2fuPyJX/Xf/+Dvuf6Z37/8M8u/+vVv92N/1pN//s3v+w/c++7f8Of+/e2v/s1/80//ur/+H/xvv/h7fukf93f9k3/lX/gb/of/8YPlZ3/zH/n7fdFu/Wb/8t/9J98t/onvjv7Tv+tP/5N+y3/kt/kr/9ff77//Kz5d/uH/4GfvfvqvKZI/+3f4H3f/xf/oD/zz/7t//6/d+eN/x8f/9V8w/uv+kP/tj/gt/8RPf6Mvv3PyO/1Lf+hv85s9//J3+x/+vn/1T/jz/9Jf9if9Fv9DfvxX/s6//f/2gz+5/nX/vX/kz9n56vlf/Jv/EV8dffm7/Kv/2J/yF/69/+fv8vv8rn/au62/+Xf6xX/fL/qXf7/pn/zd3/9v/P3/zT/1+9vjv/t//lUf/cNfnWX3f6ffe+dv//f/ib+4/OcPfofv1X/hv/KH/TE/+X/9Vf/Hr/0ffO+X/cfTX/y/f/rfv3vd/r3/2D/8W/2Gf9A/8bs++cP/17/0v/pP/8RP3i2+9+f+zT/+b/8+7X/x4tv/7dW/9yt+u3/l7/7TFn/pf/Hv/eMfn/8lP/kv/o//w7f+6F/0r/9rv9dn/9qX/9xf9l+++s4/9Iclhw+mP/NHPv0Vi+/9ZbM//o/++B//6D/4p/+23+tvu/qLmvO/8c/8S3/Jv/TX/JX/wqe/4m/9rf/vP/+P+MHTb3/+yc5f0P6N/+zjv/CfX9//7/+2/+Cf/g3/zv/p//zOX/1u/vDR6I+6s/Pn/Yn/U/pf/Cb/2Bf/wv/wN/x6f9vf9L/9rn/cXznb+gP/z7/x9A/7m5vf67/8Df+vv3fy75z/U3/5X/v77vwDf/Z/d/7H/Rm/1u93/D/9gt/xp3+37zxafO9f+bt+13/yJ97+w3/mP/HFf/I7/e0Hv/uzv+if+V9+17/jz/1D/4G/dvrvVP/T7/hr/Ia/6+j4F/+e/+e///f97/e++hX/4Od/1N/0e/wvv+Tf+wv/lt/jez/1P9/fvlv+hvu/8vOXv/uv/K/+ub/9n/jN/5U/9bPf/1/5s/7And/+r/onfvy/+smv/og/86d/zz9/5z/4b5L/7NN/uPqv/rfvX9+995Mf/yf/4K/1yf9yffdP+uN/o8//mrdF8Wf/Y3/T5A/6LX7Zn/x3/0e/1v/16/1Jf85v/M9+9xf+59/9E/7Lf+NP+/vOfsU/9Of/6//Kn/bn/xFvizt/808/+vP+/N/+N/qxO3/Bv7L/G/16/8rv9lfv/y+vTv/j4o/4B6bpP37y8rf/jX6rP+GvWv912d/6ayR/fPv48jf7DX7H3+c/+9er3/M3+ou/WH37P36xyP7sP/K3+tv/nj/gr9v76b/3+B//A774t//8f+rTv+5Pfvqn/2b/9tM/5lf9rz/1f39y+df9H6/+mL/xH/+l//nf+5f+e3X6p/0Ov836T/ilzZ2/cvsvevo7/E9/+k/U/+anyd/0n/3H/+Hf9dv9oPodfu9/9086/CV/Ufkr/tV/6NnZb9b8w//hb/sb/mt/yX/yT/0nf9f//rv+Xr/81zv77C//O/+iP+ivefcv/srD3/XP/i3/zP/6p//4d9//1T/+G/xlf+VH84//q8tvffbdv+2P+KN/8R9c/Hl3f/eXZ3/Kb/ynX/5u/96fcPL4s/n//if/n5/8TX/yr/5H/uZnv8k/nW/9e7/mH/+P/3P/yl/3P/xz2Rd/3db9f/J7v/TTf+m//J3/gb/nr/vH/qOL6T/5+sUf8dVf+ec/+XN+/7/9y9/yN/0/XvwP//Pdf/Xv+QN/7d+r+gt/4z/6r/3Vv/yP/7Hf+1/75//2v+6n/9rV//Cv/gZ/xZ/4W/z2za+3/rMWf/u/8+v/8j/hd/oL/ubZnerv/N3/wJ/+L/6+X/Z//2e/Ovuj/6o/6D9NP/rX/4ffp/1X/vzf7l/+zf6Zf+l/Svd/zaf/9y/8I0/+wo8vnv2Tf+z/lf+L9/7L3/hP+p1/h9Ef9OW/+599+os++R1Wf/Of/bv9tf/Cv/bP/XXL33LnxZ989/jfOP0t/8k/9T/74/7Mv/w7v9Pv9p/9d7/6H/5j/73f+Pf41q/81i/7/I959t/+MX/vH/FH/Dt/2Lf+6Nlf8Z/8sX9B+4/9B7/9+nf7E/67X//vuf8f/MnPLv60P+J7/+afsvOLfuz3/+X//X/ya337afZP/6mv/qN/6vkf9Pv9xn/1b/0H/u73fv8/51/4Xf/Rn/qb/7LRv/ziz/jv/rs/8w/4837Lx3/D7/8X//Tf/zsvX/ztXywP/tM/+m/6y37P//afPflnP/r7/qgf+6k/93/4nf7Od7/5/Df/1f9H/Ruc/Ut/zz/0O/5B9+/8TX/xzsH//uf+EQ//sVfLfyr717568pOvv/zv/oVf9H/8rY+P/8h/8OVX3/vzfqe393/NP/LTv/Gf+ot+8b/zt/3zRfHnfvk3vPvT/sXTv/0f/Ot/4s/9o7/7L/7hf9///Xt/8l/+fn/y8X/wX/xJf9wf9oclf/Gb4h/+C3/7+SR7+jv95N/wn/+Txa/7M3/Z3/5vNr/tb/kb/8s/+DX+9v/j8e/0f+381f/7vzc+/Qf+9f/hz/rd/5rf7vf/M/6Wf/jdb/Dm7330m/1O//JP/9s/9ef/Dv/of/37/Hu/xd/2u9z9PX+P32769J/78V/rX/0D/oS/8peXd7d/q2z7363/4V/yb/8rn17t/Wf/2S979dn/dP9v3Dn7s//OP+70v/yLfsX3PvnPHn1/50/+Lf/iR3/7v/i33N/71q/93b/r9/k9fpflH/Vb/87P/tA3v86f9Hv8rT/473+rv+3yt/vd/py/51f953/ov/t3/9Lfdfnr/dP/17/4G/1R9Y99O/lP/5H/897Lh1/9R3/mr/V//VV/8s/8V3/j//G/vPwnPvvz//D/7T/8M/6gj1/8wl/2F/7Rx3/rr/5y72/5HbJf9df8yj/4N/wj/4y/8r/7X/7vf/DLX/YbfPnrnf8Tf9+v+eQ/+DWaX/vqH/q3f9Vv/j/9Ab/Zv/pH/pf/9+w//Zv/wn/0V/ya/9cf9p1f+9d++vlvO/5jl//Kqz/6v/+Xv/Vf/a8/9ff9H+s/5s/9/n/w03/Gt36709/5b8me/+k/8d/8/d/+r/7bP/Uf+4//i3/yP//p9v/4Y/6av//v+fVH/90/8q/9QX/G/d/w1//f/tY/65/5rf+0L3/sF/4dX/0f/81v9rf99h9Nfvvf+E/73/6M//1/+/V+jd/vP/zWd//lf+wv+x3+sb/1H//83/rTvvgTf/s/5y8s/6e/99f9Tf+nn7j3u/wnv/z193+93/PX/FV/5D/4r/8L/8l/8Gf+B6vf5Td5cfDr/ON/1p/5v/ylf9X//Rv8Vb/1mz/ut1z+149+SfmHvv07/oE/5Lf903+z//7ol/znf/nf9Tf+0X/iT/9Rf+7ZH/Gnv/jtfuVP/GX/9eif+d3Gf/u/9Jf8Mf/BP/RV/neVv9lf9J//Ab/9f/Uf/K9/68u/5k/95Mu/7s//G/+j8e/2t/9pv/b3/s9/9z8rfr/r/L/+W/6gr37z/+HTP+Zv/bf/zP/lt/pNfoe/+Xf79k/+3r9s/K9893f/7/6Tq6M/8X/+hT/+7X/lk/uvf+Xv/dE/ePc3/T8O/4i/6vd8/Df82r/W7/E7/x3/4x/6m/wHv8a/+OYn/uE/4Q/8Z36vf+Jf/8H3f9tH//bBb/x7/q+/0w9+r0fP//Pf5/f55//zv/xP/c9+5nf/Rb/i3/0TL/+q3+Uv+Et/91/7Tzj4P77323z5y36LR//UP9b8ex//p//b8tPf5b/4Da//o3+6/GcXf+Dnv+A3/Zue/Ce/6nf58+7+/v/n2T/5f/9b/8EfsvgX/qff6/Xdf/13Ovuxy1/28vvfPij+nX/m//rpv/o3Pfov/rHf8l/8tf7BP+fHPn/0f/69/2jzd/1zR1+k//Tf9eJv/uhv/xP/9D/7X/g//7F/8uFf9Le/e/V6q/qrfvJv/Dvu/TN/7l/3xx283v9F//I/tf3j/8mv/4Nfnv0TD/7G3/df/k23f49/av6f/D3/yq/159z/xz76x7/6pb/65O3izp0/6w/4m3/J+hf+vXf/oT/zL/j7/sz0l/2Gh7/h/3Dvt9v7B3+Pk1/r3/nNfrvf8R/4F//IX/7r7f4jf9HP/OW//0/8gn/n9O/7M8t/4Cd2/vL/+tOz3+03+rP+rT/jyej1rzP/N7779hf9MX/Pv7He/RWf/i2/7W/yE3/B//mr/6I/a/Tr/db/8t9+8J/9YX/mf333f/6v/5v/7df9zdN/883ff5n+y3/6f/o3/tZ/4H/zO/zY3/kPPvjz/pz/4lf/p/dW6cvfb3znr/2rfoO7f+2f/2/+N//7v/uv/WH/8euP/pLmN/pv3v5av8Yv+uN/5e9///f8Mv+t65/4T//Lf+Wv/W9+x//o7l/4z//Vd/7kf/qX/6tf/jH/5p9HKYv/+d/9U//U3/L57/27/Lrf/p3+kF/zP/pj/vE/+s/8Y//Uv/wv2P53f3Xzj775X3+X3/3X/2t+7z/t6R/+2b/6e/yXf+Hv+5/+jf/ev/zr/t9/9+4f9yf+5U//kpc/80//hv/2V3/Dn/buD3pc/RH/5r/zD/0B9//9f/Q/eFn8vX/h7/YP/NTr/+UP/KX/02/2r/3M7/3kwf/8H/zpP/b2P/s9/5k/dfq7jKa/xe/zz//Ef/0LfmXz+y9/t7/z9/5V/8df9y+8/tv+wX/+89/8r/hr/vo/7A/5F7//1/49v3L/r/kv/p0//Xf933+9g+/9u//Bf/ZbJP/Ir/etv/kf+2v+nW/9NVdXxeH3/4Pf+U+4+gvW/+OvXBz/vVc//X//WX/yL/sT/4iHf8dv9Yf/5L/zG9z9Jf/Vn7r4K45/0T/46j+Z/WZnf+lvtHr0r/6Df+r//F//fn/f9re3fq+/+E//G/6qX/ef/lP+kk//3V/53/8j33n0+vl/+k/8h7/Gr/kb//P/4d/6f+/99B/2V/3j//df/pv+Hv/I9vof3Pqt57/ir/pbf8Ev+ne++Av/k//l43+1+sV/W/vP/ne/w+s/+U9d/OX/46+/vf5f/9Wf+lPm/8p/9Gv/s7/hHzj+mW//qX/H3b9z8ms//h3u/tf/wb/zt/4Tf+g/8n/+Nj/z7/xFf8SfcvCr/pe/6D/8a/6OP+Kf+c4f90//kt/3N/03/8Kr08d/8Z/wd/zin/x7//2/4IvsX/1L//Tf9ff/837Fu5frv/0f/7P/lf/y9Ht/9avdH/zNj3/qxb/143/rP3z5b/w2/+ff+8v/vk/O/pCD3+aP+zP/k4d/639x9lv/Rpd3mr/mH/qXT988nP3UL/oH/qnt3+mf+6//wx/8u7/hP/2/Xv1Vv8HTv+cv+ivPfsvDf+DP/aP/p+/+L3/X4X/6f/99f9PVn/yX/kH/8vKf/9v+t9//T179qsM/4I/66Pw/+c//4b/yX/2D/py/+PUf98/8G3/pP/qn/DN/8W+c/wO//y/4G84vf91/7t0/vT/+r//s//zv/Y/+rXt/2+ef/IJ//rN/69ca/el3/+jy3/7Lf9f6P/0Pf/sHf/Xv/N/+jr/n/3bxu/xnd/7Ov/Yf/z3+7V/0n/95f8+v+Eee/hZ581/8nqt/83f6Ow7/8tnv+Tdczu/9tj/28L/7/f7Z7clff+c//av/p//4b/jOf/4b/eo/+1/+fR68+s1++jt/2L/xe/05/+PJb/TbH//j/+q93+Ozf+Jv/bP+7T+l+h9+5e9+/Vv/zKeP7r/43f7u/+h499/7G/7CP/lP/eLP/jv+j//1H/oPL3/vP/N3/fK3+sf/geVP/M9/+a/za/3Lf/a/+ff9Gf/w7/Xf/DF/0t/yb/7+f8C/8Hcd/vff/ie/+x/8Z//0/rf+9T/mf/41/oniZ/7xv/af/23/xv/h93v81/7C//DP/Bf+jj/4N/vqvyme/zm/9ew//2P/908P/qbf/9/58//A3/3t/h/35//rf9RP/0nj/+zv+l3v/Le/zZe//sNvj3/xn/zb/BX/zN/37/7iX/sf+j/nv+2/ky5H/+EvOv6pX/s3/x1+v9//T/5T/vi/+tGffP27/A1/419c/AV/6X/+r/06X/4G1a/xy/6VP+HBr/GHHv+2d37y3/i3/53f/8f+jf/t9/3ev7j7e53+q//Db/Fjf87p9ScXf9+v8Rv/Hv9d9l/9vqd//d+69U+8/d//qX86+3f+nJM/4u/5g9rFF//zb7TzJ/3Zf9Yffe8/Sn764n/+i3/vv7L9q3+T3/dv/uu/8z/8S78o+/X+kMXdP+a/3/1H/uatP/lf/U//vl/71/+Z7bd/7H/3N/3E3/B/Hf5mf8n/8u9d/rM//vf9m7/3H/jxX/an/0ff/rf/wbz5pb92/rf++i9/39/gyz/lF3/vX/nXj/+hv+yf/tav/C2/88U/+gf+zf/hX/v7/srR7/TR5dUf+L/+W9/7/v/6u/7zv+X/9Pjv/Vf+hH/z2//8X/sTf1r55/xF/9Tv9if9Lb9q79f40/7GV3/vb/tv/JO/0y/+s//cf/H3+Fv/qT/5/Ow3+o3/uD/qD/y7PvnX/5VX3/vef/+3/r2/+Z//56c/+Y//9z/+L/63/8hHh3/kq/H2P/IH/DW/7Kf+nN/zd/uzD/7+J5O//Hf9Df/Ukz/mP9n5sV9c/9V/w1/8m/zFf+Rv/Zv9C//Fv/Gf/dKn6z9g/Mf8d7/yO3/Yn3H/L778u+t/+Vd+8QeM/rn/5R/9W/61+W/w3/5Tv/j3+pP/6Te/w+/0F/9z/9i/8kf9s7/2b/DrN/l//Kf+qX/E7zBaXv+Nv/CP+f3+x//s89f/5/90+g//4sO/99M/pPi1frd/5Kt/42/+qX/qt/x3focvRr/yT3v++/wp3/4Hfp1/52L3Tzr5o//zf/G7//w/+rc++kd+/L/9A37TP+8f/DdfN/f+x3/rN/zOb/i/PF3+hj/9m/1mv8v/+df8B//669/2xX/2O/7u/8Tnv/E/+k/9Wv/hX3Hx7//XP/XP/ylf/fS6+u1+1X8++Wv+4z/qX3j5l/1vf+7/9uuN/6//4+BP+1d/7fxXP/kN/6H/42/9m37Xf/Sv+HN+sz/2P3/30fLP+n1/nX/ml/++5X/26/1tv/ff/vlf9p/9xv/SR//x//E3/Oa/+P/+7T599fv+1X/4H/03/Ebnf8H1//l3/jn/SvsH/tRf/cnzZ//rn/97/nr/93f/8/Tlv/2v/UPf+Xue/A+/4dHV93/L3+Snf73v/wM/+Eu///wv/md/g7/kz17+p3/K7/SvvPsTf/oP/EXZ7ufXf/xf+Kf9T//K7/WLdv/bf+M3P/s7vvgz/rvf9cf+j9/5D/hzjv+Lv/F3Wv8ff+XfVt75L8vT/+hf+J3/iH/wX/rFf8g/9sf8Y7/Xv/enfGfvD374l/8xW8/a8u9a/RN/zl/2X/3+/+6/+GD8V/6HD//lyT959tFf86/Ofos/svpL/5c/8E//lf/Jb/jRr//v/IJf71+5+tuf/93/1t/7q/7nb737A/6Gf+rVH/ATP/iff7f/65f8fX/xb/Mn/xPr/+D6T/i9/qNf76vf6vda/CmLf+sf/bUvp9+9t/5P/rf/oLr76/wff/JP/gFb/8Zfdv///uLuX/W7/eE/9uJv/fPL32O69V8XX/wbv+b/8pv/u3/Uv/LP/ie/xz/4b/0OP/aLftM/+a9Y/XP/0MM/9dUvmG9v/97t0//7N/2k+lX/2h/xb67/wD9y8uv+O6/+tr/r7d/0n/zjf/3f9b3Vv/kf/Q//ypM/+D/5Bcmf9h/9D7/Dn/fq37v/d52s7vwP/9Ov/g/+xX/ul/0uv2/1b/659y7+xb/gbz16+7/+eb/xb5G++p++nb/5q/7gn/jL/43Lx3/hT/2T//3f9s/+mgf/++9Y/4Z/9p/4yz9b/46/7S/Z/+k/Yfov/NP/3r/3B/7qf/6P+63+kV/1d337p/6Y5g/8vf6Mn/5Tf8Vv+TsWf/LrX5V87/7f96v+5wd/zi88/Dvf/uI/+B/7B/613+oP/eLB8z/of/sdHo7+rotPf/v7f/jv/9ccfv9Xv53/o7/eb3/+7F/59X+XP3701/0mv+o3+PbRT/8r/0v53/w+/8cf8z/s/KrVyZ/y9z/+t774Z//K+//o3/y9Jz/xt/3Pu//A7/Ob/FP/25/6e/6zf8pv+r/+1//Fv/o3/Esv/rU/9U99dvV3/6m/81/x7A//k979hd/5tX7yH/rP//nf+rf9T37JP/vJP/S3zn+N9T/8G/wPZ/Wf9W/+xX/mv/9//P3/y1+5e/3Lfo1/7H/8T7d/avXF6//t3/6X/9l/47/6n/+qv/3J1qO/5i/8K36d9S9c/2//07/24q/+43//3+r3+VX/00++OPmv/8z2f/7H/s6zv2/8W6R/zO/6N/7rf8f+/zX6sz5+8u3Zv/NP/tP/zX/45NPf9ft/zedf1H//n/fwj/1nij/x7/iz/qM/ffpf/tX/8Zv/86/+Nf/yf+iv/pe+++/l//Vf/6f8Wl/8gv/8Vfa/XhR/9O/7J/8Jf/1v9xN//T/6y/6Gv+x7b3/Fvd/9t3z7T/5V//Hf8mv8Bb/P//3v/Lu/56c/8YO/9uCv+AP/2d/8lz+786t+3Z/4Q/7rX/xP/9p/2JPZ/b/pX/mrfoc/8PGf+Q/99f/N/T/1X/vzf93qf/lbfsPfb/n7/JnJX7y8+vf/yn/xf/39v/jt/vevfu8f/C9/69/yB/7Nv+Ef9gv/+yd/2H+29xv98v/gX/sDfvCP/Zazf/a3/a1/6//xzv958s9O3v2q/+a3+nf/ldXv+Pjdv/N3/DW/+i/6df7iOx//Vf/lX/D9afIL7vytP/W7f/HP/B+/xn/5B/+n//tf/eee/uWT/Z9M/re/8S/8a/+quw8P/+X/bvYr/u8//R/+Lf/YV//y6be+/Uv+ku/8H7/w9/vW33H9X/02s+Tt9/+Xf+Oz19P/8+D3/M/+4Xt/b3vxZ/zmn/zR+7/wPzn643/md1n9LX/bf7X4T//3f+DxXz6q/rG/4v7f+Mf8Rn/8b/qt3/Qf+V3+9Te//j++9b1/KR89+U++9c//8f/Wd/6PP+Ef3P8jft3v/w27f8Sf8Kf96sn/9e8c/aZ3/9biv/0P/pU/f/zP/Au/xR/3dveP/Ft/8n+6+BXTb//Vv+If+KtPf+O/5Prun/D4y7/v7i+5+Fd+6l/8r9p/dOfhX/G//8F/7k/8xK/4J/+Y/7H87f+aN3/lb/v2d/8HfnLxS89/l89OX/4Zp3/Rg3/vP/kH/ubf8Y/Z+b3/it//N/57X/wtf+yr7/0v/9tv88t3//Sf+Bv+qT/h99n7j+af/qLf7Z/+l/6kB39t/ZO/72/9R/6Zv8nnv+qT9t/5419nv83hFz/51yV/3L/0B+79Fr/qv/mn/q6/7C/+7E//bb79u/6G//l/8eS33P7pn/5L/pAv/sc/79f/e/+Uu//sP/dP/fd/0u/99/3T53/lL/noz3z7h/65d3+f/7h9+Et+gz9n76+Y/ab//H/wW/89O3/A0Z/57/97p3/dn/Lv/Nevfue/8R/4tf6q3/Zv+T/+g3/9/8r+nn+p+XP/jf/gD/9vfp9nf87pYfWf/Z5/zK//1W/xr/8Wf/aDwz/izv/1e/1p/8Ov/Yf8PX/sJ3/3k1+wdfJrVY/qP7r+zn/6l3351/8H/9ivOa+//TdMnz749/74v+fgL/tz/vydv/evne8U+7/7r/ilf/o//Of9Dv/1zp/6eO8f+JvTv+W/e/of/v2/1p/18W/x9/5df/b2n3D46o//6eXpj/3T/8R/8Lf/4b/nH/t//mV/2hd/1j/761391X/rH/RP/D3f+q/zX/hf/Q5f/F3/69/+6Nf7i3/3n/xvt4//zuWnX/yd//KP/4W/5875f/hF+d/9gl/7y1/0z/1mf8E/+l/8hT/xU+Nf+Nv+Bf9z+mv/5//lP/Ev/AX/81/5m/8Nf91f8jv+zn/rf/P7/U1/8u9Tf/kHpX/wyR/3v/8hP/WvPf/D/uF/45M/6E//LXZ/i1/64F/7r/6Ef/nyL/1L7/61P/0n/b5v/u23f8df/x/8J3/HX/QX/q5b3/sDvvuDv/jX/+W/+nf/wX/6x/6lv/jin/77/vp//avf4bf7X/68P+rgN/jv/sP//tE/83/9d7N07x8eT/+pv/QP/cW//vRv+E/+7wf/zN/2l/+5v8Wv+i9eX/9Wf+6v9fe1P/j7P/u7/tC/7u87+Uv+58nf/y//t7/53/Mf/Fvf2/lLfuu/c/7ZX9j8Af/6n/Zbfff3+43+1T/qH/nz//1P/4Tf8O/4s//tP+hf/mf/nXe/3y/+VX/wf/u7/Lf/4f/y549/84u/7e0nv+yLP/NP/HP/9d/8d/71/+0/9V/5Y/+T870/8vf8jV//xqf/8B/2v//Xf9C3//A/8T/ZevLf/w//58mf8Jd+Mv1H/8ef+FOe/b5/z7/9b7wYlX/nX/Gf/mf/4Xf/o3/xr/nd/qp/9m/9T371D36L3+9PO7z4qX/8b/17/tb7f8Uffn/8x5d3qr/pz/jnp//Gn75379c7/Xf+jO3iL/9r3v4Ov+wX3Ln83X/Hf/1fePmn/H5/yz939z/8qfL3/uv/0//2t/8j/rs/66r6v378T/ozf8lf8pf/1n/5+F/4W/7Kf/qf/2fu3P1j/9Q/+o/7v37P/J+vT//nz/+uX/ryt/uX7//H/+R/8bf9jp//Vn/4H/T3/FZvf/3/+N/4N/6n3+rX/bX+wX/uu1/9Xa//jl/36b959/C32//X/qn/5Wf+lN9x+3f/Vff+gj/0yb/7G37nV/5Z/+Z///r0j3j96zWTjy//t7u/+m/6O3+Th39e++nvcvLb/OTf/ev9A4//m2nyv//t/8xf+Kt/8K/+xt/+m//X5Pf82/f/tD/3q1/y7/+Jd/7sf/9f/u3//D/j9d4n/+Lv+hdOPnsy/t9+t3f/41/x8vTP+ovv/+MXr37LL//03/LL3/k3/r1+k9/sJ/60X3v5j/ynO//C6Vn2az76/R79Kb/Pl9//M37dL6/+/L/+/9z7K/6+3+w/3vnFf/bbv+CLX+c/++9/08//+F/x5/+ZX/5Hv+uf9+v8qp/6037FL/tFJ3/05X/wZ2/92f/iR7/vP/zv7v3Of0X5f/6lX/zYb/2fj5e/5j+bffTkb/nFv+z1v3X33a94+zv/er/sv/3xi7/jt/jv/4O/6L/+y+9e/prNgx+Mfq+vXv5On375R/yp/03143/SX/gP/jN/yL/we/31f8z3f6+/63fc/6v+3B/7k//A3/73/7s/+0d/5aPf4/7f/o//D7/83/o7/tzlH3Y4+c+2/5n/+k/7j3/H4m/6j//aP/N3fP1P/rd/8x/1N/+Fv94f9xsn3/17/sS/7ff5N/7GP+qf/Jf//u2tP/v7v+mf/p/+2//ct/+n3/WP/dX/2J//v/1a/8L/9ea//Q//85/Zvvf3/ief/DvN//IP3P2HvzzLZ7/mP/nLP/r77yd/1Mff+mf/rPk/+5/8B3/Rf/Bb/rn/5r2/9Ft/3j/2z/9zf8gv+yv+wMXd/+CP+Qf/1T/w3/9r/7HvfuuvP/3P/7y/9Lf4BX/Lk5/+k36D8X/UHv3TF3/43/p//J9/9H/2C3+nv/Fv+PH/6hf+nff+kF/ze3/r9//e67/tu3f/mt/66K/7J//7/MlH3733x/6pO3/sn/M/pA9/n3/gP3rwD/6Cl08e/+S/uTr6M6b/+v/88H85+/d+8Nv/T5/8I3/Hr//P/88v/9W9P/83z0e//l/+K/70v+xv+Vf+6d/13/ltvv1HP/up3/iX3vldP/0X7/2vn/x1H7/5n8e/wf/9r//Pv/4v+PXW/8sPTk5/8Gc/+Z32/7L/8Pk/8vR87/d/fOd3/ru//D+++6t/6s/5N/7vw3//6j/+h/7NZ1e/1+/0Gzz+J56c/tF/5S/6Ded/efG3/l3/Y5L+fn/h8b/1F/ypf+brX+Nf/fZv+Tv9Q//6X/qv/DP/2X/2z/wX//3f/g/+Vde/w9/47/+mp7/Hb/rJvzT7t//cf/b1n13vf/n7/wO/y/rqZ97kl7/wzzv8yV/1L/zkT/wt//Mf8dv+zif//R/61/5jf/Iv+p9/5W/5v/5ev/i3+qV/5t/66X+++L+++L1/8g/+fX7T3/Tjf/LP/wv/lN/yf13+X//g9//hv5zWdP++P/uPfvfffW+99+Tv/+sPjn78981/sL39dx79pl/8i//7v/RJ9qfe/4//5uO/5b/8h/7Ee3/8H/HRF3/Hdx61d//hX/dv+a2yn/mXTv/Uv/wf/vvu/Z3/+V//y/+Gf/6P+U0/mvw1v/m//iv/+j/84hf/8j/zz/7PF7/e94o/4l94Ubz9W3+df/An/6W/fvT93+LLP/C3+S/y3/O/+T/+ln/mt/xjf72/869o/rZ/5/qv+cP+8z/lj/rHP/uvfoM/6Lf4jf/qf/I/+OJP/KPGv+Zf+qf+k/d+k+mf82e++auX35r973t/2tPnv+x3+Xd/8d/6F//tv9f/sXP3X/m7mu/8gn/yN/x9ftMnWz/94F/8B//bf/5v+MHkJ3/7P+74p/6XP+hv/fyLo7/z7/ixB7/O2f9V/Mt/0n/+l3/6H4z+nN/ou3/pn/ynX/+Oo1/4Y//5r/59/s4/66de/mN/z9Ff+DvN/+2/+9N/bvLn/Bov/6n/45+c/BV/yPTP3P83/85//R/7kz7+a/7eP2j8D/9+v8ef+1v/OX/Pb/TX/dn/9n/+9m/7j/7AJ7/Lv/O3/bL/7NGf8m+Ntr/zz32n/F//uuYf/Qv+8eTTv/ln/rm/6Q+9/38//TNG/9P/VP5jX/yyf+W3+vHf9g988Vf+dX/j//HLPir+m9/53/sD/9e/95//S/71H6wu/5f//Z/71/7nv2znl3yx9Zf+Nn/Or/r9/pt/9Cf/xH/n0//0H/rj/pVf9eWjv/vH/6bT3/NPSv/yP+o/+U2/3/zOf+2Xf++Dk9kf8W9+/If/vf/+L/+3/+T//tf7u/6Lb/9Tv9tvfJr8h7/Lf/KL/4Pin139fr/gt/6DfqMXj37xs3t//+/x2/4Pv+Nv/Tv/Sf/rf/N3/Umf/s27f/K/XfyKn/nT7vwW/0Q6/jO+f/Vv/wP/+f+5/+6v+0f+k7/uxS/4HX9w93/+P/7Hv+vf/r9+8s/5E//cv/TP/1evRn/J3/BP/+Bnnvw3/+7eL/37jr/9d/4Xv/2f/Yv+o3/3f/mPf9df+4v/45f9F/t/zB/3j/0JR3/3n/On/7H/yJ//7/7vh7/3L/yVf9D/9ptmf8M/8x/82xf/9K/5xeo//vwf+jsfLP+Asz/wv/w7nv+hf+3v/nv9uau/+A/7y//yn6x/0/O/9g88eVO9+Xb9P/zJf8Jfsf3PffLu7/mTnn72d0x/j//qZ/6ZF9O/+6/6A//vt//SH/Gw+uXP/7K/8l/4a3+Xf/GP/XXW//iDX/if/4W/+3//v/wh9X/4N/4l/8mT7/+Vf9hv/qf/O7/g3/u/Xv++v/LP/00O/sI/5u4/9x/+Ub/GP/JH/mf/23/54//o3avij//JX/yX/4e/2d/7n/1nv89/9kc/Pbn4v//Gf/mv+09f//7/90/+vb/8N/lHvv/H/rm/6X/8nf/xrzj5k3/Zv/T7/5p/1u/yZ/zr//pfOPpN/7R/8qM/9o/4O/66P/Lv/9X/92/zm3/y+Omv+n3/4b/9b/j9fsE/+Ff/X//c9h/zz/6y1//S3/p/PvjFP/1j//Rf/l8mv2R2+ea3+Jly/Wf8iv/wD/3fH/8fv9Xf+Nf9tad/88/cOf438j/8t/0r//d3f9lf/+988uz1f/XRL3/x5/3H/9Af/Yf8X7/z+F76W/wav9E/+Julf9W/Uf2iX+c3/CUf/d7/0V/91775XnH8P/7kL/4Ff9Sv9St/v7/mn//ov0r+km//9H/4d69/72//rX/wH/O7T9tf8zj/t/77//yTR//GP//H/ro/+Lv/wl88a/6q/3l3+kv/xY9+xT/wv/2CZPxb/Y9/wj+8l/4Nv9+Lf6P8rf708vHub/i/P3rzt8/+sP/+f/yz/8tnX8z/7h/7H/6813/L//Gf/6n/yD/61/7Xd/7ew8M/48f+k69+n6ezv++3P/ly97f+5f/q5NkXv9dv8Qfnf+bf9T9+9Rv+33/Lf/m7/rf/+9Vf+K3/+n/5ax/9Nr/Hr/P3/K+/+egv/UtO//Tl3/8P/1d/6p/3z2//H3/Kz1z/Y//8f/jv/j3/0S/+w//1b/2P/8JX3/rr/t0/7S/5g68P/vo/7p/5V/7CX/pX/Tv/99/37//g7736p3+fv+bTf/mX/y6f/M7/9i//k/7Qp//wb/Pb/0vlL/9N/t5/9Kd+/9/t6R/9Ly6Lb/9+3/un/unP/vr/4w/9B/+Fv+o3+9U/+Ed/vPnzZ//J93+PovjXRv/sg3929KsP//yzP/Oj3/5X39n7Q/+Bv/tP/Vevl3/d77/6/H//qx78o9/+q37jX+/5H/GH/RV/wNb/ePnn/QbX/+byX6z/jObf/7v/rV9/9e//Lz/+Z/x+f+V/9E+9+Jv/uH/zp3bu/IWf/c1nv+xX/S1/1nT1D/2zf/k/9Fv+G7/9+uyr4qvrvPgNfp0n+3/Of/PpP/qf/jlvL/+W5X+8/lv+5X/z1/19zn+D//Hv/Pf/mT/wz/3Lf8nfdPpH/LN/6j/+P/3q3+tPqv6y3+Df+7//1e/8lqPZn/lf/Wm/zT/3z5b57/ab/Y2jo9/7j949/qdf/Am/5V/4v/59f99o79X/+Fs/+KV/00+2z8//4umf//a/WvyP/+fv+Pu+/lt/u/zj3/Sv+2v/1D9l+Ruk87d7f9qf9pOfTH7pl7/9n/uPzdZ//j/xR/6n/8Q/8G/9R//S/1of/Tv/xh/4B/z4r9X8bX/Vl7/bX/jPbf1ef81Hv8Zv/c9V3/3OT/wt/+Rv0P56/8Ov+ujFX/P6z/23furv/Df+hj/xF/wBf95fP9r6Vfd/2W91+vt/53/4s37L/+AP/Lt/m9/0j/sf/5qP//Z/6Pf5JX/bb/7Tf8fbn/p7/4T5P/CX/2aTtz84GP23/8jyP/tf/rp/+sd+p5/+B/+g3/83/cV/7fzX+e/+vH/5n/ror/1r/pr/4g/7gy5+4m//I3/nf3b75O//c37bv+/6x//tv/9P+UX/3H/5a/4jv2rrH3ryf/zSX+Nv/yvX9/7EP+rX/Uc/+QN+q//x7/qvr778P/+ou9/7V3/Jb/8//mn//v/wZ/7ez/+p3/d3ffrTZ//Bv/Rg+mv/Dr/qV/xd/9gf90d856f+xF/6u/1lf83f8eS//sPy//xPvftH/NX/0P/wHyRP//1f697f/PSP/U9+2//82z/27b/gb/7d//F/adW2f+ef/NVf8Iv+sL9z79/6ff6Bv+WfffJ/3fuD/vXf+ui//W1/3z/+T/tv/uZ/7ff48vq3aT9Jf4M7/8Tv8dfd+df/jf/pD37yP/2HL/7Z/3R8/jv+GQ//oq9+07/k1zj4hf/Y3/Ev/hW/9B/+e1//gz+x/3r5C/b/69/nd//7/vy//lf+2n/Vdx79oS/+hz/04uWrn9q5/+qzs+Pf5G/+636Hf+2X/WX1X/H3fHL6L//nf9bv1/4TzV9yb3r8R/+fO//mb/LLfuUv+Wtmf87vcf133P2V/+az8k/556o/pf6Nn/yWf9TRP/Pkd//l//fin/jq27/r7/WvfnHxWz375I/9l/7mf+yfHH/yW/3p3/49/7v/fv4nfDz/tf/xf+3v/L//6Kf/0f/xp/+uv/df/T9+9If+m//bf/xn/55/yuxnfou//Hv/6Q9+qz/r/3rzDzZ//7/zb/7O/9Le/331n/8D/+x//8f+9n/AP/fkzr/43/7X/3VxOf6D/5lPyq/+o//89/ur/vb/afc3+Cd+u//y3V/32/yV/9i//bv8M3/rn/gv/PRP5n/Yb/AP/bu/6I//7t/16rf4dR/+hv/70f9eHV7/qX/tT//0d/7IP/HFv/A3/it/wT/6t/9Tf8zod7r8R17+vr/Vv/bg9/qdy49Onv6pL/+vl//Ff/D7/pX3/tY/rvwX/qrv/0fVP/EPzz/5/F/+yZ/+k/6s3/pvuf8bf/9v/Cd+3X/wN/jd/972Lzr7+//E7X/o35y/2vqT//0v8m//5b/9y1+d/Gd/zl/9f/0Ff9avv27/+3909ck//I/8rcvv/B1/8D/1e6/+leIveJx86z/5a1//07/5X/yn/y//0h928tf/sZ//fgf/y9H2xa/4o4/+wj/gj7n8P37rv/Dod/0X/5k/7r/5X/6lP3r0D/1Bf9l/fLL439/8C8367b/4X/4DP/XuX/nLf9u/6O/7tUZf/B+/9m+597v/e3/5P/mH/rZ/7Fcv/vBf+m7x3/2pT3+rP/X/+Hef/3d/9tYfdPTH/UH/wr/z1/4Tf+a/9af9c/Xv9Dvs/b1/3x/xR/0Wv+X+r/7N/4bHvyj5vX7f/+g/+Kn0P3/3C+/8u7/s//ybj+4d//b/8n/w3/3KP3fxh/yx/+2Pf/fjf/qzP/vN8Z//e/8+/8wP/og/47//p/+l3+QP+Le3H/6Ohyfvnv9W0//8V/6jf+Kf/L/9lv/MP/YnHNx9+/CPuvg9/+t/4sEf/cf/4f/aP3H5Z57/t7/VP/KL/7y/8t/5Z//PX/Kf/un/8T929DN/x89kf9m/9/n3/sGf/l8WP57/qb/N1Zc/8/v+Bb/O4p/98We/8U99784vb/+wv/oP//t/7//4k7/of/9r/trf71/+X/+bt//xv/9Juv83Pv6N/87TP3fc/uDf/5f/kF/w5Nea/Sl/5sPf9k/4l/6v08P/9eDoP/jlf/R//U/++rv/xj/08Pf/3b/7v6Xbkz/i9fnf8w//Rn/en/fn/8KzP+jv+PRv+lUf/3n/0e5e9W/+u7/f/Nt//k//r0+Wf/id3f/lx/6Y/+uPWvzhb/+yf276b/wGf8PvN/mlP/jN/rg/9xf/tX/Mr/r3/qfkP/ruxa/5C3b+wd/r1b/0j1y9+Q1+n//9r/70X/mVf/7lT/5lf/ZvM/nDv/UvXv6B21/+w/tv7vwZv/An/rA/67f7B+t/8nT3fx79Xt/5/P9c/uLf+j/8X//b3/EP+Ff/pP/5f/ij/uf/4x/7T6d/3R9S/g7/+R/++Z8y+a9+4X/2z/6G//k//n/+gb/tnZe/6390/PIvXjz73X7mf/wP/qzf/n/+8u/7K/+863/q7/gr/87/9vu/7Gd+3T/qn178Jx+nf+Gv/2+++P3Hf/ST/+vi5O/4v3/L/+xv+SN+v1/zn7r+G/+g3+Lv/u4/9Cf/k7/h7/uf/C6/+1+X/vF/yn/1Ey//9d/j7/r2//QH/p+//n/7f/+Wf0h9+X+//af+sL/hV333H/oz//aTv/Cv/ev/wF//t/2zf9Pj8rf8Tf/b33byC178g3/5b3bv8F39G9+rXm//qX/VX/Ff/3k7/8Hv8rfNf5s/7Mc/+qf+k7/2d/zNHv09f9xv+Ycnv/ZvMfuP/uxf+tv85X/10R9/97f9tf+33evmr/qDv/Orfv3fb+uPvvvZ2z/q1W+x+k9+5jf5W/6eP/bt7/utP/ev+Gt+wcO/8dc/+y+TB7/kX/sHPv4Vv8Vf+iccT/+09M0f99/85lt/5z/xH/2yX/b8v3v8J/0hFz/9t735zf6dxeTV7//X/Y9/6Z9353tP/rY/5H//1ya/5+/wlzy6+/Hf89/9sX/C4+b3/Bde/U27r/+qf+RP/T9+k1/5r/wzf9jf9p/9rn/yb1X+B3/BH/2fnv29/9Tf+6d9+7f9Jb/ln/fn/bG/w0//Ls+udn/Rf/i//83FP/6X/qq/evuzv++r7Dt/zm8//+d+s7+y+jd/9c/852d/57/yj/4W/+Sn6f/x7X/1T//d/sA/5eXTf6H+k3ab3/f/+I//yH/wL/83v/gdHvydf/vv+V//xL/26//En/tj/9jsTzz/tf+4l7/5f/vdf+EP+jvePPm/f5t/6Rf+53/jb/P3/8PPf5e//js//uf+R//k6z/pD3rzF/2yX+N3/e//kN/x3/1bpv/Ub/xP/H7/1b/5x/5uv99//2O/22/9u/1P//A/PPtX/4Jf8df8lv/hv5z+u3f+x7/ld/tXnv+uj36/67/sr/4X/4+fOfovH37+f/66/95/9b9//lf8u1v/8r/wq779evdP+Cf+uX/uD9z+g3777373j/jtz/6Xf+PP+z9/h9/9b/wL9v/Z+y9+1X/22/2Pb/64r778F//6P+AHf/Dv+pv/2v/4t/6BX/mb/b1X1d9w7+CLP+Kv+3v+2zfz/+Mf+p3/u//15T/+F83+iz/1n7z+i/+JP/z3+1v+7v/2u1f/+/5fc/34f03+rN/yn/oD/ojkT3n8n48e/F+/9Z/4O/6Jv9Ef+Xv/4b/1L/wX/4T/6n/6B86Sf+a/vvoH/obfuPhFv8Ojt/Uf9r3/5k/8I3/Dv+f3/an/7o/9/f+93//e77e/+A3/3v/qv/kdP53+BS/v/YK/9X/9Nf6Q14//tV/wj/yxf/Of+3/+p9v/61/0R/8df9BXv2Bx/ebF9svievc7f9hv/fI3/Q3+tS9+8a/8yS/+h9/yz/4D/5TqW3/vH/o3/lf/9d/3i377l7/+r/Gdv+Qf+Af/yb/iD/9l6z/0e+Pf4+/4F36r/+7fu7j6a/+K7V+Z/hW/3u/yG//+f8T/8Nfv/bJPKJD5+//QT/+a5Bf/l//B7/0P/Emf/wmP/o2TX+9nPvp9fsN/OP9VZ7/3r/Xn/jePftP//b/75/+kv/y7v+dvcf8P+y//u8//0r/tj/lL/panf8sfUvxX/8E/PPsTv/onftHHo5c/8Yf905/e/Uf/h3/0zyz/sTf/5+//C/75P//kL/rvf8H/8Mf95Z/9sn/8n/zf/4x/u/mjaJX72f/wYPTRn/p7fO9v/IPK7/6vv/FXzV/eJv/9f9nW+ZM/4M7v/b1f48/+iT/gH/wfn//n1f/4r/89/8Vv/A/+o3/BV3/WX/t7/KV/6p9xP/s3/oY/71/52//3f/Mv+r923v6B/9HT+qvin/p3f9e9v6D6G/+gP2r867/6y//JP/Pt3/pH/Ofbv/pv+6/v/he/6697+Lv//i9/s9/8v/m3Hr/4mQcHv/YvP/kXH3/1q/7B3+X3ffmf/Ev/6P/xH/2Nf9DiT/i/Rv/b6y//3T/7N/2Z//En/vT95X+/+4f8G3/Vr3ryW87+hT/90V/7x/1Tv8vf/s+lj/69f+wv/lf/k19V/ib/zJ/yG/2uOz/4Q//X8//+X/mF/+7VP/Jf/xO/8z/yb/59f/e/tvyLvv9PtH/Dr/9//Z3f+6f+qZe/92/yl/9Xf9M/9Yf8DZ/+vX/l5S/6/X/w0X/xj778LU/W/93v8Gvvj/61kz/67PGf9K9NfsXV6+/8mV89+E/u/h3/+1/4D/2lv+Pot/1n/91/46d+8vd7+4/9jsXVH/bt3+Fff/Llv/LLf4t/50/6X376d/l7z37yX/7DfuF3/47f9Z/4H//Kf+s3+F/+0V/xr7/4L7d+nfJv/ZP/oze/5Mfv/ac//q/8s9/7C//sP/pX/bn/4Z/5b//3v99/+/lv8y/8oX/ip//Q8a/3Zzz+Q2e/5l/2e/zB/8UfffRv/Nf/+H/12/6Z/3r65/3Wf+gP/t3f8k/+B/6JR//9f/tH3Nn+C/61T/7CP+X609/yD/9v/rF/5Q/+X//Fv+3P+ezH/uW/7PkvaPJ/+rf41/7W/+6L/e/94O/8F/7B3+eXrPf+xF/1T/+zf/6/+ItG7/78H/tX/rXF//1P/PP/7G/10b/8S//Bf+Dp3ez5P/Bjv++v/P3/nl/xZ/742T/0l/5X/91/fvrHPPtX/rTr3+IX/ga/4bs/6+of+L8vf/L44f/0M//Sz3xy/3f9c79aPf5L/73/5m//5Gfe/En/0NX/9mft/jm/+5/04s/86i/7z37/ne989y/98T/qz/i9/47/9b/8W//df+vX+Qt/2b/xu/7kX/dvbn/n9/pbfqdf+vv/Zv/DX/Qv/vO/3t/xi/7+N5PPq3/1b/n2V9//p37j8X/3L/+Xf+v2v/97/cTf8/n/Vi6+/2Mvv/N6/6vf+8/+n39y/W/9Gf/3b/0X/YF/z0/9C3/Qr/rD/47//e7/8W/+JtXf9ff+JT/5z/zuf+1v8bv9jf/bLzn+HfMf++3/jsPf/U/9B//dH/9Ht/+5P/rVX/mX/d9/zk/+2b/7d37Zb/7mZ/6+L3d+8/bRv7T+m3/xv/Sn/bp/6h//u/2T/+A/u/XF0/LN3/ML/vev/plf9s/+V7/2f/5fz/7A/+Of+6v/2T/z6K86+fN/8uxf/Zd+/3/xj/uVf/pH7771V/1Hn/32W/9A9X/+uf/Dr/iv/p77/8ff/UdeffSLf9Oj3+o3evNnf/+3+Ut++d+Xff83+a3/pD9x9M/8X//a7I/8o/6bP+3fffHX/G1/0N92/p8t/7R/7jfe/Sf+ue/8zv/dX/br/dHP/rqfefSH/nV/61//Fz77F/+b3/Qn9v+Ff+x32rv45z6688f+Fd/9E/+zf+DX+q9++R/xU3/iv/vn/Ed/wm/1l5/8Dqe/8b2zX/NX/1sf/9/Xd+eTf/jpf3f8T/09f+UfMzrf/Vf+gucf/R3p//JjX779F8Znv9Ef8Zc8/M7h4e//m/74z/xv/+LZH/4H/u1//af//ejXbw7+gT/q//info2/8U/9t/7Xv/YX/Cd/wm/8z/3gd/t7f/xPyv73P/4//TuPv/gNfvEv+W/+sp/5Cw7/u/9751sPfru//U//Xf75P//P+xX/wV/1F/xJf8nf/Kf91X/eH/a/Xv0O93/yL/1H/rvv/jVbf+oX3/0l27/ub/JTv/CLP/HNn/LZn/9nbP/JL//Fv/z3/QsnP/F3/Nn/4c4v+wN/24f/xi/8Q36b3/IX/60/+Bd+54//r190+jf9d3/tn/0b/OL/8Prv+sf+8f/zT//P/vNH//ev/Wv9wh//z/+i3+H1n/77P/yLyt/tL/zD/vk/+t/963/Bd3/yT/n9f5uzxV/59z766/6an/5t/qhX/86/8ntff+tv+R3/+sn//kf/uff/1N3ZX/y/f/v8zm/0B/0JL/623+U3aOb/6tE/fe/3vVz+zv/Ob/Z/Pf3j/teTT35R9eXv/hP/0W/9J/0t/82/uPd7/gn/41/7J/3U/5r8R//u3/gXn6//o+JP//XrX3L+Z/3if+rTP/3tL/qV3/n+v/Uv/oOf/1H//R/7V/zj/8Sf84//1JM/8W+ukt/v1ywejv6vX/M//G3+3T/md/7yL3z3H/6OP/iHtv+D//ZfWl//hn/gb/O//05/6V9bXPzBv8fv/Gt++9f9m/+Y3/N3/gv/nZ/6jf643+aP/L//4L/r13v3xS/4D36/X/3n/U1/zk+t/vo/tP31f1D/u7/+XzP7H/+Pf+b0/NWf9hf9L3/kH/b7/e5/7v9W/5V/6d9/efx7/4WH/8Ov/At+rX/y3u/82/1Njyffevjxr/rse7/RX/K7/gW/9H9e/4P/ePmvlX/63/lf/37tn/r7/4K/8D/9HT/+Fz77R57+oj/ux//XP/vpr/znXvwRf+OrX/Tf/8w/+w//m//L7/nb/1a/7Fv/0v7df/PfeXf8t/3Hf/kv+4d3/8L//Plf+yf/cd/7m/+bP/Xz1eX4t0+qf+679779b/4X//Bf/f2/5feb/cN/0v+W/tPVTybTf/Yv+xv/8vwX/Ut/3t9Z33v6uxz9bv/+//I7/rd/3Z/zj/+Bnx3/HX/Zf/bb/Qu/7eE/8Ov9tv9C8rb6df6P7/7af+q/+dv/XUf/86//7T9u/Iv/hd/1r/3r/qb/89/4D//93/z//gN+xW/7e//zf3P9d/9W/+rTv+M/+w9/8nf7Jb/ff/y//JXf/Yf+ur/of/03fotf/zf6Q47/lt/q7Py3+PN/xS/9Q/6bf/43/c4f+dVvkT341puv/pTP/rFf/uP/8O/4a/4OzXaS/Jaf/81/+B/6a/4v/9Of+Xs1v/Rv+wt+/9/63/nq0b/2m5/9Mf/W3/TPTP7Z3+iP+vLqj//kr/mL//f0v/qt0+zyl0z/kUd/+9+295v9Q//tyef/yx+Q/AP/5O/3v9z7RX/Hf3n6t939vf7+X+t32vlNv/Xf/6m/1/nL3+9///T/+Pav+us//ugf+0d+8Hc+/6Oqf+/Pe/TX/OX7v+I/+9Yf/Gf9Jr8HWYXd73/12/+Vv8l/17z63//vy9//D/+L/q+/73f9/f6+X/cP/1+Pf6O/5Q/5Df6w3+Fv/1v+tn/6P/sL/53v/R4Pf3Xzj/1NP7m8/3/+uZ/++fd/i9/oH/nLfs/ktzn9Bw/SP/vXWn/0l/43f9nv+/v8vQd/12/xi/+lf/3f+et/7z/qb3nw2/9rv/O/9Wf81v/Zf1P83b/4//jonx8v/tP/+Pf9zX+97//PX/xV/9F/+V+8OfkPpn/td6r7v82nf1n+e77YPfm7vv3n/p1/5z/xl5/+YX/hT/2Sf+Uf/dMeP/zvf88//Lf+tf/07/zkr/Ov/Lqnf8hv+TP/06/923/+T/+2f9UvO/kDfvpf+C8P//Tf449M/ss/81//1//0P2Sy/I3S3+Jv/zV/cP6v/23/yd92+Hv8hb/H4T/53X/h8Z+3/Xf/Gf/eH/wHfm+29+Q3+OLb/3n9B/yi0z/tT/t1//fDb/+Tv/y///Wysz/31b/9P/4Vr/+w7+/8MX/XX/6b/MKLf+7w3/oNfvpv/ZN+i91v/eX/+D/5++z/xv/p5Gj0rYd/yH+38wf+u//sd/6n3+EP+Ym/5j/8+/+p/6b6hz77b/6w/GL+l61no7tHf8u4ePDgwbu/84/65f/LV3/qn/hTi0++WL/+7y//9//p9/2d/ptR8cf9jvt/6+Hv8PvM/v3f+df4Db//p+8X/87v8XdlX/5nv/rv+HT976z+vM//tz/79/odf/r7f+e/vPfP/rn/1F/z1/4pv+xbv/e//tPTf/r1s+V3//D/7JPLXzr5e375L5v/G8v//Kd/ycknf8p/8eu+/bt+97/97R9b3P+9/9F0/uYkf/a7P/+L/5HyD/lX/swf/8veJF+Vv83iJ5/+Nz/5Oyd/2X9/7+8++7d/yz/ts39y9+9I9v6tX1b+Hv/9X/07/pEPf/y3+m3/gcef/3XN/t/z6/7K8k/+M/7w//L//J3+6Lvbd/+5v+pX/zn/5Z/7F/63/9An23/JT/46v+53fuyrP+xv+w8/+aV/6e4/8fLv++N/v8k/eP/Tv+Z7//6fcfZb/Cu/+T/1X57+2H/5r/2mf+v0r/jB9ON/7+/7/t7f+rf9tv/1r5j8Cf/b9K9496f9n0d/+K/zy747/Se/92v+BX/tf/0H/fhv/Zt//7/8zf/lX/6H/3P/yU/+Df/d7/c3fPL97/+Bf93eH/G//AN//h87/+In/vBv/efPfvD2793/zj/d/On/27s/7g/7zt//N2a//Bf99vVXf+B/l/3zf9vZr/Vn/wV/++/1J/y6P/Ffnf1fv+/f+q88+slfd/e71//xf/Xm3/5z/9Cv/pM/8vyf/fhP+Dv/md/s9P/+Pf7kf+Bf+1N/g7/g35v+rX/IT333ix/7q7//N/3U7/dr/6q/svzH8id/37/+1//pWw9e/i7/yr/9X7Tfep7/B7/OX/Pf/a3/zh/1z/+zv9l/9Jt/+u/+cb/sB3/UL/xtf7+/54vf4N/7036/v/tXrX/6+N/84//JP/iX/ENf/dW/0ex/+O1/xa/4k/7G3//N0z/3V5Z/zy97/q/8a3/A//LLP/oz/4+v/v6/7r/46d8p+/P+jb/zP/8LfsX/+Y/8Y79o+a8+vvg/Zn/1g9/pz/qD/9yDyV/0O/yD57/Zd3/bf/8//Cvv/tH/7J9273/8Xeq/7u/5T3+Xf/O3+H1+q//+jzp49Mn/nH/vL/tzf+Gf8OzVP/Gn/Dv/8N/1V/5n3/5X/6L/8e/6W37Rb/hP/t9/w9nbP+iP+VV/xunh3/nob/6XXvxJ/9nv+uf+5H/5j/7Tf9bvMPkb/qe/6h/7jX/8b3j5z/6ezae//Nf7C/62X/sP+Ed+p//uf/zf//fDX7b4x9r/+9l//tGv+D3+yW/9Hb/Hv/qb5n/V3/eL/rff/U/7t9999nf/E3/kH/cH//l/x4//j7vf+3X+ivzX//1/zb/tf/qH/oBfuvV/vPhvj/7av+VveP1v/NP/0z925+/68+7+5//A3/KLlv/2H/aH/wn/0d/zu19+9VO/3995+fR3+NP/g+Wv95v8Of/O0b/0m/1x/8z/vvXH/+2Xv/av/Pd/v4M/+vf/u3/F+n/N299k2vw5p9W/MPn41/hP/6yf/t7/+et89595+2v8tv/zr/4/f71vffnn/871n/nX/Fvf+zv+h7/+J/+2P/Crv+Pw3/3i4//mF/9ef+z1v/M/T179Retf75f+U7/g//qv3vzBv/R/fvd/LH+/6t/9c3/Juz/9f/u7/8s/89f+g3/b3/9P/zX+pv/6Z+aX/8Mvufz1ft/pd/7Zvb/yu7/s+R/zyz77B/6+f+Jv/BX/wx9Wzf7O//Tt7/Vn/rV/9v/yL/xef9mf/fSv/vsu9/+Uv+Y//uP/sz/wO7/sXz/6Tf+AP+X7PzH+9PpvvP7tf6/tv+N3O/z8iy//lv/+D/+Tf+U/s/pd/9nf5895+1cV//Uf9eVP/6H5v3T9T//Of9Nf+N/8OX/I7/dr/rF/8P/13z/4zf/Q3+rv/EP/g9/l0x8sDl7/j4/+jH/1k3/lb/q9/++Hv+rOm9lf/Tf9Nr/Dn/sv/bd/1fboD9/9zX/jP7M4/Wf/tr/xXvsX/Pt/0m/9d/72f+8/ufjX/8E/79/4x36Xv+jv+uVfjn/lH/TL/7LfZPIf7B/9sr2nT9/++b/ylx0t/83z3/qv/yv/iD/xX/s3/satv+nX/73/wL/t3l/+t//G//Kf/Mf976t7f8jf/dmf94f/bp/+9D/6Vzz67Z//h3/Pv/k//YlvPz74R/6Y3/Rv+zf+zv/2T6m//6v+4L/kbxj/A//FH3T02/45F7/P7/3r/dF/xd/9L/2vv+Tv/PIv+SP/2JN/76/5Df+q3+8f/b3+53/kt/jb/4Yfu/+H/pKryb/56e/0L/ynf9lZtvuf/Cln9/+Vv+Jv+IO/nP9zf+O/81f+oj/qj0tpKH/N7/PP/Ha/xT9/8Rv+Jf9Qs3f2rz/75X/8H/C3X/5xf8p//6t+7N/6D/7sf/dP+JX/wT/1B/7D/9v/9WO/yav/6a//Lf/q/+7X+DP+rD/9z/hv/+o/6j/+r47/2l//n/8Xr1/8lX/Tv/Z3/qZ/UPP7/yn/1x/0RfIX/pN//J/5O/3Vv+Qv/+te/aJf/vdPf8ff8Q/+wV/9x/4vZfJPk0V9+uf+qY8++Vv++9/wHyhoIeifm3z3l33xD5V3f8u/aeu3+tOyX/Cn/MW/7L//b/6mP/T/Pv973/1L/8i/cfkv/xZ3f7vv/tJf9uQ3/Et/52/9V3/mn/OH/CEnf+j/eX/xv/5ev+2v+9Gnf8Pv/2/unf3pJ2/KX/knlf/mP/ig+B/+2Z/ef/Bn/4/VH/9H/NF/6q/9n/2P//P/+tf8zn/Ig/LiH/zOn/ln/tt//Dj7A6qP/8a/6i/7mZ/6Q/+m//zNf/J3/uV/5vYf8of8Wf/O3/f3rX7Bv/8H/25//epf+Nbv/D//S+Uf+w89/e//1v/jnzre/onfce9/+g/+uv/1r7r3x0///L/v3/+VT/6TB3/1n/lbvfpViy/uPvr4P/09Xvzb//Fnv8lPfPTLfvurv/HX+Nf/jO/95Rf/4Z/z9/wd/9Tf/TP/SvXVj/8Xy3/+H/ttf5ff8zL5J3/3f//v/43/p7/pj/pXT37yL/nDSaU/+b1+n+K/vvh1/6+/7P/6G/753+gnvvMX/Yu/9h/0x/3Df86ne/9q+q9+8i/8uf/cv/6v//1vfvKf/K9//c/m/+Gf+uQv/AXnv/tv89+0o9/2X/0DivuTvV/0Z9T7z/+l83+x+I//g7/kL7j32d/0f/3iv/Cj3+1bv+X3/uTf7M/9B/7w5t/+h9a/bHL8H/8Jv+zPSf/wf/bv++V7//Bf8j/8J7/Jb/Cr/o8v/4T0d9la/hP/59/37/xrxaqZv3nwJ//T/+t/+i//F7/B9M0fcvD6n/9Ppr/ub/UH/Iqjz/+m3/27v8/ur/n4r/3B7/jv/y3jv+Xv/sd+/+Wf1v7tf9svvPjff9Vv8Pyv/ef/7X/ms7v/8yc/+fv+Ovf+sX8g/d7f9uq//Af+t9/6f3rwr/+On7751//t//O3ai8m/8p//eDlb/CX7v8Hf/e//cv+/F/2n3zv9/nddv6qv/HX/P3+99/59777L/4n/9fFH/PFg3/21/7p//Vf+Ot/3d/9H/+t//Pf/tf9/G/7+3/vP/kf+Kf/wT/h9/nyN//nf6/vZX/nb/eDP/lP2P+j//O/6uE/83f9rX/f7/kH/J5f/Cb/xe/0L/7z/9j/8k//Yb/q1W/33/2yv/qv+R2Xf8Rf+e/tf/pXPfotfuWve/A7/++/5PlXf+C//i8/zH7Vv/FTi3/zr/sDq++ef/vv/fLLP/97f+1//mf+Gd//i549/gV/8dW/8xfd/eNWv/qP/h3e/nuzH/sn/rq/8e/6Py7/59/nD/6pP2D+h/2qP+rv+Vv+8u35r/ojf9Uf9vYP+cf/rr9v9V//ln/vf/R7/zO/5N9J/uG/8W/+g//Cu//Qv/x3/FX/3Ze/xQ/O/rn/ffTv/t1//3//K/7F3+d//F+SX/T673535+hP/7t/i4s/a//sD/yrvvg3X/7eq3/2v/i9/6U/92/6XX+nv/Wzv+gX/oV/xj/yn/45f97f+Kv+4N//N/7P/4I/9G8+/O//lD/x9//j/sOD3+/P+1Nf/oqtv/uTP230h//YL7n6N3/l3/6v/XN/8X/2/d/i0W/5x774J/7lP/Q3uvxP/vxf8pf81F/11X/558zu/bZ/4Z//5/yjv9Hf9tH+L/5tX/9Pv+Q3uzzd/Q+//9/+U1d/8u9TP8//pH9y9kf/qf/pH/nP/8Lf9S+//rv/w9kvT/6n8v/6u/+6f2vvf/jt/uZ/+Hf/i3558r/91O915zv/xR/59/8ZP3Hx5/5uP/6fro/+mf/47Pf4r/6r9F988af9Zr/Hzi/+pT/zl/wJ/9ff+Wsc/vf/6Je/1z/4N/0Wv9Z//Hv+Hn/fn/PP/jn/3i/9h+d/c/6L/uqDf+N/+PJ/+fKTf/3f/Rf/hfMf/8P/789mV//L6T988qd+9fr3+VX/4cX//dnV7/z7/c5/9l/43/8pf+7v+W98+xf/B3/ld//4P/+/+Z//z9/v4//pr704/tP/5Pyf/n3/5+d/y9Hf9/BX/JX3z/6b//qPOP8//rx/5W/6537DP/rP+723/tadL/+1e39o9bf+eX//b3un+qnLWf6Pfv+//f1/xU9e/PP//p/40//an/iX/4Jf55/76T/wr/2l/+V/+2f/ro//oL2/9B/8c754/Nv8iumzV3/Br/G//a7/192r3+Nf+6f+4sf/y90/+6/7d//U/yi5+zf8CX/Y//I//u5/6Z/6v/2D9/6My7/k//4r9v/6P/fv+zO++9n//Ef9V8nJn/Sn/rPf+WP+/p/55Plv9R+8+Ml/q/7DHvzH//rf+xv/Uf/XH//H/CN/9X/1F5yP/8F/4dt///gv2PqNX3z+L/99s7/w9/rt/uq/5bf862f/1P/8j/w6v+2v+4/957/Ol89/r93R936z/+Ov/Qe//O2O/pT/+M/4z//BrV/6p/4xf8Tf+B/+I//cv/RvFn/eH/xH/M+/8q/919MHv+Uv/Hv+rD/6d/zj/oh/oPpD/t3sz/yH/od7f9k/8vv9in/rd/tT/qPf+i/a/u0++Zf+6P/r7/uv/ui/7I8/+et/j//6Bz+9d/Dv/8Xr//Uf+89+v5PD3yH9wYPf6i/5Xf7yv+Hib/q7/pt/58/7n7/3N738jx9+7999mHz5N/3Kf/J3uP+H/tPbf/Lbs3/6X/3xv+yX/VNv/5y/9N/+n/7kX/1jv/F4vPM7/3X3nvx9D//x//Af/m33/uT0D/i9/s/f6DvffvlL3vxZv+pFO/ub/oz/69/8p3f+g3//L/67/42/8neevPn9/t1/7vf+h//R5q/4ib/0r/j3Jv/sb3D0t/0x/+fv8zv9ir/jH/2P3/y+PzX9736N//wX/XY//Wf/mr/yN/5B9u3/89/54q/ZeXvx5//qP/L5n/5r/T6/985/8N2/96/5W373f/cf+N0/+fv/lu//Ob/iLzj9tf6ef/bkL/7eT/0Gf8Rf+B/+I3/dn3j6N9z9d7713373t/5b/5c/8bt/5B/wm/4Hv9Yv+wv+xP/hL/zTfstf/Rv+6X/8b/sn/pM//e/++3v/7T/1J/45//Cf9yf+VQ+yv/Af/OLB7/C//H7NH/i//C4v/4rmr/pP/9Jf9Jf+dvOj3/z7f8/v9lc9+tfSf+U//Ed+jT/lH/vLPv7T/vW//M/4y//W0V/71+79Z7/0t/8TftlP/Yu/zy/5BU8en//ru7/t7/0f/Zf/zu/6Byfzf/2s/S+/+p/f/Esf/TFbf0nzbPH039/+VbPL3+XOT//+47/ht/8Tfq9f78//T/6Av/bP+Sv/9H/zD/tlD9/+1NX53/6X/x+n/8P8z/4Xfp3/5df5dz797X/NXzT6t36rv+X//Is/+3t+9xf/yq/33d/vxz++/m//hPv//X/71/ye5f6v83/9/n/577bz3775i/+P3/bf+Ot+j3/qr/0l//N/82/+zxe/9/fHv+6vePs7bf2Pf/V/90eUf+Kf+k/9Hr/LR7/jP3f/1/i9d/75f/TX+ugva/+Jv+hP+iX/yz/2R/z6v/RXvv2z/uD/+pf+/f/Goz/0L7z8+/+D13/Gn/on/Lt//J/5m/yqv/Fv/+3/nF/wz/8mvzSffvHb/l2/3kff/Rf+lV/+5/zhT5df/pqfnP3df+nv+s/f+2/+ufs//d3f/vO/4B/6ff+HP+evP3/0L/ye//Dz3+ZX/Caf/c2Pvnj8H9z/t+9M/77/8B/6854s//Z//xf+Sf/8P/7ij/+L/6g/6H/+ff/J2W/3O3z7t/oL/7s/96s/4X9Y/Md/y+/0u33vP/jvf7s/93/7if/gT/jL/qv/9p/9Bz/7i774/f7xP+D/+o/+67/9z/lbfotf9lvc+9V/88M/9Q+7829870/9rf7Jn/6b9/6sv/M3efj8n/yj/9hf+eeP7v/mf/6/8Pv+sb/dP/Y/Xv3Wv/onz39w+hf8pn9W+jee/Fp/0Ge/43/6G/4hf0X5H9Aa3N/3M7/ubzz78/7m3/9/+t3+5fv/0D/9x37vn/rP/qvJv/v2D/8b/4U/8r+c/oa/2z/Z/JNPzv7nP+/Xf/Tj4z/s7/4zxn/MD/6D//4P/ct+/N1PbP34n/tffvTX/L6/4C/993/iX/zD/r1/+j/+rf/6P/c/Wv5pf+I/XP0nf8XuP/W7/Uunf9Jv83f/AX/KP/YX/Pp/3l/1p/01f+0/9Kem//bvuP3f/bu/9R93/fK/+ev+vt9g77L61q/5P//Bv8bo/h/xKy/+pn/kXxj/Pb/WX/ZX/w6/8rP/8u/8/f6qX/vRv/+D3/cP+CPnf8T6O39z/R/+GS9/vzd/y4/9t3/6v/jH/1f/ze//y/6Wv/7f+0uOfuODv+S3ev7r/s/bv8lf+md+b/TP/QG/8MXv/7f84X/l8t95+U/8l6/Kv/F//V3+g/np73PxxV/63b0//rf5S0//uJO/9bf6P/7y//Qn//uH/+jv9Hf+qb/Jv/T4D77/h/7rDyc/+Uv/x+pX/Z7/+F/22/5pB7/vX/rP/UU//U/+9j/24z/55/2jf8r/9Nv9fv/s33O092/+kj/v91n84A+4++v943/i/v29svlL/7i/+T85/Q3+od/y73zwk3/jX7b38jf7Z//u7b/4cvs/Tf+cf/2X//3/wB+7v9X+Vt/7w3effPqP7P92F9/+e//+f+/pP/+Xf/Trfuvbf+hffWdy90/6k//NP/nf+f3/xb/uH/3t//w/7P/8347/2dVf/E/+BUe/9h/3d/z753/cH/bH/XX/x69a/NO/4vUnv+QPe9D+k3/W7/vX/g+z7/zff/XHf9Rf8dnL5//bf/P6H4KJ+F/+ot/yf/3H8v/tnz2883/s3v3BX3619er3fvW7Pfrvfs+/6d13/7xF8Zf+zPFf90f8e3/nn/l7/lU/vvVn3N/9nX/Ff/qPvv4v/7X/4C/7Wy/+zc/v/Bt/0p/wR/wn//Mf8at/8Z/44Nf8m6d/+h/2i//IX/qP/tv/x9u/+Q/9E6+v/9x/+Wp6/K/9XVvt0b/7Jyb/e/XP/23/9D/wh//S3+P3+8Hv+u9858kf/Ute/9b/0+Lvffdf1P/g48Xf+Ns/+R3+gvXf/5f+xJ/09/2Vv8cf+BOjP/Xf++/+/r/r2//Mv/jv/w5/6F/8z/wxd8/O/9TftfjTf+Lf/Lf+h791dvjbb/82f+bHv/Qnf7M/78d+i1/v1/n0j2n/tj/w2Z/94//yv/dn/l1/2a/zL7wZ/wn/29/zi5e/5rOj5M1//k/8lf/x85/4nX+Hv+X6j/m1/tp/5tHlz2R/1U/9O3/BP/HT/8hvu/2n/Q//zV939h/9sb/uP/8v/1P/7V/7my//0z/4P/8r/rGz3+oHZ7/3p3/Ff/Fb/t0vm9/wt/3Ff8nv8L//kl/2Sfrw//7en/t7/KLf8j/8W//n/+Jfame/88noN/sVf+zl3/cn/2v/7r/3B//X//E/+Ef9Wlu/9x/6J/xJ1dUvPv5f/o3P/unf4/Hyf/4rX/yFh//JH7H3xbf+jv/gF/7M3/Xn/vmf/fX37v+dv9lX6+c/9c/9Pj/4S/6Ev3D8W/33k//gT/lj/6m/9y/8FY9e/WlPP/uFf+lf9wf8Nb/27/J//0H/+6/+E/693+/3uTP9B3+/07P8f/qf/tHf4f/4/D/+Da7++1/vd//T/4t//D/++/6F/+vhv3/x5/xf/8s/8Ov8TX/V3/xf/+m/7+I3/m8/+5f+yn/oH9j/7NE//ct+y3/hL77+F/7W/+Hlv/ydv+iX/c/f/6N+3R9rPp0kf/Rv/Yf+N//hP3Dxe3w7ufwH/qk/5l/a+hP/lb/zz/hXv/NP/bLf8R/56/7UX+e3+4P/oeQ//O9/4nf/Q9MHf87v9z+++J8e/qY/8bf8jce/z+/0t/8Zv8d/9v1Pf4P/6dff+m0v/sF3/+qf+73/7H/5e/7Zv+s3/zUu/rY//fd8/mf9xn/nL9j9W57Wv+zXfpf9pr/wf/4T/sG/6j/+df+Pf+sfOtj6u771O//fv+1PPP5t/69/7g//DabHp8sf+x3/3L/9d/u709nJ6OTV9ejp3/HRP/B3/cRf8ev8n7/+L/vPP0n/m//ov/zJ/+aT3/Nk++D3Gn3vX/if/snf+9Vf/v0/5m/7tf6lT36Tf/Vi94vf+fSP+i/+y99s/Auujj7+D7/6q/7xf/+LX7D6Nf7Io4/q//E/+t1/23/hxx9//z/6lf/GH/ZT//rfNf9vf98/8W8Y/Q3/+pf/9+Fv8Xf8nj/4Gy7+vle/2+/8N/3i/+0P+MH/8UeU//HpX/Zv/dJ/7M/5L7b/kV/n7m/0T/0Wv+x//KuPxr/iP/+LfvyP+Tf+zD/9z/9t/sH93/+X/bO/2T9fPdz7C//aP+Xf/Vd/+f/9X//UP/70L/7Pftv2v/7uH/RT/8knf8D/8B/93aP25J/7ff6C7/9pv+yf+LV/8MuSl//7X/gn3Pm//8B/+D/9iX/lf/7+//Tr/ue/7I/823/JL/6Nj7/7u/xnv/0f9ntu/+e7P/jkNzr83h/+f/79f+Hv/yf/sr/3zh/8xd/zyS/d++t+2f/9h9z/X87+nTv/+1/3T/6h3/3+//r7/x5//z/9V/+XL/7k/T/8X/u7/pmP/+y/4K88+qd/8T/9L/2R/9O3v/zLftt/5Lu/xl++/Uf/b4+/81/939v/8F/6T7zc/+v+91/+5v/4jbb/gr+g/M9+73/9tyr+zX9i9mv+37/bb/jvzH+73+YP/yv+it+i/Z3/u7/9n7n3u/9Ff+7/0X72bz34Wxd/2vWvmy7+gd/u5Ff+9f9V8Vf9Fv/cb/Ev/dO/31/yK/6av/Af/5f/wr/xL/wNX//7/8Y/8rd+/r/8h6/+tL/vt/5HfzI9/mV3vv1R+uPP/7Bf/vf8UX/8b3z1O/9ef9Ff+Lv8m9//i6f/w/f/gfl/X63/yt/yX/yN/q9f/Q8ufuo3+wN+5zf/Q/pP/3F/07/+iz/9p//L7/xHv/737/z5/8Lf/k//S3/u//bn/vHf/YP+6D/7+Oy3+cm3v9Uv+1//s5/6Bz//S/6e/3jxK379v/kf/S9/k1d/+r/yBx99WuT/yr+9/lf+ud/v3d/5u/5xf/hv/ef+bh//p2//k+9d/R6//1/47/+p/8g/8w9/b3L1d/zJv//f/3dP/ol3f/Ev/B1+VfbP/Yn/69/6x/+jD/7Rvyb76os/87/7V/65pPq1/vvf/+h3e/yrf+Gf8Tv99f/B//U7/Vp/9b/y6f/8y36t//hf/Pgf+av/nL/qd/3i3/y3/qo/43/4V/+dX/6dn/h1/7Df/R/4n17+X3/Ib/g//yf/0V/xX/6Xj/7S5X85Wj3+jf7xP/0/P/3P/9z/++8d/2+/7DfcPfynHxz+MZc/9lt++p/+Jn/pT/+XHz1+8Ov/pf/Ip/Pf5s/7V3/l37nz7/2rP/6f/1O/59uf/D3/4d/oN9z/P//1x7/Xv/dX/nn/wr/67/xRf/j57/5r/tn/yl/5d/0Nv+h//Ve3s+8Uv8ar3+h/+/P/xf/gT/2jXv25/9m9f/i3+/v+z//kf/p3Z7/5L/sFf9p/9Hud/cpf+j+8ufpX//i/8x/9H/+aP/1fmf83v3Dn9/ivfss/d/TyN//r/6b/7Q//FT/zT370i/7Af/LTX/9bv+ef+j/947/B7/2L3v5DP3l2+Av3fun+5H/8r/7Vf+nZv//L/oW/4lf9QX/f8S/5u/+3X/2X/r2/6I/5v1796z/4Y/+SneRv+vX+wZd/wq/x+/y5v/vDf/qL/+Nv+nN/l9mnf+uv/a/+jj/xT/6X//r6d/pj/5lf8/f75X/p7/Zfffvb9//M/+ovfnr6Z/7X//2/9Vf8Y//3T/yBP7m4/HO/N1n+zb8omzz6L/+Z3+ao/fv/uX/6d/1PP/1N/ss/9/f7l7//Z/wtoz/zzj95/vs//Pv+wrd/33/w3T/uF/623//+3/v3/re/5U9/9O7uX/8vnfzUX5pWP/VXVB//ev/N3/OP/fl/9h9w9rf/3//r1S/+Xf7eX1i2/9i//s/81vu/7O/+zf7c3/d//G9+03/5D/oj/tcv/6bp//L7/5UP/9Hv/kGjv/yv+g1+5b/6X//b7/6d//iP/Lf+8sO/8g/8P/+Y3/7f//1+q//iF/5hf+wf/hOXf/n/8Ht/8ebvPrnz5/0501/jj/qL/q//+G+6/4c//l3/+d/pD7z3H/+Tn/+5//Gf/lf/xB/6R/xvv/l/98f/6/mv9ek/8Wv/A//jm5/86r/+x36L3/1//L//o70f/0/+lxf/xq/9mz37XR/8lf/ub/+Tq+/9z3/nnT/7v/+Vf+ef8lv/Rb/L7/KH/fd/5f7v/6/d+1P//Gr2h1Z/zT//J/ybj/7vH/wFv8lv9BeO/p4/5X/5Lf/Db/2z/8p//OB7J08e/bH/zd/3u97/8Wc/2J3+rSe/1v/yd/1Vf/av/bv9af/soj7+TT/+C/+w2cPf6Q/b+s3++3/5b27+uP/hr3v5Uf5H/8eP6r/oyb/3/BdN/7Oz//p//d3+p//xf/iT/8W/5ff8RY/+23/+7/g//6YHf8M//C/+Pv9w9of+g8t/vP3tsvan/9p/9C/5Pf/Z3/Sr3+bf/Quf/05/6F908Z1fvHzwH/wbf9S/8xf8R3/Af/iH3P9DKcr/e//vf+j8+MU/97t8///6K79/73/7kz793f7S8b+5/8f9xf/Yf/PX/++/42/wH/3L/9mv87f9+//V37b36fNv/9Qf/A/+zF/ym6/+q7/mf/qVf9nv+B/9Tv/o3/Zbl//557/kk3z71/sb937x//DsD/l3frO/4T/+x3+zv+Af/w3+s4uf+bP+rz/1r/trxuNP/tK/+1ce/zV/zB/45X/zl03/gf/11a/8Pf6Y5Gd+o+/9rj/47t+2s/f6H83/5V/xuvn93iZ/2d/wK37RT/2n/+Ppf/Vy8cte/x2/+mfern/jP/z89T/7l/zFX/4F/8jv+B/8h3/Xr3P/b/yD/rv9v/3f/Xs+/xub7/zJf/E/8bf+ifUf/Rv/FfXv9g/+V3/NL/0j/9d/8q/5Xf/0P+UP/ZV/wbN/58l/fVj9yr/tN/vP/5U/73f9t/M/7x/8B/6l/+JXvfj41/kHf5e/+VufzH/bX/bmn/1k/w/4l37Bf/vb/Gn/+N/z5Md+h6v2+/Xv+ycsHvxr/8Jv+xvv/bd/0j/49/zSP+Zf+rP+x//t3/+fDv/mxS/6n9/+j3/rk+89+T3/6H/j+lf9Hz/5L6T/4p/77A/+R3/6b/jntv6DP/jvbv+dP+roB//xT7349f6kf/tv+IX/w2/6m/zvz57c+/hv/lXf+11/yb//75z/p//q3/rf/kF/5B/8T/6lT05X/2v6v/6Dv9Hv8R/+tf/Sn/Y//X2/xZ/2Xx3+Pd/9Pf+Hf/en/ua/+1f8rS/m/+Of9nf86X/I7/W3/12/51/3h/+z/+W//Wve+a3/7f/oT708/PLX++pf/Y2fXn389/z1v+r/2v5n/7z/5MXf8kf+q9Xd5i8/+J3/hD/s4Dc6+y3+4X+qzn/yz1v/7f/Hb/bpy/Tb7d/+h/zt/87v+us/K//Qv+FfvfpFv8s/+Fv+S//7f/xv/R7Lv7X491f/3l/0a/+y/2j8T/2yJ+W/9p/+da/nf8hfeu/q7976h/7kP/gf+w2efXL893z/9/61/s3Zr/jH/tU/5V/5wd/8V2Sf/ql/5s/8qf/3P3X3z1v81i9/6sd3/5Q/4q/8Y/6WP+1fX/2Jf+k/9y/913/TH/Mv/yl/3r8w/pO+/Tv+A7/7P/L7fPTTj/7MX/+rrX/hT5z/hi/+y52/dfkrfsvF9//Xh3/Ei7/+r/jpP3BZ/42/9i/+Q3+3P/0/+snfdzH9i36rP+YvzP+Gf/O//u2qX/RP/vbbf8fFL/u/nn7yG/zKP+5/uf5H/6bPFv/d/J/5zj/wk//57I+qfvo3/33/lb/tb/2d/pZ/7o/54367f2L2t3x0+e/8C3/5v/9n/p5//r/9q//mzw7/vV/8+nf5Sz77zf+4k9/yT/pTfvO//uE/++OP5r/f7/OaDNzv8+y//ov/g9/kXxv/LX/SH7r8wR/22/wj/86f+6/9g1ft//EX/Nu/xx/yez08+93/ov/jT77+9O/7wV/633z3n/g7/6P/5Y/+V/7pe3/y/3D1t/8xf80v/EP+kX/iL/qn/vDf91/4I5pf8Js8+lv/2z/0P/u/Pjst//jnf8Ov84v+5X/36n/5H/+iv+5POfulh3/jH/Qb1B+vjpv26gc//p/+Jf/N7/GX/T7/9fHv/K//gr/83//n/5uTf+tXv/3bfutf6/Wv//v8dr/vn/c//F8//a0/4Pwve7P97x2d/Rl/4u4v/g//59/6D7r6tf7AX/bHPv+Xfs1vrf6n3+wfOPvv/tV/+7f/+/64//63fbr+2//TP/Yv+A3/+N/tF/1xv+mvfPNXZH/4Lz5I/qr/6v/6W75z9F//xn/sX/f3/57/6N4//2M/9t/8Th8l38v+zL/rH/vB8Z/zg7/hsPzjfs8/6//4Q/+K/+bT//bxn/H8//6z/oY/+3f+W//FV//Kb/svVH/H37X3V/0zV/97fe9//0//89/li4v/9Vf9a//eu7/k5F/7M//+j/+J/+bf/Lf/7D93/ps+/bFf9nf/Qb/0/l//t/1p//PFv/LX/Gb//ttf8Pv9C7/Df/Hr/NZf/tk/9p0/4rPrn/w//rc/+tG//8//3n/d7/Hrfj757X7tX3z37/5T/+I/8t/4v/+XP/f3+dc++nfOfuHf/gv/9fYXXv6S/+u//5VffJX877/VP/1blh//Fv/N3/Db/TO/07/09Lt/6X//B33/9/xlv/O//+Bb/+qTv+oX/pJ/+1f83d95/hf/+7/mn/OLP/vqH/gfP/7Lfulf96sO/+t/4vk/3/zxf/W/+kt+7X/hjzv75A/6Xf+Of+ff//TyT/qn/ro/s/r27/K7/CYP/sBH/8rfvv3wV/xr//1f+/v/C7/WH/qDv+Led//vyd//HzYv/svTi7/9Tz3/W37d3+zPfPO3zP7af+x/+qnf44/4Y+a/92/zu/2Ff9dveOd/+7v/ue/8On9Zefyt/+p3vvNbvfryzm/1H/yf/9hf8hu++32WW3/7n/in/m6//M/8V/7M8f8y+7P+1n/3z53/XV/+M7v/59/52cP/6O/4BX/Hvb/623/M9//t1fEf/Uv/ql/13//5/9efePV//wW/3m/1F/yVv92f8ZN/2F/37777idOj3+DP+Nf/6+bj3XX9p/ziX/5X/se//j/2Hx18/+1v8O9+tfUH/rH/83/73/13v+bv/hf879/7H//k3/Yf+1v+jX/gf/4N/vo/7nd7/c//qlfFJ9/++/6O+slP/ToX/+H2+p+4+6/9xOs/9s949c/+s5/8Ub/Ln//PPvkHftkv+91/o7/xL/k/fqr6pb/B3o//Df/5r/Ff/ctv/q8/6p/4+7dfHPxF/8dvuv7n/rzF8m5zb+f3/s9G//Kjf/xf/5s+/wt+nf/1L/2//pLf8vf7md/9P/mz/7yf+Of/l3/sq9/kf/v4H3n8L/4Of9/kJx78+3//L3742a/+O5fnv/c/cvHv/Av/zm/0x/2B/9Ff9cd9vvUL/+o/YvFn/92/ze+8/d3f6Z/42/7G8p/9nT568U/8L788/eMO/qI/9K//rf6hX/pb/hF/7f/8z/3Wv/buuPmF/8Hv+j/+Bv/Nn//4L/zH/8l7/+0//t9M/6D/9v/87/+PP+r3+VN+ndl/+sf82LtHv+4fdP4//maHv9k/nI7+lV/78X/xx/8Zv+Of97/+5X/c9l/x0c7xX37/f/9t7v5eu4/+q+1fs9r9p//0/2rvv1v+vb/93/IHvLz4+/68n/pDfuw3+Nd+/E/+q9/8Np+vs5/87l/9p/0t7f/yj/7+/8W//C/9Dv/oo1/0+Cfe/OHf/xd+v+ZP+mf+id/k7JOP/7Tf7GdGv+Rv+N0f/OBv/L++/+infu//68/+6/+sP+0//Jt/2R80/Y//29/04yf/5a//yY/9KW//+F/r/uHhX/Hx8eqfuDz913+Lf/BP+j9+41+r2vk3vvUn/S+/2W+89Xf/iX/Gq0f//vwX/Zu/QfJ//gP/4g/+p3/s43zR/G5/2B/3P/9u/9Z//gfe/zX/g//if/lNf9W/8Gt95y/9ff723/xP/6PbX/L8D/kjvvs/r75c/M6/79/2t7z8y37/3+PvfPvH/S6/Rf17/zq/z9/4F/37f8iP/ZN/13/2v+39jc+n/9f/9d/9H7/Bb/HHzf74/+Ufm/34/K/9m3/FH/s//TG/zeTBTy//6+9sfT//nf/Sv/eXVX/nJ3/uv3D/7/un/67f/e/6hemDh7/sz/tFL3/73/fdf/abnb37h/+NxS9/+Mv/2P3f5T/9h3+DL55Vf/PWr/37/6Nf/cRvvf0fbH337Bf9Vr/yz/kf/7D7/+Gz2e/wV/ztd/7Hf2/rj/ttf5M/8mde/aW/6g/+DS6e/LP/46/4rR7+wv/u9/93m//8X/lL/9zf8dfL87/ufvpb/kZ/wK939kfPX/83xb/4/T/2+i/4+/72//tnfsmD+T/7F9Jy4u/3a/3hP/F7/eN/3V/y2z/61t/6e/0Zr5t/9A///o//W3/0r/83f+s7nx7fu/svbj35O/+4P+Kjxf/5r/6hP/F3/B6/wX/1x/9pv+jeR82v+EV7R//MX3H22/1R73773/e/+r8//59O/77/Jv8L/qy/+7N/cPHsoz/m+Lf44tf/9X/m1/5Ly1/8Lyd/yO/1f/yTz/7p3+qf+F2vk9/uL/vPfr3Hv+3sd/5n/rd/87/5j//j3/6v/31+9U9Wv/2f9dn3/9i/4M9Y/bv/0L/wD3zr9e6vX/8xZ3/437z3l/+Fv+Z09BPjX/tP+d1+/9/1D3jwx/4Bv9YvHP0af+pf/5+N/rTf9T//weFv8q+cb/+Ov/PfdvVL//y3/8zf+k/9N3/ZH/2X/l7/2L/y4l/6A77/u/33/+Hv8/n3fpu//O/4g//yP/N//Yv+2Fd/+i/4Hf+B/+HF2cHf+Nv8Sy//0Od3/qvf8I//l7K///fe+Uv+mH/zb/k//4gf/9P/5+QP+s+++0v/6//9i2X9517/hf/N+nf/zX6z+/f/9WLyDxT/5B/+9n/c/Zu+/5/kf9+fdPHb/q5//fQv/Yve/prn//yPHf+Hhwef/H6/8o/4PVb/1v4//Rf+Z//A//3X/Zn/8xd/7V/w2/3D/9t/8U/+of/hr/fpL/69/p2/+r/4g371X/1v/sJ/7l/6n/6F//Zv/CP/so/e/S3/03/67Nm/9ee++GPf/dr/9B/wd/zPf+5f+pv+4Z9/9Cv/pv/98/kv/CWv//v1r/0P1zt/7KO7v8/+7K/+T36///qTu//AH/uD3+pf+h9W9771N377d/gd/tT/9g/9j/6dv/BO9gf+yj/rJ6/+nn/vV/zd/8vq7F/a+qsPH//33/+J3+9bf/RHf+4/9pf/W9/+x//ZX/CH/9Sf9F//K3//H/JX/aLP/7Tx935p8t+e/6W/ZP30P/4T/516f3b61//Xv8v//Qv/gf/mb/t17vyF/8T23/gL/ra9f3P7b/lD5um//s/9zf/+f/Ff/Om/++n/9uv/yX/o9373X/yv/+6/6h//yy//4e/9lv/Z7/Yr/40/5i/+3bN/9bf/W7b/uP/i97r4mb/sj/kTR7/ezm989ov/o61Xf8Jf9O/+uX/3m7/gT/kf/vm/OvkDf+ef/PH/+j/+bf+B6/9j9oeUf/5873f/VQ9+89/jt//8Nxj/Mcf/8NvF93/B3/mv/5LjL/7bP/5X/PnHRz/zh//M3/L7rU5/57/g9Jf8Jb/Dr/Wf7P2SP+Cvvv6jv/9s9k//rr/Ht/7ad035S0fvnv6Bv+/s9/wH/tnf/t/883/9yepv3f5X/t2/7Zf87b/2n/7FT/9rn/9W/9b/+X/9UX/GP/SHj3/Lf635V/6D3V/r3//tf/yP+t4f+B/+bf/Cf/2dP+z4v6j/qT/6V//6f9y//Tt8/Cv/ir/2H/hTHv5Tb3/q//ov//5/68lf0uZ/19/2G+7+c7/vv/CHHP8z//Lf99f9d//cj/8X+fP7f/p/9j9t72x97/5v9qt+4b/316w//+3/kn/4L/tX/8j/6z8Zf/y9X/F3vPzj/v5f+N//c3/RX/3n/Kf/8/xn/of/8uo3/HN/s9/6//hvvv2L/7PyB/9H/Vv8sb9X9g/+9N4fVf3OxdtnyV+5/Vve/+UP/t2Xv/oP/+P+lT/r3/09v/VbzE//zv/9f/8zvvxH/py/vviTP/pv3/wl//tv+w//+N/zNzR/7Ov/7S///f+1v+Yv/7O+9Zsvfqff7M3j3+GfbP6xv/MX/fV/8d/9v/wXv+V//93f59f47f7517/5L/4H7/xb//VfdvhX/XF/7F/2+Ff/hZ//Vb/4f25/y//yP/glf8h/9Ic9+vI3/Kfnf+Ff+mv+9f/emz/6N/ylf9Ove/bf/3T6z/86Xz39X9f3/rrf5m/89Bedvc4O/5N3/8nv95v9rf/g3/F3jv6aP+i/+Yn/7fgf/2fG8y/+pC//vj/uoz/hP//xo//un/8L/+/f4m/9h3/t/E/6C/7IP+7l7/sv/+u/3i/7l//5f/0/vvg7/+N/7eqjf/jH737r7C/4zurxv/MbXPyf/1X7t/w6k+sfLP7rv/bX+ZvX5epv+212f/e3/9NP/rW/4z//ya+x/T/+q//ZJ+nf+mf9c3/807/2d/rv/rJ//eTP+sv/kt/75b/wh/8R/81f+wv/8X/jdy//pu/8eb/3q7/oP0h+w/w//cd/471f3ryo3/zbf/C3/pMv/rTf6eg//vN+xb+T/he/xR/44rf5/Cf/2v/ofzr9p//bX/kr/4b/8Z/9V//Ol3/+vzv9df/cX+cnftWfdfG7vNgqrr/4H77a/z1elE//29/p9/sFP1ikv/Uf83f+3r/TP/IbVOP/7v9O/8xf9F/8T7/g9/7D/q3qz/8fZ7/eH/+H/D3nd9vzv+DXfPCX/fdbf8SP/++/+i//1b/N3/R7/41/bvJ3/yef/8u/58f/4r/wR/6mf/Zv8L/+6f/nf/jd//yn/oZ//vu/wX9f/Id/1T/6R/6dzX/z5bc++q+//+Z3+dvf/Il/zJ/2Y3/b/j/4Z/5Pv+cX/+xf+J//r3/d7/drPv5j/tD/a9r8sy/+0N/o//j3/qr/8eron/hb/+m/+49+8Z0/9sd+j4/+sL/pT/szt7/72z36A//1+ef/1L/8J/+3D778pf/F9tP/5M7/8Wv99e9+3X/tf/5t/6fnv/7f9/2//4/4C6s/8N/46fOT+V/5x//xL774c//PX/abvfzj/8H/9T/7877913/nr56d/NZ/xD/7p975fX+DV//uvb/95W/+m/8N/+ff/lO/wX+3/MP+8fPyn3jyW/xJv/e/+c+2H//Jv+fDk4d/4P/62Z/79/zJd//tX/z4z/7b/tFnv/ov+S3/pfkXf/C3fv9f8Be1v+B3+Pf+sz/5L/5Dv/vH/aff+Sf+sH/7Fzz41id/7Z/92Z+//sH/+E/+F7/NX/KHVVt/8x/wn/+m//F/fP2fl7/ef/2f/lF/xYt3v+pvOv2L/4pHv/Z3P/2N/77/4/XzP/+/+xP+kz8r+x1+6W/5+eL1P/3s7/3qfzr7ff7XP/Ff+j0ur/7gb3/vz/tTn/zXf8YX//xv/gv+5j/hr/1z03/0//r3Vp/9TW/+xX/qT/2j/td/6C//h//on/hN/8F/Zv3X/XP/ePbVP//P/C1/5/Rv/lP+8Yf/8j/zZ/2b//bB/PyP/AtX737FP/K3/YK/4M/5r7/83ue/4h/57f/CX/lLtv+hncOXyW/6r/21f9q3/rq/8Qcnxff+wt/m7/tb/tW/6b/52/7lf+O3+Lf/qP/kD/7rfs+9//rX/Zf/jz/+T83+mL/04W//9/3v/9b/fPXwL3/yt/07f/Uv2Pv7f7c/4Sf/gO1/5df/zf6iv+Sf+79efuenfs0ff7P+lf/Dv1L/dr/zv/ntf/Qv+P3/hf/1V/+B/9rf9ytf/5Yvfvn4dzr9de589O1f9e0/dv+/Tn+Dv+ov/sM++t1/z9/g7/9t/+s/7F/6Y/+VP3Qr/f7f8wf9Zj/4r/7k/+CP/s6v/yf/B8d/2dVf9mf+YX/Yf3v4P/6f/8L/+ev/D3d/5Z/55//7f/4v++/+u3/uL/jsXzy6uPo3/vXf/T/49//tf2f3v/iJf/7y1/yf/61f7x/4W7/3C//2f+qfWH33D/lHfvff7A/5BX/Z7/Hp3/Db/Jn/3R/4T//fr/+b//r/Wv/kP1ktvp2uP3n8m//+v/d3/sC/+x//X/7be7/t3/R3PL3//T/t//z1/qR/9b/77/+L//uf+sd3t588efL2b/ln/qZ/6uy/f/Nv/OP/69/1K/N//9/8y//C3/STv/Mv/M6v/6/8Mf/Sv3f4nd/0d/uVf9Hv/C//Qad/xs/8nb/4b7g//00e/OtP/62/7rf9b7f+1Z+693//yn//4F/+zn+4+Iem7/6D/+2v/8f/t9G//Nm//bf++Oe/+3//7qf+0r/jV/zjn/0P/8hveHb/T/kV/9Wv8R/+i//F3/r4f/5bf/2/5Pf988vFX/A7/HXP/9e/+tf7I/7sf/Z/+eKX/7Uf/5v/+XT2223f+8d+xT/26S//e/+83/PRH3v2e/36/9Uf8kd+57/7Q/+d7/x9f+v/9H989w/+yx78QZ//Mb/kj/qn/t633/3P/p5f+ZO/37/+Z/2uf1TyO777X771P+wf/ZF/zuO/5vO//uFPTh79mf/B//jpx4//3d/mL/4T/tH/4i//9j+997v/07/LH3v4l/03f8nlf/N3/oI/sP5f8//yP/in/o7f/R/4F36Hb/8Zf96f89t+/qee/+6/++M/5uFvduev3/pz/7S/+fiP/pk/4f/+D/7Pz8v/+q9ffnb4f/6x/9Pv9+yv/OpP/3uufsO/+B/4Pb/3Z/27R19+//f6d/7GX/tf+A3/7j/y0U//ff/LH9lkv8vy7/z7Dj/7Nf7Y/+xv/fHv/SM/+U/8Yb/4B3/dv3309/5ud37yZ/6qP/qLX/f3KV7+13/jP/Pr/tr/0J9Sn/8N/9pfvv7jf+d/8pf99v/Nr/2n//2LP77+a3/ZL/uffsXqz/7T/u/Z3/qnvvw7/tJf79E/+Pv9Zz/zZ/wWyfKTO3/0b/l7/tV/9N/+T/46D/78v/EH7ejv+vQf++N3f8+3/8C//p3/8/PLp7/qT1vs/+O/6lf92v/4b/7v/jqnf9Nf+d/9U//Hdf7v/P7/4fXnv9///ev+2r/20f/5e/1e/+vqP/j1fucXF6cf/7r/5fPf9NOnf/jf9cUv/Wv/y1/+t7X/51/7t/4nf8Tf8tnhPzL6D9/+33f/+r/9p/+u03/rxf3/sfpnD/+27/zyv+Dv/t//zpPqH/43/ujl7/+n/vN/6q//h/8pf9n/OfnN/57f73dt3j78C//Cv+BfePJX/vG/96/4JX/fb/wX/cI/Yvdf+0fSP/sv+79/8tn/8O6XzpeLP+9P+LFv/0P/53/wv/4Zf3Lyp//3v8PWf7319/3hf80f+zc+/ZN+k/++/r3++F/+58/Gn/xTj3/17/Yf/Ze/45//z53/48uf+r/+p+Ozpz/+N11//A/+H9/+Py//ifqP2fvlf8J/+5f+F2/+4H/lD9/5b/6wH0v/tJef/qq/6ZOzP+73+ez3+0t+gz/tr/wd/uLf4vPf4k+v//M/8fnH/9mbv+qf/Ju2fuZXzP+Kf+vO2//1X/nkz/jBH/1X/cW/wx/1n279U//mf3r5rd9361/7L379P+dv/+r3/Dd+yz/nF/7df+p/+Okf/j//zF+X/pvfefMzf81P/tV/yZ/zF/wJ/8q//3/+D//Xv/4b/TN//p/2H/zC9F/6rf/hPz/9k7b/ut/6V8yy//jP/t7/8fv9jz/44/+9v/a3+/1+/J/9n3/nR3/xX/Xdn/nPf62/8/f/RX9i9Uf+yf/31t/zW/1Df8Mv+K9+5je+/3/+D//Di3/hz/tPrke/7V/yB37/s//5r/vt/4lmMv5lrz/5v3/dl3/yP/hX/vi/+/RfLX/P/+KffvydX/4zf/r/cvI//vRP/P7//p/1j/+WFy//oH/0z3z05d/d/it/3x/2N/8Rf/Sv/Wf+ma/+y9/w1e+S/3M/9Xv91ZNf9Xv8qld//X9w9pst/rl/8l+8+OvyF7/xH/cvv3q4/9m/8Kuf/RO/5p/+1X97eqf6M/6ov3/27/+j/+Df+L/+D//tb/3nFZd/wj9376/+Hf6ITw/+9H//r/4H//K/Zzr6m54d/uTf8gv/gk/+1Jf/y3+w+1/8bf/tH3r88vp89eJ//UP/wWn9xR+49ff83eMfv/etf/r3evEv/aN/97/1K/6Iv3D3f7p/58H3v/WXPPgH/+S/+8Hf/ic8+yd+jX/9nyQV9e/+k5Ov6r/kzU/+HT/1z/3lv+7f9k/+Fn/jy78w/T/+p7/9+a//m3/7n/s9f8k//bf853/sX//Lfpff7X/4rb7zz/5lZ7/9n7j+mx/+If/z7/9T//4v+Yd/k+Uf+0f/ir/vd//d/+G//Sd+1ek/+ifk/8b//H+t/svf+V+9+k3+8b/7f/5vjv7Cv/hnfpf/46Mnv+R/X9/9Hf6D3/Z/fv5b/AP/1n/+5/6Xv+az3+hfWf8FP/N3/Tv/1L/8H/45V3/e3/0H/XV/zr/1B37xr9/5Q/+ku7/jX/HbHP9zf/ynv/jffjz5HVYfL//b9W/5h/42v97Vf77/7unv+Rf/g7/iF/x55R/62YvPf5c/80//u37Hf+6P/A9/jT/oN/jnf4e/4D/5E//B7/yNv+X8F/+Vv+X/8E/+cV/8jsvHxZ/y2/4HX5y+/g3+w9/983/1v5gdff6b/n1/3Wf/0ds/66e27n/1T3/6H/83/+ps9Pqrv+Lv+5V/wO9276/4G7/9B//9j/+Jv/Uv/NX/8Z/33/7F//Xv/L9dPPo1/6h7q5Nf+nv9w3/nj/02T3/FfzT+33d+cO+3WP2Nf8p/+K3vH02mq7/0T/6P/4Hf9y/9I//hf/LH/8bf6D/4y/62P/HP+bV+3X9771//fff+r6v/4H/+E5rHv/CL//7v/dN3/uf/6W/853/7q9e/8C///NefP37xn/wzP/4nPqhXf9fvO5v8Nz/z3/wn17/OX3fwY7/Xv/qP/4Pfq//aq+bf+2far/67n/jq//4//sDf+re+/9V/99f/i391fv/jv+ZX/93Tv2316/yVf+Jfefb7/BM/+Zv96f/7//kX/6//+2Xze73+M/+J9uTi7/7O//7r/2u/9PB3+yP/3P9xNv/X/s/f+Z/49//dB7PDf+Jv+B1/07/h9/7xv+sv+p/+kX/sL/13F//Ln578YZfTZz/+O/4uJ7/Dp//S//6v/hfP/7y/+tG/87v+2D/xb//9J3/v7375a/9F//if9l/9lb/3b/bfFZc/+Tf82j9e/rZ/7n+5+l8+/+lf9Sv+wz/hP/iX/8Lf+tf9Q//3X+8/nfwXf/jv+Lv9rv9smv/Dv91f2/4xf8pf//f8Rf/WH379+q959wv/m7/6z/6df9s/+Q9vr37dy1/xi3+n3+OX//G//L//7f70f/z+x//t79b+Ef/Un/93Hf1hb578sf/m3/L7/+7/13/+5zX/7h/5q//Zf//X+Lv+0//j917/sX9x+j9Wv9lf8pP/12/8D/3qv/uP+q3/1OzfefJ3f/Kv/47/6q/On/w3f+qv/q+a3++/+mP/0v/4V//L//pvf3Ln1/4v/4C/9eL81/vT/6nf8E/7748uZn/+//iP/uLf8Hf56+Z/YLn/P37nn/nf/7w/4Q/8M3/zP+fg//qb/7zz3+nX/TV/5X93+Cf97n/eX/ov/feLv/H3Wh//kQ+TP++LT//EP+C//u6v+cf9Hb/6X/oX/sXP/tBfcf/3ff7od/gj/sTq1/hD/vC/P/nOo6f/+Z/+W3zyf737X/6tf+R//yf/+fu/zz/9f/73//3Zv/ab/4N3Xv+2B81f9N/s/G9vv/pN/4bVP/zP//u/4k9+/uDd23/335w9/Xf+tT/09/7Bxa/9J/zk9M4f9W/e++Xv/uff/+mv8Sv/71/9K1/+vX/SnzL+wd/zi998/kf/On/ov/ifPPiD/pt/4s94/lv8s3/ND/6F8uiv/HV/g+/f+xP+rH/iv/mLv/PsZ/64P/IP/Orf/f1+xz/r2ef/9r/6J/yPf9xv9x/+6//zf/erZuXf/PF3Z3/Y//In/5v/xx/wh41/5p//u8v1v/0nP/qf/6v/+o/6D/6uf+IP+oW/9R/yy/6qgy9/8rM7f9hf8uVf9Zv+Pv/I/V/5u7UPzn7V//br/QF/2L/87f/9x//if/Vv/4fqv/zjP3P7W//Er/FnvvzjftPZH/Nb/4G/4k/95X/b9d+388l/8F/9Uf/U/bd/0z80/df/0tM/4y/61j/+j/3N//vv+e//t7/u3/KH/Rf/2x/3h/+Sp69+4vf963/vv+g3+4//+G//+P1f9Gs+ePOr/tT/6Nf6+3+nP+k/+83Lv/dv+uf/6v/z9R/97/3K//2fmv6Fb8f/4N/+X/2b3/8//7T/8S9Y/h9/3J/xi/7A3+iP+PP/rV/zb9z6L3+//+uv/If/nHd/4ejVX/oP/WE//t/n//Wv9b/+U0/+pH/w/Pf+p3/P3/4XPr3zyV/+m/21v+vvePp7/Nhf9Jef/R+//Pf8q3/33+MXfv5r/uLf5Ff/YO8P/H0++5/+/j/t9Z/49/8Ff9Uf9Tv8C3/rr/r+f/i//u0X/+6/9Tck//OP/2u//+Hv85v+pn/KP/fpr/7zfvDr/Ja/xX/8O/0f9/7zv+8v/4VPf+ZP/13+it/3F/yff83f85f/D7/P9/6zX/0//kP/+h/62/6Ov8Ov9/yv+CdeN8nWX/zy4X/4r//3P/bP/UO//L/4yX/zt/3Nf8d/+zf5Pf7L//Zf+RfulNN/+Q/7E//Cf+m3+r/+0j/4d/4//qv91Z/0v/zYn/VP/zO/zi988ysf/uKf+g3/gL/lH/0//4S/6089+593f8tf+Bv8nf/yn/7pv/tjL37bv2f+T/3gV33r1T+Y/dfHv88vX/5Tf8qnv8sXf81fePJ3/J6/+B/7Ndq/9Z/8d/+3v+jX+/e/853/8Wf+9D/77zr+1uuj3+c/+0//jj/jP/qP/9S/+//4yX/k//rH/rm/df4v/P6/x/Nfd/xn/MV3Rp/8/vd++bf/xF/7v59lv9k/Pvv+//IH/b7/w5d/5O/12V/6y3+/f/7v+8v++N/4H1//g0+uf6u/8/u/ycFv/I/90r/vT/rlh3/vf/x//Kp/65d+9a/++4/+3D/h3/y//s5/4Hf9ib97dv8X/NM//if8q3/Bv/P3/B3Tf+3//Knf8k979vKLf2Dvf/5bf9sv/o+nT/7t//YPqP6Y5MEX/8sP/qJf61//8b/zz/lnln/2D37/v+ZX/UV/20/9Bn/Dv/On/n6f3vvOi90X/+J/82f/Pb/pX/Kf/gWLP/f3+b3/il/y6vyn/odf53f5g37V//QPvv703/iLfv/l+H/+S79Xn/zP//H9v+ev/f2+aN78h3/sd/7lv+Iv/KuP/68m+XNfPPrH57/RH/a77n7vP13+lpd/2S/+l37FL/9H/rqLP+MXv9j57tOdP+d//rMe/Gt/z9tH/+LRx//o//KbXv0GH/+O1e/0D/4moz//3/71/4O/6uCv+tf+96/2fvDd5M2P76R/0t/7x/46f+Xpf/mvPf29f9vP/pjs1/w17/7+/8GvUf7bv8Vf+1989lv/CQd/0d/3q/+On3y79+DX+JN/g//68Mf+lNP1z/wfv/sf/0/+ff/qLz78s//vF//in3L+6j/61/+AH/yN/8CP/YW/1z/yp/9hf9AvHv9h/+Tq6PFv9df9/f/8r/GD//L3+0f+8P/lj/x9/6y93/sf+Z1n/+J/8Ic+/Mlf8Tdcf/LL/+ff4y/70/+cX3n56P4/9uv/AW9/8G/+Kf/u3/Tf1n/fL/gr/vLf/d++/FP/x//tt/9df+Pnv+zv/ic/+41/y51/71/673+9P+Zf+B/+jz/tXyub3+jh33j46k//df+on/6Jf/if+q1//X/zr/q/3n5/8o/+b6Pf99f59Hf+rf64v3nrH/sN/oqf/i9/6fUf80/8vb/Zv/MX/87/6j/xi/+3//rR03//P/h1V3/6T/3YH3fwT/4T3/tLvvOf//n/7N2/+h+u/+bf69f+q/6yP+xX/arjn/j2X/e//VX/7C/46t/4c/+Wp3/vX/qP/WO/62/8C369V7/2L5scvfjb9/7VP+N/+61/8//8f/s3/t4/+g/7ld/9Hf7rX3nxm/+NX/xNn/3h/+pPFi93/vq/4F/4X7/9j/6Jf8Ff/ssf/C2/7H96+k//0t/mt/4P/+j/6p/6A/7P3e/8if/M3/vyH/zX/75f/tWf/Je2/9M/9X/80f/9f/Zr3vutf6tv/ed/0m919pf8sod/5L/X/Jsf/ZUXJ6/+zv/htx39Nxf/zI/9U3/f08f/+e/yV/67f+B/fVb/+X/juz/qf/7rf/V//ff+wR/9+u/+jL/gd/pTyz/h7/nv7/6Hv8bzv+x//Qd/w3/yZ36r3/8v/S3/3F/2y/60g1/v8X/3T/8bf/if/7L9X//Jr/65f+e//jv+2d/h3zv93/7+/+D3/Af/r4e7f83v9vFf+Zv84B9dvvqv//lHp+9+k3fpX/Yz/8flp7/hV9/67L/8fX+bP+X3/qf/w3/7X//nP/5lf/K/9OJbV3/1v7r9W/5W//rv+g/+ef/Zv/qP/U7/w1/27d/sL/34x/+o7zff/1t/+4P/7s2f8Rf9q3/VP/eX/on/2rvnv9NX7Sf//W/2rd/6//73f/IHf8zf/+f9msv/+z//M/6b6X/zG6y+nf2y3+/08jf4l7f/kX/rH/61H/42f8tv/pf8bn/0H/Zb/OQf9Pv+Zcv/9L+5/5/9Jau/7w/7H/+Xf//yT3v3u//gt/tLt//9P/C7T/+ZT3+XX+fBb/07fuf//Esmf8If99++/Scnf83ZL1n/Ov/hX/8nvrv3+Z/8u82L9b/7M3f+4z+v/WzxF17/R//h8//u4K/6w/6aX/hn/cTdJ/mv9Z/8tf/dH/xbZv/ayf/5p/2jP/7tv/YP+nt/xW/3t/4lv/rX/DV/3d2/8a/5Hf/Nv+Cjf+xP/OP/ji//xj/+t/wPnv9Dh//2X/dbzf7Mj/7lX+/bi7/hD/vOf/f8D/hX68f/7i/7R4v2b/sF//Nv9fDf/7f+qT/rD/70T9/67N/9Bb+6/vv+tD/pV/8fv94f8Av+rb3v//aTf/ifvPv0t/4dRnf+mF+Z/L2/5n/38d/21/7Rf+iv9Qt+h7/re89+i7/l1/g/f/Gvnf4aZ3/8v/tb/+7/4m+9/bt9Z/8f+xP/7n9+/b/t/U//16/53/2LT77/+W//bv67/St//ORv+zsf/1oPD/6MP/Vf/P7/9Et+ydvf9//88V/r+OP/+vf8RV/+fd/9X/7+3/v//I3/oV/7Dy/+pr/j7/6L/vtfdvLn/2//+x/5Jxz8/f/T3/9n/3kvf8Uv/vNP/+0/rfpH/tP/8//6lX/1v/XfvBj99F/6H118+evf2zr57//X3/Dz//sX/q6/519f/off/buP/tu7Ow9+cfPLXvx9P7n9C77z6W94cuef+MfSP/b3+OQX/UF/8R/w6Pf4bz7/5H/53f69X/Ppb/jTxX/5f/8Xf/Bf9mv8XX/ZoijufOfB7Ivf7vJ7v+j3/Nt/t9Gnk7/mn/53/o3f693dL37rl7/0V15+9guevv1ffu1/80/+n//8P/Q3+hWrP/f3/i9+9Z/3D/6if+fzq7/tv/z4H/zu67918er3/uP/s//zN/k3/6B/5c7h8uKX/89/5e/wt/5hf+TDu3/TX//XHI3/wt9x77/8XT//S/65f+fv+I1+t3/vu//q/Fdf/+k//q2/8veb/5t/7WL8t/wZd/+l//tv+D9+xR/zP/yLl3/9L/7sX/nXfvkf/Yf+nn/K3/v5f/+P/X5/xsPP//Zf9Hf8KWfJX/4P/Fn/9K/46vH0X/oX/6Pf/J/9I//C3/3f/e3++eI3+l+/+nt+8m/+a3/il77+D/+ZP/BP/DP+/K2//z//nf6P/+S/+eWji3/j333wb/3lP/iLX/6NyS/7l/64f/iv+nP/hv/hxcl/8rf/qr//9zv9Z//p//Gf+s3+r2d/9X/wt3zrv/z8/p/539z73X+bP/RP/KN/p9/tV/4dyW9+/jt85xe++f3+qb/mn3r76/4O1b/y5/+fH/+rv/R3+BuvXv2P/8R/9af8Gskv/W9O//rRq3/gb6v/9L/g91+d/S3/292/40/4W/+W/+mfn/3T/+q//R/8o3/e3/T3/1l/6D/zx/15v+qv/bd+11/wiz/9Vb/Tn/2rf/3v3/+Llr/mn/Un/Yn/15/+7xSLf/PP+I/+xF/zF+T/0P/2F/2jf+pf8F//4t94Wf0Vv/Hv+Kf84r/jt/4z/tz/7V/73/+w3/a/+WP/tX/pxT/7P/6Tv/Vf/Pf+Jv/8L/vt/uXf9y/8k37Hf+jH/5cv/85/+uFf9s//Rb/gX/hT/ru7//b/9h/8r3/V3/mnfOuTv+xX/Bn/9D9z9C9/8dc9/Pd/w3/xt/lr/7I/f/8P+W1mv+RnZj/xi/7B2cOf+O1/8a9f/cT//Pf95f/JP/T3/WP/+9//d/xFP/hb/utf/Z9+tPfH/SX/7T9zvfpTX/1Fr9/9ddPf8tf4R3aefetP/u3u/j5/z3//8LO/N51M/6zxX/f0V7x6ffrgn/3n/4Pf6w/9D36T/335E//dn/zmT/gv/8rf8ff8Y/+iv+vyd//bf6310Vb5f3/+E7/4f1x//NHf9Sf/b//xn/17/32/7L/8y/6Zf+mjP/5v+n3/oF9jnf4j3/kbvv2P/U3T/+HJf/zf/d3/2p/8+/+jv8s/+Dfv/W0Xf9Ov9R/+1G/x+/5+f89v+kv+2b3f5N/+a+/v/pn/+qt/aPff+R1+zX/n9e5/8u3f4e/4v/6b+7/rL//DLrLf76/87X7TH/z2/+ef9m/8Jr/o9/sb/+K/+O/+df7jv+jyb/o1/6j73/ld/sK/8cGftPznXv+rv/3Vv//P/+nlX/Vf/x3bv+G/+TeM/rq/YP8v+QP/uH/1k/t/zv+4+rN/8f/1+/5ezfG/+Xf9z3/y//xn/AZ//V/xtz/5qb/vn/6P/tTf9w/6P/7QP//H/pb/7tf49e7+i//Cv/PH/iZ//N//O/yJd37xH/bmd/xjf/v/6jf4Rxb/6p+S/tk7/9Of/1P/yu/7r/4d/8by93r4u/3nv+L3/YN/g3/jD5r9G6s/4z/9O9/8Rr/+l//wn/+Hnvx9f+pf81/+bf/7iz/537n7r61+zd/xf/gn/7Zf9j/+2n/EP//u1//uw6M/8lf/V4/+wT/of/p7/5c/8T/95/7H3/Fv/rN/x/V3/68/7fz3+evnf/n/9O8e/cN/5Xf/5/9y/Yt2f8fD3/DR/7U1+VP/tr/yt/un/uN3yR/8G/5Nf/Vnv81f+U995w/5LX4y+2L0d/wN/8XJP/JX/gt/6d/653zr7F9J/tK/7l/48//i/+I3/gUv/7Df7395uvi//7a/8vf5m1a/8l/7d/7Pv/H43/kH/7f/4Yv/4t/8B/+kP/m3/Opf+cHV6m/7vf7mv+43+3v/yay9+8f/My//p+yv/QN2/8G/4G9e/M+/+n/8XX71X/FP/3FXf8Gf9tv94h/8CX/7P/vf/oJ/+q/6vX7pv/P3/Ov/bPPR/zX6e/+tv+h/OvsX/sA/4Kf/+v/jx/6Vxff/x7/7/H/4z/6DX+vv/Dfv/Xn/8z/xP/zdf8y/9zf8M7/o7i//i37lwR/yP/71/9v1n1f+tef/w/f/7z/t7/jWb/D3/Zo7v88/8Ov+zN/6t/4Ff+5veu8P/2v/8v/x4V//p/19ry9/hz/3k//q7/3j/oV/99/6M/+mX/Yf/Ld/0Yv//B8Z/6pf/Dv/0tVf9Pfv/1P/57/6D/+iP/sXfP77/en/+x/57/yJs/rH//t/c/z3/Zp/8W++8xcuHv1mf82fv/0/Xn/8F/y3f9a/+3//a//p7/3n/av//D+++jtXr5LRt//19nf65//AR3/S9/7yf+wPWH38N/xVb3+D//23+I8e/y3/7bNP/+Xv/6O/1T/1+z/8a3+/i7/yn//O29/73/lzj57/Kf/kn/Rjf9m/9PK3+Lv+uH+++r/+g19c13/Hb/iHL37q9C/595a/xpd/6P+9+x9Of/Uf8o9ff/bPfe+/+vP/hl//y3/tk59I/sfd//VfvPO/7/0Dv8F/+9E/+PHdf/iP+sXV7/oP/+qrf/AnXvzVv/Wnf/V/9ufv/Mv/8vIf+qW/0bt/9KdfXf4eP/5/jv6df/Hf//t/x3/+6Ks/7Y959t/9fX/XP/tP/8o//4/9Vx7/71/+Jh//1P/6H/wWzX//r/+Cv+PPfPk3/9f/7pf/9x/y7737b/6and/vr/mbvvtPrv78//vsX/xNx7/6H/vn/5jf5Y9u//VfePpP/NF/zO/yV/wVZ3/fb/ufvvqb936vb/2yX/rlb7T+m//xP/w3/TM/+V3/w7/mz/vzf92f2Potf+Uv+Uf/2N/mj/09f+///i/56d/x4I/5T/7wv3b5+W/+D+/+mf/Bs3/7f7r3dy5+nT/qn/7r/or/+MW/8vZX/8N/6N4v+20/+0v/3Mmf9Hf9Bn/xZf57/fV/3p/zB/6xv+9P/m7ni9d/1u/zz/+O/0L9P/9j/9jTP+UvfPpL/uI/7t//jx78vb/8P/8HfrO/91/5U+e7//q/+X8c/nqT//G3/Ol/+Q/8d3/1xf/67/8O/9Gf+3v/p293/tXv/vYX//XL/+jv/63+73/+r3396/9mq9/yr/27/4vf/Xf+DX6Pv/Pxr/qv/9tnr663/vz//PHf8z/8a3/TL/hb/uRf8Df9J//n//J7/YnZ3vf+mT/xd/1Df52/783/eu9//pn17/73f6/9z3/zP+nzH39+8vD3+Pt/n3//L/zr/o31v/rlg/rfPf01v3pS/fH/xe/x242uf+c//+Gf8df/meO/9+/9E65+zz/tb/tjkr/xt/9H/qtf/I8kH/93+//8f/Xd/+3+L/mLftcfvN3+S37B//oH/0M//fv+Ri8v/oe/vPzF/+lv8/f8ldP1/9rO/v0/5d/+q//E/+Av/EfO/oeD/+CP+Yf/9dNf/Bv++fv/6x/6O63+zf/rL/7q1/7P/8Vfd/Rn/1V/7D/3m/67O7/w13/9Ozz7m/+o7/zts7/9W//jw3/w1/lnf+Zf/vSv/wf/+D/4v/6d/4Odf/vf/gd+h7/zl/wRf8JP/xb/cLX9O/3Pv+nf9ev8d3/I0b/3Zz/+/f6Hf/afz3+/v+O3/o9+4//rX/grfqPf/W84ePAv/uffSed/4fG/8R/9nX/Jb9f+w7/h/zD9Nf6Zf/bf/Qe//B/+h1/0r13/LT8x/2//+z999OUf+iv3f4PjP+N3+hv+gT/lt7v8W/6uX+Pv+R3+wuzer/pHl7/6t/qzL/79/+CP+vR//kf2/o2/7h9d/8e/2b/59/9Xv/8/kP3Srf/81/89/+Z//9//k/+2P/QPz/6aL//zv/OLn/gl/+Pf+U/+7n/OF//oP/u3/LJHf3x971f9dv/LX/dv/lt/+vr3/pu/+J2LX/jH/Zevnv/xf+29X/TVL/4Hf/r3+Wfv/Z9/6Z/8J//df+F/+1MHP/P7/6q9L//U79/9Y768+it+5Y999nf8+2/+gPWP/ZK/+vnv91v9iXu/6s3/+Wed/1X17/LVv/Mb7Oz/dn/hn/c7/N6/+s/5v3/re7/+//AXnv82f8v+P/8q/Vv+yf/2f/js3/mn/80f+5n0z/y3/8BfXNx9N/tF4z/nf/jjfqO//nc6+hf/pF//H1r8fnef/H7/R/nJL8l+h//o6e/7S+/+3Q//8t/5N83+jl/zu7/bn/e3/4Hr5r//Nz/54t/6e3/NP+j+n/JLqx/7h3//v//PWD/7X79c/Wu/y9+7/U+++NN+z//0Fz74tT77B//8//Wj//A/+p9+wfrX+ul/89/6j//mv/P+v/27fNb8hb/pH/Dg7/j1/7C/+Y/+TY9OfuOD3/Afu/r3fp9/9Ff/mr/53/7q3/59P/77X/1Hv87v/1//3unf/a/8Hr/6ry7+rqvlP/H9f+zv/AN/8IPf4T/4p37Lf/cPPfvbHrz8jf7OX/pX/pb//v7/+u//B7u/6KN/+d/5tf+5X/on/N9/3V/6d/zgf/ryN/0vF7/y/m/1D3z14t6v/5f8DT/413/tx79P8Rv+hX/Es3/5P/9rf6u/8D88+Qt/wSd/wD+89ff+bn/LH/dL/+J/+1//k3+Df+DNv/Pd3yD/5F9u9v7W/+K//b9/m7//D/qxP3byJ50XV3/kvX/0n/6L03/j7/6J//7X/qk//l/69/6Xv+zb/+Sv/Y+U7f/9f/0jf9pP/4rd3+sP+WW/fPkP/rvP/oQf++6f+J9Uf/Av2P/HP/kd//K/+Hf/D3/ZP/xn/TV/0F/+j/zbzdO3v/pP/Lv/9u//zv/Omz/9t/l3nvzpf8bLv/PP/H3/iP/pX/gzf69fMv1b/8Nf/y//r//V//AHf83f8icc/b6/3da/919c7v9lv82/+/3f5S9e/MJHv97Df/E//ef/r98t/Z3+se/9qX/yf/uX/+Rv9C/95F+5uLc6/x//9f/2r/8/z3733/IP/6uqP+Hwd/8v/4a/88/8Hf/7X1L8I7/3H/oXXL79P/7qv/Un/7L/43/81f/X9+78nf/OP/SP/Tf/9v/4l/3+z6b/0K/803/y7/nJf/cv+JNX/+von/oNv/0nzX/xX/2L/sJf75cd/R5/wX/z+S//W/+23/mf/b9+q9/08p/a/i/+zH/tV//vf89//vf/J7M/8O/86/b+7vU/+Runv2z7X/vL/9L/7lv/3H/95/2fs3df/e///Z/74N+ur37/f+O3+02/Sn6Pf/+//av+wkX+L/zev/LuL3nxL//Fv93bv/+P+N//jN/gr/mZ7Jf9tf/J9/6jv/L8f3z4+/wnf8V/+YPf5j//P37yr/if/9rf6W/4o/6xPzE/+9f+ij8x+62q//i3+2P+2nu/za/8E+5/95/4yT/rz/od/9M35d/+t736C/7ov+Nf/u3/oJOj/7753X/5L/hzPkt+Sf0r/6K//7f5vf6zR3/v/334p/4Xv+l//P0/9bf8F/66v/n/+Of/7PNv/aM/fj7/nY/+st8p+2/z/+nlP/ULf/Cn/F+/7E/7/j/yd/1Df+2/9Of8QVf/5R/yX/5Xf9o/8av/i9/2t3r6X/5nf86f8rv90X/QX/bH/C71r/5brn/B93+rf/nXvPwf/8mXR//Xf/43/IP/7n/7X/zh//mf/mdu/d37v+CP/5v/4PW/9lfs/Zd/2j/7b/x5v8tnP/UXtH/Pp//ev/rX/Ie/9d/95138tX/B//y//SnfOf/bvvzsP/zWv/HX/P6/8n+72279HQf/zRf/wsEv+Ef/ij//V/9Vf/1/8Nf+vn/qvR//N/+g3/bX+iPaX/rwz/zz/69/76/7Lw9//G//c5//Lb/BX/xP/Wb/25/6B/6Jf9nfPcr+7Te/+l98+l9P/4s/8Qd/9b/4K3+i+Of/+P/6X/yx32P+Z/0dv8df9KcX/+1f+Ff/V7/On/OX/esPX/4u//5/8W/+y7+4+uTf/eN/45/5v//2k//+3/mlv93133j1z332H/+rj189+j/+yt94ut778v/8c3+zz/+Ev/rX/9//jsd/+f/4H316+n9N7v1P//4/+Rf9+n/Pv3/no//wf3i5+s+2/sW/v/07v/+r//vf4//+B9b/4m/2rP4X/7o/9fd/+c//Bf/BzoO/4T+7+KX/1X//i3+3f+/ioz/4F/1bv+Xf/Zf+/g//wT/yf/yv2qvRP/6H/Qn/y1/+75z+ot/hn/x9/qRvP/2v/8Orf+Pv+iX/7a/7H7356K+a/uZ/8i/903/Rwe/bLv/uvb/s/7z6m/+O//j67/9Hv8r/sH/449/tV/0lx3/tf/A7vv3y0SL7q36/i5/5F/+wf/bFLxz/Gv/Cv//n/Yn/5g/mb6qH/91/s3v1x/0pR9dP/qDf4896+Df9vv979lf92v/63/DfNn/Nr/kX/d6/x7/yZ977A//zv+cv/TP/2OW/+N/8wvI7v+CXJf/db/+v/02/85d/1q/+6h/78rf5M/6DP/rO9t/0n/+fv83f+NU/9ZN/3l/45z79C37p/9L+hR/9N9uH+X/8L/91f/u/9g/9G//Cl7/mP/p/z89+59/pT/4d/46//E//s//lf/6TX/nb7X/vd77zxd/1L/59/9jTX+fv/0fu/BY7//yzX1b+zv/K7/MHP/xf/+w/7u/6N/78g1/wJ279Nr/e//6n/IF/zx/yU3/qnzf7E3+bf2/yv/7lx98t/qP/4+/6y/6K//V//SNnv+/f/DOPf7c/8df69X+ff775X37Fz/zd/+of8eUvvfc//5k/ePx//bv/+p/3V/y7r36d038t+fOf/i7/7n/zR/8P87/6j/+3H/6bf+VP/bKf+q//4L/wH3z7h/z6v8Nf9hv9h//VL//j/6yHf/TlH/mn/1vf+iNWv9bOX/cP/Gu/1/LZ7/M/fvUv/gV/+//yf9756z793/6JP+PP/euOxr/Xf3P1u1383v/D3/6/P/p3frvvH//4/u/3y/6Hf+/v+sP/ke/9i3/I7/JX/Nr/4Z/99/yW//Of9oPz33P90T/8z/++/9x/83f8n3/+3/y//iFb/8PLv/k//aU7/+Sbv/zT9k//5MVv8Df8L3/Iq//z2//CH/CrZn/tv/mPn/7nf/E/+vv8FX//d3/yDyt/8T/zL/39/8s/efbwP/v3fo9f8U+2//unv/e///v9D3/fd/+I//n3/P3/5+aP/u3/jX/t3/w//4K/5z89/8/+/l/+3bz8X/+Fv/J3efZX/P5/+JO3/8jsP/sf/+a/8+A//Op3HuX1//ZTh//l//i7//H/4p/0N+18/Dv+jv/Sv/nuP//D/4f/7Bee/WH/zS/7D/7nrX/7L/kP//N/92//b7/3e/zV/+Z//q/9fv/rb/HFX/1P/XV/2xd/zn/2M3/38a9//ct/+V/wj//O//nWLxj/Xg/+88+++oX/wm//u//gL379raM/+mnz9//nf+Df/Ct/6T/89/07/+Hf/gv/77/5r/w9/tzFn/GX/qX/4e/yF3/66zz4PX/NP/Zv+fPr3+TX+v3bv/gnz/7r3+lf+y3+hj/vP/n3fuXf9St3fr2XW7/87/irf+MX3/03/uIHf/1/8St/q3/tb/6Jf/gvfvN7Hv0e6//pz/jXd37sz/01Lv/jf+iXXP72v/k//ulv+c/8m396+r98+xf+Q2d//IOrv/GzP/Nf/JP+kYd/yS/71/+rd7//X/P7/fl/xr/6i/7pp//nx//nv/wTX/yXX/yt9W+ydfWv/tm/6H/5v85+r7/7x36d//rP+x3Hv+a/9Cf8l3/Qd/61f/Wv+3X/s//xj977G/7eT3/vn979mb/iD/32X/Qf/xt/zx/6L/+nv9F/93f8V3/Cn/2H/3Wjv+Dqs9/kX/jfDv+E//mv+Z3O/v5/9ZP/o/2vR7/Dd/7L6R/9yb+cPbz+w3/rX/dP+Iub1fi/ePm3ln/6+q/+y/+KX/eP/XWbP/WX/pE//qvm9f/w6//f93+dw3+YTNw//Pj8s5M//m/9hfd+svm9/v4/5ff4Rw+r//H/+Gfe/L2/c/IvXXz2gz/lL/zio//131wvf/yP/EX/8uxf+KPv/Tm/z1//3/7l/8Wv/y/+ou//6X/Kb/e//5X/TPrid/97/r3XR3/Ku7/l3/mjf7fpP/r0V/zn/9H3fos/rPxX/q2/8uVv8nf98X/J7/Ov/ad/5I/99k9/w3/7D/2L/vG/93z8b/wvv/Xf//o3+T/+3i//p+/+x7/yt/6r/57v/N1f3f9vP/5Tf/Xvfv3f/Xd/6r/46/y6P/6L/vK/7t3/9b//E7/Tf/2rXv0F/9pf+Odcvf7Df+N/67/9t7b/qdPf9A/7N/7LP/zgd/xHf7e/9df9vf7RJ7/493/+V/1Dv96/c+c3fvk7/Ym/1/lf/d8+PPxdf/lfPfoX3vxr/8Vf+Oyv+4//jeKnV3/PL/9D/7nf4tf9nX/Z8i/8d37lP/Af/O67u//0L/5Lfs9/4PRP/vv/iX/wdz35z/7pf+fv+cW/5X/3x/zH/9N//8//yb/11W/6V/+y3+e3+Te//ev893e/98+8+t6v/T/81n/b5W/x6e/4ux3883//n/S4/bX/pN/nH/mP/+Df9E/7q3/Vx7/8d/305f/4p/75D/6i36T5M//0P+ePm/+hL773xZ/31/+H3/7ij/9zft2/85/5w/735p949jf96f9s+u//nv9Y83f8U3/YP/sH/UF/94Pf+M7LT//pX+eTf+0/+F/v/vI/99f+Lz79w/74P+jP/Duf/czv2fyq3/en/6zf5X9O/8Z/6h/87f6hj/+A//v5//rvFn/HT/8hn3z5079x+7e//P2mv/I7/+Of88ffpfjyv/8zPrnK/szn/9of+7v+i8//wr/gf7/4wz/5x+/+2b/q761/oz/lF4wP/8/f74/93/6t7/9L3/+zfnz35F/93pe/9d+f/7e/13f+gs9/4R/9+S//bX7hb5IU/3pb/6J/8A/8K//aX+Nv+6X/2H/xZ/3R//nef//n7Ozvz6tf+lf8pn/qL03/vbvj7//7/9bLf+lf+p+O/8x//PP/+Pf+Hf+P3/gv+/hv+Q/+tj+oPH/0B/9m987/5t/jD3j0t/4J/9jD+7/d7/d3/l+/3v/0vb9990/7w/6wv+xf+s/vfv53/w6/zp/4Z/0Wp3/jb/HnjP+mn/oV/+qf9bv+Wr/gH/0L/tOf+Oxf/Esf/pkvfu9/7z/4u37B7/Jr/Lb3//z/+6/71/7Of+Of+RP+4U/+0Ks/458c/xd/27/yL/xff+H//Sv+xd/ld/5z/+q/4/z+P/+//HH/xV/3f33y7s/8U/6JX/8/PfttiqevfmW7/pn/85f+Nv/g7/6X/iUPd/7O3/6PfPiXf/Qf/nn/5m/0vx7+4//+P/if/q7/7D/5F3/2Z/7ff85/cvpL/pH/5m//1rL5D/7i5X9y+jP/zPb3//uTf/u3/U//0xff+W8u/4+/7t//c9rRP3119Ev/2//m9/lb/oDf6nert3/6l377Z/6PP+qf/9/+3f/+X/yJX7X1N/0XxeIPTv+5/+SX/q2zX/lT5ff/tQd/8PjT61/2r/0e/+Bf+d3/8n/7H//y7Z/5T378L3n5O3zy6/3Pf+Cf9+f/y7/d7/ATf/3d3++X/a6/5t/4nd/l7/uH/tzf4OXhH/W//W//wd//d/4X/9f/Mv3j/vFP/sZf/Y/8+X/I7/lXfuf5P/xfPv5t53/Hb/G//YrdH1R/7X/5N37v39k++t3/vT/wx/+Cf/Lv+41+u//iL/1v/4w/oP1zftnf/j9//F/+J//L3/an/U+7f/LJ//kn/sW/1g/+1N9v9vvutv/Wv/5L/oyf+csv/pL/+7//LbJf9j//zb/uH/3n/op/7ff4nf6gv+T3/d8ufurffvWP/xFf/RV/9vj483/v7F/9zuN/5MvXj7O/6u/7t37s+/u/+BeMdv+cn/gr/8Dv/8F/+9/8V/yS6X/zj/+R7dFfufVv/Y2PLj//wR/30y9/8d/08k/cv3vypzz6H/75//V3/vP+11/nj/8TfvIPe/hnf/H7/n7/6uXDg5/59t3f4l89XFb/9H/xg981+cOPfserX/0n/ie/yR/+D/3Lv85f8bf9Qb/oD/lnHz39r/7XXzb6d05/29e/yd/9x/1aZ9/7Fbv7O9/5i/+wf/93+sd++j/Z/pse/N9/849dZO9+p3/+wY/967/+r/EHtsVf+hckf8Of+Et/n3/pV/6p//NPPfsv/8rln3Xx7/51v/iv+Wc+/g9+r4s/+V/9Jb/Bf/qrX1f/UPrmn/v3X/70+R/zq/732b9x+D/9qt/t+F/+qY8m/9FP/ydH//T9P/d3+KV/1U//0f/Imz/iX/iL/qZv/a/Xf80f9N0/avHn/Xm/7j/7H/5Vv+fv+9u8bv7t//gv+7G/MP/B6lf9T3/pP/f3/Um7f+anv/Fv/Zv8hV9+8WO/zeV/8if+0X/oP//R7/o/Xnz7t/mL/vSHzd2/8vf8z/6Q//w/+gWL3+F/+ivz3+vhb/gX/Zv/wR/1R/zR3/9n/vMv//S7/9CL37DZffz3/a3/0F/z6/7y79378/7lP/nfef4z/9pf8Nfe/fSP/MVP/ri/+vFHf8bnW//cd/+q3/fpT/xDR8d/5+j475tv/RH/xL96/z9599/8qj/0t/kPtn/py3/yD/oPfrPZ+lf/e9/9vZ/99D9w+G8/+f3+l7/40dv/43f+U3a+2v/p3+Qv+y/+3p1/q/1N/o7P/t0/82/7l/79/+l/+tOav/Inv/OvTX/qb/tX//P/+Xf5T/+83/IP+Z3+41d/33/3N/+rf+t/9Vf+zPqPffXf/47fefof/5W/5tP7P/jJ//Ov/eQf+M//1P/+H3/+yaM/4y/+9f6X//3X/defpH/lr/GX/Vsnv+b3f/B3/IpfXf74X7b7v40u/uo/8N/5C5v/av1f/4X/6V/2N/8Pf+Zf/nv80v/gX/51f83f9ui3/31+w9Vf8Vf85L/+G/xfv993Zpdffm/9f3//P/97fvBr/0//3P/xm/1h3z34j/+vP/WX/yf/+7/yRzZ/wpM/+1//b7M/7K//E36b1V+5NfuZfyW5889/66/9S37ij/lLf6M357/3//Do3/pdqq3f/4/Nk4v/5W/5X/+5P+kX/QNvq1/z7/k1/7b/Pfl7/8e//E/+fX/933T6S/75P2by9z34bf7cP/Lv/+rsO8tf47+Z/ub/5D/6/f3f8y/+1X/L3/Fn/Yf/w//0l/xv/8Ff8b1/4pP/6+/8h/7dfzNN/tFP//W/78//33+zX+/X/kd+xf/xy3/t41/nj/zL/qz/9T/7z7/zp/zmj/733+Tv+fJf/JdWL+/9zf/37/F7/DX//V/y+/wXu3/lP/l3Nv/zn/2H/T6/+//yd/81+9nf/mf8j7/R/NP/6J/4r3/y3/iH/4ovf/y//w9/2a/zV2/9a7/pr/l3Paz+tL97+Scsfqvf79f7+PrP+J1/v//7X/8vf/P7/2uT/4OjO3/7/3LyR/32T3f/9l/6M//8vd/69337T/z3//0/dPdf/f6v85/+SX9O++6vf/BfH3/12Y//MQ9Xn/1bf+df8Fv9fX/9T/4Z/9KP/bf/+3/xi/7wP+2T2eGv+k8++te/83f/W7/ob/gPfvW3/9w/5/Rf+bXPfs1f56L8Tf/Dw9/vd/9rf49/Yv/f+y//k//k/uFv8Hf9Ga9/64e/9e/yS/6XX/8f/5f/rj/ibPv/Wv5hWw+++vLO7/Bm+jf9Vnd/9W//S3+9nT+n+uf+7N3f/8/7Y48f/NbV7/En/Vv/d5X8A+Pf4v/+r37Tf+X72R+78/uf/N7/ZvO7J3/9qz/z7/jL//Z/eud3+RV/wehPXHz66/xf28nz3/b/+s2Kv/f3/7t/o1/9u33rqz/jsz/n35j+az/5j/8ev/Vv/h++/Cd+5W/35/+ePz56ff/P/OW/25/8l/xh/+2f+kf88n/ot/3Xvmz+tL/2b/zv/rPrv/vP/F/vb/8pxy9/9T/0vV99+pv9Jv/LH/sr/pH/+Q969Jf8vf/Gq+//YX/l//Uf/+V/3x/wP9Z/2tOf+g8/+XPqf/zP+43/6F/06/6Kf+5v/i9/wbf/wD/jb/z44l95WPwV/80/f/jLH/2+f+f/9fdt/a33/vRf9Od98bv+Vn/pF3/8f/1r/3tXf/U/+/E/+wf+jn/v7/ZLfts/e/07/Mn7r371X/5b/CsPT3/1r/zn/+Y/+9/9d/+xf+DRy19x/Uf9w3/C/3ny9M/a/4N/n9/ij734Nf6b3/UX/45/1Z/+e//Jf/vTv/P3/s//3f9j9lv8vX/z6t5f/6ed5L/d27/63/iD//uLv7v9K+//Af/A3/Lf/9n/yG/9yW/4x/+nf/8/9Ef+Wn/UP/tPXf8l3/vTfsnio3/37/xn/6K/4k/6k/6Arb/+z/9Lx7/6j/1Fv/Nnv/Kf/Ot+973f/9c8G/8Bzz/5z//J3/Wv/H0eb/2N49/nt/jf/stf79f4N/7Q73751xz/wn/63d/6r1S/xt/xV/5uf+y///0/49f7e3+TP/U//mf+qbOf+T2/3f7Uv3zxN/9lv/7//k+s/vT//Tt/2J/5rV/jV/2KX+ufPf/1kv/p5X/3b/4Tf9FP/8v/2b/+e3z/n/3r/ug/7m/6/q/8i//+P+lP+HX/1H/p9/jvf71f9Xf8Fb/3b/d//tWfXf/7X/5Pv8Ov/dv8nX/Z1d/0W/xm/8jv979//Of8ivbPPf6LZr/kP/69x7/xu3/sj/mV//LBf/DVf/y7nnz+i1f//p/y+3/xC+u/9H/Pf5v/6fNf///8d3/8+p95/id/59uf/KHLf+uPfP5PLf+p3+pXfe/VH/C//4rf88/7y57+Kf/Iv/M3/2F/7e/5x/6qx3/Yn/zbH5784v/pX/7Xvvwn/47Hv+K/a9/+q//n3/xr/ZN/6m/1b/+Z/+u/+Mf9y3/y3/LXXf3rH/+uv8+vzv/Xf/X/+NMe/3V/0OGfffo3/4P3JvU/dPqH/d1/99/9b77e/iNfPr34VX/Syz/oN/gDf4v/+3/45f/8v/aX/af/5u/4e7578ev/Ef/5yU//O//rwzd/+d/z/V/8H/0LzR/9L//UX/Av/3V/67999YO/8vf+X//Hv/5P+EX/2/949IPf42/44p/9l//Z3+LPevOP/abl3/M//J//57/6O/6e/+yvN87+w3u/R/6//1GTv+5X/W2/xfN/9Pf7W5Pljzff+6v/3ukv+uf+y1/+Hz/4N3/qF/0r03/3x//qv/P3+Lt/k09eLX+NP/JP/Av3f8/f7e7038r/2H/vztXfMnoy+fX+m503/+kf+W/+5B/65/6l//Kf+Xv9NX/Zf3T/n8v/6j/86Z8++w3mv+Nv/Ot8/1et/tnDk9//3//Tf6ff+o/9A3/hX/RHfvGfvvg3j8Znd36r3/qP+qv+xP/4b/s9f63/6W/8K//BX/f5b/k7/I3/0J/695/++L96+Pzf/Xv/83/0b/rVv+dP/Mv/xB/zR//xP/l//FX/xOXuL509/mv++d/5d/obi9/5d/23/qL9f+rveJz+Rr/mb5/84n/jD//Bv//k2//LH/Gf/rf/7r9295f8wb/Rf/Qn/oKv7r74O//Ev+n/+mte/ks/+Rv8st/4Dzr/z3+9f+iv/Zv/xP/gd/sL/obf4vOdf/DHPvmH/+i/+U/644t/MfmXftNf9Zde/6Gf/S5/yC+u/vjRP/Cn7vzvP/Of/Hp/wPfnf9T6yd/6g7/kb/w9/5b/9sdGv+2f+l9d/eQ/N/+r/oBf9ff+0y92/va/8B+8+Bs/+rf++O+s/+Wf+lv/k1/vX/otf/mf9i/953/vb3z4Bz758T/40c/8Wn/n9Deb/e//2D/x+6Z/5vPZb/z3/i3/zsP7v3L6m/zTf8nvcvfBD+Z/zed/4n/9F/xRvzr/1/+d3+Y3+Ev/0d/hzp9+9cff/V3+lS9/6n/4nf747/0Rpx//S3/YX/yr/7s/6jf98/6NP+Ev/Uf+vH99/y/9F/7Y1z918pN/+E/9zEdbv+Sv+tX/wz/33/1Rf0v7u/8f/9Dv9l/9xX/x//Sn/jMXv8e/83v+iX/y7/bn/9f//p/1N3/1z/42F5M/7w/4+57+7q/+s9/rn/0vfvf0//zPf9V3fvpX/MZ/wN/8X/96v9k/+xv8m//w3/EXPf5V/8Kv84f9Jb/qP82SX/ef/+Iv/5W/y5/w2/+Rn37n9/tP/tdf95+9+rX+27/i0X/wO/7CP+if2Pu9/sTd7/wZf+Pq5S/8836jg7/zn7v7t3/75d/4D/303731h/3zP/3XHfxD7Z/2L/1Rf+v/8Pf8mn/f//kHff/V/Nde/CYHxad/19/wR/8u//6v8Wv8J1ff/lN/91/4k3/fH189/LO+91f+S//2v/JX/KLf7Vf+Fn/tn/Y///lP/6inf9Dv8sf8db/hH/w31//d0d/3f32c/BaH/8ov+mP/xd/01/uj/rDPnh/8d7/r7/db/M6/z+oXfv4f/8yv/e5v+EOKP/bP+kX/7e/0uy3/utO/849/8At+zT/z87/k7/gV/9b//Jv/Zf/+n/mn/KP/0t++98tf/aJ/+T/+fX/nX/nm1/3d/ql7v+oX/X2/xz/7P/zG/9DV8tf/bf+A3yD/A1/9Nn/Zv/Jr/Qt/xF/4B7Q/8cVf9Wf8jr/Gb/Hqb2p+49/69/2f7/3nf+d/9PnVnz86+d3/xE+O/8U/85/6p/+73/JP+eN+xV/xrb/1T5n/6dPf+y/5zc7u/3W/768+Gf3FxS/5W37ff/TN3/PX/UN3f/rxs+S/+Av+vbN/5m/+p37tf+3XrP/Lj/+mP/7P+gc++bG/7P/Y/Xv2/vr/9mf+6L/xd/y9fuff/3/Mf8s/u/hDv/r0i7/gD/7qv/zu//Hq8+zP/6/+4P/9b/1vf5uHf8Zv/mD1f/4Fv/qP+Rv+it/7b/7H/7j/8r//bZZnv+LX2vn83/tTL/6c3/f477j8v7/6u0a/47/73/wTv/V/9V//had/4D/z4nf58X/rL/0n/uO/65d89fg3+BPO/thf+t/+zd/5zQ7+1D//x3/vP/6PeJP9Nv/34l/Z+i/+990/7d/7fX/Pl//s9/+ki9/48l/+T67++V/5U3/9b/9P/7Pf+4n/+vf8P1/8E3/d+un/+Of9Ov/nn/0P/Le/evbr/dIfezn/1ndHxa/4Hf/lf+SP/ePe/k9/yt/2q3/vv+k//f3/s39s9tUv/JPb3+nXPvmlf+ef9Pj3+xOOaE3hb/2pn/kT9h/97T/9i/6L3//TP+Zv/Lf+gj/vD/+p3X/qv1v+CZP/8h/6988vP/kr1slf9htdP/31fvIvvvfx//V/3f3V//o/81vs/jX/zm/zf/za/3H95Z/9W/6Kiy9e/can3/tNDh/9X5cv/pp/8s/+M/6aP/Fv/Av/gH/rH/2TP/md/5Y/65/6tX7tP+fF+jf9yb/sN/jN2j/+z/1Xfvxf+Vu/k63G33v1q37N//Hib/ren/VP/ot/91/81/15d/6GyT//h/zKz//U57/0tzl8c/A3/hV/yqt/+4/6P//K7/4pv/yf/83/3r+p/YMf/qu/+nf6Q37Xvyb725tv/5I//q+7/D9+4c7/+of8uv/sx1/91hf/6I/9zs9//f/h733+0a+T/WX/4V/+P+T//l/1g2//1ON/9z/Lrx/+nwd/zh//u358/L83f9J/8Ot/96/89//23+Tq3377/fW7f/qP+bf+tf/88p/8b37Nz3+fP+uX/BXzf/6/+l/+sZ/I//7f+p/5O/6ZX+/Xf/zfPv8Ht178Rdmf0f7U7/dX/EFf/hZP/6G/6L/9M/7K//Yf+g9/r7/3b/k7/rdf/gf+0t/t95qVf/Z/8Bf/19//D/6Pv7X813/st/yxv/b/+F3/gr/z/m/1V/2r/8h/92f+Gdnf+Gf8i3d/h9/975z+Pb/9r3fn+7/6L6se/Q5/w3/7ezz77/78X/9PPPxd/+m/7tUv+Se++vX/m7/hT/qo/Bv/gfYv/Nf//v/xd/4Pn/6Ok1/wm/xtv+uv/hN3k//u3/lvv/XJr/uvjX7FX/JHbv9Nv/Vf/FP/6Ee/7l/13/x+f9/9P/Bv+D1+7Tv/07f+59/+X/2T/+wXv/Y/8+zX/S9/v/IH//T4z/ln/sZf90/4P/71P/hP/w3/2Ecn/83On3/18uT//Ct+/Hf7Gx/f/c3/2780/3t/39//1/n+3/eP/IN/+i/8/f+Ff/f/OP/WP/vL/5p/4Hf7Bf/zP/Z7/SX/4cM/7tf/zptf/vzB3/IH/qPTf+LH/pl/a+uTf+7pb/ZnjX/L3d//b/id/q2/7N/9Lf62xW//i/6B2R/2Nz76G378n/sv/vf/fOcnf73rv+EP+/f+zNE/8Rv8cX/m9vd/4rd4tvw1fofpv33/7/gT5we/9//yvx39T//Xr/znHr39AybPT/+Dv/vzB7M//k/78379v+rf/fvv/ufJv/aP/oHJp3/d/lf/9J/3j/wzv8Pv+zv/Jf/qH//5H/p//92/6PN/5O/6D/6a2W/+B3782f/+n/03+3/o7/yt6Xn7C/6Qf/9Pffd3/pJf+zf4U/75i1/xD/wTf//Lz/+gn/njf4P/4i/a/i//9Zezr/7gP/d/+pd+999uPb76jf/J/b+s/Cv/4r/0V/3iP/JfXPwtn/3Fz/7g3+tf+o//6uZ3+m/+uf/jd/l3/sI/6vTX/UN+6jf/x//tP/iP/3um/9bf/u//JdNf9jv/Ib/5X/x/PvxNfvurP/wfnf4mf+V/c/nP/IbP/9DRn/wn/Bn/0J9y/Yf+4C/7Ty//pz/1d//k39of/03/+N/0M7/4f/nu/t/+u53/TT/9H6R/32//H3////jvf73f7A++8+XRb/eH1f/G9//Tf+L//Jl/+yd+rf/7oy/uf/rp7z35Bf/Jt6bXv/bL5e/559/7/eb//Pcf/pbbf95v9Hv9gbPRl5/9hr/8F/5JP/l3p3/wy1/jX/jT3/0hv9HjP+vo3/4fjh7/vf/i6t//V5qjvzl9NPm7/8u/gnTG9L//pX/yb/Zr/DX/wz/8P/x1f8Kv/DP/84vJr/78b/wj/qTTB3/Qr/1n/Vp7W//ef/WP/FG/5/LffPs//Dq/y0d/4d//a47+9L/4z/nzt/+8//rjP+mf+99++mX+5N/59f6FP/Kf+E9/u2L1a/8GR7s/+L8//s9+g1+5+0/963/KP3/1z/7pf/dv9Vv/y//Jr/7Ju7/Wn/an/l5/3fHv8P0/e/3FX/Bf/Et/5//2v/3rv+1/+d//E7/X6J/8L3+T7//4//Rff/6P/pl//B/75q/Z+ive/tdHv/Hf/Pf933/RL/n73j39u37mL/+Lf43f+t/4w37Rf5n/xv/+9/6Wf/lP+lv/+N/x1/jf/6Zf+5f8N794++yPu9v8cf/d3/adX7d49xdk3/tzssO9n7x+8Ad9/pe+/D//2b/gO//0//nP/it7b178Gr/70eWPn/9x69/zb/7q3/p71//Yo//+L5/+Q3/ps3/q7/yX/8Tf51/5nX7zu//R+v/4Xf6Br7775v/8rf6by1/5P/3Ov8aTf27nV/7Ni7/+H/gX/tP8t//H/+Xqn3z1C//5z/6Ev/N/+I3//V/j3/l1/uBf57/4X67/qjuTf+OP+a93/qk/4Lf6I57c+Yv/99/4t5n89OUv/jv+1F/wO//f3/uff/Nf+Vf83b/bn/O/H/2vf8Qf8OYv+dvG/8zf8F/+cb/rr/sT/+L/+D//+L/+r33123//F+7/G1/81uf/99/zJ3/82x38zV/+Ov/E//GLnvyf/9DLXz2d/Eu/0V/76/6TX/1Pf/I/X/7df8hf/+w3ev3xsvjP/qj/8B/5fX/bX/dv/T9+9Z/45/74j//p9/+6P/Knf8XvsJr+EX//H/YLHv3S5y/+r7/k//5tf//lH/oLf/U/8wvO/saPf/CXZX/68f969Ff+5NGfnX/v8Pf413+7P+OLv+CP+hV/0hfTf/dv+gX/w1/0f/2l/+pf8+v8Fv/sn/FH/9V/XvpL1//kr3P9C/68f338p/5Lf9dPv/vPf5+/6TuffjL9hT/54n/5zt/4+/6a3/87/rN3v+I//xW/yT/79/8Rv+jLv/sf/8N/5fjTP+rZX/+vzv7I//lf/md/o+N7nz/4L37Jb/WXNr/xf/NXHvzO/+gv/oWv/qfsz/l3Lv+93+r3+GV/4J/8d11O/vj2P3v3R/y+9dWT3/Z//z//m1/+4umv9Zv9F//Nr/8X/nN/xsG//YuWv/Df+PHdf//H/tU/8x/69Lf/D/7R/+Wr3+PHfqdf//zf/ZV//a//C5N//mc+/eef/RvJwV/4u/4j/+fyH//d/7TV7/K7Tf7yf3D5a/39f8Sf82dc/P2/0aPf5g/813/sv/mb7/0Hh//zv/XgN/4b/tZP/8G/8k/5vX+nv/wP/Svy53/5v/nuj/0Dv/ybvvdP/t1/5m/+v/+yP/i3/T3/9d/ur937q47+iV/zH/23/uEfv/zLHvxZv9cf/3/94l/74PCP/fd+17/i92/3/8y/8Pf5X579Fn/mv/vrbv9YXf4Wx3/ld4/+md/1px/8QR/94X/ZH/7iT/zn/qjftPoffv/f4hf9xskf8zv+Xr/in/pNftHsn/o/f49v/Qk/ff/3+Olf+ff8Rr/z9e/y5/+Bf9evufUb/E5/6X/w5yf/1x/8u/wdZ3/cf/lf7pz/s5d/0x/4P/9d/96f8Le+W/+SX/TrLf/a3+3Tn/rJ//5/+8t/wa/6n3+d3+f3/h1+33/mty//2M/+ndPxr/5d/vA/9yf/zj/59/5fxv/Qv/b577D/994f788e/7Jf/z/4sX/vv/7NHpz9H2/+vO99++/+E//6v+m3+rV+h9Gv/7f+6t/vn/mj/4BXv+5/+Yv/gV/nT69e/ML/9G/58p/8sX/oD/tbf6vz3/53+6P/lr/1D3j4323/47/3i52Lf/ZfevS3/Z33/6tfvvcX/XXp3/Bf/Zpf/TV//f/6k//7v/TZ7/BbfPWX/2N/ye/21z761qeHf8yf+Tv/59lp9eIn/8//oP33vvMHj36Lo+Z32fs/fuL7/+Cj+7/9b/R3f+/h3/db/iGv/o1//k/+z/7B323vt/yN/4bv/S2/7e/7X/4nr87/or/q27/0nzj+6K/f2/3B3/43tb/nf/grJ7/wW//3v3z2K86vs1/0b+b/8X/yJ/4pf/vyL/7N/ug/+PM/v/g3fvd//L/9A3/bPzn5j36Db/+Tv/Hv+Z9/+6Nf+Pv9XX/R4Zf/1pP/5X8a/WFP/sZvn/9Wv8fP/MT8p37bv+Uv/MW/3e/2x/1hT37V7n/4N/7uvzD7TbO/9k//D378b/jJP2zx0R/4+Z/+byXlf578b7/t/7T7N/5Zv+a7P+DyN/sX/pJn//fv/5/9w//rf/r3/s6/zx9890/6w0//5//+r/i9X/1dX138j+cX/9n/9L//Ve/+qf/5X25+Yu9f/6d+1V/zzz36Tf/oj/7m7/+rf+3r//UXPal+4Rf/59n/tPpr/r1/5f/6t//1X1H94X/6j/8eT36DP+6vXB79u8l/8Se9/Jf+6z/mL/ul52d/4N/yW//C//1v+mP//L/5X/kzf8E//zN/+Z/7Nz/6/f7zP+F//Pt/8nf/fX/8F/9D//Kf+a8+/YnVf/Tr/sl/+a+9/lW/wZd/2n9Q/L7//r//Zz79E//3X7T423/NP/b3uvu7/x07f9W/8O5/Wv3Lf9tXv+Pf/H88+pt+/Qe/7Ue/49/0G/+7v/S/Pf7bfot/+s968Gv9Ob/9b/kPzf+K//vuH/07/L6T/+bg+1v/w5/5g7/p7/sP/tDv/IPJ//bjj/+2Lx//7//t37X8b+5Vb/7yX/THpOf/7P/xD/yaf9bv/Hf/Ll/8X+uv/sv/+O7dP/EXLP6d/+CP/0d+4rf4k97+5B/4b/+L/+ff8DP//B/92/wFv+1f+5N/0d/6h/6v/+Bv839//OC//lc/+w/vPlr8dnf/zJ/8D//Y3+Wf+N9/wb/24vs/9s//qn/kd/xnP/34+7/1L/ql//fjo+p3+gce/l//3C//d+rit77+Tf6NX++f/f4fd/GLf7/f6W/7E3/lv/Tv/xp/z//1i36r3+g//Ht+yb9x8Hv8Ub/ns09/q9//X/mP/p1V9Qf96ue/zu/1G/7Ek3/47/jV//e//m/+lz/xG/5VJ3/S1v9w8mv9zb/53/E3/qZ/3x/+m/5B737B7/6v/Ta/3/5/Uv7ff+N/Uf7ff+Vf+kf9xH/z6/1H/8a3/6Tk9/13Ltenf8Gv/Sf+Z+cns181eXL15D/7M/6mv/J/+wM+/3V/5dnzP++v/plf9r/91/d/13f/zKv/6d/5R/6U3+ev/D/+p3/m1/8b/75f+oedffxf/U6/+48/3P9b/vO/7su/+h/6V//FP/jP+Id/4+Yf+Of+gn/37Z/5B2//wRd/61/y9PPfYPlL/6C/8j/f+8m/5lc8/L3/y9/l9/j1/7w/8Xf+u//G8i/87l8+efRP/i9/9X/47Kf+tX/03/7b/+R/6ff6tf7H+//dv/LbvXv3f/2qn/q9/9gv/qFvJf/yn/vxnQd/4D/9B//+P/iN/pbPvpM9Kf/gp8t//2/9B/693/vkH/nr/tg/8cm3/pDf/1+arr74V6+zP/MP+HX/kt/78f+Z1H/UP/UX/OkPvv/P/RN/2Jd/1ttvH/y5/8Pf8Bv805+W/9iv/P3+k/Uv+gde/bp/6/R//1OTv/t3/b1/p5/8w37j8nf8W9pf9Wv+V39P/Z/8Ln/hv/l7PWiut/+43/Hv+2t+9b/39Pv/xt/93//9/+Yf9PEv/+i//i2n/2f1a9z5p/6pP+Tv+sl/5A/4z/7Xv/Of/ud/wb+2+kd+we/4q37rv/6/+U717Bd+8Rv+0t+h+j1/we4n3/kTf8mv/if/03/xvzz+x9q/evLP/Ue/+9v/7b/98d//9/6Pf8fv/aWfHP8nV3/T7/uf/bI/6e/d/R9+0z/qNz76a/+7X+/6d/+zfvmvX/82//df/eP/9y//ybM/+E/81n/8l/yRv/ajP/nd1f/wr338N7/9ff+xz36ff/u/ffDb/YqDh6+e/t319X/4e57/4n/rdxj/pr/41/g3vv0ffu+rv+vNX/5n/fTRySd/+v/xW64f/hG/rF78pb/Wv/mn/EOv//L//j/5nX6vz3/5r/U//q7/2uh/evUXP/89/73Dv+vhP/O7v/h7f8//6aeav+7583/wu//pr/2H/nP/ffZvHP7Siy/+57/yN6z/+j//9/739v6E3+cvf373d/p9/6I/7Nf/2//AP+8/XD/+4//1P+vfGl//93/nn/zP/MZ/2n/6m/x0MXtR/nqf/49/7N/w93z8W/znf9nv8F+MfulP/Kr/4x/45L/8o/7IH/9L/pV/8P6/uvM3ntW/x5/4q+7/ot/89/6nf9v/7H/5q//e/+3+9t/2W/zVf8YvX/x1v+R89F/9ev/Tn/wn/cb/+D/7+eWz3+/X+fTFP/R//w+/9q/7h/xFO//sH/jmt/mjfv9/avwv/czf+lv9Gb/L9e8z+2f/7uu//v/+6T/7z/7W//lHffkP7f23/+P/8P2/+uNf+b/87X/sf/xr/ct/1MEf9If/Ef/V7/H3/1v/0/+5e/l7/P1/8T/1d/45B3/JP/nb/LIf//Xv/LJ//J/8bf+E339198/7y3/H3+cv/0/+lT+4/vTP/D0u/oHk//r77jf/xn/z6/0Tv8m//5d8/n/9V7/2P3D01/+Bv93j//WP/3f+sk/+0b/ir/u9J3/j3l/xV/8dZ3/3f/Qn/Sb/SvsP/x/f/UX/15/26tHv/c++/lf/w9/j1/riT/0b/rZPf/C//51/0l/xd/3qf/yX/5Pf+qV//vM/8F/7A37pr/wVv/e/uPVn/SV/8//8X/0xv379K/+A8b8y/t3/kP/wH/4V/+a9b73NP/vt89/ku//d6T/wx/wP/+J/82cv/oNf5+5f8Tf+fb/ff/e9X/17/TF/93/4y7J/7g//Nf6Gf/TP+6f+yX/1r/+pv+zXWn3/1Z/1m/xvD/6h3/qz3+XBu//5L/jJv+Ev++J//UX/wm/8Bx3/GR/9Dkd/9v/6+e/5f/3Tv3rv3/hnH/xR6d/xT/2yP+U3+O/+8lH1nd/jT/zuP/Ldn/mH8//xr733Ov9L/62/7tf4p3679aN/5v/+P//g//WfPP3uv/Sf/Pp/4a+x+CV/6b/zT3/7d/rJv+F3uP+r/4i/9Zc1v+Ovmj89uy5+vfqv/hv+qL/jZ/7VP+WLf+F/+Ade/xNv/tY/81+Yl//bv/uH/8UX/+dH+Z/+J/2yP/3/GP2Cf+Pi9E/8V/+Lv6p9+6f+RX/yX/cX/pe/wV/yN/9L3/srfqtf+X//QX/+//Cbff55/uDj3+c/+Jf+nT/qj/llx//4v/Yf/rV/5N/3KF//jr/ff/zP/VZ/6Y/9/r/7/3Iy/iP+s+/8wj/oN737e/xDf/Bf+Nv9Jn/0L/xdHv1lV7/d3/yv/w2/6Kf/hX/2Z36L//QPuDr/jx6Pvn/0V/z7f8o/Xvxv/9Rf+Off+/UP3/0tf/njv/Jbv+a/+Jf+kS//tH/pf7/4m3/Rx//Vn3jwj/5vyW/0l/xXv9udP/Q/TH7F+R/+6/yVo3/in/pN//qf/D1+w//9N3n8O7z+avF3/eLP/q8vvvd3/cxP/Mnn/+tv8Af9bb/pu1/yK/7Ci3/vV//MP/3fH/5ff9N/8Sv/zF/r7//3Pv4tf5c/4U+7+3/9bf/gv/J7/Atv/rE/41/7w+o/8Xs/vhit/+tvf3f///z4b/+nV3/GX/Zv/fJ//sf+xb94+d/8qu38f/2t/uI/4B/+8aOP9r7/F/zO5f7f2P4Rf/yf+nb+O/2Lf8t3/q1//9+9+/3r3++3Sn+t/N9Y/KF/4tWf/ZO/Rf5H/Vn/bPEz1Sf/wtY/nP6q3/nX2/pf/vK/6C/9Bf/l3/eHnPwL/96v8df83z/2f/yy3+NP/ZvaX/Jv/pn/7j/461w9+PLiN/hH/qjf/l+9/z/+n//yF7/X73Pn37v3e/3bv+3f/2ce/LO/3z/y+/9af8e/vPO3/5v/ylfj3+A/+61/ya/92/2Jv+3/8A/+mk+/95v/3f/FP/LdX+v3/SdefvT7/y+/8O/8o7fe5L/+T6//wH/6l7f/3u/yX/6t/8zq+tf+m45+9cd/2PgXvftN/8M/5H/+TZ998vrf/PZf+8lf8eyrX/vP/jX+/q/+k//ws7/3F/1zv/Sfuv57ftefbn/Zb3RU/M5/17/+J/yfD/7WP+yP+N3/9T/xr/4zf/df89H+T/yzv8N/9Z//ftu/9J/7v/6G//a//s9e/OK7/9Zv/Ks/v/49frPf55f8A1/9vv/K//DZn/5vT67+nbfre3/sr/v3/Rq/xq/xm/6avyu55r/Pw3/gt/y1/72f/Hv+7j/7T//1/6T/67/96i/5tf+P//tv/9W/7p/2t/6Bv8af+Nv/Jn/BP/Bb/q2TX+dvOvtVv8t/8R/8Dr/6d0r+rr/7V/5Hf+Hv/Nl/9Nuk/8n/8O9/7//+I37Nf+r/fjv9Nf+7//s7v94f9H/9a//Qn/R7/dPb/9A/f+/X+I9+zT/0/B//5X/P33/9t/w+v8M/8ns9/pV/4I//9v/3r/9P/0+/x7f/r7/31/g1fst/6O/fOvmP/8v/8O//l/7A3/vJ//B7/HV/7J/xr/72/+r/8FN//a+498nZb/NP/EF/53/wb/wGn/yCP+PLf/vv+K3Hr/7dL/+iP+nhH/b3/rrZL/jJX/j7/HN/yD/wvS//2F/jp+/9af/dH/XVP/xH/jv/4R/yV/yd/+U/9nu8/D/K//uzf5VSDH/lr/P9//nuP/Y//C2/9+/z47/rL/jFv81v8Nt87+1v80f9l3/BPz3+c//0i9/mF945/HPS7f/z/q/5p/72P/2//QP/za/c+he+mv4NVz/z7BcXz3+f//NfX/4Nv/xf+1f+gd//0T/3267qe5/+YZ//h9VfcfDjf9l3n/0av9G//Kv/sRd//V/2f/zZ/+J/+p//h9/6x7e//xv+qT81/f73/tNf609tfuPP/plH/8YfvPrir//Tv/93/ju/8Pif/rHf78+d/bXf/X3+tF/zs9/wL7tcZn/vH/77/uRv9Gf/y//A58/+8r/jJ/+97/6xf8Of8Kf+vV9Vf/v8//4fVv/aL/t7721/+tf9Vj/+T/12v+I//BP+zz/vr/ob/qe//eU/8Sv+uRf/7d/63d9r/7/4w/+s3+Jb3/79/8Xf/e/a+rvuHv3i3+vX/3t+s//79X/z5/5p//6f9j9973effvmb/8O/4v/48/+19pddHDef/Lt/4n/7R/ziP+WPuv/H/bn/5k/90v/lz/5vfst/7g/58u1/9vjsH/8t/5t/4y/c/qv/w8Wf8uc9/Tf+pX/iD/2Df9G/fXyW/fv/1O//u/5lO/9s81/P/tjf80/9tf+vf2L6/b/nt/z297Pf4W/8qfTx33b00d9c/15/1l/4J/37/8snv+U/nL39X/7lP+5/+O3/vl/1W/+X/8Pf9ff8x7/X4q9986/8pX/Fg7/6l4yf/b2/794f9+W/8rd8/5f/R//tv/Q/XY6n/8wf+Xv/smf/wE/e/wd+w7/i9/w9fuGv+7f+s3f/ir91/PpP+pP+jL/h3i/8x579wb/qH//x3/d3/w9/6R/+G//rP/Xv/DXbf8o//Ne9Ofnr/+XT4hd/7/f+/t9z+Oen//Af9mf/e//gX/C/ffWP/R173y7/87/+T3z+m/1G/9XnB598eefZb/WP/br/cHVVjP/25jf90/+et7/xw9/jd/0//6t/94/6Yx998ad98tN/5m/zV/5lf+rl7/GL/65//hf8db/5//Rv/Al/8ts/5m/6ZbPnzfi/b6unv8G/8j//on/n9/sfPvtNfuXsv/h3/66D3+A/+Svq/+zv+xc/+XdXv/Ov/d/+kX/t3/No9tF/U/71+3/Cl7/i3/lD/pV/+1/7PX/9B6//uX/w3vSf+G//i7/hf3n9W31a/+X/TfWb/dp/+/g/+m//td/zT/u3/sb/9n87/8P+szt/T/07/9S3f9PJv/Wf/0v/0sPf++nvsfdv/51P/oG/afFvfetfevSTn//uv8/f949973+b/yN/4En79/+u//nf87v+68X6H/qv/+7f/1f8K7/ifz7/x/+OP+U3vfzv/+7nD3+X7/4FD3+T7J/9s64m/+X/8Pu8+R3+/k//vN/jj03/lb/+p/+wg3/gWz/4s/6DxU/8ef/I//E/Xf6bv/6ft/Ok/At//OI/+cWnf9f/9Ef+4//t3/6b/rr7X/yd/85v+Uf9q//X73rvf/jDfr3fbfk/7hX/86/19vf7C69/7d/1j/+b/8I/96+c/N2/1T/3P/yZh7/w1/2pX/bkP/i7/qv/4W9J2/pv+Q3/ih/8tX/Nr/u7/S7/w7ce/jm/4A/+v/6L5//b9E/5ff/SP+T4Z/603/RvTX7J7sn6b/jT/ov/9A/+Nf+H5NPf/g9efjL76f9y+ZPrv/LvfvK//yV7v+H/8u/+d3/sH/qP/U6f/Su/939155f9bf/97/R7/6W/VfHH/YZ/2R/wD//Vp3/1X/xrffvX+iv+xp3f7V9b/4d/2eJvvvzzf/H/9T/f/Q1/ya/+jXd+8V/4x32v/gW/9a/3D/zWf/5v+Add/wd/xb/2N/wuf/Kv+O3/7b/+l57/Dr/hn/PX/K7bv+u//xf+b//Un5P9F3/t69/7t//d/8S9vyv73/71nT/w4lf+rv/cv/03Z+3hi9N/5+7JX/PPV1d/4798ejT/Rf/lv/g7fP8P+/v+pd/5/t/y2yz+tj/6l/+n/82v+C3/sj/3H/re//qXfO+3/HUXf/DfVPzNf9Kf/L/82//YP/hj/8fFf/7n/Wnlr7v1F/7Y5L88/iP/oe/95v/F9r/0h311+jf9dckv+8v/pz/uv2j/wfzqF/2T/+Sv9+yf/vG//6c/e/7qz3v0V12c/8JflPxr//Jv/+rP/w/+p/9s9Df8HX/Ly//t9/+N/qy/YPXX/d5/XfsTyX/7R/+7f8fv+ef9PXufvPg9/v3/7d//c97+zI/9Yb/N9bvpvWd/8a+698/96v/s9Ue/ya/4XS/+6v/4//5j//6/8w/6a/6WX/2/Pvtdfoezv/z3+j1/6u/5e1//no/+8b/oz/2Nv331R/1af8kf9Lf9RX9a+jv/IX/YH/SX/Vqv/pV//99P//3Vg+/9r//rr/js//4H/8t/r/kXr/7B//FP+NV/w2d/wd/9X/7v//yf3vwLf/u/8e/9t7/9r/23fLb+7i//C37ZP/Bn/W2T3/m//8V/xt/yE3/o7/fk/u/9U7/ld//1f/enfvuf+lN+r3/z7/qJN3/P53/f35dOfiL7yx//Q7/67/9dd/7tn/kD/o7/4tc++e2P/sW/4zuf/v2Tv2L95/+1P/X7/PF/+if/6i+6+vbf+E/+n//Rn/v7/cs/+Zv+p7/Vzn/1nd/jN/yt/rb/4s/8B//h+//E7/Cb/G3/wb/yr/7m//rf8rv8ZX/m9i/6j7PfZ/YfLP7yP/cv+uP/y3/zT/7zfvVP/us7f9Uf+yv+4i//kT/mX/zVv9cf8Yfe+5P/9j/iT/iX/6LlH/3uv/7jz/7cP/iv+8te/X6/3+X/8CePfpvTP+ZX/bp/6R98+Pv/k//NX1f905/9A3/6f/nf/c6jyaT48eQ/OP7XJn/tv/m/3vlf/45f8JP/22/8d2z9i1v/zY//+f/Y7/zr/v7/5PF/Xvyb/+Wf/t//Z//27/Jv/j5/5u/xEzv/3F/1W/5zk9959CLbbb/4tf7E/+tP/Q//gL/0y0d/1H8+/TXv/Bd/6x/5+/1hn/4tyf9V/eCzP+N/mf7Pf//D63/zD/vr/rRnb36D679x/Rts/Zv/0cVf9fz3+jv+0N96/Dv8u7/Z7/3H/71/5r/653/xS37TL36DX/yX/arf7y/8df+e/+Gv/9t/xb/4z/4h2e/+9/99//m/PP7r/q+f/G8/+vjX/bd/Vf0X/C1/0S/5N/7+v/NP/Bt+k9/8o//qd33yv/2y3+w3P/mtf73Xk3/o/A/89p3/+p+++DX+hx/8in/1o1//3R/02/+ev854PP41fq+dv/uP+nv/ru/8mZ+//gXf/yt/37/61374P/xTv/RX/pn/+1/5u/wN/87v/gf/Hb/X//G3/vt/7Nu/9n/6NX7P5PGv9/ul/+w/8gf/vb/77PXf8nv+Wn/s//Wf/pe/+96v+Wv9Xf/XF//hP/9Lfo3f+M/7TZ89e/JrfPvf/uV/5B/wf/yl//TvdfRf/Skf/8K/9v4f9Lf8BTu/zX/407/LT/0a1a/5T/wWf/8f8Vunj/6u2e/61//J/9n/9dN/9mz2v/y2v//5r/xj/8R/6w/7Fd/er3/Nt7/7n/Jr/TO/xdM/5n/7o//Qi9/o/G/88d/z+Mm/+9O/x3/1H5W/IvtP/7Jf8Yf/r1/89F/7v7z9yf/lz/8H3/07/+A/95N//f/02/6Pv+R/fvtf/Dn/9N/0S3/535f9+b/HH/bH/1U/9ev8Ow9/4u/+7cq/4/jP/QfPv/rof/1j/8Lkj/yfZ3/w5a/e+Zlf71d/98/+X37/v/R3v/6vf/Xv9eO//89kf/6f8I+c/3Gvf9NP/qA/8df7W3/N3d/gr9ib/CO//w92/q7/7f7nv9/f8fs//t/v/o7/3t/23b+7/HV/wa/7m/wf6a/xtz/47f6h5elv8uv/ir/8d3/z7j+6s0r/leI3/Q1+jdX/9Af8h7/OL/74d/o1rv+j5f/5ye/xq3//X/Vr3v3L3v6PL3/NP+g3+j3/mV/3r/o1/84/+Vc8+Ad+m7/5p97989/+n3/lf/6H/v7/wG/xJ+5f/+9/yyf/yo/d2fvsX/vd/vzx3/L9T3/XP//X+PxPfP3pn/Jf/Bv/5B/1Z/7Wf8uf/k/Wf+X/+Vf9Rb/Wn/Dr3vu//60/ZPz7/MPHH/2q3/0Pf/An/B3/7N/36//d/+Xv8vSX/P1/xX//yadXP/3sd1n/UYv/7Q/8t3/zz/6q/+q3evjtf+ev/v2e1//ev/djP/67z15+8Zv/yv8w/eX/08Pf47O/JP3H/slfeXn0f+x+9qf8Sb/nq/+p/Nv+vX/hzzz59rf/qT/kH/hvn/zX/9Vv/Bf++9c/9UuP/ql/5B/6A3763v37//qDna3/Kvsn/t1//OjL//Zv/U8/+7G3//dv/FN/8l/2R/1R/8P/9R//x//53fN/5Hd8+3v9Xstf+Nf/y3/n7/77/W/V//Tb/JLqP3jxS/6Fv/u3/yM///Yf9Ws9+Rv+vr/xr17/j3/Br/EP/7P/zK//PzT/4Uev/vd//Hv/1YvXf9N//0/8qvKf/IPuNv/Nr/fn/xV//d/9dz98+F9+8skn/+6//tv+il/7V/3KO7/F//a7/I7rf/uv/LN+3//wB9WDF7/H2e96d/9s/F/ce/ZH/fF/1h/51/2eq7/tz//X/+5/8NN/7k9/+Qv/mX/kH/vPDn7q4eOjv+Cf+q+bH/xZf8to+ef94A/6I/6I//Uf+iu2/tDfb/6H/hu/0y/5df7YP/cP+Mf/kX/hb/g/7v/r/8T3/+2/5uRX/MS/+8//H7/6Pz/4xb/qP/5O9e7k9/hL/rEv/oQ/8/f+X3+9P/7P+IN/rb/t9z38yf+9+Y3/yV/1W/zhv++Dv+V//CX7v+Ev+Qd/+9O/8U/7Pf/T/+sP+jv+zH/17529/uof/4f//n/1V//i9X/8z/9d//PvcPff/LP/xn/zl//7f/Zv+Z//16fV3n/4N7Y/9eLv+9/+jt/0z/nz/qr/9a/7rX/Fv/W3/0u/01//P//Lv9ffdrT9t+z++X/jv/Vn/k9/85/2Z/6Zf2V9/fjf/W3/hD/iT/gF//l/+D/+M28P/4nqD/xbftPf4cf+lsN/6z/8bX/r9vf7r//Uv2DnV/w1//rf+D9/9Nv8NX/g7/N3/V3/0v/8bP/LP3P/j/93zn/w6zZfLH7izx79Fr/st/5T/uY3f/VfXtz9D/+2v6z9P/7mp/Wf/A9e/VkPHjz8df/M/+7f+73+kN938ff8Lf/4H/1n/Qv/5tvlf/oX/MO//u/36/9uP/Pn/Xp/+Z+/O/4L/47/8Cf/gfL3/Ynf6U8Z/4+f/Du/6991/X//df/KT/wfb0/b//Rv+YP/xr/xf/yff9/f61/77/b++v+y/Ufv/aF//fVP/eP/1qM//X+sft2/5O/4Vb/eL/sff5f/6rMf/Gl/2h84+Uv/+i/+gD/h6OK3/Rfzf+N/OP+9/+9fp/hn/+D//M/6s/+2X3r2k7/yD/1Ff9mf+A/v/DH/1Gd/3G/18Mnv/G/8wv/0P/78z/2tn/7jf/4v+XV+k7/xFz34D47+wqtf8pv9u3/1L/pL/ot/6wf3fuZP/+v/kj/yH/lv//m/4Fe9evqXr6rnX/w5/9IfcP2f/3cf/S5/1R/7L5z/z//0L3j1L/73J4//1vXd3+ffWPyWf8dP/9X/9NXv8if86X/f3//X/o6//fHf9if/tb/tj//4j/+u//TsP5vN/sp/9e/9Z//+6jd8+9N/3f/+2//6/973fsmv+zv/tjt/wrN/6zf4fX6X9vrFL/wN/97P/56//Pp3Lv+4P/LPufqF/zKtnRVXr3+D3+R/uvj1/7D//K/+736nf333P/t9st/+n3q4fveffvbv/O4//n/+bUf/zZ9w72/M/q7zv/N/+9c+efJH/fHPftHn/8vfd/FXXPz+f/Pzf/w/y/7lv+7kT/7T7/3p1R/za/yhd//SP+n//MU/+eCL3dd/zL/xd//qf7v4L//NP+eP/bf+48mf/bf/ksVo9If8jss/9he0v+rH/6LH/81/9V/9V7/yb/5z5n989se8PDv6n/+n/+lf+vf/uaPiO//R3/w3/MdXv/r4n/6HD/60f/jR73Pn//jW73r8P35V/y+zf/Hf+u1++z93/ov++P/9W3/EPz8qfsuT9W/7nX/gp758+vHlf/rif/iT/q+/Iv/b/9Ddz49/g+z3/7e+9R//Fv/Mo7/mz/ur7v6n//5P/iO/+vP/8Pf9bX7Lf+s//Af/icPvvLu3P/nL/vuf/M5v9Vv8Fr/s+X/+h/8nf8O//vv8it2/auufzP+CX/B7/L6/Mvttv/eX/p7tv/6f/mO/8et/4O/6K//Og5/+t/6ef/8v+bv/o4//o7/kt/vN67//z/mdf6Nf+Pbv+4nf5NOPv/ojfutf99f5df6qwz/i3/wj/oK/+B/8h77/Z9z9xb/1+eS7f/pv/sf8ef/u//SDf7j6Xf+tf+xv+YV/V3vy5T/3G/1p/8K//V/9Q59875/5vb79T372d/+O/8Zf/Mv/6X/v/FdvfbzV/p/Nv/xn/IEf/av/xO4Xf/Z/9e4fPv61fv9/ufgTfuzXvv4b/4e/9Z988jf8Xj9z9St+9T/9m/7Un/53/aqP/sr137f+Xf6Nv+ev+2//8f/ud/7v/vu/+p/+U/7P1f6nf8Wn//7f9juO/4r//qicv/qXfvHuL/23/t7/5c/7bX+Xf/PlX/6b/63/2xd/9f94+O//X7/57/Br/tp/9J//N/6G6b/7l/0jv+wv/SWP/ov/cfr01/7jH/53f/5P/U7/4+e/9h/42/2Pv/d/8V/+vX/AH/hH/8Rf/e7P+udG/+bBxa/+h37Tv/QP/4P+hPx/+1v/h3/h5Hf5s3/Zf7D3v/81yT/86ov/8G//i/+SP+qv+H1/8r//mb/80bM/4dG/97/9b//b33HwZ/zqL37qaPe/+B3v/zXX+V/+O/6bf9bv+y98/k//T8vf5LP/6vvHv9ds/gv/3r/iz/8T/+T/cPun3v7rf97f+Mnvd/Yv7f8XX3z/9PfLf+bk7/3V//gf9+/8fX/a3/Hw7F3xP/y5f0f2l/wVzz75L37q1939cx/8bsW/dfev+l//gr/w7/xv/sR3Z3/P89/wv3rzTy9/24M/+7f6k3f+9MP2H/nXi9/7ztbWy//6n/kDFr/0z/2zDv+Zv/eP+h/O77/4v/+Hv+tv/Zeyf/5//Pv+kM9/t//9259//jd8///4Zf/zL01/4V/9Lz9a/rX/9p/xJ/8uJ7/49/rv//zn/+7f+fv8C7/2H/Yqyf+Nf+O3+h3/xd/qn/19/oTf5rf7X579Jr/+p7/Z1p1nf+3f8R/8dv/xL/xt/9c//+Pf6Df//f6p3+6n//x/9M/f/Z//6t/wP/3e7/8zxd5/dv/H/7Rf8if+AX/VT/91f8Hn93/sb/hPn/+2v+jfuPv3/4Nf/Kq//7/7d/+Tf+PP3f2b/86zs3/mL/z8n/zf//d/4Bfs/IG/+qf/zE/+m78h/+v/qn/rfy0v/uY/dfVL/qqt/2j03b/zv/rzf+KP/Bs+/gv/nPH/dfX4b/6P936nk3/gj/2b/o13v9k//nf9Df/cL/2zr/7G/+mP/Ld/5T/wg+env/zP/8v/ut+n/Hd++7/sz/83f/r7/8T07/v1/u3/7Hf4g/+k/+27f/i/Pnp0+ff9ff/4X/G7/g//9Z/wi//SH//yf/1L/+Z/+eh/+W3+k1/3r/glnz/6z37nf/uf/QN/x91/6ffY+ZdWW//1r/rnHn384M/8sf/2r/iPlr/XP/yP/jXVX/1H/s5P/ulf9It+0b9295948vQP+rX+xt/wf/tq75/5o3/sn/hb63/xv/hzfuc/5lv/+e/6F/wT03/4T/gP/off7V89+VP/p/mf+7sl/85f9Of8yfd+i3/0D66Pftc/78c/+w//jz9+97/8N36tP//P2f63f8Xb3+FP/R3/2R//D/6BP/T877j/z/7Nv/Kv+c/+jF/0K34i/x3/zVf/4r//X35v+pO//m/4C369f+0w+XP/6P/+/n//1/8mf8LfcvTX/XmHv/0f8Lf9etUf9a/+K0++//f8nf/p3V/n3/vsH/orv/znT+989Bv+Mb/W//Izf/DyJ/7Rf/i3/0//s+P5//7P/4//9e/3l+xe/NI7v+w/2X5z74/5U/+Gi+v/9te6+xv83k8e/75/5sXv8Pv/cX/gv/J3/7HHP/Xkn9kZff/kb/qpv/Y//sf/9a2d3+6P/BP/xD/wr/pPVp/+0//7f/XL/s5f+9/4S/7o7/2p8x/8WS/+879q8jf+/r/fb/Uvf/UL/qN77X+999v9Lv/j+Hf8N7/3O//vP/2Xv/tn/sHf+s6//jf+r//S3nd/8b/wP/zV/+dP/trF7/xX16t/8/f8svrD/urtP+GP//0uf7+/6y++8+PVxV//P//R13/8f/x//LqTX7JX/+6n/9Nf8dP13/cn/bX//b/xK5/+xZ/+uqf/+F/6D/1Z//zf+vv9PX/v3/g3/pn/0ZN/5Nd697vtP/71/pPv/x1/42+89Uv/9l/jtz34qb/7x/6s2S/7u/6av/j//N/+29/4t/m3//Xf+Ld59hv9t4d/0G/xe/zyX/Nf/YvO/o4/6Lf++//mP+EP+jd+q4O/5A/8DX6Tv/6f+od/l2//eX/gb/l3/R9/xD/4f/xfv/2v9Q//pf/Qr/0X/1P/zv/0H/12f8GftfpPfsdf6+/63Ve/5j/2F/66/9CvmT7+PX/mV//Mr/nPJN//h05+nzz5ztbb3/N3/Y3y3/kf++V/w+/95F/7b+5s/bO/71+a5F/9i//g8e9zsfs/f/Lb/IX/6l/5m/wzP/jf/vLf8w+ZvfuPfr3f4d//rf/I9f/4v//pv93Hf+o/9T/+Mf/4L/4tf53//teo/off4W87Oh49/q1+97/qT/tX/vC/5bf8Nb//3dGf/A/+On/b7l+ydfKTW7/6P/i/x3/a9q/8O/+gv2X7r/6DX17u/4o//yD9I36N/+v61/mLft/j//ZXrH+PP3D/73/y6/0ayer3/N4v/kN/nT/v81/v87/3P/s1fodHo3/gD/+Fq5+hj36Dfy79g3+vv+gv/tX/5/jj//vOx3/fn/KX/if/x/i3+b//3N/uf7z6n//Sf/CP/rFf+tv+6v/zi+e//O89+K+vdvd+9f/4n/w9/+E//kf9ev/gH/vxL/1jfuxv+Mf+wL/wwe/09I+hPP5f/g/+hhd/8O/xG/y7//fv9n/8Tx9n/8df+If90j/wt/gd/u+zd7/yyyf/6+/xY3/0//27/Tr/1797///+t/7L3+XzX/1PXv9fP3HyB/5r//3v8tf/L5//4v/rX/4t/6//+S/+v/+53/L/+q9OZn/gb/G//N9nf9Wv+vgv/j//wj/s7v/9u/1z//uf+jf9z1/+I//1//13/Ln/x9/8X/wuv/r/+E/n//fBv/h7/PR/9Sf+Pf/nX/rV/zX/8o/6+Pf9By5+rd/lP/41fve/KPm/F3/N3/0b/ib19rvf+f9e/nb/xd/24Pf47Lf5zf/M//uT/+kfXv/d+X/4a/1Hf9Cf+Wf+zb/m7/7yn//H/+b/5v/+Terd+hdt/0Z/35/6+g/+8i//i36vf3v71/jqt6x/u3/01/w3/8Lf7Pf8F54e/Br/5O/yr/6m/8y/8Zv/Gi//1z/kd/pj/pPf/ff/8//ZP+Dv+G1+53/ixR/24vjf/mX/7b/007/Of/xH0T9nf/xf9fLv+I+K5E/76//k8z/yb/kPf/N/4Pjf/p/v/novL7//v/z6f9pnf+hv+g9M/uhf6zf+tf7i8s/6u/74g4N/5x/+df7Wf/mX/jZ/xh/0v63/sH/zZfoX/wu/zq+1OvmD3/xD/9Fv8QdVf+Sv9Wf/J79p+gf9ur/VP/Ur/9U//Nf4NX6r/+3P+kuuf+wf+od/h7/+z3r1h/8af9Oz/3brf/z9fq1f46/7l3/hH3r4m/0a/8b8F/8x+7/O3/X3PP1Dn/1Ov8fib/mxv+PH7v+ev/bf/k/f/03/qn/hL736Ax79gf/xrzn9b/+9P+C/+1s+ef4v/5r/wc7pP/hb/ct/+F/9+/9nv8mf9sf/tX/Et/7E9Ff9Rj99/w8Z/S6/92/4u/z0//YXl3/4X/U7/ml//a/8Vb9G/r1/Ifsz/qvffPoH/S0//rf/Ni8v/4tf6/zf+Or3/6se/Gb/3f/2m3//r/6D/6N/7O/8TSZ/wr/48u//3371n3D8azzY+p+e/4P/9dUf+tlv+6t/jd1/8jfd+p/+l/9k+9f5p/7QX+tv/IW/9h/4d/4B7V//2a/zF/3Bv9bf+Et+10//iN/xD/21ql+R/4EPij/mtzv8df6lP+zXKn7b2W/2Hz365778hX/yH/h3/qLlP/+b/ga/2W/06ya/JG1+zb8s+xN+2V/1X/+Hv+Nnv2bZ/g6rn/mx+4/+tV/xi/6b/+kv+m3+4U+e/eHbf/Vnv9Gf9ef/Jb/2H/BT/8LTv+83yf/Yv/yrv7j87T/65z76Fa9+r5d/x2e/xh/xmxz9wb/9xV/xa/4d/9Kn/9Ef8F/9yb/Ob/W7/+DJP/0b5n/of/MX/eJf5yf+qv/x6E/74/+S3+4P+lv+xj/19/qLyj/l995/8xv/j7/kL/y//oGtX/bTf/4v/Tv/53/yN/xT/8PfNv/T/6z/4n/8hYv/6U//v37JT/wd/1r9fy//4b/hN/xz/sPf9j//k367/+B//PX+3F9++n/8kp8Y/2v/3f/1i3/1uz/ovz/5Df+kf+i/+0d/o39/6+3Tv/jP+OmP/tDf51u/zRe/0z/zd/wBT9Z/5NX/nvwdv/A//Qf+kd/oJ363X/t7P/HXf/E3/VrN8d/0p//gT0h+2d/zB/1rv/sf9dccHf/Bf8Af/ZO/wa/x7/4vv9+L3/b3/DX+rL/187/s2ZM3v27zv/7eP/bb/ga/xr1v/yO//F/8nf+H3+S3+vb/+tv+X9//e//rv3Prd/1n/rD1n/vVb/qb/pp/wL//X/yOo9/z1/i9/85//E/7k/7gX/NvWv6z/036a//af8C//5O//d/3h/waf9Pyv/01/so/8G/8A3/R6o/4Tf6iX/8P+QP/m9/lj//XftOf/oP+l92/6tf8zt+ZHWb/0o/9cdv/8x/02/8B/87v/NO/zR+S/sS/9V//qb/3b/zv/l/fefoH/Hrzv/6PWPyB/+o/8jf98f/DP/TJb3j5n/2+v9nxv/3t3dnWn/tf/a2/4eH3tv6r9K/4r/7Qv3r39/lNf63ZP/yvbf2vv8Wv9e4f/vRP/qd/h99g9dv+HX/0f1Wd/Brf+bN+v78y/aW/8W/63/7l/9yXv+Ov9TN/6K/1p/+ev8Gv8+43/HX/mtdHJ7/GL956efcf+DV/zX/sL/6H/s0ffOs3+IN+/V/3H/jt/6/H/+mf8Qf8+r/Nn/e7/Tp/0H//r/35/9df95v9R7/1b/Vf/f2/ovkj9//gX+vX/hV/1W/2B/0uyR/32/13J7/Gb7S1c3T/l/29f+LzX70+/oN+05d/wF/wW+y1/9Gd3+r3/mv+2T/41/h7Xv4BXzz+bX6tnZM/+J//q//K//s/+GNf/MN/2i/4j36dn/6Td/+h3+l3/p0O/td/+N//53753/pf/l1/z9ZfffpP/Fr/6d/3G/xHv+y3/Suvf8Pf89f47x7+gX/x1n/0G/8OD/7jf+B3+egP+Bf/z9/w7//1/oPfZvWH/HP/55/0a/ziX/BvHf6Vn/z2v8W/lf+i/D/6P/6GX/N//X3/7//0f/zb/7Hf7Lf7h3/JPzb5tf+pv+nP+pf+6X/kX/nN0z/27/81f43f5K9ID3/b17/74W/7e72+8zv+Xr/49/zzf7O/5A/+qV9+8Qf8M7/G49/k7/7rf/B//kun/+Y/+Uf8T//oj//Hq49Wf1byJ+z9ou9UP/XX/Rn/QfuP/51/Qfqn/fW////97/2pf8Rf9JuVv93nP/6r/6Pf+vHqN/8X17/m7/pn/tG/1pP/6A/6B/+y33F0/dO/6Z1Hf8mjP6V89Zde/gd/wF/29//Ov/TX/iP+5B/8xv/J8q//b5e/0d/0+2z//q//539u+d3f4Lf7M8/+uV/71/j9/7I/7tNf4+/6jX/f3+j7z3/Nf/O3nv3n+T/8u45/p9Wv/3/8muO/4k9+Mvv3Rv/8r/F7nv3Y3/Xn/e7f+oN+rT/y1/70n/zPP/nH/tm/99f/Lf6pv/7fyv/vZ6u/bOc/SP6E//iv+Y3+rf9i9Tv9mb/V73T6h/7pv+Y/+WP/8f/8D335e/9Jv/sf9O6ro9/5/2h/zflf+Uv/gL/y7/pN/s8/Y+dvvrf3l7/52/+m5m9p/ra/6W/9K/+0f+U/+kv+tb/5b7v/NzfrX+fg3374b/26//b1r/Pw+s6//ev+On/33/3r/N3vxn/ln/An/Vq/8m/9D//Zv/N/uvM//Uv/62/+B/9Wv87v/ft/9N2ffvJHnPxdv8OP/y+//3/5a37+f739Bav2D/zzf/3f++PvLv6hv/kf+b9/+nu/7K/5+w+/+9+f/AN/4L/6u6/+8n92/Wv82nsf/5I7v/uv8X9Nfu1/6A/5z36N3/L3+PYf/xP/0Z0/6A/+Y/6YH/zGv/V/+u/c/+N+x/9q/l89+J/+5t2dv+l//qNXv+h//kW/6I9e/gG/57/yr/+b/+CL1Z/1X/1Xf9bv/Wf9m3/z3/Q3/KdZlv3H3/8tRn/fX/jV8v/47u/wd/1Vv/byL/q15n/AL/mHf+LX/J8e/Ee/2fIf+v4f94f+lX/M5f/8W7/4jR5/53c7+Pbf8+fs/Vrv6j/q2//U1l/1b/5L/9J//H+Nf53/9jf6Nb/19/0m/9Dv+o/8rv/Qj/8jP/4Xp3/pR7/rH7D6g//wB7/Zb1b9x6v07K/67f+TV5/9r//l03/ij/329p/yl/0V//B3/8YH/8l/cvnuX9n+w5/8jn/1/zz9wT/7b/3Jf+R/9P1f9Gv8+e2f9lf80c9P/pzf8m72J/4bf9x//b/+k3/l7/+DP//iavZf/6X/6l/4p/9jP/Pf/7n/7i/5/f+df+v3+Af/ysV/8Vv8dn/uT/wb+3/T3/QvfvxXTv+H3+G3+jN/n//g8d/1bvVr/0F/5K//J/42v/neL/ytZr/bL/infrPlL/qP0j/k8//pz0p+2z/6X/09fq3/sf51fsV/8+//Hn/X/I/7K37nv+Dpd4r/6Hc8rKt/+aPf/zf5Nf7wP+Gv/It//cd/1P6T3/K33/79Pv5Xf/t/6zf7v/7P3+C/+gN/4/948uv8Q7/nH/TLr3/t3+zX/l/3/8G/9V9N/oO/79f4d97+iff+zmLvb/5bj/++r37J7/0X/NL/7nf7I37/v/TvKA//kRf/4r/zj3z3k8kv/oX/+X/12/8X3/ovfoM/7k/6Yz9djP+gX/6bVH/h8//wf33yL/6yj9/+Ib/o8N/6L/+E3+vf+g1/29/zP/l1/6X/+z85/Gf/5r/iwT++98/+dz9x8V9e/x//9b/6Z5z921/8FT/4p//1v+I3/AN+/Cd+8b/4+//be/nunf/6D/t1/rc/4ff5m/6h//s7f1n5r/07/+4/+jv+vtf/+Pn/8vhf+1f+7F/0O/6x//Cv+slf/Pnk+O+9+lf/oV/73/l3/uv1X/fv/2X/xV/yy37PP/mn/tW/7d7/8Rv+Ad/6B3/F3/Wf/1p/wJ/9K/7zfzf/+3+NJ3/F3T/of/xtf8+//3/83f6C+f/16/5P//3z//y/+rW+vf73f/N/9/K//3t+je+M/vK/4Dd88Gf+0n/6O3/v3V/9f/1av9l/8/Bf+jf/l//p7a/6Y/7B49e/xe+1+lf/8o9+n//8D/un/89f9Nf/Of/W21/2F9z5J+/9ztVfkP3vv/fvsb7+c779z3/7+s/5lft/8v/yd/7W737s1/pF5//x//z7/dt//uXR7/EbP/oT37z773b/j3/59/4P/50/6y/7jf7Nf+jwb3r+H/3r/9Hf/8f/d//jn/DrTn/to+y//ws++qf/+6P/+Z/4J//3v/uf+PPufPw7/f7r7+aP/+zH//Sv/+v+M//C3/Lp7/vnHP8V/8LFX/1b/tmH/8aj/+hf/js++8e+/2j6N/zz5X+wfvz9x//tP/hr/FZ3/6C3v9c/9+v8tv/Q871/8yf+l8n/9i/M/sm/43/89/6Ls1/xT/9nf/Dv+h/+D7/f//Xf/SX/wr/yJ1f/8Me/5O/6Q/6C//6f+ft/w//o3/7Bv/Bb/ar0D/7XPvv+H/P35v/hR9cn/8R//p1/+H//DX67o1/82+R/w0/+mf/g3/35P/xH/uTv8uv/J7/1t/7Df/r3+O5f/d/8+7/lv/uXfvff/cX/8T/4i3/V3/krLn/68F/47/+E3/buH/SL/rvf4if/+t/wDzj8D//O6T/74q/7D5f/5K/8J/+zP+V//CP/t9/kV/8uf+1/+h//W3/Yv/lX/oZ/4O/2+/9Gv/9f95f+sv/73/mN/+7f+9/+NX/p2fXv/vTpP/XTJ7/r3/vv/cXjam+8+1O/weUvKf7bf/g3+d5nP/HfHH75y/6PZ3/q//XP/F6//T/yv3/5b//rv/TX/U3/zz/iX/tL/9B/6m/6pX/+7z75pd/dnjz5W/7MX/Inn/wv/9g/+F/+5pfpr3r7L/1g9Xu8/Yu/n6cP//f/9k/6nX6HX+Pf/13TX/LRf/f9//4vKM/P/4A/+jf+sz76/f/1//2P/sv+iY//od/sxW/wr/+9/97f/zf+Zr/gN8h/1R/+e/47j/+w/+l//TVW//Pd3/If+Vf+8v/tD/z9fr0/+5f96//er/GbfPs3+QV/yi/+tf6P6ss/6V/+m05+7x/7u/7vv/K/vng7+pP+jT/pd/1f/7E/JP2rfrP/7F/5F/6A3+j3+z/+y+Zff/Dw6R/xG/yzv/8/8Pf+mr/ZH/Zr/Ed3s9/yP2v/iN/q+Nd4/ms8+Ke+93f9h5M/96/95b/tb/Q//zX/xj+4/Wv8Xv/mH/gf/x3/wqef/kP/4q/4Q8rZf1m+/U/+qsks/z9+r79h+d/9Y7/m4nu/5d/3b5X/XfnP/8X//L93/37zv7/9/f6Vf/o3af/0P/I3Ovn3/73/5Du/yV/9J/x382lR/jd/1aL5N//nv+X//A//9+M/5J/6h36j3+R/O/6DZ//ZX/5//yuf/jF/9x/65/+t/2f1m/0tf/4f+pf/3X/5X/9X//X3foM/7x/9k/7lv+uv+8t+rX/4H7p+fnLx8eHD1997/euffPz6t/yn/qt//7//4m9M/tL/c/Qzf/Tv+53/7Pi/+NP+77v/3O/yD//b//Cz18+++8uu/vP/+0/Yevjn/Ln/1x+R/o7/zkHxO/w5//cfkf32f+4f8t/+2X/Pw3/68D/4l9/8PW9nFxfNnd/zD/9H/sHf+h84z/7L/+h3zabFb/Kv/1b/67/4T/+Hf/A/8mf+O/d3799r/45f9PeM/ofJf/Mf/fK7f8zbk//4P/xj/9Lf8c/+vf7tf/vfevh/nP7dD37pT/5Jf9of+mPjP/IvLi9+8a/6Jf/8P/0v/H7/+L/9T//Lv/xv/GNO/tZf85P/5ff4i367Z5cv/oA//P/69X+n37mc/LH/4G/7R/51P/5H/IW/YvxXjv/XX/t/+8P/wz/ob/qX/vY/5tf/p7//U//Z7/q7/Ym/5j/97/z+d0b/ef34D7hM/rs/Zv0n/Vl/xn/1F/52v83/9vEf8X/K/36XPz77XX/xv7j9T/07/8r//ncf/sG/8qd+z1/rZ/6tf/fXfPYH/df/+W+4/w/9Wv/c4R/8u3z+G1z93af/8f/18e++9Wve+T3/02/93n/QL/+f7v0lv+ev+fIP/F9/0e4f/+dn//F/Nrv7T/0T5//tP/XT7/7u6d/8O/y7f/C/9e/9Rv/9v33we//b//avke0++MUn07evP/7Oj7/+n86+9eRv/32++r1Oi+KjJ3/5P/qX/mN/w+xu/tPZ9T/5j/7Db/7Rk9/nX/23/tF/5/f+h/6w7zz/0179W1/8S7/x7DfdW+/9Ze2v/W//W4+Sv+ePfnn8O/y2v84v+zN3fsff+nf/y/6oP/Vv/w3+9X/x3/2Nvv+7f/WdO4e//uvvLH/yN/ltppfj3+87y9/vJ18c/X5HLy7Pv/O7H37vO7/P6x//zm/ya37nxeXl0XdevDheXh5f/tJ/5q99+uv+D//KP/yPPX/5/Z/6X/+ak9WLP+y/+enzv+Fv+Bv+ur/h9/3rLn+T/6L8nX6tX+vXKv+7P6/88/680X/0W4z+hP/h73jxRyxHf8ef8K/9S7/NX/bF7/zH/86j//7PH/3Dn/1+/8Vv/A8f/0F/6m/wW//W7S/4I/7Xv+n8//7L/5G/6Nf94o/L/vP/7h/+Lx//Zc1vOf309e/4+k/6q//6P/XH/67Rr//X/XWf/fK/8p/9B5e/wy/8v/76X3v1R37nO3/gL/gNf4Nf55P//r/6y5Y//b/+l//Kn/Bnfn7vz/17/uq/9M//W//Qv/nO33Vw/2/7W/7Uv/zf/gf/6l9851ct3vwVyz/j//4r/qu//Nf5qX/tX/r9Xv4z//Bv9Tv9UWd/6O/ym/81/+wnn/w2l7/gt3nx+33xX/3pv/VvefgPpoe/+l/8S75z+Qv/jPP/4f/+2/+SP+Df3Ntt9/6Pu7/1H/Eb/Zq/05/8B/2jv/tf9Vv+X//sJ/e/9Z3fcnp87/DX/5N+13/rNx8d/xH/xV9R/uT/+lf8F2/+tJ1/9Dd48uR3/J8O/uE/v/4/f+t/cPpf/wb/wz/8O/8nv8ef+b/+Fn/a37lu9/62v/83Oj/9q/68P3/7i1/n4d/18Nf932bv/rLr6+tf9ZfnDw9+t+vf7X/7y/7t/Pp/y//uX/UP/Q13f+O/fmtx8d/9zH/98B/8Vv1/XvzWd//4H/8NfpM/6B/+23+ju//n7/OH/TH/afKv/f1/29/yx/+yL3+z3/e3+/P+rYPxf/2n/x//wR/40f/9u/8bf8vf/ut88of/suS7v96v/E8n31oUy//m3R/9v/xPe83/8j/9wb/LL/2ffvwf+uf+6X/2n/7n/ul/8jf+pf/Qb/d7PLj3m/62h//bf/xr/LI/4M/7C//YP/v1H/Rn/tl/7J//h/7Zf+wf+rv8H7/Bzi9b/SG/y/jFzq+3/CP/xN/5//iD/tn/5fv/xfU/VP9P/+g//s//43f+sY//0X/6n/0n/+F/+p/+J//x3/Wf/l1/93/+n/3xT7Z/3T/id/u3/+3f/eG73+1/+93/qq27n3358l//V/75f+3Zd/+d3+KvO/kn/8K/5w/4L/+z/+uv/e/+g99/9vf9Tt/9Lf6o79//h37H9N/6m0Yv/6df+fvU//P/8svqe83f+hv+T3/Lyda7/+M/+o//j7/sz/vN/rOP//Nf68cf/06/xz+7uvf7/xv/yR/68pf+U4//rt/1t/rjVr/sl/1NJ1sf/2H/y++59Xvf/Znf9w/467//6pf+Br/13/WX/R//3W/2z/yaf/Gf95v9M7/uX/zv/Wb/zK/9F/9Jf88f8M/XzeoP/cv/zD/td3zyB370M7/ZP/MHnv26B7/rb/Xq2R/06z//VQe/6nd98x/9KX/I4h//53/Xf+hf/LX/4r/vN/tnfv2/+P/4zX7w+zz7PX8NavBrP3n4u/5pv+GTv5ta/8r6d/uP1v/0P/sb/R0f3/u3fv0/6/rP/lV/1q/6s3/dP+sf/mv+4//oD/gv/qPZf/EfTf6L/+j81/t3f9vf94/6Q//E3/6/+43+o9/y1/jrvvPib/oj/6A//4/89f+7z/+AB7/GL/6N/q3f/A/7y/63v+zXPXh4/Zf9bn/5v5X/qne/+z/0xz75c778yVd/0Jd/0O//p/ypf+if+3v97/X3/sGf+j3/it/kD/hr/+x/6tG/9Qdv/a5/71/8F/3n/+G/+dFv+rsc/pm/2+Hv8Q/+Rr/p3f/wP/9T/pQ/6T/7U/6U//hP+o/+pF/z48sf++1/v7/mr/1jfuEf+Pv/sa/2/qOv/qk7d7b/+f+7+tbf8gf/kf/w//p3/qe/bvIH/4t/3e/121xO/phX/9ef+n+d/d9/2R/4r/we//Vf+Mu//N//79//f/8Vf+6/+6/9Nv/Hyb/7W/8ff+z/fvdX/tH/yd/0q/+x//t3/Bt/9//oD/zdf53f+3//4jf5ld/9p//A3f/z7/vytzr+dX6z/2j5f/yKo3/5f/xPPvn3/t5/9p/96Xd/2D/49y1/z+PTZ0/+vj/iD/r1ftNf/y/6Q7PZH/b7/51/9H/0O/0WH/1ayeNv/Xv3/6P/5eg3/wW/ya/5m/8mv+Z/XD/9n/6pf/PP+4//o9/8N6vS/zj9D5/8w3/5r/Xy4f/0ux381f/z3/hXn/0Wv92/svrN/5rf43/9eO+P+Yv+9O9s/+/H/+R//wc9+33/w3/+5Pf46//hXz375H/58/+2v+Iv/eNGf+Gft/uH/hl/x29y9otO/sV/7u84+4Ne/2uv/9W/7U/8/X9wUf2yP/e/P7iX/Ab/wZ/83X/p7/8rL5ZZ8Z//J//Nf/E//M+jna3/7frb7fPy3/tv/7c/7Jf/yt/+z/59/u2Hv/tfnv/nf+G3vvUPfvrp/T/wbfHf/7e/y2/3O/0Ov+DP/nN//9/79/2p3+/f/vf/3d/j4PGjf+AXPfzP/tlf/fnv9vTp09nsd/vN3v1TD8g3Tn9R+mu/+bt+i5/e+vP+iHd/4k/87v/nX/3j/9O//vqP/w3+rr/ht/6X/7Wr3+vh/5H+eb/0H/nid/yrj2ejv/9X/A1/1p/wR/7ef+p3/4k/7Bf887vpd/6N/7r++37qr/gX/p2f+fIvPP71/r7mz/3dHv39/9n/8tHef/FffvG7/aF/3p/w2/8e/93e//Jvfv+/+p2//xv+nf/Rv/n7/IX/wG+8/Tsn/9R/+Le2f+Av+Au//y/v/X0/849t/VV/0cV//pv/KX/S63/70d9S/x+/+k//z/+z/+4P/GX/4V/81939yZ/6M37Jf/kb/B2/x6s/61f+T//KX/KDf/Uf/ugf/x3+4fQ//lt+97/hj/21H338+//iP/PP/vG/7A/+zcYn/9T/8kf8Xn/0P7v/h/5vv+DHX/8dv8n3/rh//W/9nR/+63/fb/u3/GlfPv3H/rsnJ3/Ln/Q7/QX/xC/5q373//EvffOn/887/9U/++zg4nu//1/zd/z4X/JP/zO/84//ir/v9Pf9s978Pf/I9d/19z05+b//kL/k1d//L//+f9qf8L/8zpe/9N/f/fS/Wr74z7Lf+/f/ZX/pf/R3/Zn/4//xu/zh/9307/5t/9Prv+L3+RV/VfG//rv/wH++/NX/3atf9Df+t//CH/u//Nt/3dZ/+fv8Tr/mf/L3/vl/8u+//Kt+vV//r/7Hn/0P/+qf+Ksv/vq/8Z959vqP+F1+m7/s7/4D/pD/ava/PvhN/tW/9X/+3/7dB9/eu/PR//J//PMf/Yrf6k/5vba3//p/7bf/7x/8YP/5+X+8/y//sb/uP/WbfXr4V/1vv/rT/+k/Xz2+vP7FP3Xw3/73/9If/sv+23/8b/0Xf629P+Vv+UP/g88f/jl/96/30//Tr/u3ld+Z/1NH/+Yf9Xd//pu1r9/80v/m73/95//N13/Fv/vkL/nX57/s1/yL/+y/71v/wf/wp/7RP9k8OfrN/vjf68s/5+Cf+du++Ed+0Z/1R/0W//bv+OTZH3n0H/zDf83Df/IP+bV/+rf4Oz+6/Off/H3j3/Cf/wf+ztN/9w//vbNfd1L+X3/z39j+cQ/v/7p/12/5X/4F/+X4b/zt/rE/63f/l//WX/kTv+gn/6Ivjv6Bf+PL3R//H/7P/+Af+ct+p3/5n386Onr9S46m/+zf9Mf8zX/PL//T/vj/7eXf8V/95r/yT/vD/5Zf8X/83f/LX/ufnf3U//hP/GX/8l/wj380+cOPP/sbf6Oj3+2X/xOv7/x7/+X36j/mz/lN5j/2a3529w/9r/+3p80n/8Pv8Tf9pj958F8uf8k/9Gevvv93jf/y1f5//fv8fv/23/sn/w//x5v/8Hf66r/+M5//2T/1z/zJf9Uf+Z3f6O/8O3/DP/V3/z3/ht/h06t/9N/43n//h/2L/9M//1/8u19s16P53r/z6x/+D7/q/q/4jb7z+f+4/vJv/S9/1d/2J//Kf/ev/K/+vid/0fb+f/IXr/6Wn/zT1h//me/+qr/qPzr5zb/8BX/Wtx8/Kv7cP/ZPu7r4zm/+2/72v/7233D03x7/bv/Ob/nJ7/Yv/35/9Phv/l13/7zf4W/+5y9/v4f/3K/+x3+j0z/xv/yd/uj/4H+4/p1/6s/5y2a/5N7f/gf+dXd+29/ie//1v/F3/8d/xV/wf/0n//qf/5v+a3/jy8X/+Nvd+9v+7R/7B/+av/2f+o//oc/f/S1/0h/yf/7Df/ebf/n/vP8//i//5H/8Y//zn9v8+//cf/Jr/8o/6duz3/g//E0ffPkr73+n/Bv/sv/tn/rBT7z4yWb7T/gHf9d/8i968Lddf/UH/xm/Ivu7/sd/9/fd/avr8/9z8qv/iv/pzX/x9/+J1U8Wv/Tv+2f/y5/8N598cf9f/+5v/ztVv+//9Hfu/42/w+/6f/4TW//XX/Pv/Qflf/H3/kl/+F/4S/6b/7X9M/+t//ThH3z///zf/tL/7F/+b+79fv/27/j8ox/7jf/43+6n/8v/6p/4J//43/Fv+/0e/9T/evTPvfh7ftl/+iv/7e98/x/5w54fVx//pu0f85v8c//k//w7/DYXv+U/9S/8V//Wf/df/Cu//7/0T/4d699+51/4L/7Ev+Sf/Mv/8r/w1/m9ftvf4o/8c/7Ib/2Xv8dP/3Hbnxz+XX/BL/hv/6xf8C//yt/oP77+hb/9r5f+9F/wV/4e//R/8dds/WuT//Snvv9f3/nX/pj/7nf6RX/l4Zf/7HcefucX/xH/6T/8N/zRW3/4n//P/9J/91/+R/+SX/Lb/1q//7/0g/lf/WLyS//VZ39H8VOj8//04vd6/nf9ef/7f/0Tf+TeH13+N3/bn/9fffvP+S2n/8Xk1dWP/QO/5PH/+CefvvzqT/uX/+Z/9zf4Z37Hn/zd/7Y/+O/8R/7uf/fBFz/9Z/8dP/br/YN/6tHv8O/9Zr9/+huPP/4Vf9/ZH7n1H/zCp5/8Df/8lz/2Z/5J/9t/9Rf/Bye/7Lf5l/7lf+q//Uf+zYv/4A8+/m1+8W/4O/zbf+L/mP1v7Z9Q/WT9G/xnf9hv9Gf/+f/hq9m/vvqp3/QvfP7r/f2/17t/6g+bTf6+//nv/olf9j//O//cH/GX/s1/+H//5r/696v/+pf+zj/+S37x3/t73f2N/pDf+ft/96f/1N4n/8Plb/ybv/1j/62Lv+Hv+9U7f+7+tz/7H//Bf+t//PsOd3/zP+v8r1n8J/Pf/s/4H7P7f8ofcPbg0T/2verP+2f/qb/5e//aX3L8e/0Jv/D3/rP/01/07/5pf/qjX/7sX/prR3v/4p/z+/3+//Lv/Dt+95e/+uX/3egP+ifu/uP/wN/6t977w/+nf/X3Xv7df+Xbf/7P/Mkv/52/43/8tb/3N//Jf8v8d6t/k6v5r/E3/HEfn/2mv/n/+If/bX/uL/53vvovf9tf/T/9oX/dL1j/8Rd/bf0P7F589PKv+J0vz//4v+H3SH+77x/m/8GfffTyb/hdfvwv+bE///f6F3/Jn/G/PfzkT/yb/s2/+e/5F85/jb/uz6t+58e/x/zH/+5/8Lf9hX/LP/rZb/Gb/ZL/7J+nxMzv+R9/1r7598qf/C3+lfPf7g/9r/6Z3/af/C3/gX/vye+2/Jv/jX/iT/pXv/jnv/jyP/3v2l/zN/v9f41f9If+pv/GH/ln/Kpf+Pcnv9Xv9eKf+w/+9P/w7/sb13/j3q/8/l/7i37y7/glv+jbv+DX/PP/8N/iwT85eXbyFz7+43/i9/kHzv6Qf/fv+Uu367/u93x4/PThf/2n/ud/3p/3t736Rclf91vt/iP/7T/6V//zf8qTf+M3/Vf/kovv/NN/y+/15/zYf/F7H/2Gv9W/9Det/sHf5bOf+If/vKf/4IuzN7/76V87+k9/1/r//r3+mt/w35/8n3/Pn3l59c/+I3/z4m/4VR/9p59/+d2/4Nf8z9Lnv/Hv/uiPbv/GZ8+rv+Xf/+zv+9/+zH/nd/gP/83f6D+o/5l//z/4K/6x3/POH/h//8W/74Pt8jf4rf/77aMnF//Tg/+r+at/o9/qxb/7xZcX/+LvMP7eTzz7i/74s7/pk7/24y//rHt/5G/wx/7uP/4n/t/v/sx/4s2bf+WP+NvLf+9Pvft//zqn/9PO3/wP/DN/yH+TXf7M8U+N/+RXf+wf9T/9G3/d5T/17/95f8U/8NH3/to/7OW/8Q/8Z//d3/h//aGffecv3//ev/K99Z/72//ks/tHf/QftVX+HX/D3/yfP/lVf/lv/hc8rb77i3/81/4LLv7z3+t//7ev/rCPf+rqq8eLB/Xv+nv+Cb/Rb/HX/HOj53/L2av/6E75bz75xX/uX/YP/6/z6n/7T3/Z3/bx//Tn/g4/9b/t/zfzH/wf//J/+Bv92v9g/vz5H/bv/xWvPrr+h3+/b+/+4Kf+6L//F738bf7L3+G/+RN+/Nf+6N948xv/otdN8gf+83/Jb/bVn/lb/XH/y+J/+dvv/ub/5Gr+1T/9J/xL/+Tv+GM//pf+3f/W//yL/oVPf8HFV7/D3/z7f/qH/y6/0a/4W179yb9q/pf+Nr/lL/kn/ts7//FP/LO/6i/463/7P/Gf/A9+8Kv/++b/+O/+7r/pN/8r/6gv1sd/W/07/S7//D/35//lv+Wv/Zd/+nf+xN/x961/zb/1z/4/p//079veX3znV/2+f9qv+Ttv/41/wP/1b//Sf+2X/IW/yx/59hd/9T/+Tb/WP7D844r/ZvL3/fRf+Cse/sfpy3/4X/9Nq3998i+++wv/w3/p8q988m/9ub/tn//Tf+3p5d/7pz74P/7gf/Tz32vxV/zXP/bkV/9Vf/nV+PGf9m+8+aX/8R/yHxT/2IM/+Z95sHjwJ/zy1b/7n/7Sb/8Rf9jP/Prrv/OX/ORf/St/i89/6R/+B/wJ93/hz/xGP/U7/42nR7/d7/Jbf/IX/df/x6vf781Xv++f/e43+3v/7N/yz/hL/8g/+/c//z/+rH/zX/239z/+1Zfjsz/gN/gFzZ96uPzx//qP/DV/0T/wS/6Ib39++Nf9UX/Fn/XP/R3/wb1f8i//a/M73/0j//uq+Zt/8if++ex/+bP/ndW/++TZL/7277348b/nT/2P/8g/68//dR4tz8e/+ou/9Ff+hf/On/L4f/sP/o3kB3f+kX/sD/mn/5FHv+J3+/w3/Yt/+r/8q/6Cf/yv/sv+yt/72R89evrwW6//gl/v6e/yf/3eT/+CP/nzf/0//Q1+8a/+t/7ov+ejv+l//Ad+q9/+p/+Gb/2CPzH5+/6Un/ld/75/8Vd+/Ov+63/q//Dwd/tNJ3/vP/AH/oF//r3/66/4c/7Xs1/0R/zn7d/w2/6xv+Gf//iP/Cf+ie//8cv/fPzP/5v/7p/4y05/l7/47/4t7/wHf//3/rM/4dM/bfR3//WTz//37Qd/4z/0a/+xf/7v+etf7f+Pv8/v8H/+77/8P/m/fp+P/oiXf96Duz/5P/1xf/Hnf/nnf8av+Ef+rH/p9/yz/vN/9hf8qi//3X/889/pL//d/9E/6s/5NX+t3/3f/d3/1Z/8jX77n/4j5vv/3G/wJ/4b3/nbfr9fkv4zf9vbf/Z3+2X/7Jff/cV/wd//5/72x//w7/Bn/Nu/92/3q/6n3+dPPv4z8v9h65f83X/FP/Hnnfzpn3zxT/7VWz+9+0988p+OfvXv+b/+fvfv/bd/81cHn75qP/mNf/8/9p//3pf/2m//2/3Cn/73/tc/4c/7N37Lf/D/+q9+x9Hv8+3zf/ffbn75//o7/eb/yp3zf+hP+8f/6b/mT/ynfs+/9jf7J/6232g6/k9/+V9R/sO/+h/+rf7h8l/+19J//7dt/5gv/oMnv7r8I/6a//Xf+dP+zn9yfedX/1XH+V/yT279w7/X3/JP/Zc//s/+l1/933/oH3j6q/7vwz/o9fRn/q5fOv8Fv+lf/hf9M3/Br/ftX/Q3ts33f4eHv94/+Pscvf4b/9oH3/6l//Fv9CdP/vG/8vIPePVvH/7iZ//G3/z5f/rml/+uf9/f8Ff+NX/sX/Xb/75/6E/+zt//G//7+3/LvX/uz/lfftlf9j/+sfO/9Bf8Tv/bn/b3/tRv9Xe8Xv92L/64P+yf+Pw///if/ysv/9Hyb/mFf+z1f/OX/T1/4j/w6nf6bcZ/wa/63/+if/0f+xv/hD/sj/1d/q6/60969Pce/Tu/2e9z+lf8Rf/Xn1Yevv3b/9Jf8Uf/2Z/943/tf/iH/9H/27Pf73f8s3/h3/wH/CZ/9t/5W3z7zZ/2Z/2vf8L1b/HT/8R//6+1v/vf/2v823/i7/un/Jp/yb/+U3/2b/Gf/L3zf+Sf/OsmD/6wv+lvfbFqfvLy6cEf8Yf9vr/Hn/mn/+//3n/513zrn/ypavQv/4rf/ux3/i1/+p/5D3/73+83vPp9/9k/+uUfV/5788Xv86/9bclv9DP/+i/8K/+Q+X/4x57/on/22//BP/ln/O7nd//0X+8Xv3j5H528+kf/68OH128++VN+x1/z9/oP/q29v+uX/br/2uh/+Rv/lu/9m2//nX/wX/ztPv73f/Ff+Mdd/4l/5O/7m3z3T/+dfo8/6T/8r363f+x//v3mv90/c/Kb/qPz2a9/8X/+7r/Jn/83/27/5L98/2/97Y5+1z/gL/qL/7R/5fH/+Mt+6fXzf/jX+2f/uL99/O9s/zf/zB/3B/15X/7h27/jP/Bb/7ofv/11/5DTs//x7f/+5e//W/3Sh//Y3/G//ga/8K/7G/7qX7X7Z/9HP7j3D/3lf0az+A//4S/Plu36H3r3x/+d/8ev85999xf8yoP9rfWf/sXnv/52+8v/+3/mp/7DP/Jv/bf+8fPf+d/9W/+8/T/9J37j13/N7/bRd3/iX/6nfsm//2/9Wn/4H/Dffv/X+4v++J/8TnXyS3/Vr/Xbvf6d/sDfb/Wf/SWj1//xn/Wv/jX/Uvvf/0n/zu/9vcWd+5//zB/zXz76Q/+jX+vf/cv+/b/qe7/PH3/9D33vv/jt/7W/67f9J//F2W/2W/1J/9LZz/xVy//y7/gHf8nhn/VPv/oHfutf/g/f+2v+t3/jpz9/95v9l3/R//Fr/gP/0L//3/z6v+9v+2v8I3/V3/Cn/6o//8/7E3/rv/5v/J8P/vXf7c/6W//pN6+/fPLs11r/xn/yX/Dnjn/V//Lo7/nbfqs/9KPf5e/4n773D/61/8J//Cf+1G/xK/7P/+If+JX/3S+f/tP/2btf9L//rX/AP/d/Pfod/+Zf9T9s/ys/82f+dPYXp3/Sn/Wv/xWnl7/4//hH//e/+F/57X7j/K/9sd/8z/sdkj/2z/7XR//B3/IP/xf/Zfmv/q6/0S9/+D/9lj/5b/+W/+2fO/+1vpr+M+f3/5iv/u6D7YOf+E/+6//4d/mr/+t/sf3uf/3Jb/WX/tn/6S/7HX/13/3V/T/1yZ+y/ed/+kd899F/85//Nb/u4l9++q3f4vNf/eO/3v1/4/f4B//4P/p3/dN/yye/xT/z1c/8r9uH/8Ynf8YfNjv7ZW+f/22/dv1H/Ob/9m97+Sv+pdV/+sW/9+/893/0X/0//PEf/Z3/w7/1ZvQ3/jn/9H//l/253/p9/4I/63f/E/6WH9//S//U3/8/2Dr7k75/+Pf8Gv/B//4z//Vf8tv9m7/kt3tw5+z/yn+3f+Jf/qN+t7//i/Evmv1Zf9Z/8+f9o//g3/5f/sK/eedv/E9+8I/+m3//b/E3/M1vf/pf+Rd+p3c/NvlX7n5afffv+gf+g//7f3j4D775G978+P/wG/1vv92fmv2Vf8of/Qf8h7/dX3T5y/N/993v+NW//Gr/9/srFz/9j/1lz//rX/pTf+Cf8Zfd/R3u/G6zv/Xv3b3/g19z9Oev/qm/+tv/9Y//bX/V1r/83/zh/9Uf/7v9fe/Su3/xL/2Z6k/4x/+H//PX3fmb/sff8G+c/ZH/zr/+MxfP/q7f4r/+k1/91//Y9S//K/6Tv/nZ3/Pf/1f/zD/xv/w3f8o/evbmL/71fsWf+y/P/8W/5W/53f7Hf++f+a3+/N/mN/9f3v69v+7v8Bv8M/eTT3f/tz/hf/ypv2z+z/06P95877v/62/4650f/+u/+X/7n/9tD/6WP+o3Ovjq9/vvv/9r/PLf4sHhH//b/A/f+/P+wL/tj/sH/9o/4M//D/71//Grz//nf/2//S1/3bd/0fy//s3/2c+/u332j/7aP3H2l/93f9Tf9Ad971v/+6/9l97/i3+b53/3b/JT/8PqW7/+//C7/ve/5E/8Z3+dH/ti9Lf8lf/hd579F/W//1td/Nj4u8nhH/Pl7/Kb/HN/yt/+n/yP/3z7u/6dd//GH5T/11/9Fyz/lT/9t/sP9z6+//gv//1/nzf/93/6q1ev/8s/8t/5C0Y/8fa3/Mt/y+//RX/Zr/rXH//qP+0n/pM/88t//Vf/nh/9Ln/5b/EPtL/p3/brtH9I/cf91r/7t36X3/Lf/aP+yD+h+AX/+Nt/5nf4c9u//D/6NLn43f/98t9sf98/6Vf87T/+B/475e98/mf/d7/Pm+J/+73/09/1b/3j/s6n/8X6b/zs4z//H//JP/UP/aP/8epvuNz7i+7mT36X//lX/Kf/wN81+2f+rd/hj/gT/7v/5l9tfrM//Mu/9xf9jX/y1u/0R3756/0Hv/Xv+s/+1v/4f/F73f3q93z+z25ff+eP+xd/2cO/Znz/5Jf/E7/VX/qHz3/Jn/jwL/wTHv0Xf91P/N3/3Ed/zV/3J/+a/8ev/fv8Cb/4n/oNfuyPePpLftfVb/p7/2t/wu83/ul/6585TE7/i3/st/n1/7n/5eGr//6/Pvxrf+Vf+3v9+w/v/XV/+2/7L/2W/8by3/2bfq3Dv/bP+Y3q7/6xf+uf+Ov/0h/8Jr/Bn//fndz/B37bt7/68Ojf+WP+l2+nv+If3vvi96z+u/k/n37xLv9j/+zn/9Vf9Tu9+gv/yOp//m9/6eK3/+zP/N0/efeLfp1/+J/5F/6Tv/5ffvHf/MfZX/fP3P+NfuJ/2f8b/5y/42//DdP/7Nf6j37sd/r7Dv+kf/Dfu/u3/fS/9g+ufqf9i1/48dPf87f97X/P/+Of/o//gt927+zf+eLO8+Lt3/1XNX/Pn/I//s7/1cd/2u5/9vg8+7F/5q/6/Lf6xb/3H/w3/yl/zN/9t/9T/+Wzn/lL/4t/8gf/w//yb/xpf/jd/3H/r/nff9fHf8Vf/Gf9Pr/F73/nr/oLD/6a4rO/78v/6j/4zf/kR7/fX/PwL/gHf+v/4a+58z//R3/q1fmbp/nf9clv8OO/5Mt/arH8Hf/If/Pv3P/Nfvu/Nb/zD/9aH3/6a/7En/QTf/1v8vf/oXf+wX/+1Zc//u3v/Mt/7z/97/+Bf9a/9/zB9/7i//HX+g3+mb/vn/3xv/Iv/9v+8Ld/13/4M//RL966+Ff+w2d/1d/+J1z+e3/Bb/DgL/53f+J7j979t2e/uv2t/4/f8j+++uhP3PqX/tQ/8jf+jf+WL/+94s6f99v965Pf8j/78/+C3/lf/3N+56vZ3/UTf/Xf8/u9Hv/Wv+Hf8d/8QX/u9/+P/+X/+qUf/47/xV/0E7/bn/xf/xnb3/43/se3f+DL9Oo3+H1+i9/zP/mP//Z/fftv+hP+5f/j9/5H/6e/6K/43Z//Wxc/+E/+iuYP/8f/kz/s7/xvP/5ff72/7b/7K/+ef/IX/Zd/1r/46Nf/137TP/Pv+tcumt/6r/4HLid/zb1P7/1Pd36H6sGjP/OP/6d/ux/c+wdXf+Lv9sf8M7/W3/fv/x2X3/2f/rv/5dl/+X8++B9+4z/2X9y6/vN/8e9fVcvf+zf9G//9j/6cP+t7f/ef/fv807/nX/BP/9b/8l/947/ln/yn/Kn/wV+W/RX/+3//n/3hf/e3/qrJ2b8+/7/+7b/2t/mt7/++/+xf99t99md87x/+O/+dT/+63/b3+wOqv3n/n/5T/5yds7/5H/h7/8rVP3Oy/a/8Vr/n3V/4v/8HP/kf/oHNX/+L/odHv8Mf8X/+uv/QL/zd/91f9O4f+Xv3/56/4Z/4Z+79z3/B//6f/fVv0z/z8eev/rc/+Hd7kfz4+p/9X/7nP/af/qt+4//4y9/w6f6f/jf+Z3/WX/hf/wWXf82f+Sv+zj+j+c6/+uyv+A8e/t3//t+/89FH3/0XvnfvXyv/h0d/wJ/we7z7D3/lp5PZ3/8i/9V/xv/x5/4fv/zq8Z/w/f/2L9wtfqcHv/f5r/jjfv/9v/r3+LvP/7fy3/pr/6fzX/ZP/r7/xi/+T//c3/5/+fW/fPg//C5/88X9//B/2/sH02//K/M/7vf98jfb/mfav3T5P795/svP/r6XX/4xf8K/8Rf8t7/zb/b7/MV/QvKX/Pt/6dM/cPvvfv3nf/k3/Drl7/Tt53/7yd6/+ace/+Jf+897+Ds8/kN+17/m//zz/v5/9C/+e/6QX/Wn/f7/zL/5h89/t+/+Dvt/2H84+a1Hv9U/8D+sftnq6k/5d3/Z6Pf+FefXv81vSbHKo9//23/+b/RH/yaTP+j/3t77w//xh3/CP/zH/g3/97/w3/95T//YP/o//zP+in/iL/pt/sf/9rf6p//gL3+7//byX/kzjh7/Wq//gpM/6sd+79/9O9/+Bf/cr/zxT/7a3276rd/ql/5mb37iP/37X/2L13/bP/sfrv7B3/5P/Uf/nH/3+Lf8e//G//jt//Yf/D6/8S+Y/mV/ZH3vV/7XP179Yf9o9Sc+/A0///X/wdVv/7v8S3/Kn3/wd/2Hf+5//Of8J7/2L3r6gz/7O7/zf/9L/+0/sfgj/8PdVy/+st/1s7P/+vf8l/+Cv/nNb/PbPP2P/91/9F/5pU/+vL/gr/0l/8Df+unf8tv+5C/738/+4h/8xOs/ePGdf/m//6P2/9v/6f/4b/7F13/Mg3/hTvUr/63/8Kvf5T8b/2m/9H/+sX/0n/77X/1nf+xfmI+av+e/+Av+x9/pv/zz/6q/75f+qb/vf3r1Y7/BL/td//Hf5h/9G/+Pf/4/+h3+xbd/z+/+X/5Jf/lv8tXqz/zuL977/X/yt378z/6vv+a/95f+F3/vf/G7LO9/9r/9B39W+e/+rb/5v/Lij/3Lv/tb/uO/7Z/2p/zK8b/yn/5Wf+y//If+wX/GX/ir/us/5H/4P/79v/Lxb7f9j/yHO7/jk+tf9a3f8xf/xv/h3ze/9xf+13/+v/43PPxlj36df/lbf/a/8y//88mv/8e0V//57/TPTqa/+d/6O/333/oL/qV/8b/5t/7G332n+vf+yt/gN/yVf9qf9Pm/+Wf91Ld+r9/qX/zp438huffH/yX/5u9Z/6b/3N/1m4//3t/rP939L7/1bzS/55+689f9GX/sH1Sd/+nf/i3/kn/5j/ivnv+l/+7v+z//I7/z9S/4E//EP/qfe/On3/sf//P/495/8tfd+QP/9O/9u7/XL/1tf89H/+z/kv4Df8k/d1J/3rz+FX/ig/Xv/U/9Pb/+H/e3vf37/qzDf/0f+Uf+mSd/3slf9j+9+w3+/V/0V/0Fv93v+tv+gdd/yk//sx//bid/5C/46d/lL3/xU3/27/R///u/9l/+nx0v//B/4Nv/8A/ufPlPfOvf+Vt+350/+f/41Ye/3rf/zR//5b/0j/qbf+Hf+wf8nX/B3/kb/YZbf/tp/nf8i3/a9Kd/8T/2Z/w+v+Tfvfwdm9/8t/zN/vZ19ed+/4/7T/7RP+DvvvPoT370F/1Lv+Vf93f+PZ/8dj/4yf/kf/9z/qNf8M//Wf/sH3n5G/46f/fH3/4/fofj3+3X/pf/8D/lq9/70W/47d/l16K5/dv/x/9t9+r3eLL3b/0Tf/zv+Oa3+O6Xq3/iD/7xJ9/+jf+jw8V//o/+I5/+u3/Xr/43fstPvv0f/bKf3J3/Uf/+v/rP/ZI/7ff+r//43//H/9H/7bO/5D/593+/v/7v+S9/g//x6fx3+u3+8E/+yL/h1/7P/tL/4C/99f6H//b7/8hff/cP/z/+51ff+5/Of+Wfv/z1/+DfpPxz//h/4r9//vn1n/kb/ge7/8F/8/fnf9M/svplf+4P/vd/8p/8Df6xiz/67/vst/01HvzYL/rB3/tf/B9Hf/Bv9Rf/Kf/c5//yL/s1Jn/L9//gt4d/2f2/5X/8O3+jP/bP+zP/xz/56Z/0t/2if/9v3vulH/1uf/THe/VR+3f8m7/Nb/GL/t6Pfuqoyn/JX3P5P8//zd/+7/6lf+pf8fn//av/3Vd/6a/5Hx7e/6sOftffvflz/ua/5D/5rX7/P+e3/cX/25/3M9f/w5/zN//J/+t/+gdP/5S/4Yu/7V/6/X7Jb/xb/Za/8X+y9erP/03/iKvXf8jyP/gXfubf/Tf/8n/1uyd/51/5C8r/5N/4a/+7j+8+uvw7/q//+G/473/ff+rfefvF9sVXf+Gf/Gf+sYvf/q/43X/9P+H87/jp3+WT/+LP/z3/wwe/5x/2n/1v/8w//d/9NX/w//h/fKf4LX7pf7f99//tb//BX+N3+A3/0j/sP/jT/q7JP/M35L/zv/DsD/0v/tG977Uv/87/8GDrwR//00f/4O/yF/ypf8Ov8c988p//Od/7we/yZ6x+8T/2J/3kH7T+Z36LX1T/U//6L/1L/rq/59l/8cse/1dv/pmL3+cX/Md/9O6Tw9/61/i3ftEPfud/8ifnf9y/84f8Jn/SH/5v/Kkff/rX/xf/yX/yv9xb/fKnf83WX/tb/K2/23/49/1R693f9F//X0/m/9voj/qv303+tJe/3z/+vXt/Z/3p3e/+x//JR//F3/fsP/tbquf/+1/2F2WX/8Av+uk//f9c/a2//A/+O+//0y//hH+8/YW/+u/8VX/x4aO/55/8+Lr6zuPf63/9Tf+tv+qv+d/z1//Sr/VXT/6uX/f8X/xz//N/81/4a376f/03P/3Dnv6RX/zbf+zZH/Ebf//v+KeuH09+wX/wB/+Hv+lf+j/+86e/87/z+m/99w8ePfglf9Vvvn/0P/zTh//h33z5t/2SX/OP+1vf/Gm/92/9x/8Ff8Df+gf8ql/nX/rH/tR/84//bf/A/OBPuvyNrv+IX/k7/ZoP/4//+L/6U67mv+pv/ev/z3/3z/nTf8nf/Xv8Jn/s77D32/6Xf+av/489/vd/+3/zl1w++Jv+9b/zz/m78z+v+g//pZ/+x36r//NPuPvfffXwP2x+j7/z93z56uVf/TPf++fO/t6/+Xf7W/667/xV+7/hb/u7/iN//t/6rb/sj/r0b/3d/9H/+MeP/spfPf33p7/y77979d0/6t5v95suf81f/eCP+W1HZfnr/dS/+Lce/5FXf9K9P/o3/7X/kX/36Zt/5u3v8Fsf/mG//r9/+OL3/g/f/Il/9S+9/Iem3/6Vk3/hp3/H7/4T/+nv+mf+wt/0b/nrdg//84e/7+/0a/yRf/3f+XfW/9Lyl/7V28/+9//tzj/47f8+/3t/6lf+If/pv/PH/r1/53d/1d80+7G/5c/5e37H//HvqNLVH/0L/5jif/t3/uBnv/7v80f8DX/mb/0b/k3/wy/5F/+yf6a8/p3/6L9ktf+//TO/eL73N/5B//ry//4t71e/7eGjn/iPDn6fP/gP+8f/tr/i8fU//evl/8v2f/4H/b2Xh3c/fve//dNv/539P3/68C/9w/6Hf/pnfou/9pf8p9/+n3/q6r99/d/+C5/9ab/2f/7Hbf0Zf9Qf94ft//Q//Y/+Pb/iV/9Rf8xs8Wv94/lv/vaf/a3/9r/iX3zwV/2B/9zD9C/9df+oX/38j/mNf+XZH/xv/PJPvvxn/vc/9hf+sv/1x/6O//S/ev7R37L+3uUvX311+kf9eX/I52//wT/3X/yJL3/7P/iP+GO/9d0vH/1Wb/+qH/8zft9/40/Y+ef+sP/q1/97/5717/av/Wenf/nyz/9r/ts/+l/7W386v/tH/BWf/Z//zt/5y//5v+If/Qee/ds/+K1+19N/+U/5hb/v41+99fDv3v7P/9r5f3v2h/21f/F/+R/Mp8//k8l/+Nf+Sf/AL/ttfvfxH/3d3/+v+nc/u/yxB3/zb/vX/J3/6p/3h0+//fv/j3/03/Sb/JV/x7/zrXf/85+w/4f+E//HT/02v+A//E0/Onz8Z/zSf/Qf/Wv+8d97//Hv93v9Dn/Wn/Fn/gu/37/9p/yFf8J//cd9+p/+UX/U9z76K179Nn/Un/nPF+N/8M//s/++P+MHf9snv+yf/lf/vvPFr/hT/5OLf/LB73/9f/wx/8P0j0kOF/9V+2v8E//ir9f8J3/36f/0W/zCP+NBcv7v/nF/x+WTP/ePfPZ3rv7nk9e/37/1z/8N/8Uv/e9+03/kz7n6t//Vf+OP/Vv/1H/07/2Vf9P/fPpHJf/0v/d/vP7i7/uvf/m/8mf8N3/jH/qX/kTx7/3xP13/q//tP3X/qPjVf+/Tv/TZL7v/rf/8t/41f/2/50+f/nW/1e9+9R/83f/MX/XJ7F/9vVf/4+/9F//3P7j+p37nv/oH67/x7/wDP27/7f/j3/vD/pc/4d+/81/86f/0m//1D5v+Xv/HwZ/xP/2pV//Lb/Orz0e//d//7/26//3TX/s7T3/ip/+5X+vX/wv/mb/ip37z3/vP/uh3fpP8gx//Kf/01T/2G/9zn/1H//JP5v/cX/E3feffX/5Xf8bBb/xb/3V/xxeP/81/9eNf/lf9Jy//93/un/6y/v0e/K6n3/74p/6jf/1/e/nn/ov1353+xnf/gb/5F/33/9r3fsWf/ete/Ac/fucv/8U//e+c/qK/91f+1n/E3/+3/a2/6Hf/qvqpT/+x/+gP/gP/2fv/w+RP+O7Th3/Cf/3v/qbzf+bfuvfX/VF/6B/39/7v+//Cf/E31b/vb/tf/YNH/1X5j/wO/9Sf//xP+xv/hd/v0W/yK//lf+XP+pf/hj/u//zr/tZ3v+8f9+RX/sl/9Z/1z/5+650s/e//3j/jt/pLfss/4bf4N37Zf/dr/Dl/ZVL89PRvOP9Nfr+/5c/6jf7d3+fP/2W/5H/5C//Oqz/ib/lr/tm/8N/7ff7B36P5ve7+3v/5/V/5p/2b/+Tf9Jv9B//qF//F//mv/sS//3jxR/76f8mjv3PyDxb/xh/Q/GF/4J/+rf/0P/tr/szf59t/fPM7/Gl3fv3P/7Gf/qk//avlb/ODv+d3+9b8V/4Hf8Nv91f/8X/b7p/4d/y2//Rf9R//07/kN/kNrv/xl7/j1VX5v/1Pxw//jb/u3n/6H3/+q672/7V/7u+69xPvvtj7N8//ul/88nf6X//wz3/VH/XP/p1/1+/+V//tv/pXTw7+8je7v/Cz3b/7//wtl//gX/pv/szf8F/8Wc0fM/1rn/wHf9TiL/xH/rl/KP0jf/wn/8s/+Hf6me3/8b/+yX//j/6L/qMv/vff9S/5ZX/zf/EfrH/DF//+n/7n/opv/331x7/od/iJP/sn//v/7e/ZPfvT//Zf9/Df/5sfv/v3f+Ef9+cs7v6n69+0Of2rfvF//c8e/V5Hf8Deb/cb/Qe/35/x9/3Pv9nf/M/+BX/IP/PJ37e9Pf+Xjn/ivy7+nXc/9lf+FX/Mn/c7PfjFf+7f9/onn/3vf87v+Vf99E/+u3/Jv/ErfvB3/0eP/tPv/b7/ze/7Rx/s/lV/0L/7d/6f/1bxh/+mf+I/dvBn/Jm/8k/9S37H3+xJ/skfuvzvyj/2tx/98f/dX/A//sK/9G169y//O4t//s86P/rv/8J//9m//t//ln/xt/+7v/mv+X2v/7s/7c1/W35U//1/wW/xr/9N1Yt/897df+f3+VPv/EW/6vlfeP8v/NP+/ezv+daD/+j3/T3+5b/0v/uJf+V/373+ve79Nb/1H/wf/aGfnf8Rv/RP+Cf+ye/8Pf/ef/rL/se3f+aP/0nf+XN/5/Ynf++3P3Xv//wd/smn//Q/+nuXf/nv+Pvt/XnZL/wV/8Nv83/d/VX/5cX//fmv/cnf9guf/3O/30X99/+V/+Zv8uf9df/U33r+r/wrv9ef/nf9V8V/90t+7A/7p3/d8z/xy7/tl337X/0fn/2y0X/8t/1Rn//if/BP+k9/+//kX5788X/NH/r7/+q/5vf6Y/7+j/+OH3z0O/0f/96v99f/Hb/mn/v4L/vPfp/t/+Qn/q1/tfz7fuWf/0f+qb/XX/T3/4b/0Mnftv7yzxj9SX/gX/3f/wk7f8ef86//oX/ar/k/NIe//h/00d/9N/15P/Wf/OQ/88X/8Cv+67/7j/qlX/2Nf+M//bv8b4/+/l+59/f85IO/9Bf84j/7T/itHl79Dn/Wd+/84M/60+7/xz/4HXb/htEv+523Hv7+v8a/8xfd/8lXf8aDH//L/57v/Ku7v+Vv+p/u//jzv/NP+Ot+nb/nN//z/5h/9c/8qvlT/qtf8JP/2L/wP/2nf+ef9/o/+M3/jn/j7/2ff/c/7w/5FV8c/Ff/8T/yD326++f/2O/xJyW/7R/21/41v9tv++Dv+Vt/+b/zm/zi8c/88j/1V55f/9Y/+If/6X/yZ/6JP/Tpv/HfH/yTv/G/+y/8yh9/cvi3/u3/w/k/+z/+Ob/+L/7jrx/8iX/6n/l7/I9/49/2V335W//7v+U/9Xf8I//Yb/4f/xOf/eL//X/7xX/Z+mcevf3X/6z5L9q6962/9C/9u37f3+iP/P3+sT96+hfS6t1/+du8/i//yd/63/3z/8Lf4Md+p9/jWf57/8xv/D/8lb/JL/1FH/+OO2S3foe/5Z/8lT/xp/1f++Xvvv+t+slf+Dd/+vtdTv6z3/i//A1/6jf+Bb/7v/uH/6P3krv//F8w/uv/4N/0i3u/cPqP/p2/3ue/+PeZ/81/2J85/Q//yv/sn/hN/6WPz36///Jf+uP/2N/2n/4L/8DZ9e+x+vNm/+vx8/P/6DuL3+ff+DN//L/c+l9+13/yD/0Xf79/8U968unRl7/0Z9o/8Y+f/w9/9G/51/6Ke//0f/JX/NLsxX/73//WP/Ev/vjbP/N3+63/sz/mV/xRi7/hl9f//I/v//2//v3fYPQXPv3Df9s/d/XrPvmpv+f+f/Hf/erf63f6N/+Rv2PnO3/Eb/0vHeVH15//Zn/jx3/Rr/rT6vaP+6f/z39ouTz6a/6H//gPnv72qz/hD/hlv+K/+z9/o6/qP+7z3/G//4cnv9af+8+++ot/rz/ln/ij/qZ/+e/9mb/i8z/k0X//D//av031LzQf/TnN0YO/bvHX/Ymv/qXv/g3/1viLP+4H/8hv/X//UX/Dn3PxH/6WH+3/sr//0//st/+Pfs2PfuY/nP+5/9Af+Cf9ZU9+53u/8E/89n/zX8/+vm/9Oy8Xx3/pX/zTv9fVj//3/9n3/uJftP5Vv9Mf/tX1X/M3/qJ//C/7+/7enb/+l/3a2b/9z/z0r/VH7P/t/+ovO/s3Pvonz/7mf/I/+BW//h/zV/ya/8b0V/8H93+j9G/9R/7RP+/Xn//mhz9279O/5vX/9Jf8C//jZ3/NL/lH//4/95PHv/Cv/9X//T/x4Nd+9lv+Lr/t9/7ef+b//Kte/PuX/9Lv/rv9d7/lv/NL6+/9jv/or/yX/+v/9rf8/j/6f/zrf9+v9Z/9M//iZ3/R39r893/vg9/6t9pqJr/uX/rj//J/cv/3q/6A3+ln/raf+Xf/iL/8N9v/Q/+jP+Hvb//3h7/V3/vyn//Tv/h9//4/Oq3/vb/r1W89/i1/v/FP/GP/7n/7a+38mb/k9f/5F3/5n/3dH/0ZT/6Bv/bf+rX/3t/po9/wk9998eq3efwL/tLf+x/+zp/7z/3J//tf9V/8iyd/0Z/x6vP1r/jn/qjf53f6o3/xP/Ppb/dX/MP/5q96d/lnffln/bG/5C/8J3+9txcP/rXkF/zOf+Tvsfpt1v/S//BXf2v5D23trv7R/+s/vvfw3/sb/+bq/Ff+x5//Z3/A//j3nfzyP/cve/q3P/vN/+y/7Z/7nZrmt3307//bf+sv/03/zn/sV/y3v82f+u//d59Ovvt7HP1zX/1+f/l/PHr0i/6n/3r2f/5VB8lf87j6h//Mv/on/9T8X/ld/odf+At+98Xf8Rd+9mO/7E/5E/6kn/jo3/rrq3/1T/g7zn/v2fWf81v+KX9W8y8u//G/7uy//bOnv9cf/Z/8Ef/u2d/37/8VHyf/4D//B/8L/9Sb4r/68f/i7/6nDv+0i7/x77z6ybN/8U/8p4/+8WeLX/2/fPvP+o9Gf93fefiH/VW/1u/55/yf/93f9+z1R//z//4HVH/ZX/8fLP7IP+u/+pf+3PS3eXf9Z//i+pf9zf9js/6Td37zv/F7z36Lz//DnX/zb/qVv99/dnnQ/qp/6M/92/6qf3P95/3yP/g/+t3+hr/2X/2Jf+t3/ss+efKnr/+Svc//5Z/5+OL6t/pT//lf+vf/7//nP/tb/eH/0tPf/J/+O778yfPFd37d41/xF77+FX/IHzj/m69+j7/y73/9f/xvL2b3/u4/8J9of+1f9J/9Y/9E83/9B3/vl0//s3/jz736M578S3/tvzv6T//Lb/13v8Ef8R/9x7/X9k7+8q/86/6uX+tf+1OWf8m//5v+Zv/uT/9+L8//9uNf+lv9GcX51U//wj/89/n9fqeTf+7df/c7//6/6j/e+ht/hx/7t/+hv6g8vtv8of/p//Xq7//1/tD/+3/5FUc/9j/8Lv/dv/J3fvTsz/jzv/8b/yt/5C/6e/7PX7H1b/3jf8Sf8e/+IX/Er/uv/LK3n/5uh1/91X/ld/67f+B3+zP//qN//sUf8/f9hee/5Hf4RQf5v/jw1/jp3/xP/7f//d/zD/ixt9nlL/vP8//l9/4tZ7/ef/znvvo7Lv++3+AX/5m/9n/z8k/+J/d/v1/xZ/7df+1/+p/8sX/xv//d3+yzn/nls7/uD/+pv+z8xW/zZ//i1e7sF/35k5/4r/+yT/+vP+rqO8d/7Pof/L//vN/tO//5r738X378v/nb8/Ef8n/+xz/100c/dfTXfv+v+6v/5J94+N2Xv/TTo3/i7Le6/4O/+0/+Xf/J9d/6Z/8Jf/gvuffln/pn/d6/9D/Y+3OXD/+Wf+Wf/F8ef/at/b/iuvhH/7Df8V//tT/7W7788/6kv/uvnP31f9g/mv/Yf/gzv/uf+zve/z//rz+8+k//ul//d/07/oRnf+Tx5Bf+g3/DP/sX/P5/2Nb//c/+Q3/0d/7mf/Yv/ct/2e/8m/3Z+//Af/nr/kHj7/z3v8lP/dt/ynd++t/4l/+lv+6//I//5b/kT33+92z/Nn/Z//kf/LllvXv3O//b//C3/gH/xN5f89f8Ott/5p/5d/65//Qf+uf8Dj/1O/9zf8L2o//mH/0f/4v0t/8d/8L//X/5bT76r/77f+ZP+/HD+jf/s37L/+aX/YN/8e/yV6b/3Lf+mP/1+d965/Vv89v/df9z++ff+Vv/lvS3/e1/k9/hH6h++Z/8l/1azd/8e/zS3yD/q14/+M7v+pf9SeX0X/lLD/6Mf+cv/E3u/ODv+Fv/2T/6L/tLHv0z/97//n81/8lf9kue/hV/3+v1//7dn/xrDor/691f8pd/8jPbf/Hf/081f/3v9yf+G0+TT37Bv/iP/dk/+HX/hj/u1/1nJv/GL/yl//rvUP7D/071N/4u/13z5d/0V//Ff8W/+af8o3/mf37yN/4+81/2f239pWe/+L/8qxd/zX/y2/2Zv2z9j/9Tv/l/9jel/8pf+Wv/ob/Vn/67ffbsd/tN/vT/8K/6V/62g1/19/42//NP/Da/zu/zS/+tf+fP++TRb/e/vfxv/qQ71//mX1W9+QP/tOwv//z6P/7sb/wbX/3UH/5nfK/89H89/9f+gX/6H/mDv//f/NLf+9f56vn//Z/+Fn/k3Z/+q9/82+mf8Fv+3d+58+ce/Pd/zZ/5d/zgj3j6u/1Z/95vcPVX/nN/yi9490v+nXW1/W/8+r/zm7z9T3+LP/Tf+fHvn/5Lf+r57/4//vKd7d979V//rf/+//5f/R2/y+w//mcu/stf8YP/5E9d/Pf/29lP/PZ//586+UV/96e/47f/iD/gV/yf/+j/9Kf89b/68hf+OX/Hd/7Cg99vb/ve/5luX/7t//t/N9r+a//Uv+cv/bN/x9M/7vn1H7T8h/7Of/C/+h3+iV/w4E/5df/vv/R7v+ufcnZS/cXtxZ1/6O2f9T+e/6Hf/iX/2d/0p/463//D9j47+vK//K/+l//lp//FP+Cv+av++b/hz67/tG//h6vij32Y/6n//Z/16b/wn/6Vv/8//3f/UX90ffFb7v0Wj/+13+9n/vt/ff97/8Lf/nvUv/Tot/0Vv+In/4C/ra7+mPYf/7//8b/v9/kHTv/hZ//+L3j65NVv9Sc9+69/q//61/s1/+s/Zfkn/Qt/8d978nv+9H/1P/wRf/Hv/uv9ds+eTr79X/92fwR9+Iv/qF/25/0e//H/ufoXfsUv/fv+zf/yl/yNf/+/8T/+PZdPftVH/8Rv8Wst/47Hl3/NR7/s8M/+6vf7E/7L1Xf/2F/7d//f/9ff97f4r//d3+T3/lP/7Orv+LPu/oVfPPsL/62/6k/7nX7XV3f/l3/9d7nz3/1uf/ife/7nbf9dH/3Fv/r7/8veH/P3/cO//Z//+O/5t7/84//Pf+Mv/nf/k2//7X/Bd3/hP/RP/sdnv+TTf/xX/CFVfrR3/Bf8Ln/O3S/Sv/Q3+Ev/ut/g0d6f+iv+3Zf/67/0X/0lf+JXW09+r7/9j/9l9//Kv/yL3/jvu/dr/gOHv/wP+zW+t/WT6ff/0P/xD/n7/4df+J1v/WP/wx/x+/y5v+4f+9cWf8O/2n7nT/w/P/49/qDn/8C7J7/r3/O3/cKvvqr+ll/nD/xD/rEvzv+jP/zX/g9+x7/r3u+5+ncXf82v+Of/gD/8o/Kf+h3/9+aX7n3yK3/ml/zMn/yr/siTf/3X+f4vPvpNy//4/h/2z/z6f9NP/b7f+/ff/QZ/1D/9/b/8z7n6J97853/kf/nd+m/9NX/b5unfevw7/q//4R/z+PyP/Wv/zP/4L/mlv1f+a/9uP/Xn/Y1/73/36z48/u2++Id/i9/6f3rxV+78+Rd/25/y5tN//v/6s3+3v/0//c/u/7Z/wed/xT/5p/yrf90f+Ef/K7/e33q68+//Lc//2H/41/s/z/7H//Kv/r93/+e/bvKr/sc7X/y9D36L//03+eU/+JN++fPPf9XfmDz73f+qP+fLf+Dv+D/+g2//Qd//7/+H/+W3/+t/8787n323qH9hcf7H/CZ3/5A/5K/Z+z//rX/+O9/7o37j/+H3+vf+ut/pX/lHf/L3/xV/x5+5qv/tu//81Z/07//6/8L/9Nf9ue/+wN/md/l3/ry/7Z/9zz9e/g4/+Rt//+3/MPmj/tjZ//jH/oJ/7ff4h/7Uf2HyZ/4Of+7Lf+n6X/5bf+OD8X/w9/zK/+Ev+df+gt9u+//+e//Mb/1rhz9x8Pj//GV/1m/4p9z7j/643+kX//7/6b/1t/7bv+jN+J++U+3c+1v+i3/il/5Xf9Sf+r//D7/s//ojf9mfUv2Ff+PVX7T/+fIf+e5nv85v/Kf9I3/us5M/NPvD/rg/8xf+ttf/1i/9g5a/y+Gnf8A/+FeMfttf9t3v/YVf/I7/7J/y3/w3/8o/8Xc8/yv+lD9k+z//vZ/9lf/dH/EX/Bv/8J//du+/+Av+ht/mn/978v/g761+zT/8t/r1f4d/92/71uF/8Jv9o3/8X/7HP3/71//Ff88f/5+s/tL/evlH/gO/+dav+Yf9mb/h3/Av/R3/5N+V/I3/wG/wx/1vf/Y/+g//xK/7u/2db37y1/r7/5lHf8t/9ruc/fYf/0e/5Ps/8fv/+5e//v/1Z//07zH+Tb/1l/3EH/ln/U9/+7/+N1//53/PP/bLf68/4mf+yv/0v/5r33z2H/xBX/zUd3/Zf/W/3PmX/67/6m/5M//Mx//Ff9T8/t/77a5/3Z/5J3+Lv+Mf/33+pb/9H/sN/+S/6p/6937pX/p3FZ/8PX/Wf/tLf+nVP/1H/l3/w9/2Rzd/07f/o//+86vf9fSf/cf/pX/pP2r/3f/0p05/n3/77/4d/ug/7y/+wa/x3/4Dv+//dueL//Vn/pEf/xP+zN//z/mz//NXv9ev+/qX/an/+0//2//V+a/9ax7+j79t+0f/Z2//nP/4r/3vrq//s7/2V/1af93/cfWb/9L/4Ftvf6e/5L/4Hf/NP/Wj/+QPuHf4u+79ES//hQc/9Wv/9//9b/8Xfvcf+33/tL/2yW/71z6780f+vf/n6je+/Df+zj/tk+v/6S/4j37lH/yXL/7PL3+3F/O/MP3VP/jlv+ifuPe//11/ZnX1G/wO/+ov+a2+/B3+wb9+9Iv++r9hsvPLf4tf9odMf8Hv+09f5H/Ku3/7X/vd21//d/5nj/6Av+aTl3/5b7r4d/7Wv/B//k1/x5/+/n/18M1flvwTe//2v/k3/U3f+R9+u3/oD/wDf7Pr61/09/1Jv+n/Onv+1V/0x/8z6Sd/4I/nDy7P/v7v/2f/42/5f/yGX/5jf/u/9B/+2+M//5f+/n/jv/OLfr293/7/+GffZP/T1rtf49Xv8J/9rf/e39uM/9e/9jc4+S3/kU/+j+/835/+b3/sn5X/wuJv/0//gq/+/OMnf//4n37zO1b7f+fOH1vv/ctf/pFvf+tf9qc///3/ur//n/yHsl/3V/zlW8nLP+/3+29//7/y3/4z/o1/6O/7C/7oH/uf/+P/4k/8P/Pf5w/6S/+O3+9P/DO/f/5Tk7/s9/r+/Pf9Df6wv+73+SN/2U//k9/6y/6N4rf9x//Ln/nTfrO//r//3//5f7T6y//43+ef+p3/yj/n6k948njyh/3Nf8Pe//Dbvv7D9/72v/qvSf7qn/5LPv+xnb/uP3x351u/8J/99au/7bf5zf/hv+Uv+xV/zv9x//TXm/y1f9s/9WdM/5l/7O/6a/7c//Wf+0d/3f/gfxj9Vb/xzt/97C9/+Of9I//3r/nVf/cvTv6U3/TX++r3+wN/6f/4n1/+kvo/+N/+yV/31/+HP7r/n/1Pf+M/8Gw6/Rf+o78g/fJfrv+if/NPW37xY//q8h//w//2P2PxB41/99/i1f/13//uv+x//D2f/OX/8u/9S//Z//73/GP/tT/ij/nlW3/b9n/zl/2mv+yv+af+pD/+t/7Dkv/4f/vTf8tf9g9MR//Xb//Hffe/+/R/OP0tf2z61/ya2+t/6L/6Q/66f/SrP/QHf98/+1f8j7/XX/P9f+gf/GP/jf/uD/kn/rWPHv/u//Wf+Cf8Xf/Cf/j7/5e/7R/1i7/9X/1lv/8/83f+dvf+jXsv/6s/4F/+18f/zR9f/sa/zp/5f+flV3/Kr/niL/lNf+N/+Df45E/+L//AP+Nf/L9/o3/+t/y7nvyZf+Y/9of9i7/RL/sP3/zFs61/9NWbk3/u+T/9u/+l/2b7T//dV3/Xv/A//77t3/jP/xHPfr/v/7e/qv5nX9w9+vb/9Md+8fJf+B3+uF+y/xv+D9u/72/yq9qLyf1/9PPf78/76d/uj/hjrv6h9nz3T8j+5i/+uK1/OS/u/qu/+z/zd/8l03/r9/uP/pff/l/5sd/pf/z9fqf/9b/8C766/q//xL/3+NFfevTxH/6f/hN/xe+5e/H07365+Ht+9S/7d5Z/1S/4l/+Fy391vvjvf/zho7/j73/2a/9Of/Pq9//jvvNr/05Xf+Wf8hd+/3//v7f+y7/wf/93Lt78n7/x7/2Lft1/98/5hX/U/p/8Wfuf/jb/yL/87/7Nu7/wt3z2p+z/FX/HL/uz/uRf8Nv8k5/+q//ZX/6HXv85v/5f9uLv+E8O/8F/8/f5cvJn/6K/+r/5v36zP/tP+w8uTv6sP/HfePT7/9hv8un41/8t7v/qX+snPv91/oDf+G//9/6vv/T/mN759/b+xv/wt//i3i/78/+af+OnfrDzu7/6n/+eH/ulf+c/+Bv9Gv/Cb/47P/rkP3778b/6v/wRv/4/9JP/xW/x2emj5m/+R36TP/gf/R9GP/ErT3/1P/77/y6rf+qj/+TX+lt/43/ub/1f85/+g+799z/5x/747/u3Pvrf/9tf+V//ez/9d9z5w//2X/DTf9Sf/sf+tz/98T+yPv5n//G/7J/8DV9e/LV/5p/9h/+Vf+Nv//tf/lc/89f/H3/3f/kv/sZ/RfP3/L3/xb/3x/3p/+df+Iv+59//r/v9/5hf9m/9uX/O3/9n/ElPHvwD9376P/s9/8r/8endv/7P+ejJj73+y37l/l+W/+KXv/s/+ps9+iP+0v/2t/0n/qVf8Gf+Jr/H7/+n/6+/7b/7b/w9/+Nv+h/8bd/9U+79Ldkv+1d/yR/3X/1+v/q/+U/+q/+u+ad/7Z07X/69/9z/8V/O/46///GvPv/01/z9/6y7D//47/z4b737+Q9+8nctfptf43f5wen//k//xX/c3/Vv3y2vin/q1/+zm3b/X/yff/X0n/nP/5ePf9M/+1f/YX9g+9f8fu0nH/2G/+xf+qf8G3/v7F9a/If73/v473/88d+/8xv9gv1/57+e/AM//eq3eZb+xr/st08++ec+/nNO/6q/9nf7/coXf9e/+3D1b/4zf8rd9X/8u3zyz/y2v7r5i/+3//Tzb1Wf5L/zv/32u2++/Qf9wdnJ7/HR//Ltj//Fv/fP+7f+tn/gD/jL/vW//8lP/Xu/xtWfuvwlv+T3e/dv3/sj/svf7if+8cV/c+fh+Hf4A3+7s9/2+7/vT/3Kz/64f//xH/Pn/0E//jv95F/4v/yxv9v8//hff6+/4+kv+Xv/xP/oN5j88f/JH7F68Nf9wX/41m/6d/zXf9P/+Nf+tT/+23338u3F/f/zf/vFk79h/C/8uf/sD77zT/5V/+Df9Vf+in/tT/vt/tb7v/W//N/8nr/Hf7n1q/7jP+8v/i/+8eO/8N5f9C/+lX/7j/0O//Gf9lf+buN/5Tu/78n/cPc3G/0Ff9juvzn7+NfZ/yvm/+lf+gddPvs9vv/f/0u/8p//b37tf+I/+93+uvsXf8Kdu//UT/xd/+sv+P4f/ffde/Tjv+TR3/97tI/+xt/rj/9b/5Otv+4//bv+w9/uv179qt/6zn/4X/+Zf+qve/w7/yGHf+Yf991//u/6d/6VP+Kf+tN+q7/2H/x9f43f7vf+q/7mP/bN87/41/3xR//t//DvHP4mv/qfv/qLfp3f8Y/47/+bn/78b/1XPvp7/rZ/7vf9h//3f+Zf+XeqP/7P+/0Wv8vnr37j/+BP+pce/um/22/6+vy3/iv/iPv3/4H/6Tf8DX/nP//N//R7/ydPPv2lf1v55Z3qwZs/7eLf+t/+mmf/0P96mP0vf/Pv+Tb7T/7qyR/4u+f//U/8jr/oJ/7uf/vi1/0X/rLqb/5fv7r4E//Kdy//of+u/Bf/pP/0V/7qf+B3+mv/7L/h3/vv/+tX/+T//Tf/fn/s87/m3p/65sf+0B//S/7Cv/FX/2Gjf/Cf/Hf/mf+z/jd/73/pT975u//6/+x7/9Lk9/yDHlz9RQ/+lf/ut//v/7ff/o//1U/q3/6rn/qJf/mnX/8V/+1nf+Av+Bt+y+/95F/8Tz7/qU9/1d/82/25n/6C/+Pqo//mz/j0P/nN/qXrv+Hf/4f+2P/4v//j/7Q/4C/5z8/v/Yl3/8m/6E/+E8o/7pf+u/VfcPTX/UV/7V/79J/999I/8W/5W//F/+P3/Oy3Ofq9r7f/tje/9Rf/wD/+43/in/FL/7dXH/85n1z9r0f/y9nf//v8vf/Qf/hP/gGv/4ffuXrx/b/q75t8+mf+5b/Jj//Nv9M/8fe8/T/+sD/sv/i7/vt/4W/6vX7pX/K//x4v/3xiln/4Z37B77zIf+HO83/g/Lf89m/59/zqZ39R8cm//mv8fX9T+098+vf9z3/Ns+/8Lc9/nb/2977+S1/+r/Pqk3/qr/1rftd/5l/+Q/+zn/7or/5Ldn6f71785H//+u/+zS/+qH/s7/sP5v/tq3/lT5n8Do/uH734zt89+4nf+rd69Jf9jf/zf/wrn/8pf/Nf8mv8mb/ev/+//vsn3/385NM/5a//7D/7NX+Th7/tP/47PXzyH/xl/+vv/9f/ql/7r/mN/8F/+PLP+V3/5d/9N/rL/9m/7Pf7i5599esfffnyT/inf/E/2Px7/+Ff+Mf9I7/0nx//yk/+xZ/43bP/7l/813+X//TxL118kv5D15PfYvn3Hf55v+Gv/PP/x8/+sl/4W370R1z+9b9qOf/H/67f5+N/7O/8d7/3F/6L/9yDv//P+zuP/tU/7hf+7n/j9Bf+c//26E/8i36j3+M3+jP+zL/mj/wznv7Wxb0/7Z/7Y36PP/t//B9+42Xz1/8p/8XeX/pxfv8/+Nf/oqe/7j/3H/4dn/+5v+4f+hv/ri/+u0//z9/mk/9x+ef/wf/6n/6X/0V/15/65/7JzUdPT//xw989ufiF/8d//Hv+Rn/ZP/R7/4W/37t/5n94/vee3/vPV//18397/jN/6dlv9av/qOf//t/0f/6af+jf8b2/5tc++nX/5d/ke9+Z/dMn23/yL/mDv/s3/IN/5u/+B/8hf89/9h//H//n//1r/eSv+r9/4uDk8Dd+dv8H//Cf+uNf/Mz9P/Iv+Jf/kN/lj/6HfvJP+Nse/va/1h+W/RV/03ff/AajX/vv+8W//Bf8cX/k+q/+S/6aP+PkN/1Dfvnf/Svu/Av/wK//Z/6m/+rhb5xe/ur/5d/7v58d/MHP/vb/8K+6W/32f9vf9dv9U4ud//XPX7/7/X/3h7/Rn/e7/53/7n/2i//u/+J3S88u/q2Hv8+f+Y/v/9I3/8lvdPBv/b5/Xb34VX/d7/F7vvhD//NP/o07f+of8o/+9v/av/6/Xf3K/+jf/Nd+ZfV//+3VH9T8V/lP/Af/8Pl/+R/88X/tX/In/EHz+W+9+Cf+nH/hT9v/nf6bO//kb3WQ/qnf/cd/rd/pz/tbftXT/2n93/yJd3/77KO//D/52/6+f/f/2P6Ddv+OX+f/+Ot/j3/o7/+f/4Hf/rf+i/7Dv+w/+hM+/gf+pGff+dv+z7/yn/oVv+B3+5k/+rNf8cf9E//g3uM/+o/59X/vv/cv/ev+vT/kj6j+8z/jN/t3ft/f7F/+p/6GX/2rfsF3f8OzX/XPfv4X/tU/8W//T3/pP/GX/Uf/59/9p/9Z/9xf/s/+Q3/qH/A3fvxn/4W/ffrvHvwGP/Fv/gN//+/8ra2f+lv+4r3Xf/ff2v7MP/9b/n1/29/2n3znL/yLP/5l//az87/sp/+a9ac/9kv/zP92+7/7k3/5P/zv/ZYH/+bf/9/9eac/ef1f/TXT33bxvz35n/+jX/C37/7qv+THfp8nP0aq+U//m/Z/2Z+w/OI/+Uf/0Z/5h57k353+o//XvZ/6O/7af+8f/HN/wXf/sn/67p/w1//kL/szt/64v/OX/bH/2i/c+uNf/pf/0b/8N/3nf98f/Wf8Ob/iH//H/8g/6fd6+h+sf/yPf/WTf8j6n/99/oQ/5f/8i8d/6fHv+IvPf+Ff8Kf+/v/o5ad/wtnJX9P+4f/wf/bvfvZrXf8ei3/iz/5P/teTP/ZX/s5//eLh3/NP/vKHP7jzL//D/96v+N9/0a/4H/+0/+vP+MEXf+ff8id9+teOf80nf/BfMfqHfr9/6Itf8uv+If/EX/Of/+/Fr7X8n/6n3+u//vv+1Fdf/dK/4+pf/Suz/+1P/Bf+jd/u//7jfsU//Et/2eJv+Ogvz/+9X/UX/Plv/+jZ7/8b/j3/4J/1W/3Vb/7l//Nv/Jf+wF//B7/5//0n/C9Pf/Vf+z//fn/CdPJH/HF/+b/3W//5v98v+X3+6f/6t/o/fut/61/9F/b+pX/8J/+x77/7Yx998oc8vvPZb/W//rO/9799L/3uH/h7/M4/9dkf/e70d/kvdv6df/Hd4n/6y37p3/fn/E2zv+U/+dPqX/fZm//qf/st3/4av87d5i989uf9ev/1r/rX7/x6/9Z//uSfvPvbPftrH/yf/8Y/8w/9Bt/d+1/+w7/773j1M7+w+hv/6H/rf/yFf/Q/+Ov9H7/bH1X+n3/53/y7/umL3/Hf+of+jRe/+Pu/+Hc8/J3/mL/2/x7//b/oV/3zf89fmv7EH/XP/s//8T/02/yRv/hv+sn/9bcb/bdf/ZcPn/7k6E/4z17+BX/7X/FfjD77ff7A5a/+h3a//G9+93/xN/1jfunf9Fv+fvWvuPc7/MH/4f/1e/17F3/bb/fo7/0Xf6//9Nf5nR/v/Em/3i/9W8//wF/2e/x3//6df++zP+Af+Z1/w6s/avFrzH7tTx/9A0e/+x+8TH+3v/tvf/558mN/3X/4h/5tB7/O3/0n/vN/2w/+x5/6we/12//+0zv/5P5/+OUf9NO/+u6f9T/987/+L/k7/umtf/fJr/cbvvv9/8Rv/YH//D/z22ar3/c//9t+vbvNJ3/gP/TyV/0rF7/D5B/6Xf/ev/ZXHf46/8bZn3713b/rt/kNHv9Bf/e/8Pf9Bn/Ln/arfvDP/CF/5r/zu/x5L37w7/6if3r3Fxe/4/9+b+dv+lX/wW/3P/57f2fy5+X/6X//t/xdv84f/If9zCcPf+//8+rbf/c/9q//2r9i5/HkF/4nv+5//rv/7T/znd/yT/qVv85/Vfy1f/Xf+Se/+2X/91/3t/7b/+Jf9r/9mcXkb3/96/zVv+Hzv/LB5S/6Xf+M+3/Jj/+h1d87/sv/11+2+APzwz/v7/xf/6j/+sf+u9/k3//tfr1/s/0d/vP6X/tb/5bf/vQ3fHz++C/NvvXTf9a7f/Jg+dnDv/1f/OPL3+/Lf+R3/+v+oL/0T/3Oy1/5G/2j2X/0v/9Vv1f7By1/0Z/1z//g7/4Pz69/1V+Y/Nn/xe/yF3774e87++Pf/I3/4T/yP/9Xv+8f9vQPWy1/u7/rt/zH/oV/5g//bf7Zf/Uv+Je3/vK/4zf97V7+2n/VH718k7z7p//TX/M/+Yndf+k3+unf4Y/+c/+I8Z/yk3/jX/vg2w9/1187+Yvqv639nf69T5rXtOj1H/8L7V/zu6//wH/id/sD//ll+ev/cUd/zm86/6/+zf/gx/6Qn/rlv8Gz7b/8V/8Df/w/ce/u/O/7z//O5s//436rrd/2H/xr/4pf568u/qff9urFv/j73P+tP1n/r//Lv/in/Lt/z//+x/xvf8y7/+HzJ3/X//Eb/6fPf79/cf77/OkfH/3iP/4v/BXf+k/Hv+LX/p8//c/+yJ/8qb//B7/W9Ncvv/Vr/rn/9Sfb/8b3fuvf8ye+uv+X/qLpv/o//dSf9bv/oZ+e/ROTj3/3v/eLX+/X/VP/9n/jJ/+d//HLX3T1a5y2f/lnf8H4T/yP/p47f/1Xf/uDX/Mf+pW/8su/4r/6M9/8kn/38l/53//b/+F3+Na/dfKH/+mnf9n3n/wh/9d/9F/9gevf/eP/7Sdf/x+/yS/6Q/+FX3TnX/lD/q2f+Zv/sP/2/PT/+E3+3b/5d/in/u5/83f/0x4sf4Pf9r/7tf+c67/mn/rrl3/CX/lPfPIH/o3Hf1f1b/6q3+7f+Pv+id/+P/lzf6tf99+591P/2S+/+4f/+luf/Vt/eP76D/znlk8vf9e/8S/+Rb9s9vSv/5N/o6P/5KP/++L3vPNbFH/On/Jn/x//8h/zrfO/+0//v/+Tv/ZPf/n3/p57X/55f+nWf/VP/i7/8W/1rPkt/+53f+Dyd7v8rX6Xy7/3t//J33H6D/2f9/6c2T/zP/99u39++pf++r/Hv/LX/KP/5/f+s6e/3fXf/D+d/s//+h+x9ZNf/AGLX/Z//rmjP/Dv/t3/r7/z3/03j37Dv/ajf+kv+D+ms9/if/udfpP/6g/525rkT/j84MGv9Wv8M7/NH/bTT/6gP+B3+P6L/+gvufod7vwVf9Q/9+Xv/m/8Rv/8v/W/v33zH/6V/2v7933nX/ktf7fL3+J/+O3/0f/wn/r3/+zz5rs//Vf9qf/t7/UnLf7Yf+7i7r/8n/86/8wv/On/7rc4+x9/SfNH3f1T/6N/+A/6rf+yv+Py//7nfrvf+7/4Nf7Z7/8b/8rv/w/+0b/NP/oX0NrHL/3q3/kf/5V/fvJf/zn/4z/3V/6Nf+29P/HxX/XX/A1P/rLT//x7f+ZPnv8Of9tv8mr73/kd/9zf7t978ef8zC/6+/7y3+iP+4vzx6d/b/l//d5/3x/61/8v0//q/j+bLn7Ff3e6+0uuX/0Vf9pf+/v+Pv/q3/87/47/2B/5E7/Rb/q3ffWP/Uv/xe/4f/4L/8R3/5p/8U/+X47+4a+av//jX+/32fnN/tbf6Dctjn+76S/73X7j3+mf/N3/un/hNyr/nf/it9n9rf7y3+aP+fUOPp5/+k/c+Xv/1Yu//lf8/X/M//irR//Dn/Cn1F/9U//p3/Ur/rXf9/nf8Gf+oV/95v9GVv4p9X/z5/yxZ996/tf+7e9+u//sn/0L/8Rf8Hf/db/y7d/z6/yS/+xv+w9+j/8p3/0L/5X//Sd+r3/uf/hdf42/+T/9Y7brf++jn/qH/+2rf+uP/mde3vu7f+LP+8/rq9/33f/4K/+Sv/jkD9j5r377v/6P+pv+j7/xJ/7i5Lv/4//8P/8av+hX/vc/89W/8u9/9vGT3/Xby//mTz75xf/Om3uL/+yv+Kf+62f/U/Yr9n7tP+XNryqSl//mb/lX/Ru/9T/1X/7if+7+n/prPvgffotf/zf4a/6t7/9+u7/T4f5/+S/9db/XwV/5GyR//7/z27359f/43/FfO/7eZ6f/2g/+7dUf9F//uaff/Yt/7T/zd33yjz3/5D/9Fb/Hn/+n/R3nv88//qf8S6//19/tN976vb+19+C3af6Ef/T/+u/+mJ/60//oP+IP+cP+pj/y4A/8jf/h8u7WX/T9v/SP/iXf/l//num/81/cy//Of/vvbA7/hz/zb/3uf/38Lxzf/Tv+q0+Ov/qj/4Q//S/68+7+2J/6Z3/7Z/7C0V/zR+W/3t/2P5/+bb/ef/zxH/rZ9H/4E+s/61//7//6R6e/32//J/ztT3/9f+c3/HP+i3/5T/61/tu/9/zhr3n56R/0+//xf9P25f/0p/9H/9gf86t+8eVP/gX/0P+W/p7Hv+Gf+b/8Hr/4d733t64+//wv+OQ//bfu/rEnv8e/+5f8Fnt/1Mf/4f/xn/2uv9WLf/m/+ruOfvnv+a/999/+7f+e7/4xR4//0l/0g/958Wv+isPf9r9d/E6//i/5bf+v//yP+O5v/Fv/A/O/9g84/Av/pb/on375e/9lf/SX3/qjf43/4vw/+U/+uat/47/7W//1g/u/+jdvv/9PvfqN/8r/+V/62/+kP+6Tz/+sn/5v/+e/cv9P2/37/ox/4Bf+mo//7L/hZ/7NH/8ffoN/6/941Pz3v//v/Tc8efvv/AV/1v/2K/+i/+VP//3y//S3OPwrfod/8vW//Zf9tZff/YdOf0nzT/4pf9Xf/zv/Lb/6D/7Hnv9u//sXh+Mv/oOr771+Nflt/5B/+e/bevYH/8Qf8d2/7PE//eP/0F/+y39RUv1ev+H/dP0r/+hf+af/ov/7t/vt/tq/6Cd/v7929Oflv+1f/hf9bv/Z5N/8Lz5/+Xf9R7/R5VeX//v/lfz1u//4L/49f9e/9z/4F3/19f/+B/4G3/n7kz/z7Lv/9D/9n/xZ2/u/8eqLv/v/+Df+8X/8n/rL/pr2T/yjfrc/8Z/5Pf+jbxVP1n/pf/c//pX/6r/6N//qf/4P/MN+i7M/9dWv/Q/89Ys/9bO/9L9++7/+1L/3r/zK3/Uv+aV/0n/34H/6vf6cvf/tP/lX7v0xf/mf/Fv+VX908flv/E//Aw9Xv9PfOv1r/qW/+Jf+e//Ezo/9g3/OX/EbLH/Tv+t/Gf1l13/2n/oTye/4W/8B/8qv85MP/+4/7eqX/ec/8esdjP/0f/Hl1f/5x/ybO//xX/bo//ztf5t/5g/53179U//TtPmFv9H3P/9W/jeef/ePO/pX/uV//Cf+sz/kH/vb/9F/+uLFP/L8N1j8aX/7XzP5o/7o3+Gf+if+g4/+oT928Vv9u//c0f/0H/+h2a/9d/65v96/9pf913/bD57/F8tfePZL/+7pn17+mbNf/o//Tb/j57tfFn/Y//b0X/jzL3/jX/W//fa/1R/+K4/Pti/+p782/1v/4uWf98v+zfoP/D/+1t/7P/0d/92f+cd/0f/17/0Ov+3v8x9M/vt/9hf/Vv/CP/2b/kd/+5/7ePzr/L7/4y/9i/6kfOsPfvMf/g+/3S/+r/7b/V/ZrFd/9Mm/uf0L9/7i6p/4l/7Gv338x13+H3/zT/y+v+6v81ds/bP/yX/yp/0zv9H/8S/97n/pb/Rf71Z/2P/wOz7/ff7sv++P/KeTv/b8+jt/3G/6Hz04+Ol/6uH6j/rrf5/r765+n+0/6r88/WP+qu/8Bn/tq2/9dr/j9I/6t//bB2/+x//oF//Nf+KP/Um7f/jZn/6X/hl/3D/57/9Pf8Bv9fhPvvi/nk7/zL/2n/oHj//8H/89fvm//0vPfvVvVPzMxzu/8d/7j/wGf+9s/C/9+f/T3/dP/y9/99/w8Z/2a/6ef/qf8rv/fbt//R/+1R+4+3v/c//zH/s3/fr5u+tv/1F/7H9W/l3LP+Y/+pn/+K/6E/+nf/df+t5f+Mv+0f1P/6Df8a/+N3693/BX/+3/wB//e/7iX/UX/tV/5n/+6/zK/+GP+Lv+kau/9+/43X/PP+YX/cK//O766Bf8gX/in/vX/Bn/6r+1deef+EOSX/DXn178Bn/Xw4/3/6m/5/f5v//z7b/0X7n4B561/0D97d/6t/s3/sz//OpP/622/urVX/cv//h/8h//w//M//Tqj7/Y+eOv/+x/62/+fX/NP/wn/7R/cu93/z935r/rv/dL/8G/+n/7rX6tr+7/G9Uf+mv8BX/Hv/9P/i9/x+M/88Xvu/i/8j/z93nzy3/Nf/Hf+v3Gv9tv8Zv9Pf/jl//E27/gT/j0b/r9/9np9/77P+Hf+rt//PGv+7z5Y37Dv/f3+8//jb/6z0oufmrn7x7/k9v/8L/9Y//ET/6ff/1vXf4u/+Ff+hf/+n/W3/Nb/bXjl6ff+qPv/y7f/Zv+mD/yq+Lv/32//+T6z/9df91f95f9sX/ur/ln/8e/3v/yC//7P/9/+daf/8f91X/jv/A7/sv50zu/12/6xX+a/6t/zf/16W/2V/z7/8a/+g/8xz/zF9/9vX/Tb/9xv/CnH+z8J8mf/Bus//0fX/1af/dv/nv+tf/H3/WtR3/wd//jF9nf/V/9cX/lb/s3/RN/9O/2b/+ef8WfcP6P/ZOXHz9Mv/vL/tfffvmn/cSv8zf+3n/8f/2rv3//1/9Tf6/Xf/Pf9xdc3vmt/7J/77/6l/+ob/2tf97//hNf/Y1/bPnf/UV/2b//3/+Xf99f/F//ql/3k1//O7/5y9/71/w9/sD/7t/47f+x/V/vd/y/foM/72/5W3/it/hrxr9v853f8t//E3+DX6v4l/LFv5g8/7P++79ndv8X/Yq/7b/9+O99XP7af9hv+Uv/yfk/+k/96m//Z//Xb/Gn/IX/wPzwN/j8D1/+1b/H//krsl/67tHlb/wL/tlf+Nv9ke+S3/e8+i//mF8//13+o//ywd/274//4Gd/03/ynd/1T/ut/+2/5e7//X9lp/O/6b/7ib/+3/9q+YM/9G8tv1f/Jf/kX/0P/OVb717/pd/9Zx63/+jsd/jz/6Lf/Yt/99f5le0veHDyn/wXyz/+0f/4S3+Df+PX+9bv83t88Zfv/i9/5f/9O45+4pd964/7j3+9V8Ufu/47/6g/+v/6b/7nv2XS/K2/7G/7T/7pv/if++//h/Nf7x/801//S//4b/of3vmb//a/5H/9J/6U9J8gB+M3eftn/k6/+a/z09v/4cs7//u3furP/u7od1r9U99/89Xf8jv/Wv/sH3j9F//v/8J//W999g/+dX/D7/yX/gO/y5O/9fXvuN9c313927/qH/nvPvv9dv+H3/RP/gW//MeSf+kv+NMf/z6/7p/xZ/w6v9Wv+df9Dxf/2089/Ot+hz85++1f/IO/yX/+r/2Z3/rkr/nf/8hf8c9+/uv+quXf+4/84Hf8oye/x9Uv/dO//Sclv9Zf9Nf+iX/m47/0V73+O/7Qv2z11//On/yGv/fkr/obf79Pftdf/OivuPvvVX/U3/4LP/u7/tGj/+q3+Lt/8jf9c/+rX5Ls/e2/xva//of9qu//2X/43/IX/MO/5T/85z/4PX+9v+cX/II/8Pf9mV/xB/4Jx7/w0f/0N735bf+8/+G3/LGj4h9/88/91MX/+Hv96d/64g//x36X//703/g9/sV//erPL/+sX3k9++9/9e7f/r/v/9gv/SP/3Oav/b3+o3/z/3702979b/+Bnf/+1zw5+Id/nemd//HPuv9Xr375f/eX/nP/1W/99r/5fb5o//zLi9/jj/j389HfcHD8N37/l/+hl1XyL/6Z/8uv87s+/6d/6//pzW/7vyx/we/4H/x3F3/bevHf/jn/zr/zK/69X++Th3/23/y3/o3f+Uv+nG/9hTv/6O/7K773j/0hV//+f/y7/NRv9g88+b+O/sb/+2/7E/6W3/bv/01/h//p8b/3F/4j/8Vv/K8t/4G/6t/7w/+if+Tznzna/ouT7d/tzu/6j/0a/8J/+O/8E7/v7/ef/4f/4G/+z/7Nq//9+7/u7/UTR//17/fZX3r9S/7Wv/P3+xd+r/r//G++c/1v/lq/6R/xbPSP/kv/6U/+u3/cw/mf8p/+1f/ZH/NH/Ju/8t8+Lv+HRfVf3vn2H/C7/da/6L87+Xu+9Zvc/ef+xb/r/I/8tb/3nxX/5e/xP3+r/k9+3//jqz/oX/zWH/zlb/a2/Cd+vf/y7fd/w7/4O//pP/AX/Fq/0bs//e/7nf/Gn/6tvzz+C/6WX/i3/n6/xu/311z9h3/CX/17LP+vv+NX/NU/8xO/16/zS3b/vd/n9U/+Nv/wL7/6q55+9d2r8z/i+2dP/ok/+A/6e/7av/78v12v/oq/8Df9C/+Qu7/eX/Lb/Ve/9Hf5k/+F3/6v2/2bf8O/9ldt/cu/7b/2H/zd/9kn/90n/8tv+Ov8+L/7f33vf/kr/qvfdP4nvPrxq0d/xe9b/aeXf8BP/Ua/8G9J/5c/6eH3/pD//Xv//l/4Nz74ff+Qz3/8y8//4t/pnz38t/+df/lXfPZnfvTgH9n6M/6I5f/+P/5ZV//FL/kDPr/3Z/2mR7/Wv/er/6I/Yvx/Hl9//OD8L/3pqz/nx3/RP7H9d/2Tv+kv+kd+n//w97z8v7789/+du9d/2t/zX/2Tf+E/+/f8QX/Tb/uL6v/k+7/xy//s5K//xb/gd7nzF7/+7f/+/+YP+dPX6eK3uff7Ln733/TX+d//+F/nT5s//MMf/6U/8bulv3D/T/1r/pOPfvl/+2f9n//1v/ri9/tXf/V//o//+v/N6Pf8S/6ZX+PBP/Z//j7Vf/4//h7f/QP/z9/8b/td/ou/6a999PqX/HX/8X9z9z//1/++f/ar//Htn/d7n/1Lf+2v/Bv/1D+oevOn7f3i/f/ut/tP/4Xf4b//B78z+2MPfur3evBP/rav5z/2R/06v+qv+f1/51//1/hz/ud//Nd7+xMX//L/0PzqP+bf/m2vP/nPfuff/r+s/p3/8s2v+Y/9Kb/3f3zn15//Lv/g9N/5fb938Ov+HV/8zL/3t/3ff9Tf+pfkf9ofd/THHx1/u776o//ukz/1TftXfjL577b/iseP/rovfzL7z3+7xcXv8eIP+PdfVvf/hv2/dPwzO//rL7/zp/0ev9t//o/9T6N/6V/4xU8Wv99/9w/8kX/W89/rX9v9Xf/DfzD93X/F53/Pq/kf93v9kePfpvrdv3f0k//4b/b8j/83f7e/6L/6zf7r3+Xq1/gLv/pd//R/8bOdP/o3/MGfdffP+Rv+lJP/7fGn15Mn/9rv9DO/3b/yu//4q7/x1/3e8j//7/7Af+Df/2f/rr+3/Y3+5b/7p6f/8//86vP/6y/4l39657f5V/6oL5urf+GPn0632v/oP736Z/+aN7/uf/XbffHf/kb/4t/2T/1Pf+Wnv90f9p3f5R+/+F1Of5e/46f/o1/6hz39ib/iv/idXv+txfzZX/C7/Fnf/8X/xW/1u//6//fx6sHf9G/9nb/+s1/jT/hL/7s/8E+eNX/D//k3/+/Pxn/UP/qy+q9+w3/s3/3Hf8Hzf++3/kN+97+iffIf/Mu/2y/4rf+13+E7f8B/+xf8dn/94snsswe/87/4N/xGf+h/8Zu/+YP/uT//t1j81ff/9t+8/ME/8tsc/KW/xU/8sr/wd//pP/PF7/B7/Fl/Rv2n/Te/8r+d/D3X//lP/9a/5N/67Pf4A/6Dxcvf59H/+pf/xv/9f/AL/q9/ZfLX/cP/4f/xZ57/C//DL/74X/2/vvvn/Ib/+Ze/+0e/+M5/8HfM/oC7v+Of/5N/+ccnJ+u//u+a/SX/7tXv8jM//h/e+fuf/v7/yN/yP/zg7Huf/dfX19v/0W/2B5/Vv/R//v1/+u/5k36jv+Nf+xNnv90v/RfHf+P4dy1+6dM/6z/7R/6jf/bO3zf6v//OX+d//b1+jR//PX7wB377n6zu/7H/6Ms/+q/937/35O/+z3/bp3/H/K/K/ri/Yvr7vvoVP/mnnPwbf8U/+Mf86t/jx/7lv+hv+xWPfvzf+Nf/pe2/59//Q49+4k//A/7Zt3/Z9q//5//F/+s//9/9Af/G7t/4D/+Sv+53/Xu//xf+dUe/9J8ov/fv/rl/8d/6H/zM4n/5e/6tf/Mv/qv/saf/5h//+c6f+ft/61//e3/sD2/+zu/8tld/4u7Jn/ln/5Of/FO/72/+f37xx85+0V/1y//zf//v/5UPfof/9PIv+EN+i3e/Yf20/c9+i5/4c7//t/4hO7/WH7z3W/+Lh3/hX/Tj/83/9C/9gf/1b/dr/3nf+rt/k7/j7/tTX/xtP1P+9n/aX/tP/xb/ycnvsfXX/M9bJ0/+ub/1T/uv/8DnP/O/17/X1i85e7v+n2fLv/LP/JN/8T/2Tzz7Fcu/IPlz/9jyl/3Kf+6f+9N+8r//5b/wz/0lR5+8+Ff/iNM/6e/9Nbf+9H/u1/vTf/ov/21f/kW/05+S/sl/+K/6fU7b/+Yv+Bd//f/yd//yF/9N/9rOzvFv9uf+odd7f/x/9Kt//z/96uLf+tN/vT+y+rd+r3/gp/60v7f66uCf+01e/vt/8+L3ufydf+Wz//O3+cd+z3/r1/mnf5/LP/bqV/39f/nv9Lv9g7/sP9n+T7f++3/mr/11/8/Ro7/q5J/8pf/H7/rwP10f/mvz/+Uf/K9+p//z//5Tf7OL8l/8n37PP+yn/qDf7A/5tf6lf/jf+Ov/yn9y+mv9Net//m/6N/+OO3/0Z//MpNr/K/7Cf3n/b/iL/vDf6/d+8Uf8139X8fr3/Uf/nj//b/6b//Ff/H/8tX/wH/j8p/7Fv/LBf/zLfuLd7z370/7z/+jqdzz8Zf/i/G/4/Mf/wI/z7/wZv+Q3/FO/+OLOX/Wn/Yrf+j87/6lf8slv9c9tP3669fDf//xP/J9/9zvLN//nf/CP/4f/U/Jv/rrf/wvuzr/4nf/39T/6b/+W/96/evHr/YNX5//Vb/c7/8V/61//H/zuyb/wU3/k7/yX/b2/x1/6V/93P/1b/VHJP3z4O/+mn/3RTz/5D//x9C/4HX7zf/f13/zlb5r807/X3/pr/bHHf83f83/9Xb/pv/E77P8Wv9/fdPW/3f13ftFfM/lN/86jv3r+1/6bf8of9H/9E7/lx7/h//Fv/52rj/++v+gP/bN+z1/60R92/qf99b/rvzj/95LZr9r+v/6Bv+6P+GWnv8tf++df/i2/3j9JgfXRR1/+PSe/8X/3v/1Vf8yTP+EPOfxbf/3fMf/10t/nL/sr/sv8xeXv9Bf80n/qiz/sD/vT/7zrP/LLX/4P/uf/xO/zd/6af/v/uP4t/8N361/rT734Lz/98/++O9/51tsf+xe/TIu/4Bf+q//U6M0f9Nnv+ac9/o0+/o/+hv/ps7/5b/mtm7OP/ozf+MFf9Pen/3z+3d/o7V/5f/1GdyaL/+NX/qV/8b9y9uQ//3P/qP/lr/7l/2byC+79Vnf/kd/2D/jjD/+C//KP2r731/wV33r5W/xXf85v/2N/5V/S/IK/4Mf/wz/vb/11/sGf+jP+qX/p1/2//oM/7x/+p/7q3/7vzupfePwT13/Pn1P+1L/1u/y+v/Y//5fc+dNPT/+8v271O/0df8A//pv/FYd/8G/yG/82f+2fuf97/PYP/8k//h/4pX/+2381+8fzf/cf/hv+6n/o3/jo8Lf/9Hu7z/7rv6X9G8bX/8zf8Mt/8GR5/esd/dRf+E/8Lf/k1n88/scn//p//9Vf8eP/5K+9/yf9T//S4//wj/7Bm7/yy//49/s/f+l/+r/++f/X3/cHnv7ff/Nv+Lf9/v/twey/+MM+yf/NP/gX/Bd7v3D+Pxz+5f/17/ub/qt/0G/1R/4uf9ev+4/8U//qv7HI/6m/5L//O3/8r9s9+nPWi39znBz8nX/f5Nkv/vE/6G//Vb/4L/1P/5R/4ODf/mVvf43/7hd99N2tv/NP+HP/vOzod/7L/6Y/Pvnv/9y/5nf81X9j/fFP/vn/yKff+pV/yz/z7h/7U37pH3P9j/1Pf9lHv+Ev/jP/8b/m3f7hT/zvL3fO/vF/+J//L8Z/1r/26Hf4R/71X/Tj/9t/nP7Jf/Tf+WO/3c7/9I//qbtf/HV3qt//v/0t//l7P/XX/l1/xN/2p/yx66v6e//hb/hf/4r/9i8a/6I/50//Zde/4n/53V//j3/sL5j8U7/md/673/93/te++p9/89/mH/gN/ue/7J/5/X7zv/QX/7u/6z/2/M/4X//X3/eP+vt+8p/4N//L1X+9+7/9pX/cX/Of/c7/x9/2r7/813+3X/57/4K/8qMH/8nHL3+9f/33+f3/lL/pr/sH/rKf/tP/tOf/7R//p/w7f9cf+N//zE/Xf9xf9X/f/zf/ieR/++T7d17en/9O57/fP/XP/KL//pd++4/5JX/x6u3fPP8dfo+3f83v8eP/8m/w7Ff8bb/nX/b4b//Vv/R3+m2ePP8L/rrf7bf4A3+8+Z//0r/zz/zNt//h19/74u+8+OK//1N+y//zv/1V/8bf/gt+x9Nv/zvf+V8e/Fb/3MNf/mf8z3/wH/kH/7sv/vW/t/qvvvy9fvAX/st/2M6vd+9//Z1+l2/94PF59cv/sd/2r/svf9l/83v+eJa9+XP+tr/wTrP+67a/d3Z29l//ob/1i7/wX/4NXvzX//qv/JP/2c9+zb/hH/oj/9J/8E/91//AP/k//eqf+y9+k9f/wR/67/12v8f3/pDD//hf+q1/n52/8W/6u/77/+GP+Qf/7f/wx/+ZP+LX/M9O/t4/4t/9o4uqHv9V+7/tv/lP/cv/1E/s/0P/wav/8cf/9j/2b9//q7/7j/21v95f/df9JX/y8i/4R3/7P+o/+/N+9X/18b86/Q//wt/9+R/z9/xWv9bOR//5P139Yb/Vf/Jv/T0/+Rv+ib/ub/Cv/lt/+3/0+N/+s1/8zC/8jX/d2T96/vf9uf/sv7rz2/xZf/kfcP9/uvMf/PZ/0r/49/3d/9tv99c8+GLxz0zO//Ff/M/+V6uXzw7u/ZPXf9RP/A2/7our3+H0N/jn/sd/5W9MX/27f+Xv91v+Bv/gf33wm/2Hd/62n/617v7n+fL//ov+7t/xf/2D/vE//Vf9JX/47/3ZL5z/m9/6637du6Pf7u/94n/4Df7tXy/5P3+7X/rsv/2rHn75K3+Hv+pf+s3+tN/qo//hb/yLj/+T3/R3y7/9+k948Av+2bu/48tf8i//Y//SP/yv/7HZL/8n/s/q9/yd/uC/4e86XP5z/87f8m/+mU+fnv6L8//sDzm8rL76Y178bv/Gj/8lf+rf91+Wf/6nf2z51/2zv/rv+F9/k7e/0789+s0++k+++MtPv/13/rMP/prtf/k//k++n//+f/xv8/slf9+fv/df/Rd/ytE/9G//h//gH/uLfvD9+/lvceff+qv+7atf8rf/r+lft/sH/Dufff6d7C/4bf+7P//3/X1n2X/+Zywm/+nbn/niv/83fvV/+9v/xvNfvHr3r6b/7G/zd/5nf/5v851/7d/6B/+nX/HJb3v6d3317v707/jt/vE/6V/4236LxS/6P//df/M3eVbu5H/D7/ir//t/7A/5TvFf//n/wJ/9W/w9f+dv+zv9jr/9T3969FP59/7F+d/0N/z6v/D6N/ln/oTf51/9Y/+u/+Rv/nPu/Bn3/sA/8U/4I/+tv+Yv/qt/v1/yV/9j/8nBr/5Nf5e/7PAPW/4b//1f9zf+Mf/q7/Kf/gGf/5e//j/99g/6c1f/+t923P4Z7/6N3+Gnv/zn/4E/+s/+o/+V3/Fd+k/8Ef/XP/Vr3v+X/u2/fOeX/QaPfuUv+fbv/kt+83/0H/8r6/Uf8OTRX/mX/CU7f8Gf9sf+S7/tZ//+r3PnL/pL/uH/ZvEP/tk//Z/9Lv/EL/sP7vw9H//Xf3n9r/5ef/Rv8uq/+/XLf+nd7/gf/fN/1LM/79f4u36dv/a/+/N+///tN//p1//Z9W/8k3/OX/NX/lf/5u/9B3/7//qN/prf9l/7J/+ruv2Vv9fP/CV37/z2f9Iv+l/+7P/wd/+r//T/4Tfb/0v/kv/1X/mL/4Gfefv6e7/7X/j4V+6d/pcnv+1/8l/9XQ+++ocfffX4X/i//+bPf/o/+Znf49N/cz/7n/62//AX/h9/0J9X/za/5I+8ePB7/GfV77b4V//g2T/2J/+zv9F/95ft/s+7f+O9f+jfnP7gr/0r/vG/7T//79I/9a/9OPuPfp3f53/9i/7K/+wf/hOfvPlVk9/in/nkL1j/G7/kz2z+rr/rz//s3/8nf8HjP+vv/I//u3/uf0n/3v/t//qtf7NPn//+L2Z/wV/+m337t/xs97/4d/+Bv+hX/r0/819d/RN//V/65I/5Vb/q//77/7Df4Y/8HX+vX/Xo4//u3/n9fvOf/rP/j9+6/g/+jR//zi999pf+2PPH/+If+4t+j1/6P/3Of8T/+p+9/GL/wa/7f/8Bv+Ll2f/4Kx/9ql/v3j8x+Rf+kl/jn/g1/9LvfHL8H/9t5X/3k//lP/a7/At/0MM/7fRn/tVPfsff7r//hcWfVvwtX/7x/9Of/ev+hX/Rf/e3/wvL3/8P/+Sv+4mDP/Gv/7O+//f+ub/oL/odyz/4j/k3/85/83/56z/5h3b/h1/63/3Tv9NHf9n/8E//rn/uT13t/IK/9Is/+n88+U3/mtFf9g/U/8nv9yvu/u3bZ39D9b/9r7/k/7h3+Kv+1P/7P7j4K56f/gt7//n83/g7/trf9e/5Q//ef/av+tv/gN/7v9v+8t/7/f+Lf/0//ud/zz/+d/6f/qdfcyv7j/7Sv+Nv/Df+uV/+4B/+5/I/7Pf/5//3/+jf+Lt/zb/y7/ov/rTm27/8D/5b/7A/68979ep3/2f+x5950fxXv90f/Tf+B3/Y3/3f/K3/XHn6L/zf/+GDh//uvX/sX3z6H/2yX/4PfPbv7f551a/3D/yZv+tf9F/9A7/7P/DJd/6M/y3d+sv/5k/+rj/gP/lz3v2rf/wP/pn/rvgjf4P/9e/6Bb/Lb/y/3P+j/+ZH/+RfP95/8W/t/FW/8T/8j/7pf8knf+S/+Ut+vf/623/QH/Ll3/dLKenyZ43+5Tv/21/4e+/+L7/ub/4v/R5/7Yvf4lf8Tn/Sl3/R//S3/Yt/wh/6q37pr/kP/0vfvfoLfvUfcv17/Fl/zr+5dTr/A/7WP+Zv+vTx/n/+d/1p/+Kz9Df9B/6917/DH/On/8v/3Olv8Fv/un/Gn/+PPvvn//i//q/9T/+Ko3/hv/+V//Lv85+9+wVnf+Qv/da/+zf+jr/595//t7/Tf/OLXv3EL/qlf+NPXv3Wf8T/+W9e/eS/9mP/wO/8vV/98d/wbP9XHv0t/8Vf+Xf8g//c1W/62/+z/8a/c/h3/NTf8qf8uv/m7/rb/nZ/3b/15/yr3/89n+R/09/5h/43b3/lPzL7x9K/67f/T/6t/+qvqv7Ub724+C9+rf/q7Nf9v36dP/af+m/+zuQ7L//WLPk1/rC/5c/7I87/xkd/+k//zn/Lb/qvHvxZv86f8V/95X/+7/dn/tu//6//6uHOn/TnF3/5v/rf/3dnv/zP+tvv/spfPPmdf78//7/+5/7iv/Rv/qM/mT04z3+PJ//hH/83bv/Kl//+53/fk5ero7/h9/z35vd/lz/uW7/2H1L+gb/yX/hNDn6Hf+2/+0V/2X/x5/1f//K/83//E831X/n4t/tffve/79f4e/O/8y/9nf+7vzOjhP+//Tv/wv/pjzv/d//XL3+r//73/pl/8aOf+ut/91/29/y2/93v+yf8oj/8qwdbv/iv+Df/nl9w8St/z9/yf3/8y36Pf/jv/xvnf93f9k/8gf/q0bj9zf+CX/yvfus3/XfP/7C//Jf+gp/8Sx/+fh/9or/p7//9/48/7Fcc/lt/4a/7m/8e0wd/88vr7/6p//2/+fjen/UX/M8P/uX/7fO//uIvn//mv+RP+TX+ivL/+A1/4eo/P/nil33x9/8N/+mf/yv/4Px//5d+wb/7J/07/+hv+Cf92n/eqz/v1/uLPvozf6d//fC3PfpH7hX/6a/Yf/HXfPG7/+3L3+yX/N//6+/2y//DX/rlP/ML/uE/+eoX/B1/W/bm9/2L53/nP/uD/+X3/NN+6T/zx/6K5tf8/f6H//yX/nH/5qvd6Vf/6P5n/+k/+uXdX/vtP/eb/A9/35/8H/z+0z/l6Hf5rf+r3+N/SB9vP/5P/vU/6K/+k3/5X3/x6Z+b/Q5/zp/zr/wPf85P/SbNr/rP0u/9pv/7n/bfzf7s//w/+o9++fQ/+D//6b/lL/7Df4ff5x+b/mfZv/03/g9/3L/xU3/H0/uXf/jv8Dv81Q9/73/2/1y3v+8/tPqFv/hX/HM/8bf/7f/in7v4E/7m/6n6G//2v/2T3+Jb/8Q/+ues/pa/408p3/2lf+/fcv/f+J2b9q/4DfOP/4Xf9L/7M/+63+zP/x3+hb/iT/pH7/7gF5y8+x9/pz//T/ll//U/9C//W7//3/Lv/MT//BeP/6K/5/jX+fv+9vzfn/wB3/kDf79/8V/5i79z9YdPfrc/aPH3/Ev/wH+R/uW/6z/wC3/Rvd/39H/7W/7X//4v//T4e9Pf7R/6N3/1v1pc/6X/5/lv8avv/dTz//n/+E/f/Ut/1z/2r/7z85ff+3P/p7/x0y9OfvLxH/kr/4G/7s989S//9r/Fn/U7/2F/9j+U/pn/9t/+t13+rf/VH/Qv/cZ/8D/07q/8ff733b9y71/6c/+Uf+7Vn1z92X/RH1T+hn/iX/nb/sX/w59Z/Pp/zrf/ub/yt/w7/4H/83/9nb/4Z//3/fw7/8d/+8Vf/d9/9p/+xX/lndlf84v+x9/u/p/yF/0ef+Af9BN/w3/3+fLX/rt+6g/9Pxb/1l/7Z579e3/Kn/3y6n/6r/+m9l84+GXP/5y/9qf+jdW/8Df+w//r7/svV7/6//5r9n6T3/6f+YNf/+5/0X/z8M/4z/707b/+j/nHpvv/7e9y/jv++v/3P/OX/i3/6J/5r6+2dn7r/+tv/Xx58pf8wocvvvXv/Lr/7u/wX76bfPKPz/6Ef+ff/h1O6qvf8F//l+7+Q3/cwz/z3/yn/8G/ZP8f/MP/wP/rp/6Oz/+QP/IX/szv8m/t/Vrf+lfTP+5f+WV/9R9afLr/dPx7/OGzn/iT/pp/+9/6mX/57/7zPvtPq//41/9v/ublP/Hqt/pvfp9fcfh//Rp/6+gn9v+wn/6xPzP7yd/7l/wTv/QvffN//Ab/+K/6I367f/XX/gf/3rPpv/aLv/8Lf+H/+sf/+X/7n/En/g+fUTLjX/67/6V/4T/850//x+/9Ztmv/2v9u29/8PH1T/49v9ef/Nv+9p//C5d/0k/9W+/+3b/zN/2Ndl79vl/+j9/+n//F3+Bf/SXPfvwX/lW/7+K//J/+tP/9X/sDf/L3/O5/8Onrz/79f+P3/iVn01/3t/n8+P/4XT/5F/6J/33798h/7f/p3/z0b68W//k/sP+7/Z3/yh/6V/3e+//1f9f+1T/4mb/403/47/gz/pif+ej7P/ZX/OAny//ib/lb/ul/9Kf/iZ/+PZ5/6x+Y/Qa/we/xM9/5m5//G7/Vn7T4N/6AdXr/J3/mf/ylT//19Z/y3et/e/Z3/S3/x7/xJ/xvW8XWH/TfJc9+77/5W7/47/8z/oNf9Y/8b/90/Ve/+PI/+d/3/ta/9E/9u/+E6a/66/7Fx8m/+Pe/+k9/5m/8b//Dj//AP/U//et/6s/6y3/17/SHN3/433Dn9zz/zu/4S/7cP7D+8/7nv/JnvrV9svV3/0lf/VG/3r/zVz/9yb/xj7/4m/6uL3/xvT/wv/neX3/1N88PT3+fp6d7/9Kf/fv+w7/Z3/q7/7b/4Z/+/V/5d13/XX/HX/PJn/rbfv759e/5x/8Zf8rv/hf85K//j/+Pf/+f/s9+9Jd+8t3f4y+8/uvm3/7P//m/4e/4Y3/sN/4f/7vdX/pX/Ku//rO/5g/6/X+dl//87/gL/tq/8l9/9+utf//x9W//D/7Vf87vfvrP/8o/9a85/f3/wN/48lde/hq/1h/6l/5F//Jvefxv/u//6l/2+/5W//pf8kuf/Cb/2ejv/Pd/21/20R/8u/wRf++/+Sf+Pn/ZT979vR/9oX/O3/wLPv8Vye8z+bXuzH761/1v/8Hf4if+lV//zvjX+PF7v97v9F/84td/4v/43//OL779O/zbf8lvePSf/jd/3OLtb/rPbP2f/8W3HvzUP/QH/am/zp8xPfszP//j/qbkv/09fpu//Y/7N37jJ39n+tdv/9f/yKd37/3iX3Vn/Ff/7n/mL/9v/89/7K/5b/7Gv/Bf/ud+5pM//6/6qV/7H/vL/qLf44//5D/93eu/9ie3/4w/qPgbD//tv+ZZ+fv8MX/t//k7/4s/9df+U//m3/vn/tuf/Gf/wG/1hx6NfqP8l/yhv/C//7v/sF/vd/r4uv7L/oH/+2/463/rP+iP/pv/4z/m1/j0P/3rf7P/7Hr5K9/9Ha/v/z1HT/7T3/k3/20O/qp/7r//lc3/9it/j//tn9pL/8M/5bc6/cV/5a//p/xHr/+Gt//IX/OH/lH/yMFf+kf+Rb/XX/mf/VP/6X/yJ/74H/idX/UP/sl/ZPqH/aff2fmd/u1/ffz6F/yh3/ulf/v2n5r/fn/ovb/0V/3ej/+Df+an/4fP3/0Fv9fWf/7d/+Mv/xv+x1+0+y+8ezY9/In/+e/8Nf++X/8Hf+D/9f3f64/9D//0v/jpbzj7G//Df+Xl959v/Vb/09O/+u/63j/42/7mv/moff5bfvuvSf6r3+E3H/86+b9z+FNf/es/+Y8+u//L/+zf/fhP+P3+sr/wN/nen/uf/vt/yF/6J/zMVz/5x/zp97735S/78V/+l/5O//uvuPr481/2Fy/+3b/hF/wuvyT5hX/Ib//d3+zub/ev/Mt/xu/0Y68/r7737/5+2Ze/7cE/+ef90f/93u/1t/9NP/Zb/zW/wZ3/8NF/8ev/lv/LX/Pv/Ndf/s5/7K/+6+7+jn/Md3d+0d/x2/+b9Wj0H/yRH/9rv/ZP/9i73+LBP1v/HW9/+W90Ov5H/4pfd+9P2v0//rM/6O3f/Jv+b7/4t/+nH//u93/r41//H/y1/5Hf5X/49X/y//otfq2/4Xf/w5Jf+JO/w+gPyf6FP+mjv/3P26o+/ff/4t+++Mff/R3f+2/+nOP/+ae+t/vf/xr/7O/4T1/9Y3/+X1n83ev/Zvx7/jO/+T/z7K+5++0//sv/8s/61//mP/DZv37w5//5f+Uf8e2f/uf/1P/uu//5P/yH/3q/8G/Nf+of/w3/k1f/6N/6E7/N7/unX/wB/+j0d/nX/6Tf9+4/8qds/U6/5NW/8k/8Jb/r//3xv/rd3+2PePyf/41/5r/zL/06yZ/+F3z0x35n5zd7/Z/+RR/9nn/QX/fxn/VL/owHv/I//u1/43/gu83kH5lcP/6Tf+rf/TP+yN94+Rf/5n/Ir/PH/Wn/yl/38Z/6N/w+v/Xv+kv/uf/gP763+iv+yp+++h3Pf/Ev/O1/7y/+zeq//h0O/5t/4Hf7Wy//mP/6xf/5B/3qf+rln/jb/sG/+fUv+kV/5O/4+35159f/ff/5P++3/Uvu5f/c3/M3/I7/4P/xT/+vf/Xv9d+9/a1+yb/9L7z6b/+L3/C/+nv/9L/7jzz/h3d/81/xv/4Hn3zvV/x9f8SvHv3i3+6X/057v/Mfuv35T//iv+Ofufrv5n/soz/gP/2fVv/bT3/3dfU3/dXl/H+72Ps//5Tf+O36xV/8y57u/LV/59/28q/6r3/L4h/6Q37Xk/Yf+PQfffKLfvmjv+Wv+Z1/zf/rr/qP/qjf4Bf8i//JX//vnf2f907/j+pf/Ok/+9F///Zv//t/p7/wB+V//hce/gO/7J//A3/ZH7s6+V//gJ3f8nf+537BX/If/8f//l+y/kfLN/94+uf+1O/03Xr1neNf9dP/4N67v2uR/42/x6/71/x7/+HvdvG//eT/9cf/J3/hv/ZTv+eXf9x3f/Gf+mf92K959N/9tb/6F//v/8YXf+m//0/+wj/rl3/+T/73n/9Wf8jbX/jg2X9ykP/Gf3TzX/zKf+L3fvOL/un//d/45A/9A+d/6k8nT7eS+5/83X/qwcnid/9zfuzv3/4dfo3f6Td7/OxP+JU/9p1/+y+c/fLf53f500a/7B/8C/7tn/pD9v/3V3/zP/E/ZR+/+Hf/xD/26f63Vv/p/u/1L/ybv/dPfOt68pf/u7/Nv/n3/cyP/4rPPvrl059Z/kV/x1/5N/7zX/6Zv9nRv/Cb/qpf/nv8ub/Vv/Rb/M5/4G/5m/7CX5j8Rr/Ov/Zb/AeP/+wn/+p5kvwZf9Hf/Lf+un/B7/PJ/ouXv+tni7/j8vzdX/fn/NJv/R97/9Of+Pv9o3/TL/tDt//6P+rv+23++d/3P/ij/pxf+OKP/0t+84t/6hcnv9Ff8tNH/8F//OU/84f//X/Tv//f/pP/yK/1yW939/f8Lf/onz78o/+jX/Ln/f3lX/Yn/ye/4jf7C+78xv/ub/s7/bP/3V/zW8z/2f/uN//f/pG/4y94+ov+/L/mL//H/7K/5uH4r3z2j/7Vn/z+/9af8OX/9mvd+1P//F/+x/7af+P//Xv9kf/63//87/j3/4WDX/8P+c8e//Z//f/y0V/9f/82f8BP/Il//i9f/P3/9sc7v+3v8xs/+h2uvvrXf8nn/87zX+8v/lV/71/xV3zyJ/89v/W//B//8t/836//tI9f/Ln/+5/3d/+zv8aP/zfp9b87+i1/nW/9Bn/tn/F//qG/8kn623/2N/8Z3/rj/4Df7W//q/+eX+v3+ov+q7/vf/s/vvOf/Pv1r7j6rSe//A95+i/+9//3//HF//w//DP/85/87n/+V/+NO//IP/1r7/wbf8l//Wt9+19J/97fc/5P/89/4T/+y/+Rd189+nX+zl/yD/6rf9Of/PS//8d+i7/5J4qD//jX/c5f8TP/7a/zC/+H1e/7W375Z/9mf9Mv+5f/yv/kN/iX/vrvbv/v3/8157/Rb/jbfvH9f/h3+Dt+ye//q9780r/80R/6f/+OV7/x3/zFb/NP/lnv/uI/6zf/r37qL7xsT/73f/HH/sR/5v94+hfP/qd/sfg//uGf+Tv+qb/yn/joD//y325++i/91578V7/t//3bfv+7f/Wv8Tv8rn/fR9N//i/9N/70v+zqL/mf/si/+69q/8G/63f92/+Wf+y7v9O/9s/8yyf5n5k9/XP/2j92/n/82L/zx7/4+/6Q3+Ozv/L/+t4/+I/82B/xU7/2f/OX7H7nb/hb//d/6l85/zf/21f/9O//pz75P9/+Dd/6Df/b/2L7q/bX/CP/4f/7d/zf/qv/u8n+r7/+4H//Q/++f/gf/ZX/094f+vBP/BN/7+u3dz7+NZ/99n/6X9IkT/+U3+M//K//lv/0L/7t/6GTX/1n/g3/9aff/7U//S9/07/y+//+//W35v/IH/K//Du/07/9G333p//DT37zP+6z/+7f/T2//91f4z/9l3/Dn/kbf9//u3j1C/+AX+OTv+b5P/J3/a3/+D/wV/8Zf/9//m9k/+jfd/5LH/7ef9nf+lf+23/F//Cn/6t/7Z/zR/+df+qf8Tte/s7/9b/zX+4f/Ge/xR/9nX/ob7r+b3/3k//19/on/829P/XsH/wHf9Hf+of+tX/hv/zH/fvV3/jHf/Zrj/+DV/f+yd/lxf/4a+79h//qn/Nb/RP/yB/xg//kN/w7/sz/+H/46d/wt/juf/2LX367/q1/4n/f+2/++0/+gH/q1/qr9r/75/7W//J/91v8bQe/27//S/+Mf+Ave/Br7v8B//S//zf8Tf/Hz3zxH/zNb/7DP+Di3/zi7z7+v//9P3Z37zf4V/6D71z+n3/4//yL/5F7P/Xf/4r//L/8+O9O/+u/9+8++7G/5vRf+6u+2voDXyWf/1q/01+e/hl/43/19/49716u/sw/8r9Z/Um/7z/0x/1X64ff+n1/s09+/O/9Df+Hf/27L5//1n/hL/uT/sLf58f++v/m4J++/u/+g7/mF/0Nv++f+hv+gb/sd/wT/7Rf5+8//73+6j/i0z/0D/u//6P/7mA1efHv/Om7/93LP+g//6P//j/oJ/f+97/jT/zeb/6b/b7/xqvfqh39oo9+x7/33/p13v03v3N9/e03//eD//hPnf3Nf/sf/VN//u/xO/yD//Tv/Oo/3vt3vzf+9n+T/Zf/25/9D/+1v+W//I/92Y9/2Z/9F/993/q1/sqHO//kHzj93//rn/7nf4vy9/wt/6q/4KPv/8e/8Hf/2//exW/z1/+RH/35P3mV/djld/+4P+p3OvsDn538g7/nr7v+7f+3vyv9zV7+17/99G/6G6/+qn/5X/53/4Rf/a1/dvrf/I7/6fpP+Fd/4Rf/2R/6F3z66N/6sW//Nl/8w//oX/En/RH/Vfpn/sf/2r9wtfzsd/mT/sr/66O3v9HHv9Ov/B9++exX/Tr/1Ovf/zf9V/7co//gN/sP/pff/ON//g/8i9ufOP0lD65/+9/s3/n9/8X5H/rir/sz7/5xy6ff/uP/6vEv+M93ftv/6sf3f7cf+/3H3/61/8M/9/f7O//Ff+j//md/61/z+r/6q9/+B3/F4l/9J/7AyU+dbv+x/83VT/962z+1//HVwX/311bf+s1/n4/+/J/53X7fO3/kX/Hn/s+/6Ff8uf/rX/TZX3my/wf/09u/5E/4ZX/iH/lPffKv/S//SfK7/C8/82f8nv/Ab/3n/sRf+2v/9y8uftu/6q/45X9C88v/yotflvybf99/+N88PPvsUf6X/QOT+3f+0X/rxafFr/v29/zJ/+Rffvo7nP7En/Pwd/5HfvX//tv9wX/a6Hv3/6N/57f9z/7Bf+e/fnvwO/0uP/lf/fT//av/h09/4n/4Sy/+03/iO7/gz/uVk//2l//2//yf+epPvPN7fvrbvPlTvvMTr65/vwf/8O/6u/9df1j5L/7g868+/Q2/86f/Ds+uX/zg/OQv/gf/jL/nYfpH/JK/81/+0//te//lr/V3/PEnf+5v+R/Vf/jv+rf/If/I9+b/yu/8v0/+18/++R/8N//X/3z6T//JP/Z3/LKTf+kf+Gv+vupP/fJP/5P/xP/9H/5T/sP/6f+891N/0J/4n/1L/9Dv+eDP/dbf9gt/0T/397z7FX/9//p7fPoX/n4vf8U/9Ht+61/6E/+Ov+m//nu//V/9Lf/6v/Xk9/svfof/7Y/6fU7/tz/m3n/8t/w7f8bv9P3v/8LfY/ngn/j46q/4w/6H//M3f/rXf+df+rX/nl/4H/01s3+zfPy3/E/n/9Th//H7/cv/0UmS/br/wJ/3l/wV//Jvkz/5c97+db/Vv1j8RX/IP/63j//k8k/6H//jk7/qV//p/8C/ffIP/cX/8e/z5/5P/+nf8Lv+H7/5P/A7/Xl/6j84/4f+7j/gj/jPZn/H//Lv/AG/6T/119R/5T/zW17u/ZHFn/Od//Z/nv9uv/qv3f3BF3/Gf/FH/+5P/pa/4F/+P367X/sP/YsXf/4f94/+LuWf/Uv/tT/tv/gtfmX16/6fv/Cv/223f4vf58//Pf7p3+Yf/jv+vv/57zn4/p/+vzT/+q/8zX+3//WPvfh1/+9f5y/8hxd7/8Rv/x9u/RV/0D/yL3znj/iffuPpf/iL/70//S//67/zT/0dv9+v/nt+j9/px3/3/+S//G759/zhv+/5b/s3/mM7v+8v2To5+bd/n+qf+33/mD/q0S998h/81Pd+g7/nr/sT/71v/zX/1vy//d1/t//mX/4nf4Pf7X/9Fd/5Lf+rv+Y6/+/+pMO/7rf6b/7D/+gfqf+h8t/8K07/jYfjv+kX/yZ/w9W/mn/0r734/f/Zyz9+50/5bf6D4pOzv2t/8tv+T//4r3nnn9j9Q//l//uTP/xf+Zv+4F/jz/2//u4/9X/+Q/68P+Xk9/ze3j/3u//Fv0u+/MW/dbK//Ud979/7q85/v7/qV/39p//1H/gXNH/Ro//t9/s3/rTf5+//23+/f/O//c4f+gf/z83v/C/+5I//s//zn/tr/VN//H9x8Qv/89/3o3t/xn/zv/0f/+1f/Mf/zr/77/rX/19/97/4x//G5d/0l372vz37bf+OP//Lv+cv/g1+/2f/7vd+n1/yxeWv+T//Sb/tF80f+Nv8wt/n//jJ/3znH/3tdv+E0Z/5V/5vv+4nf+Yf9tv+bVv//vw/+1ce/1l/5aN/49nJH/rH/b2/7X/1m4x/5X/6z/2dv/jj//jkn/g7/9Pf5df89X/Xw9/kT/ulL8q//K/+u/7kN7/kd/gr/qtf8zu//7fv/tp/w3/2b/2nX/xLv8lv8vf/Hv/aH/Xn/Tr/zD/3F/7Sv/qf/yV/0r/zH/zK3/POb/Tlv/g3/o/tb/TFr/9ju//SH/2v/sF/8p97/pd/7y/+v3/d//0P/vG7f/xf97/8fn/mn/Xv/C3/3t/3m/5uj/78v+QP+av+rf+mne/87b9t+gf/Ln/1v/FPv/jT/p0/4X999b1fcuf3+R/+l//9P/pL/uQ/8c98d/a//+ffffJfvf5nT57+zr/sz777Z/zKX/1X3Xvyj/+K//Mfbv/pv+A3/VP/iX/vv/zH/87iz/8f/o8/YvoP/cH/+um/9I/+HS/+gN/h9f/xZ/2xf92TZ+8Wv/HJv/H3Xv6Ls3/2ef731v/b7/TH3rnzl/6Rq6d/9F/ye/xev9Z/8bf/Cd/+s3+Pvz0/++f/0H/qD/s/fvvvXB28/r/+/j9g8e8W/8B3/oR/8p/94s//T/7pP+0P/l3+j1/xM8Xf+8vefvmD/+J3++//l3/nz7r+B//N743/z3/yL/6vf8nf+69v/1qT//Djf+7+3/qr//r/8P/41n+f/QZ/0l/7V/2Lzb/673/8f/6fHy//g9/pV/6LF1t/3D/5K37n/+FPyu8ufs3v/VW/7N//A//ov+w3/7f/pe1f53/9l/7y//pv/13/+n/iW3/udfoH33n5N//B17/OT33yB//S3+TX/+W/59/zv87+6X/rX7779/w9v/tf/Cv+5L/uf/ybftO7v/uv/g/+uF+8/GP+6L/iz/rHV9/7jx7c+23+lj/23sPyV3722/xf/9Uv+hX/yR/x1//fP10d/NS//Gt+9JN/7P9x/vv+t//sf/YPPf2Tf9d/8q/4bbf/or/1X/jd/4h/7D/+/X7Rv/Jn/4H//Zd/2r/85/wTP/b0b3v8+Gce/ZaP/vbf7de4/DP+kP/+37v6PT7Kf5cf/Hf/wPOD3/tv+7O32j/tq992718rqt//Pyx+j1/0gz/71/vpX/nr/Ce/6t/f2f2VP/6H/evpv/8P7P/gr/2TR59t/xN/w1/42/3H//C3fo/P1n/Kv/5b/OJ/85es/75v/bP/3u/7bz/+zi968Mf/7b//L/9Fj37RL/1Xfqd/4ru7//LvsPyDf9G//u/+Ub/Db/1k9x/+w178+b/zn/87/W/P0n/wj/wL/oOL/X/lzuLv+j2+v/w7/vd/6Xf9j/6z8vdv/9Zf/c/9Hn/n//Wf/ZP/zl/6m/8hf+j8d/hTvvdP/Ov1v7/6dPQb/hGrd7/Tr/+bXvxnf8fBT/+9/0nyt/4Gf9nFb/Bv/u6/w2zv89l/+i/8LW+b3/p/ffgnv/pXf+bv+A/+j7uLX/TJr/5n/9r//td5Min+k58effbnXf6Nu//7H/Hb/Em/+juLP+S3/IXf/cP+xfkvefA7TH/s8H/60/+Q/y3/3/6Uf/833/qP/51/+Zf/pn/f//Qv/oW/6I//8/6UX/Kv/gV/2N/86/2af8kf/Ec/Xfx2Z3/K3/aH/B//+P/8v/ylf82v//Cf/Yf+ij/td7z6L3+dP+L/+LOb33n3z/0Prn/j0dvf8Bf/Jf/Z8V/3a/xd/8m/8EfN//hHf8KrX/pP/T2/3282/if+hF9V/y35J39vcfKLH+/+B3/MR//OL/0/fruXv+I3/81/53/0X/sdvv2v/dL/9Nf+TX/l//RPfv/f+av/m3/1z/7X/o5f/fJ3+P5/83f9jsn/+kf+i7/P3/f7/iHbv/7fc/X7/1m/y+jP+E1/yd+0+OX//K/66f/xb/pP/6c/fesfza7+lX/h6vM//A/4zX6ff6/90/73z/6eX/D37/1V/+mftmw/+pn/+fJX/r6/9t/4+/xrv/uDf/Ff/7v/gF/v93v5F/0z/+bfsfUH/9Rf/Bf9dX/17/Rv/3W/0+vf77+9+v3/ub/jn/5P/ov/8Tf4p/6qn/y1/u2v/te/84/7Lf6zP+N3+8d+l7//v2l/4h/58uk//zf+xu9+nV/xa/xl5yefX/yNf9Jnk7/hn/js9/1L//p/9g/8x8+28r96/ef/75f/0p/9x/6+/+T4j/59v/+/fnf+v9ffXf9xv+tf8G/8Zv/IL/jVv+K//3N++rf7X/6p/zb5z//b/+wP+V3y4m//J/+Cz/+4f/B/+9f+7btn/+Hv97//0t/79/wXf6O/53/4U6dbD6s/9hf8rr/O75P9Hp//sX/3b/jX/5I/6T/6ff+L/+HPOvyH/q/nv/BP/HP/w3/hz/uvfq+fPrz+r/66N3/y3/pb/tF//u97v/4//qR/+M/8zf/J5O/5u/6cv+APP/0z/403v/6/8Uv/z+d/5T/17b/gF/9j/8293+Fv/IdGv2Hy9yd//T/wu23/L9/Z+rF/8Y//PX7fd3/B//m7/E3/3p/9J/2Lv9nfvV7/MdO//K/8u/6Ce//9b/nX/uDf+fZ/+Y//vr/Rj/3Ov/LfevqL/vI/8Kf/xz/1N/31/sqH/9Vf8f3//Ze9+Nf/oo/v/UX/9l//yfLv+Y3+rbM/5F//K6YP/5m/7Pf8t37Xf/UHf8Tf83d/7zf78nt//h/wn/2Xf+Vv++v9i/P2j/z1/qp7f8ofPfpb/4E/YOvv//ztH7Fsf/zPv/ODP/mP/EP+99d/UDb+E3/qv/yvj//wv/Pyj/8bfulfOvnX/o9f+93v/7/8wX/QzuJP+H0//wP/kr/t9/tdfq+/6fN/5d9f/Vv/8r/839//H367X/bn/KeTv2H1+3zxa/7Zj59f/B2//e/x47/93/jkeXr1m/6y3+53rP/K7//bv+gf+gN/39/9sz/wF/86e1/8yb/09/2v/ty/dPmb/pr/xe99cPHPUMLjt/t3/ryf/ifzf+Yf+2//23/9j//X/uJ/8N/6t/75k93zf+R3LJPkp/7z3+vf/d1O/vu/7T//j6dHv+pP+m3+oC//il/8N/0fv/B3/Bv+hl/vz/hl/90/+gf/ob/8T/vDf6r8bvon/54f/8fn/+fv/9f+Nn/K7N/6vf6YP+c7J3/kn/9rHf7l//1v96j60/7Pv+CL/+xP/L//0X/ue5//7b9i/Rv/X3/xb3XnD/9XJv/4X/yP//V/2pPVnX/8/t/1e/2i3/i3+jt/jb/8t7q6+jd/s9/3t/idfurv+7t+27u/ztWv/Id++fV/+Uv+gv/x/zh8+8//H7/0T/3b/4fv/4V/77/5b//i//Bv/Rf/gcP/8s/79/70/I+pT//JX/Of+Uf+s98r+b/+xt/wL/73/vY/7c/e/Usv/t3v/hm/45tf/Nt/t/ynv/fL/+nf6t96/r/8dr9++7f9Pu2v+at+0+9Pf93/8df7bb/99/+r//BvWPzuv+T7f/zLv/J//kW/7NG/+3f+mn/d+at/4w/8o/78f/D3+ivbn/y9/6x/+3c/+GN/nd/2i7/+T/7qb/hdfun/8Yd8/vTf+jz//R4X0/yf+EV/w90//Rf8a/9U8n/8TX/uT/0V43/wF/9+RfMH/rH/2m/7T/yTv/lv/hv8n3/39/7dX/Lkn/vd/7s/6Pf77f7M9vf7d/+pX/mv/Zt/5z/wvb//l/7U3/XF//Qr/o+/8hds/aF/yL9Z/nP/9qf//l/yS+v21/rFf8l/cfhH/8Sf9Ov83b/Tr/obZq9+0eWf8V+9WP1Ox7/4L/lnJv9E9fcvf4f/6U/6c3+r008/+U3/ml/6K/7gv+fXPPo9f6ef+Zf/st/rb/kLP82evv1Hf7+/7PXJ/3g0/n1/4dGf88v+5X/5H/61m/Lv/Nf/3d8p+6v/jOPf9eS7v8lPfvVb/+Sf/Jv8+ff/0+/8Hf/au1/7N/vjf9nO3/qP/p2//8Hf9dM/9nv9Lf/3r/2n/yHFr/MH/SmL+h/7Jw//rv/x1/qlxx/tfPff+3e++8/8+b/N77j+O/7Cf3fvN/8fp//6L87/0d/p37z41Z/92E//undO/+Q/6c/+u09f7W39Lf/ll7/6d/q9/u1/9//68rf4bS5m2W//jyb/1j98/ewv+yvSv+ffOfgjL777H13+o9WPf//Fj/0LX/6Jf95/1v51f+Gv+Uf/wr/31/iv/v7Ff/Xgz/3uH/tH/jZ/7m/yU3/Ur/jD/8G/9k/7s//sf/b/+ksWv97kz/szftN/sP3Nfr/fafZX/aa/7p/2b/29O0d/6X//rfnWH/mH/vjv9erv+ov+yz/hT/l7/77f8U86ePHv/56/8S/8n/+yz//gb//uv+2dP/HjP/U/+lvu/mv/3bd/4md+xR+e/cuTP+f+n3f/T/mtf4//9cm/9tP71Z/2D//2f+z//C/8pUd/6E/9tX/Ef3v1B375E//Kb/+r/+U/4s/5L//d6W/9/Cf+qAf/+z/z7z78Z/6pX/5X/CeTv+P/+Bf+xp/84/7Bf+nl81fZn/hr/Kd/+Jd/65//B//75d/5u/+t0+X2b3r+V/3r/8Qfuf1jv+7Zv/M7/Kd/518w/zN/v//yn/rf/9N/4v/8y67+r9/pP/wT/6n/8Ku/8ff9Mz/+fb79Y3u/9/9y/u8++a3+4OqP+OP/sn/73n/1B/8f/9I//it/7Lf8+PBPaxY/8Wslf8Y//z/+u3f/uZ/5p3/j3d/nv/7DftGnzd/6+xx/794fcnTxR/6Pv/TRX/f9F3/F9cP/7nf4J/76P/x3/DP/8F/4j/+G/9Yv+Z0u/qPf/lu/Zf4H/A6Pxv/yb/Hw4T/3P/8ar+//t7+6/KP+9r/jN/pXfvtf6/7eX/LL/tH/9B88/r1+n7/4X/or/7Jf9s+Nft2/5fD+/3j9P10fLf66f/eP+L3/ld/y9/iH/8O/5P/6V/6Wn/nXf6u//bf6D/7z//WP+2//r+9+9TtN/47f8d//e37l3/CfvvpHqr/8T/tVP7Hzi//h3/f13/wf/0X//eRf+Xv/1n9p/G//e//sX/N3/dN/4vd/7V/z3/1Lf4vf+Xf8T373v+eX/0F/ydWjHzu6+xv+y8lv+xP/wO/6qz45+LN/43/vn/ndf7/f7y/8/f7EX/pfnv1bv/297z3/LV7+1F/1f/5J//H/+Df9X/9O9s9e/pnX/+bf8yf8gfce/8Fn3/n+8e/+a/7rv/b+j/16v/af/hd/+x/+n/+u/3n/N/s3qj/rV/wb937lw3/13X/3l/2l//Xf8j/+t18+nv4nl8Xf+Lv90rtf/ef7f/bf/X//A5O3/8nfNfsNv/jq09/yX/tV/8zlX/3i8if+krN/9c1/+o/+Yf/EH/A/vv5X/rZfvP6jf6ev/tX5H/jJb3r2u/2t/90v+od+10/Gf8N/9ct/5erf+R/+t7/7+83/Ot3+FY+++1v8gb/kv/n1/7d/6eJPvvoX/tAf/8//mv/zb/iz13/4//XF8Z/2u/ye//av+IX/9l/3y/7H6e/zj/9Xf8rf96/9hX/87/TZwR/yH/6X//O/9x+Pn/5Rv/jv+jV+xaf3/7I/8e/9B/+eP/Ov3fsVf8mf/5O/5B/78/+G3+y3ffU3/am/U/0bTv6U//K3+PX+ib/uzuFf8j9Vv8ufNN7/j//hs3eH37v3b/wBf/Hf/4f+Pn/fX/kr/se/8tf6V37tq//5+C/7rf/917/tH332r3/nv/sTXv05/9h3/pFfcfGXpt//7X/BX/Grf+Nf73f/Cw7++L/wx//kP+df/cv+jn/lr/tN/sW/6uO//dPPR7/D7/i3/En//H/1d/3jv+tfsvc7/pn/5d/2z//Bf8Wf+5v/Vouv/oHf8C/8d/+L3+5/+et+w3/6H/zH/53j3/Vf/TVPHz/8p/d+6s/5+Gce/Mvf/eN+7T/wv/y19j79TX71H/cX/cyn3/77/p6/5h/89f+FP/nVb/jr3/+9fubyN/p7Lr/993/vp/+Uv/Ph0R/1p/+e/0j6bxz/r//lX/c3/k53/7n/8t/+v/6CKv917/3Pv86/+2P/+b/xS8/+mH/hp//S5l9L/svv/wH/6W//n/8nv9PuH/K7/oq/4J//I//x/+kv/53++t/v7/59f5+Dv+BP++t/k//89/67/ty/8Df4Z//qv/nvn37v5b/yzxz/rb/4f/l3Hn/56r/7Tf/nZ7/fv3T2b5e/w/TPuv5H/tt/7dedfPTb/8n/0j/+H/6Wf8Pv8NP/5h/7r7+r/tJ/6Q/8K6uH/9Bf+m/+0l/0py1+x//pD/vt/6Tqz/8bfr9Xr7N/78/a/tav+Lv/j3/g7H/6D/+Yf+bx6o/8xX/AfP8P/LP+46O/4L9K/9L/+v/6BT/z7/yVf9v/8p3f4L/4wb/9917/Zpe/YrKc/3f//j+S/vjxH/bPvjn4bz/6Fc9+//O/49f6Y/+zP//X/zN/p7f/7B/229/7Hff/xZ/85Mnrg//j+AeXv/4/+kf8/ed/0l86+Q3+xJ/+l9f/zR/+W/0Gv/LP/fN/+nLn3/sX/pqf+EP+s1/vf/iL/p7Z37j4Hf7d//D3/Jn/4lf/z3/t3/GH/er/7bt/xb/0r/z3f/8/+h//hv/af/T4t//pv2L3t/gH/uT/6fEv/Lt/m7/xP/3Ff9mr/+U/+q3+0atf8NG//jv92bM/8b/5hb/V91989bf+xb/5H/OX/u3/w0/9z3/T84d/9D/3E//Bv/7XZr/Lvz/9p3/BL33z2/xf+8W/+/jy8z/l3/kFf9rvdefXevVb/TF/9X/yl//Xv/I3Lr79B//iv/AX/uJf/Lv+4t/0d/8v9/6Y3+d33f0n/5Gdn/zj/+nx9A/5y/6AX/VfXHz5n/zRf+jrb/9jdfnwj/m7/9h/5lf+sb/u7/3m3zr6rZ/9et/6Y/+A9I/4j//Fz/6M/+jOP/nV3/e9H0t+nX/+D/43/4AvfsNf+JN/ZTX6+//gN3/O81978h9u/Xpf/Po//r+e/rvP/rnv/V1vf/N/4uiX/PX/7j/1u/6G07/ub/p1H/41H/8pr//ov+Y/efqv/jV/32/xv6X/zi9/9af8T+9+50fNF3/7X/tH/DP/+j/xa492/pJ//m/+S/7h8a/6clz8tk//tf1f+Ru+/gd/8Ev/tv/+P/9q8q/+9X/Vf/nH/EN/5b/5O/6R/8Xuf/QXVcVf9tnv/0/81Ud/0+93/h//fn/rL/yd/5wfVF/8y6tf/df9un/GH/Zn/d3/6d//i3/v/+Qf+PY/8Pv98l/3D/x3f9O7/+L/+lf9e/m//Tff+0O/+hX/42+Y/In/7rP/5aNPfvEv/Cee/dH/xS//R37/P/Pvv/vf/nF/5B/9F9W/Tf4f/4//6t/2J/zWW7/ZX7vf/MH/7f/25R/2zz7+9/+RP/yfPL/393z1U9/73sEf8+mf8h/8wn/2T/sLRr/WH/OP/NO/x2/27T/z1/2t/uE3f/q9X/KH/RsXf336u9+5/F/Hx7/hT/+tv9Gb//H/+PzeD37T/+y//1u/+4+c/AZ/9O/9t3z3r/q1/tE/9M/7b37FX/83/W6/3/9y9xf9Zn/s33c3//3+/b/8D/zr/6BftvzFp//693/Bf/eP/ZvNn/frPfpNfpd/96/4mT/4v/infvAn/OZ/4/f+5l/77/j1fod/9r/8J/78P+BX/vm/2WVx8Tf/43/Un/GrmvPf+M/58X/oT3r4H3/007/+f/uv/qbTP/W/+H1/p9/o2T/0f8z/2flv8zf8AXf+7q2/4D/4P/+Rv/HRb//b/9ivPv8X//u/7D/4n1b/0x/4T3/2u//g1/mf/uj/9qO/+6d+u7/27/2rTw9/nWr81/2CX/Ppz7w++tP+9b/81/21/4t/+yde/RmPf8v/+m/4/X/Tf/oP/YX/4+/zFz//nX+vv+I3+iOSn975A//x//F/O/z1/5ifPnz8+F/6nX+b//rVX/Rn/d5/zKef/86/y1/xL/2Rf82/81t++ef/+f/9q/He3/f3/+Djv/3/+PXO/pV/93u/9O/9TZ/+1b/sjz94cPzf/b1/5b/1Dy5Or//1v+An/sd/+Xd/dPZ//Vt/8B/V/tN//x//z/z2f//nf/Kf+Kf9mTt/xR/51/yPT7L80cOf/jv/wb/gl/xWv/xi63/+D//uX/q3/Nv/9fS3WPy3//UPHt35vX7bv+Pf/ZV/+V/xF/wuf8lv8Pd8/7/96k/+/f6GnW+Nkn/1L/xPrv6kP/uzw7/ox//Gv/g3/F8+/ek3f3/77z/aa/+P//tX/4s/9n/9j7/hR/9A8UsX/9tv/c9e/we//Jf/qh9P/7J/tNz/x+Yf/+u/23f/xr/xL/wL/quLv/Uv+xf29v/mX/qf/tb/2G/znV//l/0ff9Uf97v805P6H/7b/qS/8d/7Lf/sl//bf/6b/0W/5G99cPbF7p/+C/6CP/T3/O3/zd/64l84+E//l9/sN/prfsO3Z//z3//Tf/TFfzlK/tE7xw//oN/01/slf9tP/Sf/3Edf/Lt/1+n//gv/l7+v/X1/xU9/70/Jfr/v/Sl/wy968vd/9e2Tf+d3++f/jp2/4r/+R/6b7/1p1R/2X/8j/9i/+I//Vt/+9/6NP+tvffL7Nz/zN/zq8o/e/sP+/P/yN3n2B//q3+Iv/I9Pfpc/9NEvvfPfj//T/+Jv+O+2/57v/3F//PVP/xG/8Z/zh/5Nf9GjP/npl//W3/ntv3Lxfx78PX/Yf/ZP/wWf/0E/tfPJv/F3/aHlj3/xz/0Lv/Qv2P5t1n/M73vx1/3Kf7H9/X/DX/cv/R/effk33/8H/7w/8aNf/Lf8d//i5T9L4civ+2c3v87f+Xv8e3/QP/LyN/zd/qu/8fT7f9f0v/gtfqd/5M7Dd3/Z33/v7/3ev/QH/8G/Ovt9n/6nv92f8Dv91A92f/I76e/0fxZ/wavdf/lv+Of+5//y9/or/9yLyz/tT/nd/uQ/9+Hf+yv/zh/8j7/Bsxe/+MHiZ/67v+c3+aP+r7/9Fz1d/Jv/1J/5n/xtf/av/HP/iH/pf/vqB//gP/FnffbTf/nvM//Xrv/5/+HN0/mf8eSf+A//tV/vf975vQ/+htnv9Gj1X2f/xYu9f+1v/Cv+4r/jf//Pf6O/99H693j9B332e/2hf+Nf9pv9O7/iL7r6r//Tv+Wf+5f+ml/9G/xJv/6j/+nN3/SP/zH/zu/1vb/1l/xp/8J/efWXvv5v/q7/4r/5BdVv+Qf+Fu9OXv/axe//C//9s9Uf8Y/9YX/l//ZP/mN/2X//Jzz7x37/n/jFf9+/8Qv3fp2/4j88+Bf+p78t/ft+4Z/77/5R/+d/tfXT3/2n3vy7v/df//ZffPuf/1V/zP/+X/2Jv8Ff++W3/7a/5o99+L2/4T/4V//m3/9f+B+O/+d/7J/O/uP/7J/8K//EX+MXfvGv/fF//G+Y/Zl/U/PXfvbL/sp/6pf/jn/lZ7/kj/zP/4Vf/Qf9t3/YLzz6Lf7oP+Zf/d1+8//hV739Z/7z3+P3+FN+8qd+pvyd//A//fEPftNfeO8P/BuSf2T90+9+i/O7Tx7/8//ew3/+b//X/qFF82/P/rM/4vvHf2jyR/37v9+nv8PLyX8++p+e//PZP/zH/Lp/3uRbf8mfXv6Vv9mv82/97Z9/8lv/b/lv/Tv9tv/Av/2//9e/+b/0h/xV/+zTf+3v/pd+5k/6X+b7/81P/6Ktf/W//e23/rSP/+jf6eN//w//l//In/k1/rv/+9u/20/+o3/0n/Jf/F/N7/6b/tt/1z/86OEv/ltH/9jf+Xdv/SXf+sFv+Q//tj/Yefz7/vifNfnL/+vdX/Yv/J2/21/+t/3qP+XZ//gf/cVv3/0z/8iv93/9a3/gv/0H/ZU/+Uf/yY//pGfv5v/Nr3XxR/1uf/GvrP+u/6H95f/nf/33/MP/4sHv+vf/Gx+/+s//52+9/F/+xr/t7v/5p/0r/+ber/tn/52Xf8O3nvwrn/1Ov9Gf+Tv9I3/Of7z9P/9pf/nf/V/8Ff/8X/7k7/j0r/mTf+r3+fX+0j/wt7z7M8d/1bf/pL/pf/tjf42/5m7+e/4m//Cv/j8+/3t//V/xb/9Vv+qPfPgn/6X/4Ue/zx/3W7z4H/6Mw3/2av3n/T1/XPL7/06/yT/x5/6qf+7L/b9t/6/4g5P/+j/4L748++Jf/qcf/x//x5/5v/6NT8//p2/9lf/Bb/Pr/dl/9l+7f/TX/03/wvqjv3f6X/yBf/Lv8Kc+efvr/a+/8lf+NS//tH/lX/6Ff8uf/4M/+i/8z//4X/jfJP/znX938eW/+2O/7Bf/pb/OP3j6+Z/1O/0Dv9e/+w//5n/sv/pX/wZ/9X/87F//53+Hf+Vv++9/v7/7l/3d/+d//O//fb/3v3H1m5/996//9r/ro9/3n7331//G//Lv9Sf+Kb/LX3b3d6kPtx69+3VWh78g/Rd+u7/ij/ijf/0/6Fu/+j9c/Gff/k+P/uNyPv+pP/DXmX/yR3/5NzY/+e9++d/8ob/1r/+b/w7/44//p//6/zK5/x/8ab/ub3P+4rf66fv/3cs3V7/b3l/9h/7G/+Tv/ytf/9+/37/wnYd/+9v/8L/6b//RP/Vv/iN/5vv/xm/9O/8+/8Yf9VX68d/6H//7/+7TB3/3P/fr/Tl/7X9x8S9t/ea//Lee/Evb/+5fMD79lV998ptfnP6LR//57/xbvPjb/vp/5OxvXvwW28s/9V/7B3+73++/+Qt/1S/8F/643/cP+9v+218j/Zd+n7/r879z/qvHv+Bv+e//ml95+mv8rn/Tv/6X/N6/xsVf+cUvO/u1/vTf6W//7U5/o//4F/9af8Rv+7v8A59t3/m/Xpz8qr3f43f5g/7l3+b17/cv/JrV2X/6z/2Xf/Mf8h/83v/5i7t/6c/8Dn/hR//OL/kVf93f/OlfcfDsz/2Zf2n7T/7Nf9t/7c/6zf+HJ/f+0Tffefr3/Hp/wG909gf84V9Ofq1f+4/8DS5G/+Fv9eVf9Z/+4/l//u/lr/6ef+/8D/3Lf5vpX/wrH/6Kv+UP/HV/zWd/3FeHH/0fn/16P/iL/ucnP3Hv85/61/6DX/IP/vp/5Hf+6z/vH/ibP/u3vvedJ3ce/mP/7erbf8zq1/nOf/nn/t3/0eLf+i3+pt/pj/sdf++/8tff/tW/8LT6c7f/kb/rLyj/uz/p9zn5ff62o3/xvyqvfqe7f8ff/j//nbN/7ouX/9s/8ttUv0n7H5b/yz/4x/+6/9snv+zd37f4b36TX/I7/3F/5S/76enbJ3/ubzz+M/7nf2HxW0/+7r//9/p1f+X3fq9/4W/846//1L/jX/lTnvyV/+w/2vzmv7r46b/nH/8Ps1/xz1an//vd17/3fz3f+3f+m//mp6+bb3/xy6//+L/89/rr/8rv3/9jfsXF3/qDP2nx8K/7c3/D3/E/+G3/gb/wb/9f936Tv3z0J/21f8o//98kf9e/u/w//o4/7HfP/qs3f9b27/5P/Xn3/uO/fP9P+HvIg7z8D/673/Th7/Qv/6Wf7f05x3/+n/uH/42j7W/9hn/8b3r6j/92v92v/G3/i4/+29/x1b/8t9//K37H/T9t/Af+Fb/0N/ojf8v/7dt/19/+l//JH/+9/+xv+4/9Hz/zR/z0P/pf/JJ/6Z8//y3/qKNH/9i/9z+t/oKH6Z1/7t84+M3+9X9o9Bv9b7/5p//6we/64//i//W//5c/nv5+f+Af8df8Jb/ir6n+qd/sT3/0Pz78B3+DP/uv/av+4N/xx/6U1+M7dy8++cG93/Q/+0d+vX/i1z/5Z37D+e/037z9Pb76O3/q6Z/01b/0rfM3v2B0+Vv9mf/0f/Sf/tt/y5//W/+qw5/+N/76v/Dj/+Wju+e/5V/2Z/3Rv8fW3/yb/31/2z/w3fb8T/4Tn/+b3/7t/sc/t8r+kd/x3/xtf9vf93/7647ub/346dFfuvdXpx89/Gv+vPYnH/x1/3z2G/zV/+rvffG3j65+5R8z/+3/nf/wj/od/q5v/a77v91ftf8v/xa/8T/3W/7kH/ud/+G/+1v+sr/mz/qN/vK/8bf/nX/qH/yX9v+P7/02i/Rv+q3/z3t/Wf4r/6M/7pf85J/15L/48i/78k//9V/9W//5zl/z8V9WPXv24JeMv/hFf+iv9Y8d/N3/0T/+B939JV+M/6bmO//El//6r/2r/ojf/i/8y/+ef+3Hzv/jf/rL/+C3/r//ud/l75z+zH/xncnf9Uf88t/rr/23fv2q+i/+zL918sf/YX/S3/A/V3/Eb/XX/1m/4BecP/7t/s5f9Pan/9mzP+qn/9X/+Y/7B9J/7B/4h/7VavkP/y//0uRP/4fWf+/1r/vq3/xt/5O/+r+9Hv/+f+nTf/Ff/2t+0e/37/+Bv+fT3/+veP37PPyXnv6J/+buf/Hf//f/7l/xd391+Jv+7X/EP/L7Pv1jf8d/7NO7f0f2X/yVv89/vfiHnv0RJ5//fn/Ho6d/0j/8hx3++v/pL/+1/sVf99/+Ded/5R9+djT69R/f++P/m+W/9wf+zf/OL/nN/tx3v+jTH/zrf9hveP6bfvQ3jV//xr/pf/KLf+P/8t0f+9//sr+u+h/+4p/+rx7/Wf/N//B7/VE//b+d/2bPf9O//lf/YX/CXzH+XR79m3/LR//Kz/w+Wf4zD+/9it/g5X/x+/xmo9/y7/vPf7u/5Z/77p/3L/8dv9V/8ff9l3/dv/0f/O2/67/8z63+6vPn3/3T/9Wf+b/e/nW/dP73/R9/5Lf/w+//r3/d//Qvn/4v/21V/VP/5Lf+u3/tF/+W/+If9T+Ul3/c3/L7/Zu//a/7i3/r4792efis+hfuX/+Lv+Iv/UWXf2eVje99/if/Yx/9Z9/7l/7d7f/xz/o9/qo/6S/6X36Lv+pf+I3+hj/5z/jbf+wv+yN/38/+4N/v7/nN/rB/d/Q//rv/9a/8iX/kr7//e/9lf/2v/PbB3/23/h1/20/8N7/zL/q3fs1/4vNf+rde/z6v/rnLk7/gPx3/G//j//rlX/aX/8+/6bd+3V/8D/z7f9IXX/zYr/vr/wMv/o///qs/4ex//kP++7/93/w1fyJ98J+8edDs/h2/TfHPfv5vXv9p/9bF3/HP/zm/y6//l/6Lv/3pxZ/0nf/suz/2W/wR/9r9f/Vvvf77ftXl//YH/4r/9hf/F3/D9/6k/+PBv7j7p/8ef+dv+8/9C3c/vf6JX/vv+8f/6N/6D/74L/3XHv+R/9Rf/882f+X3Zs0f8+u/+/TX+kv/g+//af/SLxr9Fb/wNyvr//yP+AN/95O/tPlff80/cu/f/fQPfflP1X/o9a//03/ov3b/X/lz/oPmJ3/sP/lH3/7+f+lv90v/7vR/O6n+z6/+ufk/dfxf/g9/5V/xW/8Jf/xf8x/9bb/sW//0j//ff/2f8+lf+W98/9O/57f6e//Rn3z+X/4X1Z/+j/wZ/+D/cu9nRl/8er/pr//g1d/0t33v7f3/7c/9jf+9s1/+5/zBV//Yb138jn/yyW/6+/46v/Zf969Ud/6yP+WPePo3T37yj/997v3h/9RX/8D/9Bv9T3/en/6XvfxL/8vx9395+yt+h5+Y/9l/yPzgD//3f8Ff+X8/+F9/0V+5+nf+5Tt/wb/4Lx79WuXv8Nv8D6f/67+f/MLf+p/813/hv/nn/dG/4y/9j/+kn/rLfud/+5f8iX/Kn/qv/IH/0uJpefT7/hm//S/9Y8+/9df+w3/Cr/Onf/vP/m1Wv8FP/6qjP+pv+3Lvsy//1d/rv/yd3/5N43/u1X/8n/zu5//Cv/bw2YvR3/M7ffsn/80/9nc4/0U/8V98/+Q3+rff/sTv+hv8pn/KH/z7/45/+x/2D/zT3/vz//zf6Jcc/DVv//P/+Tf+I6rv/CN/6C//K/+I03/tD/1X/uU/8Lf/6//6X/HPH/6lv+IP/g2+Wv0lV//i3/yb/K6/yf/y617+t/f/9r/wt/97/oS/bvEn/dr/7Z/5R/56f+h/U//zv/A/+DV/6l/4P/6Qv/u3/D1/vx//zc9+5z/n//z1/7s/4dPv/U7/3R/2T/8xR0/+4/+0/ql/8Zenf9sf+53dv2f3l/9Zf/ef/Ld/64949tu8/el/6m/6y37b67/7r3jxx/3mv/af8svq54u/5vIP+vdP/52/6A/8t/Ivf7s//Kv//u/8j3+9/+5vSH+Xn/kD/vB/+s/9Lf+o8b/5X/xjP/ZvXf7b/8bf9xf867/WwS+d/3F//uQ3/O9/j69+0a/1R//2z/f/hz/o1/0Dt+785n/1f/Zf/qv/7D/y3/0Wf8z+L/9fD3/dv+Yf/1t+yW/4C/+Tf+YP+aN+jeVv9Of/Nv/1T/3Pe79R9pf+nX/83/Cn/ZH/1qd/+9Pf+PE/9N8crR/+7b/dXzL9Vf/FH/LuP/jeb/e//+N//R/4D73+T6//4F/2X/zg4nfa+u3/+b/3L/p1/8h/4i+Z/9v/4e/60//W5Cf/kz8jqZ780t/mJ/7Wf+jPent5/x/7x//0N/f/k5/6s37H9U+u7/zhe3v/0y/+G/7qj//mP/Poz/2J+v/I/pm/47f51/+9P+O/+GX/8O/9f/x7/9Lf8b/9GX/J/A/6g/+E47/kj/89/o6/+btP/6Z/7r/6X9K/9osHb3/Ro7/09/z27/ib/L2//P7//lsd/6F/1W/+G/yFv/tf+sv/9S9+03/hu//cJ//Xo93ln/D8v/g7/7W/ae+X/Lt/2ZOf/pPul3/E3/3u1/99v/czf8Yv/9f33vzuv99P/Q5v/8L/9df6m979G6tf5y/7X//Cqz/o47t/2j/0p/7kX/qbfvR7f/bwl/6Nf8VX/+3f92+++r1+7X/sb3l++P0/4vf+4vf9qX9hNPv2wV/7B/+R3/rHy7/tb7v/k3/6H/bn/gX/cfbn/01/1Uf/4z/zS3/j3+hv+Cv/yl/3p/7J//XPO/xb3/6L/+3fOfuNH939bT79N+7/e//N1n+afu/lz5z90h//1xZ/2G/9yd/2V/7Of9x/9Bv9wt/vt/3vfut/8r/+o/6CP/G//SXPvjzYf/7P/hXZ/b/u//qH/+Bf9Vv/9Tv/5d/2T21Nnv9x/+rf9of+Lo//1L/mL/39m1/9B/3v/+5f/Nd966f+m3/0v6r/3L3yrzj9a/7G2X/9uzx99Rv9pn/K9Vd/2h/0r/6Wv/fsv/vOH/Qbzv7DL/7Xqz/0b/uX/40/NfsL/9D/6A//e37JH/LX/Vovf4Pf/bf91/7SX37xxe7f+vrg7f7/+fA//YN/73/syR/7p/4xT/6P/+v//Bd/7Z/8p/+S/+1nsuKnftH/+cv/1P/xJ3+L/738sd1f97/4jZun2//i+rf5bb74P/7IX/Lv/Te/y1/1cfGP/JW//vUf/fLf/smL0z/k3/29nx/9YT/+v/+5/+pv+2df/NL/rp3+PdU/+pf+WX/gv7T+Ded/xl/2R/6Lv94//e1/45e+vf63/8e/8/e982eNv3f+W/9zv+1y96//Y/7Zf/+n/5by1/lFP/HP/YePxr//H/3v/p2/6rcofvtf9Rf8yb/i7K989L//q3/Q7/jf13/+9f+e/k3/5N/6R/+Lf9R/8dGf/7f9Lr/lP/rTf/mP/xuj//rX+X2nv/Hq/PjHfp3f5c/6w/7lv+oX/Vd/0X//R/55T37mD/8lf8sf+f2/8lff/9u++1f9in/9rxr/u7/8H/ujfq/f6Iv2d2onf8gf+Gf89p/9ky/+o//pX/it/ua/ufmv/od/9+H/+PJ3+/P/sN/83/ub/4p/Y///+AW/+r8rv/ff/TN/wH/6T/0+f9FP/9W/cfaDX/H4J/7381/jn/j7/8w/4o/7wbf/+Ks//S/95778Y/7lX+df+c3/qf/w7/urfquTP+KX/+l/4//2nyz/lv/4weH2u9/23/rrfp//8bf+L/+oP+Bb/+af++/+c//5b/vs4q/8c/77f+v3+fd/6//5X/mr/6v/4z/78z57+Lv92y9/8pfM/7T/5Rf9svlf/fHsyz/sb/6xP+uXvPm//qmnf9/Hv9sP/uZf63r57/1zv/hf+QP/wl/3V/7Pv6j83//+/+V7f8L644uLP+S/+Lf/7j/+r/gnfttf9J/9EfWflv5n//VH//Dv9gf+ev/Iv3/n//h3X/+NZZ39Wf/bb7n33f+4WP72f/Te5A/56ZN/6eLP/4v+jl/yJ/9Vf9r1L/nJf+I7v+E/93v+JX/Vn7D4b/6bX/H5H/Qn/upvvZr/w5//Y7/w+Pt/4G/yZfngx1b/4bsXl3/2v/rnN3/Uw4P/6F/61z7KfvE/9ee+fbv9v/7Wxf/+e/3CH/sr/s2/bOv7f/Tv81O/2x/7e/1nf9Bv/Qf+MWe/4F/7M/7Of+vf+Ht+jT/yVz390z76TR7/J3/P5//VL3z0O+7Mfr/69I99/Nv+1X/gwe84/9XrX/HoH/jrf+lP/GV/918x/sd+8b/86/wPf/Ff+N/9gn/81zj/s/6MX//5v/yXzf+S7T/qf/vxX+c3r749+5/+il/4O/1b//Hv+Jf/13/63/6r/rl/7t/9O/7u//pf/Hb5K37w3/+lf9if/8/99VcPRn9p8yv/ih/7a/7Pv/2/rX+nv/G/+8N++T/6L/5XH//Wv+sf8hf+JX/RH/2f/be//6/6T//Dv/Srs//sb/vnP/qNfun+H/J3/0/b//5f+u/8gcWD3Yf3//DL//hP+FP+61/zn1v8zf/kX/Vg+5/75//X/+voT3t2+Fv/od+7+HP+1aM/5Ned/9jZf3j/t/2dfv+/8f9+9Y98/xf/red/6L/6y36dv/0v+91+t1/yV/3Bv+S/+l8fr/7Dv+HX/b1/6XcPfvXTv+532/sD/oNff//un/qf/bF/+b/6L3/5r/7Hv9+d3//vfPmr/oV/62+/T73+8r/nqz/7xd/7j/xF/8rH/135q/+3f+Rv/pV/0//xcn9S/c/lP/IP/5p/85/3j/0u/0T9X/zu/9Sf8+f99+s/58/60/6yn/g3l6e/3W97t8p/6y8/+W3/pF/58E/5+H/6P/6Yf+vX3Ptb0j++/rX+wB/7Lc9+xcXVn5j/yQd//z/64Gf+gf8g+5v/x393/Wdnf8ebF//h/tWfWl1858/543/f6V/8xb2/9E/8v/7QZ3/DPzv53f6XP+yv+c9+nX/tv/niP/jD3n3np//c9b/yB/zU73lwffD7/nm/Tvuf/q5/zq/x2/3bF/f+imf/K61jLv+Qrb/on/jqd9/9F/6+//S//4/+sJ8qf9X/8lf9I4uP/+vf8f/4b//X/+Yfyv/mf/GL//7yz/nT/tCf/I3+yN/rJ/+9f/MX/H3/+Y///r/Lr/k7/2v/yPQP/Nt+rSd/7L/0/d8//T//st/5t9lN/7HtP2/55/6Zv/E/8Bv9GX/dX/DP/U9Z/ttP/uY/9fztv7v65Pf+63+9//lv/bP+lX/m5d+x/0//73tnp//83/Vr/Dt/3u//33/5n/5Of9h/t/Uz/82/+Dfm/2JdTF89+9V3/6YXv/p7/8Bv/Oiv/wf/pvZ7f8+/XP/L/9rf8b//nr/t8g/9d//V3/mP+Te+/AW/359+dPaXT/+6//2q+PW/85v9L7/yH/iT/rzf4jdbfLn7u/zfv+oX/Om/7T/wX/07v+cf9i/8FX/O/j/zu/73r06++2/f/6N/yz/pz/+d/sf/4U/8Zf/qP/a/5Yv81/y9/8f5+T/5l/6iv+u//yf/nH/kd6z/7X/wnx7/H7/W7/h33/n2D/6s3/5+++YP/On9X/zy717/B//Jb3Px0dY/9hv8kv/19NdKj/7we4u/9Nf6t//c//r3+ejo39/7Zf/SP/Df/Ecn/1ryb//vv94/svv7/oJf8/e7/mN/37/vr/g1X3zxu/3dv+Cf/a3+ir/gF/6ff+Bv8B/+6X/z3uvivy5/3S/+4r/xN/zf/4p/5s/+Iw4+Hf0hD8/+uH/67/ij8//6x37F6s/7q37L09/7t/11Xvyb/+ve37f3p/xmi/85+Vv+hz/0D/i9Pvn3/pav3v7g3/29/5I/5jc9+Fv/0l/3H/ifPsmfXPxl6+//sb/hn/r02d/5Z/xzP/iJ//vPmvyjv9e//U/9xfVf/yf+V9XqD/2N1v/Wv3Xw6i/8o36rg1/zex//ZX/Y9uis+HL+4mf+53/mr/9t/rd/58/57r/3X/zOv/Af+ud/8O8u/8Hf4e/6R36XX/N//Ov//u/+u//oxf/1e/6Vi//il/2yX/RX/Cv/6v/1n53+nb/43/2T/qT1//Y//2Z/70//5H959Lf/sf/kD3793/EP+6f/tP999Av+jX/mZ/70v/bf+QP/tz/up3/LvWbn7R/9yZ/6t63Of/V/9cf+4WfP//qz6avf/a/+m04X/+Qf/pvlqz/x1/rn/8R/5p/+h/7Zv+YP/2/+zX/jt2l/+bdP/8366R/12/9l/1r+n736Vz678+v/bX/Bb/pX/9n/6S/5H/69r+79DbvV84vf8s9a/ovJ7/7fjP7+P/Fv+SP+vV/rZ/b+o1/+j/y6J1e/z3/dfvIv/vm/9U//dfOv/oJ/7q9+/Pm/+quf/Lb//X/9k+uD1T/6z88vTv79n/obfsM/82/6A/7Su796/W/95G/zl/8Ff+t/9ef/Hb/nX/ov/Wv/wH/7Z/xnT3/qN/4rfq1Xv/w//iN+7V//zl/6O/9Pf+Of9ujP+x3+09/uv/nr//nf/D/5T/7Fv/Jv/3d+2f8w/S/+56e/7d1f6z/+rY7/7L/v1//y1/8P/q/f4Scv/v0/6H/4g37Pv/3h+tf9vf/11T/8x/8L/8s/8Gf/2n/yb/gv/erf9Lf4a3Zf/AZ/2O/5t/1LH/+t/9HTN5f3fqb8y//x/+L1P/vPXv0uf/Wv/4f8Dxd/wbM/7Rf8Gf/tP/aP/4b/7X/0H/7b9e/xa/0Df8/f8d+l3/uF/9Av+xf/1O/8T7/y3yz+uj/wF/yH17/hr0p+5qsvf5O/+E/6Y/73/J+5/FN+73v3/vK/pfj0N/ljtv6NP/tf/tu/f/cX/+v/ZPPRP/5n/pl/xl/yH/zfzS+5/rv/3L/sd//p+e/3L/+nv/tv8OU/8e/+32//8N/p/j/2597/JbNf9ffP/rxf61++qj/9a3+vf+DP+9N+7f+s/e9/1R+197u0//Hf8Af9F8f//t+V/ZGLf/EX/uc//sf+77/yj/lPXu0d/91/9T/+g79g/7/9Xf62v+rv/M//kV/jT/6bTv/X3/8//+v/rX/3H/9DXv7G/9e/+K/+ib/G3/zv/q//+Z/1mz95cfA7ffvPL36zv/wf/fyf+5//h3/x18p+n7++nJ7/nX/5D57Pns0//w3+qfv/dv4rm7/1f/0//t4/f+s//s3+nH/41/o9/8DfpPz+d85X0//jB//Ai6c/uPyH//j/6C+//k1+8O1/52/8z/+CP/4f+Kf/jO/+C9/5jX9m9epff/Mzf+nv9mfs/Vd//Cf/zd/0xf/9f//Vn/3H//fbX+tXHy9+vd/on/nf3v3yP/Mv/Bf+hd/lW7/g0f/5vf/x3zv7I/+a3/N//Ff+1eN3/+K/8Hd88if+W5/8Tv/GP/Nb/8Zn/8vv9wf/hb/N+pf+Gf/u07/gf3/2d/+P//UfVPzd17+i+Uv/5Md/1G/6S94c/UX/7t/zR5/9u3/o6i//9X7dJ//w77k4/+P+w1/2K3/Nv3TyW/zqX/fFX/8///p/8V/8W/7Vh//r/7Dz+/49/3b95+/+Eb/7f7Rf3ftvP/0b/pU/8avP/7Tf/5/+Q/7xP2H9G/8l1aPf489YfvTHLv7Te//E3/jnfes7/+mv//dcf/ZP/dP/2f/1P7R/4bd+zfkPfvHP/Fbf/03+p9/gr/pv/r7/Zufv+qsuHv3Dv+jeb/U7/sJ/7586+gc+PfxFf/H3yuxv/X1P/65/9hf8zp/+C7/mf/s7tW9//D9aFZ/+g//83zL923+v3+8f/HUe/4o/6w/+4//Uw9/lf/i9Pvodf9Xv9m8e/C//yz/3m6b/xa/xrV/7T/iP/7j/4df9D37N3/8X/Mr8t/kz0p/+B/+En/5r/+r/dPEX/qFH/+uv/Yf+6f/x4X/+D/8T//jb3/F/2P3O3T9v96//ff/63+wX/M1Xv/HZ//Xn/kOPfr///l/9I//cP+i3/Jsf/Y9//YPdX/bRf7r7R/53v+k/+JN/y//26o/Yfv5fTP6d7OPf/j/86Ft/9/f+pv9gPvrb/qD//sf/8F/1l/89X2S//9/3b33y2/32f2n+b/4nf+mf+pcW//xHv85v8Gce/Cd3//L/4n+b/asf/wu/6r/7gx5/8fzXrP7QX/6rz75z/cd88kf/6s+//3/8r7/xs1//7/4j/t3/7j/91b/v7/B7727/Rv/4f1r+Fv/Z9Jfkf+EPvvwn5r/6z/ut/r0/6P/4t//cf/fkv7z35Pnv+vv9vX/v3/lm6w/7U3/p7n/wL/2KrVd/5/U/9J//yr/h/9z5o3/tf/2v+zv+4stnOz/z6Pf/I//1v+Kf++f+vj/53/4Ff+1/nZ3/ir/z1/l80vwDf+n/9M+f/lGfb/8G/92vN/of/+nFn/DH/Nd/4V/y8PCf/Af+s8f3j979on/gT/mrfsvP1r/l3/mf/al/0B/3C771L/5mf9b9N6+++4f/g//8XzSf/Unf+tZvt/o1fv87f9gf9nd9/y/Z/tf+2n/lF/+C3/Xjf+6P/5/u/PP3/p5/8Jf97f/Nf/J//nf//q/94Nf8b+s/6V/7nf+Er/7Nv+SPOPhL//hf75dcXv3p3/6f/pe/4h/5i/7O77z65X/nP/Zb/Br/9b8x+hf/7b/jH/j9f9//4A/96d/kX/j+z/zTF18sfmX61//tv/s//2f8V//Fb/En/oo/5S85+qr5Ez/9D3/b32r0xTj7D//RX7ee/yN/zJ/43/61H//MX/z7/KJ/8df/sf/uH/iL/sbf6bcqf7uzv/0n/8V/8Df/x//2P/XVf/8b/8PPH/+N/9Nv82/9Ub//f/AP/LEnT//dv+3s00//97/mn/7Or/mr/p7j00d/4Pw/+O9+3ef/7p//R/55f/+f/6/+m39k8revtv/rX/zvLf78X/qH/sX/7S/8vz/9737vd+s7/8Wv9zf/27/pP/N//tff+4Pz/yz9qb8n/YP+1OXv9Cf/78/b+g/8Y/+R5P/8C/6Lf/JX/y+HT4u/7b/7k/7xu3/on/6H/s//+//+R3zxd37vT/ilj3+H/+yv/a1+rT/+b/zP/+X/+J/9yX/+7/sdqn/wu//FP/Pf/2D51d/+y3/R7/yv/Q6jP//X+m3/8D/k87/nl/+yf/df/Q+Sf/Yf+Vfyf/DP+Qf/79Ev+93+sP9t/o+++83+k+qX/5V/9m/2D/8bf8j45X84/sE//qv/vV81+cf/w3/s77/6Jbuf/AF/zP7bneV//C/8+vXfsFj/nj/96/yyP+/X+D3eHv2yo5d/3c5P/T7lb/RvFv/nH/3jv2nxx/2Jf+af2v7Jf8+Tf+/H/7u/6j/67h/6p7z69w7/jT/0t3n0N/49/+Bv9Ff9s5//rX/L7/t/zX+Pv6368/+6h9//C36nv6T8a//Fv+rP/DOz3/aP+9N/61//9376ePtX/II/8p/+J2c/9lv8w9N/4b/43/+hNz/xW/zL/+zZJ3/j9/66X+dP+8fu/pN/4u+3/x+s/sjt0d918Jv+ln/fd5/v/SOTv/Y/v/e//E2/8/7v9rv/dn/GL9l5/Zf8Xn/+/h/zp3/yg1//6Nf5fPvf+fhf+fv+k9/2t/xL/97qf/iTf+v/+vf9O/62f/hg8ujN7/ytf/Of+uPf/Fd/3N/+C/7G6V/yL/89/2D+9t2v8xv95X/dH/nH/UG//j/2G/2P//7/evCb/pm/7n/81a+++A3/1t/mp/7IX+9Pb/7+6R96/V/8j3/in/Hr/Ud/37/6x1z8c3f/q8Wv+5//qknx26wO/pm//Hf6Hf/M3/ivnf5tv/Mf/1v9Vt/6wfF//k/+13/j35P9N9968J/9OuUv/l+mv+2nk3/tn/9v/obf9m/4P/6O/+h//uWz/+q/3PqX/9HZf3r6q3757/y3/wc/9Sf+c7/mX/Hb/rLjH/9V/9df8/wf/GV/+D9y8L/+j//0X/hv/fG/x+g3/x2SbLb165d/yVe/8x/3z/xDOz/9L/xB2R/yt37vv/xP/p0/+f/81v/xS/7U3+KfOfw9//h/prn72d/4N/4Z//D/9D/9dc0v/96v+w89/0//8n/ge3/qb/W7//V3f4+/8/KPe/5H/Bu/xb/4W/9Rv/6f/Pv9z3f+hl/nn1z++3/Gv/0H/gF/Rv2T/33z39/76qd//Nf57uO/+eJ3+xX/7n/zD/9br/743+1/+4P/nr/jn/kj/qa/Jv37/8zLP/tv/Hf+xn/v4n/9r0a/xu/y6f/0X/zB/94v+oc//++a3+Gv/S2u/8//7Nf+Y/+P3/V/X/6Wf/dv+Tv8E//en93+V//E/zn/03/6f/7zSCP/or9o+R/+ZQe/4G/M//Tf8Prd3/yv/86zX/u3+Oyv/+Tt7L/+t/6kv+DvzK5+yb/wx/3q3/z3nP6H//l/8u9995f92Fcv/7M/8ruPf/f/tfhD/sVv/0HJ3/Sv/Su/5r/56d/xm/6zf/3zZ4//y/U/9Uf+xL/+9/+bV//Ub3Ky9T/+iovfKLnY+pP+5l+x9eKLP/9bb35y96/6s//XP+Gz3W/9G//Zn/77/XGr+//kL/mJj771E+9Of9G/tPtH/wYf/0P/wa/+Df6uf+Hv+jf+p+Y//Q3+le/9g//Sr/93tH/9P/sb/Z5/yh//1/591e/6T/x6r179Pb/T3/h7/OJ/7p978lv+Qb/3n/ML/46/8B/c+7/+vX/3r/lP/sP/4s9d/23/SfJn/G1/43/5v/zh9376F/+Xv/nf/9/8rn/hX/L7/El/xMe/6R/7/D//9E/+ay7/2n/xv/jO//70d/4f/qc/77/6o37b//sf+kv/xLf/2Q/+of/r0f/21/y9f8/oz/m7vvNL/+5/9u7//FPlR3/lH/srj3+rv/HO3/av/mv/wn/xW/wDf92f+Rf83X/33/q7/QH//J/y3//tP/bX/jXffvDb/du///M/56+683/+7X/zRfaP/9J/7OgP/vhX/59/7ld/yPfq/+Qvu/9//3f/2T/x6/z0f/Kn/Df/7s7v99f+xvXO7/kv/ze//Gf+zlcv/8E/pfpn/8XPrv+HP2L66/5j/9S/+Q/9ksVO80v//Xu/bvu7/3a/8b9VfP6f/SZ/3eK//J1/8n/9FXf+iT/sF+7/Q89//a/+iv/1J17+/b/l4s6v+xv/mb/bb/aL57/i1/lD/t6v/te//r/4yz77PS7+hb/vd/nHfvWv+qsWv1bz9/xOq7/6N//xz37Ff/1v/JX/7h/0387/tr/zP6zvf/Qv3PkD/sWf+o/+0uUf+Jv9K9Pr0+Y3/Ev++D+1/qd/7fS//3X+rb/l7f4//yf/s9//8//5f+LPfPsnnP06f92/+em/9fjo73r4Y7/Pb/7Pvf6pP+v7f95/93f/T9/75at/7y/5r//P2X/1H5Z/+p/3j/8X/9Vv9Zf/1v/9u9/207/1b774u/6W3+dv/5f+o1/3x/6Nq3/w9/7rf+9/7uVf9Bf9H3/K5R/5+/3kP/Hqz0l/q9/pz//zft//6dHf9Yu/88VP/sQf+tf+k3//X/WXvfx3mn/mJ/+2f/Wv/POu/sRf+leU/+jv+j9/+ctf/1Pbv9en3/q/d37qX/5v/7z/6b9Z/4/1f/of/eGH//Hf86v/x/94++O/5M/8Lf/anT/jk//6t59fP/7n/oPf6g/+53/r+//Iv/bP/gf/2G/6+//Sf/bP+Sd+7z/6+3/46Bf+Vf/sv97+DXd++vO//b/6nX/Vg9/2d/3N/ufm7O8v7vz07/sH/Vv/2OP/5V/7n67+x79+8et+9g/9sX/eb/TH/3q/b/on/eDB//DFL/x3/u3L//M/Xr04/O//q+M3/+jv9Of/2b/4177/R33xh139T//U9sN/6V/+V/6M//bv+xN+31/wq5Ot3/2//N6//o/9vb//b5L/598b/dr/9P999sf9jj/za/0t/8nWX/M3fu/o1/jV/9Bv+vBf++1/i5Pf6L/9Df/2P/f3/Yv+ur/gT/47v9z5dc7+19/2v/nbf8Vv+Of/Hnf+gb/24we/yR/y+H/7K0e/79/zh/z701/6Z/19B58+/dv+vL/8L/8Pf8P/4/f8C/6Kv+N4OvkbPvvj/ok/+7e5/6+U/8Dv+3//Fn/ml7/zH/Kb/QmP//b93/wX/I8n/8Rv9K/8Ef/yP/fw9/3jPvoffotv/Q5/zMcvnv0D/9Uft/jDf7fjX/D4V/5Z//Cv9VNP/sX1n/CtT/7Nf27xD7753y7+6L/r8W/1x/22v+m///f+89//9/7u7/7D/9Ef+Xv9hv/Sv/Zr/m5/23/3n/2dn/2n/+5v9On08Re/0Rd3/tHf9jf5Nz49/K//639r9Hf8S3/53/63/HXVb/zHvPvXft3f6G/9Zb/T9n/0n/8zv/Ff+3f8a3/k9O+5/8f9jX/qn/8P/MN/9p90/t//FSe/5D/4n//Kn/o//8+TP/9f+69+fPF//Yn3/u/D//F//Hse/gmf/Vp/2sPf+ZPf4fB/2PqZX/o//va/au8H/9x/8e/9rn/Wb/Nr/V9/3h/z++/+Df/g//2//km/8V/0h//Cre9+5w/fn//XP3b4D//Cv/q3+95f8d2/+g/7t/+Wf/S3/+5P/BN/+39x8ff+Vd/6V/7Yv/+P/JN/oz/mP//8H/oHvv1f/Ed/zR//B/ylP/il/+eP/WZf/lu/4//95q/77ujJH/7n/V7/8X/wj/01/9tfN/o3frff/tNvN4//hk9/+dPH//Pz3//3/fP+hX/wj/v3Hlz+Rf/Qu49/zT/txz9b/pmHf/3s2y/+9v/r115+++/5C/+e6d/z6/yrs//ht/j+P/1nHP7x/+Ef9B/9W3/Zvd/0j/0N/ph/cH/yS/6R3/JX/y//9uu/9Hf5Rz75B3/9P+36f/8f/qp/6h/6ryf/wX90vvVH/TP/wh/1X/zu/0v79/4rv9av/NbxF7/s1/t2k78tf+bz/+bv+dW/wc6f8Hsf/KL/43f6J/6Ms1/6J//gv/zt/9L/6qd3f+zX+kXj5//V7/rr/eS//ujkxUd/yOKfejJeffx7/+pf8ZO//Mf/h/J3ePP3ff+3/29/Yfanlf/3/57/n3/p3/yv//g/dDH7G/7v3/w/+mfO/s/TX7P9u//s//3X/qv+xt/mF/6pzV/01d3f9c/9x/6Dv/nwn/qp//nl3/InlaPmN/8j/5bf/PV3Pv/Xf+VffPXv/52/497yoz/y5E/5nQ//mdlv+DMX/8qfffif/qu/+Jf9wX/5t17/6e9elb/FD5a/w/81+mT8G/yzv+T//vHf6Peb/Qa/6W/7D/7Rj//M81/75bf/h9/or1/9eT/xrbt/57/UfPmbjg7+5//rD/vs8z/nv/8D/qa/5ne6/182f8Mf/Dv85IPf4u/7D/6d/+rP+a3/+V/rX/p9f5/v/3m/+z/xa3z2u/yav/gn/tpXf/fzq5/4wZs/5C/+Iz/6YymOuLx8cPIf/gO/+J/8b3+3//uv/b3/j/u7v/+v+OLX/A/+tH/qt/qJ//S3+Y2++798+jf/qf/hH/ybfr/5Zz75az/9S2b/1x/2F/15v+Dln/LP/vl/0b/1k3/wv/rv/Phf9I9/9Df9t3/Zs//z3/ij/uG/8Hf7G37PX/1v3P2d/q8/5C/9T/79P/pX/y//+D8//q3/kD/m//wDFtVP/D5/1D/6e3/vP/ln/uY/7sW/9uv+dr/Tt3/3tw//0l/4W//G//2/8U/8WP3P/81/3V/+R/2t00f/3j/0y1/8g7/Ji0/+6f/7r/jn/pY7v97/+if8B1+e/d7/9B/2K5fHF3/Y0R/R/sl/2D/R/F7/+S//n/6xP/2rn/ztfv0/7tX//GfO/+V/7r8om9/vt3z8a/0vf8JP/wW/9J/5r/+Jb/0e/9p3/uTF7/QX/0b/wuhf/Yd+l9/kzb/4b189+pm/5/pvm/xjf/i/872/9bc/P86P/6I/5t/Z+q9Hf+ef/o9+/g+d/KG/6G/9r3/89/wH/9K/6df6W//5/+1f+u3++X/pV/8Pv9Of/hv81G/9E7/vb9U82f7j/5LJ777/P/7df/b4u3/pv/o//W3/5e/51/5Bv/O/+m/+ob/J//r7/Zm/9//0P+/9JtO/7l/6B//UP/J/+mPf/Z//3Z/wf/yv07/3N9z9df+J8vjv/Uf+6D/lD/1Tfrc/98/+O/6Od3/if/Wf/bIv/qHv/0P/xB/9P/16f9mf/Rc/+l9//eKf+z+P//L/+8/5p/73v/df/j1+h7/jt/4b/orf+Vc/+G3/z09e/F9/wb/ZHn75d1T/6R/w/f/jtz76pXf/5h/875/+78mLX/gLH/8B/+3f9x/8kf/BP/OH/+6/7Jf8Yb/mX9b8D3/m3pO/5x/8C//B7//qx5+Of8G/ee8n/6V//Pin/70/5P++fPWDX/Kr//2/5g/9t3/Xf7P6A/+sf+TX/ef+h7/hb/xjf4f/9N/+o//8/+azf/83/gt//D9/+B98/xde/LH/+t/y5//f/8P//uQ//d/nv89/9xf/Fb/b//hX/AYX/9BP/fgPmr/kb/+d/9U/9jf/u37VH/pH/K35P3z8v+79gX/P3/SH/8V/z2f/wy+e/0YXj/+6L7/4e/7S3/G/+YX/3V/yd/zk7/jjH41/vft/2Y//13/Qv/9H/EV/zN/1j/5v/8fv9Zf9def/1t/2ex+u/oRf9va3u/cP/gF//H/xL/++v/uvffUvPvtvi99q60//BZe/ya/8N/6uf/a3/PJ//8Ef81f9nn/oH/ziqzuvPrn77x49+EW/8F88/+su/o3f6I968jv93f/oH/M//szhX/a7/Jp//+Xf9Vv/x3/Zf/zP/9W/S/v8f213vvqFv9tv/IOLv/DfWf2Xf/Cv/tf+jn/0t93P/6T/6+/88m/587I/589d/LL7//ZHv9c/mv7N/9HOZ//hD771V9yt//a/8U/+H/auzv6af/Djn/zd3/4N/+fH+3/1H/VP/SGv/8p/7epP/F1+zf/tT//L/+7/5S/8x/+4H//Xfv+/9N/7k//YT//I/+31b//bj/+H6m++HP09f/8P/qfyT/+ffv/HZ3/fn739X/1Nv8Vf/4v/oV/vz372p/yGh3/D3/Xg95r/6b/vt//ur37lb/nVzm/76Pj32v/HX9w9/cX/ybv/+W/8D37yF/2z//Xv98f/Tf/6n/vX/69/7ezv+TX+wz/zB//l7/4bpX/0f//89/r09/sr/5xPfu3/8Pf93x7/yr/5wc6rv+bdP/pn/l9/z3/79OM/q9z/Db71z+7/il/1Z/w9f/h//9Nfjj/+Vf/K7t94/Ucvf7+/5lf/5n/R9d/wrZM/8Z/9537L3T85/ffv/q/rn/nor/6tvvy7/7i//vJf+eur/3j5h/6LT/6Yf+Y3KP/L3+ov/qv/mM//8X/qN321/D9+5//jX/gN/5k/ff/ju3/V1euTP/73+R3+hb/lr/5b/+H0t/+Nd/L/4K/7n/7NX/Kb/RrHv+xb/+q//urus/WLvyH99f/B4z/yf/vH/qe/5erh3/jf/srf5K/803+dw7/52T/67T/5X/3qT/o7/6G/4W/Z/vv/+z/1O//3T/4tf/o/+o/v/417s//5n/1Vf9zv/yd99/f4vf/pv/bfOf/u/1z8xn/8v/5//oP/UfOr/4Hf//f7VX/0Yv3v/dp/3j/yd//fP/W3/8X/wXf/7f/mH/1FD/6DP+L3/A3+8n/iX/4PPvor5r/hf/Qvf/Lv/513/5GL5Pd5963f56/4B/+QP/5P/r9+wW/63/6m/+Sf8dFf8if8cf/4w+/88b/nP/zL/pXf4K/+X/+Ev/uf/Z3+p8Xnd/72+Ve/6g/9v//of+K/+Tf+rb/o7k//T39e8b0/6/x//m3aT6p/+3d99+o//tse/Pd/4O+R/Dtb//Hf9KcW/+7f/u/+r3/2n/tP/63T3/I/f338S+f/9L8w/uc/ez3/G4v5P/Kf3/vzftf/4rM//V/+1/6J/+O3u/cH/75/31/1v/69T7YvftnvOP31Pvp1/5r/9ZOn/9Zf8ufu/4n/wO/3O/x5dy6//S+ffvZrvfldfs3f/7f4/f/8L36vf/Bnfp3f6j/8ez/6K//wX+/HPn5w9R/+C188yP+R/3n05/8lf+2zf/PyP/oz/4of/Ca/2d/0S3/vv/F3/wt/g7/5f/rdHz/4q/+O/+Z/f/GnNnu/zf/yY4vf6uP/+Jd+fP72O7/lf3x19/M/8nf46/+0v/83+JXP/5i/r/orr8/e/Za/8+/+V/wj/+Uf+f1f/Rv8W0f/2Z/1Z+0/+3v/zr/nk9/iT5/+n//Av/LP/if/4X/yH/6hx6P9P/t/S/+my//y33p196+pHv/X1V9Q/i//0t9X/+6/29XxF9/74377/C97+Kf8rX/SX/r7vtv5ap39F7/qXxr/p+/+zL/1z/9Xf8P/9I/9VX/p3ie/5b/3m/xW2e+z85/8jf/KP/mH/l1/+b/3l/1pf9bv95f9xn/tn3f1l/5z//6f+u7pd/7Vvbcfj/72P/zlX7vzt/wvf9Ffuf1bvfvf/+Nf+nv80X/Pv/p3/Iv/4Y/9mz/5H/7nv8niz/q9mr/0L3vw8q9I/q+vpr/z/E/4Y376N/8lD5b/8urTv+EP/4WjP239P09+gz/1v/yr//vFf3L1tPplf//f99+9vfMTf8hv8l/dqR/9E3/zwx9sPfy1D//rR3/vw6u/+J/96m999e8c/rWf/KKXv9cv/6v/mp+Z/qv/62/y3+b/43/7D/zCn379f/6Cfy/78/7DnX/7b/7T7v5jf+zvuf8/XT/4r/+Dxf/+Y//V49/8W3/G737wJ/31/+zf86/s1n/u/zX+9v5P/oP/xe/12/5Jh6fTf2752f/9l/5zv+V/92v+q3/uH/Lb3v0f//I/4afb//S3/Qv+0Je/5Bf+Vv/Ur/yj/6Pf6Nf6A/+Rf+j//HWTb/31v0f9E39+8jf9yj/5v/mj/uo//7f72//jv+cv/DuvfnD2p769+y/94b/r+uqX/hFf/jt/xMOXr/7cf/6X/9e/6T/8g3/1X/6PP/3BH/gf/Od/3oOv/ox//if/qwf/9+5f+4/8b3/+r/oq+9Z/91v/0f/kX/kv/Kb//p/zG372t/zDf+6/8rv8i3/On/jLZk//zf/4we//19Tf+j/+3vPrf/1P/+VPXv4Tf9Qf8tf8oPif/5Z/ZfbPtX/x3/Er/+m/48t/8a/433+rP+C3/Dd/2bf+y3/yj/ny//xl6X/6cnf7r/vP/9Z/79/+1yeH/9K/8W88f7bzD/6Z//vv9s/9or/x1y7+j3/1V/9vzf/46A//Lf/af2vy5/+qv+kf+LX/2b/mX/j1/uyf/jv+uy/f/AN/3pvrf/Ov+Y3ffPYH/Tp/8/1f/4/7Vb/6d376S/+2f/+P+fJfaX/f3+Nf/l3/qz/8v/m9//3/6+/+23/D3/W3vvzdzh7/Wf/6n/uXzf7e//X//vt/ya+3+/e8/fZf8Vf/en/NH/i//okH7T/86Cf+5j/41/0T/+f5r/e/fPwn/xp//3/7z//Sv/y/+T+W3z/9J+d/yVf/0F/3j/yfr9a/4e/4d17/b3//H7r/29x79+v8a3/8n/hL/8J/6q/5s/75//o7f/Ff/xv/tr/JP/9b/0+/waP1r3f4d/zR6z/7z/wt//R/4jv/0p/x5/9+f+Lv8Tf+cQ//pzt/7t/3H/3dv/7R/1b9D3/Q8sf+vr+9+OuWv+O//9/98v/6F/xh/+7/Mv7H/oTzwz//95h8tvqf/rO/6vGv/e/9/b/sT/zpv/B3+r9/vetf+qs++qN/UP3v//ef/c//0//3X/uH/Hvbv8t/+NfPf939/+yf/uv/ur/8t5u8+10+nv87F7/7P/mn/J1/9sPfvFj9Jv/L5//DX/8vLP64v/t++zOf/8bPf9sXf+Gf/hv9Nv/0P/cX/EF//LPfOf0n/q2/4J/43/6Wv+2f/I13/8Y/+a/8a3/LH2v/3Ivf+rf9B77zX/6mv8/kN//X3i1+7O3v/Jf80/9o+u/907/Z7/7n/0b/YfZP/k+//t/0p//kH/xrf/4v3v8t/5l/+e/4tX/53/zX/LNbf8dv8O6X/q+/3g9+rX/xiz/w13n52z7+P/6+X+u//53+i9/qt/ujf4Mf/Cu/3X/+V//J/+NvvPxn/pDP937p7zr93/+H7zT/0B/1F/1T/927//vb1f/x1/+i//TP/VP+yP/xL/0lf8lfuv8b/Vl3n/6tv+Dv+Dt+wa/533/+T5e/5z/0h/yi7/7Hv/a/+dU//1v9r59s/WF/2e/61fK//c/+99/8P/pdX//i3/Zv/dP+hT/qf/9P7/75P/kP/y+/5+/8G/+239tdNn/grzP6V45+37/gD/jDf6sHz//af+av/bX/2t/vbzv87f+R/+yv+Avu/5s/+eeVv+QP/nV+z1/Z/vl/5Z/+m/3dv/6b3+c3OL/46P/6l599/m5V57/J7M//2/+O3d/kL7yYPHvy7L/8Zb/Oye/2t9/d+9/+tl/yv//Hv/lv9uif+1v/i//24W8+blZ/yE/+Lb/oevd/+AP+u//wz/l7/+Lf/1/9Sx78+k9/nd/tX/o3/5b/48//I6Z/2H/3y/68//H6X/nr/sJf+E/9Tv/qf/4v/hZvP/0f/u4/8Z//8q8f/de/X/Gf/OD/+tbv978d/qpPV//Nzk/8Gv/4b/ydv/KP+S1/5R/wW33vf/rt/v4//Hf8V/6c3+UX/SW/3+/yf/2vV18e/Rc/9nee/jO/+s948+hX/cyv+D1/l+/8yb/oX/6vH/51r3/sj/iv//0/4V8un/+Zv/Lvebz6G//pf+b//l/vP7j+vX/BX/lfF//s//LP/jY/+Vf823//v/V//Ut/8e/z1/wFv+O/+lt89rtN/vXRp3/03/ro7X/zJ37vV6X/3eP//Xf6t//ZX/Lyl/9P/8U/8y/8Wb/vn/7n/a2/9Af/6f6f8Gjy2z78v/++6dl/+b/+lfN/7I/+yX/hJ//k9D/7j3+9v31a/5uTn/nDfsvf/Z/6N/7cv/DZ7/bf/bF/x8f/+J+996f/sr9k/rv8Lb/G7/o7/Ipv/yNPp3/wH/23/4O/zt3f+g//jf+eb935H37Tv/if//hXvbn+Gx99+WN/2g/+5vqX/Nmv/uQv/olPfoPHP3P5j/+nP/7X/fff/onf7rt/8289fv4rfqe/56/8d/74v/qffPjqbxkf/CHV79U8/Xf+k9Uv+jf/gT/u4d/4pvm1/ubf9d7/9vf9x3d/5T/6b/yzv/MffPj7/Ab/5d/35/56v/PHBzt/9a/6xf/mX/Jffe9///3Of+Zbv+iLv/fx49/rr/6t/9jd5O7u7/yr/9C/+zf+jX+3X/l3/af/42/9Z77O/6Pvfet//NP/0P+o+Pt/q9/lx/7pP+Y/Plj8vv/bT/6Kf+G3+cP+/b/6Lxr953/Zn/17/BVf/f7/019T/U3/0W/+H/0G/8lfN2n+sf9261f8+Wd/07/+L373z/2d//X9f+gv+ZV/x2/95V/4W+3+8v/qs7/n7/jFv87vVP83/9HH/+tf/+jf/6P+jq2D1Z/zD/2qf/8vKPdGf/Yv/GP/+l/yb736K3+nP+PXuv+X/5l//f/2+ie2vv3pX/cH/2b/wh/+g7/ij/ot/8B/8w/90//Xf+k3/QuSX/K3/B3TF18mk//lf/2bfqff///4nw/+t+bf+T9+7C/44tf/h/+lv/0nfo8Xv9feb/JP//n/wT/7N/y+O3/5//V/rf6i/+Iv/BP/58Pf7L+t/70Hi/9r64+5+HV/319n99Pq3/sL/ug/6a959zf90l/nzR//d/xzv/p/+cP//eRv/eP/7D/kn/otHzf//V/0r/7if+IvefPH/VH/wD/4r/7jf+W//Ts9+xP2f/e/6De9/Kf+gz/xn7r3+Se//X//tyf/8NUf9Uf+/t87/O//kP3f9vx0/9Xf9+A3/a/+5z/ikzd/ya/5P//lv+m78h99/vHo9/3l1a/1J/7e5/Uv/Y/+iN2ffPC9323+7pP/6if/mN/t4f+W/ZK3f+V/fe8f+J++vPPy04OHv+2f+79+nP32/+3uv/QHHP2Zv9Pf/wv/pP/wL/67v/zrlj/4dd79B//B3/8v/61/+S/60/6ig//pH/17/oetv+Pf/bv/5d/mevtv+Tv+oMl//Hf8Y5d/58vLP+Nv/fcfnhff+mv/3N/if/7Tf8N/7s/4pcUf/Af9ZX/EJ89+8b/0u//yX/5n//u/4bN/+89686v+gJ/8rbbu/Pf/95/9p/2vv/Xyn/gF/8Bv9n/+VX///X/+F90pf7v/5uQ//Ut+6fV/9Et/qz9//PeN/pt/6ff4u/7j/+w//Y/+pt/g3/1vf9PRb/OX/tV/77/32/4Gv/Wf95c9/H2WP/mf/9Ufv8jv/it/wefP/oQ/9tf4y3/33/r3fvdf/IK9v/CP/iv+hXe/x9/0n/6m/8Tv+xs+u/9b/3d/yt/4i+7/qb/d3/GH/aLr3+Dpb/BX/FO7/+Vv+OJf/4f/qaPL7/xzd//rP+GXf/zmz/7vZv/67q+4/uRP/8f+hb/6F/xzP/6//t6/6vf4k7b/mH/hz/i9/vQnf/e//h8n7Z/843/kH/ML7vxDv/F/cvYb3/9i8dv/B//Hb/kH/9if/Ied/ou/yfRfuLO489vm37r+Jf/A//xf/k7rwy//oN3/8Pr8P375n//p9//Uf/aX/yZ/zZeL/+af+QP/zH/3b/n3fuXv/nv9YX/SH/JHfv/e7/eDX/In/rZ/yC/5rSa/66/1ry7/qn/vl/3Cv+5f+E3+3X/+9d/8l/+jv8u/v/yNH7/8zt/59/8Rf+of+7//rb/9w9/+2Z/6f/wp83/7L/lN/7W/8df+Xf6s/+vf+Bs/+h//pTvXf+O3vvyP/8Lf8jf/Y/6qX/l3/4+L3+u3+A2+/bv8mn/98b/6nT/it/pN//n/6N/7Df/CP/+fT//c3+Yvf/3n/ym/9k/+u7987x/+x3/3v+hP/G9+8MvfpX/qX/zH/b7PH/9af+gfdvlX1Lu/81/w5//7f91fNSk+e/YnffIf/a1/x3/7d/2i//qf+ZP/pl/2J/1nf87rf/d//WdWf+uzN7/49e6Pf/9v/oP/zr/wj/niD/m9/+j/5Z/9Lz/7ePWv/LO/1z/7t/zi3+O//u9+rT/n0yfjZ//Ir/0f/2N/2f+e/NN/3q/4/A/64/+d7/ypzV/xN/61/9Zv/xvko//9V/w1v/Of+Lv+pn/dnZ/++/7AF9nyF9Tf/93/79/g97z7x/19k3/zz/4nf49f+Vv9hvf/wOTfO/4Vv/6/92v+Tr/dr/7n/6a/9/f4lcm/+Mv/qH/jt/sH/uv87O/+D//T7Mcf/qO/6d/9vU//sv/wD/8bfr//oPz3X2c7v+Dv/Ud+xU/8ev/B//bnvvnj/8nfYf8nTv7orb//L/8HLn/y97v+Dde/8N//r+/ee/Wv/TF/0v/4/b/0f/zT/o4//48q/qr/7r/5n/6w2X/yh/4H/+tfW+z8W3/CX/38r/4Nf8nv+Q/+Ft/7ff+Kkz/7j/pffr3f5uLv+VX/8V/1J/70//J7vFt+8g//Lr/mH/8P/J1/wf/2v/yTj3/lv/niL737B/xPB1v/0k//kr/4p37r3+PPefkL7/zHf/rz89/+zR/1J/y+e0d7f8yzf/ff+7v/g9/q1/zzPtv7ff/O3/YnHld/39kf95/87wfP/o8/+2d+2Z/+n/77D/71v+Lv+a/+xb/0H/7Wf/U7TX7L1wd/6l/8r6brv/TVb/Dxv/arf8XixZf/3P98/o/+4z/+ez7/1X/J+M/6Rz/7y3/99s1f+B8v3/07f8if+l/8sld//ee/4z+7OviN/r3/6Qe/9Jf/ufkP/oI//lf81F/xO/w1v99///v8Bb/t+PFv8pv99r/y3/v9/9tf80/4v/+2f+TP+QP/kr/4d7v4y/7i7/y2/9r/tvoTf4e/7eQv+Rs/+rWf/tr/5ulv/G9/79/5jf+Sgz//3/+j/p3f7nf7zS5++z/x1/it/vK/9J/4G3/RL/tN/9Hf+H/6sz559o+ePf3Vz3/Nnb/5X/3Hfvyn/uPVn/ubXvwXv/kf9Dv+Yz/zP57/zb9496/6t+7+Tj/zK36DP+nv+qMOHvzKP++f/GO2/+Ff8eiv/i3+xv/qf/+J32pv8Yv/k3/twcM/au+f+V/+wD/vv/01/qdf+9f4NX7yD/r9f7ff8q/+m7/6NX7b/+iP/sf+0//03/v81/gnfv+/+tf5Df+jP/Bf+WP/kP+y+QN/jb/tH/sj/8df++/6485+jTd/3+/3T/7d89/yr/79f80/8V/8/f6vxT/56/2ev/avM538Jf/n/V/7f/vffuVP/Ubf+z/+xz/7d/6PLv7vv+ff+fbBH/Fb/UHP/qf/9C9a/yW/xveP/rXf7Q///f6d9H/9sf9o94//1f/z7/+7/A7/0O/1n/zT/+KdavzPfvbf/X4P/q5ferf4c/+d2W/2e/xzv8uf/Wv+Gr/gj/7d/u8/5z/+Nf6gX/z7//FHv/Sf+DX+oF/9n/45/3fyfz06+fFf6w/4tX+/v+Mn3vzav8a//tv9Qf/g+X/w+/yHP/PbvPvjnn52/b/83r/k//qtf/kv+wef/6W76X/wa/1Nv/T/WPyKb//y//Nv/A8Of41/a/LXTP/S5tf6Nf6Of+O/+rf+j8e/0e958ov/7d/qj/0z/q9/73/9TX+NX/b7n/+C//D//Oy/KP/vv/zP+5V/4z/7f/2Dn/8H/+d/+K/+gb+4/OmTT37mF/zK3/5/+j1+yb/zF/zRf/T/+Xf+i7/jL/lV//d//ct+63/pz/5T/93frPrOR3/j3332dz7d+0/+88s/77df/3b/9LOf+m3+gz/tv/gb/+P/+3/4Lf/L//tPPvo//9l/5Vf/3z/+Z/wf/9d/84v+zz/wN/+d/5N/8F/+n//iP+j/+h1+m7/k39z9Hf/Av/f3/if//H/zd/oP/rI/91c/+JP/rb/w1/g1fpf/60/4X//A3/23+PV/jd/sj77zf/5n/+Of9BN/9k/9+VdH/+ef+Vv9n9W/9X/9Fd/d+oX/xG/5a/zpX/wz1//lP/ir/tn/6vf47/7n/+03/dW/7P/8I++sPv/4//7rf6/j3/V//U3/1v/s//hH/4//7f/+m/62//T3+Ov+5v/lN/1z/8+7f8+Lr/7v/+nf/L//ld/4V/22f+pPHH3r//odf91H/9cf+lMP/+/j3/Y//QP/07c/9R/+yv/72ff/tX/wT/6z/um//Zf9g3/yn/Rf/v6Xf+j//Yf/jf/Jb/V//7m/36f/5/f+wv/ov/o9ln/0L/3z/u/v/dG/23/1e/wV3/5n/q9/+F/+A/+n/+P3+Pbv8Hf/L9X0L3v4f//dd/+VP+cP/Mv+/f/72xf/15/8P/wfP/73/+rvfvx/f/Ib/We/6/7//WM/dv3X/c+/x5/3v375Z/3Tv+z//rGPr3/V//2v/AO/5i//Tf/Of/L/+GP/wj/gs1/z18n+kr/0//zn/5f/+5/59ca/xvV/+B/+op/533//07/iP61e/xp/0O/4B/yHf8rv1v7P//p/VP0Hv/bv9rf+Xz/5W/42/97vs/2n/B+/+39//TP/7h/zN/8G//w/84Of/jt//X/0P/k7/75/55fP/4F/8fV3fv1Hf/B/eX36+/++v1nxa3/06A/59f/F89/03/8d/48/6Bf+HY/+1d/9L/+7/7D/fPHn/bl/9p/6B/zEf/77PPgj//Hj3/HdXzb99j86+Y3/21/z/OT//tv+tm/9sv/kL/zxf/zir//tZn/5n/on/FO7P/n9/+hv+jOO/oWf+e3/vL/9+Jf8hb/ot/0z/pK7f9c/m/71//v1P91cvvznfuO/5NMff/r7/Ns/9Q9m/8Y/8W/9Z3/b0f/wl/yXv9efNPqxP/tb/+dv9m/+G7PD3/iv/xf+kN/nz/5Nfvof/gP/nj/zd/n2H/jX/Ud/32/zq37f5T977xf/+N//T/wVf/W//tf/y7/lH/bLLv6vv+6n/4x/6e7/8T/829t/3J/573//T/8vf+YX/rL//C87+MP/03/zj/hlf8gf83v/Nnu//N/9DX/DX/8P//W+9+v/BT/4Z+8s/tdP/6/6L/+pv/Dv/Ie+9Rf9nntPf5NfenaV/Zf/0y/8Pf/B/+Y/+kf/5LM//N/4BX/wv/1L/vbf9o/87xa/5Nf+rX+7v372z/x2f/DfUn/0ydvd37n9xad/7J//J9z5l//cX/37/k3fm/wVj/7eX/Kn/V9/2K/9i3+LX/2//ut/0Uf/0b/9O//MX/UH/vLf71/5G/7v/3V++VO/5bf+0z/hr/ot/rG3v/J3+93+jp/5qycX/8yX/8tf8Tf+M//C3/gv/FH/wS/+Ip/8yX/Hs9/5q//o7/hXfo2/5F/6g//Csz/z38v+nfVvd/bm9/ir/7ft7/+ef+2/+l8++IMO/u37v+C32foL/sjZV//D+P7v/uUfcvbd/+m//3P+ufIvv/eX7o9+g7/k2e/3+/6CXzv7a/7u/+6P+Cd+57/1T/lz/9jf7x+9/Pd+/X/kF/52P3H22179i9Xv8Tv9bpN/7t/+K/+Sv/7P+l1++/Pf7T/63q/55nf+L37H3/Af/1Pe/oHf/7/+9+W//+qz3/vPmP43W7/1b/2n/en/yi/8G3/T8uzht3+LP/nf/AP/wz/kX/3npn/j33L4R/7m/2r77Pf7A0/b37DJir/hz90q/oe/7s/6187+xl9r79/9TcZ/07/61Revf8H3/4cf/z3aT/+A3+PveP53/p7/+P5f/Rv+fv/Nr3vwF/wPv83zP/sffvyvPX74u+V/x+9Q/iZ/9h/8U//on/uH/us/NvoV/9L/9Af/zD/wm/wJyd6v/4fv/yf3/v5/9W/+y37b8d/4x/62f+7yX/3V01/xp/yev/H/+mv9Jn/3n/u7/fjBX3/vV/yPj/6Cv/BP/Rf+9Re//b95/tWv/6f/63/2f1Asf5vf6O0P/sn/+a/5n36L33f+C771ay5+5e/z3/3f/9bv+G+/+L//jD/vN/lDf/DbLf6U//F7d//p//6/K//C3/Q/+h1/6f/8D/z2f+Ff9X/9T7/N7zk5vP8r/tD/8Sf/3Od/7Z/+h/3Boz/51/7Tf8e/8x/6defv/v0/+c//zrO/Zm/yW/w+f/7u6M/9d/+hf/9P/l8e/I+/86/1X/63f+C/9Tv8HuOv/v1x9v1/q/y9jr77R/8T/1G6nv4723/2f/3fzq4O/4rf6//4Xf77X/Jj6Vf/7b/5K5vf6U+4852/4o/6o/6l3/OfmH7r7K/43c4++pNnBwd/xY//stUf+5fs/0m/8Hd486c8/d3+6r/sT9v/k77T/BF/yXHxu/3Fz3/7f+FX/QV//7/4H1z8V3/Pr/wD/8Ff+Yv/7//wV/79/+Pbq39z+jf+hz/1L/47/+Lf9G/84H/9pf/Cv/1f/i9/1C/9X/713/zBn1l9p/mlv/3f9vf/zC/O1v/hn/lb/M7/9b9f/ZIX3/9PHr58uf13/0f/xl/5a/+Pf86f+mv/i79J8fv+Gb/mn7lV/Z+//+dXj/6D4l/7u/6vP+T3/e3//V/0IDn4/m/9V/3K3/x//fhX/rtf/eV/41/0+nf5b36P//tf+u3/+3/vV/1Hr/6M//vP/4ff/cq/55+++At/nb/hH/4r/o5f+ezf+I3/yH+0+MP+ohf/6h/2t/67v8vv939d/13/8t/48L/4M3bu5+9++b/wN/8j/9Ev/l3/8X/y3y9/r/HlL/2b/sA//zf7m/6XX/Gr/oRf//Rv+0/+g5/+R/+yX/bPf/FX/8xv+88+e1P9it//6nf9/f+7x83f9e6f/av+1X/t3//Hl//Rv/KX/nf3t3+PP+H3+xd+5nD+P69W/+y/9ObX/Tv/qX/nr/rHf+u/8H/7b39l8Q8c/dS/Uhz/zP/6q17+oX/vxfHHf+B/8cf+o7/+v3P6e/ypf+K/+Vv9nX/X55/9hv/cn/XbfPSf/zX/x6O/5X/7h//e3+76f371P3/0vV//B6efPfw7/4p3f+W3f/l/+mv8++fZd/7h3/Cvfvbgf/+X/uv6T/9jfq///G/5b8e/4uO/619/nfyFf+Nv+4f+oh//b//8P3n3ev9bvyyb/Tv/9T/0y776L/+V/+ifuzz4FX/hf9f+oj/10/Enb1ePf/W/fP5//6Z/8j/ye/2rv/qv+l3/1X/2Z67/h9/+V/yV9xfln/W7/Hf/+r/yZ/9n/8bf9j//1D/z6OjvbIqf/A3/xcM//h9Y/5Kd8vf43f+Xv/onftXf9vLO5//tP/MP/eG/5We/w+zX/Qf+/uTP+mX1//xbfv5X/knbf+Tv9dF3jr5a//J/46/9N/79f7r5PX633+XvuP8//ZeP/84H27/eL/otfuf/8He5+8f/Pt/6+3+v/+k3zf72f+fPnP3b/9Gf/Hf92r/Hn/kTd/O/9tf9yT/tj3w5/jt+79/+31v+X//Dn/Kb/+n/2f/+u6ZX/8X/9Sf9S//V67+vevfqV+2N/4+/51vt7/2r/9zDX/74r/0j/pU/5Kc+/mu/95N/+J9++K/+ZX/pX/bRn//kt/kzf93/5ff9hZ/+yb/XZ//i//Xf/G1/zIPf8Ft/7u/wf7z9tz/53r/zR/0p/+M/9Zf8xJ/8y/+TP+bv+Gvv/Xv/6B/933/66/8Dv8dP/ze/x/H/9jv8X3/R//nf/d3/+1/1l/096eG/e/R//U//6Jd/3+9w+C/+fn/5n/I//pW/42/w9o/6JX/j/P/4rX7wRfur/9j//je+/nV/o1/5a/zbf+X/+Kt+k62dP+e//Ns++Uf/td/iv2/3/uX/6P/4z/6g3/h//EM/+d/+nD/n6k//3f+CX/5rfuc3/it/r3//j/1tP/vjfpvf+PFn/+RP/jv/4d/zT/3zf2q2/te+8z//d7/y3/oj//WL3/Dw7/yn/8ff9t9+9N/8a3vX/8E/d/3v3v/z/vPf7a//Y07/mqvP/rLv/oXf+jf+rf/9f/qj/qlPf8vv/p2L4m/+K3/tz/7Y3/fsj/x7f+H//F//2z+1fvPr/k7/6t3f+H/4B3+ff+8f/he+/E1++993efbL/vNf8u7fOv/7/4Vf9dGXP/ZX/xF/6D/yy/6xbyXjf/pX/Mvv/pzpg7/zr/u3/p1fdf1Lfunpd37Ji+Wb9T/1J/zh/9Yf/zf9gl/643/db/g33f/Wb/43/MTsN/vzf+Zv/PPHv9cv/yf/za2v/s5f+1/4s//Hv/LRr/4vfvrgYvF7NT/9Z//y3/d/eP4P/8F/wh/7Z/5a/+Kv8+/+PRd/3C/89Q/zs7/3z/jT/upf99/7wS/6y//i/638j//l/+rf/r1+2dWvf/in/zHJ/7z1+V/9X/zGv/v3r/+rv/F3/u3+9f/sl/7P/9Pn/+1ft/1n/7u/3r/3a/+jv/G/+b9872f+1vkf+JN/4erveP6P/YMf/0v/7d/xq//F/+Jf+7/++bu/9i//n9P/+v/I/+/H3/0zfvrv/y/+iX/p9/tn/qc//G/5l/+Qf+zvuv97/PF/7L/wJ/3nf+L//Xf9RPlv/bLfofmX/8i/5d/+D2f/wp/wT/wx/8Fv9q1f+ad98e//Z3/Fv/fgZ/7Sv/nf+tYn2U/9B//UL/tH/+Ff9Sv/nH/wt/07f6fk3/gD/5x/49//A++//sf/z3f/6W/9b/8hv/pbr//Ef+rvfPTd3+Qv/Gte/qvVL/6t/q5Hf+6/8wt3Pv5f139R9ef+o//Or/7JP/c3/W1P/6oH/9h/+bv/c//bX/63/xe/6n8ZffFv/3Fbf+E/9av3fvff9FHxPx//jf/gwZ/x+97/l3/pX/m3/xsv//L/+6P/6ndcH/wDX/z7f8Tf8av+8f/m1/srP/nOb/yP/5cv/ssXf20xuvzyN7n8U7/443/f337/x/+i/+of/8//yt/81R/z1e/yhz7/Bx/f/av+9n/vD/jNv/t7f/p3/p//yfLV//3R4a9+e/mf/4af/BG/8+/wL579Zb/wf/l7/oz/+l+888nv/Uv+13//H/32b/3XfPev/D1///TLL37Pv/HxL/ivtv+2X/0T/+O//1v8B3/0n/kH7n//z/jOP/+nfv73/T3/9b/87/zvf/gvbKZ/4qP7/8z/8IPf4nf8+/7+d//o3/Z7/q1//vLP/NajLz/95/+C//s7/+dfsj79I//dv/h7//4/8dO/30//C3/23/2X/sm/7h/8bxz++3/Z7/lf/+lv/+vlR3/Dl7/8z5n8Hf/A7/+f/1Zfbf/gL2x/8TT7Ly9/1f/5v/zrf/bpX/Lk7/4Xvvcffu9X7/19v9Off6/61UcfffXlJ//GX/V3/D0/+Q/e+T2zf/jv+2P+hv/i//jb7i3/5r/7T/hLz/6zv/N3/1d//9/sz/sH7xz+d//G3/TP/F9/0G/6V8//8N/hd/2H1n/w//Bv/bd/9Z/5+m/99n/0F/wj/9pv+Zt8d/kPXJ986zf8l/7TT/603/HP+SP+g+Lv+gv+7t/t9/kvfqv/7Lf6k/7vf+RvyP71f+/3+pN/xe/16st/76/7r+780//ev3X0Z139wn/mn/rsz/jBP/jpvzD+6/77/+CP/vK3/SPf/Gt/5//56O//8/6S3+l3+Tde/mf/1cN/8Vf9xBfn//Ojf7P8E//bXzP/48/+xL/mvxn/5Pf+/f/7T/qr/uzf8t/4ePrtv+cf+P3/x79u/q99+eN/+0e/9Ff+Tv/pv/z5H/+7X/0L83/rn/n9/rs/9Tf4u776H3/yoPw3/us3v+sv/Nf+psVf9t//L//Gs7/48O++/LFfffKn/QHT0Z/594x+j09eTR7/Pf/Bf/R7/dN/d/lnff72zn/yv17+a3/uRz+Y/Jm/3h/+2Z/x2/2D/9m//bf+u3/bP/Zv/6p/9Kv/8vXi7/jJf/jPyNb/4tWbv/Ov+vO/e/l//tfv/qm/8dEf+1/k/83P/A3/1q/+n//G6z+w/Wv/hV/6F737+/7mR//Jf/PH/p5/5R/z3/yhv9GvKP6OT36b3+rt7/33bv9l/+vZ1d5P/oN/S3Lwq/+T/+PtH/uPP/5r/tzLX/lb/U+Pv/Xn/2tXz/76/+wf+ft/1d/xx/7y5fa3f5Nf/Ju8+/Ty9/uX/uX8j/qn/6/fe/W3/43/4p1/6D9e/6J/8i99+lf/Lf/u//if/gd/QfHvHP33/8sv/fvrX/OP/w3+1X9n/iv/4z/9s/yw+MGv+WP/5c/8jf/rL/mzfv3zf/DFb/Iv/ceHf+6v/Gf/zv/u5f+9+9f/Cb/lf/y7/rLv3f/0p/+D//O//Du/dffxX/ALfgPS5v/Cf/lH/Fd/00/9e3/nd3/9//Q3vr589q//hn/jF//Vw//9u//zX/kH/il/zH/4l/wrf9Tf8Of+I7/w3j+w/bv+T3/kv9j8/t9ZNq/+wb/jP/kr//37hxd/+2/xz/5b//6/+Xf8Jn/tn/Qvnr35qTu/35/8X/3g9C/4V/6vv+fo79356qeKf+Plt//ms3/+D/lHvvsrT/6FX/4X/F+/dPni6V/60//yP/q7/y3/5a/+b3+dR//7X/df/vG/3/2fWS3/hv/87/uP/82f/Cf+8//p6KM/83/8H36zz37/3+vzT/7Lf2rx23/5h/6jv/if+0d+o9/6xd/5e/yBf/vjv+jgv/2Pf80vv/r8r/lL/7Oj3/Dfefbgu3/+d3/99r/4mW/96j/r3vf+hz/1r/j3//T/6eh/+QX/+CfNb/EfPH3+9p/6F//kb/3M3/IL/9I/7C/+c/+kv/Pox/+nv+LP/Ef/4tPqz/11//O7f9Sf/6t/7z+5/Zf++dX/+uW/+fFv/eN/zpd/3y/5b3+nT/+DP/Hv+d2/+t9WF//lX/OP/tezv/Lyj/0zf8Pf/9/69K/7e/6Sf/NlO/4f/5G/4l/5t/6Sr/6C/+Rf+Guu/8b/9Df99f6M/+LZX/Of/5e//8/8zX/zX/K3/48Xy//g0e/yG/5F/8Hqf2//kr/tO7/5L3n7N//Rv+dv/4/+9/9b+t/9xp8t/vN/6Y/9h//KO//Tb/Ivbrf1m7/2N13/pT/zB391+m/+2D/wd/+XT3+Xf+Hv+pn53/6v/t2/85Pf5fU/9udOl//pP/tr/4f/+1/3/f/wb/xf/8Llb/in/eB3/N1+9R8x/Xf+0r/s99++/x9++uVfevBf/Md/+3//j/7uf/7v9beM/+5/8vzX+ZXf/y//2L/ti//+//gj/9n67/8HX/6b/+69v/Gv+u//yt8v/zse/LLTP/N3+VV/xW//v+3+04vf55f9/f/Ib/sLfuPf5Lt/2O/wLxz/8b/Bn/FHNL/8s3/j1X/29/yHf9Cnd7/4Z//pv+Bf+kO2f+9/69/5y/7Ev/GL2X/x7/xjv9k+BbO/xv+w9xOnv86//+K3+N1+jW/93gd/9Ls/6U/9l//TP+DdL1jt/V9/3m/0V/6a/8hv/uKP+Fd/jXf/yD+9+h1+jX/9z1v/Vg//7N/j4M/+bf+83/Y//+l/d/niv/gdL37b36bZ+/i3/UNmf9h//H/+xr/T9/78f/Y3+5W/+y//v/6a3+ff+41/8v/4a1/8X7/H//h//W//4P/9t/6B3/7tPvtDrtZ/xB/w8N86/ejsH3n31zxs/6d/+Nf+X5Z/0Z/y4qN/+j/9+/7kn/lL/qMn/8If8/eevfpPRvl/8+i3/i1+rz/l9M/5hX/U7/W3/dN/wP/92777zX+/f2jnl/x7v/Ef9nf9xs9nv/1v9mt+67f8s/+s3+g3/G9/jW/9qf/WL/xVv+j3/U//5//iP/+dfuE//k/+dz/56OyP+YO++/J3fvMnX/z+r/+c/P/ee/kT/9nyN/1dxn/urzhb/cXJH/E//q5nX+R//B+S/k5/+J/9Bz78s/6lP+y3+2f/j7/kd/zWD/7Af/3Tj/6Gv/w/+cv/lj/o+7/Pn3W//LE/+lf/8//EP/AH/Qa/13959G/9g3/Yyfl3/rM/+C/9R/7Ef/6v/jVHf/wf8I/8e2d/y0f/0D/38OFv+Wtc/XbHv9tHf17x20//ib/ld/7d/pX23bf+wf/4F/2DH/1hX/zHf/c/9t/+0tO/7W/5Pf+DX+fX+OP+4eaXvvu//pB/+df6537NP/rP/BP/sX/y9/rof/6T/7dfdfZrPflT/7A/7Nf5df/w3+3pxy/+rN9tezf/Y/62P+xP+9P+ur/vj/lD/rs3+cM7d07Xp/lXf/vv87de/NNb83nxz/1rr/7sh29/4eQP+4f+xX/x7u+W/m7j3+13O3r9k9+5/C/+7//1H/6rfr3k1/jN/rff4L/6Nf+mP/QfOvnD/vj/9Lf9zX6r3+KPSPI/9df4Tf/gb/9n//Hv/r/8z//z//Lkv/71tn79v2/yM3/qX/n2z/2T/7Hf+fGv+tP/jd/rvyr/nT/1x/+iv++v+uV/xX/2x/yV//699u//Rz79DZOzsy//5D/5q5/46s99+Pbv+AW/z3/4D/1L/9S/9e/9I//KP/ODv/mf/y3+yT/9xb/w1/6+P/n3/uBXv/yZ//P/+Kt/zf/4N/+Tf+Jf3v2bf9HZP/29v+OvKP/df2D6P/4D/+dv/2f/+r/JL3j0Mx/9ytl/8Ff/H3/Iv/qH/5d3f9/R3/vml/6q7/zjf/2/+6/fv/rp//E/+Hv/7//u+pecTP/VP/bP/Of/x//g7/wl/9v/9l//sj/zb/zvP/s9fun/+r/+it/0N/q/focn//vpr/H01/qlf9y/fXf337r7C36/3++ju7/Hv3L31/py/y9J/4l/9sH3/9z9f/uf+4P/w+bv/7v+lH/hF/6af/TpL66/UyXf+m//hv/qz/jlyS/+1u92/+R//PO/85v+K/f/tov/+6+b/rn/98ln0/Uf9+//jX/mv/SLf+of/st+95/89Cd/jf/6t/k1/+3/ZPbv/RqTX2v10S/7o3+d3/0f+vFn6R/zm/92//wf8Gv9yb/Gb/+X/HY7v+4/+Kr8C//Bv/hv3PrjHv3LF//77E//Qy/+rz/zb/x7/ov/7MHv8w9/5y/+Tf/S3+O3/z9Wf8Zv/x9/7+/e+kt+r1/+b/4F/8Y//pv8xf/G6V//Fx5++sv+xP/pb/hz/t6/9W/5d/Pl//Ef/wd/3V//p/7jf8Y/9/v95jv/2l/wL/+P5d/20R/607/F6Ppb//iP/1+/1fpP/99+5q/+tf/3P2H9n/+rh4sHv/Gf8g/9E//d4uL7//Vv/B/+A3/vX/Pb/+vf+l//g+2/4c/7wdu/6Ff9Q5d//H/wl/7v/+Pv/2f+zF/2f/xmv+QvbP6mv332T/zv//vf9Gf9vg/+/H/zwfL0T/sr/8N//u/5G3/x//Lf/AXl37394B84+hd/k4P/49v1v//X/nuP6j/2P/x3Lx6c/p+L8/bsH/znr/+z/+hn/o8/5G/41Z/9BY/+7D/z3/78Z178lnd/2z/6D/zb/8z/6fn4r3vxxf6f9vv//v/h/j/6B/7nf/K/9Vv+tr/i3u87+gP/tL/wX/hbfvnf+M/+rX/63//f/j3/279w73/6b369f/Hv+/G/8J/9oz/7df/uv/x3+He+d1Td/3f2/92/+N+7+9mb/+jN1V/4v/26F0ff/c2v/vy/9E/5iWp59cf8+v/9u2r1yevT/+VPLr78Zf/BH/DH/8r//M2/++v+Kf/Yb3r12/wO//o/8zOf/Rf/42/xZ/42f8Of8gde/dun//Nv+Iv+yP/mz//pf+EP//f//b/lDyz+xd/1zr//V/y2v+Nv8wf+M3/Ff/Gn/rV/+m/zSw73/9D/6W/+0/6Bf+Wn/9h//u/77X+9f+EP+R/+y7/z2//FH/YX/j1/x+V//9nf/L/8j//ob7T6FX/C//pf/Z1/1//+X/1ef+q/P3v6e/x3//r3/sw/8yf+wN/tF//df1H9L/zYn/l3ffan//EPkurh7//uT6/+7n/iJ/+dB//8H3D+V/zj/94f8neVf+vRn/qP/Dn/XPu//Lf/yz/69yZ/6b/5z//Z93+3v/N7/9pf9a8++Wv/xb/z9eTPaP6W13/sv/BnTv7O/V919Uf+Tv/Ct37LT//5yz/zl/34X/Mbv7p4/Kf+pi/+/r/97/sfnvwhv+df9a//qf/mj/0tv+qf/sMv/th/9k/8/e/+7W9/0R/4cvef/F0/Ov3V/8LHf+Xvf5L+99/+937T/6v4C1/8d3/bv/vf/qd/7t9R/PT/PfrP//pf+0/8bx/8xkd/7I9tPTr6weI/+L/+7NN/+Y//B37jO9//ZPTFH/br/e/P/tHzv+Cf/i//y7/xX/2rfq9//y/8n395/sf9nb/uF//Kf/gvP/9vfvk//a+v/9Q/70/7r37/f+9P+O/+nd/id/7Bv/v7/xf/xb//P/4Tv/Qf/zOf/a1/w1//J/5l//Sv+C/vPvyFW3/x9Mf/7//r/8h/y1/zP//nm5/+Q/+FX/p3/V2/evLHTf7C//S3/PX+q+kf9E/+47/ox87af/x/Pfgjs3/+T/s9yv/ky9/nZ773911//0/7/X/sH/6ri3/4P/pz/uKv/sC/61/8/b/12R/4P/5+/+U/8Ut/uhzf+Rf/i7/n9T/2j/6bv/Sv/7eLv/+Pvf/P/gnj//Nbv/X67j92+JOXq//hN179l79q/Hc+/Zd+wZ/1Z63f/lX/+7/1n/0z//vVf3n1b3/xS//Xf+EvKf6cf/Cf/H3/3v/0H/6Zf/df+zP/8O3/7L9c/HX/zv/8efnuf/5Vv/h3/52/OPk3/9c/6g/8+/723/0P/Zf+yT9z69/7+A/4bf/XZ3/7xfSX/tP/7L/++/+Bv98f9zv8Lf/sv/e//UuH/9lf893/5m++9z//tn/FL/lr/4OL3/5X/8w/+2v9lX/3v/brbv85X/3Ph3/C//Yzf9zvv/1b/p1/y7/2M//BZ/k/8B//p7/lH/sL/6Xf9Lf+Df/Nv/3p9/+d3+V7/3v63/1l/83Fj/8jf8W/8+v/Fb/9f/s7/Ru//H/96/6p3/Zv/7d+y7/gx19f/VdPyr/wH/p9/sN/9Nmf+7sXi9/ht/3HL/PPf6ff8s30D/r1/srf47/5S/7bL3/y1zn/DT77c//JB7/sP//i/q/6S/7uw3/kp3/BP/7v/7LVv5v9dq9/x9Hkb/kD/ub//b/8u+9dXv/7f//d/+rv+sv/+3/6b/if/svPTv+ev7H6X//Fv/Pf+Kse/SWHf9P/8l/+8b/j3v/6H7T1H/OX/97//C/5m3/Twz/vP/8XfsV/9w/+KX/5//jTb+/9ri//8n/9H/s//9B/6Z//1/60vyY/O7z8537Vv/JX/R8P7/2vx//BX/y9v/X3K/7g3/S//g/+2h//yX/sz/v9fvW//tf/sb/m3/aT3/r9/6dfcv3f/e3/xk/+md/7C/+6v/83+e0fkadb//l/0R/wP7z8t/+ek3e/+j/7x//Jf+9/+fjxF7/vf9ce7v9xv////O99+0/+V36TP+eX/3u/c/X3/o6ff3r9d9z/jf/2X//7i7/j/3z3V/x7v+wf+YP//st//M/8G/+pLw7/mbt/5x/872x98dlf+PJ/3Vr/b3/C//QP/L0P/sc7/9n1w3/r+pf8U7/4b7r63f7jP/jv/6/+47/lj7z7ez1e3P0L/7Z///f9e/77v+jf+t3+9t/+Vz/6D/6LP/Bv+z3+j/96/V/+9H9w9+iPufgP/8NPyz/jJ3/HP+q/n/1Bf8Xf+jte/Wl/2r91+Ov+m7/87/6Zz7739tM/55/8e/+PF3/x1T/20Z/S/mn/7D/0G/3P//wv/Hs+/Yd/xz/k19369Lf/U+790p+6/+v80f/6b/Gvf/q9f/zf++9+u/I/+1P/rd/st/37/7p/ofxHk7/6b/kzr8mN/AV/wX/8/Y9+o+d/6V/2V47v7f01v+Tv+E//4z/6kz/8V/zJf9of+Tv8pv/h//w//6rfbef3+yf2H/xOf9uv/P2nD//zP+K//ld+5b/98fdf/OX3/55/55/4U/6+P/bkH/jrnv/tv+uD/6y8/Lf/z//6j3n6f/7YX/9P/G6/9I98cP7P/93/2B/xB/0Rv/rsj3/y4i/4w3+LX/SL/9K7/8Uf+0/88r/jt/nHX/7jsz/kn/kTftn/8iv/xX/hl779Pf/VP7D4lX/Av/Zf/Xv/evXr/T3V53/Dd//PP+6jf6n4D/6bP+Fv/E3f/Fv/7p/+T/9f/1Vx71f8KX/tn/f6r/3NHv+X/+hf+V/+wrezb/3OX87+u9/0N3v+V/+Sg7/mF9W/9P/87/+If++/+kP+qf/zH/1nfpf/9L88vTr/J/7A/+1/OPqf/6u/48f/67/6z7z8G367v/l7xf/0u/7L/+XhP32+/FV/6Mmv+iP/kf/m8lf/3y///r/zv/tX/oS/afpf/Ibj0fX//D/UbVP/d3/CP5Zf/K+/05/7P3/1U//pP/Yn/7N/7/i//dN/6p//E//SB7/42//m3/PsN/ofl3/3P/Bn/NK/+r/8e77/b/zO/+Kf8Jf+pv/sL/4f/vyf/jf++n/6X/9o+zd63n52ePUn/6v/3L/7zyz+1X+t+anf5ff4r/7zf/P3/QP/mn/mX/qf3/0P5w//m7/4P/n7/4iL//Zv/Oq3/+d/k595851/+Xf+rf+Xv+//qr/6F//Qv/rX3/vk7/kzfsFf+1t/+qd//Hf/cf/bL/8z/+1H5R999Mm3/ozf7b9pf+Xqf/k36z/z9/1lv9YfffHbfvf7P7N7f785/v3+oq/+nf/+D/3BX/vH/4lf/H3v/qH/9J/91X/Pn/V7/qp/9q//Zb/jX9z88l/98u/8o/6P7LfZ+nf+2sf/+z/y2d/71//Lv9uv/GW/2+t/8x/7K159/8//jf+b3++f+A8u/o9f60/8Tf6z3/qX/PdH409+yd5363//yz/kr/mD/q9/+hf8xe3f/ed+6+yTP/Ddd37s//yn3s2PFv/1f/P3/cv/yN/95O/8137pH/PvfTba/Zkvfsmv/h3/2l//7/5tH/xt//uf8O0/7bf8E37vX/r3/u6/S/Od5p//5//03/4/+9t/8d0/7g96/RMP//h/95//+3+XP/zP/+7eD8b/9Z/6Z33rb1/+D//+b/UP/A1/+EfrL//Ev/ev/HdGP/Yf/YN/4e/1b/yH/+D1n/zP/kl/z//9R2//Lr/gl17+r7/vL/5P/5D/YvH3/7f5X/2v/b3fW/4O//5v+93f+8mdX6/++//K0d7sz/jn/5nf66Pf9wf/6a/45X/Lf/of/J7/za/1P/6Gf+o/8wu//X/+W+Xv9lf9OVf/xr/8j+T/43/6G/3lf/kfXP8Tf8ffevVP/Sn/5+/7n//6f/w/0P6Nv+GP/bF/439U/ZK/8K8//enf8U978MXRP/ir/5R/7V+5+mM/+ef/zm//Vs9//7/n3sf/yX/23/5Gf8xf9M/9+ff/xd/iV/6zv+T1f/Qb/3tv/snv/mf/zafFn/oH/97/8p/42S/+E/+tXzH7D/7Zf+ezv/F3u/gn/rw/7x+Z/cd/3Px/+Wv+yh//i89+/Mm//PgP/Ms+/z2O/pazv+dX/xN/w9/4j/4H//3v/5v+FX/hX1e8+o3/zv/k36+Xv+wv3v7n/9q3ez/9u/2Df+OP/Sd/4V/2H//Tv/ffuf4V+7/tP/7Zr/mf//2/4vV/8Iv/xv/g/G+9+B+z/J//7f+wi3/y6o/6z/793f/g//yL/oq/8OX/9eYv/ztP/6t/9a//8//+P/PX+3f/w9/tv/9tD/6a8r//a//A/+Gf/vN+6m/+Lf/Yf+3LX/bv/Ft/9x/77rPf6z/41fufPPwP/7zf6t/9e/7Zn/k/P/+Nf9d/9u/+NX+v/+PT7Te/4R/79z/I/8tf/+/9tf/y5Fd+9d//c0ez3+nP/Nf/lYfp3/zyD/gbf/J/+Ff/u3/l+j9f/4Of/ga/6R/4v/yyX/1//eCX/v7/7R/6/E/+M/6P1//kp9/52z/9C37wF/yyP/w/nP2p/9Fv+tU/OM3/nV/n6L/+xy8++tN/5ndK/rGvfo9/of5rtnb+uld/559y+W+8/t/+6v/4t/8z/+e9P/l/+X0X5//yP/dJ8Vt+9OVv/cV3/vnf//K/+V/+iD/3H/tnq9/kFy7+w2bnX7jzB/wZf9Ff+h//l3/Jn/h7/SWX69/u1/svy4d727/sr/w///f/9avm//wP//zLd//Dj/+y/+Mf/xd/1f/86/3ML7z32T/6O/7lf1/9F/6bv/JfePlv/ZZ/17+T/eff+YP/lX/3vz5e/pZ/4N/x5b/3b//k3/Or23/0z3/3z65+7b/w1977z36Ppz/9D/wXs9/y86vxn/3v/A3/xU/99dVf95cXze/9v/zHn//Vf/Drv+b3+U3+hP/sV/w5f8fiV/+Zv83v8N3/9bf/yb//p6q/95f9W7/Wv/y3/p1/4K/49/7ovT/7X/mH3/0e/8r/+r//B3/5T/zbf9cf/9Ff+Dv+wvNf/+//S//t/7V9/r+//PR/fv3L/sY/7HvV3/cf/g1/+5f5H/fH/Uv/9x918Tv9/Xt/z9//9/03/+Y/+Qf/Pf/i3/uX/FZP/oi/9t/7E/+Bv++3/duv3/xdf0z9q36f3/p/efjr/lm//s9861f8Rlt/yH958A/+qukf90t+2cU/8gf/rb/yD/5LZv/Or/Ov/8K/8Dt/6V/0M1Xz4//k+t/6E/6Vn/mZz4tf8A/9gj/3L/mjf40/6w8q/qLvlMl/dvY//Q3ro/qTv+FX/0H/8K/x103/9ydbf+bT/+Ff/ov/vDu/0eWv/Wv8rn/z3/yH/fN/5q/xe377evQX/4rZr/V7/lGP/4z/6Ts7v2Y6++zPePkrfsGvmf5tPxj9x//Ab//41/iL/6G/+Q9Lf/Ojbz35zu/0t36yTX9/Nr08/Qt/g9/sn/md/9ZPfvEf/Wv8xX/L7t/7r5z9Or/Bv/4n/Nu/9e/4+/1B/9I/u/v31n/Kb5v+a7vn3/2X/u0/4ulvd/J7v/mnfsPf7H8/+skvLj6mr//av/kP+3V+jd/lb0k/++1+r3d/xZ/0G/xmf81v93v9Xf/MH/0b/Gbf+u1+r3/q1/6jfo2/+GT6Y3/sb3j9azy5M/2x3/nPf/drPPmTpz/2X/9Nf/9vcP0n/u6Pv//tX+M3+Ot/p9/r7/pXfixJt3+H3+uP+uPGT35q+mO/4W/4a/6e8//9937y8ce/xm/25/xRv8H//Mf/0b/Hl7/z57/n7/oPf/ev+o3+oV/rDzj7q36LP/UP/fu23vxuv9bv84v+ly/+i8v/6Pg/+83/lIf/9q/1v/3Wv+6P/Vu/33/8G/9a//G/8ANC6y/8w3//3+AP+9c+/ej3/K++fPKf/G6/1q/5F/4tv8dv+Bv/2K/zq37qF+C7//Y3+MM+PeHf/t3f4Nf5mf/o/x49/jx9+k/95r/Gkz/wt/kH0t/sj7v6Nf+gP+nXuPcbn/3mf9Qf9Ov8Z7/f3/ib/nq/1n/0d/7En/WHffWf5//jH/UP/dRv+S//wb/wyV/y8f/0a/1hL/NP/7hf/SurnR//g3+D3+x//43/iX//f33w23354//gP/x3PUj+u9/9i//01/5H/oB/5//8Q9+O/9Jf/Y/+saf/cPXPf/sP+xd+jbM/4PDsT/oT/+4/8mf+h7/zt8mO/ql/I/2n/vvjy3/m6fEf/4+Uv9cv+UuL7A//o//UP+mLR2e/wb9fLP6av6vav24e/mH/65/6l/1Wf8DR3/CbvfuLn/+G/83rP/36f/rqv/n3frc/6fhP+Vv+sP/qV/xt/8lf/fa/+OXfef4n/eLL/M/96Kd+j9/s3/gH/+6/5M1/cnr3b/xVf8/vuPVb/dhf/L3mL/2tf5P/9c/5ZP3v/Vm//Hv/6fVv8Wv+nn/UX1r80//gb/ybHf14+ccv29/lz/2n/6e/a7X3r/9Ov9FP/Pl/6sM/ann1y/7Pw7/z7/1r/7HZ7uf/+79y/3/8ibu/0+/6t/2Wf91vsir+vt1v/+pf40/7v178p3/x//Cv/KAt/q/f649/++f8I//6P/R/PPiNH/8Wf9Q/90vv/i5vf50/+vj3vfxjzv/Df/A3eP3v/of/9n/88OjP+J3/gt/29738Tf7a5e/xY1t/4Ns/8l/67K/4nX/D8eHhn/Z3/Pm/zk/8gdXFf/xn/QW/6I/4Z1/8d/v/7f+5+t3/t8PDP+BX/lmXf0X6+x/+bvW/87/8mb/77/6H/qH/4L89+fz33Xv1B/+mf8rO73b27eRPGv2uv+6TP+Y/2//bvvO3/MJfa1z+e3/Eqz/5vy/P/5IXf9uv/Vf/U+O/59f5F/7h3+4/+fVf/UW/8H/4ib/+T/9Fd7589Hv+rsefPv3z/vk/7A/7fV7+p+fPf68/7Df+3bOf+i1/n3/pN1j+Xn/cb/wX/x3/0p/4u+98+z/8fedHf8y3/5Y/+cd+3ct/7stfczX7bf+KH/9Hn+38+X/16D/73f+KH/8Xn+38zr/u77T7Z/3B//Xzix//s/6Evd/wL84efav8df7Vn5j+rt/9d/7sR3/rv/VPPfgr/oXf6Xf6l//Tf7zd/7d+g7/iL/2nn/x3u7/z4tM/5L/+r/6WP+kf/bN+kz/7j/8DHv16o//sx/+K6T9GIK8Pnvwb/0j7nNpN/5kn/8nu73yP2v1Zf+ufdPhn/Qm/++943P5H+9/7T/+o3/wv/E0+/WWflt/+bX/Zb/q932b/Vz/+K/J/8o8Y/wE/9b+O5g+X/+wf/Bv/x3/H7/T7vPzdlv/sH02//eTf/BeN/r1/46c//cP+3Xp6/GD1vf+h/A3+zv/8H/5Djv7jv+Pxv/2bLf/Z3/GPfP6//X7/2X/we/6uya/f/oW//fqXjub/zPL5H/vP/JrZT/3Bo/m/UD//5M/6tf+Rv20+mv8Dv81f8bf/BfTrP/L7/Et/y/L5J38K/fqX/D5/0n/58Pknfwb9+p/8Pi+fbv0Vf/sfTL/+Fr/3y+Q/+Bu++J1+s7/iT//H/pDf5D/+7/+df4Rg3Rn9V7/Rf/A3/Pf04d/+p/66X/3H//13/tM/aOevb3+bX/5b/S6/+rPf6Tf7S/7w2b/3u337e+lf/nv+O79J8fFftv/t//pP+l9X59//5G+e/S6r//zv/Ov+3Gf/yW/5n/1Tf9af9Fv/F//Un/En/db/8T/1p/1Jf/4/9Sf/7q/Pfmby3/1GP/bwF11e/mF/3u92eO/Jiz/nz/+tf9eP/9F/4Y/6k/7cf+Zf+CP+pD/14r/87J+68zc1v+A/+yv+1l/2O/9nf9q//Xf/JvW3/rvHv/7D+5d/wh/6740uf+kf+u/9TpfLP/TP+/UO/8bjF3/qn/+vpn/lP/8v/H5/0r+aX4z/qT/53/59fsP61/vv/rhf9+GPX/4df8i/9/jyr/hD/rwfO/y9jv+FP+3P/4v/o//pz/lFf9lH/9Sf0/xlv+s/9VP1X5b+Uz/V/GW/yz/176z+sl/wT/079V/2O/9T/84v+st+p3/q32n+st/xn3q0+st+h3/qUf2X/fb/1KNf9J/9lv/U3/Cf/FO/+5/0/X/+T/48/W//iT/5JP1v/4U/+fdI/9t/+E8+TP/bf/pP/t3S//af/5PT9Pf6j7/9m/xJv+I//fZv9Cf95fXv9uv+U79e/bv9Ov/Ur9f8br/2P/WvHPwWv+bs32yePp79ow//kt/5b/mTf6c/+Tf5t+d/wtYfWY4+/8NOPv0Lfvzv+V3/3j/4x/+43/XP/Yd+83/kT/r3/7Hf/B/49v+0/IP+tF+j+C0v/qI/5fSf++4f8qv/wL/ns8nD3+Nf/fd/n3/hT3z0pyd/5t/7t/55v8uf/h//C/9ie/Vn/LK/dO/f+1V/9v/wJxz+358v/8vP76//7n/vz//P/4+/6je6+qV/RdDof1j+M//9//B3/crp//Av/C+/9K/4Z/+T/+BP/LsP/9lf/Wevf9H/+E9S+//zn/t79Kvz7/97v3r36p/8+3+XX1Z9vPy/f79//L//D+mL/+u//ycmf/ffRx/Rd//3/zr7m3/f/+BP/FUP/vB/vL7+Pf6L//DNb/PP/uf/55/1B/6n+OiP/8f/kn8GzX/nf8E2/yP/ib//d2n+q3e/zS/+PXZ/69/n9/srf62/e3H3D/2DP/t7Pv1dr/6vf/hPmv9J/8ZJ8vlf+Ou8+9/+0t/1H3/yx/yX7a/+7f+Qx7/NX/SfV//Gx//FH/KH/Y1f/lt/yD/2U3/hn/Ub/itP/4Zf98d+/7/gz/pjf5N/4PHub/s7/8z1ZPzoX/l9/9g/4Tf6N/+Se3/6J//D//Sf/9G//VXy+/7Jn/75n/wrf9rf/dFv/Cf+S//o7/ub/+9/8tvr//2f+rsfZ3/yX/EP/9bFn/P7/sl/xT//W3/v3R+2N/1j/7nf+Xu/3r/3N+f/2O/8vV/2d/2h//Qfdvhn/U87//hf8uv/pv/q6H84/W9+vV/50a/4ow+f/x6/6A+/8ws++zv+vX95+k/+zp/9r//ev/yf/kO/82d/wr/3L/+hf+Sd3+azd3/W5D/+W/4cGui7P+vZH1b/4Xd+m/EvGP0Zb//kf+Qf+cf/3H/8L3n1+PnfvPqH/9Hf6jf8bR8//5//sC//oL8t+Vd++tvLP+nf+12vf8//5Q/7z37jP/rX+qd/09/iT/9X/+w/+3/4Yw9/2e/1L/zi7X8u+93/7t/pt7k6/yv+0f/kX/jn2n/rr/59x9/6F//zv+Tvunfv+78Vffj6W83Dvzz5M1//Nb/o4X8+Gv+V/9if/2f/13/a7/Dvvfir/+n//k/7d/693++v+mf/+z/87zqZ/n5/1OH+f4Ffln/k4S//ePxH/hP//r/wp/27//0/93f9+//Cn/efX/5V/9qf8u/+i3/d3/1//kZX83/ub179kf/E//I3/c5/7H9ez/+5f5F+f/xj9OGfuvojnz3+sV/0O+/9br/2t5/9Sf/F8d4fPEv+6d/oT3n4d/zrk9/4n/71/pTt3+3w2//rn/Q7pQ+f1E9+3+/8Wf/sX/707/p9f/qjP/O3/KN/0d/9xx/8mX/pt+uHf8z+n/mX/lOrh//Mm7/hv/4z/8u/oPp1/4df9Rf8C5/9h//Mv/f6r/pHPvvkp/+9v3Xvj/3FP/lfrP7FP+bX+5V/3bz+E//eT3/l3/Xf/l+f/g//x5/06/zNi+3f/Nu/5e/6Rx//Fv/k3/F3/2W/6z/9e/45ydkv+Hf/1z/nNzn77f+U5He7/+2/Nf3n/+C/7Nc8+y3/lE9/t+//Ad/52/7QT/79T6/SX+tn/tHHf+idT/7qf/i3+s2+8xv+icd/zO/9m/3HX/7Gf+TFv/Yn/QaH1X/0m5/+xn/lD37dn/g1tv+xvd/tD/ktzv/wN7/Gb/43PfvtfoP/9dd78x/9lr/97/D0V/yvf9xf9G/9y3/JX/Vb/bL0p7f+pz/q1/wFf3P6p/4uv8Gv8Ut/v7/rz/kXPn/xY//Hv/o/vf4F/9ev+q/u/Ka/WfrP/K6/+//4tzzP0n/o83/kz/z9f/H4Nx+d/b2/zm/25138Nv/Wr/+b/QW///hP/W3/jP/pf6yv/7Bfv/4r/uw/5A/66j88/19+4hf8W/u/wY/9Bv/TH/gL/5Ff8fv+Zn99+hv83+M/8+989uL6P/6r77/5jz4/+vf+49/9N/gN/vrf8zf+sb/oB//IP/X7/1M/9pf+th//U8Xv8+/+rX/4b7nzH/86b/6pP/Q3+O//4d/vP/sd/4HkD/h3dh/+jb9W+zs2f+eP/1Ufnf2e/+7/fvZ7/sb/1O/3z/6Gv+af8Ncdn179k7/qz/7Vf/4f+u9++2fOfs//9V/4J3+dF3/Wxe/8W/7Sb/3df+5v+A/8s3/Y9/68+iD7S36b3/L/+rv+88e/7c/8ST929a//ey+e/sr/6Ff9mnd/y1/1r3/3L/yj/oH/5s//df6zT//Zf+xv+Ef/xdd/24Pf6Z/8F1//zp/+7f/Jf/mL/6rv/db/8y/75/77w9/7f/99Hv69v/f//k9W/8Ov/b9d/wf/7K/9G/7Pv+wf+f1/n7/u7Z//W/6z/8Af/Bf+mcVf+Ov8c3//7ze79x//h7/y3/6Hfo9f/Xf+hv/2l//X//Kvv/u3f2n6j/+dxe/8G17/Db/y5W86/w3u/uAfefJnfe///lP/mr/94Nd79Jv/tn/Bn/O3/6O//t/1ncXDf+F3ffriwc6Xf+rf+Sf/dX/KP/T81/g7PvoFf+pv9F/8Gr/P3/wP/Ll/9D/3bybJ7/1nfvu7/8C/+xs++c//t1/zn/znPv5b/vrn/9aT3+L3+kNe/CZ/8uyv+Jd+/b/xn/73rv7CX/rgT/tH/9Fnv/f968u/9P6v/Bf+gH/z//gj/s1f/uf8Letf7+CvOf9lf9hf+l/8Lv/dn/NbzP/53+aX/OQXk9/o92v+6oPq/t/1V/2u/9x/fP0H/ZIv/pHjv+2v+GO+2Hv1p/62f+M/9jP/1r929p//dlv/0D/wOx3/5n/9b/Wf/BF/7Sf/03/43/26/+Nv9Gd+MflNf+HBH/3f/Gm//n/6T9e/9l/xyT/0a/8p//Af9E//py9nD/7C3+V3+U9/iz/or/m1D7765/7jf/eP/fP/u8/+6D//b/t9/5EXb/6H7OPfdfuf+xd/mz/rt/1v/rG/8+//U/7iX/97P/ZrrX+NX5j+mb/ZP3L3F/3Y75R+8Vv+mo/+o//gX/n1f8M/+K/6XvUvPPnb/uJ/9if+4dmf8Qf883/Oxa/x247+sb/l7/vNftlf/J/8B3/P/l/3C2cfT/+7P2f9L/5Fv+D1L8j+yH/q7/1FD/+Zv+F/zv7Zv/OL3/M/+w9X+P3in/1bf8HqX//8377/F5fXZ9/67i/5077/W/7Pv9Ev+m7xF/36/9nf8Pv90b/vP/l//PL/4lv/ytVv/wf8OrP/8PBv/93+kt93/x/57G84Pvj3/oPF9/6x/+C3/fd+wT/z0f/6H+1/596v/x//s0/KP/jP/Y3+hPRv/P3+oZ/46d/i2bf+9v9iNPsHtv7iv/bv+eW/3l/19C/7S0Z3Jn/o7/XP7H379/4N/t1/59d4/g+9+Y+3P53P/+D7f/o/97f9UXd+pz/sr/yN/7y/8f/4A949+A0//qua/+jxH/tv/2+/9MX/cfA7/i7/8T/26/8+B//io9/kz/u7/rw//j/8z/+x3/D3PviJ3/Cf/1f/lT/oz/yNd3+Po8X/9t/+iV/+2X/nr/kv/1O/zv5//PqX/3f/4Z8zuv7f/tz/6Z/+M//d3+Ptf/ro9/yHPv6//4B//m98+nv+b3/i7/1/NL/L7P/6tS8P/u+/+Y/8n37T3+SP+Cv/zD/1x/7xP+XP+L8//ku/f1T+ef/Tb/xP/st/4h/yL//7f9Av/uLJn/XdJz/5W013v/tP/PSv+k//9vFf9W/+1//wn/XbHv/0j/0Bf/vR71n963/3yT//+/6Rv8HT3V/z1V+4/Qf86vyT5Y/9n3/Agz/+d9v6o/6av7o8/dfST/6Zf/hvefvX/8F/5Rf/3Pjv/Y9+vd/it/513/3bv95f8Xv/ot/+D/hbyi/fXPz2/9HDP/T5d37t83/su+d/7W/6H/wuv+uf8H/9Bn/qwf/+4//Yv/y7/BV/0O/8W4zLf/Tve/fP/Jb/+B/37/7R3/vXmqfZ3u/1p/9D/80f9j/8Yf/uD36nO//p7/R7/bq/6h/4dX/ZT/5dP/Yf/Bsv/qDv/gt/2NUf/B//5n/by/TjP/6rP+N3Xzz6sdXvNf9nfu/f4Pd6/RO/6+yf/fVHv8Y/8Lf9Sb/B4vf+d3+d/+Xs9R/8p/+lD7cP/q17/9g/+W/d2/qjfpvf+X/473/sf/ylv+SzP/QfufPvvfpr/6m/6C9a/Y87ye/+6/ypf8iv8w/845/8Rdk/9Kv+g9/gN/01R3/E//1r/Ke/89/4F+e/0b/+2/4ah4f/2cXf8yf94uk/Mvs9f51/6xf/7r/O7/PL3+7+U7/Jn/bbZt/6bx//QTu/5b/6H//Bf/inr36t/+zfPc1+nd/5l/9Of/c/+u/96U9+3b/vz/q/zr795R/0L337o1/jp//U/+kfPD/av/vH/Cf1H/hTv872v/cX/jZ/zfx/+Kv+2r/rj/kd/pNf+/DXb/+2v+1v/+P+9n/qn3g0O333l0znf90f+vf94Nf9o/7JH/vn/tuPfv/f7+G/8If+u//lX334Yvb9f/bX+Xv/3V/4m/9Rv/fvePbn/Z/p8+mv/EP/on/m3/5Nf8GvtfxDd/7MPzL/Hf/PP+e3rkf/xH/3l/6Bf/c/8Vv8AdN/+8d+4V/0S/6XnT/yN/1z/7j/8ff8rf7zP+jLj37qL/11x//3//QLf+f/4L//8jf7rf689BeOfrfRL3z4i/6RP+yP/lNe/2P/+O/+j//jf+Uf9cXv+Zv+d//iv/XrHz/9vX/vp29mf8pf9V/9bj/2Ez/xEz/2l/1mf/of8JO/+a/++Nf7s/7HH/uj/5D/9Hf6H3/s7/8jvv9bT978ls//71/+O/x2v/nlb/IHfv+P+Z/+3t/sT/jt/9vv/zVnf9A/9Hul/8v/9L/8T//zn/rr/G9/1G/Z/su/8k9491d++W/8F/ea/+m3+u5P/YNnf+Tv9jd//Fe2f/L/8hv907/1g7+//RX/yKe/x/3/8rv/9n/7b/2ff8M/efjnjdb/yc/8KX/NP/4P/OlHf8bfWf/4L//L/8KHf/9f+X/8XX/Sz/zq69m/++Unf/v/+fHf+fv+c3/V3/B//0t/7nd/8l/9n/7mf/HffvDTb/+Lv/r3uvodfo9f8Tv+3n/j//LHvnj4J/3+v9+/+8uvf42jP3TyP9Z/8d/4r/7Pf/K//Auf/5t/wT/3G37vb/r9zv68Ly/+1V/wY3/Zr/vgu4//+3/jz/+Pf8W4/GW/X/P52f+4+vt/wW/9W/wrv8Yv/ep/+esv/qbf/O/+V47+jBf/+2/+p/3Kv+4X/h/r3/Bf+7e++I9+6b//19z5Z/7yfzL7t/7yi18x/rV/8T/8+vs/89WD03/30fS//LN+p7/97q/+0//N3/9//7/+j79y/B+8/v7f92f+lf/gv/Ny9R/nn/1rf9t//8v/hr/48c/8+PxXPtv51/6P/+Vv+lP/wz/8X335P/6ezX//J/w9f93bP/U//gP/+jv/7a/+DX+XX/3wyWf//N/y+1/8Db/v3//wv/1v/vm/+9f6l5Nf8+J///Hfdv9f+P3/4N93/PgHf+v0l/8X9//Uf+Du/Pf+P//6X/KP/tl/1n84/sk/6vf95/7Tv+nz/+hf/AP/iv/mX/lbn/+V//s/ef0bLP6e2fqX/zZ/xT//a/xxf+Yf9+Iv/m3/u3/rX//z/9pf9zf6bf/tf+t3rX79f+QP/f1/kz/643d/yORbW5/+17/Xv/jn/IV/zoO/8j/78/6oX/nJ3/A/F3/V7zn7x178Fb/RHzv+Bf/H3Z/68rf+0//oX+vfyP6cP+r3+a2Of5//7Kf+1Ze/3x/x5378fz29Pv77fsEf/Pv8Xr/B9OWLxW/xz/zYr/nv/YX/8tvf4lf/Tb/3v/nLf8Uf/qekv/ef8jf91PPf7b/8l7Lf5i/5Q/+Mv+Hbf8M//Jvt/dRP/02/+b/2X6Q/+AXJv/S7/LO/+pcdP13+dv/3b7z3t/2Lv/d/+Df9osl/8bfk/9Hv8St+z+23f/Ff+dN/2B94ufPfzv+i9bf/q9/o+ee/eXv46z7/tf65v+4f+JPO/q3f+q/4i/d+v9/mT/yZV7/WH/XLfu/pP//4+Z/0r/8av/mv8bv8Zn/oP/8v/YW/6W/yG/3rn/6q3/HX/Td2/+g//o/8h05/m53P/rz/7PSP/Y3+5x/7O39l8j+d/7PfffeP/uW/49v/7ju/3S84/tt+s9/j3/vnXv0x1a/z8T+49Yf8Nn/c/zy/95P/26+a1n9b8Zf9T+lf8+B3//cezouDyV/43z76mb/qN/oLnv8R/9ifuPfpb/M7/R2/6v/8R+Z/8l/8+/5mf/Rv8+xX/KV/xMsnH/2hv+uDf/hf+c3/6tmfOPmTftv/+Y/74/6i3+f1k63sL/jNf6vf5W/7FX/zX/xbPf99/qi/+o9L/6h/7Bf+W1/+z//3k//7j/6Ts+NPtr//k/VvevRg8tv+D5//x0++/Rcc/+affPZ//l07P1Elf93nf/Qf/Tf92O//9/0ry7/6t/3jf5s/7Df4dVZ/1u/1+/xLf+Fv89tc/DZPf8U/+vlPf/S3/rI/9hf9dr/993+XP+ZvvJi9/HX+kl9w+mN/7G938u//9n/k3/2v/+F////xzxXHf9vOn/AP/9bTn/y9Z//8b5H+87/3s9/w+P9K/pHf8fNf/U/9Uavkv/yHfuzX/Yf/4P/jt3z0D/+xv82v+ev/8i//rp0/b/J//4f/+r988Of803/dH9n++3/b7/g3/aJf/s/+Nb/Gn/jVj/1pJ7/wX/vN/vPf/Jf8nn/eH/Eb/1u/6A/6L4onn/waf8tv+C//4r/izn/6K7/9B/wfv+C//gP/t89+i9/hzr/6E1+ufq1/69f/Vb/lH/zb/75/zvwf+g1f/kEf/d6/ye/yf87TX+vVwQ9+veq3+IP+t3/wX3r56/wX/9Bv/n/+goN7n378Cz7//uLX+pn/4y/9d/66v+mn/uD/9Px3/W3+qT/l15zWf9xf/hte/ze/5vlP/gm/71/9b33rn/uFs3/uD/8jmn/45G/7l37r/Kf/2x88/IXVb/yHHvwrb//jX+sfevQX/cd/8585+vd+i79n//f+w5u//ou/6bPsH/59//sf+zuTf/SvX/1+v+ivvv4NPv97/+R/4G/4i/7in/x1/6c/57/6u/6zv+ivrP/hfyB789f997/Tf/oP/R9/7L/wm/2y/+sP/l3++t/4v/yj/ufl5C/4A58+/av+5r/i/Nv/2+/75e/2e/zzv+Kv+HXf/hPv/oif/ul/8V//V36dX/bF9Mlnf/+vfec3/2N+v9/q71r+OVvr7//1r179Zf/7n7X113/07xb/9h/+57z+P/7qP/Y//Ue2/oRf9M/+5A/+yV/3B7/jr9r6s8cv/7zfZfo7/Za/0+/w/I/+n978cT/2myQ/9uBP2P2JJ3/87/iPNr/Ov/Hm1dOvPvq1vvjT/qx/8Z8YX/6zv/U/X2S/1enf/3f/O7/Df/BTf8///sf84H9v1r/RL/+N27/tX/ut//v57/rH/ORvdfd08eOnv/P29q99+jv/ztPP/rd/rvyr/qjf+Tv/05+SHf0D/8Qno7/ub/oNn/wLT3/sv/192vaX/3vzf//v/tt2fo8vFj/+4z/+xfbv/MXv/Dv/xn/VX/yb/4Lf8bf4j3/7v/Q3/y3+hj/ue3/TX/SH/eI/8idOfvyv+p/+mN/gf/yxP/P/+A1+y9/9d//7fpe/4C8e/a3T3+S3+xv+q//0n/9XfsM//K999INf9LtUX3znN/vd/6zf4rf4zX+T9d/++/w9f/H/9pf+4//WX/H7TP6G3/Af+g3/nX/7//wl3/tD/tDf59/5j3/zT7b+gT/wb/yd/4TRP/bnfLL1H/9t/9ROlbz57j/xyecvf8n//ZeMP/qPf/q3/t3/iP/9t/1r/qhf57u/4je6/+lv+pf+Q//u+Df89i/8zj/16/1Rf8Rv8/uc/JF/32/xH/4af/Zfms//ur/8H3/zt/+lv+rlL5n+33/2t9rt3+Vf/A3+xT/wL/vjPv01/4M/8B/6c3/83/uxf/Lf+4t+4tUv/58//V//8j/81/3FTz7/i369X/y//8T+r/3kzi/9zh/z1/3Ru8+q2R9w+B+frh/+z//4v7Z694f/3v/aH/gn/aq9v+PHfuxP/J9+o+Pl97/40z768b/66J+Y/V4//uefzn7D79/77Jf82r/hJ4vF33r69/wXf8a/c/7v/Bn/07+097f+a//kJz/1L/19P/6b/4vZd/+2/+27v/Wf/E/v/hF/59/7N/0ZH/8n/+Iv/M6/89v9V3/IP1e//N1+yz/s1/z1ftMvFn/ZP/af/bX/9x/+521fJn/xP3L8L//D/1P+Pz36id/qN/xrfpff/Xc6/qf/9//m0ezX/vYf8Sf9cf/a+pev/zWavvT4n3v55Z//1/21v+7Z7/gXnPx7L7/7/X/y27//97/7e33v+9/9d3+zP+VPfvT7/Pp/yt/wm/xjf9Hv/Gtvf/vlv/lr/Mf/9Mvf5Oy7X3734hf82//Sv/fy9/rev/nv/UtP/sNvf/5v/nFl/lf9nd/+d/+Vf+of+ad+z3/22//uv/RPvTz7zf/nx//pf/6v/Xbf+ZP+2F/3t/4TsoO/9Xv/zuzFv/zTv8mf/A98+guP/8p//Tf/L36Pg7/xdzj4p/79s+//kpNf8tn6s+0f/yXbf9sf9s8/+Jf+jezPeLT1j4zWv+uTf+P8v/mv/uof/9t/o3/pX/nN/vs/4hf81JOn/+Kf9Nf94X/Go/nZs9/rYPTr/T2rf+lP+ld+s+0//k/6V17+htt/+7/86tffXv/Lr37T7X96/kf/G3/4r/3X/pV//a//l3/7r/4j/4zn/9ivsf0b/8n/yrd//e2f+J1/fG/0G7e/0b/8r/wGd/7jN/918Tv+9n/Kv/zqd9n+jQn69m/+O//4j7/5J7/9O26v/6VXv+32r/iXfou//o/9236dP+Iv/wce/Xkv1v/Vr/Xf/O//za/33/wR/82z/2Y1/9v+9n/9b1//a3/7+l//23/Fv/Yf//Inv/vi117/V7/h6tf8g07+6l/7d/51/vff5Lf/e37zX/5r/Vc7/9Jv+l/817/d7/Cn/PHt9t/2y3+b3+f3/rP+2/mf+zv+V7/jn/32vy5++9/7dyje/re/5//4e/4tj36b3+NP2zl4e/ST2d/2B5zu//a/w+v/+7f6Y369//tbf8mf9Vv/kl/6m542977/e/0tf/bRv/1P/Sd3v/XT/8j5/P/6O/6e/+g3+33/lj/p9b/xh/zdv+cv+j9+u9/jn/gT/+cp//i/r3/9X/0n/7m/xa/1F/6tf+l//Gvf/yf/i//4yb/xX/zHv8f/8X/8mg/f/Vu//p+8Xv3TP/bn/Sl/4LudB7/pF+/+mz/q19n9F/75k+8+u/8f/zrlL/yj/8h/6n/+t3+tf/DX+KP/xO/+SVv/2Mmv8Y/8Zr/wN/+3v/dH/kn/6X/6u/8vv+w3+M1+nV/zb7n+p07S/+Wjf/Af/rG/8R8++S3+uKe/9J969cdVe8Wjf/Dv+i1+s3/pz9j5V3/iz/it2t/7d/vPH5589wf/+P/+xeu/73/9q/6s//JPu/xr/5s//Mf+6X/vZ77zk7/4v/yr/sG/++J//LE/9k//j/+Mn/z1/o3/4N6f/+d995/+C/7BX/Hf/Z+/6V/4l/1Rv+Sf/tP+vd/w7/wL/85/fu+X/5+//cN/95969zf/87/Fn/mv/w3/1J/43b/kH/x9/+n/49/+zn/3+Sd/81/41/1jv/Rv+i1+9d/9nf/un/zW3/wX/jX/2C/9q36LX7X44qO/5d/+p/7Jf/aP/T/+qWLnf/9X/5x/9eNfVvypf9Cf8nf92b/2P/gn/JX/2A/+4NM/90/7ld/+G/6p//lP+Vd+69Gf/4t+2V99/Xv/nb/87/3nf/CtX/w7/5XvvvfL/7yDv/E7f8bv81dX//Vf+gt/q7/gb/sXv/VrFX/jb/m7/yv/dnr9G/47/9Ff+LfOfuVf+Pf9Uf/do/Odv/N3vvipv/F/uT/77x//LQ+Oftu/93/7J8vD33v1q/6HP/buH/rs07/2r/6b/93f9M//B+r/8T//N3//v/WP/zP/rl/vH/vvD37f3/sX/YN/9y/5o37xH/i//C9/3T/yX/6m9//CP/Fv2/2H/tR/50/+jf/+3+M3+hu/9Zv+jv/3T/9z3/4P/+o/5W/643/NV//Cu6f5P/iX/qZ/4l/x+//Wf9fR9l97tGx+/z/lP/1NX3/+J/6Sf/Bf+3Me/NOf/2ufP/4PfvIX/s9/w9l//Oc8+cX/zH/0Jz74tf/H3+FP/dX1b/X23/xN/sO/7Lf96/7HX/17P5z/kr/33eqv/Ef3ftX/Nv6//uI/79/5K/65P/gq+Ut+24vn//W733H676R/z3/0U9d/+j/0B8z+9N/7H/rr/t3f/Xf8qd/+D/jL/+N/6U988OP/zL/0nd/iu3/8//Irf4c/44/4k7//T331W/0bf8/f/8X/9Y/+b//0svoffocf/zN+3V/1l/zpv/bZX/rP/ruP/pv/5O/9V1//vh9/+R/9Nf/zb7P4r3/F//CHPfm7f+O/+W/74yf//u/8x/5zl7/oJ1f/7Z/86Bf9Y+/+o3/+Hzv6Zb/8t/jj/4bv/Yb/2f/5275tvvq3/qo3/+Of9Y/86w+Of4vv/ro/9bf/t3/Cy7/hH/jjf9N/4n/7A/643/Sf+AP/9H/49/7V/+HfVf1TT//aX/I3/vv/9oNftJr8I8Wv90/9Xb/D/3j1qw9/7V/n3j/0h/wH/8dP/4l/9H99kvz4b/Qv/WPvXv0dv9v97f/7Lzr4+5v/8c//N/6w9Nf7vd/+K3/lb/rb/hF/yO/yO/+Fv+3/9sf/Df/Ar/i9/txf8xf+PbM7v8/v8ff/c7/GL/glv+P+T/89//uv92/8Xr/hr9j+6T/93e/2W/yXv/gP+PX+x+s/ef3P/xsnv/i/+nXbP/XJ35n+xb/g1/u9f8X/Nvt1//1//8/9G37qX//9Dv+Uf/jXeP3r/zX/y1/5e/5v3/19/8B//Q/+29uv/tU/4pf//s1/9et9/8cuH/wWf8yz5//JZ//Nd36Lf+yz//3v+69/r98uXfxd//X1t55+8mf/Vb/WP/uP/NU/+a/+ev/73/bP/Cl/4hdf/bu/1x/xnd/+9/zd/+N/Yf5P/puHv9n3/9mn/+ov+g2rv/CP/Nbf9o9e/o2L//1f/p//jr+n+Nf+8F/zf/3Jv33x3/23i5M/4Itf+Pv+sf/uf/W//+B68vs/+c7Zf/Q3/lN/w6/8g3/5vR/7lY9/8Nf8J3/Ev/FX/srf/Xf6A/6Q/+Dv+sP/4P/gu//HyVd/55/7zzz71q/3g3/qN/qPyv/9L579T4v//Nf7R/+dv/ivefQL/5o//rf/o36X5Hf9E37w9/2387/i7/0nf9NfcP4HffSH/y5/7bN59Tf8Lv/zL/gV/9s/9fQ3/Vt+oz/ud/jN/qvf/d//JX/+jzWffP7f/RZ/07/8P//ef8UXd3/VP/zr/Jm/8A/4Ff/17/NHr9Jf/2/+g2d/fPVP/2//25/wJ/6P/M8f+Cv+5/w3/s//q//t5f/1t/7F5a/8r/7s/2v5r/15/8Kf+h/tPv3kf/xLf//qt0+yP+iX/nr/27/9r/8vf93B7/o//q9/1c7/+TO/239aFP/e3/7ZP/pHLt/92f/Ew1/+L1/97v/Zb/QbX/1XD/+of/bO5e/xV979e/+Bo9/jL77ze/2uv/V18uYnP/kN/t5//5//lf/s37Zop//XH/VP/0Xf+0f/r//l1z7503/RH/wL1n/l7F/4D/+mr8q/6A/8vf6rf+/en3P4v/1fX/ynZ//X77648+ndv/O/+J3+0L//T/rJ+V/53fX//vf/A//Evbd/5t/3D/7kP/+P/e2//O/+K37jv/TH/vk/8a+dvPud//M/7u/97Or5X/s7/T5/6sv9f+zXyP/t3/Hv/XVf/PbP/o7/4M/Y+aN/lz/sV/42f+3//tulq394/tf+W//Kv/Qn/Lnfu/gnfuNf/tf9lX9m+y/9jg9+o//w5aP/7W+4U/wj/8s/8Df8ysVf+gu++Esv/ohf/7fY/turP/NP+iv+s/bv++v/4P/h5d7f94O/6Df87/6nF7/P4fG/+/f91T/98W/0/E/8v37D71e/wW/xt/8l/+Zf8e4v/9N+tz9g+xf/sX/H6Pzvy//T7d+x+rff/bP/xPf+1//wL87/+3/5s9/k//y1v/iNdl7/HT99/9f+nT77M45e/ta/1V+6+sE//ew//cMOm7/gt/4zfrfr3+jf+RNf/S+f/Xb/4h/3u/+No7/w3i/+1/6My//83/rr/40/4y//x3/T1//FP3n1M//SxR/05/1Hv/zfbX/1//Kn/HV/xsm/8Sv+2X/qd/xdf7d/a9n+Hndm0//i27/Nr/3vnf3dj/6qj/+zf+V//d/e/C+/+W/2t/yPf/f/+I/9o3/bb/1v/42/8v+c/47/63/72/zVjw9OftH/+l/+qX/13/j7/znv/uX/8hfuz/+E2V/1x/91P/glX4z+9upX/bX/9t/0W/7Hv/xf/bHf5cWf+w/8g0f/zp/z33z3yQ/+y9/g8/Hf+y/+NuNf/elvlD78l/7x/3bxW0zT9jf6TX7DX/u3+sH/8ecsfo/f+9Vv/ZeO/tVf9Mv+l+/8W//hv/iXfvLb/Uf/wR/zh/05v/E/+uCvfPz7fVJ/8rv8CX9L8at/zf/9T/klv/zh96tf53/4x9Z/5Lf/kf/57/1Hfo1P/tpf+tf9c//D//xv/VuLv/zf/dN+qx/8Dv/Cv/2f/sWP3/2jqz/l17z8jX7T8t84ulz8N7/Nr/7b/7tP/4HTf+ffevQf/BP/86d/wt/5i/6+P/4/XfxO1X/6D5Z/6W/+tz395K8t/5K3b37fu//1X/72L5z8Gn/in/Din//PftX/evjb/lV//P/xl/yRs7/hd/rTfq93k38n+4/+4Xd/w/p0/N0f/1d+/8/+ir/q9/w3xn/967/z43e/+S/5vf/Qf/N/e/ev/JX/3m/+q36P3+8f+Dd+h0dvpv97+9/8UT91fPnFH/Pmf/vB31O8vvyf019761/69Lf7q/+C51v/zf/4z/+v/9Vv/D/+j3/9v3z1O/1Fv/y//1/O/rfv3P2DfuVv/I++3fvexV/yJ/7jf+zv/x8+/NNf/7ev/vZ/dPpv/eK/7Y//C45+z1/7T/5j//f/4R/+i/+53+XyVz3+zu+490t+8R//N/21f8vse//0T/3vf90f9i/88j+4/a2Kf+ff3v+1Lx/+vf/q4d/7N/43v+GvXf53v/C3/5W//3f/mj/ud/nDTn7JP/3L//g7f8z//Df+67/v3/o3/tU//fmTf/tv+MOe/Xr/1O/8O/8Du3/5X3q9+vX/uus/6P/6Q37NyZ/1Z/3M8/y3+/P+5N/nlz87OFj+Tb/x9/+hv/d3+5/+zz/vF17+tX/P7/mf/er/+Sf/+L/zp/++r/7Tv/5//7//8q9++pc/u/zHf/Cf/sG/4Ff/X//KP3lS/eLf8q+Z/FH/y//8CyZvP/n8P/pD/qW/5F/6y/+gJ7/7v3Kx+I8ms3/n93377/zJ/9OfdvTvPPpd/5Zf9pv+Xn/Xf/MP/Yrffes//h2SP/r3+94vPv3rf7fjX+voH/+nd3/P3V/79/5H/8n9//6v+Ft+wdnv/br52/60/+Af/cP+uF/8nxz9Q/k/9Yt++fODv/9n3vzF/+1v/Fd9/9998/cn/8Zf99/8jb/z33D6J/8Jf86f8Pf/ov/73/wd13/ar/l3fPzf/c+/97/waxxu/8d7v/yX/e/ND/7lf+lv+uLt//7mB7/Br73/03/Gf/kbf/Wv7/yef++v9X8++V3+0v/gP/1H/8S/a+e3/4/rv/yPmfy3//Bnv8kf88/8/n/v+OyzL/6SX/fP/ct/88//qN/9j/xb/4et/3P+D57/yc9+27/xt/0Xt37n79z9B37pX/+rfutf+/f9Hf+EfzB793/8+3/rf/6b/m+/we//J/71//ad/3S683//D//l3/jL//ff+OLff3L9l/yfzz77bf67O//nf/An/ysnf8l/+Sf+Gd/9sf/pjyz/qE/+hP/2t3v+ndVf9nf+fV/8wj/j7l/1lz382+7/7m++/J3/mf/hD7z3l2z9gX/53/iP/tV/6X/29/9Tf9X/ubP4T3+3f/m7J7/kT/83/uv/4Tfa+aP/jb/gX/ot/sM//7f7FX/3X/3uX/+3/5rFr/dL/oo//0//Q3/D//IPv9r/X7+490f/gt2/9tE//2v8w9//O3+D7X/77T/7b/zkv/Rb/4f/xsnV7/Du13/0u/yZf9e//k/+8r//Py+P/9F3v+E/8b2d/+AP+b//6e3/6j/Z/7d/1X/4l73+B//2dPm/XfyDf8iP/9rf/rf/ld/y6C8c/Y///X94/Y9Of/p//5P+i7/q3/wzH/2Rv+u/8zL5tf+83/6LP2D/l/+9v98f+Hf/F3/RD/6nf+ovaf6GH/8F/+Ev+2v+iOJ3/B9+3+f/we/5R3z33/1T/oPtH/z7f+Gf8T/9NX/Df/Pd3/XX/uV/27/+W/4b/8Df/sf+5Lv/9Ve9/V1+7b/r71r/a3/Gdz/5/f+Z3+9v+jv/xH/pN/+7/7d/9dt/xb/56/2r//t/9yf8C3/Q47/gP/jbftvv/cM/+FX/0n/8rb9r9N//u//TF3/zv7H8a//K//PX/JX/8r/4P/3N/9V/8Cv+5LMnf/Kf/g+fvf1k51f9RX/O/Pf5h3+Tf/BP+0W/6u/6md/3aPx//4t/ynd/k9nfufsH/TerX/mP/D5f5H/m0//k0T9w7/fc/veXf9Gv+KN+0X/6R/8+/+R/9pf+2//LP/EP/N9/yP/yZ/+G/9Ef+i/+Y9/59f63d3/vX/Vn/pq/39Fnx3/gf/J7/POz3+azf/6Xbl0tfod/+z/6faZf/YtvfvCX7v6lv+i//id/81/vr3r4F975836PP+vZr37+ezy/8zuO/sH/4D/4P9Zbf9L/+t+++eqv/T9+l9/0P/yFv++df/H/+q//sV9j8bf/lT/9S/+vv+z3/wV/++QPmv7Df/Ev/Gr7X/w3/oI/791/svgLv/eT/8jf/df8x//kn/73/mcX7Zt//Orv+if/wb/+t/u9D/+nv/9v+avrv+t3+1veTv/J//YX/Uf/4a89+pf/j9/6H/81fpf/6Om/+au+/+a/+om/4i/c+e//o7/zr/lvfvO/8r/83dr//U/f+f1+8tf87Nf4h578SX/U//X7P/qD/5qP/sv/+xf8O7/V3/f3Vd/7Q/++v+8v2frdf51/6B/+te//0f/H5T/5f/1ZP/bRizt7//df+C/9hr/mv3X80f/8B/26v+f/8Of90t/ro//lv/gX/u9f6x/61d/5Tf4f8J6/QhfLAgA=" />
        <Entry handle="6" bytes="H4sIAAAAAAAEAO29B2AcSZYlJi9tynt/SvVK1+B0oQiAYBMk2JBAEOzBiM3mkuwdaUcjKasqgcplVmVdZhZAzO2dvPfee++999577733ujudTif33/8/XGZkAWz2zkrayZ4hgKrIHz9+fB8/In7j5PHv+vTLkze/z8vTdN4uyvTlV0+en52kH23fvfvdeyd37z598zT9vb/95ovn6e54J31TZ8umaItqmZV3756++Cj9aN62q0d3715dXY2v7o2r+uLum1d33wHWLl7WX7db783xrJ19dERdc4/vFuWy+SwCZ/fhw4fyujTOs9nR47Zoy5z+/LH/4i/4w/6zv/fv+M//8L/uP/8T/64vj//zP+YvoF//y7/17/0v/96/kNreNc1+4ySl53EzrYtVmzb19LOP7v50dpnJB3d/+het8/p6e3d8b7w3XhTL8U83H6Xt9Sr/7KM2f9d6TT86enxXfrsZ6uu2fp4vL9r5BnBpmS0v1tkFfbW5k7JYvk3ndX5OfUyb5u5J04zp50dpnZeffdS012XezPO8DTriBnePei+X+Xn7PgBuHOpF3i7ypqFxfC3SDbSXRnjO18spmCZt5tVVs54s8uV6a7le3El/sWuE5zKr02ry001bp5+lH03bcmfn939Oo939/Vdns4/ST1J66TB85e7d323rox//6BN57c64rS4uynzrTqdZ0bymvre01S1h4DvX8pdEBhSCHRgOjWVWTdc06nZMpD4tc/z65PpsNoBPcZ7im/R3/YwGXJY9uF6bMU/9eFY0qzK7Tj8jsn10p98aT6R1+tGyWuYfdbrHk5dN/h5guiA8WsXIBqJ9ASb4qu6PrqymGVqNwfIEnNp40GPg6mI6P6mW4MCtfJTGOAvkos9BoN0oPYdm6KOmWn505+YRb4QBht+9R2CmZdY0L7JFTiA+xqfN3sfDpMODifgm8B2a6K+D8waUY9MDqWcgYNj49LzO25OqelvkWx/R1x9Jo04v51WdbkGkCkJk95B+PKaf9+iXTz4ZFBGd8yLaAA/YuT/C3e4QzePz0b1BoHjigHvTbZ7OtPNHg5OPB5hsnDzoSxr3JiVinlvAuQUb+A8UqnDivJj11bF5YqO+DW/9bnbod8Y1uRTXW4bbtnoDVVTabFLmKfksd8aLat3k1WVeb3gLTzsvGpWkSTZ9e1FX6+UMw//x/d2HO5MHMQJ470yrsmJD9uPP+ImJn6MTpKRHp19ikF23XxvX/N75/vnk1rju5A/2s/s9hQ4GKKZvb8Dihmn/JTFLdyPzXYTK4Q7zNI0uPy+W+ez9tPkgzNsoAZ8XPSPrzJoFuiQ4I7L/5Tq/c/fuf/Z3/WX/2d/11/znf+If8l/86X/T//j3/XH/2d/1B9Gf/8Wf9TdOufF/+ef8Yf/5n/TH/+d//Z/kf/Wf/0F/n+ugM0DowKfZdUOI3ts5JO/lv/jr/7JUYKX/+d/0R/xXf8lf+5/9g3/+f/7X/1n0bfqf/2V/df/l/N2K3l3mVwSmxSzhi7t37QcfPc2n+WKS1+m93VFKDvzBR92JIxDjJm/fFIt8C79f6O93iLaM27fSvX3659Md88/uzs5OF4qdJsWekMIEfJJ+9BkmKW+m2SrfEjLi00PqqqjzRr6lbtvq8y/ekKdeLC8CZouZITfl6ISm5T//E/8M6bf5z//Iv5+mxryxkfBZDTHpID5eZO10vgUCvsovTt+ttj7a+v1+Jr3DLqsZ0db3fr/D73/rztbhz/xud4jhIpIA2FZd13m7rpfE50oF+vJ7e9+nudIv0OrQuOJ4YmOe5WVnzH/UX/Rf/9l/mWC9cZw9Hrnt/G+Tg9VpDHhTmkUC2JmECBG4oaXCDRzCjb8GY3z9WOaqWM6qq3G1nOTkkOTrZVll0LOeXsRz9262budV/Yh+X+TFD36Q3sBXS4KhsPNLDJi6zvPl70301I/lA4RDEfJOQJn0yNHL/KLaD29XZfndYtbOCeTeToTyk/QX/sIQB1L59OP3SR+nO+nP/Ez4XVa2v1d+Hde+lutEuUZMjyHjKl9ufXS3rC7Iwo2zZvWOfL+P5E/81lZVOcnqz5bVSAZAfzT0VzqiyS5+AJOO79pq9dnOCHEx/eAxfrY7+nZeXMzbz3aj/VOOwh+MyNRPQtHQl5/R/z/6r/76v+I//5P/mP/qH/yzSRv/Z3/XH/+f/w1/9H/+h/9V/8Wf+sf/Z3//n/c//n1/8EeHCoYa/Nd/5B/3n/+Jf+N/9vf+5f/Fn/YP/Jd//9/wn/39f9F/8Yf+rf/5H/znkGKX9v/Z3/uX/pd/0R/syyqevmfT40rzMWdNKCMyqWbXyouPifsWLAyffUR0W+btM/rgI2I2YrvZZx+tqoaSARnz5GcfnZG1fCf0TYtZ+EZOjMtcv1iXbbHK6vYuYG/PsjbjnM2suMSPYrlaGwEh6z7Llx9p/7//7/+TZ6ffff3m+M2pgA8+YPVNCYer05dPr756/vzN6f0Xb053vvjpi90XT6cvf+rJ73PyUxcP3z67ODs5vsLPC/p58PLZxU/kT569KvNv/8SzkzxfV3n+E/P1d18tnux/+yc/f3g5efZqNT3+6qvf57uv2uy7+xfnJ09XF/e/Xbb3H5TL509Xb/efvf2p47PPn+79xHePL84K/rn4fbi/44tTgn+Wn+wezF//3q/KyVcvLmffvb9zfPHVd0+0zU9dHPwkvfeDL548L4vVg3Ke/WBZ/l4/Xb7d//ayfP5yVVU/9RZw/LYvjn9Q1Q/Oy4vf5xxt6PcZtTnz2+y+uPpBOX9Ql+2nD7w2X/ht9l68el5Vv88PFuXzu36f2vYnwrbzny5X35lUFz/102/XdV2+pZ+Xn357cZHdXc33z1eLfeDJdP4JHfc5vXf67GK+MDR59hO/z9Mv3hzvHr85/nz6e8/eze49u/dk+ewe/351enHy02dX9H37xdMp/T8c95OLs/svrk6vnjz9id0vfvDV6YunX/3gxU/47/w+7RdvQjrQO/e+/InTq+PF9IL///r49/rip4/ffXGyc/Xi9c71l5//hPLCdxZP3331+fFPT/cJN8Lx9N3xD07ffRHA/6r94qfnTEMd2xfP5v7YvsLYdp58G+OZnt5qTD/xxbsvnn7x7Kc+f7b4fb77+5ifT86Oq+svnp5ePX9zfI/+/47466TTz/Xx8jvyf39Mxc4PvgjH9IzGcfXF8U/en323rL+0Pzt0++kXwXw/+Ymz+1/+xHf28wv8v0tj0OArv+3+FxdnRKuzDr0MXMfn1Pbei+NX8+keidfnz37wU58HY919/ubsHo31295YT1784IvT3+f3fvH2py7kve4cvtj7iZOTY2+8P/3VzvHiJy74/7G2P+G3/Yl3x5/k2fz45XJR/UQXlz3C5fcKcHl6/PT+/V90Ku90eQNz2/hj/cEXFy9++vfZI0rsvfjpHi6Lnzh58hMH3z2eH5z8FH4nXfRTxwc/8ezi2eLZxSl9vv/lV58/u/59vrtbzj7/yeufXDxrZt/9ScL99OR47xX19Vb4cCH9Ep4vT5/8Pk9+av77POHPgfdPnD39KeKHp9rP8UX13Wefe/Nx/MUPvnz6dv6mfPjlT/3esx8837l//mbxk/em1w+//L137pez3RfV88WzH0y/fXH39Xd/4iH4++U6mxZ59t3my8Xvvf6EhOrLYnGRZye/6Mvvku7MLtZP3y0me/d3zj5/cTn5/OH1y9/7O+VPPX1weXn20+Vl9XuX9S/69qJ6/tP099uD53s/dTlZ/sQnpz/wZWR6QXPw6YunP/FpT14Y3+mK8P29J/e+U79avLucXT98kX/17Gr6+bv7z3fk5+99b/VmenJ/Pr33ZP/l3ndWP/V0Z/fLN68+//T3+fLV/Ume3/+p66tPf+rLJ/ez19/99Ozz3+f+81/06f2fws9P5verzy8//X3yb3/6U+vPX37O+F38PnsPm8m9s4fTxU++fVm4cRSTt6uXJw95vC/nX/gye+/s6fG7L3/6bP/Ln/6J61B+f+LpFz+42P+9vrp//pN7D6+znZ8i2NPLN793+WT67SdN/vqh/PzJh59+de94Tbx/lT99WGRE/xdv3u68Wi+evs2/e2+5/u6U5uDNRf7dt+W6eLL48vWna9itL1/fpXl4Un+y+Pb8k8Vk/tOx+div7k8+fXY/+5TGu7j/e725uvypxcP17On+G8uj1/j/Mc1Ldf3l02rni0WgV06Pf/DF/oui/PL33p1dThft5wT73vOd3fs/8Xs/uZp8++2l/CzP8/LFleGh32dRvn355qv7X/yg7tjQb3fs2fSA8Tl58tOTvXeX05/evf6p7/7EJ7/Xl9/9ZJ4zn31n/XoT/7wl/rn49Is3ZajXmH+++pr8c/Zpl38+/b0+uXf/9/n82/fvv/4Bfv8AftkjftklXmGeIX551uGXnVvxy95Fl1/e/cSXPX75vej3Z/WX+Vcks/R3/lXzyaK4kU9+0cn+IJ8Ux1cv3lTvXvx0tfviu6TLLkI++eL6a/LJadfXIn/j+eWi/L3ulqv7b95efqdelNX52/WD3+cD+OX3IX4hXfMG/PLE+DAev5x9TX55ctzTN9XJg/ur15f3s/yr+8+vs/ur7Nv3n6/3PpBvdr786VPSM6dXxDdnHb65uhXf9PTMxf0+32TH60+yr+pPvrssv3x9sFhn351/8vpB+yH6hfjmix9UP/jip0m/fB7YZuGb11+Lb8hw/rD45otPv/jBGeka8M3BRhssPsorGtvvc/LtK4pB5r/P6U85OXl6THHKKcvldyd1/nr/4stsf00W++xzssNXX4Fe79i3czTCO3un64Lw/O7Z2/V312SXv3xbdN75Lt7p+hYHT5/8xOk7/E24/T7HP/FV/nvvPnyKeZwuHjbT3e+U09/7J1fEhz8xufdi5ycWz34622lL4pVzev/Z6eLFzuTp8dV3Tsv29/nurPyJ5U/uzD5/uP5iurP7e09+73vtL5p++6TcofBq/WD6enX/8pPdVlaIH9+VKM+Ge7Q4vzHiO/3J0xdvfvL4ObH5m7MvX5i4r/exi/6+++T49/pO853Pv3vyE8+b5vL5Txxf/V53f/D7/PTv/eT4+Q+aL79dHOeTyaftL5q9u9f81BfTYnHv0/158/LZ87s7xw9DLDkAdr/yn5Lfv+Lg/6Pdnb39j9K5ZADor53fnWLhsrigUHhK8X5ef5ROqnqW1599tPNROs3LcpXNZpQssn83K3Kn5G+vF+mp7nwin84in+IhtCO4vXf3Ybf97h7TglM+bVPOY2MypiX9ePR078HJ0yefnm4fn376dHt3d3q+/fDTJwfb+/v79+/fu79PWVl0Wc3ySdZgntt29ejuXUqNcGaLMpuUd1nksyKjFNzi7mo9uUsrFdO3V9llfneaTZq759Th/G5zxT/H9NGP08pKg7TDp6Od0d7D0c5HsfxPZJ4+3evSmgdGKYnMpDoW1WWRO66aNtz/p2Pq/sZ3f9GaWKC9tm/PqdfoS8h9z9KmnnZ7SBWEvpuuyvVFsaS5unCUu7q66hLtorpLeU+mD5ZjifvinCKSlq1WtNLCS+B3321bYm/z+x8NU+7xXca7yxZ3hS983rlrmYd+BVfRD3DokWVVZiLKgxZtmT+jtTOvW4jSDRzrMbd0w2tMn33kFqYepeu63LpbLIhyzV1K32HBZZK9HV8U50h9r/Ks3X536Aa4d+DJASaQZXlBSqnM/TkkuegIek96eYAQEOp2+wfFR5YZH96/eWj9ifME+ZscZojzpiGHLWdm7ngJ66O0WvK63WcfuVV4LPuNdu+IyuZlfqsckUIdgo3nFy4nzerwcZbO6/z8s49+3IP/muB/QcC2Pr7rso0f37FUOSc22qacbf4o3d1fvTtMKUNZgMkfESFKYvfLfGCR2Dw6LdtA8lHKMBjoFRPvEc1EOTv86Oi//iv+jP/6L/7bH9/Nhmjk2L/3FZGvQ2jDHPc2keUxhdqqL3SuS1qaxCyL3Yq+sxmN283injeLUeVpnttN3Ivfn6fu7uyi7U5fZLZSXjT+6Og//8P/nP/87/zL//M/9y/5+UHzex7NN2L4fjT/wcX8FjT/6Oi/+IP+XlD7b/jLfn5Qe9+j9v43SO2fLm9F7f/8j/kL/vM//K/7eUPt+x61739z1J41P5jeitz/1d/2V/3Xf+SfKGttPz8o/qlH8U+/OYpfTCYXt6L4f/n3/on/1Z/0l/9Xf8Nf/J//UX/Kzw+KP/Ao/uAbpPj04nYq5b/62/+w/+zv+Sv/q7/hH/jP/7I/8ucHxQ88ikcdXPO8H8V/+vqnb2ky//w/6b/4M/7s//Jv+Iv/yz/pj/j5QfGHHsUffnMUr8sfXE9uRfL/8u/9+/7zP+mP+v8HyX+Ehv2K0NBZ594fUTpg9e6jWzLlru85795Dw0W1bvJqTZFvXUznJxTN5e/arfySQnf42cMDM69eIvTuv0vR7SaqUOqQEZnKS9Wkercx0PFj13vxuNNGpxTlP9reJbIc/mC7gNQ8Sh8+fHi4CR88//Vf/Hf/l3/u30DWmATmv/5D/6rNjXkAwUSkew/RZTorGqSYHqXLapn7MTZl6qpy3dJnEj5v7z7kkfz+/Of23s4B/QXc0z0A2tw/nnB0TM6mWt40TDyagglTSrfPh3JX0bTC3q0Qx8OR66P0x+99ejCd3D9MXcpm23yV3zvfP59okEt/U570ULGkrlbv0h/fffDgIHuYEl2L2S37lfeZR3SGAk5aVvUiK29Hw/pWrZzaoD4t0YRn7hPdbwNkUg/qiqBdJ8v9NWaVGIiB/P95dg+1Vc0fQtb0AxZE7+9J1bbVAp/cZpbw3K7VLXnHPOAhk568txNmCtPJBROQHAchqJ246bpuQNhVVSAL6xE6f7Cf3d+g2WOPtShlJYnxz5xP8u6nxSP5PSbrxe9PTPTw/se3pZd5xAlSV6hnMbO6zjZbzKHnv/oH/4T//G/4B/6zv+uP/q/+zr/xv/5z/sr/+g/+U2///gYr3H00iX9ju/T/71O/u/Pg/zVz/1//FX/2f/F3/Y3/xd/8F/8Xf9Pf9p//ZX8YWXXK2v2Xf9Ufe3soP+IAed6HAx7+v4cB/vM//k/4r/7Qv/+/+Jv/9P/8L/vb/ss/7W//z/+EP+RnjQFuzQBune/Glrc1+rdj0h85Iv/vdUScn9FzTW41K7fiPPP8f02hEPf8v0aj/Nd/6J/8n/+df8F//uf9Tf/1n/oH7+xTeuU//5P+uP/ib/jbbw/klsKK55YKBc//vxng4OH/a+b/v/jz/3qa/93//E/8O//Lv+cfFDa4PYAfzb087zP3uzsH/6+Z/P/8b/iD/4u/9S/50az/7M/6w//3SPzu7vjz8cF/8Rf9kbd/7UczLs/7zPjuzv+bplz1+x//Z5Jt//RHc/+zPPcP/9/j34l9/6//lL/5v/ib/8L/+g/6c37u00U3N/q5CyhvN4jb47e5xeO7tOKyAcqm729YT9Mw9d6GcGsAQoQG/fF672p712YIqQ8On5f5FcWeO7tWvv0Ut0S1n54/fDDZvTGqDSLSyJvpIqsviqWEuljQ2iTMN2syf0Jo2BFFNs2hoG6jMvqqgcjy+xe05rizKwrCkPhT1xN+v0lMbiEivYXaB7fLsCBNYFZz26It8fdHR//53/+n/ud/9B//n/39f/x/+ff/Df/j3/fnPL6Lj78ZJH3zcFNz4rKlLNu25c7O7/8yW+bl7kdHUaR5KbL7xuuizb/IVi+zdr5rF63DN7J0XufnZKD6b/z+r98Wq+fF8i01w9RmJc3Xf/V3/q3/1T/4R/7nf+Pf91/9UX/Nf/2n/gP/xZ/wl7u53LEzTL8JI3w3n7zKm2pdT/Nx9m72e8w+m5+dnux/5+1P7r/9/BedXuT7JwfPZr//xd4vzBarw/azT+/t7+5++mBn7/7BjjxdkZLpRfIGjPP4biajPvqv/4o/47/+i//2x3f5DxpWnAr+mPCqNL8FowgLGPCxmdmzmAZr0h/drpNbso/JKS6K2QzZOqW3lVbWG87LUKfiU35Mms0kwCLa5VYyI+pSu5C5J1gyI7fXm7foCc/NKsx/QCIaNOj92UcPLR0Mkvdul+Ezzy3mxDy3NM94aETdabzlm3g8RRekOCdVOXsfOHi6bPw8m0DBpNAQBD+bLYpl+jNBGu6jo//yb/iLsbbzJ/9Zytb/49/3x92+1/egKJ7H79Uaz3/xh/xV//lf/vf/ruKr3v7V98fLTMJ707xYrtZt2l6v6GU2kx+ly2yR6xz8bmf46MmaBHS5K76FzE34uWdl7+bvilbM6yZFeXssvz4tpMd0b//9xAzPz/6EvUdrPOIC/Od/3l9FoSm5ALd/+f0xex+foPt0fa671bIslvne+wdkXwPvb0oPve/k49m9ffP3H9l7tMYj+P9nf8/fc/vX3h+njpBtCp9iz3t0eEtbdrtQ84Z+b+jrZuvvUeZm78b5BvduQ7vHFON2vbx7cS/vUJ1g6vbBDUGZhX5DiC1tvi71hmcnAjMWWEchd5e1hzq/OaL2I+iOp3gzP8T6tF176bgbI6yfBfLyt53xs0V8DwqEHG3iiA8VExt9Q3XcZhoDAL7fMie3NV+Gjstzsl67v9u6yeti5jsu/Pnvbz6nXtf0yq7YJqXTTRkWj3BuDC6eBQwzBDjX3b6vfvoCXm1nwD/W1/MuGHbAq9UiX64/cinWZl5dNesJPt36+Pff2f34Dkn7f/Fn/JH/2d/7d4hrjLjSwVUWU1YaRnJ1NiNgQ4itS34BHkJZNFEv4XFZuGiesr/freq3z8rq6u6XT6vpmtBt75pffv/j2Yxzwv15Op9cXFH+40/8k//zv+sP/c//8L+OxiVhMgF/jy5P3qfLq5+eXhsK/md/31/0X/9Zf/jX6fIn+12eLQd7LEvT43/xt/+J/9Vf+Ud9nR6fvZ5nr4hF7S8bx3jxzvT4n//hf/N/9vf8tQM9Pr67Lr8G9zRTYvGfLR7fFR7/L/+0v/A/+3v+yg/l8d1vksdf1tVsPc3v6k87Ab8Hq6mzNl/8QlZR//Vf/Hf/l3/u39Cflmb6bmEGJm3egxE2d/6yzJbS+X/+N/zR/8Wf8KfEOs9WpnNp8411/ipfVXUr3f8Xf8xf/l/9xX9VrPvJxHQvbb5ZlryaXfzgZ4sjdx6I1v2j/uT/8s/5w/7zv/Mv/8/+/j/v63PkzoOvyZHdOfniGrqBfnndZvVd/DOsEBbvri9Iz/4Zfx6R3onULSffdiTzfJcX+gY6ml5hmv/zv+vv+s//mL944zTHOrK67ovr49WqvL7L//7+r1cDnZXThmb5v/jb/+D/8q/6Y//zv+Ev/i/+6L/7m+Wpd+9++v0t+RAP7YOHuhx39J/9g3/xf/EH/43/2d/zl9EoPoCn9r8mT3GbziycvpvOsyXF9jTzedNk/m+v8+UQi/1gOSOb81/+tX/2f/5H/OH/5V/419PA3mPmvT5P39H6zzIrv8iKEh3Tjw29Xk2uf5r47S/7M/7rP/Sv+q//kL+B7N179Hoyz8h+5+fZumyHWKxtPjr6r/7gP+Y//8v+6v/8b/jLLOwuZP/5Rljvavb2F+3ufUO8t7sX5T3RZ//VH/SH/ud/7F/29XmPsPxg3uvC/UU/3fwiIvvf+Hf+53/wH/lf/ml/K/1y86x2Ybz9RVPiRxndf/EX/uX/1d/4l9wMw6k8ZXz9ucHTmpbXzH//+R/59/yXf/qf/V/9VX/QD49H3r07n3xj6uneBvUk/vnXZ5Gdex/OInZqXuRXDf14si7LvC2W9Ovn1fLiIqs2Rhmwfn/4X/ef/8l/zHtbP+3P/djUz7sruN1/03/9Z/69X7efs+V5VS+ytqiW4V+hyxUk66X32U+/e4dR/jn/+d/798i8/az1vtfv/ZjUAFyjv+/P+Vnu+16/7/aKR/7n/iXkdHzd3l/mNXe4nMIIvc6nEZqLh/tf/pV/MpkCUiz/xV/0d0XoQKb4v/x7/+r/4k//o6TF+2PyNF9ldYuQEn/9XnkzLzax3NsGgxekvvbgi2m7rnP323CH737QrkDrf+C//KP/yK/L4+SrLmdZPfN+He7wmCK4/+Iv+iP/8z/yj/iv/so/7L/64/7Qge5uqUMH0lBfT2d+GteZf9dfQ7l5NxU9pPTX2vw6pDU//Qa1JrF3U5FXxXLl/X33zXpJaebf/ytKmH21GpqDi/oHZawXPDLc/+pv/8P+iz/jz34PVughREQk/392F78MY7LI3kGV/41/xH/5F/3B/9k/+Df8F3/aN+3yt837h5FD/HEQ5Y//8m/9e//Lv/cv/K/+hn/gv/z7/4YPsKkHH8YdkWDqnOaYhmVH85pG8wUPBYJ63XyRLeETIUI7wZjcbzYf8PGdj+JcYmhlorU/6o/4L//mv3czu/QwnMyan74dhqTIn+YNzSD/+h7YUbz6n//xfzrNzX/1N9wQvkTod1vsiGoGO/r1PbAT2n0t7K7nF7eb3ResCny1cHv8/ss/7a/6L/6ov/M2VqE/t4tb4/dkvTDo0a+3RA3h4Z/5V30t1H5wdWvUnq7ba4Mbfr896f6rP/iPI+fla+H3082t8fvOmiJ4gyD90VhDfwsM/8o/5b/6o/+WDoadxrdDuPnpyfktEX6SvTXovv6J5yfV6vqW2P4Xf/rf9F/88X/Df/6XUQb87/9mLcTVjGLTb8hAbIrLXdz7/jiygfiQuDxOXTy3zNlZzxnffXZv4yornv/8j/kLKD4jBfKf/6l/MI38v/5LNkkBnm8aw/2bMLxlNgLPN4zb/Qc3Uu+P/Hv+87/zb/i5wO3T+zfS7S/+4/6LP+0ftDP7w8fw0xup95f9Gf/VH/xnkRP7n//Jf5a47f/1H/lH/td/ruPA2+I5iN+X7Tyv7Yoh/+VW7yhk/zv+87/hD91Imxt0Ff2CVWmrE4YeLwAZbOJW7u+957r9+0H/9OHDLvxUf4dmuqkzPKoAm/aaVvU5RP+ozd+1d6dN478+qWbX7q9fHMJdZPVFsdxGl4/SndW7w+jXhN2Gb+viYr7p7UnVttUi1uC8WrbbTfGD/FG6u9f7dpJN317U1Xo5255WZVU/Sn/8fO/83vm+1+6XuF9/HNqcGWFwtBOKsHKCs7t6l/74/QcHs+w8baqymN0E0fsVRuqGDuyIN/WDh8d/lQv9JlXZ/d4Me2fvwafZ/fdAUhC4CU2e1h8KjrOsmGTLYXzsTD9K13W5VSzI/2nu1r//xe+/szu+KM7vpHW+yrN22+cR7eDxXZYA5xE007pYtb5E/HR2mcmnvmBcZnV6XlNOa86jSz9L7x/4vHW+XnIaLG0rILX4/YvZCOjd6aL/u40v8nbrI9fL3fVqltF6uKTPSc/N3/0eCzgd6SepgFlS/lb+vdOh51WxnFVX47KacvZvDHVKqFG/cdpaLOFcbVWTnx6lxeKihyMGS19ilDPVxMD6lBm6fXJ9NsO7XWSK8xQft2Mm8XhWNKsyu04/+yz9eFkt84973fBLi4txU0+pp491Ii1fFtNquU3DW2JSP+50hifWWfpxt+UvSfOyyb9G3+/XLQ+x23VkEiwf8uR7rilLpSr83Z2d3/0jlbzPPtohvzcvy1U2mxXLC/t3s8qm+rdv72yyzH1iDcl9gFXLMaWpzOsbrVaI2MOD310STZZSAZoiHGQOdw/eB+ewvy7+4bcz28nepx1UOCRIeWY++2hQTdA4JxehnrjRWt88Od7AugO/hXXePGj/AQHe0/Sb5xcuJ83qEEs7f+LfJQsvt3v3Fr6KeXxWO3gf3MgV1HnrmIgUOnl7lk+rmlXcoxSC9pFzHM+Ws/zd3adZm70hHf6ceMEtQ5zNPrsV+f3ne//Fn/u3/ed/2Z/z/TCa3PTckj5eGntDE/VNN7QY6msD/PeQqYOHHT9zcsEzQrH5M35+zmXl5hbmub1Umcfj3/3f3amzvRsjt9gj8ib/PoZnlMJ7JZp8dPSf/Jl/4uO7+OjIb/R+XdyS7fzHG957BxDdxw/eRAZ/ssivsL78eVaJCJL47e7c/4VvVBJ/YZktF2v67d5ARuqmpy1aaIhfdIX/vg7OeOTt93+Xo02eRZWHOp99XRxSnfz3e/vDJvz99LF59nZ2d7Z3HmzvfPp+774nrrfQjea5XSs8PxL/zvPDF/+HD75x6d+/f+9rTQcevPv+b/58lvxPt3cfvN+774nrjyT//5+S/+DhNy75F+nXQRfPxXvwjnl+Pkv9/e29g/d79z1x/ZHU//9U6g++canf3d39OvjioVff/8Ufyf2Njb3nPXH9xuT+ZyNTEocZgfOjhOqPEqp4/IQq/v2T/5jbvfseQvO1BftnLaG6vVkdR1D5UUb1RxnVH7lYNz+3c7F2d/aNj7Vrfay9j/zk6NfpHM+PEqO3f36UGP2RFEef20rxvU1SPMvOs/Ov0zsefvn9X/15LsfvGSq+J64/kuP/v8rx3iY5ruuv0zWeun7/934+S/Cn2/d23u/d98T1RxL8/1cJ3tkkwdfr4u3XYks8/PL7v/rzW4737r3fu++J64/k+P+fcvzQLjjGxPjdD75Oz3je/eD93/v5LcC776ny3hPXHwnw/z8F+GCjJ/0hq4Dv/97PbwH+kQV+L0B4fiTAtPi/MTGdNbOvndHCu+//5s9nIaaV/Afv9+574vojIf7/qRBvzEv/SIhv9fw8FuIfCXHv+eEL8f2NlniWfp2e8czeQ5eb50cCfGNj73lPXH9khf//KcD7u5sE+L/8c/6wr9M1Hnr1/V/8eS7Cn77fu++J649E+P+nIrxxWelHInyL50cifOvWeH4kwrd+bifC9zZmpKfT6dfpGg+9+v4v/kiEb2zsPe+J6zcmwgQom5T5BlgbMBvAIg6zA6fzbl99YCpUbKb5ss3rj9JL/XtRzGZlHpuex9yzmcLdnR1SLJOqnuXEfzsfpdO8LJtVNi2WF/bvVTab6d9Dw9xIa+DZtNcQMVFhj9JPV+828c43RVH+JhjwwwMabzEjRVM0LX8TDN+q2IO93ti7tPnatLCdfNpBZZEv1x8ZUk2y6duLulovZ4/SdV1uFYvsIm/u1r9/W60mF+OL4vxOWuerPGu3N9JSev1ZmPSwg9sKm8e076vrxSz9Z3/XH/Sf/8l/1X/+N/zR/8Wf8Kfc7t330BxfW7uR/dF5Y13+KP3xnb0Hn2b3D9M2f9duz/JpVWdtUS0fpctqSUzXsVZPszaDaXpOvCDmqhVDtb9nLdWtZsJ/vvdf/Ll/23/+l/0534ehud2btyTVLZTrz4ba5K9uL173P3UKkYSGWP5CDe2PP+Pn51xsPpSEeL5JAt/KLvFHPdNzo+b9hsh38/z/yNSYb39kaj7M1Pznf+df/p/9/X/ef/En/kn/9R/x88LU3PuRqQm+ur14/cjUvC+Bb2VqvoEQCLE1UY4+2PuRjUq7A374cKON+n+pWZpc7Oz+f9oqKR57v/vXzns9LhYXaVNPP/tIqWJJWEyr5fasulqCQkJearv7ke3U9z2I/tVyWhbTt5991Myrq62PZ1kxyZYfj9p50dzBVIilWdcNmZpVVYiQ3b0lqrdU8ni61nqo6wF8McY770PB/+zv/Uv/8z/mL/jP/p4/9r/+i//urX4abndHM2p3bgfyPUf6Q7X8X+RNQ0xiDf779Inn/2/G/b21ozDZz4L77kO/rc78OfY1bomyeW5uYZ7bkyP2/CyslfR07OT3h3Ld2RPNapjEdfbw9orRPLcUFP8ZXDb5AOrhsUsoP+4p2baC5f343sHDj0cfv/j9X+RXzV3/x+u5XVzZ3dn/+L00sP/8F3/eH/1f/Bl/03/9Z/69//Wf9wf9V3/FH/xf/CGU4fuL/4u/6O/yFTPp5aP/8e/7o/7zf+APl+/+x7/vj/5aqx54bq/KzPM1Z0onqAaHfB3iyHLJA/pfurP7aH//0c6nP7RFuluoZ/PcrhWeH4n57Z6fGzF/wGL+3ap++6ysru5+cX28WpXXd/nf3/8Hr1ci7RNC4f7DDxD3//oP/ZP/87/zL/jP/7y/6b/+U//g//wv+zP+qz/4z/rP/p6/5z//k/+s/+wf/Iv/iz/4b/yv/8g/8r/+c/+IruhvqeD/0X/3nZ9vYr938IjWAX4k9j8S+69FPTybxf7gR2IfPl9z5n4k9p3nR2J/u+fnRuw/fQ+xv/fNiP1/9Tf+nf/5H/xH/pd/2t9Kv/xI1FXUHz7aP3i0+/BHov4jUf961MOzWdTvv4eo7/1I1O3zjYr6p+nO/Uf7MOw/EvUfifrXox6ezaK+v1nUNWMnor77zYg6raT853/4X/df/ml/1X/+p/7BJPD/9V8y6Mb/RX/XzzuB3/300f37PxL4Hwn816Mens0Cf+89bPvONyPw/8Uf9Pf+F3/a3/if/5V/2n/29/05/8Wf8Uf+Z3/v3/EjC68Cv/9ol5z5nf+/CPzXYdkfCfzPrsDv/UjgzfM15+xHAt95fmThb/f83Aj8zu0FnlbqfyTw4fNNC/y9R/f2Hu3/SOB/JPBfk3p4Ngv87o8E3jxfc85+JPApA8omZX4DrOFvN+A9gGO8xw4c792w/eNZcclylc0+Spv2usw/+2hVNUVbVMtHaTZpqnLd5v50WjG6++L3f1lMf7Jq87v45/d/Pa+ujsuSPmNZ+Shts/oiJ7Xx+0/KbPm2yxJO+9xtrtuVvjOp6llef/bRTtClZeHHdwlf+l3/aqZ1sfKF4jKr03fpZ+n9nVF6TT8/3el8Vyzp07Ze5/S9/T1s07T5ir7YDT+d5WUGiPc6EKvJT9Ons2q6XuTLdkwDPi1z/Prk+my2BbLecS+cr5dTUDY9L6usPX66dSf9xSFVAPI5AXxD//d6Ml+98vuaVLPrMekx+v270JfpNrAZV+fnTS6f9AE8IQAPPj0Imn6b1XvYFt8yO4yheumld+knnZ6J+FVZPqevh15tKxDyeuDNN9UqfPGddsMT8K10C5P1e6S76aN0e9cjIp7inL5OH6fPiYDepB4yjOfpL4m1PkpfudbnWdlo81fd5teKtMHjejMe14THG0B2DHXIMN7E8LgmPJ641ooHmj/xm3u/YtqKtqQWNFdnyzavL7Ny6yPLQh+NhDk91Hhul4tq3eTVZV6jH+U8cFw6LfOstpAI9h2/P//lddt991aYGHCP71oJNTI79NxCYXuOwT3oiku1OMRmN9mb94O+++nOe8LH8xsnj5nt0/Z6RVq0zd+1d6dNY159/LvKz+3tlBWw/OWJP+z7dlP8IH+U7u6t3qnBAyVBu/HrN7/P89NdvPBj7CA8Sn/8GT+eZWQQVyzOj0iVlrPudwp+PwBPj0Df6+FkevqUn6/R04Hfk9/Xvdv1pfiRrei1F1PxKN2JD2b/dh3gue1gBsh2f7Cnew+Pj7/WBH0a7+mg11OcafBEXn/Ye/0mQMHru2qQ+gO9mhdt/jWGGWJMmqotplm5zXL3aFHMZqWBGiLSZ55hqGYudviJghuewDiraD/3g378MWPIed3pqyF/qNdR39fyQP5gu1jO8neP0nveh6yj6CMnWXgW5GsVS1gowirdof/u3+vNYjsL+v+xSTZ9e1FX6+VsmyPARxwL3TXRYLu7u10jFvz4TggIRpwVkfS6DRfByKH5jJRm96Na+CH8cFK1bbWwnzr66jT6SJpZOd87v3e+T18SPmRioHRJyT5mtWp1OE22i1x3d/Y+9Z3LdJqX5SqbzYrlhf27WWVT87e6wkrs3U8x1wqN/iRo9PdH0zJrGtL06Neq+cBJ940KI+TbFPa7wRUfHWlz96K87A9oD697I/A/72LfHV2/V3IApvMBqxYOIfxm5mceICbULQHeo9+VGLNNttIP6B7jVfOaKpiPjv7zP+PP+y/+mL+cZpW+HA6EYsacY5y0H1xtHo41+fc9btkHqS3fcajzxTVyA/TLa5qwu4t3d3f3Hu7d29399N793Qc793b37u+Mf3p18RHiI2We6bpuwK/zbDnzUg4/nV1m4hY9uiL5rq7G1Spfkty9+P1fof+7X9C0/d70f0k50HQ9oORE+jGt9//nf+LfJfTB34otdT/SUdz/9P6orapyktWfLatRSh732vwuPjf91fCfdU5CBvbCX2U1zaCEpGGbtWs0oiTHYO7gMUnvL1rneTor6pydw884TpBejsl5XLaf7Q28y0kOoRF+JUknN3hKBPuv/94/+T/7+//Uj0T7Up5mZ+fePXA99AGlvYbYdZrDFY1/+V/+5X/+l8f/9V/8d/+Xf+7f8F/9g3/Sf/UX/3H/xR/1J/3nf8xf+D/+fX/w70pPOhCKP767CWaquZjHd5UKRnw3PxuYebhJJOgfCPg3KotvUEFEcPw51Rf/4F/7X/zxf+d//jf+ff/VH/XXfG2tMYy9j7FVD5RzfT9ot6RQkPToPjdlwZRIIlwsMLsfHf0nf+afqMx6cyptU+opxNKyixjvTVi7bNH1DzKT5NmcGApe78/5vY/+8z/qjxBd+J/9XX/Qf/4n/1X/+d/wR/8Xf8KfMvVbHEWbKHsMJ0T/3zGpPkb/b5/UF7//i/yqoR9v8lL+fV407TczzUf/9R/05/xn/+Bf/J///X/6jyYu/Oobmbgv8qYhP/+u/vwiW9K/MnPvPVP/+V/2Z/znf+Tf81/+6X/2f/VX/UHf4GT9UCzdG0DbjY35Vo7jvb2vyyY3zLBxTO/d+4Y7+DCpGLTi78GGN1v1/+LP/Mv/y7/qj/0v/sQ/6b/8y/4eZSj/pf/3/3uTghgmDh4ljSetJ1mZL2cUeczy82xdqoo98hZRNGrf2d2+2Pv9dx7IGu7db0QO+eON7BFIleWPezaOtpHz/s5m/bKZLng6YT7ittuL/4ae/Wd4sLGnq4/D3MG9G0Yce3T+N1uP24O8RfbbPN2xBOvvXQm/xWzxE115x3LhFxSgcuBr2dv8crY8r2z8e3D/6y24wwX8c/96cgH/i7/r76I/l/mVL6K01Gwymrd93m8t/X3Ifrv157hB7D63gPMjGfp5J0Offj0Z+q/+hr/4P/+j/hQJoNKoDHkL5bd5/r8uQx9qTPv9e+9qe9fmcbFc0SKsLCnOaUUkX36ULrMF0ottubPzu3HKcPd3+zZ/9azIy9mu+LX8tWQUd3//8GviwTXLA/kH1MUiWynILzJ1ivGLQSmrc0ppzjNggGQfDDwpiwa+6d7o09Hu/U9HyK7fwJW+40Ks6IZv2ZqRoZza6ugDF4tv4ISbNVOQ+blvtZEqQVnbuHc7laSqFkT9/X//HSK5Ubo7e/supfTg4fusTtyiWzw3j9N/MOa6upIxD+VaB5++I1oWy7f3aMTiiJpRP+gMOivpF5n6G/vQ5z1UAp5gXBuDtdgzOK69cFz+YtPeD2tc79Eaz+BY7gVjeXDfG8vu/s/2WG6ptvG8P0NPLsxawjN+BgZ5/33Y4v8tY/PD8MFxHgTjfPg+48TTW1P93X8WPEX/eT8y+I+fMzm4nW6OPe8xu90HGAS+nmY14G/uppLb+Lpo4elkBeZtu3p09247WYybNp+Ol3nbz7n+l3/uP/Bf/AV/2H/+h/9R//Wf9sf+l3//nwzny/fffsb/43H29XHDE6C1t3sw3h2Th0D/373brpfLnLTNedVH8b/6B/88yvX8l3/r3/tf/r1/4c8qfngCHEG2Zm6pd/dq1dxdVXWblX0sU1lE/M//+L/1v/gz/44fErJ4AoSvrq42zPV//ef8lf/1H/yn3jzLIcySVvqWWG22gL8ZxPHEMfzP//A/5z//e/+e98XzoqpmP11NvNnKJwtOWtd3aRk9fzeet4tvEHc8PWn6e//q/+JP/6P+qz/oD/0v/qK/6z//u//W//xP/JveawjX1br12O0bRhZPnOD/9Z//p/znf/ffpgT/ep1+TbX4HgbQPLeLz/znPXB7D3zezxJ9PYN8bzdckHiPDvH8f8w6W7//h26d32Pa/efDhqvTsrf/Qx8uno3OyNfFB89/8bf8NWcnL//zv+yP3Hm48/Dhvf0H//mf+Hem/+Uf/Uf9F3/+H/pf/NF/0H/x5/3Rjx7Piku/uz0bQM+KZlVm14/SYknOQP4haOD5z/6uP+a/+Nv/TtFx/9Uf8hf/Z3/v36/uzt+J1SNkf//Ev+vxXcLmA/oRTZ6eVKvrGuyb/sIp/Xq4t7O7kxpzvF1l42m1SI/LMuWES5O+ypu8vsxnYwXwX/wxRJq/8b/40/7G/+KP+4Mfebm8IxnDf/kn/NH/+Z/x5/2Xf+Wf/F/8MX8QrXn/F3/w32iw/5HCvg0+t8Ph66eNhuFHYHbghO/6/IhUdL04QtZrUs2u+RdyYsqj3zj5fwDrcr1/BUIBAA==" />
        <Entry handle="5" bytes="H4sIAAAAAAAEAO29B2AcSZYlJi9tynt/SvVK1+B0oQiAYBMk2JBAEOzBiM3mkuwdaUcjKasqgcplVmVdZhZAzO2dvPfee++999577733ujudTif33/8/XGZkAWz2zkrayZ4hgKrIHz9+fB8/Ih7P20V59HieZ7Ojx23RlvnRl5Ofzqdtuqgu89nju/LZ47vSYlLNro9+4+TxfC9olrZV+jhL53V+/tlH87ZdPbp7t6ymWTmvmvbRp5/u7t49W87yd+OsWb376Gie1/nju9nRmMDuAdxdhkt/AZnfOPl/AA5e25uVAAAA" />
        <Entry handle="4" bytes="H4sIAAAAAAAEAO29B2AcSZYlJi9tynt/SvVK1+B0oQiAYBMk2JBAEOzBiM3mkuwdaUcjKasqgcplVmVdZhZAzO2dvPfee++999577733ujudTif33/8/XGZkAWz2zkrayZ4hgKrIHz9+fB8/In7/3/8nz06/+/rN8ZvTz373vfOr05dPr776vZ6/+erdFz/9dveLn764+vLzV2+Ln35w7/d58OlPFMWT03I9/YpaPp22nz774kHz8Kvf/d7sF66bvF5mi/yzbLYolr9wlTXNVVXP9M8n67atlruf/T8TBus9bQAAAA==" />
        <Entry handle="3" bytes="H4sIAAAAAAAEAO29B2AcSZYlJi9tynt/SvVK1+B0oQiAYBMk2JBAEOzBiM3mkuwdaUcjKasqgcplVmVdZhZAzO2dvPfee++999577733ujudTif33/8/XGZkAWz2zkrayZ4hgKrIHz9+fB8/In7j5DdOHv+uT788efP7vDxN5+2iTF9+9eT52Un60fbdu9+9d3L37tM3T9Pf+9tvvnie7o530jd1tmyKtqiWWXn37umLj9KP5m27enT37tXV1fjq3riqL+6+eXX3HWDt4mX9dbv13hzP2tlHR9T1Im+zFAC281+0Li4/++j33v7qePukWqyytpiU+UfptFq2+bL97KOz089OF+sya/Oz0wcfpXfxOiP8blEum88iaOw+fPhQev/o6HHTXpc5vTNuZ+kvTstimW/P8+Ji3j5K9/ZX7w5/CX1VLFfrdpe+Nt/sHtA36VUxa+f0x70Daff4rgH2eJ5ns7SYffbRt+mXXeqmN6ATwX/7zfXKH02bv2vvArXDdDrP6iZvP7uY7N3b3cPIHrdFy/B/7L/4C/6w/+zv/Tv+8z/8r/vP/8S/6z//Y/4C+uW//Bv+4v/yT/oj/su/9e/9L//evxCoSNPHNKC3aZ2Xn33EuDXzPG8/SlvqVPuaNs1H6bzOzz/7iH69+xqtXqPV8+qiWI75a9D0N05Seh4307pYtWlTTz/76Kezy0z+vkszs8iWs/FPNwFw14JIcFd+Owog6V94ztfLKdggLZZFu3Un/cXuKzyzarpeEI3GF3l7Wub49cn12Wzro3WT18tskX90Z3xObZqtO4fv/+ZlVq7z9LP0o4+8l39JBLnrn56/fdvHrjhPt96jH3TUg4EnK/O63fr4v/ob/87/6h/4U//zP/wv/y//tL/qv/ij/s7//E/64//Lv/Jv+h//vj/44+7Y8Nym3zhl8NR5u66X6XlWNnnna2/8eDaOcZU1zVVVz77GGP/zv/GP+C//oj/4vUfn9fiho4tN9Ou8Pamqt0W+BRKOUh7Vnbt3/7O/6y/7z/6uv+Y//xP/kP/iT6cZ+eP+s7/rD6I//4s/62+ccuP/8s/5w2iy/vO//k/yv/rP/6C/z3XQIchlVqdPs+uGeO/ezmF69+5/8df/ZanASv/zv+mP+K/+kr/2P/sH//z//K//s+jb9D//y/7q/sv5uxW9u8yvCEybExHwxd279oOPnubTfDHJ6/Te7igl1XfwUZdQBGJMmuZNsci38PuF/n4n/URw+xbpQvrn0x3zz+7Ozs6gmCn2hBQRjkB89NlH9G/eTLNVviVkxKeH1FVR5418S9221edfvHnd1sXyIpjL2OxcBLND0/Kf/4l/hvTb/Od/5N9PU2Pe2Ej4rK4JzQ7i40XWTudbIOCr/OL03Wrro63f72fSO0DTjmjre7/f4fe/dWfr8Gd+tzsf3emSApIC2L8r0WBdlncMG66XSgX68nt736e50i/Q6tAoWTyxMc/ysjPmP+ov+q//7L9MsN44zh6P3Hb+t9PdbmPAm9IsEsDOJESIwA0tFW7gEG78NRijZ1lgw7o2jr4sFhe/eEIKI68f7ahln1RtWy2ekfUF1aZVWdWPfjzPz+lBP+f0xXZT/CB/tLtHb/zGCd5pM3JAdtFege2u3qU/vrO7f57tpU1VFjNGUbyD3f0dfjE1vsPuQ/07nWTTtxd1tV7OtotFdpE/WtflFv/W3OU+6vFFca7j9RrX+SrP2kfLSn8TtDzn4y68D/wyqWbX7IU8oV92QQKmz3lVL5jyn32EX3c/Ssk7mVfUblU15B1kzG6fkeI4z9ZlO86a1buPGI40B+hZcYkf7BkpqefFbJYvP1LIv//v/5Nnp999/eb4zam8G3zAWuCzj+5enb58evXV7/X8zVfvvvjpt7tf/PTF1Zefv3pb/PSDe7/Pg09/oiienJbr6Vd3n07bT5998aB5+NVn6uLdFQyUGR5Pia3y+sh4FU5UPlquFx/d8VjkMdNWUdqhwfNEffbR7s7e/Y90lj776NMHBx/p/H720Q45aHlZrrLZjFjQ/t2ssqn+DZ/scVvjB/2cmdn+7KP7n8K5Q1Mi6EMCecFM9tlHP77/5OHD05OPjn6M3rjbzhjCXQHhQzKAHn7qvWze/YXLSbM6NK9ze9sZeYyOaT77iBnrLonA3b3ff+ceOMsNFrCP4lD2N0DZZygDL+7Fxhriu2m49x/cRLfbw9p9sOsBuwVityfkgZDghteJ24sL+rWtVh+lLKaffeQJtKqd/cnDh/mU6CkMatly53d3M7W7jwl5H7Z0+lhI4/7GJzPTzb17Xi/39jtDGnjp/u7vfruGu58ON9SZ89+L4Wlxe0AUIupLCKLqEipHWNr0+GDno7uGM7ugdDbK/BxhSZlN8rLTCg1FtYkys460Z1VEq7lvpiX5o/QVWwdRUgG8u9JRHKdviDh7exHiwE8W4rw3bXwaWHdbaeD+Bh3cXz06/OyO+N5mDvxaX74vDgc3SEFIVBHvrynEcWy0IzNhMkHNerIoWmOPn6zJ01nuWtP7UVotp2UxffvZR+qDamR7KBNq2/f1lXgrKdyVj502/EXrHCMY//TqIhrHve+j2ZV9+Es28bJ3H3+p35XuDLAXHje9/r8bGhuJF+KR+5lb2k2zJc2JJV36PkR5V2TVD5Um9Ie1yeHbPbbmj8CNHyajHSBi/25lY4fs6u7uoF39IEdgz/fG7r+vI7DBF9pVX+g9cNl92PFwhkDfvwG0US/iAn/U6+n+3m062vn0yefgU7zPEMi/Tg2fq4fy7NmzQy8kQnp0kdWUJtwmz+bRHnPeMJOfVKvrGiilv3BKvx6m/9nf9cf8F3/73/lf/zl/5X/9B/+p/9Uf8hf/Z3/v3/9f/rn/AGU2//O/8y//L/+qP/Y//6P+CMlvpns7Ow/T47JM+e0mhWzWl/lMKPJf/C1/zdnJy//8L/sjdx7uPHx4b//Bf/4n/p0mOuiiEP98w3Txzx/rmdSd3cCg7n7qRQ6kMrOSfoaO8e0A3d/9huA8+Gbg7N7f/2YAfVME2tvf+WYA7X5675sBtP8NkfpgIz7KmkbT4jeNeIWZH99FaM6fI+jnX7CKcPQbJ/8PMkql18sZAAA=" />
        <Entry handle="2" bytes="H4sIAAAAAAAEAO29B2AcSZYlJi9tynt/SvVK1+B0oQiAYBMk2JBAEOzBiM3mkuwdaUcjKasqgcplVmVdZhZAzO2dvPfee++999577733ujudTif33/8/XGZkAWz2zkrayZ4hgKrIHz9+fB8/Ih7P20V59HieZ7Ojx23RlvnRl5Ofzqdtuqgu89nju/LZ47vSYlLNro9+4+TxfC9olrZV+jhL53V+/tlH87ZdPbp7t6ymWTmvmvbRp5/u7t59mp9n67IdZ83q3e/xKm/X9fKruvzsd987P88ui2m1HNM/Hx3N8zp/fDc7GlOPe+jpLndJfwHP3zj5fwA7MIfwsAAAAA==" />
        <Entry handle="1" bytes="H4sIAAAAAAAEAO29B2AcSZYlJi9tynt/SvVK1+B0oQiAYBMk2JBAEOzBiM3mkuwdaUcjKasqgcplVmVdZhZAzO2dvPfee++999577733ujudTif33/8/XGZkAWz2zkrayZ4hgKrIHz9+fB8/Ih7P20V59HieZ7Ojx23RlvnRf/En/kn/5V/29/xn/+Bf/F/8wX/j47vy2eOyWL5N67z87KOmvS7zZp7n7Udpe73KP/uozd+1d6dN81E6r/Pzzz6iX+/mdV3VY3x49LiZ1sWq9Rv/dHaZyacfpU09/ewj94G8+dPN+Kfx6l350MA4uiqWs+pqXC3LKpt9dr5eTtuiWm7d+cVtscjrz5q8fUO/VOt26yNtWlbTDG3GjNvHT/PzbF2246xZvfv4o1F6/85h+ktcN3eFEJNqdn30eFZcptMya5rPPp5U737/SVXP8vpjItZuh0b0wePVUfr4vFq2KdPns4/w+/Z5tijK60cf/+d/wx/7n/39f+rHHx3953/eX/Vf/j3/4H/xZ/4d//Wf+bf9V3/HH06//I9/3x/3n/1df89/9vf8Ef/FH/JX/Zd/zh/2X/1tf8V//if+nf/53/BH/+d/+F9FX/1Xf+Pf+V//kX/8f/Fn/E3/5Z/99/7nf/+f/rs+vgu41NWkvnv0OFOC+4P6KD36nv/K9x/fzai9afrjjtKPpmXV5IcfpdVyWhbTt/4sPFLqcZOtO4cfHX3vP//D/9b/+s/86//Lv+bP/M//xL+UgT6+u6L/E5HoXyHYXWam/weQaPGdUwIAAA==" />
        <Entry handle="0" bytes="H4sIAAAAAAAEAO29B2AcSZYlJi9tynt/SvVK1+B0oQiAYBMk2JBAEOzBiM3mkuwdaUcjKasqgcplVmVdZhZAzO2dvPfee++999577733ujudTif33/8/XGZkAWz2zkrayZ4hgKrIHz9+fB8/Ih7P20V59HieZ7Ojx23RlvnRl5Ofzqdtuqgu89nju/LZ47vSYlLNro9+4+TxfC9olrZV+jhL53V+/tlH87ZdPbp7t6ymWTmvmvbRp5/u7t59mp9n67IdZ83q3e/xKm/X9fKruvzsd987f/H7f3H93ap+y7++brOafsGPL7JldpHzCx8dzfM6f3w3OxoTJnvA4C6jQn8B/984+X8APsRL1MgAAAA=" />
      </ByteArrayCache>
      <TestRunConfiguration name="本地测试运行" id="17587b2d-e938-4c25-8349-4765186e912a">
        <Description>这是本地测试运行的默认测试运行配置。</Description>
        <Deployment runDeploymentRoot="E:\OA\Tunnel_OA\TestResults\Administrator_PC-201005261001 2010-07-09 12_54_55" />
        <TestTypeSpecific>
          <WebTestRunConfiguration testTypeId="4e7599fa-5ecb-43e9-a887-cd63cf72d207" />
        </TestTypeSpecific>
      </TestRunConfiguration>
      <WebTestResultDetails>
        <WebTestResultIterations>
          <WebTestResultIteration iterationNumber="1">
            <WebTestResultGroup>
              <WebTestResultPage>
                <WebRequestResult redirectUrl="http://localhost:6611/Default.aspx?ReturnUrl=/N_MyWork/N_Star/StarManage.aspx" exceptionMessage="" run="0" submitted="true" cached="false" isRedirectFollow="false" requestBodyBytesHandle="-2" responseBytesHandle="0">
                  <Request url="http://localhost:6611/N_MyWork/N_Star/StarManage.aspx" command="GET /N_MyWork/N_Star/StarManage.aspx HTTP/1.1" encoding="gb2312">
                    <Headers>User-Agent : Mozilla/4.0 (compatible; MSIE 7.0; Windows NT 5.1)
Accept : */*
Accept-Language : zh-CN
Accept-Encoding : GZIP
Host : localhost:6611
Connection : Keep-Alive
</Headers>
                  </Request>
                  <Response url="http://localhost:6611/N_MyWork/N_Star/StarManage.aspx" contentType="text/html; charset=utf-8" statusLine="HTTP/1.1 302 Found" pageTime="0.01" time="0.009" statusCodeString="302 Found" contentLength="200">
                    <Headers>Connection : Close
Content-Length : 200
Cache-Control : private
Content-Type : text/html; charset=utf-8
Date : Fri, 09 Jul 2010 04:54:57 GMT
Location : http://localhost:6611/Default.aspx?ReturnUrl=%2fN_MyWork%2fN_Star%2fStarManage.aspx
Server : ASP.NET Development Server/9.0.0.0
X-AspNet-Version : 2.0.50727
</Headers>
                  </Response>
                  <Context>
                    <Entry name="$TotalAgents" value="1" />
                    <Entry name="$ControllerName" value="PC-201005261001" />
                    <Entry name="$AgentName" value="PC-201005261001" />
                    <Entry name="$TestLogsDir" value="E:\OA\Tunnel_OA\TestResults\Administrator_PC-201005261001 2010-07-09 12_54_55\In\PC-201005261001" />
                    <Entry name="$TestDeploymentDir" value="E:\OA\Tunnel_OA\TestResults\Administrator_PC-201005261001 2010-07-09 12_54_55\Out" />
                    <Entry name="$AgentId" value="1" />
                    <Entry name="$AgentLoadDistributor" value="Microsoft.VisualStudio.TestTools.Execution.AgentLoadDistributor" />
                    <Entry name="$TestDir" value="E:\OA\Tunnel_OA\TestResults\Administrator_PC-201005261001 2010-07-09 12_54_55" />
                    <Entry name="$AgentWeighting" value="100" />
                    <Entry name="$WebTestIteration" value="1" />
                    <Entry name="$WebTestUserId" value="1" />
                  </Context>
                </WebRequestResult>
                <RedirectedPages>
                  <RedirectedPage>
                    <WebRequestResult exceptionMessage="" run="0" submitted="true" cached="false" isRedirectFollow="true" requestBodyBytesHandle="-2" responseBytesHandle="1">
                      <Request url="http://localhost:6611/Default.aspx?ReturnUrl=%2fN_MyWork%2fN_Star%2fStarManage.aspx" command="GET /Default.aspx?ReturnUrl=%2fN_MyWork%2fN_Star%2fStarManage.aspx HTTP/1.1" encoding="gb2312">
                        <Headers>User-Agent : Mozilla/4.0 (compatible; MSIE 7.0; Windows NT 5.1)
Accept : */*
Accept-Language : zh-CN
Accept-Encoding : GZIP
Referer : http://localhost:6611/N_MyWork/N_Star/StarManage.aspx
Host : localhost:6611
</Headers>
                      </Request>
                      <Response url="http://localhost:6611/Default.aspx?ReturnUrl=%2fN_MyWork%2fN_Star%2fStarManage.aspx" contentType="text/html; charset=utf-8" statusLine="HTTP/1.1 200 OK" pageTime="NaN" time="0.001" statusCodeString="200 OK" contentLength="595">
                        <Headers>Connection : Close
Content-Length : 595
Cache-Control : private
Content-Type : text/html; charset=utf-8
Date : Fri, 09 Jul 2010 04:54:57 GMT
Server : ASP.NET Development Server/9.0.0.0
X-AspNet-Version : 2.0.50727
</Headers>
                      </Response>
                      <Context>
                        <Entry name="$TotalAgents" value="1" />
                        <Entry name="$ControllerName" value="PC-201005261001" />
                        <Entry name="$AgentName" value="PC-201005261001" />
                        <Entry name="$TestLogsDir" value="E:\OA\Tunnel_OA\TestResults\Administrator_PC-201005261001 2010-07-09 12_54_55\In\PC-201005261001" />
                        <Entry name="$TestDeploymentDir" value="E:\OA\Tunnel_OA\TestResults\Administrator_PC-201005261001 2010-07-09 12_54_55\Out" />
                        <Entry name="$AgentId" value="1" />
                        <Entry name="$AgentLoadDistributor" value="Microsoft.VisualStudio.TestTools.Execution.AgentLoadDistributor" />
                        <Entry name="$TestDir" value="E:\OA\Tunnel_OA\TestResults\Administrator_PC-201005261001 2010-07-09 12_54_55" />
                        <Entry name="$AgentWeighting" value="100" />
                        <Entry name="$WebTestIteration" value="1" />
                        <Entry name="$WebTestUserId" value="1" />
                      </Context>
                      <Errors>
                        <Error type="ValidationRuleError" subType="ValidateResponseUrl" text="ExpectedResponseUrl 属性“http://localhost:6611/default.aspx”的值不等于实际的响应 URL“http://localhost:6611/Default.aspx”。QueryString 参数已被忽略。" time="2010-07-09T12:54:57.7812500+08:00" />
                      </Errors>
                      <ValidationRuleResults>
                        <ValidationRuleResult success="false" message="ExpectedResponseUrl 属性“http://localhost:6611/default.aspx”的值不等于实际的响应 URL“http://localhost:6611/Default.aspx”。QueryString 参数已被忽略。" ruleType="验证" name="响应 URL" />
                      </ValidationRuleResults>
                    </WebRequestResult>
                  </RedirectedPage>
                </RedirectedPages>
              </WebTestResultPage>
              <WebTestResultPage>
                <WebRequestResult redirectUrl="http://localhost:6611/Default.aspx?ReturnUrl=/favicon.ico" exceptionMessage="" run="0" submitted="true" cached="false" isRedirectFollow="false" requestBodyBytesHandle="-2" responseBytesHandle="2">
                  <Request url="http://localhost:6611/favicon.ico" command="GET /favicon.ico HTTP/1.1" encoding="utf-8">
                    <Headers>User-Agent : Mozilla/4.0 (compatible; MSIE 7.0; Windows NT 5.1)
Accept : */*
Accept-Language : zh-CN
Accept-Encoding : GZIP
Host : localhost:6611
</Headers>
                  </Request>
                  <Response url="http://localhost:6611/favicon.ico" contentType="text/html; charset=utf-8" statusLine="HTTP/1.1 302 Found" pageTime="0.002" time="0.001" statusCodeString="302 Found" contentLength="176">
                    <Headers>Connection : Close
Content-Length : 176
Cache-Control : private
Content-Type : text/html; charset=utf-8
Date : Fri, 09 Jul 2010 04:54:57 GMT
Location : http://localhost:6611/Default.aspx?ReturnUrl=%2ffavicon.ico
Server : ASP.NET Development Server/9.0.0.0
X-AspNet-Version : 2.0.50727
</Headers>
                  </Response>
                  <Context>
                    <Entry name="$TotalAgents" value="1" />
                    <Entry name="$ControllerName" value="PC-201005261001" />
                    <Entry name="$AgentName" value="PC-201005261001" />
                    <Entry name="$TestLogsDir" value="E:\OA\Tunnel_OA\TestResults\Administrator_PC-201005261001 2010-07-09 12_54_55\In\PC-201005261001" />
                    <Entry name="$TestDeploymentDir" value="E:\OA\Tunnel_OA\TestResults\Administrator_PC-201005261001 2010-07-09 12_54_55\Out" />
                    <Entry name="$AgentId" value="1" />
                    <Entry name="$AgentLoadDistributor" value="Microsoft.VisualStudio.TestTools.Execution.AgentLoadDistributor" />
                    <Entry name="$TestDir" value="E:\OA\Tunnel_OA\TestResults\Administrator_PC-201005261001 2010-07-09 12_54_55" />
                    <Entry name="$AgentWeighting" value="100" />
                    <Entry name="$WebTestIteration" value="1" />
                    <Entry name="$WebTestUserId" value="1" />
                  </Context>
                </WebRequestResult>
                <RedirectedPages>
                  <RedirectedPage>
                    <WebRequestResult exceptionMessage="" run="0" submitted="true" cached="false" isRedirectFollow="true" requestBodyBytesHandle="-2" responseBytesHandle="1">
                      <Request url="http://localhost:6611/Default.aspx?ReturnUrl=%2ffavicon.ico" command="GET /Default.aspx?ReturnUrl=%2ffavicon.ico HTTP/1.1" encoding="utf-8">
                        <Headers>User-Agent : Mozilla/4.0 (compatible; MSIE 7.0; Windows NT 5.1)
Accept : */*
Accept-Language : zh-CN
Accept-Encoding : GZIP
Referer : http://localhost:6611/favicon.ico
Host : localhost:6611
</Headers>
                      </Request>
                      <Response url="http://localhost:6611/Default.aspx?ReturnUrl=%2ffavicon.ico" contentType="text/html; charset=utf-8" statusLine="HTTP/1.1 200 OK" pageTime="NaN" time="0.001" statusCodeString="200 OK" contentLength="595">
                        <Headers>Connection : Close
Content-Length : 595
Cache-Control : private
Content-Type : text/html; charset=utf-8
Date : Fri, 09 Jul 2010 04:54:57 GMT
Server : ASP.NET Development Server/9.0.0.0
X-AspNet-Version : 2.0.50727
</Headers>
                      </Response>
                      <Context>
                        <Entry name="$TotalAgents" value="1" />
                        <Entry name="$ControllerName" value="PC-201005261001" />
                        <Entry name="$AgentName" value="PC-201005261001" />
                        <Entry name="$TestLogsDir" value="E:\OA\Tunnel_OA\TestResults\Administrator_PC-201005261001 2010-07-09 12_54_55\In\PC-201005261001" />
                        <Entry name="$TestDeploymentDir" value="E:\OA\Tunnel_OA\TestResults\Administrator_PC-201005261001 2010-07-09 12_54_55\Out" />
                        <Entry name="$AgentId" value="1" />
                        <Entry name="$AgentLoadDistributor" value="Microsoft.VisualStudio.TestTools.Execution.AgentLoadDistributor" />
                        <Entry name="$TestDir" value="E:\OA\Tunnel_OA\TestResults\Administrator_PC-201005261001 2010-07-09 12_54_55" />
                        <Entry name="$AgentWeighting" value="100" />
                        <Entry name="$WebTestIteration" value="1" />
                        <Entry name="$WebTestUserId" value="1" />
                      </Context>
                      <Errors>
                        <Error type="ValidationRuleError" subType="ValidateResponseUrl" text="ExpectedResponseUrl 属性“http://localhost:6611/favicon.ico”的值不等于实际的响应 URL“http://localhost:6611/Default.aspx”。QueryString 参数已被忽略。" time="2010-07-09T12:54:57.7968750+08:00" />
                      </Errors>
                      <ValidationRuleResults>
                        <ValidationRuleResult success="false" message="ExpectedResponseUrl 属性“http://localhost:6611/favicon.ico”的值不等于实际的响应 URL“http://localhost:6611/Default.aspx”。QueryString 参数已被忽略。" ruleType="验证" name="响应 URL" />
                      </ValidationRuleResults>
                    </WebRequestResult>
                  </RedirectedPage>
                </RedirectedPages>
              </WebTestResultPage>
              <WebTestResultPage>
                <WebRequestResult exceptionMessage="" run="0" submitted="true" cached="false" isRedirectFollow="false" requestBodyBytesHandle="-2" responseBytesHandle="3">
                  <Request url="http://localhost:6611/Default.aspx" command="GET /Default.aspx HTTP/1.1" encoding="utf-8">
                    <Headers>User-Agent : Mozilla/4.0 (compatible; MSIE 7.0; Windows NT 5.1)
Accept : */*
Accept-Language : zh-CN
Accept-Encoding : GZIP
Host : localhost:6611
</Headers>
                  </Request>
                  <Response url="http://localhost:6611/Default.aspx" contentType="text/html; charset=gb2312" statusLine="HTTP/1.1 200 OK" pageTime="0.001" time="0.001" statusCodeString="200 OK" contentLength="6603">
                    <Headers>Connection : Close
Content-Length : 6603
Cache-Control : private
Content-Type : text/html; charset=utf-8
Date : Fri, 09 Jul 2010 04:54:57 GMT
Server : ASP.NET Development Server/9.0.0.0
X-AspNet-Version : 2.0.50727
</Headers>
                  </Response>
                  <Context>
                    <Entry name="$TotalAgents" value="1" />
                    <Entry name="$ControllerName" value="PC-201005261001" />
                    <Entry name="$AgentName" value="PC-201005261001" />
                    <Entry name="$TestLogsDir" value="E:\OA\Tunnel_OA\TestResults\Administrator_PC-201005261001 2010-07-09 12_54_55\In\PC-201005261001" />
                    <Entry name="$TestDeploymentDir" value="E:\OA\Tunnel_OA\TestResults\Administrator_PC-201005261001 2010-07-09 12_54_55\Out" />
                    <Entry name="$AgentId" value="1" />
                    <Entry name="$AgentLoadDistributor" value="Microsoft.VisualStudio.TestTools.Execution.AgentLoadDistributor" />
                    <Entry name="$TestDir" value="E:\OA\Tunnel_OA\TestResults\Administrator_PC-201005261001 2010-07-09 12_54_55" />
                    <Entry name="$AgentWeighting" value="100" />
                    <Entry name="$WebTestIteration" value="1" />
                    <Entry name="$WebTestUserId" value="1" />
                    <Entry name="$HIDDEN1.__VIEWSTATE" value="/wEPDwUKLTUxMjk1MjgwOGRkij73Y76QiiBElucU/Dct6FM7s9U=" />
                    <Entry name="$HIDDEN1" value="System.String[]" />
                  </Context>
                  <ValidationRuleResults>
                    <ValidationRuleResult message="通过" ruleType="验证" name="响应 URL" />
                  </ValidationRuleResults>
                  <ExtractionRuleResults>
                    <ExtractionRuleResult message="通过" ruleType="提取" name="提取隐藏的字段">
                      <RuleProperties>
                        <RuleProperty name="Required" value="True" />
                        <RuleProperty name="HtmlDecode" value="True" />
                      </RuleProperties>
                    </ExtractionRuleResult>
                  </ExtractionRuleResults>
                </WebRequestResult>
              </WebTestResultPage>
              <WebTestResultPage>
                <WebRequestResult redirectUrl="http://localhost:6611/Index.aspx" exceptionMessage="" run="0" submitted="true" cached="false" isRedirectFollow="false" requestBodyBytesHandle="4" responseBytesHandle="5">
                  <Request url="http://localhost:6611/Default.aspx" command="POST /Default.aspx HTTP/1.1" contentType="application/x-www-form-urlencoded" encoding="utf-8">
                    <Headers>User-Agent : Mozilla/4.0 (compatible; MSIE 7.0; Windows NT 5.1)
Accept : */*
Accept-Language : zh-CN
Accept-Encoding : GZIP
Content-Type : application/x-www-form-urlencoded
Host : localhost:6611
Content-Length : 109
Expect : 100-continue
</Headers>
                  </Request>
                  <Response url="http://localhost:6611/Default.aspx" contentType="text/html; charset=utf-8" statusLine="HTTP/1.1 302 Found" pageTime="0.419" time="0.012" statusCodeString="302 Found" contentLength="149">
                    <Headers>Connection : Close
Content-Length : 149
Cache-Control : private
Content-Type : text/html; charset=utf-8
Date : Fri, 09 Jul 2010 04:54:57 GMT
Location : http://localhost:6611/Index.aspx
Set-Cookie : .TunnelLogin=0745E5306243628CBD806B23D695B80E226FDC9A2B7D71DE7C28A02EF98EFE98157719240C6FD6CD4A3380CE79483946059F5987F7F6E982FE92630E4FF2ED8BDA3C30BB7ECEA75EB7459F828ADE40AC; path=/
Server : ASP.NET Development Server/9.0.0.0
X-AspNet-Version : 2.0.50727
</Headers>
                  </Response>
                  <Context>
                    <Entry name="$TotalAgents" value="1" />
                    <Entry name="$ControllerName" value="PC-201005261001" />
                    <Entry name="$AgentName" value="PC-201005261001" />
                    <Entry name="$TestLogsDir" value="E:\OA\Tunnel_OA\TestResults\Administrator_PC-201005261001 2010-07-09 12_54_55\In\PC-201005261001" />
                    <Entry name="$TestDeploymentDir" value="E:\OA\Tunnel_OA\TestResults\Administrator_PC-201005261001 2010-07-09 12_54_55\Out" />
                    <Entry name="$AgentId" value="1" />
                    <Entry name="$AgentLoadDistributor" value="Microsoft.VisualStudio.TestTools.Execution.AgentLoadDistributor" />
                    <Entry name="$TestDir" value="E:\OA\Tunnel_OA\TestResults\Administrator_PC-201005261001 2010-07-09 12_54_55" />
                    <Entry name="$AgentWeighting" value="100" />
                    <Entry name="$WebTestIteration" value="1" />
                    <Entry name="$WebTestUserId" value="1" />
                    <Entry name="$HIDDEN1.__VIEWSTATE" value="/wEPDwUKLTUxMjk1MjgwOGRkij73Y76QiiBElucU/Dct6FM7s9U=" />
                    <Entry name="$HIDDEN1" value="System.String[]" />
                  </Context>
                </WebRequestResult>
                <RedirectedPages>
                  <RedirectedPage>
                    <WebRequestResult exceptionMessage="" run="0" submitted="true" cached="false" isRedirectFollow="true" requestBodyBytesHandle="-2" responseBytesHandle="6">
                      <Request url="http://localhost:6611/Index.aspx" command="GET /Index.aspx HTTP/1.1" encoding="utf-8">
                        <Headers>User-Agent : Mozilla/4.0 (compatible; MSIE 7.0; Windows NT 5.1)
Accept : */*
Accept-Language : zh-CN
Accept-Encoding : GZIP
Referer : http://localhost:6611/Default.aspx
Host : localhost:6611
Cookie : .TunnelLogin=0745E5306243628CBD806B23D695B80E226FDC9A2B7D71DE7C28A02EF98EFE98157719240C6FD6CD4A3380CE79483946059F5987F7F6E982FE92630E4FF2ED8BDA3C30BB7ECEA75EB7459F828ADE40AC
</Headers>
                      </Request>
                      <Response url="http://localhost:6611/Index.aspx" contentType="text/html; charset=utf-8" statusLine="HTTP/1.1 200 OK" pageTime="NaN" time="0.407" statusCodeString="200 OK" contentLength="82437">
                        <Headers>Connection : Close
Content-Length : 82437
Cache-Control : private
Content-Type : text/html; charset=utf-8
Date : Fri, 09 Jul 2010 04:54:58 GMT
Server : ASP.NET Development Server/9.0.0.0
X-AspNet-Version : 2.0.50727
</Headers>
                      </Response>
                      <Context>
                        <Entry name="$TotalAgents" value="1" />
                        <Entry name="$ControllerName" value="PC-201005261001" />
                        <Entry name="$AgentName" value="PC-201005261001" />
                        <Entry name="$TestLogsDir" value="E:\OA\Tunnel_OA\TestResults\Administrator_PC-201005261001 2010-07-09 12_54_55\In\PC-201005261001" />
                        <Entry name="$TestDeploymentDir" value="E:\OA\Tunnel_OA\TestResults\Administrator_PC-201005261001 2010-07-09 12_54_55\Out" />
                        <Entry name="$AgentId" value="1" />
                        <Entry name="$AgentLoadDistributor" value="Microsoft.VisualStudio.TestTools.Execution.AgentLoadDistributor" />
                        <Entry name="$TestDir" value="E:\OA\Tunnel_OA\TestResults\Administrator_PC-201005261001 2010-07-09 12_54_55" />
                        <Entry name="$AgentWeighting" value="100" />
                        <Entry name="$WebTestIteration" value="1" />
                        <Entry name="$WebTestUserId" value="1" />
                        <Entry name="$HIDDEN1.__VIEWSTATE" value="/wEPDwUKLTUxMjk1MjgwOGRkij73Y76QiiBElucU/Dct6FM7s9U=" />
                        <Entry name="$HIDDEN1" value="System.String[]" />
                      </Context>
                      <ValidationRuleResults>
                        <ValidationRuleResult message="通过" ruleType="验证" name="响应 URL" />
                      </ValidationRuleResults>
                    </WebRequestResult>
                  </RedirectedPage>
                </RedirectedPages>
              </WebTestResultPage>
              <WebTestResultPage>
                <WebRequestResult exceptionMessage="" run="0" submitted="true" cached="false" isRedirectFollow="false" requestBodyBytesHandle="-2" responseBytesHandle="7">
                  <Request url="http://localhost:6611/css/fla6.swf" command="GET /css/fla6.swf HTTP/1.1" encoding="utf-8">
                    <Headers>User-Agent : Mozilla/4.0 (compatible; MSIE 7.0; Windows NT 5.1)
Accept : */*
Accept-Language : zh-CN
Accept-Encoding : GZIP
Host : localhost:6611
Cookie : .TunnelLogin=0745E5306243628CBD806B23D695B80E226FDC9A2B7D71DE7C28A02EF98EFE98157719240C6FD6CD4A3380CE79483946059F5987F7F6E982FE92630E4FF2ED8BDA3C30BB7ECEA75EB7459F828ADE40AC
</Headers>
                  </Request>
                  <Response url="http://localhost:6611/css/fla6.swf" contentType="application/octet-stream" statusLine="HTTP/1.1 200 OK" pageTime="0.04" time="0.04" statusCodeString="200 OK" contentLength="183063">
                    <Headers>Connection : Close
Content-Length : 183063
Cache-Control : public
Content-Type : application/octet-stream
Date : Fri, 09 Jul 2010 04:54:58 GMT
ETag : "1CB17298739C800"
Server : ASP.NET Development Server/9.0.0.0
X-AspNet-Version : 2.0.50727
</Headers>
                  </Response>
                  <Context>
                    <Entry name="$TotalAgents" value="1" />
                    <Entry name="$ControllerName" value="PC-201005261001" />
                    <Entry name="$AgentName" value="PC-201005261001" />
                    <Entry name="$TestLogsDir" value="E:\OA\Tunnel_OA\TestResults\Administrator_PC-201005261001 2010-07-09 12_54_55\In\PC-201005261001" />
                    <Entry name="$TestDeploymentDir" value="E:\OA\Tunnel_OA\TestResults\Administrator_PC-201005261001 2010-07-09 12_54_55\Out" />
                    <Entry name="$AgentId" value="1" />
                    <Entry name="$AgentLoadDistributor" value="Microsoft.VisualStudio.TestTools.Execution.AgentLoadDistributor" />
                    <Entry name="$TestDir" value="E:\OA\Tunnel_OA\TestResults\Administrator_PC-201005261001 2010-07-09 12_54_55" />
                    <Entry name="$AgentWeighting" value="100" />
                    <Entry name="$WebTestIteration" value="1" />
                    <Entry name="$WebTestUserId" value="1" />
                    <Entry name="$HIDDEN1.__VIEWSTATE" value="/wEPDwUKLTUxMjk1MjgwOGRkij73Y76QiiBElucU/Dct6FM7s9U=" />
                    <Entry name="$HIDDEN1" value="System.String[]" />
                  </Context>
                  <ValidationRuleResults>
                    <ValidationRuleResult message="通过" ruleType="验证" name="响应 URL" />
                  </ValidationRuleResults>
                </WebRequestResult>
              </WebTestResultPage>
              <WebTestResultPage>
                <WebRequestResult exceptionMessage="" run="0" submitted="true" cached="false" isRedirectFollow="false" requestBodyBytesHandle="-2" responseBytesHandle="8">
                  <Request url="http://localhost:6611/javascript/findmessage.ashx?_=1278651254640&amp;Uid=1" command="GET /javascript/findmessage.ashx?_=1278651254640&amp;Uid=1 HTTP/1.1" encoding="utf-8">
                    <Headers>User-Agent : Mozilla/4.0 (compatible; MSIE 7.0; Windows NT 5.1)
Accept : */*
Accept-Language : zh-CN
Accept-Encoding : GZIP
Host : localhost:6611
Cookie : .TunnelLogin=0745E5306243628CBD806B23D695B80E226FDC9A2B7D71DE7C28A02EF98EFE98157719240C6FD6CD4A3380CE79483946059F5987F7F6E982FE92630E4FF2ED8BDA3C30BB7ECEA75EB7459F828ADE40AC
</Headers>
                  </Request>
                  <Response url="http://localhost:6611/javascript/findmessage.ashx?_=1278651254640&amp;Uid=1" contentType="text/plain; charset=utf-8" statusLine="HTTP/1.1 200 OK" pageTime="0.002" time="0.002" statusCodeString="200 OK" contentLength="1">
                    <Headers>Connection : Close
Content-Length : 1
Cache-Control : private
Content-Type : text/plain; charset=utf-8
Date : Fri, 09 Jul 2010 04:54:58 GMT
Server : ASP.NET Development Server/9.0.0.0
X-AspNet-Version : 2.0.50727
</Headers>
                  </Response>
                  <Context>
                    <Entry name="$TotalAgents" value="1" />
                    <Entry name="$ControllerName" value="PC-201005261001" />
                    <Entry name="$AgentName" value="PC-201005261001" />
                    <Entry name="$TestLogsDir" value="E:\OA\Tunnel_OA\TestResults\Administrator_PC-201005261001 2010-07-09 12_54_55\In\PC-201005261001" />
                    <Entry name="$TestDeploymentDir" value="E:\OA\Tunnel_OA\TestResults\Administrator_PC-201005261001 2010-07-09 12_54_55\Out" />
                    <Entry name="$AgentId" value="1" />
                    <Entry name="$AgentLoadDistributor" value="Microsoft.VisualStudio.TestTools.Execution.AgentLoadDistributor" />
                    <Entry name="$TestDir" value="E:\OA\Tunnel_OA\TestResults\Administrator_PC-201005261001 2010-07-09 12_54_55" />
                    <Entry name="$AgentWeighting" value="100" />
                    <Entry name="$WebTestIteration" value="1" />
                    <Entry name="$WebTestUserId" value="1" />
                    <Entry name="$HIDDEN1.__VIEWSTATE" value="/wEPDwUKLTUxMjk1MjgwOGRkij73Y76QiiBElucU/Dct6FM7s9U=" />
                    <Entry name="$HIDDEN1" value="System.String[]" />
                  </Context>
                  <ValidationRuleResults>
                    <ValidationRuleResult message="通过" ruleType="验证" name="响应 URL" />
                  </ValidationRuleResults>
                </WebRequestResult>
              </WebTestResultPage>
              <WebTestResultPage>
                <WebRequestResult exceptionMessage="" run="0" submitted="true" cached="false" isRedirectFollow="false" requestBodyBytesHandle="-2" responseBytesHandle="8">
                  <Request url="http://localhost:6611/javascript/findmessage.ashx?_=1278651259640&amp;Uid=1" command="GET /javascript/findmessage.ashx?_=1278651259640&amp;Uid=1 HTTP/1.1" encoding="utf-8">
                    <Headers>User-Agent : Mozilla/4.0 (compatible; MSIE 7.0; Windows NT 5.1)
Accept : */*
Accept-Language : zh-CN
Accept-Encoding : GZIP
Host : localhost:6611
Cookie : .TunnelLogin=0745E5306243628CBD806B23D695B80E226FDC9A2B7D71DE7C28A02EF98EFE98157719240C6FD6CD4A3380CE79483946059F5987F7F6E982FE92630E4FF2ED8BDA3C30BB7ECEA75EB7459F828ADE40AC
</Headers>
                  </Request>
                  <Response url="http://localhost:6611/javascript/findmessage.ashx?_=1278651259640&amp;Uid=1" contentType="text/plain; charset=utf-8" statusLine="HTTP/1.1 200 OK" pageTime="0.009" time="0.009" statusCodeString="200 OK" contentLength="1">
                    <Headers>Connection : Close
Content-Length : 1
Cache-Control : private
Content-Type : text/plain; charset=utf-8
Date : Fri, 09 Jul 2010 04:54:58 GMT
Server : ASP.NET Development Server/9.0.0.0
X-AspNet-Version : 2.0.50727
</Headers>
                  </Response>
                  <Context>
                    <Entry name="$TotalAgents" value="1" />
                    <Entry name="$ControllerName" value="PC-201005261001" />
                    <Entry name="$AgentName" value="PC-201005261001" />
                    <Entry name="$TestLogsDir" value="E:\OA\Tunnel_OA\TestResults\Administrator_PC-201005261001 2010-07-09 12_54_55\In\PC-201005261001" />
                    <Entry name="$TestDeploymentDir" value="E:\OA\Tunnel_OA\TestResults\Administrator_PC-201005261001 2010-07-09 12_54_55\Out" />
                    <Entry name="$AgentId" value="1" />
                    <Entry name="$AgentLoadDistributor" value="Microsoft.VisualStudio.TestTools.Execution.AgentLoadDistributor" />
                    <Entry name="$TestDir" value="E:\OA\Tunnel_OA\TestResults\Administrator_PC-201005261001 2010-07-09 12_54_55" />
                    <Entry name="$AgentWeighting" value="100" />
                    <Entry name="$WebTestIteration" value="1" />
                    <Entry name="$WebTestUserId" value="1" />
                    <Entry name="$HIDDEN1.__VIEWSTATE" value="/wEPDwUKLTUxMjk1MjgwOGRkij73Y76QiiBElucU/Dct6FM7s9U=" />
                    <Entry name="$HIDDEN1" value="System.String[]" />
                  </Context>
                  <ValidationRuleResults>
                    <ValidationRuleResult message="通过" ruleType="验证" name="响应 URL" />
                  </ValidationRuleResults>
                </WebRequestResult>
              </WebTestResultPage>
              <WebTestResultPage>
                <WebRequestResult exceptionMessage="" run="0" submitted="true" cached="false" isRedirectFollow="false" requestBodyBytesHandle="-2" responseBytesHandle="8">
                  <Request url="http://localhost:6611/javascript/findmessage.ashx?_=1278651264640&amp;Uid=1" command="GET /javascript/findmessage.ashx?_=1278651264640&amp;Uid=1 HTTP/1.1" encoding="utf-8">
                    <Headers>User-Agent : Mozilla/4.0 (compatible; MSIE 7.0; Windows NT 5.1)
Accept : */*
Accept-Language : zh-CN
Accept-Encoding : GZIP
Host : localhost:6611
Cookie : .TunnelLogin=0745E5306243628CBD806B23D695B80E226FDC9A2B7D71DE7C28A02EF98EFE98157719240C6FD6CD4A3380CE79483946059F5987F7F6E982FE92630E4FF2ED8BDA3C30BB7ECEA75EB7459F828ADE40AC
</Headers>
                  </Request>
                  <Response url="http://localhost:6611/javascript/findmessage.ashx?_=1278651264640&amp;Uid=1" contentType="text/plain; charset=utf-8" statusLine="HTTP/1.1 200 OK" pageTime="0.002" time="0.002" statusCodeString="200 OK" contentLength="1">
                    <Headers>Connection : Close
Content-Length : 1
Cache-Control : private
Content-Type : text/plain; charset=utf-8
Date : Fri, 09 Jul 2010 04:54:58 GMT
Server : ASP.NET Development Server/9.0.0.0
X-AspNet-Version : 2.0.50727
</Headers>
                  </Response>
                  <Context>
                    <Entry name="$TotalAgents" value="1" />
                    <Entry name="$ControllerName" value="PC-201005261001" />
                    <Entry name="$AgentName" value="PC-201005261001" />
                    <Entry name="$TestLogsDir" value="E:\OA\Tunnel_OA\TestResults\Administrator_PC-201005261001 2010-07-09 12_54_55\In\PC-201005261001" />
                    <Entry name="$TestDeploymentDir" value="E:\OA\Tunnel_OA\TestResults\Administrator_PC-201005261001 2010-07-09 12_54_55\Out" />
                    <Entry name="$AgentId" value="1" />
                    <Entry name="$AgentLoadDistributor" value="Microsoft.VisualStudio.TestTools.Execution.AgentLoadDistributor" />
                    <Entry name="$TestDir" value="E:\OA\Tunnel_OA\TestResults\Administrator_PC-201005261001 2010-07-09 12_54_55" />
                    <Entry name="$AgentWeighting" value="100" />
                    <Entry name="$WebTestIteration" value="1" />
                    <Entry name="$WebTestUserId" value="1" />
                    <Entry name="$HIDDEN1.__VIEWSTATE" value="/wEPDwUKLTUxMjk1MjgwOGRkij73Y76QiiBElucU/Dct6FM7s9U=" />
                    <Entry name="$HIDDEN1" value="System.String[]" />
                  </Context>
                  <ValidationRuleResults>
                    <ValidationRuleResult message="通过" ruleType="验证" name="响应 URL" />
                  </ValidationRuleResults>
                </WebRequestResult>
              </WebTestResultPage>
              <WebTestResultPage>
                <WebRequestResult exceptionMessage="" run="0" submitted="true" cached="false" isRedirectFollow="false" requestBodyBytesHandle="-2" responseBytesHandle="9">
                  <Request url="http://localhost:6611/N_WorkFlow/VDocument/Document_In.aspx" command="GET /N_WorkFlow/VDocument/Document_In.aspx HTTP/1.1" encoding="utf-8">
                    <Headers>User-Agent : Mozilla/4.0 (compatible; MSIE 7.0; Windows NT 5.1)
Accept : */*
Accept-Language : zh-CN
Accept-Encoding : GZIP
Host : localhost:6611
Cookie : .TunnelLogin=0745E5306243628CBD806B23D695B80E226FDC9A2B7D71DE7C28A02EF98EFE98157719240C6FD6CD4A3380CE79483946059F5987F7F6E982FE92630E4FF2ED8BDA3C30BB7ECEA75EB7459F828ADE40AC
</Headers>
                  </Request>
                  <Response url="http://localhost:6611/N_WorkFlow/VDocument/Document_In.aspx" contentType="text/html; charset=utf-8" statusLine="HTTP/1.1 200 OK" pageTime="0.532" time="0.532" statusCodeString="200 OK" contentLength="49026">
                    <Headers>Connection : Close
Content-Length : 49026
Cache-Control : private
Content-Type : text/html; charset=utf-8
Date : Fri, 09 Jul 2010 04:54:58 GMT
Server : ASP.NET Development Server/9.0.0.0
X-AspNet-Version : 2.0.50727
</Headers>
                  </Response>
                  <Context>
                    <Entry name="$TotalAgents" value="1" />
                    <Entry name="$ControllerName" value="PC-201005261001" />
                    <Entry name="$AgentName" value="PC-201005261001" />
                    <Entry name="$TestLogsDir" value="E:\OA\Tunnel_OA\TestResults\Administrator_PC-201005261001 2010-07-09 12_54_55\In\PC-201005261001" />
                    <Entry name="$TestDeploymentDir" value="E:\OA\Tunnel_OA\TestResults\Administrator_PC-201005261001 2010-07-09 12_54_55\Out" />
                    <Entry name="$AgentId" value="1" />
                    <Entry name="$AgentLoadDistributor" value="Microsoft.VisualStudio.TestTools.Execution.AgentLoadDistributor" />
                    <Entry name="$TestDir" value="E:\OA\Tunnel_OA\TestResults\Administrator_PC-201005261001 2010-07-09 12_54_55" />
                    <Entry name="$AgentWeighting" value="100" />
                    <Entry name="$WebTestIteration" value="1" />
                    <Entry name="$WebTestUserId" value="1" />
                    <Entry name="$HIDDEN1.__VIEWSTATE" value="/wEPDwUKLTUxMjk1MjgwOGRkij73Y76QiiBElucU/Dct6FM7s9U=" />
                    <Entry name="$HIDDEN1" value="System.String[]" />
                    <Entry name="QueryStringParam1.fid" value="1" />
                  </Context>
                  <ValidationRuleResults>
                    <ValidationRuleResult message="通过" ruleType="验证" name="响应 URL" />
                  </ValidationRuleResults>
                  <ExtractionRuleResults>
                    <ExtractionRuleResult message="通过" ruleType="提取" name="提取文本">
                      <RuleProperties>
                        <RuleProperty name="StartsWith" value="?fid=" />
                        <RuleProperty name="EndsWith" value="&quot;" />
                        <RuleProperty name="Index" value="0" />
                        <RuleProperty name="IgnoreCase" value="False" />
                        <RuleProperty name="UseRegularExpression" value="False" />
                        <RuleProperty name="HtmlDecode" value="True" />
                        <RuleProperty name="Required" value="False" />
                      </RuleProperties>
                    </ExtractionRuleResult>
                  </ExtractionRuleResults>
                </WebRequestResult>
              </WebTestResultPage>
              <WebTestResultPage>
                <WebRequestResult exceptionMessage="" run="0" submitted="true" cached="false" isRedirectFollow="false" requestBodyBytesHandle="-2" responseBytesHandle="7">
                  <Request url="http://localhost:6611/css/fla6.swf" command="GET /css/fla6.swf HTTP/1.1" encoding="utf-8">
                    <Headers>User-Agent : Mozilla/4.0 (compatible; MSIE 7.0; Windows NT 5.1)
Accept : */*
Accept-Language : zh-CN
Accept-Encoding : GZIP
Host : localhost:6611
Cookie : .TunnelLogin=0745E5306243628CBD806B23D695B80E226FDC9A2B7D71DE7C28A02EF98EFE98157719240C6FD6CD4A3380CE79483946059F5987F7F6E982FE92630E4FF2ED8BDA3C30BB7ECEA75EB7459F828ADE40AC
</Headers>
                  </Request>
                  <Response url="http://localhost:6611/css/fla6.swf" contentType="application/octet-stream" statusLine="HTTP/1.1 200 OK" pageTime="0.002" time="0.002" statusCodeString="200 OK" contentLength="183063">
                    <Headers>Connection : Close
Content-Length : 183063
Cache-Control : public
Content-Type : application/octet-stream
Date : Fri, 09 Jul 2010 04:54:58 GMT
ETag : "1CB17298739C800"
Server : ASP.NET Development Server/9.0.0.0
X-AspNet-Version : 2.0.50727
</Headers>
                  </Response>
                  <Context>
                    <Entry name="$TotalAgents" value="1" />
                    <Entry name="$ControllerName" value="PC-201005261001" />
                    <Entry name="$AgentName" value="PC-201005261001" />
                    <Entry name="$TestLogsDir" value="E:\OA\Tunnel_OA\TestResults\Administrator_PC-201005261001 2010-07-09 12_54_55\In\PC-201005261001" />
                    <Entry name="$TestDeploymentDir" value="E:\OA\Tunnel_OA\TestResults\Administrator_PC-201005261001 2010-07-09 12_54_55\Out" />
                    <Entry name="$AgentId" value="1" />
                    <Entry name="$AgentLoadDistributor" value="Microsoft.VisualStudio.TestTools.Execution.AgentLoadDistributor" />
                    <Entry name="$TestDir" value="E:\OA\Tunnel_OA\TestResults\Administrator_PC-201005261001 2010-07-09 12_54_55" />
                    <Entry name="$AgentWeighting" value="100" />
                    <Entry name="$WebTestIteration" value="1" />
                    <Entry name="$WebTestUserId" value="1" />
                    <Entry name="$HIDDEN1.__VIEWSTATE" value="/wEPDwUKLTUxMjk1MjgwOGRkij73Y76QiiBElucU/Dct6FM7s9U=" />
                    <Entry name="$HIDDEN1" value="System.String[]" />
                    <Entry name="QueryStringParam1.fid" value="1" />
                  </Context>
                  <ValidationRuleResults>
                    <ValidationRuleResult message="通过" ruleType="验证" name="响应 URL" />
                  </ValidationRuleResults>
                </WebRequestResult>
              </WebTestResultPage>
              <WebTestResultPage>
                <WebRequestResult exceptionMessage="" run="0" submitted="true" cached="false" isRedirectFollow="false" requestBodyBytesHandle="-2" responseBytesHandle="8">
                  <Request url="http://localhost:6611/javascript/findmessage.ashx?_=1278651266781&amp;Uid=1" command="GET /javascript/findmessage.ashx?_=1278651266781&amp;Uid=1 HTTP/1.1" encoding="utf-8">
                    <Headers>User-Agent : Mozilla/4.0 (compatible; MSIE 7.0; Windows NT 5.1)
Accept : */*
Accept-Language : zh-CN
Accept-Encoding : GZIP
Host : localhost:6611
Cookie : .TunnelLogin=0745E5306243628CBD806B23D695B80E226FDC9A2B7D71DE7C28A02EF98EFE98157719240C6FD6CD4A3380CE79483946059F5987F7F6E982FE92630E4FF2ED8BDA3C30BB7ECEA75EB7459F828ADE40AC
</Headers>
                  </Request>
                  <Response url="http://localhost:6611/javascript/findmessage.ashx?_=1278651266781&amp;Uid=1" contentType="text/plain; charset=utf-8" statusLine="HTTP/1.1 200 OK" pageTime="0.003" time="0.003" statusCodeString="200 OK" contentLength="1">
                    <Headers>Connection : Close
Content-Length : 1
Cache-Control : private
Content-Type : text/plain; charset=utf-8
Date : Fri, 09 Jul 2010 04:54:58 GMT
Server : ASP.NET Development Server/9.0.0.0
X-AspNet-Version : 2.0.50727
</Headers>
                  </Response>
                  <Context>
                    <Entry name="$TotalAgents" value="1" />
                    <Entry name="$ControllerName" value="PC-201005261001" />
                    <Entry name="$AgentName" value="PC-201005261001" />
                    <Entry name="$TestLogsDir" value="E:\OA\Tunnel_OA\TestResults\Administrator_PC-201005261001 2010-07-09 12_54_55\In\PC-201005261001" />
                    <Entry name="$TestDeploymentDir" value="E:\OA\Tunnel_OA\TestResults\Administrator_PC-201005261001 2010-07-09 12_54_55\Out" />
                    <Entry name="$AgentId" value="1" />
                    <Entry name="$AgentLoadDistributor" value="Microsoft.VisualStudio.TestTools.Execution.AgentLoadDistributor" />
                    <Entry name="$TestDir" value="E:\OA\Tunnel_OA\TestResults\Administrator_PC-201005261001 2010-07-09 12_54_55" />
                    <Entry name="$AgentWeighting" value="100" />
                    <Entry name="$WebTestIteration" value="1" />
                    <Entry name="$WebTestUserId" value="1" />
                    <Entry name="$HIDDEN1.__VIEWSTATE" value="/wEPDwUKLTUxMjk1MjgwOGRkij73Y76QiiBElucU/Dct6FM7s9U=" />
                    <Entry name="$HIDDEN1" value="System.String[]" />
                    <Entry name="QueryStringParam1.fid" value="1" />
                  </Context>
                  <ValidationRuleResults>
                    <ValidationRuleResult message="通过" ruleType="验证" name="响应 URL" />
                  </ValidationRuleResults>
                </WebRequestResult>
              </WebTestResultPage>
              <WebTestResultPage>
                <WebRequestResult exceptionMessage="" run="0" submitted="true" cached="false" isRedirectFollow="false" requestBodyBytesHandle="-2" responseBytesHandle="10">
                  <Request url="http://localhost:6611/N_WorkFlow/VDocument/Document_Out.aspx?fid=1" command="GET /N_WorkFlow/VDocument/Document_Out.aspx?fid=1 HTTP/1.1" encoding="utf-8">
                    <Headers>User-Agent : Mozilla/4.0 (compatible; MSIE 7.0; Windows NT 5.1)
Accept : */*
Accept-Language : zh-CN
Accept-Encoding : GZIP
Host : localhost:6611
Cookie : .TunnelLogin=0745E5306243628CBD806B23D695B80E226FDC9A2B7D71DE7C28A02EF98EFE98157719240C6FD6CD4A3380CE79483946059F5987F7F6E982FE92630E4FF2ED8BDA3C30BB7ECEA75EB7459F828ADE40AC
</Headers>
                  </Request>
                  <Response url="http://localhost:6611/N_WorkFlow/VDocument/Document_Out.aspx?fid=1" contentType="text/html; charset=utf-8" statusLine="HTTP/1.1 200 OK" pageTime="0.627" time="0.627" statusCodeString="200 OK" contentLength="46397">
                    <Headers>Connection : Close
Content-Length : 46397
Cache-Control : private
Content-Type : text/html; charset=utf-8
Date : Fri, 09 Jul 2010 04:54:59 GMT
Server : ASP.NET Development Server/9.0.0.0
X-AspNet-Version : 2.0.50727
</Headers>
                  </Response>
                  <Context>
                    <Entry name="$TotalAgents" value="1" />
                    <Entry name="$ControllerName" value="PC-201005261001" />
                    <Entry name="$AgentName" value="PC-201005261001" />
                    <Entry name="$TestLogsDir" value="E:\OA\Tunnel_OA\TestResults\Administrator_PC-201005261001 2010-07-09 12_54_55\In\PC-201005261001" />
                    <Entry name="$TestDeploymentDir" value="E:\OA\Tunnel_OA\TestResults\Administrator_PC-201005261001 2010-07-09 12_54_55\Out" />
                    <Entry name="$AgentId" value="1" />
                    <Entry name="$AgentLoadDistributor" value="Microsoft.VisualStudio.TestTools.Execution.AgentLoadDistributor" />
                    <Entry name="$TestDir" value="E:\OA\Tunnel_OA\TestResults\Administrator_PC-201005261001 2010-07-09 12_54_55" />
                    <Entry name="$AgentWeighting" value="100" />
                    <Entry name="$WebTestIteration" value="1" />
                    <Entry name="$WebTestUserId" value="1" />
                    <Entry name="$HIDDEN1.__VIEWSTATE" value="/wEPDwUKLTUxMjk1MjgwOGRkij73Y76QiiBElucU/Dct6FM7s9U=" />
                    <Entry name="$HIDDEN1" value="System.String[]" />
                    <Entry name="QueryStringParam1.fid" value="1" />
                  </Context>
                  <ValidationRuleResults>
                    <ValidationRuleResult message="通过" ruleType="验证" name="响应 URL" />
                  </ValidationRuleResults>
                </WebRequestResult>
              </WebTestResultPage>
              <WebTestResultPage>
                <WebRequestResult exceptionMessage="" run="0" submitted="true" cached="false" isRedirectFollow="false" requestBodyBytesHandle="-2" responseBytesHandle="7">
                  <Request url="http://localhost:6611/css/fla6.swf" command="GET /css/fla6.swf HTTP/1.1" encoding="utf-8">
                    <Headers>User-Agent : Mozilla/4.0 (compatible; MSIE 7.0; Windows NT 5.1)
Accept : */*
Accept-Language : zh-CN
Accept-Encoding : GZIP
Host : localhost:6611
Cookie : .TunnelLogin=0745E5306243628CBD806B23D695B80E226FDC9A2B7D71DE7C28A02EF98EFE98157719240C6FD6CD4A3380CE79483946059F5987F7F6E982FE92630E4FF2ED8BDA3C30BB7ECEA75EB7459F828ADE40AC
</Headers>
                  </Request>
                  <Response url="http://localhost:6611/css/fla6.swf" contentType="application/octet-stream" statusLine="HTTP/1.1 200 OK" pageTime="0.002" time="0.002" statusCodeString="200 OK" contentLength="183063">
                    <Headers>Connection : Close
Content-Length : 183063
Cache-Control : public
Content-Type : application/octet-stream
Date : Fri, 09 Jul 2010 04:54:59 GMT
ETag : "1CB17298739C800"
Server : ASP.NET Development Server/9.0.0.0
X-AspNet-Version : 2.0.50727
</Headers>
                  </Response>
                  <Context>
                    <Entry name="$TotalAgents" value="1" />
                    <Entry name="$ControllerName" value="PC-201005261001" />
                    <Entry name="$AgentName" value="PC-201005261001" />
                    <Entry name="$TestLogsDir" value="E:\OA\Tunnel_OA\TestResults\Administrator_PC-201005261001 2010-07-09 12_54_55\In\PC-201005261001" />
                    <Entry name="$TestDeploymentDir" value="E:\OA\Tunnel_OA\TestResults\Administrator_PC-201005261001 2010-07-09 12_54_55\Out" />
                    <Entry name="$AgentId" value="1" />
                    <Entry name="$AgentLoadDistributor" value="Microsoft.VisualStudio.TestTools.Execution.AgentLoadDistributor" />
                    <Entry name="$TestDir" value="E:\OA\Tunnel_OA\TestResults\Administrator_PC-201005261001 2010-07-09 12_54_55" />
                    <Entry name="$AgentWeighting" value="100" />
                    <Entry name="$WebTestIteration" value="1" />
                    <Entry name="$WebTestUserId" value="1" />
                    <Entry name="$HIDDEN1.__VIEWSTATE" value="/wEPDwUKLTUxMjk1MjgwOGRkij73Y76QiiBElucU/Dct6FM7s9U=" />
                    <Entry name="$HIDDEN1" value="System.String[]" />
                    <Entry name="QueryStringParam1.fid" value="1" />
                  </Context>
                  <ValidationRuleResults>
                    <ValidationRuleResult message="通过" ruleType="验证" name="响应 URL" />
                  </ValidationRuleResults>
                </WebRequestResult>
              </WebTestResultPage>
              <WebTestResultPage>
                <WebRequestResult exceptionMessage="" run="0" submitted="true" cached="false" isRedirectFollow="false" requestBodyBytesHandle="-2" responseBytesHandle="8">
                  <Request url="http://localhost:6611/javascript/findmessage.ashx?_=1278651270406&amp;Uid=1" command="GET /javascript/findmessage.ashx?_=1278651270406&amp;Uid=1 HTTP/1.1" encoding="utf-8">
                    <Headers>User-Agent : Mozilla/4.0 (compatible; MSIE 7.0; Windows NT 5.1)
Accept : */*
Accept-Language : zh-CN
Accept-Encoding : GZIP
Host : localhost:6611
Cookie : .TunnelLogin=0745E5306243628CBD806B23D695B80E226FDC9A2B7D71DE7C28A02EF98EFE98157719240C6FD6CD4A3380CE79483946059F5987F7F6E982FE92630E4FF2ED8BDA3C30BB7ECEA75EB7459F828ADE40AC
</Headers>
                  </Request>
                  <Response url="http://localhost:6611/javascript/findmessage.ashx?_=1278651270406&amp;Uid=1" contentType="text/plain; charset=utf-8" statusLine="HTTP/1.1 200 OK" pageTime="0.003" time="0.003" statusCodeString="200 OK" contentLength="1">
                    <Headers>Connection : Close
Content-Length : 1
Cache-Control : private
Content-Type : text/plain; charset=utf-8
Date : Fri, 09 Jul 2010 04:54:59 GMT
Server : ASP.NET Development Server/9.0.0.0
X-AspNet-Version : 2.0.50727
</Headers>
                  </Response>
                  <Context>
                    <Entry name="$TotalAgents" value="1" />
                    <Entry name="$ControllerName" value="PC-201005261001" />
                    <Entry name="$AgentName" value="PC-201005261001" />
                    <Entry name="$TestLogsDir" value="E:\OA\Tunnel_OA\TestResults\Administrator_PC-201005261001 2010-07-09 12_54_55\In\PC-201005261001" />
                    <Entry name="$TestDeploymentDir" value="E:\OA\Tunnel_OA\TestResults\Administrator_PC-201005261001 2010-07-09 12_54_55\Out" />
                    <Entry name="$AgentId" value="1" />
                    <Entry name="$AgentLoadDistributor" value="Microsoft.VisualStudio.TestTools.Execution.AgentLoadDistributor" />
                    <Entry name="$TestDir" value="E:\OA\Tunnel_OA\TestResults\Administrator_PC-201005261001 2010-07-09 12_54_55" />
                    <Entry name="$AgentWeighting" value="100" />
                    <Entry name="$WebTestIteration" value="1" />
                    <Entry name="$WebTestUserId" value="1" />
                    <Entry name="$HIDDEN1.__VIEWSTATE" value="/wEPDwUKLTUxMjk1MjgwOGRkij73Y76QiiBElucU/Dct6FM7s9U=" />
                    <Entry name="$HIDDEN1" value="System.String[]" />
                    <Entry name="QueryStringParam1.fid" value="1" />
                  </Context>
                  <ValidationRuleResults>
                    <ValidationRuleResult message="通过" ruleType="验证" name="响应 URL" />
                  </ValidationRuleResults>
                </WebRequestResult>
              </WebTestResultPage>
              <WebTestResultPage>
                <WebRequestResult exceptionMessage="" run="0" submitted="true" cached="false" isRedirectFollow="false" requestBodyBytesHandle="-2" responseBytesHandle="8">
                  <Request url="http://localhost:6611/javascript/findmessage.ashx?_=1278651275406&amp;Uid=1" command="GET /javascript/findmessage.ashx?_=1278651275406&amp;Uid=1 HTTP/1.1" encoding="utf-8">
                    <Headers>User-Agent : Mozilla/4.0 (compatible; MSIE 7.0; Windows NT 5.1)
Accept : */*
Accept-Language : zh-CN
Accept-Encoding : GZIP
Host : localhost:6611
Cookie : .TunnelLogin=0745E5306243628CBD806B23D695B80E226FDC9A2B7D71DE7C28A02EF98EFE98157719240C6FD6CD4A3380CE79483946059F5987F7F6E982FE92630E4FF2ED8BDA3C30BB7ECEA75EB7459F828ADE40AC
</Headers>
                  </Request>
                  <Response url="http://localhost:6611/javascript/findmessage.ashx?_=1278651275406&amp;Uid=1" contentType="text/plain; charset=utf-8" statusLine="HTTP/1.1 200 OK" pageTime="0.002" time="0.002" statusCodeString="200 OK" contentLength="1">
                    <Headers>Connection : Close
Content-Length : 1
Cache-Control : private
Content-Type : text/plain; charset=utf-8
Date : Fri, 09 Jul 2010 04:54:59 GMT
Server : ASP.NET Development Server/9.0.0.0
X-AspNet-Version : 2.0.50727
</Headers>
                  </Response>
                  <Context>
                    <Entry name="$TotalAgents" value="1" />
                    <Entry name="$ControllerName" value="PC-201005261001" />
                    <Entry name="$AgentName" value="PC-201005261001" />
                    <Entry name="$TestLogsDir" value="E:\OA\Tunnel_OA\TestResults\Administrator_PC-201005261001 2010-07-09 12_54_55\In\PC-201005261001" />
                    <Entry name="$TestDeploymentDir" value="E:\OA\Tunnel_OA\TestResults\Administrator_PC-201005261001 2010-07-09 12_54_55\Out" />
                    <Entry name="$AgentId" value="1" />
                    <Entry name="$AgentLoadDistributor" value="Microsoft.VisualStudio.TestTools.Execution.AgentLoadDistributor" />
                    <Entry name="$TestDir" value="E:\OA\Tunnel_OA\TestResults\Administrator_PC-201005261001 2010-07-09 12_54_55" />
                    <Entry name="$AgentWeighting" value="100" />
                    <Entry name="$WebTestIteration" value="1" />
                    <Entry name="$WebTestUserId" value="1" />
                    <Entry name="$HIDDEN1.__VIEWSTATE" value="/wEPDwUKLTUxMjk1MjgwOGRkij73Y76QiiBElucU/Dct6FM7s9U=" />
                    <Entry name="$HIDDEN1" value="System.String[]" />
                    <Entry name="QueryStringParam1.fid" value="1" />
                  </Context>
                  <ValidationRuleResults>
                    <ValidationRuleResult message="通过" ruleType="验证" name="响应 URL" />
                  </ValidationRuleResults>
                </WebRequestResult>
              </WebTestResultPage>
              <WebTestResultPage>
                <WebRequestResult exceptionMessage="" run="0" submitted="true" cached="false" isRedirectFollow="false" requestBodyBytesHandle="-2" responseBytesHandle="8">
                  <Request url="http://localhost:6611/javascript/findmessage.ashx?_=1278651280406&amp;Uid=1" command="GET /javascript/findmessage.ashx?_=1278651280406&amp;Uid=1 HTTP/1.1" encoding="utf-8">
                    <Headers>User-Agent : Mozilla/4.0 (compatible; MSIE 7.0; Windows NT 5.1)
Accept : */*
Accept-Language : zh-CN
Accept-Encoding : GZIP
Host : localhost:6611
Cookie : .TunnelLogin=0745E5306243628CBD806B23D695B80E226FDC9A2B7D71DE7C28A02EF98EFE98157719240C6FD6CD4A3380CE79483946059F5987F7F6E982FE92630E4FF2ED8BDA3C30BB7ECEA75EB7459F828ADE40AC
</Headers>
                  </Request>
                  <Response url="http://localhost:6611/javascript/findmessage.ashx?_=1278651280406&amp;Uid=1" contentType="text/plain; charset=utf-8" statusLine="HTTP/1.1 200 OK" pageTime="0.002" time="0.002" statusCodeString="200 OK" contentLength="1">
                    <Headers>Connection : Close
Content-Length : 1
Cache-Control : private
Content-Type : text/plain; charset=utf-8
Date : Fri, 09 Jul 2010 04:54:59 GMT
Server : ASP.NET Development Server/9.0.0.0
X-AspNet-Version : 2.0.50727
</Headers>
                  </Response>
                  <Context>
                    <Entry name="$TotalAgents" value="1" />
                    <Entry name="$ControllerName" value="PC-201005261001" />
                    <Entry name="$AgentName" value="PC-201005261001" />
                    <Entry name="$TestLogsDir" value="E:\OA\Tunnel_OA\TestResults\Administrator_PC-201005261001 2010-07-09 12_54_55\In\PC-201005261001" />
                    <Entry name="$TestDeploymentDir" value="E:\OA\Tunnel_OA\TestResults\Administrator_PC-201005261001 2010-07-09 12_54_55\Out" />
                    <Entry name="$AgentId" value="1" />
                    <Entry name="$AgentLoadDistributor" value="Microsoft.VisualStudio.TestTools.Execution.AgentLoadDistributor" />
                    <Entry name="$TestDir" value="E:\OA\Tunnel_OA\TestResults\Administrator_PC-201005261001 2010-07-09 12_54_55" />
                    <Entry name="$AgentWeighting" value="100" />
                    <Entry name="$WebTestIteration" value="1" />
                    <Entry name="$WebTestUserId" value="1" />
                    <Entry name="$HIDDEN1.__VIEWSTATE" value="/wEPDwUKLTUxMjk1MjgwOGRkij73Y76QiiBElucU/Dct6FM7s9U=" />
                    <Entry name="$HIDDEN1" value="System.String[]" />
                    <Entry name="QueryStringParam1.fid" value="1" />
                  </Context>
                  <ValidationRuleResults>
                    <ValidationRuleResult message="通过" ruleType="验证" name="响应 URL" />
                  </ValidationRuleResults>
                </WebRequestResult>
              </WebTestResultPage>
              <WebTestResultPage>
                <WebRequestResult exceptionMessage="" run="0" submitted="true" cached="false" isRedirectFollow="false" requestBodyBytesHandle="-2" responseBytesHandle="9">
                  <Request url="http://localhost:6611/N_WorkFlow/VDocument/Document_In.aspx" command="GET /N_WorkFlow/VDocument/Document_In.aspx HTTP/1.1" encoding="utf-8">
                    <Headers>User-Agent : Mozilla/4.0 (compatible; MSIE 7.0; Windows NT 5.1)
Accept : */*
Accept-Language : zh-CN
Accept-Encoding : GZIP
Host : localhost:6611
Cookie : .TunnelLogin=0745E5306243628CBD806B23D695B80E226FDC9A2B7D71DE7C28A02EF98EFE98157719240C6FD6CD4A3380CE79483946059F5987F7F6E982FE92630E4FF2ED8BDA3C30BB7ECEA75EB7459F828ADE40AC
</Headers>
                  </Request>
                  <Response url="http://localhost:6611/N_WorkFlow/VDocument/Document_In.aspx" contentType="text/html; charset=utf-8" statusLine="HTTP/1.1 200 OK" pageTime="0.958" time="0.958" statusCodeString="200 OK" contentLength="49026">
                    <Headers>Connection : Close
Content-Length : 49026
Cache-Control : private
Content-Type : text/html; charset=utf-8
Date : Fri, 09 Jul 2010 04:55:00 GMT
Server : ASP.NET Development Server/9.0.0.0
X-AspNet-Version : 2.0.50727
</Headers>
                  </Response>
                  <Context>
                    <Entry name="$TotalAgents" value="1" />
                    <Entry name="$ControllerName" value="PC-201005261001" />
                    <Entry name="$AgentName" value="PC-201005261001" />
                    <Entry name="$TestLogsDir" value="E:\OA\Tunnel_OA\TestResults\Administrator_PC-201005261001 2010-07-09 12_54_55\In\PC-201005261001" />
                    <Entry name="$TestDeploymentDir" value="E:\OA\Tunnel_OA\TestResults\Administrator_PC-201005261001 2010-07-09 12_54_55\Out" />
                    <Entry name="$AgentId" value="1" />
                    <Entry name="$AgentLoadDistributor" value="Microsoft.VisualStudio.TestTools.Execution.AgentLoadDistributor" />
                    <Entry name="$TestDir" value="E:\OA\Tunnel_OA\TestResults\Administrator_PC-201005261001 2010-07-09 12_54_55" />
                    <Entry name="$AgentWeighting" value="100" />
                    <Entry name="$WebTestIteration" value="1" />
                    <Entry name="$WebTestUserId" value="1" />
                    <Entry name="$HIDDEN1.__VIEWSTATE" value="/wEPDwUKLTUxMjk1MjgwOGRkij73Y76QiiBElucU/Dct6FM7s9U=" />
                    <Entry name="$HIDDEN1" value="System.String[]" />
                    <Entry name="QueryStringParam1.fid" value="1" />
                  </Context>
                  <ValidationRuleResults>
                    <ValidationRuleResult message="通过" ruleType="验证" name="响应 URL" />
                  </ValidationRuleResults>
                </WebRequestResult>
              </WebTestResultPage>
              <WebTestResultPage>
                <WebRequestResult exceptionMessage="" run="0" submitted="true" cached="false" isRedirectFollow="false" requestBodyBytesHandle="-2" responseBytesHandle="7">
                  <Request url="http://localhost:6611/css/fla6.swf" command="GET /css/fla6.swf HTTP/1.1" encoding="utf-8">
                    <Headers>User-Agent : Mozilla/4.0 (compatible; MSIE 7.0; Windows NT 5.1)
Accept : */*
Accept-Language : zh-CN
Accept-Encoding : GZIP
Host : localhost:6611
Cookie : .TunnelLogin=0745E5306243628CBD806B23D695B80E226FDC9A2B7D71DE7C28A02EF98EFE98157719240C6FD6CD4A3380CE79483946059F5987F7F6E982FE92630E4FF2ED8BDA3C30BB7ECEA75EB7459F828ADE40AC
</Headers>
                  </Request>
                  <Response url="http://localhost:6611/css/fla6.swf" contentType="application/octet-stream" statusLine="HTTP/1.1 200 OK" pageTime="0.006" time="0.006" statusCodeString="200 OK" contentLength="183063">
                    <Headers>Connection : Close
Content-Length : 183063
Cache-Control : public
Content-Type : application/octet-stream
Date : Fri, 09 Jul 2010 04:55:00 GMT
ETag : "1CB17298739C800"
Server : ASP.NET Development Server/9.0.0.0
X-AspNet-Version : 2.0.50727
</Headers>
                  </Response>
                  <Context>
                    <Entry name="$TotalAgents" value="1" />
                    <Entry name="$ControllerName" value="PC-201005261001" />
                    <Entry name="$AgentName" value="PC-201005261001" />
                    <Entry name="$TestLogsDir" value="E:\OA\Tunnel_OA\TestResults\Administrator_PC-201005261001 2010-07-09 12_54_55\In\PC-201005261001" />
                    <Entry name="$TestDeploymentDir" value="E:\OA\Tunnel_OA\TestResults\Administrator_PC-201005261001 2010-07-09 12_54_55\Out" />
                    <Entry name="$AgentId" value="1" />
                    <Entry name="$AgentLoadDistributor" value="Microsoft.VisualStudio.TestTools.Execution.AgentLoadDistributor" />
                    <Entry name="$TestDir" value="E:\OA\Tunnel_OA\TestResults\Administrator_PC-201005261001 2010-07-09 12_54_55" />
                    <Entry name="$AgentWeighting" value="100" />
                    <Entry name="$WebTestIteration" value="1" />
                    <Entry name="$WebTestUserId" value="1" />
                    <Entry name="$HIDDEN1.__VIEWSTATE" value="/wEPDwUKLTUxMjk1MjgwOGRkij73Y76QiiBElucU/Dct6FM7s9U=" />
                    <Entry name="$HIDDEN1" value="System.String[]" />
                    <Entry name="QueryStringParam1.fid" value="1" />
                  </Context>
                  <ValidationRuleResults>
                    <ValidationRuleResult message="通过" ruleType="验证" name="响应 URL" />
                  </ValidationRuleResults>
                </WebRequestResult>
              </WebTestResultPage>
              <WebTestResultPage>
                <WebRequestResult exceptionMessage="" run="0" submitted="true" cached="false" isRedirectFollow="false" requestBodyBytesHandle="-2" responseBytesHandle="8">
                  <Request url="http://localhost:6611/javascript/findmessage.ashx?_=1278651285875&amp;Uid=1" command="GET /javascript/findmessage.ashx?_=1278651285875&amp;Uid=1 HTTP/1.1" encoding="utf-8">
                    <Headers>User-Agent : Mozilla/4.0 (compatible; MSIE 7.0; Windows NT 5.1)
Accept : */*
Accept-Language : zh-CN
Accept-Encoding : GZIP
Host : localhost:6611
Cookie : .TunnelLogin=0745E5306243628CBD806B23D695B80E226FDC9A2B7D71DE7C28A02EF98EFE98157719240C6FD6CD4A3380CE79483946059F5987F7F6E982FE92630E4FF2ED8BDA3C30BB7ECEA75EB7459F828ADE40AC
</Headers>
                  </Request>
                  <Response url="http://localhost:6611/javascript/findmessage.ashx?_=1278651285875&amp;Uid=1" contentType="text/plain; charset=utf-8" statusLine="HTTP/1.1 200 OK" pageTime="0.002" time="0.002" statusCodeString="200 OK" contentLength="1">
                    <Headers>Connection : Close
Content-Length : 1
Cache-Control : private
Content-Type : text/plain; charset=utf-8
Date : Fri, 09 Jul 2010 04:55:00 GMT
Server : ASP.NET Development Server/9.0.0.0
X-AspNet-Version : 2.0.50727
</Headers>
                  </Response>
                  <Context>
                    <Entry name="$TotalAgents" value="1" />
                    <Entry name="$ControllerName" value="PC-201005261001" />
                    <Entry name="$AgentName" value="PC-201005261001" />
                    <Entry name="$TestLogsDir" value="E:\OA\Tunnel_OA\TestResults\Administrator_PC-201005261001 2010-07-09 12_54_55\In\PC-201005261001" />
                    <Entry name="$TestDeploymentDir" value="E:\OA\Tunnel_OA\TestResults\Administrator_PC-201005261001 2010-07-09 12_54_55\Out" />
                    <Entry name="$AgentId" value="1" />
                    <Entry name="$AgentLoadDistributor" value="Microsoft.VisualStudio.TestTools.Execution.AgentLoadDistributor" />
                    <Entry name="$TestDir" value="E:\OA\Tunnel_OA\TestResults\Administrator_PC-201005261001 2010-07-09 12_54_55" />
                    <Entry name="$AgentWeighting" value="100" />
                    <Entry name="$WebTestIteration" value="1" />
                    <Entry name="$WebTestUserId" value="1" />
                    <Entry name="$HIDDEN1.__VIEWSTATE" value="/wEPDwUKLTUxMjk1MjgwOGRkij73Y76QiiBElucU/Dct6FM7s9U=" />
                    <Entry name="$HIDDEN1" value="System.String[]" />
                    <Entry name="QueryStringParam1.fid" value="1" />
                  </Context>
                  <ValidationRuleResults>
                    <ValidationRuleResult message="通过" ruleType="验证" name="响应 URL" />
                  </ValidationRuleResults>
                </WebRequestResult>
              </WebTestResultPage>
              <WebTestResultPage>
                <WebRequestResult exceptionMessage="" run="0" submitted="true" cached="false" isRedirectFollow="false" requestBodyBytesHandle="-2" responseBytesHandle="11">
                  <Request url="http://localhost:6611/N_News/N_Picture/N_PictureAdd.aspx" command="GET /N_News/N_Picture/N_PictureAdd.aspx HTTP/1.1" encoding="utf-8">
                    <Headers>User-Agent : Mozilla/4.0 (compatible; MSIE 7.0; Windows NT 5.1)
Accept : */*
Accept-Language : zh-CN
Accept-Encoding : GZIP
Host : localhost:6611
Cookie : .TunnelLogin=0745E5306243628CBD806B23D695B80E226FDC9A2B7D71DE7C28A02EF98EFE98157719240C6FD6CD4A3380CE79483946059F5987F7F6E982FE92630E4FF2ED8BDA3C30BB7ECEA75EB7459F828ADE40AC
</Headers>
                  </Request>
                  <Response url="http://localhost:6611/N_News/N_Picture/N_PictureAdd.aspx" contentType="text/html; charset=utf-8" statusLine="HTTP/1.1 200 OK" pageTime="0.086" time="0.086" statusCodeString="200 OK" contentLength="48088">
                    <Headers>Connection : Close
Content-Length : 48088
Cache-Control : private
Content-Type : text/html; charset=utf-8
Date : Fri, 09 Jul 2010 04:55:00 GMT
Server : ASP.NET Development Server/9.0.0.0
X-AspNet-Version : 2.0.50727
</Headers>
                  </Response>
                  <Context>
                    <Entry name="$TotalAgents" value="1" />
                    <Entry name="$ControllerName" value="PC-201005261001" />
                    <Entry name="$AgentName" value="PC-201005261001" />
                    <Entry name="$TestLogsDir" value="E:\OA\Tunnel_OA\TestResults\Administrator_PC-201005261001 2010-07-09 12_54_55\In\PC-201005261001" />
                    <Entry name="$TestDeploymentDir" value="E:\OA\Tunnel_OA\TestResults\Administrator_PC-201005261001 2010-07-09 12_54_55\Out" />
                    <Entry name="$AgentId" value="1" />
                    <Entry name="$AgentLoadDistributor" value="Microsoft.VisualStudio.TestTools.Execution.AgentLoadDistributor" />
                    <Entry name="$TestDir" value="E:\OA\Tunnel_OA\TestResults\Administrator_PC-201005261001 2010-07-09 12_54_55" />
                    <Entry name="$AgentWeighting" value="100" />
                    <Entry name="$WebTestIteration" value="1" />
                    <Entry name="$WebTestUserId" value="1" />
                    <Entry name="$HIDDEN1.__VIEWSTATE" value="/wEPDwUKLTUxMjk1MjgwOGRkij73Y76QiiBElucU/Dct6FM7s9U=" />
                    <Entry name="$HIDDEN1" value="System.String[]" />
                    <Entry name="QueryStringParam1.fid" value="1" />
                  </Context>
                  <ValidationRuleResults>
                    <ValidationRuleResult message="通过" ruleType="验证" name="响应 URL" />
                  </ValidationRuleResults>
                </WebRequestResult>
              </WebTestResultPage>
              <WebTestResultPage>
                <WebRequestResult exceptionMessage="" run="0" submitted="true" cached="false" isRedirectFollow="false" requestBodyBytesHandle="-2" responseBytesHandle="7">
                  <Request url="http://localhost:6611/css/fla6.swf" command="GET /css/fla6.swf HTTP/1.1" encoding="utf-8">
                    <Headers>User-Agent : Mozilla/4.0 (compatible; MSIE 7.0; Windows NT 5.1)
Accept : */*
Accept-Language : zh-CN
Accept-Encoding : GZIP
Host : localhost:6611
Cookie : .TunnelLogin=0745E5306243628CBD806B23D695B80E226FDC9A2B7D71DE7C28A02EF98EFE98157719240C6FD6CD4A3380CE79483946059F5987F7F6E982FE92630E4FF2ED8BDA3C30BB7ECEA75EB7459F828ADE40AC
</Headers>
                  </Request>
                  <Response url="http://localhost:6611/css/fla6.swf" contentType="application/octet-stream" statusLine="HTTP/1.1 200 OK" pageTime="0.003" time="0.003" statusCodeString="200 OK" contentLength="183063">
                    <Headers>Connection : Close
Content-Length : 183063
Cache-Control : public
Content-Type : application/octet-stream
Date : Fri, 09 Jul 2010 04:55:00 GMT
ETag : "1CB17298739C800"
Server : ASP.NET Development Server/9.0.0.0
X-AspNet-Version : 2.0.50727
</Headers>
                  </Response>
                  <Context>
                    <Entry name="$TotalAgents" value="1" />
                    <Entry name="$ControllerName" value="PC-201005261001" />
                    <Entry name="$AgentName" value="PC-201005261001" />
                    <Entry name="$TestLogsDir" value="E:\OA\Tunnel_OA\TestResults\Administrator_PC-201005261001 2010-07-09 12_54_55\In\PC-201005261001" />
                    <Entry name="$TestDeploymentDir" value="E:\OA\Tunnel_OA\TestResults\Administrator_PC-201005261001 2010-07-09 12_54_55\Out" />
                    <Entry name="$AgentId" value="1" />
                    <Entry name="$AgentLoadDistributor" value="Microsoft.VisualStudio.TestTools.Execution.AgentLoadDistributor" />
                    <Entry name="$TestDir" value="E:\OA\Tunnel_OA\TestResults\Administrator_PC-201005261001 2010-07-09 12_54_55" />
                    <Entry name="$AgentWeighting" value="100" />
                    <Entry name="$WebTestIteration" value="1" />
                    <Entry name="$WebTestUserId" value="1" />
                    <Entry name="$HIDDEN1.__VIEWSTATE" value="/wEPDwUKLTUxMjk1MjgwOGRkij73Y76QiiBElucU/Dct6FM7s9U=" />
                    <Entry name="$HIDDEN1" value="System.String[]" />
                    <Entry name="QueryStringParam1.fid" value="1" />
                  </Context>
                  <ValidationRuleResults>
                    <ValidationRuleResult message="通过" ruleType="验证" name="响应 URL" />
                  </ValidationRuleResults>
                </WebRequestResult>
              </WebTestResultPage>
              <WebTestResultPage>
                <WebRequestResult exceptionMessage="" run="0" submitted="true" cached="false" isRedirectFollow="false" requestBodyBytesHandle="-2" responseBytesHandle="8">
                  <Request url="http://localhost:6611/javascript/findmessage.ashx?_=1278651288484&amp;Uid=1" command="GET /javascript/findmessage.ashx?_=1278651288484&amp;Uid=1 HTTP/1.1" encoding="utf-8">
                    <Headers>User-Agent : Mozilla/4.0 (compatible; MSIE 7.0; Windows NT 5.1)
Accept : */*
Accept-Language : zh-CN
Accept-Encoding : GZIP
Host : localhost:6611
Cookie : .TunnelLogin=0745E5306243628CBD806B23D695B80E226FDC9A2B7D71DE7C28A02EF98EFE98157719240C6FD6CD4A3380CE79483946059F5987F7F6E982FE92630E4FF2ED8BDA3C30BB7ECEA75EB7459F828ADE40AC
</Headers>
                  </Request>
                  <Response url="http://localhost:6611/javascript/findmessage.ashx?_=1278651288484&amp;Uid=1" contentType="text/plain; charset=utf-8" statusLine="HTTP/1.1 200 OK" pageTime="0.002" time="0.002" statusCodeString="200 OK" contentLength="1">
                    <Headers>Connection : Close
Content-Length : 1
Cache-Control : private
Content-Type : text/plain; charset=utf-8
Date : Fri, 09 Jul 2010 04:55:00 GMT
Server : ASP.NET Development Server/9.0.0.0
X-AspNet-Version : 2.0.50727
</Headers>
                  </Response>
                  <Context>
                    <Entry name="$TotalAgents" value="1" />
                    <Entry name="$ControllerName" value="PC-201005261001" />
                    <Entry name="$AgentName" value="PC-201005261001" />
                    <Entry name="$TestLogsDir" value="E:\OA\Tunnel_OA\TestResults\Administrator_PC-201005261001 2010-07-09 12_54_55\In\PC-201005261001" />
                    <Entry name="$TestDeploymentDir" value="E:\OA\Tunnel_OA\TestResults\Administrator_PC-201005261001 2010-07-09 12_54_55\Out" />
                    <Entry name="$AgentId" value="1" />
                    <Entry name="$AgentLoadDistributor" value="Microsoft.VisualStudio.TestTools.Execution.AgentLoadDistributor" />
                    <Entry name="$TestDir" value="E:\OA\Tunnel_OA\TestResults\Administrator_PC-201005261001 2010-07-09 12_54_55" />
                    <Entry name="$AgentWeighting" value="100" />
                    <Entry name="$WebTestIteration" value="1" />
                    <Entry name="$WebTestUserId" value="1" />
                    <Entry name="$HIDDEN1.__VIEWSTATE" value="/wEPDwUKLTUxMjk1MjgwOGRkij73Y76QiiBElucU/Dct6FM7s9U=" />
                    <Entry name="$HIDDEN1" value="System.String[]" />
                    <Entry name="QueryStringParam1.fid" value="1" />
                  </Context>
                  <ValidationRuleResults>
                    <ValidationRuleResult message="通过" ruleType="验证" name="响应 URL" />
                  </ValidationRuleResults>
                </WebRequestResult>
              </WebTestResultPage>
            </WebTestResultGroup>
          </WebTestResultIteration>
        </WebTestResultIterations>
      </WebTestResultDetails>
    </WebTestResult>
  </Results>
</TestRun>