<?xml version="1.0" encoding="UTF-8"?>
<TestRun id="ac67cce4-d5b5-4868-aaf9-0749e374a9ce" name="Administrator@PC-201005261001 2010-07-09 12:55:27" runUser="PC-201005261001\Administrator" xmlns="http://microsoft.com/schemas/VisualStudio/TeamTest/2006">
  <TestRunConfiguration name="本地测试运行" id="17587b2d-e938-4c25-8349-4765186e912a">
    <Description>这是本地测试运行的默认测试运行配置。</Description>
    <Deployment runDeploymentRoot="E:\OA\Tunnel_OA\TestResults\Administrator_PC-201005261001 2010-07-09 12_55_27" />
    <TestTypeSpecific>
      <WebTestRunConfiguration testTypeId="4e7599fa-5ecb-43e9-a887-cd63cf72d207">
        <Browser name="Internet Explorer 7.0">
          <Headers>
            <Header name="User-Agent" value="Mozilla/4.0 (compatible; MSIE 7.0; Windows NT 5.1)" />
            <Header name="Accept" value="*/*" />
            <Header name="Accept-Language" value="{{$IEAcceptLanguage}}" />
            <Header name="Accept-Encoding" value="GZIP" />
          </Headers>
        </Browser>
        <Network Name="LAN" BandwidthInKbps="0" />
      </WebTestRunConfiguration>
    </TestTypeSpecific>
  </TestRunConfiguration>
  <ResultSummary outcome="Failed">
    <Counters total="1" executed="1" error="0" failed="1" timeout="0" aborted="0" inconclusive="0" passedButRunAborted="0" notRunnable="0" notExecuted="0" disconnected="0" warning="0" passed="0" completed="0" inProgress="0" pending="0" />
  </ResultSummary>
  <Times creation="2010-07-09T12:55:27.9531250+08:00" queuing="2010-07-09T12:55:28.5625000+08:00" start="2010-07-09T12:55:28.7812500+08:00" finish="2010-07-09T12:55:32.0468750+08:00" />
  <TestDefinitions>
    <WebTest name="WebTest1" storage="e:\oa\tunnel_oa\testproject1\webtest1.webtest" id="171c5d92-e32c-4210-aeb1-e7d09d23803e" persistedWebTest="77u/PD94bWwgdmVyc2lvbj0iMS4wIiBlbmNvZGluZz0iVVRGLTgiIHN0YW5kYWxvbmU9InllcyI/Pg0KPFdlYlRlc3QgTmFtZT0iV2ViVGVzdDEiIElkPSIxNzFjNWQ5Mi1lMzJjLTQyMTAtYWViMS1lN2QwOWQyMzgwM2UiIE93bmVyPSIiIFByaW9yaXR5PSIwIiBFbmFibGVkPSJUcnVlIiBDc3NQcm9qZWN0U3RydWN0dXJlPSIiIENzc0l0ZXJhdGlvbj0iIiBUaW1lb3V0PSIwIiBXb3JrSXRlbUlkcz0iIiB4bWxucz0iaHR0cDovL21pY3Jvc29mdC5jb20vc2NoZW1hcy9WaXN1YWxTdHVkaW8vVGVhbVRlc3QvMjAwNiIgRGVzY3JpcHRpb249IiIgQ3JlZGVudGlhbFVzZXJOYW1lPSIiIENyZWRlbnRpYWxQYXNzd29yZD0iIiBQcmVBdXRoZW50aWNhdGU9IlRydWUiIFByb3h5PSIiIFN0b3BPbkVycm9yPSJGYWxzZSI+DQogIDxJdGVtcz4NCiAgICA8UmVxdWVzdCBNZXRob2Q9IkdFVCIgVmVyc2lvbj0iMS4xIiBVcmw9Imh0dHA6Ly9sb2NhbGhvc3Q6NjYxMS9OX015V29yay9OX1N0YXIvU3Rhck1hbmFnZS5hc3B4IiBUaGlua1RpbWU9IjAiIFRpbWVvdXQ9IjMwMCIgUGFyc2VEZXBlbmRlbnRSZXF1ZXN0cz0iVHJ1ZSIgRm9sbG93UmVkaXJlY3RzPSJUcnVlIiBSZWNvcmRSZXN1bHQ9IlRydWUiIENhY2hlPSJGYWxzZSIgUmVzcG9uc2VUaW1lR29hbD0iMCIgRW5jb2Rpbmc9ImdiMjMxMiIgRXhwZWN0ZWRIdHRwU3RhdHVzQ29kZT0iMCIgRXhwZWN0ZWRSZXNwb25zZVVybD0iaHR0cDovL2xvY2FsaG9zdDo2NjExL2RlZmF1bHQuYXNweD9SZXR1cm5Vcmw9ZXJyb3IiIC8+DQogICAgPFJlcXVlc3QgTWV0aG9kPSJHRVQiIFZlcnNpb249IjEuMSIgVXJsPSJodHRwOi8vbG9jYWxob3N0OjY2MTEvZmF2aWNvbi5pY28iIFRoaW5rVGltZT0iMCIgVGltZW91dD0iMzAwIiBQYXJzZURlcGVuZGVudFJlcXVlc3RzPSJUcnVlIiBGb2xsb3dSZWRpcmVjdHM9IlRydWUiIFJlY29yZFJlc3VsdD0iVHJ1ZSIgQ2FjaGU9IkZhbHNlIiBSZXNwb25zZVRpbWVHb2FsPSIwIiBFbmNvZGluZz0idXRmLTgiIEV4cGVjdGVkSHR0cFN0YXR1c0NvZGU9IjAiIEV4cGVjdGVkUmVzcG9uc2VVcmw9IiIgLz4NCiAgICA8UmVxdWVzdCBNZXRob2Q9IkdFVCIgVmVyc2lvbj0iMS4xIiBVcmw9Imh0dHA6Ly9sb2NhbGhvc3Q6NjYxMS9EZWZhdWx0LmFzcHgiIFRoaW5rVGltZT0iNiIgVGltZW91dD0iMzAwIiBQYXJzZURlcGVuZGVudFJlcXVlc3RzPSJUcnVlIiBGb2xsb3dSZWRpcmVjdHM9IlRydWUiIFJlY29yZFJlc3VsdD0iVHJ1ZSIgQ2FjaGU9IkZhbHNlIiBSZXNwb25zZVRpbWVHb2FsPSIwIiBFbmNvZGluZz0idXRmLTgiIEV4cGVjdGVkSHR0cFN0YXR1c0NvZGU9IjAiIEV4cGVjdGVkUmVzcG9uc2VVcmw9IiI+DQogICAgICA8RXh0cmFjdGlvblJ1bGVzPg0KICAgICAgICA8RXh0cmFjdGlvblJ1bGUgQ2xhc3NuYW1lPSJNaWNyb3NvZnQuVmlzdWFsU3R1ZGlvLlRlc3RUb29scy5XZWJUZXN0aW5nLlJ1bGVzLkV4dHJhY3RIaWRkZW5GaWVsZHMsIE1pY3Jvc29mdC5WaXN1YWxTdHVkaW8uUXVhbGl0eVRvb2xzLldlYlRlc3RGcmFtZXdvcmssIFZlcnNpb249OS4wLjAuMCwgQ3VsdHVyZT1uZXV0cmFsLCBQdWJsaWNLZXlUb2tlbj1iMDNmNWY3ZjExZDUwYTNhIiBWYXJpYWJsZU5hbWU9IjEiIERpc3BsYXlOYW1lPSLmj5Dlj5bpmpDol4/nmoTlrZfmrrUiIERlc2NyaXB0aW9uPSLku47lk43lupTkuK3mj5Dlj5bmiYDmnInpmpDol4/nmoTlrZfmrrXvvIzlubblsIbov5nkupvlrZfmrrXmlL7lhaXmtYvor5XkuIrkuIvmlofkuK3jgIIiPg0KICAgICAgICAgIDxSdWxlUGFyYW1ldGVycz4NCiAgICAgICAgICAgIDxSdWxlUGFyYW1ldGVyIE5hbWU9IlJlcXVpcmVkIiBWYWx1ZT0iVHJ1ZSIgLz4NCiAgICAgICAgICAgIDxSdWxlUGFyYW1ldGVyIE5hbWU9Ikh0bWxEZWNvZGUiIFZhbHVlPSJUcnVlIiAvPg0KICAgICAgICAgIDwvUnVsZVBhcmFtZXRlcnM+DQogICAgICAgIDwvRXh0cmFjdGlvblJ1bGU+DQogICAgICA8L0V4dHJhY3Rpb25SdWxlcz4NCiAgICA8L1JlcXVlc3Q+DQogICAgPFJlcXVlc3QgTWV0aG9kPSJQT1NUIiBWZXJzaW9uPSIxLjEiIFVybD0iaHR0cDovL2xvY2FsaG9zdDo2NjExL0RlZmF1bHQuYXNweCIgVGhpbmtUaW1lPSIwIiBUaW1lb3V0PSIzMDAiIFBhcnNlRGVwZW5kZW50UmVxdWVzdHM9IlRydWUiIEZvbGxvd1JlZGlyZWN0cz0iVHJ1ZSIgUmVjb3JkUmVzdWx0PSJUcnVlIiBDYWNoZT0iRmFsc2UiIFJlc3BvbnNlVGltZUdvYWw9IjAiIEVuY29kaW5nPSJ1dGYtOCIgRXhwZWN0ZWRIdHRwU3RhdHVzQ29kZT0iMCIgRXhwZWN0ZWRSZXNwb25zZVVybD0iaHR0cDovL2xvY2FsaG9zdDo2NjExL0luZGV4LmFzcHgiPg0KICAgICAgPEZvcm1Qb3N0SHR0cEJvZHk+DQogICAgICAgIDxGb3JtUG9zdFBhcmFtZXRlciBOYW1lPSJfX1ZJRVdTVEFURSIgVmFsdWU9Int7JEhJRERFTjEuX19WSUVXU1RBVEV9fSIgUmVjb3JkZWRWYWx1ZT0iL3dFUER3VUtMVFV4TWprMU1qZ3dPR1JraWo3M1k3NlFpaUJFbHVjVS9EY3Q2Rk03czlVPSIgQ29ycmVsYXRpb25CaW5kaW5nPSIiIFVybEVuY29kZT0iVHJ1ZSIgLz4NCiAgICAgICAgPEZvcm1Qb3N0UGFyYW1ldGVyIE5hbWU9InVzZXJuYW1lIiBWYWx1ZT0iYWRtaW4iIFJlY29yZGVkVmFsdWU9ImFkbWluIiBDb3JyZWxhdGlvbkJpbmRpbmc9IiIgVXJsRW5jb2RlPSJUcnVlIiAvPg0KICAgICAgICA8Rm9ybVBvc3RQYXJhbWV0ZXIgTmFtZT0icGFzc3dvcmQiIFZhbHVlPSJhZG1pbiIgUmVjb3JkZWRWYWx1ZT0iYWRtaW4iIENvcnJlbGF0aW9uQmluZGluZz0iIiBVcmxFbmNvZGU9IlRydWUiIC8+DQogICAgICAgIDxGb3JtUG9zdFBhcmFtZXRlciBOYW1lPSJCdXR0b24xIiBWYWx1ZT0iIiBSZWNvcmRlZFZhbHVlPSIiIENvcnJlbGF0aW9uQmluZGluZz0iIiBVcmxFbmNvZGU9IlRydWUiIC8+DQogICAgICA8L0Zvcm1Qb3N0SHR0cEJvZHk+DQogICAgPC9SZXF1ZXN0Pg0KICAgIDxSZXF1ZXN0IE1ldGhvZD0iR0VUIiBWZXJzaW9uPSIxLjEiIFVybD0iaHR0cDovL2xvY2FsaG9zdDo2NjExL2Nzcy9mbGE2LnN3ZiIgVGhpbmtUaW1lPSIwIiBUaW1lb3V0PSIzMDAiIFBhcnNlRGVwZW5kZW50UmVxdWVzdHM9IlRydWUiIEZvbGxvd1JlZGlyZWN0cz0iVHJ1ZSIgUmVjb3JkUmVzdWx0PSJUcnVlIiBDYWNoZT0iRmFsc2UiIFJlc3BvbnNlVGltZUdvYWw9IjAiIEVuY29kaW5nPSJ1dGYtOCIgRXhwZWN0ZWRIdHRwU3RhdHVzQ29kZT0iMCIgRXhwZWN0ZWRSZXNwb25zZVVybD0iIiAvPg0KICAgIDxSZXF1ZXN0IE1ldGhvZD0iR0VUIiBWZXJzaW9uPSIxLjEiIFVybD0iaHR0cDovL2xvY2FsaG9zdDo2NjExL2phdmFzY3JpcHQvZmluZG1lc3NhZ2UuYXNoeCIgVGhpbmtUaW1lPSI1IiBUaW1lb3V0PSIzMDAiIFBhcnNlRGVwZW5kZW50UmVxdWVzdHM9IlRydWUiIEZvbGxvd1JlZGlyZWN0cz0iVHJ1ZSIgUmVjb3JkUmVzdWx0PSJUcnVlIiBDYWNoZT0iRmFsc2UiIFJlc3BvbnNlVGltZUdvYWw9IjAiIEVuY29kaW5nPSJ1dGYtOCIgRXhwZWN0ZWRIdHRwU3RhdHVzQ29kZT0iMCIgRXhwZWN0ZWRSZXNwb25zZVVybD0iIj4NCiAgICAgIDxRdWVyeVN0cmluZ1BhcmFtZXRlcnM+DQogICAgICAgIDxRdWVyeVN0cmluZ1BhcmFtZXRlciBOYW1lPSJfIiBWYWx1ZT0iMTI3ODY1MTI1NDY0MCIgUmVjb3JkZWRWYWx1ZT0iMTI3ODY1MTI1NDY0MCIgQ29ycmVsYXRpb25CaW5kaW5nPSIiIFVybEVuY29kZT0iRmFsc2UiIFVzZVRvR3JvdXBSZXN1bHRzPSJGYWxzZSIgLz4NCiAgICAgICAgPFF1ZXJ5U3RyaW5nUGFyYW1ldGVyIE5hbWU9IlVpZCIgVmFsdWU9IjEiIFJlY29yZGVkVmFsdWU9IjEiIENvcnJlbGF0aW9uQmluZGluZz0iIiBVcmxFbmNvZGU9IkZhbHNlIiBVc2VUb0dyb3VwUmVzdWx0cz0iRmFsc2UiIC8+DQogICAgICA8L1F1ZXJ5U3RyaW5nUGFyYW1ldGVycz4NCiAgICA8L1JlcXVlc3Q+DQogICAgPFJlcXVlc3QgTWV0aG9kPSJHRVQiIFZlcnNpb249IjEuMSIgVXJsPSJodHRwOi8vbG9jYWxob3N0OjY2MTEvamF2YXNjcmlwdC9maW5kbWVzc2FnZS5hc2h4IiBUaGlua1RpbWU9IjUiIFRpbWVvdXQ9IjMwMCIgUGFyc2VEZXBlbmRlbnRSZXF1ZXN0cz0iVHJ1ZSIgRm9sbG93UmVkaXJlY3RzPSJUcnVlIiBSZWNvcmRSZXN1bHQ9IlRydWUiIENhY2hlPSJGYWxzZSIgUmVzcG9uc2VUaW1lR29hbD0iMCIgRW5jb2Rpbmc9InV0Zi04IiBFeHBlY3RlZEh0dHBTdGF0dXNDb2RlPSIwIiBFeHBlY3RlZFJlc3BvbnNlVXJsPSIiPg0KICAgICAgPFF1ZXJ5U3RyaW5nUGFyYW1ldGVycz4NCiAgICAgICAgPFF1ZXJ5U3RyaW5nUGFyYW1ldGVyIE5hbWU9Il8iIFZhbHVlPSIxMjc4NjUxMjU5NjQwIiBSZWNvcmRlZFZhbHVlPSIxMjc4NjUxMjU5NjQwIiBDb3JyZWxhdGlvbkJpbmRpbmc9IiIgVXJsRW5jb2RlPSJGYWxzZSIgVXNlVG9Hcm91cFJlc3VsdHM9IkZhbHNlIiAvPg0KICAgICAgICA8UXVlcnlTdHJpbmdQYXJhbWV0ZXIgTmFtZT0iVWlkIiBWYWx1ZT0iMSIgUmVjb3JkZWRWYWx1ZT0iMSIgQ29ycmVsYXRpb25CaW5kaW5nPSIiIFVybEVuY29kZT0iRmFsc2UiIFVzZVRvR3JvdXBSZXN1bHRzPSJGYWxzZSIgLz4NCiAgICAgIDwvUXVlcnlTdHJpbmdQYXJhbWV0ZXJzPg0KICAgIDwvUmVxdWVzdD4NCiAgICA8UmVxdWVzdCBNZXRob2Q9IkdFVCIgVmVyc2lvbj0iMS4xIiBVcmw9Imh0dHA6Ly9sb2NhbGhvc3Q6NjYxMS9qYXZhc2NyaXB0L2ZpbmRtZXNzYWdlLmFzaHgiIFRoaW5rVGltZT0iMCIgVGltZW91dD0iMzAwIiBQYXJzZURlcGVuZGVudFJlcXVlc3RzPSJUcnVlIiBGb2xsb3dSZWRpcmVjdHM9IlRydWUiIFJlY29yZFJlc3VsdD0iVHJ1ZSIgQ2FjaGU9IkZhbHNlIiBSZXNwb25zZVRpbWVHb2FsPSIwIiBFbmNvZGluZz0idXRmLTgiIEV4cGVjdGVkSHR0cFN0YXR1c0NvZGU9IjAiIEV4cGVjdGVkUmVzcG9uc2VVcmw9IiI+DQogICAgICA8UXVlcnlTdHJpbmdQYXJhbWV0ZXJzPg0KICAgICAgICA8UXVlcnlTdHJpbmdQYXJhbWV0ZXIgTmFtZT0iXyIgVmFsdWU9IjEyNzg2NTEyNjQ2NDAiIFJlY29yZGVkVmFsdWU9IjEyNzg2NTEyNjQ2NDAiIENvcnJlbGF0aW9uQmluZGluZz0iIiBVcmxFbmNvZGU9IkZhbHNlIiBVc2VUb0dyb3VwUmVzdWx0cz0iRmFsc2UiIC8+DQogICAgICAgIDxRdWVyeVN0cmluZ1BhcmFtZXRlciBOYW1lPSJVaWQiIFZhbHVlPSIxIiBSZWNvcmRlZFZhbHVlPSIxIiBDb3JyZWxhdGlvbkJpbmRpbmc9IiIgVXJsRW5jb2RlPSJGYWxzZSIgVXNlVG9Hcm91cFJlc3VsdHM9IkZhbHNlIiAvPg0KICAgICAgPC9RdWVyeVN0cmluZ1BhcmFtZXRlcnM+DQogICAgPC9SZXF1ZXN0Pg0KICAgIDxSZXF1ZXN0IE1ldGhvZD0iR0VUIiBWZXJzaW9uPSIxLjEiIFVybD0iaHR0cDovL2xvY2FsaG9zdDo2NjExL05fV29ya0Zsb3cvVkRvY3VtZW50L0RvY3VtZW50X0luLmFzcHgiIFRoaW5rVGltZT0iMCIgVGltZW91dD0iMzAwIiBQYXJzZURlcGVuZGVudFJlcXVlc3RzPSJUcnVlIiBGb2xsb3dSZWRpcmVjdHM9IlRydWUiIFJlY29yZFJlc3VsdD0iVHJ1ZSIgQ2FjaGU9IkZhbHNlIiBSZXNwb25zZVRpbWVHb2FsPSIwIiBFbmNvZGluZz0idXRmLTgiIEV4cGVjdGVkSHR0cFN0YXR1c0NvZGU9IjAiIEV4cGVjdGVkUmVzcG9uc2VVcmw9IiI+DQogICAgICA8Q29ycmVsYXRpb25FeHRyYWN0aW9uUnVsZXM+DQogICAgICAgIDxFeHRyYWN0aW9uUnVsZSBDbGFzc25hbWU9Ik1pY3Jvc29mdC5WaXN1YWxTdHVkaW8uVGVzdFRvb2xzLldlYlRlc3RpbmcuUnVsZXMuRXh0cmFjdFRleHQsIE1pY3Jvc29mdC5WaXN1YWxTdHVkaW8uUXVhbGl0eVRvb2xzLldlYlRlc3RGcmFtZXdvcmssIFZlcnNpb249OS4wLjAuMCwgQ3VsdHVyZT1uZXV0cmFsLCBQdWJsaWNLZXlUb2tlbj1iMDNmNWY3ZjExZDUwYTNhIiBWYXJpYWJsZU5hbWU9IlF1ZXJ5U3RyaW5nUGFyYW0xLmZpZCIgRGlzcGxheU5hbWU9IiIgRGVzY3JpcHRpb249IiI+DQogICAgICAgICAgPFJ1bGVQYXJhbWV0ZXJzPg0KICAgICAgICAgICAgPFJ1bGVQYXJhbWV0ZXIgTmFtZT0iU3RhcnRzV2l0aCIgVmFsdWU9Ij9maWQ9IiAvPg0KICAgICAgICAgICAgPFJ1bGVQYXJhbWV0ZXIgTmFtZT0iRW5kc1dpdGgiIFZhbHVlPSImcXVvdDsiIC8+DQogICAgICAgICAgICA8UnVsZVBhcmFtZXRlciBOYW1lPSJJbmRleCIgVmFsdWU9IjAiIC8+DQogICAgICAgICAgICA8UnVsZVBhcmFtZXRlciBOYW1lPSJJZ25vcmVDYXNlIiBWYWx1ZT0iRmFsc2UiIC8+DQogICAgICAgICAgICA8UnVsZVBhcmFtZXRlciBOYW1lPSJVc2VSZWd1bGFyRXhwcmVzc2lvbiIgVmFsdWU9IkZhbHNlIiAvPg0KICAgICAgICAgICAgPFJ1bGVQYXJhbWV0ZXIgTmFtZT0iSHRtbERlY29kZSIgVmFsdWU9IlRydWUiIC8+DQogICAgICAgICAgICA8UnVsZVBhcmFtZXRlciBOYW1lPSJSZXF1aXJlZCIgVmFsdWU9IkZhbHNlIiAvPg0KICAgICAgICAgIDwvUnVsZVBhcmFtZXRlcnM+DQogICAgICAgIDwvRXh0cmFjdGlvblJ1bGU+DQogICAgICA8L0NvcnJlbGF0aW9uRXh0cmFjdGlvblJ1bGVzPg0KICAgIDwvUmVxdWVzdD4NCiAgICA8UmVxdWVzdCBNZXRob2Q9IkdFVCIgVmVyc2lvbj0iMS4xIiBVcmw9Imh0dHA6Ly9sb2NhbGhvc3Q6NjYxMS9jc3MvZmxhNi5zd2YiIFRoaW5rVGltZT0iMCIgVGltZW91dD0iMzAwIiBQYXJzZURlcGVuZGVudFJlcXVlc3RzPSJUcnVlIiBGb2xsb3dSZWRpcmVjdHM9IlRydWUiIFJlY29yZFJlc3VsdD0iVHJ1ZSIgQ2FjaGU9IkZhbHNlIiBSZXNwb25zZVRpbWVHb2FsPSIwIiBFbmNvZGluZz0idXRmLTgiIEV4cGVjdGVkSHR0cFN0YXR1c0NvZGU9IjAiIEV4cGVjdGVkUmVzcG9uc2VVcmw9IiIgLz4NCiAgICA8UmVxdWVzdCBNZXRob2Q9IkdFVCIgVmVyc2lvbj0iMS4xIiBVcmw9Imh0dHA6Ly9sb2NhbGhvc3Q6NjYxMS9qYXZhc2NyaXB0L2ZpbmRtZXNzYWdlLmFzaHgiIFRoaW5rVGltZT0iMyIgVGltZW91dD0iMzAwIiBQYXJzZURlcGVuZGVudFJlcXVlc3RzPSJUcnVlIiBGb2xsb3dSZWRpcmVjdHM9IlRydWUiIFJlY29yZFJlc3VsdD0iVHJ1ZSIgQ2FjaGU9IkZhbHNlIiBSZXNwb25zZVRpbWVHb2FsPSIwIiBFbmNvZGluZz0idXRmLTgiIEV4cGVjdGVkSHR0cFN0YXR1c0NvZGU9IjAiIEV4cGVjdGVkUmVzcG9uc2VVcmw9IiI+DQogICAgICA8UXVlcnlTdHJpbmdQYXJhbWV0ZXJzPg0KICAgICAgICA8UXVlcnlTdHJpbmdQYXJhbWV0ZXIgTmFtZT0iXyIgVmFsdWU9IjEyNzg2NTEyNjY3ODEiIFJlY29yZGVkVmFsdWU9IjEyNzg2NTEyNjY3ODEiIENvcnJlbGF0aW9uQmluZGluZz0iIiBVcmxFbmNvZGU9IkZhbHNlIiBVc2VUb0dyb3VwUmVzdWx0cz0iRmFsc2UiIC8+DQogICAgICAgIDxRdWVyeVN0cmluZ1BhcmFtZXRlciBOYW1lPSJVaWQiIFZhbHVlPSIxIiBSZWNvcmRlZFZhbHVlPSIxIiBDb3JyZWxhdGlvbkJpbmRpbmc9IiIgVXJsRW5jb2RlPSJGYWxzZSIgVXNlVG9Hcm91cFJlc3VsdHM9IkZhbHNlIiAvPg0KICAgICAgPC9RdWVyeVN0cmluZ1BhcmFtZXRlcnM+DQogICAgPC9SZXF1ZXN0Pg0KICAgIDxSZXF1ZXN0IE1ldGhvZD0iR0VUIiBWZXJzaW9uPSIxLjEiIFVybD0iaHR0cDovL2xvY2FsaG9zdDo2NjExL05fV29ya0Zsb3cvVkRvY3VtZW50L0RvY3VtZW50X091dC5hc3B4IiBUaGlua1RpbWU9IjAiIFRpbWVvdXQ9IjMwMCIgUGFyc2VEZXBlbmRlbnRSZXF1ZXN0cz0iVHJ1ZSIgRm9sbG93UmVkaXJlY3RzPSJUcnVlIiBSZWNvcmRSZXN1bHQ9IlRydWUiIENhY2hlPSJGYWxzZSIgUmVzcG9uc2VUaW1lR29hbD0iMCIgRW5jb2Rpbmc9InV0Zi04IiBFeHBlY3RlZEh0dHBTdGF0dXNDb2RlPSIwIiBFeHBlY3RlZFJlc3BvbnNlVXJsPSIiPg0KICAgICAgPFF1ZXJ5U3RyaW5nUGFyYW1ldGVycz4NCiAgICAgICAgPFF1ZXJ5U3RyaW5nUGFyYW1ldGVyIE5hbWU9ImZpZCIgVmFsdWU9IjEiIFJlY29yZGVkVmFsdWU9IjEiIENvcnJlbGF0aW9uQmluZGluZz0ie3tRdWVyeVN0cmluZ1BhcmFtMS5maWR9fSIgVXJsRW5jb2RlPSJGYWxzZSIgVXNlVG9Hcm91cFJlc3VsdHM9IkZhbHNlIiAvPg0KICAgICAgPC9RdWVyeVN0cmluZ1BhcmFtZXRlcnM+DQogICAgPC9SZXF1ZXN0Pg0KICAgIDxSZXF1ZXN0IE1ldGhvZD0iR0VUIiBWZXJzaW9uPSIxLjEiIFVybD0iaHR0cDovL2xvY2FsaG9zdDo2NjExL2Nzcy9mbGE2LnN3ZiIgVGhpbmtUaW1lPSIwIiBUaW1lb3V0PSIzMDAiIFBhcnNlRGVwZW5kZW50UmVxdWVzdHM9IlRydWUiIEZvbGxvd1JlZGlyZWN0cz0iVHJ1ZSIgUmVjb3JkUmVzdWx0PSJUcnVlIiBDYWNoZT0iRmFsc2UiIFJlc3BvbnNlVGltZUdvYWw9IjAiIEVuY29kaW5nPSJ1dGYtOCIgRXhwZWN0ZWRIdHRwU3RhdHVzQ29kZT0iMCIgRXhwZWN0ZWRSZXNwb25zZVVybD0iIiAvPg0KICAgIDxSZXF1ZXN0IE1ldGhvZD0iR0VUIiBWZXJzaW9uPSIxLjEiIFVybD0iaHR0cDovL2xvY2FsaG9zdDo2NjExL2phdmFzY3JpcHQvZmluZG1lc3NhZ2UuYXNoeCIgVGhpbmtUaW1lPSI1IiBUaW1lb3V0PSIzMDAiIFBhcnNlRGVwZW5kZW50UmVxdWVzdHM9IlRydWUiIEZvbGxvd1JlZGlyZWN0cz0iVHJ1ZSIgUmVjb3JkUmVzdWx0PSJUcnVlIiBDYWNoZT0iRmFsc2UiIFJlc3BvbnNlVGltZUdvYWw9IjAiIEVuY29kaW5nPSJ1dGYtOCIgRXhwZWN0ZWRIdHRwU3RhdHVzQ29kZT0iMCIgRXhwZWN0ZWRSZXNwb25zZVVybD0iIj4NCiAgICAgIDxRdWVyeVN0cmluZ1BhcmFtZXRlcnM+DQogICAgICAgIDxRdWVyeVN0cmluZ1BhcmFtZXRlciBOYW1lPSJfIiBWYWx1ZT0iMTI3ODY1MTI3MDQwNiIgUmVjb3JkZWRWYWx1ZT0iMTI3ODY1MTI3MDQwNiIgQ29ycmVsYXRpb25CaW5kaW5nPSIiIFVybEVuY29kZT0iRmFsc2UiIFVzZVRvR3JvdXBSZXN1bHRzPSJGYWxzZSIgLz4NCiAgICAgICAgPFF1ZXJ5U3RyaW5nUGFyYW1ldGVyIE5hbWU9IlVpZCIgVmFsdWU9IjEiIFJlY29yZGVkVmFsdWU9IjEiIENvcnJlbGF0aW9uQmluZGluZz0iIiBVcmxFbmNvZGU9IkZhbHNlIiBVc2VUb0dyb3VwUmVzdWx0cz0iRmFsc2UiIC8+DQogICAgICA8L1F1ZXJ5U3RyaW5nUGFyYW1ldGVycz4NCiAgICA8L1JlcXVlc3Q+DQogICAgPFJlcXVlc3QgTWV0aG9kPSJHRVQiIFZlcnNpb249IjEuMSIgVXJsPSJodHRwOi8vbG9jYWxob3N0OjY2MTEvamF2YXNjcmlwdC9maW5kbWVzc2FnZS5hc2h4IiBUaGlua1RpbWU9IjUiIFRpbWVvdXQ9IjMwMCIgUGFyc2VEZXBlbmRlbnRSZXF1ZXN0cz0iVHJ1ZSIgRm9sbG93UmVkaXJlY3RzPSJUcnVlIiBSZWNvcmRSZXN1bHQ9IlRydWUiIENhY2hlPSJGYWxzZSIgUmVzcG9uc2VUaW1lR29hbD0iMCIgRW5jb2Rpbmc9InV0Zi04IiBFeHBlY3RlZEh0dHBTdGF0dXNDb2RlPSIwIiBFeHBlY3RlZFJlc3BvbnNlVXJsPSIiPg0KICAgICAgPFF1ZXJ5U3RyaW5nUGFyYW1ldGVycz4NCiAgICAgICAgPFF1ZXJ5U3RyaW5nUGFyYW1ldGVyIE5hbWU9Il8iIFZhbHVlPSIxMjc4NjUxMjc1NDA2IiBSZWNvcmRlZFZhbHVlPSIxMjc4NjUxMjc1NDA2IiBDb3JyZWxhdGlvbkJpbmRpbmc9IiIgVXJsRW5jb2RlPSJGYWxzZSIgVXNlVG9Hcm91cFJlc3VsdHM9IkZhbHNlIiAvPg0KICAgICAgICA8UXVlcnlTdHJpbmdQYXJhbWV0ZXIgTmFtZT0iVWlkIiBWYWx1ZT0iMSIgUmVjb3JkZWRWYWx1ZT0iMSIgQ29ycmVsYXRpb25CaW5kaW5nPSIiIFVybEVuY29kZT0iRmFsc2UiIFVzZVRvR3JvdXBSZXN1bHRzPSJGYWxzZSIgLz4NCiAgICAgIDwvUXVlcnlTdHJpbmdQYXJhbWV0ZXJzPg0KICAgIDwvUmVxdWVzdD4NCiAgICA8UmVxdWVzdCBNZXRob2Q9IkdFVCIgVmVyc2lvbj0iMS4xIiBVcmw9Imh0dHA6Ly9sb2NhbGhvc3Q6NjYxMS9qYXZhc2NyaXB0L2ZpbmRtZXNzYWdlLmFzaHgiIFRoaW5rVGltZT0iNCIgVGltZW91dD0iMzAwIiBQYXJzZURlcGVuZGVudFJlcXVlc3RzPSJUcnVlIiBGb2xsb3dSZWRpcmVjdHM9IlRydWUiIFJlY29yZFJlc3VsdD0iVHJ1ZSIgQ2FjaGU9IkZhbHNlIiBSZXNwb25zZVRpbWVHb2FsPSIwIiBFbmNvZGluZz0idXRmLTgiIEV4cGVjdGVkSHR0cFN0YXR1c0NvZGU9IjAiIEV4cGVjdGVkUmVzcG9uc2VVcmw9IiI+DQogICAgICA8UXVlcnlTdHJpbmdQYXJhbWV0ZXJzPg0KICAgICAgICA8UXVlcnlTdHJpbmdQYXJhbWV0ZXIgTmFtZT0iXyIgVmFsdWU9IjEyNzg2NTEyODA0MDYiIFJlY29yZGVkVmFsdWU9IjEyNzg2NTEyODA0MDYiIENvcnJlbGF0aW9uQmluZGluZz0iIiBVcmxFbmNvZGU9IkZhbHNlIiBVc2VUb0dyb3VwUmVzdWx0cz0iRmFsc2UiIC8+DQogICAgICAgIDxRdWVyeVN0cmluZ1BhcmFtZXRlciBOYW1lPSJVaWQiIFZhbHVlPSIxIiBSZWNvcmRlZFZhbHVlPSIxIiBDb3JyZWxhdGlvbkJpbmRpbmc9IiIgVXJsRW5jb2RlPSJGYWxzZSIgVXNlVG9Hcm91cFJlc3VsdHM9IkZhbHNlIiAvPg0KICAgICAgPC9RdWVyeVN0cmluZ1BhcmFtZXRlcnM+DQogICAgPC9SZXF1ZXN0Pg0KICAgIDxSZXF1ZXN0IE1ldGhvZD0iR0VUIiBWZXJzaW9uPSIxLjEiIFVybD0iaHR0cDovL2xvY2FsaG9zdDo2NjExL05fV29ya0Zsb3cvVkRvY3VtZW50L0RvY3VtZW50X0luLmFzcHgiIFRoaW5rVGltZT0iMCIgVGltZW91dD0iMzAwIiBQYXJzZURlcGVuZGVudFJlcXVlc3RzPSJUcnVlIiBGb2xsb3dSZWRpcmVjdHM9IlRydWUiIFJlY29yZFJlc3VsdD0iVHJ1ZSIgQ2FjaGU9IkZhbHNlIiBSZXNwb25zZVRpbWVHb2FsPSIwIiBFbmNvZGluZz0idXRmLTgiIEV4cGVjdGVkSHR0cFN0YXR1c0NvZGU9IjAiIEV4cGVjdGVkUmVzcG9uc2VVcmw9IiIgLz4NCiAgICA8UmVxdWVzdCBNZXRob2Q9IkdFVCIgVmVyc2lvbj0iMS4xIiBVcmw9Imh0dHA6Ly9sb2NhbGhvc3Q6NjYxMS9jc3MvZmxhNi5zd2YiIFRoaW5rVGltZT0iMCIgVGltZW91dD0iMzAwIiBQYXJzZURlcGVuZGVudFJlcXVlc3RzPSJUcnVlIiBGb2xsb3dSZWRpcmVjdHM9IlRydWUiIFJlY29yZFJlc3VsdD0iVHJ1ZSIgQ2FjaGU9IkZhbHNlIiBSZXNwb25zZVRpbWVHb2FsPSIwIiBFbmNvZGluZz0idXRmLTgiIEV4cGVjdGVkSHR0cFN0YXR1c0NvZGU9IjAiIEV4cGVjdGVkUmVzcG9uc2VVcmw9IiIgLz4NCiAgICA8UmVxdWVzdCBNZXRob2Q9IkdFVCIgVmVyc2lvbj0iMS4xIiBVcmw9Imh0dHA6Ly9sb2NhbGhvc3Q6NjYxMS9qYXZhc2NyaXB0L2ZpbmRtZXNzYWdlLmFzaHgiIFRoaW5rVGltZT0iMiIgVGltZW91dD0iMzAwIiBQYXJzZURlcGVuZGVudFJlcXVlc3RzPSJUcnVlIiBGb2xsb3dSZWRpcmVjdHM9IlRydWUiIFJlY29yZFJlc3VsdD0iVHJ1ZSIgQ2FjaGU9IkZhbHNlIiBSZXNwb25zZVRpbWVHb2FsPSIwIiBFbmNvZGluZz0idXRmLTgiIEV4cGVjdGVkSHR0cFN0YXR1c0NvZGU9IjAiIEV4cGVjdGVkUmVzcG9uc2VVcmw9IiI+DQogICAgICA8UXVlcnlTdHJpbmdQYXJhbWV0ZXJzPg0KICAgICAgICA8UXVlcnlTdHJpbmdQYXJhbWV0ZXIgTmFtZT0iXyIgVmFsdWU9IjEyNzg2NTEyODU4NzUiIFJlY29yZGVkVmFsdWU9IjEyNzg2NTEyODU4NzUiIENvcnJlbGF0aW9uQmluZGluZz0iIiBVcmxFbmNvZGU9IkZhbHNlIiBVc2VUb0dyb3VwUmVzdWx0cz0iRmFsc2UiIC8+DQogICAgICAgIDxRdWVyeVN0cmluZ1BhcmFtZXRlciBOYW1lPSJVaWQiIFZhbHVlPSIxIiBSZWNvcmRlZFZhbHVlPSIxIiBDb3JyZWxhdGlvbkJpbmRpbmc9IiIgVXJsRW5jb2RlPSJGYWxzZSIgVXNlVG9Hcm91cFJlc3VsdHM9IkZhbHNlIiAvPg0KICAgICAgPC9RdWVyeVN0cmluZ1BhcmFtZXRlcnM+DQogICAgPC9SZXF1ZXN0Pg0KICAgIDxSZXF1ZXN0IE1ldGhvZD0iR0VUIiBWZXJzaW9uPSIxLjEiIFVybD0iaHR0cDovL2xvY2FsaG9zdDo2NjExL05fTmV3cy9OX1BpY3R1cmUvTl9QaWN0dXJlQWRkLmFzcHgiIFRoaW5rVGltZT0iMCIgVGltZW91dD0iMzAwIiBQYXJzZURlcGVuZGVudFJlcXVlc3RzPSJUcnVlIiBGb2xsb3dSZWRpcmVjdHM9IlRydWUiIFJlY29yZFJlc3VsdD0iVHJ1ZSIgQ2FjaGU9IkZhbHNlIiBSZXNwb25zZVRpbWVHb2FsPSIwIiBFbmNvZGluZz0idXRmLTgiIEV4cGVjdGVkSHR0cFN0YXR1c0NvZGU9IjAiIEV4cGVjdGVkUmVzcG9uc2VVcmw9IiIgLz4NCiAgICA8UmVxdWVzdCBNZXRob2Q9IkdFVCIgVmVyc2lvbj0iMS4xIiBVcmw9Imh0dHA6Ly9sb2NhbGhvc3Q6NjYxMS9jc3MvZmxhNi5zd2YiIFRoaW5rVGltZT0iMCIgVGltZW91dD0iMzAwIiBQYXJzZURlcGVuZGVudFJlcXVlc3RzPSJUcnVlIiBGb2xsb3dSZWRpcmVjdHM9IlRydWUiIFJlY29yZFJlc3VsdD0iVHJ1ZSIgQ2FjaGU9IkZhbHNlIiBSZXNwb25zZVRpbWVHb2FsPSIwIiBFbmNvZGluZz0idXRmLTgiIEV4cGVjdGVkSHR0cFN0YXR1c0NvZGU9IjAiIEV4cGVjdGVkUmVzcG9uc2VVcmw9IiIgLz4NCiAgICA8UmVxdWVzdCBNZXRob2Q9IkdFVCIgVmVyc2lvbj0iMS4xIiBVcmw9Imh0dHA6Ly9sb2NhbGhvc3Q6NjYxMS9qYXZhc2NyaXB0L2ZpbmRtZXNzYWdlLmFzaHgiIFRoaW5rVGltZT0iMCIgVGltZW91dD0iMzAwIiBQYXJzZURlcGVuZGVudFJlcXVlc3RzPSJUcnVlIiBGb2xsb3dSZWRpcmVjdHM9IlRydWUiIFJlY29yZFJlc3VsdD0iVHJ1ZSIgQ2FjaGU9IkZhbHNlIiBSZXNwb25zZVRpbWVHb2FsPSIwIiBFbmNvZGluZz0idXRmLTgiIEV4cGVjdGVkSHR0cFN0YXR1c0NvZGU9IjAiIEV4cGVjdGVkUmVzcG9uc2VVcmw9IiI+DQogICAgICA8UXVlcnlTdHJpbmdQYXJhbWV0ZXJzPg0KICAgICAgICA8UXVlcnlTdHJpbmdQYXJhbWV0ZXIgTmFtZT0iXyIgVmFsdWU9IjEyNzg2NTEyODg0ODQiIFJlY29yZGVkVmFsdWU9IjEyNzg2NTEyODg0ODQiIENvcnJlbGF0aW9uQmluZGluZz0iIiBVcmxFbmNvZGU9IkZhbHNlIiBVc2VUb0dyb3VwUmVzdWx0cz0iRmFsc2UiIC8+DQogICAgICAgIDxRdWVyeVN0cmluZ1BhcmFtZXRlciBOYW1lPSJVaWQiIFZhbHVlPSIxIiBSZWNvcmRlZFZhbHVlPSIxIiBDb3JyZWxhdGlvbkJpbmRpbmc9IiIgVXJsRW5jb2RlPSJGYWxzZSIgVXNlVG9Hcm91cFJlc3VsdHM9IkZhbHNlIiAvPg0KICAgICAgPC9RdWVyeVN0cmluZ1BhcmFtZXRlcnM+DQogICAgPC9SZXF1ZXN0Pg0KICA8L0l0ZW1zPg0KICA8VmFsaWRhdGlvblJ1bGVzPg0KICAgIDxWYWxpZGF0aW9uUnVsZSBDbGFzc25hbWU9Ik1pY3Jvc29mdC5WaXN1YWxTdHVkaW8uVGVzdFRvb2xzLldlYlRlc3RpbmcuUnVsZXMuVmFsaWRhdGVSZXNwb25zZVVybCwgTWljcm9zb2Z0LlZpc3VhbFN0dWRpby5RdWFsaXR5VG9vbHMuV2ViVGVzdEZyYW1ld29yaywgVmVyc2lvbj05LjAuMC4wLCBDdWx0dXJlPW5ldXRyYWwsIFB1YmxpY0tleVRva2VuPWIwM2Y1ZjdmMTFkNTBhM2EiIERpc3BsYXlOYW1lPSLlk43lupQgVVJMIiBEZXNjcmlwdGlvbj0i6aqM6K+B5Zyo5omn6KGM6YeN5a6a5ZCR5LmL5ZCO5ZON5bqUIFVSTCDmmK/lkKbkuI7miYDorrDlvZXnmoTlk43lupQgVVJMIOebuOWQjOOAglF1ZXJ5U3RyaW5nIOWPguaVsOWwhuiiq+W/veeVpeOAgiIgTGV2ZWw9IkxvdyIgLz4NCiAgPC9WYWxpZGF0aW9uUnVsZXM+DQo8L1dlYlRlc3Q+">
      <Css projectStructure="" iteration="" />
      <Owners>
        <Owner name="" />
      </Owners>
      <Execution id="f9c5ad4a-53d0-484e-87e8-dab1eb966c20" />
    </WebTest>
  </TestDefinitions>
  <TestLists>
    <TestList name="列表中未列出的结果" id="8c84fa94-04c1-424b-9868-57a2d4851a1d" />
    <TestList name="所有已加载的结果" id="19431567-8539-422a-85d7-44ee4e166bda" />
  </TestLists>
  <TestEntries>
    <TestEntry isTransparent="false" testId="171c5d92-e32c-4210-aeb1-e7d09d23803e" executionId="f9c5ad4a-53d0-484e-87e8-dab1eb966c20" testListId="8c84fa94-04c1-424b-9868-57a2d4851a1d" />
  </TestEntries>
  <Results>
    <WebTestResult executionId="f9c5ad4a-53d0-484e-87e8-dab1eb966c20" testId="171c5d92-e32c-4210-aeb1-e7d09d23803e" testName="WebTest1" computerName="PC-201005261001" duration="00:00:03.0937500" startTime="2010-07-09T12:55:28.8125000+08:00" endTime="2010-07-09T12:55:32.0312500+08:00" testType="4e7599fa-5ecb-43e9-a887-cd63cf72d207" outcome="Failed" testListId="8c84fa94-04c1-424b-9868-57a2d4851a1d">
      <Output>
        <ErrorInfo>
          <Message>2 主请求和 1 从属请求失败</Message>
        </ErrorInfo>
      </Output>
      <ByteArrayCache nextHandle="44">
        <Entry handle="43" bytes="H4sIAAAAAAAEAO29B2AcSZYlJi9tynt/SvVK1+B0oQiAYBMk2JBAEOzBiM3mkuwdaUcjKasqgcplVmVdZhZAzO2dvPfee++999577733ujudTif33/8/XGZkAWz2zkrayZ4hgKrIHz9+fB8/Ij4/e3bwMJv9GrNf41//NX6N/+C/+C/+g//gP/g3/o1/41/4N/6Df+6f++f+8X/8H//7//F/4+//+//+v/7v/8f/9r/9b//z/vq//y//y//yP+3P++v/uD/vr/+z/+w/+w/70/7yP+6P++P+sD/sD2v+sD/vF//iXzxt/rhXb/+w8/Pzn/qpn3ryU813vvOd3e+8ffLkye/6ZHrv3r3fbPfV7/q7/q6/xu/6nd/sN/vN/u//+//+NX52nt/1//4NX5y+eX1y/PJ0b7zza/+a+OhX/To/9uv/Gh/9GqNf/9f4DX6N3+fX+O6v8Wv8ev/37/knr749+h3+xH/qP/mLPjp79Bf+S39V+62/7A/6PX+9O7/nH/JrXu8kf8273+n03a/5E3/4f/nP/HrFr/ef/V0/80f9CUf/zrvf9Gf+hf/xd/z13/3Bv8Mvnf7G2R/29Cf/4He/wR/16nf47hd/wkd/7B/8W/2pL8vf7k/9g/70xZ/7Z734k9I/5Y/68/+C7/5Ff/HZb/RH/ql/Vfln/rV/69lv/Telf8Pf9vec/Hp/0+/09/5DT3+Lv+AH//A/8dHVH/yP/5P/xK/9W/1O3/0dfqN/7l/7qd/4t/u3fuN//Z/4jf+Zv/vf/Yt/o7/gP/yP/oq/6hes//M/4Y/5C/7ys9/iF/xO/9l/8/nbv+oPfZEs/utf/u2/M/3y38r+6//yP/s3/saf+dW/wS/8r/+Qv+bX+q3e/U6/w52nf8lv+tWf8Uf/kt9u/OoP/5P/xa3Hv9Ph/3L9a/z3f8zjP/nPGv8lv+8//bf85f/sn7kz/Wf+vLNn//Af+uv/4vmL6z/g7k+9+L+3fvu93+A32/td/9E/5Hc7/k9/q9/5z/nT/rjf89N/9ulv97L43Z7+Ub/Wk70/7A/6k/6xn/6d/vrf++//E/7qv+u/+jf/oD/lJ/7o3/sf/9aTT/7NX+vX/bUO/oBPnvx1f9Sv8Rv+Nr/Ob/fRP/QP/yF/8ZPk9/wNfo2f/HX+vX/o1/01/rO//scP/qH/+Hf93T+58y/9Bh/9ZX/S3/77/J3/xm/8P//Df80f/s/+rn/Y6G/6Z37VX/Xr/it/zpfN/7Ba3/uvfuOfPPyjXv77D/+23+zX+JvK//jhH/J3//Xnf+1v9lu0v8nv+Dv8Qf/6r/ObHPza/9Tq+Okf8ps9+RN/j2r73/hlv/xf/l3+pH/3v//Dk5PZb/br/7G//PK//al/7A/7D//iv/Din/qdftsnv96/8dv/a7/hH/zF79T+F//qf/vP/rH/0L//L/1Gv+Mf/Z/84as/7Tf4637R7/5vFL/eH/GTv0b7y37sn/q3f53f7Pf8O/+AX/rL//SP/4yf/M3/sL/pH/6ll3/0//R/fz/NfrvVb/nV09/3H/p9fr2/6Sd+23/k1/lH/vA/6fe8/vMf/kn/3q//2y//rN/31/sn/vD0x8//9X/7r/jXf80/f/EP/TmLJ3/Sb/3td1/+Gn/SX/LVb/n3/Rd/9i/5aPTy3/31/+h//Z/4d379n/ipX/Frvv0Vf/qv/2f8GlvPvj37rf/Yv+zX/XV/3z/6N/6P//XpH/Ev/+u/8Df/Iz/79X7Pya/1N/2Kf2u6/kP+6L/0F/3ev80//K9+/Hv84//yX7z7C/+UT/+i3/zT//jpb/Dn/nO/1d/0e/5a/8d/9bv913/Zn/aTP/1f/+V/1vlP/9e/xm/8+Nf4i/6K05f/xR/86U/9cb/Bv/r54vGf9OzLv+Vv+uVvnnz5y9t//PFv+Rf/J//Cb/7v/e3/8l/z7b97+cuf/o3f/e/+nd/8b0qPf9f/9vcc/c7/7j/x13/+G/1Lv+Xf+jv//f/Ms7/sbOsf+jX+9q2/+J/5I/6av+g3+V3/m/1//7fY/TV+7b/gj3j7P/zd/9WL7A/5PX/df+v3/B1/o1/jz/9XvvNPvT7/tf7SX+93/N/+gD/l+S/45/6nX3m29c/8fr/mcucf/XV+i/nv8lf+OpPffvtP+5uPJ7/LP/bT9T/3Dyx+pz/u1/m1Hvw+v+/Tw3/y11j9d//IH/gzH/91v/m/8of8Qdvbv8Ev/3X+lt/8d/lT/pc/7O/4u8rpv/qPfvuP+lv/qZP/df4//dV/7Z/+L5W/zu+596f/d81f/uzJevzP/Xt/zu/1Z/+9f86f8Nf+Q//03/Pr/JpOLH+DX+PXIaH8KV8s/+OTX/vXKn7BP/1Xtd/565/91n/BX/Hb/Gc/8Xv/g//R/7T+vX6963/8v2rvf+/f+MG/9j+9+5//5V948p//b/t/69/wr/9uv/Fv9Tv9vr/1r3f9Rzz5mdm3f4vFb/FHXv/R3/v8j1v/CX/iL/rFf/QvPf31/uQ//M/86fZPvnr6W//Jv9Vf9Hn7l/1Eua6e/Q3r3+mvfvZTb5I/+uL0T/7ib2/Sv+67f8sX3//2H/JH/03/YPF7ffHlT/xWf/Jv/c/+ax/9+X/0X/iv/4N/2h//7/zr/973/oz/4F/79X7r3+d3+q3+7f/0v/3v/vv/4X88TX67L3673/h/+qv/7F/yK//EX/W9P/dX17/df/Wn/CF/+K/9a/1BP/Ff/M//cPqH//F7f9jf8dH90a/3m5/dvfMbHPx2f+38afY7/xG/07/8n/0n/2j6l/0Fj/7v53/Mf/1fPv3df6dfL9n97+qzv/Wv+Of/3IPmv/n3/um/9a/8F//vn3Zi+S+TWP5Wv/Gvkfw+j1/+Gi9/dyuW3/odSCz/mN3f85/7Q/+ev+G7f+vyt/6Jv+j3/DV+/d/7D/+jfuvf/A/4h/+QX+Pk1zn4vXfefPvX/A1+zX/ob/nj/93f5g/6/l9T/pp/5+/+a/1Bv/fur/FrPP/q9/x9/7Gf/n3/+t/3r/+lf9NPHy9/g9/1N/zr/oj/bfWv/SH/1d/+V3x+9e1P/o3/5tf7a3/np3/Zf/B/XH/7b3v0Wz3+Q/66P+8nf53z3/wnf9ff7d/6nf7Xe7/GX/tjv9Mf9+v9Sf/xH/JH/Tq/6x/20R/5L/w9n178N3/x7/G7/YWf/CN/8+94+mz01/7zv+8v/kd+6m/8l+79Vevf8Hf9R/+b3+i//sP/vvH/8Pv89cWv+Ife/vh3/rJf/Uf963/pR3/ds7/gN/srfuPf+/ds/5c//E/693+d3+zpVfpLf9l//t2/sPpdn/5m/8iv99Hv9Ff+/lc/8+43+79/+9/gT/2df9E/PP/t/76f/Pd/nX/0D/+T/qA/7KPyv/iD6t/l9/6j/uL6t5//b3/Ju7/+XyeJ/HMXf9O/80f8nX/7H/zH/Fa/xp81/9d/nb/gz/63fvs/9jf8l/7X41/z1/iX/o5/59f/6A/7K35q/Vv+Ib/77/lH/8bLf+v3/h1/wU/+y7/Nn3by7m//s37/X/QXn/1jk4tf69f4y3+NP+wfv/Pr/Hnf+zfe/U5/+tM/6fSP+H1+evVX/vN/1F/ya/5Tv92b3/f5r/tP/tn/LSTyT/s//7P/6i/9k559i8Xyzv3f4M/6tf6T4z/j1/ur//E/6Se+/R/9wb/+f/Iv/WG/5+/8541/iz/hiz/nz9j94rf4Wx7/Za8++uvL3/WvPfvbfuGv+eKv/tbf/p1/4q/9e/6Ef+av/c5f+Xf8yX/NX/YXfPprfusv/7M//Yl/+G/+M5998t//bf/aT/5e/9iv/Yes0t/or/hD5r/Gf/+7/p9/2d/2/G/+qZ/5Y//Ircv5v/rlb7r9Z6Ynv97f+6/9bb9m8rv8O3/Xf/sbbf2vP/1r/o9/1+zPevuP/Rp/zk/u/Bq/9X+1/JsX27/BTvab/da/9j/26H/6rf7jf+U/+2v/1q/+gN/wD/k77v/r2V/9T/zpL36jv+Qv/43/3f999Zf/GoeHf8unx57p68vYt3/Xv+gPLj79U8j0feeP//TxX1T+G3/pX/WDf/A/2jr5vf6Fy3/0v9pfv1z+2iRjf/K/Mv69/rN3/9lf9D//nn/fn/p7r3/qt7v+w5/8Br9T/lv9gc/+kPzlb/Bb/96/w2/6R/zEb/qH/IJf+/M/4ad+p7M2/3P+jM9/gz//F3z+2/356W/97d/iz/7j/rInf/Cf8Fs9S/7aX+/zX+PP/+v/lid/11/7Vz37Hf6Ef+DZn/Xn/4NP/sa/Nv17/rH1H/btv+bP/5f+ln/97/72b/pH/z6/w8W/9u/8g3/xf3L2b778p/+Ef/ajf/ivfVf+7f/tR3/bH/J3vPvnF7/gb/5bpn/C//6H/2d/2x/3p3z8Ufpn/8F/+G/07V/rL/6Pf5N/+HdN/qs/+B/6m/7rv/j0d/31fsHjP+Dl//yX/JN/Ynry7N/+Vz//3f7hMn38ePfOX/t7/7nfGf3Gv/3v9rf+jf/UH5T8JtMXf/K3f+F/+Sf/38nv8y/8108nf9G/uv+7/RX/12/8h7/61/7ln/jd7v+Zdf2fvf7Wn/Nn/9Rf8lP/53/yt/xG/9xfv3r5gz/g1/hff+c/9E/J/9W/5vv/7N/x1/+7f+fqP/1nfus/+3f9Q3+N3/W33Bt9+9Vv+8V/8Pf+kn/9t9v5l37Rd/6o3+zX/cNmv8Gv+bv+09n+H/tb/h7Pftkf9Gf8Ef/Iy9/k49/mb/67ftEf/Gv9mr9T+dvs/j5P/6Bf9zf8tX6j3/w/+gP+4e//rr9u+uv8UaP/5N5/92v9Gi//7z/6d/6HPv2T/+xf+6uvfue/5PfZnf4rv+vR7/R3pLP/5Q/5R//pX/lTf9Av/Zkf/C+/yR/1Jz/4Tf/m/3j16//m/8af/kem/8rf9hv/xe2Tv7P6H/643+nJr/Wf/yn/5K998Of9Q8f1r/Hbj/+ob/9m/8j4l/xf//YXf8fv9Af9i7/k5e9f/LoPf61f4wef/1b/5L/9i/7UL36N//jd/5H/Ab/T/Deb/UHf//V+6+Rf/r+//zP/7m//4M//w/+d3/gPfvXb/z2/wR/5j2W/+I/+g74//VO/+PX/03e/7i//L7Pf4Nd98Wsc/4H3/5T/Lfuj/9Tt3+bXvPron3vwH/xmv+eP/SH/9m/+2/5uf+bx1a/5R+z8w7/4d/3dXv4l9W/yb/3Kf/hP+h3/qD/g9//1np3/Pn/eH/T5+PIPqn/HP+Dqd9v5Q37mo1/313j5Cz79hy9f7n33P/m1/pNf8gf9ue/+rV+S/iPNv3n62/8nf+iv+xv8T//Zn/A2+Zd/69/+N3jzP//2y3/sXz74c6q/8zfP/tzq1/iPfuE/dP4P/Kq/46/+i/+Af+G/vPjNP/5D/tBf7w/5be7/2Pf/2NP0f/qDfp3faP6f/7p/+S/4rUk0/5Z/4S//b/+Gv+9//W/+27/xH/r1PvnvvpfM/7bZ3/Rrt3/qH/7ZP/rH/EV/3W/zj/72v+sf/Ov/Tvv/zk/+Houn//Jv8hv83eM/ffY7/tf/57Nnf9f3sl/xG/1W/+7l4R/8r/0dv9bZ7vav/1f8DX/7/Lf5/X/jP/bV3/ZPHf1Ff9Df88//r//t//gP/hq//mjn9Xj37W/+a/zWf8DLX/MfLP6sJ3/Er/cL/uW9P270L/4rb3/zv+P3+ZNOk7v/xe/zp/0J//jv+Hs1q9/+N/pt/+rf/O9+9uY3evL3/y9P/7RXf99/9adkf9PD/Pf85/6Mpzu/yy/6LX+D3+k/evvV9U/9c7/R6F/6Z//37+3+M3//b/J7/rH/4j/0rd/sk2+HUvnrklT+Pr7l+4v/kj/kr94SqfxNDv6i8s+4R1L5B/y1n/9e/2v7j/5X7Vcny+m/9j/9Xb/oX/ob/sL//N1Hv+c/8l+8+Y1e/qbrxW96/Ud8lEyXZ3/IH/pTf/jLX/zb/Xa/xa/xR54lf0Jaff5n/znpl3/c+k/6M0//mD/hL372V65/wcvf6E/4jf7yp3/jX/g7ffuP/0P/ss//2vxvOfnt/sLf5+y3+kN/q5e/wV/4G/wD5M/9Qd9Ofu/v/dV/51/49/yZ//xf+OrX+PX+jFd/29/0z/5Hf8Lfcd3+OVd/+a/xD/+bv+jf/mP/2Y/+08Xv8JeXv/x/Pvllv8+f95f/Y7/PL/jj/vPfce8P+kM++o3+tdlv/+7Tv+kvPvl1fqtf+BPf/q92/oM/6BfP/q43/9yDP+jP/G3u/Y7/6P6f9ebHkn/i+K9/8pP/9b/1R/wlv9mXf+Hkr/7z/pPf/A/b+/H/8Xf61//c3/70D/kX/u/v/8N/2P/8h/0pf+o/9yf/RU/+yI/u/DX/+W/wr376n/9pv+Cv/o+28t/8L/yHf53v3J/8Q3/yH/bjv8ZP/ylnf+ef/k/9HnuHh7/PJ//sf/Wn/Rs//Yf+A3/LH773B/3Ff/rfmv5f/9zfv/8H/Xf/wT/4B/3av+EveP53/U3/8T/6t+zNfrN09uSP+HXPfqu/9Bf9c7/33p/3h/9+T/6wrfR3O/kNfoOz/b/0f/7nfp/2d/jr0sd/28lf8mf/rb/Bv/gX/Ya/1W/wH/1Df/tv8K9+9GuNfu/f7A/4o36NX/83/O1+wzu/xu/6axS/+d/yR/62v8bf9O/+jv/zr/FP/7H/0T//0YPv/Lf/wl9Y/ZH/21/0b/8hv9m/+hvuV39kefwz/+v/8u8elv/G//XZP/br/fO/89O/6L/8BX/JP/V3P/oz/p4//Pf7vx/9vee/wY+tvvtTv+TXmP8Zf9Cv/e/+mn/SP/zrfvS7/Wb/yOTXe/R3/QXFv3/22/0Hv/6v/5/8wl9nvP2rZv/3n/6b/5u/4tf/c4rf8n/77l/4h/72f8CD3/HX+e3/qj/z1/xjnvx9D/6AX/xv/el/5ke/+Onq27/er/3mD/6PfuM/6nf9PX/hH/KDH/83Pv4L/+h/6rPfbvon/btf/Br/8B/6627d+UP+uIM/57/4fX6d/+GPfvkX/ckn6b1v//6/1b/X/mO/7r+b/0//wR/2uz7/zf6A3+DH/qN/6s//tX+DX/oH/ee/3kfpn/UP/xmr3+/zv/hP/gt+53/o3//1/ptf9PAP25/98t/yn/6z/5wv/qX/4M/+D/7jv+vX+CW/y+jzv/AHv8sf9Zv9fj+Y/yv/1u//a/5af9av+sv+oie/7x/8Z/y2f8v2gz9s/i//rhd/7l/z9Hf7bX/nX+Of/bH/6Kfaf/mf/nf+6z//1/3JH/w6v/Zv9fy3+iP/iN/kT77zF/xJ/+xf9vf8xK/5G/5u/9OPT/65T//b/+5v/ZfE8r39739y/avWf/1v9m//dskf/uv8aTu/+F/5ha/+of/st/gDdv7k7A/8N/+Gn/qn3vxZf8Lv89f95K/zOxa/9d/xm279u8lv/pO/4++y/HP/hl9/8l/8tb/73/Wbjj75n/7h3+Djv+5/+kd+oz/yL/49/8b/9tE/9sf/w3/mf/TVn3/yX/zv/8pXv+Nv9U8233nzZ/5D/+3yZPG//Vr/49/9D/xFl//z7/qrf+lf9qf8Wr/pX/THff7Rr1H86n/z1/iHVr/Z//Rb/Vm/89/xnX/s31j+H7/BP/Lkn/xzd/7i9NdYbP8L6X/11736zZxM/jq/xq9HdjIIEn/8D/pPfs3rrT/oLyNv9Kf+2j/iF87/2/3f9x/8j/6m3/ov+s+Xn/3E3/yD3/mv+LP+w9/q7/iZ8fY/+Of/8r/vzR/8b09+hzdX1Q/+sNPf4ep3eH1Z/YLXv8Fv/b3f+jf4w7/6I/+QP/ps+Yekv+jPvvrz/7Rv/0Z/7veSs9kfMj/7Df7cP/Uv/vyX/GW/3avf54/7/c7+pD/kt/4bP//Lft/X5IEWZ//A3/fsH/jeH/5P/JNP/+Y/92/9w/7uq7/3nz9J/oHf6A//6/6Qv+HfePJn/FF/8Z9z/hf9h//Rf/I3/ol/8n/wX578Rn/zb/dX/A+//Ff8r7/yV/56v9Xv9OK3/jv/t3/jd/sN/pRf4zf7537tX/o7/YI3v/nf9Uf/Af/wd6qd3333T/rv/sOT3+03/XXu/GN/+j/3753++P/xP6z+qj+1/M8+/93+sr/sd3t9+b98+5968Av/5L/v3/vX/qq//E/+464+/eh3/Tv/6j/ni//75Df/K1/+8vx//i//pD80/S3Gv9t//i/9V7/TH1H9OY/+/Olf9OS3/E1+qz/mxb//z/ztf+2/+Tf+Af/oH/M7/7n/2R/8u//Gj/7pn/yJv+mf+qcf/67Wh/1F//q/9uf/uX/nb/bpq+rkD9v6NR78On/Y7/aH/Ouz32700S/6i/+O85/+9Hw0+Z//Y0SU6egf+5tdRPl3I6L8m/6snf/iX/t1f40/7MVf+ohcyF+7/uq3S3+tv/Jv/OP/kIff+wv+j+O/6Q//Fyii/M1+p//kH/3+b/jP/cZ/7B/0H/x9v/b0n/xDHvwG/8PO91f/8392+uv9W//zTvo73Xn+D/+Gv8tv8xv9rse/6B/5o3/N3+DFf/QXPfyDfqPf9unv9hv8rlf/1//13/5Hv/2v/A/r3+Vf+i//7d/sX139yem9//qrX/jnT3/Lx3/Wv/dLf/vf6s/47X+d3/73/jN/zT/8yfzX/79//z/oP9r+9b7/h/+pv+vf+uo7f+q//7v/Iev/9g/+9b//x370W/1Dv/8f+bv+Zge/5q/zf/zT3/5L/sjf/X/9u37vX+d3LdM/5Gf+o9/8b/6jrz9PftFx89vPf/3/6Nf5Hyii/BP/8Ycv/8Nf//dMfp/f/9d7+lN/9i+4/F3/iNXv+Yt+x9/7u7/bH/Kv/W/P/plnv8bBnX/r1/mnHl7/vn/ib/gzv/K4/A9/n1/5B/8G/+xXv35a/zbJv/S7/QkXye/6+83+vuN/4g+f/U3/+KdPJ3/nP/5P/fbl07/v8nf8Nf7mH/uH/u3F31l8a+vP/F/++z/6z13+fX/0//Rv/sLqd/3J/+rh77X3V/4lv3X57//Hx3/N2dOf+pLk7/f8537b88Uf/Gf8FCzl3/SP/TZv/7u/+Z/6hX/tf/e3TNJ/6E/89f77nX/2N/5t/+Vv/bGz51/N/rQ/47t/yM/8z7/X733vD05/4u9Iy3/3X//bvvfmr/1i9Gv9kau/aPy3/k//xCf/49/3y/+Nt//j3//P/C3/+fL3/AXv0j/9s5/a+R2SN+n/8Xt9+Q/983/cr/8n/a1/6y/8nf7tv+/X+R3/vd/61/iT3vxN/+1v9Vv88k9+0Xf/xac//j+mv+zy+d1/PP29f98vN0vY7/YP7Xxb0jC/wx/we/7ev8kf8s/89z/4i3/t3/TyN3r1M//if/U3/BHPf72/7D/8n/7TP+iL83/sf/zOj/16P/6LDn/jdvpb/MSv9+u9+/5v2v6mf+Af/Hv/sS9+i+kv+BP/yJe/0R9/eTb5g7939lu1f+if/uWf2/6CF390+9u9aP7gX/qXfP4b/PG/95//7b9w9jt8+Ve153/j53/PH/ynffvX+61+u9/67/sr//h/+O8/+TP/lj/7FyV//Bf/7Olf96/8kb/TX/2vff7dP/iv+SN/7X97+nf9u5+/Lf+zv+Q3+q1/q3/yP3/2W/1lv9X/+MvP/vBf8b/9qv/9V//vv/L/+OW/xrf+pL/4P/pv/sO/ducv/yt++z/uf/kD/sS9L/7459t/WP2b/F5/z+/2D/6eX7STP/b5X/W7/da/9vf/vd/7d/vN/siP/5Z/4k96+q/M33znj/7kj/3D/rFX//Ef/Xv+Pvenv82v+Y89+13/lP/79/5bfqP/evSH/J6/06//F3/56G/5sx/88t/gD/pDXn70N/+qf+uX/8Z/0B/x2/2C/+2vsxL2e/0do9/h1/jB77n6q/6g9tt/xG/0a/1hz/+pvyn9p//du81/+h/89b/VH//iX/hdf9cnv9Vv9qf8riRhf/A/+Fv9gj/vf3v5+1dPf63f9Lf5if9tBRf0+W/zL//e1gU9/n3hgv7eo/9k77/5tX6N3/NXn/3O/9Cv+M1/3d9qK/3df+v/6s+a/SN/xMM/8n/7zf6tP+RP+id+w1/rN/0b3x5f/0//xT96+Bv8Nr/08T/2R/xDv/PT3/PjX/Cf/FH/yvE/P/vLf/UXD9+RSfmj7v0Pv0m6+rV+/X/015z9XelHx7/B3/U//PdfVr/v7/sH/i+/6f+4/vTX+XLR/qm/xR/wr/7pV7/39Lf8s/7NP/+X/Pa/xh9JwvXtP/PX/MOe/L5/5++3/ofu/7b/9++6Pp39Or/Wr/3r/Xpfff/7H3377/wDrv6dh//Wv/NLfvs/4n/6D3+d3+zf++6v8cd9NP8NJtM//PQP+PN/g//+b/72H/ZHJX/av/Wn/Ga/7W/0Z/7D61/9h+8c/+B3/d1+jY9+0W/yD/3KP/hP/B3/qF/j9//1jn/yV/2Of+Dot7n8NX7R7/jtj/8zyi1l33n3x/95v9uv82s8//U+PV4//x1+/f/k1/r3fsmv8Tte/Su/JH1S/8v3/+ns+tf9Df6m2R9/8Zv8xf/QL/yd9n/NX6P6Y36rX/Tbl7/B3/F3/NmLv/E3/4//nMWv8Q/9wn9o9nf82//rX/0X/75/x3/5V+4s/uY/+sVv9Wv9K3/qX1Zvfecv/mtOX/0Bfwwk7Nf46rf6tf+xP/TX/fX+hz/rd1cJ+xW/1b/y2/wt/9P/9Ow3+1ufpn/ab/a3/Z5PvvNH/Prf+63/2t9q9k/9FX/2b/Hb/Nv/zb/2D/3af+/v8Gv+a3/nv/gb/Yo/9L/67f7h3+F3/Wjn9/33/7Bf9/m3/7mk+urZUfbFd/7Zf+J3u/sb/PKPftc/YfRr/rd/2/i3+e//nF+9+Ece7f6ef8Nv9T9O/uHf6m//DX7P/+b47/nX/pi/6A/6Bf/97L/7n//J9I8c/S+/5e/1p/25//P0N/pXp3/QP/3uN/p9V5/9yX/fz/wGv+P//e/9Y/Xv9OoP/j2/Ovq13/ye/+xe8vhP2vvu//XHjf71f+F3+VN3/5bf4N//mXv/y6/9m/7pv+Wv4+Ty1yW57KRHf/z3/Jd/u98NcvmdP/0P+hvS32j9z/73y9/l9/7r/onfa/xnfpb9df/IP7f8PX7jYvSPf/E3/rH/0S/6l/69f+Hjj/a/+wt+i5+4Tn+j17/eb/r2l7xKftH0y58sfqfXv93v/Qt+gz/uy1/jD//FZ79V9ju9+Ik/I/sFv8af8+0/5fonfu3f9Df9s1/92te/6V/9+V9+/ev9zLvip/6O07/rF/2l67/1F/2h/+DT3+gP/wV/3D/83b/qn3o6/0V/+x/3B/3Bf+y/fPJr/6v135H8pr/Rv/TvnP4Wv91v91v/Pf8Z52H+p//+N/hNv/if/+Xf+N//ff7Xv+MP+BN/9etf43eY/aH/yF/9r/4eW3/t49/o9/pbvvWb/K1/6Lff/bofffVf/TGP/qjT3/Mv/7v/qH/s3372xz3b/yP+43d/WfY7/UnPfqc/+495tfMnfvynnTz9wW/3Z/1lv//v8O2dP/Z3+8HOOPlD/++f+Qfqf+XP/if/gL/4X/pLv/2nfuv7/8zf9lf/q3/ly7/0WfOX/1dO+L7a+97f+kv/+3vpn/VH/vSJ9Sv/tT/lF/2zPzn+XZbjP/qvyj/5R7b/PZi3/+iTf+RvcObtr4N5+z2/++v8R//Ur/tr/G5/xC98+A/953d+p2+d/7v/7v+6+I9/s9/lX/up32xy9Qf/1L/2/e2/79Pt33H9R/7tf+Xv80f+W3/R3/GH/lH/zl998rv923/175X/rt/5e37V//7Zb/y7Hv83f88/8mv+VV/8R7/GfbFqf/D6f7/89y6/+gOv/s8/+O/5jz/6Df6R9K96+T//Pv/Lv7L671/sbF/94j/iX/mDf9fZ3/Xn/8P/wG/2H/xL//VP/jnlr/zPL5/Of+/Vf/Qvf/5Xrn/3f2TxP//Yr/wdf8k/8lv/Q//+H/i7/kkPfs1f59/7fX7v/zv9g369f+c//8lf5+/9o9M//w979o/9w7/fL/6Xft8/6Kd+vb/vD6ZE6b9AaZk/+K9++PLf//V/t2X6ZP3b/3l/1Y8X//HZf/Vv/Jp/9WL1O/4x/9Af9gf/wb/oOr2Y/HE//cVf9L0/7q/97f+u33P1u8x+m39v8bv8Uf/Rn7PYS/6tf/Onfq1/6J/6Xf/Up//Rr/uHbJEj+ut/8Qflf8ZP/uF/2C/5I3773/zP/CW/3u95/mv9T7/i3774g/+K3/4va7Pf5OpP/nOLv++3+m3/3H/n7/rf/pw/9PVvtPoinR//xR8f/rqjP+n3/PLNy9M/9c1f9mf89H/zV/9Vf8Vf863D3+2vf/SH/Vp1/Sf913/Nb/if/GX/zR/y3V/nD/9rnja/8A//NX79P+Tp3zw5/Xv+kX/tt/gN/tLf5ne9OP322X82/2P+++//wf/a3/xP/xa/6L/eO/uHf4fRk3/56Pf61q/xq36Dv/Vbf1rxO/0nf82v9R//Dv/J4qf3/ss/IP0X/p7v769+41//t/rt/vRv/aXZP/eDb/0Dxe/0p/43f8vf/Zd9Z/kLfuu/7FuvfvEft/Mv/yZ/Q/Fv/bN/xO/2dzz7R1e/3W/y5/7Bv+Hhr3/vn/31/7H/7i/7Nxf/yH/xtzSLX/Bbf/6PV//Ar7Gb/9Un//pv82uOf4O/efSX/xq/3vwPSH/Nv+of/f5//N//Pb/Fm5d/yy/048Ff79f49btZmv/0L/q1fq2vfj3OhH7n1/8Lzv/VX/tvpyzNndf/7l/3h/2L/9XOn/3nLf/ev/Ttf/+L/4KfWf2ef97n6+ef/qv/98nv8PZ3ePN7z37fN7/B1e/wG/xBr37TX5T+4PXvlX//1W/w9o//E7599Yt+pz/voz9k9hf9xc/+5C/+4j/5r3j2F7z9y/+Ev+GLP+yve/on/aI/9U/4s2d/7t/+B/+hf91v8If8Tn//P3By+e7v/if+2X/un/8X/sV/6V/+V/7Vf+2f/Q2mv/U//q//gb/VL/qt/t0/6O/9Rf/Of/T5b/ELfsFv8epn3v7S//zbv8Xsvzn7q/7q//Hbv89P/YLVr/iV/9sf+RP/1q/4ny9e/H6/1S/6c36DP+fkwd3v/J33yTn+u3/yj/jz/rE/9re799P/3j/1N/+lyNL8Mfu/7h/05Lf5TX+rX+O3+qf/pOM/6E/6sd/+t/ndsutf76/4vf6cP/A3+s/+1Ys/6Nt/1P9tkir/4r2TP/QX/OW/9h/wX/6uf/qTX/rr/da7f9ucLdpv/Te/sRbtD/69YNG+/a3/5Fv/zq/1a/xDT774Hf+h//5P+yP/5I/qX/dbf9p/9R/8pr/H9tPf+Hed/cP/4m/2u8x+6uC/u9r9T36Tn/kz/69/73/6W//Q3+Cf/IN+7Hf5Nf+hv+zJv/qDX/3rffnX/z2/7ZNf6x/6zo/92v/bn/0P/ZoTSar8Jb/723/nT77/6/8Ti//t5L/9G0535r/57/eb/mO/2V/9S/7Y8Z//H/3Krf/+N/olf/OTf+rXePiPNr/rn/b6N/0f/t7f7n///X63t3/eH/F7/IInf8Vv8E/9M/fvvvgP/45P/9f/5Y/6+Pf8q77/D/39f9R/9x/+st/0j//NJn/oH/Wv/zm//fHv9Bv8dv/Rf/7P/2a/bfpn/Jr53/3F6qd+gx/7z379P+vX/ht+yT/0F/6Bf0P+a6R/+D919lf83//2y1//1/g7fs3Zr/nb/MN/9m/5a/zMb/NH/vov/89/8j/68rf8jf6Jv+gP+FXbf9K//euv8l/v3/71P/rt/tffe/nv/sSv+6f9Gr/hv/DdyW/16A//N1//5t/9h09/v+9979/+Fb/Nb778t3/dX+P3/bWe53/m93+f3+Kv/o9/+vFP/sS/cnbnq1/zd7r3Y7/g/Bd88urR63/o1/qxv+3gX/nz2n+j+C///Hf/xV/9X36a/GZ/5PGv/Yv/mN/i199+9yfsbf0Fv9Fv9Vf+Q3/+r/3sDzl+lrz7Pf+43+of/7ebnzj6i//l18WzP+s7//L8d/oTJ3/ZH/Xr/7HP/uLf8xf9Rr/VH5P8xVe/w1/z6/61f9T//vv89F/0t/0b/80f8Wv+Vv/ef3z86/5e/8Vv/+Xv9Bv/27/q7e/2D/8Lxe/5l//9/8Kdf+kPXv9xf8kfvPd//VG/8sd+iz/5bzj4b3/8T9l5/Vf/5U//vJ/6F//2P+d3+Dv/uNGfPPvOH/a3/Rpf/JrPf+xv++t+u9/ujz78J8t/dnn/n/xt/sy/7jf7G/6G7/xLf9M/9Av+5u2/83/8n/7a07/55P/4ZHz86735k37dX/+3+vd+r6f/wJ/8D/0O/8r2P/7P/4a/xd/zv/97//X2t/6jf+H3Wbz7nf/NX/UH/a2/TfNbeCauL2D/1I//RX8xu55vvvVr/j6f/aF/9eU/+6f/Dn/dH/Di6vkveP0P/QEn1//85V/wL6frX/wX/Gmr3/NPH735NX/lv/R/P/sdVvWX1U9+8Sr5Bekv+KP+oLPfdJVOfuLX+01/01/j9a+x+rP/xG//dn9K+uf/iX/y/Df9C/7Cv/gv/YN+o9Vv9Fd9/pfP/7S/6o/97t/07T9k/hv8Xb/Gb/3b/dZ/7d/1tPod/rB/9J/6p/8ZJ2Cnv0bym/7gX/8LvvoDfrt/9y/7U36H/+gX/06/4Ld4+Xes/oT/7Nmf+wf8d89+/7/4t/rvv/3LfvJXnP1vq9/6f/3O/D/57X/s1/1P/vXf48d/g3/uL/7F/8ri3zj+9I/4hcUv/vb5P/S7/8G/lSdgv9NZ/c//Fj/2m777rZ2APYSA/UH/21/0q57RKt//resJ/+Vv9xf/nn/8/3X8m/30v/eb/YW/5+lv8Lv/FNYTfuJ0y60n/EevsJ7wJ/0xf9VP/x2/xq/xN/75/8Kv9wf8jv/5i63PX/6hv8m//jv8J3/ol7/hkz9t/D/929/9K37df+QX/6a/8r//n/7U6j/6zX7Hn7n8zf7if6v6o7Z+7d/gP7n+d37v/+b3+wt/s9/if/viB7/9H/Qv/jq/yf/+a8nq3vaX/+Dyr/vl/+N/9w//Li+r+6/+89/x9zh4/Kue/fn/ze/9j/1h/+Kf+ftf/Etvf+snv94/8dv/ab/hH/38f/+b/4N/9J/9Y//ZX/sPPftbj/6BvdOdX/jX/PKdX/XP/rp/wJe/6R/8i3+tX+ff+q//1td3/4Y381/nn/ro+e9/9If8j7/VX/XyD/t9/6Xv/np/8r/82/wjv85fQhHYL/qlD/+kf+fX/5WL9MlP//b/1X/5B/x+f/t///G/9mv+0sU/9H//W7/081/+C/+xX+O/+YP+5+//0l/3f9//h6e/7q/1k//er/Vn/JL/6M/I/zhKVv4Bf+xvP//zL37d3+D3/I9+cfpk9w8a/3F/3uTpV8tf9Hf85E+2f/vpr/O99tf8j/6MX+Mn/uXT3/ZPP/rJ+Z/zx//Ub/QH/EO7L/+7v+OP+4P+sD/8j/y9/tR/HksI/8if9p/9F3/u6p+481/+ee0P/pB/6Nf+jZ/vX/zav/uv9/FfOZof/Nb/5eEv/6f+7Zdbv+Bv/33+sT/w1/mDr3+zX+OP/av+tD/m/E/4v+79ib/Hev5f/Pqf/xb/2X/86/zFf8qf97/9wr/oD/gNvvXxr/1L/o2H/9if/xv9V3/1f/PX/qa/8b/0D/3uf/o/8PDX+Eu/+wf8YX/sr/OHvHt5/Nfnf9K3/6S/6m/6DX7DX/9vzn/Pv+b3Of6ntn7Hf+bJ4ulv9c/8FX/Xt3/DP/KvnY5+w39x59/5HX7Vr/M3Pfk/Ph2N/5Nf67/8w36tp/V/9DOL3/w//85/8l/++H//gz/11/kb/vL/5a/863/rf+kv+Ve2f4vfen7+3/xmv/tv8Zd98jv/nz/9V8z/vj/yt8sWv8s//+v9Rs/+gae/1V/3b/+9Tw7+vt9r75/4S/7gv+43u9z+xU//idVf98f+c7/23/+T6X/9m//KP+QP+nV+jX+lXtWHv/w7T/763+Kvm/xe/8Jf/If/Az/201uf/pF/2eutX+8f/6u//bsc/4v/9K/x63373l/0V33ct3hBBvTH/5Bf+x/5jTgD+qf/Dr/n7/2b/ZUUC/61f+Lo3/iftv/cfzbb/VX/3PLkb/x9/sRfvPz+d//Mf/7jX/L7/07v/qZfkPzMs+Q3/UP+0Fd/4C/6Nf6oJ7/F7/Nb/PFnyeT3/k3/lD/9T/n2b/Snp3/mH//8D/pzaAHi8g/9037vP/IvPf0Tf5/f6i/9NX69P+6v+/zX+61+q7/2b/97/76//x/4B/+hf/gf+Uf/sX/8n/jFv8Zv+tv9Fn/bP/kzv8Ef89f8Cz/zL/9B//y/Wv7Vf/pv9G+9/B3S3+FV8af/hf/+sz/v9/73qj8//Xv+i5N/53/4/Lf70//j//Hz3+KfffPLf+/f7lc2v/Zv9F/9qs//pr/oH/5Df4Pf8lu/7z/1N/3F/+gf+Zv9vfk/lf6e/9Qf9hv9hn/K81HzN/8nz978Xb/D7/Rjv/lf8gf9Sb/R75r+br/r7/Pr/eVnf8bP/AP5f7zz8jc4+1M/evnXjF6mf9Cv/X//eR/9AX/Mb/A3/QHHf9Dv+mv9TqO/ausv+zX+sF9jfPo/lT/1a/yeP/FTL37t53/+P/LlP/fbfPTgy7/iN/od/pNf++w3/PTkN/h9fs+/pXz2Gy7+yX9k+9/9i3+3f/tv+x2/ffmb7f6bf92/87v9Blu/0W/3D/0mv86v9TddNn/C7/5jv+sf/G//mT/9a/5Jz/+jv2gkvuLxL/pfzv/enX/xl57/6j/4b3n543/57/nm9/w3/+rf6ff58x79j3/Mn/U3/d7//X/xG01+8ZN/6uWDf3Txu17/rn/lb/0b/rZ/Z/m7/YG/2/zH/8iDv/SP+nu+lf0jf/zf8Hf8Ghf/0e/67S//oH/o3/57/uf/6G/J/pI/jszab/BP/4F/8j/16Pf/u/6LP/xv+e3/lz/kN9n9h3/RH/Xr/C3//KO/6v/4g/++X/XP/PZ/0d/5+//ef/H/+Yf/K7/m+eLld3/wE3/XR7/e6Omvkf4uZ7/lf7T+N1Yfjf6jf/PX/+pXffV//5u//m//p/zy4+//I//0f/Gn/Br/8y/6J/+A3+o3ffpb/tO/+eOv7v86v9f3zn7dP+2Pf/r8b/+tf42vfuwP+ld/8nu/6o+a/EF/yh/8T/3hv+Zf+fwX/Q53/8e//T//837h/f/9FZmz3/e3/Jf/9N/7/K/+z/+Mn/pN/onf/Tf/9d78T3/AF9WfdP0n/qH/3PHx8e/0N/zZ936Tw//lN/pd/9U/9Ff+Zj/5Z93/336rP+Mvu/f2P/ij//E/9vTNjz/7df/HP+w/+St/j2f/3h89f/BL/5hf9If9Jf/j/rf+mN+8+clfa+vTP/23+Tu2fvPf4G/68X/y8K/793/7v/I3+Gf/4P/oD/6z/9Xf4KfIefnP/tA/+NH//b/9xL/1V3//d/hz/vBf76969pf9Gr/ub/cH/J7/cPb7/y1/yO/2SfI//ad/8B/w97/8zX7jP+yPan/3P+Lbf/ss+U0++lfOf82/9nf7F/6Yv/mv/h2rv2X6u/8ul3/H3/lH/vX/3e97+O2/6s//s/7a9X8wevXtv2f7d/n3/4qHf/Rf/Dv9cd/6tX6nP/Kn/5X/+s//hz76ly9+93/uF/47/9Xf+6/9c8np3/f7/G0Pf52/+7/+E/6Qv+Fvf/lX/Q6//m/xl//k//Jfb/3P33r+9B//0/+4P+ev/+3+1//lX/7pv/Gf+5v+rb/qn3jyM7/TP3X4G/yxf/Df8ptle3/x8T/9P/5hn4z/jN/lP/x3/vJ/7G/7N37qx774h7/18tf89X7rP+yf+9zLyvz6v8Zv0M3KfPQX/Vp/za/BkvjX/zE7f9Hon4Ak/tv/09XzXzj92//zv+27/8n//O2/5p/9L15/8Rd+5x/5i65+yT/4K/+jz0gOf8Hv9Bv8wV/90uwP+iNP/ug/9o/7iavsB3/Sn/AnXS7+tD/pN/idfkHyZ/5Ff/Ff8pf+ZX/5X/FX/lV/9V/z1/51f/3f8Df+TX9z8eelv8Mf8bf8wb/Bu/Tv/Lu+/Zumv+lP/g5/7+/0D5xN/oC/N/0n/8F/+Cd/p7/3d/jn27/n3d//r+W/wT/2h//b/8F/+B/9x//Jf/qf/ef/xX/5X/3X/83f9Jv+Y3/7P/LffvsP/Wf/gq9++9/+13ryW/72v+HZr/z9f/X/8n/+t3/JH/Db/wVffvTr7RR7/9C37crcP3r3t/zx3++/+1P+qfQ3+D1/7Ue/tPz2f5Y9/c1/y09+m63f7B/6h89+89/x9Nf5vf+m9B/6zX7N3+S3+c9+y1e/xpM/6P/+4z76yf9l9Gv8Qf/Fn/cX/Jp/WPJr/he7/9wf+oe/+9ZvtXvnT/7on/vNfpdf8FO/2d/yi/7hk7/u/xz9zN/+rd/m7a//R3337/4j/q3/6W/6Q/+ov+X3OfmNftG/+bf9Gf/kXz3/iZ/6Jb/B73r8k398/Ws+fv4f/RqfaIxW/U+Tv+13/NuP/tf//Q9e/XN/z5/1Z//p/9yfu/fX/1E/9ov/8/G/8PJP/93/sN/o4t4f99v8I7/N3/Tv/DWTs1/82/zJD3/Df23n1YNf+Vv+or/jP3n2N/8D//lv8wf8c49+nf/8x36z3+43/TP//X/nl/0Tf/Rv/m/8Mb/Z6Lu/wb//V/wOT/6v3/Xhf/Zr/Ru/Ufm7/pF/1n/04Omv9S/+Pr/zb/V//Wa/5A/9o/6R3/6v+mv/yt/h7/7f/7Ff+/d58Of99eM/pPh+lvzb/8S//5v9Gn/Yr/yXfp2f/sP/zj/94jf8x37Fr/kTv+jP/xV/8G/w+/3Zv/t/8PYHv3X6a7z7p//nj//vP+Tbv/z3/pt/i584+X3/sjcv7/7F3/7DXn7n1/w9/7Rf4+M7f/lv9cf9jv/Ex//WH3byW/1rv9WT6T/25o+5+v3/+z/jx/+o3+V/Pvgn/ui/Aiav+e3+5Re/ze/wD/2W/+Kf9uYni//8T/+9f6r4NX7df/ndyz/41/x9/pj0nx7/OS8f/hd7+f/1W/zGv/6rT6e/xvkf8OQXfX/73/73zn+zX/fl//ZHfv7n/l2/2e/zG/1W//Jo+vze3378L/9W9//gT3/FP/Wb/9H/ye5/tftb/QF/xp9775/9n+78s3/u+h//s/+xP+9fnTW/8M9+/fhv+iv+8n/yZ/6c0z/nze/w8g/+XX6nl39R8Wf9Ted/9T/02/92+39S8mv9hl/9Qb/x79L8K8V3/rK/9z/67b/9N778Myb//N7f+1f8w7/n95/9IZOPlz/z5/3H//Jv85f+a//45+d/2e/9G/66v8Zv9b/9x7/mr/vFR3/wf7/1L/47v94f/mumP/ifXv41v/m/8js8/eu3/sn/4U8Z/cG/9Ae/2fI3f/SDf+z3vPMP/Se/6+i3+D/Hv+x//M3/sf/9p8u/4Zf9Fv/xxW/zx/4Wf9/zv/Jf+wN+4a/7a/9tn/7if+4f+V2+/9uv/qbv/lov/8e///Vf8vf+sX9PVv+323/XX/Xr/Jobhew//U//5JJTn3/Ur/kH7/yrf93l4d/+U3/3f/Q3/d6TP/2P+hfnf/U//CctP/+tf9M//PCP/qt+o//i96l/+9//1/m9P/mZV7/f7/8Hn/yC9PwP//KP/Mnf6Y958muUf+KL5Per/9Q/68s/+df4s//8v+AvVCFbJL/Vb/db/Jl/5R/8G/9xv98v+A3+hne/1R/6dz1/+Wv8pr/x3/7Fn/53/V1/25/2t/x5/+Czv/kf+eP/2D/0D/qnnv56/+w/cvXF3/V7/0snv+m/+nf9Ri/+mX/x3/7o3/33fr+/5+wfTn/BP/mf/Eb/+e/3j33x9/0H/8nJr/0//uR/9ytef/Wf/1a/+nu/3tY/+rf/Jn/AP/QH/+TjN/f+ql/3H9r+ff7v3+6P+X1+/Owv+cclwPuJP+YP+aW/YGv03/1ZT//Rvd//J+wa3Jv6F/3Tr/6L3+ZP/Vf/qx/7ff5Qz//8+Lcl//Onf9cHf/1/9Gv8Jj/2vd/4f/6xN3/Yy7/k101+ndXLr/6wV7/5r/nbjH6Dnad/0B/6647+8N/qD/rNfo2/+o/66376N/w1frNfXC5+jb/r5C/6M37Zpy//wn/zLzz+I/+v//M/+lf/kN/sL/8Nf+aP+N9+jX/1D5n8w3/Cb3v1a/x1/9p/+ev9hb/z06e/8Hf6Q36Do9/ov/7nfuu/+Hf4s/6qL3+DH/sNPv7vf6N/6OLX+vX/WElZ/lF/+t+weP0//B//5h/yP/xjv8vv9wf+6f/rb/KH/r2/71/6a37vt/7r2l/rl/0Lf8e9X+ffSH7Xf/Q/+43+5T/89/39fsmf9Xe+/Cf/lf/7B+P/4df/7j/+P+ycPv/0n/93d3/13/l3/u1/5K9x9Gv+I//9r/U/n5a/7b/4+8//sN/sd/yj/qXfoXryH/1jf/yDH/zev/lv/pv/tqM/4x/O/94v/iSK8v6nz/+sX/tv+iX/0+//B/1N+c7/nf4Rf9lX/8X3f4Nf/zf7O/7h2a/zx/xmf87OL/iNsl/j1/2tvn3/1/k1frP/ff/46jf7Hf6J//DX+vN+SfrbXvyplK+c/Cn//b/x77e/1uP57//HfPTL/9Y/7o97Mfvd/803f/5//Ct+8rvf/S1+zd/29/s1/qnf/ff86t1//CvyP+UX/B2/cPab/9aPr/+J7/4F+3/V7/2D09/u5a/55q/93/7xP/xP/wshoJd/yn/2X/6Ff9Cv963/6i/6w/6X3X/o1/7t/oD/6ff8C/+QX/hfnX70E7/GPzT/9Df9sb/1D/gtf73/6h8/fvwrfrMHv/Ff+fm/N/0Fv2dR/5a/yW/xl/8mf8mv+Xv+Br/xv/KX3P9nf40/7E/8LX/wH/9af9If/M/+df/OH/aXJr/WP/ZJ/eI/+ms++Wu/OP2D/6q/5Lf4sX/sP/n2H/roP/vn/rI/5H9581/9bf/a0e+6+NufvPkdfos7f/WbP+i3+F3+rp/a/e8+/rvqf2j0O7z4/X7tH3zn7/nn/q7f9b/Z/y+/9b+Mxy//iF/0+774C3Z+3dHOb0328/o7f1rzm/zCT/6Yf+Pp3/Vn/g5/8O/58C86evUL7n/xN739x/+hf/q3+tX/9N/4Y7/t3/w/7f2NH/2i6sFf/Pg3+w3/sm//V4c//Vv8wj/09/yfP/43/4d/5jf+h579GunxX/Jb/J6/+p/9J/+uf+y//S//0b/rjzuc/8PJV3/s7/nX/3b/1eP/6tf49f6tv+7bv9mvcfj/AEnVFLPyKgAA" />
        <Entry handle="42" bytes="H4sIAAAAAAAEAO29B2AcSZYlJi9tynt/SvVK1+B0oQiAYBMk2JBAEOzBiM3mkuwdaUcjKasqgcplVmVdZhZAzO2dvPfee++999577733ujudTif33/8/XGZkAWz2zkrayZ4hgKrIHz9+fB8/In7j5PHv+vTLkze/z8vTdN4uyvTlV0+en52kH23fvfvdeyd37z598zT9vb/95ovn6e54J31TZ8umaItqmZV3756++Cj9aN62q0d3715dXY2v7o2r+uLum1d33wHWLl7WX7db783xrJ19dERdc4/vFuWy+SwCZ/fhw4fyujTOs9nR47Zoy5z+/LH/4i/4w/6zv/fv+M//8L/uP/8T/64vj//zP+YvoF//y7/17/0v/96/kNreNc1+4ySl53EzrYtVmzb19LOP7v50dpnJB3d/+het8/p6e3d8b7w3XhTL8U83H6Xt9Sr/7KM2f9d6TT86enxXfrsZ6uu2fp4vL9r5BnBpmS0v1tkFfbW5k7JYvk3ndX5OfUyb5u5J04zp50dpnZeffdS012XezPO8DTriBnePei+X+Xn7PgBuHOpF3i7ypqFxfC3SDbSXRnjO18spmCZt5tVVs54s8uV6a7le3El/sWuE5zKr02ry001bp5+lH03bcmfn939Oo939/Vdns4/ST1J66TB85e7d323rox//6BN57c64rS4uynzrTqdZ0bymvre01S1h4DvX8pdEBhSCHRgOjWVWTdc06nZMpD4tc/z65PpsNoBPcZ7im/R3/YwGXJY9uF6bMU/9eFY0qzK7Tj8jsn10p98aT6R1+tGyWuYfdbrHk5dN/h5guiA8WsXIBqJ9ASb4qu6PrqymGVqNwfIEnNp40GPg6mI6P6mW4MCtfJTGOAvkos9BoN0oPYdm6KOmWn505+YRb4QBht+9R2CmZdY0L7JFTiA+xqfN3sfDpMODifgm8B2a6K+D8waUY9MDqWcgYNj49LzO25OqelvkWx/R1x9Jo04v51WdbkGkCkJk95B+PKaf9+iXTz4ZFBGd8yLaAA/YuT/C3e4QzePz0b1BoHjigHvTbZ7OtPNHg5OPB5hsnDzoSxr3JiVinlvAuQUb+A8UqnDivJj11bF5YqO+DW/9bnbod8Y1uRTXW4bbtnoDVVTabFLmKfksd8aLat3k1WVeb3gLTzsvGpWkSTZ9e1FX6+UMw//x/d2HO5MHMQJ470yrsmJD9uPP+ImJn6MTpKRHp19ikF23XxvX/N75/vnk1rju5A/2s/s9hQ4GKKZvb8Dihmn/JTFLdyPzXYTK4Q7zNI0uPy+W+ez9tPkgzNsoAZ8XPSPrzJoFuiQ4I7L/5Tq/c/fuf/Z3/WX/2d/11/znf+If8l/86X/T//j3/XH/2d/1B9Gf/8Wf9TdOufF/+ef8Yf/5n/TH/+d//Z/kf/Wf/0F/n+ugM0DowKfZdUOI3ts5JO/lv/jr/7JUYKX/+d/0R/xXf8lf+5/9g3/+f/7X/1n0bfqf/2V/df/l/N2K3l3mVwSmxSzhi7t37QcfPc2n+WKS1+m93VFKDvzBR92JIxDjJm/fFIt8C79f6O93iLaM27fSvX3659Md88/uzs5OF4qdJsWekMIEfJJ+9BkmKW+m2SrfEjLi00PqqqjzRr6lbtvq8y/ekKdeLC8CZouZITfl6ISm5T//E/8M6bf5z//Iv5+mxryxkfBZDTHpID5eZO10vgUCvsovTt+ttj7a+v1+Jr3DLqsZ0db3fr/D73/rztbhz/xud4jhIpIA2FZd13m7rpfE50oF+vJ7e9+nudIv0OrQuOJ4YmOe5WVnzH/UX/Rf/9l/mWC9cZw9Hrnt/G+Tg9VpDHhTmkUC2JmECBG4oaXCDRzCjb8GY3z9WOaqWM6qq3G1nOTkkOTrZVll0LOeXsRz9262budV/Yh+X+TFD36Q3sBXS4KhsPNLDJi6zvPl70301I/lA4RDEfJOQJn0yNHL/KLaD29XZfndYtbOCeTeToTyk/QX/sIQB1L59OP3SR+nO+nP/Ez4XVa2v1d+Hde+lutEuUZMjyHjKl9ufXS3rC7Iwo2zZvWOfL+P5E/81lZVOcnqz5bVSAZAfzT0VzqiyS5+AJOO79pq9dnOCHEx/eAxfrY7+nZeXMzbz3aj/VOOwh+MyNRPQtHQl5/R/z/6r/76v+I//5P/mP/qH/yzSRv/Z3/XH/+f/w1/9H/+h/9V/8Wf+sf/Z3//n/c//n1/8EeHCoYa/Nd/5B/3n/+Jf+N/9vf+5f/Fn/YP/Jd//9/wn/39f9F/8Yf+rf/5H/znkGKX9v/Z3/uX/pd/0R/syyqevmfT40r9WPIg/8Wf+Rf9F3/RH/lf/yV/1n/9F//tLjfCDbwMwXh8l/73vjmGaIpAQH0jiZYO/FhuYDrPyb2IBm6D1lwyBBz6LduXZTbNv12Vs7ze/f3bdy0UBTkibD00MI4xa1bmdbv18X/1N/6d/9U/8Kf+53/4X/6f/7n/wH/5R/+RZJH/y7+SjPUf/HGMez4IoXN6uYl6xKrZzzNy+ze4HhHinRdlvl5BFW3FEhEgIidVPkt33s9fGh6Q63JWXEYizo+/6cD266MSDX5vEL/HdzlVSb9Mqtm1ETRS+Qu2QJ99RMpqmbfP6IOPSMOTrp999tGqaki8Mp6Tzz568fu/LKY0o/nxbCa6LS1m4Ys5zR/Lz2JdtsUqq9u76GJ7lrUZ50tpQPhRLFdrY5zIs57ly48Ujd//9//Js9Pvvn5z/OZUwAcfMPNTsu/q9OXTq6+eP39zuvPF06/o/2c7L57+Pi9/6snvc/JTFw/fPrs4Ozm+ws8L+nnw8tnFT+RPnr0q82//xLOTPF9Xef4T8/V3Xy2e7H/7Jz9/eDl59mo1Pf7qq9/nu6/a7Lv7F+cnT1cX979dtvcflMvnT1dv95+9/anjs8+f7v3Ed48vzgr+uZD+ji9OCf5ZfrJ7MH/9e78qJ1+9uJx99/7O8cVX3z3RNj91cfCT9N4PvnjyvCxWD8p59oNl+Xv9dPl2/9vL8vnLVVX91FvA8du+OP5BVT84Ly9+n3O0od9n1ObMb7P74uoH5fxBXbafPvDafOG32Xvx6nlV/T4/WJTP7/p9atufCNvOf7pcfWdSXfzUT79d13X5ln5efvrtxUV2dzXfP18t9oHnVMf9xcvTz3/iJ579RHP6xU8fX734iZ+4/uLp8d6Tp2dXXzyd8mdfHvNn9/mzN8f47N0X3O70Wj77gj97we1Od79RWCfN05O92fKn/P9//hMnJ8fgi1eLp+9+n5NvXxGfzH+fU+GZ79BnXz09/umL3dP1d5/VX353Uuev9y++zPbXNNqzz++Xs6uvrl5c77z7guAc/0Twzt7puiC++u7Z2/V310Weffm26LzzXbxz8PKnjg9+4tnFs8Wzi9PvHs/3v/zq82fXv893d8vZ5z95/ZOLZ83su189I17/7vF3f+rtTz25ePLk1f3z33vnxeVk+ep6svfuB18tfvLd7Lvl9U/95JPL6b1XJ7/Pd1/Ur/d+8v7vvXvw3eOf+Or173PvVUN0evv6u7vzn9r7yZPZ7/1qZ7K3/27nbH1+8VO/6PX9+ezy2199WmbnX/w+k+/+Pj+xbA8+E5P5+K5IpxVTWtDYKKmnP3n64s1PHj8/e3r85uzLF0Zeex87qf3us+Pf68Fi/+7Dk5943jSXz3/i+Or3uvuD3+enf+8nx7/XztWDInv6E8+Xy+Z8xj8v158fX9DP9d36BD+bL0+eHuPz8yW1/2J18Ht/Qu9/sbq7+OkT/P3J3unxT9DP/W+vTvDzwe/9+ukF/fx0ce/J1fPzT9ZPP3nyE89f76Kfq9+ruPrO7zWl9tXb7Pk5wf9B8+W3i+OfmO79om//xIPrlz85e7D4zndeZmefv6jK3+fq9e+9H1KJ9af7lf+UnMwVO2wf7e7s0Stz8dror53fnVRpWVyQJp2Sxs/rj9JJVZPC/+yjnY/SaV6WKyj85YX9u1llU/3b60V6qjufyKezyKd4CO0Ibu/dfdhtv7vHlCTMp23KuQcww7SkH4+e7j04efrk09Pt49NPn27v7k7Ptx9++uRge39///79e/f3KZJGl9Usn2RNblfdyJ3laISiUfKVF/msyChsWtxdrSd3Kbs0fXuVXeZ3p9mkuXtOHc7vNlf8c0wf/ThlwxpYrU9HO6O9h6Odj/qEic7Tp3tdWvPAyJRlxlIuqssid1wN35T6/XRM3d/47i9aEwu01/btOfUafQn5ipkubQU9pApC301X5fqiWNJcXTjKYb2yQ7SLCstiTB94EcR9cU4RSc9WK8qO8bLF3Xfbltjb/P5Hw5R7fJfx7rLFXeELn3fuWuahX8FV9AMcemRZlZmIPHEEBs/IS/K6hSjdwLEec0s37ER99pFLJj5K13W5dbdYEOWauxRyIUk2yd6OL4pzpCtWedZuvzt0A9w78OQAE8iyvCClWOb+HJJcdAS9J708QAgIdbv9g+Ijy4wP7988tP7EeYL8TQ4zxHnTkMOWMzN3nHb8KK2WnGuloM2unCBVO9q9IyYDzXatcizz8yBD0X1+4XLSrA4fZxog/rgH367DfXz3jPKp79hL/fiOpco5sdE2xdn5o3R3f/XuMCUHl5f/HyGoJHa/7MYp3UenZRux+aOUYTDQKybeI5qJcnb40dF//Vf8GRzVZkM0cuzf+4rI1yG0YY57m8jyuFhcqL7QuaYoOscsi92KvrMZjdvN4p43i1HlaZ7bTdyL35+n7u7sou1OX2S2Uk70f3T0n//hf85//ndSrPuX/Pyg+T2P5hsxfD+a/+Bifguaf3T0X/xBfy+o/Tf8ZT8/qL3vUXv/G6T2T5e3ovZ//sf8Bf/5H/7X/byh9n2P2ve/OWrPmh9Mb0Xu/+pv+6v+6z/yT5T86M8Pin/qUfzTb47iF5PJxa0o/l/+vX/if/Un/eX/1d/wF//nf9Sf8vOD4g88ij/4Bik+vbidSvmv/vY/7D/7e/7K/+pv+Af+87/sj/z5QfEDj+JRB9c870fxn77+6VuazD//T/ov/ow/+7/8G/7i//JP+iN+flD8oUfxh98cxevyB9eTW5H8v/x7/77//E/6o/7/QfIfoWG/IjR01rn3R5QOwFLE7Zhy1/ecd++h4aJaNzmtz372UV1M57we867d4nVU+NnDAzOvXiL07r9L0e0mqlDqkBGZykvVpHq3MdDxY9d78bjTRqcU5T/a3iWyHP5gu4DUPEofPnx4uAkfPP/1X/x3/5d/7t9A1pgE5r/+Q/+qzY15AMFEpHsP0WWqC1WPUixT+TE2Zeqqct3SZxI+b+8+5JH8/vzn9t7OAf0F3Gk9n37b3D+ecHRMzqZa3jRMPJqCCVNKt8+HclfRtMLerRDHw5Hro/TH7316MJ3cP0xdymbbfJXfO98/n2iQS39TnvRQsaSuVu/SH9998OAge5gSXYvZLfuV95lHdIYCTlrSel1W3o6G9a1aObVBfVqiCc/cJ7rfBsikHtQVQbtOlvtrzCoxEAP5//PsHmqrmj+ErOkHLIje35OqbasFPrnNLOG5Xatb8o55wEMmPXlvJ8wUppMLJiA5DkJQO3HTdd2AsKuqQBbWI3T+YD+7v0Gzxx5rUcpKEuOfOZ/k3U+LR/J7TNaL35+Y6OH9j29LL/OIE6SuUM9iZnWdbbaYQ89/9Q/+Cf/53/AP/Gd/1x/9X/2df+N//ef8lf/1H/yn3v79DVa4+2gS/8Z26f/fp35358H/a+b+v/4r/uz/4u/6G/+Lv/kv/i/+pr/tP//L/jCy6pS1+y//qj/29lB+xAHyvA8HPPx/DwP853/8n/Bf/aF//3/xN//p//lf9rf9l3/a3/6f/wl/yM89A7h1vhtb3tbo3w7HHzki/+91RJyf0XNNbjUrt+I88/x/TaEQ9/y/RqP813/on/yf/51/wX/+5/1N//Wf+gfv7FN65T//k/64/+Jv+NtvD+SWwornlgoFz/+/GeDg4f9r5v+/+PP/epr/3f/8T/w7/8u/5x8UNrg9gNvOffqjufeE/+D/NZP/n/8Nf/B/8bf+JT+a9Z/9WX/4/x6J390dfz4++C/+oj/y9q/9aMbleZ8Z3935f9OUq37/4/9Msu2f/mjuf5bn/uH/e/w7se//9Z/yN/8Xf/Nf+F//QX/Oz3266OZGP3cB5e0GcXv8Nrd4fJdWXDZA2fT9DetpGqbe2xBuDUCI0KA/Xu9dbe/aDCH1weHzMr+i2HNn18q3n+KWqPbT84cPJrs3RrVBRBp5M11k9UWxlFAXC1qbhPlmTeZPCA07osimORTUbVRGXzUQWX7/gtYcd3ZFQRgSf+p6wu83icktRKS3UPvgdhkWpAnMam5btCX+/ujoP//7/9T//I/+4/+zv/+P/y///r/hf/z7/pzHd/HxN4Okbx5uak5ctpRl27bc2fn9X2bLvNz96CiKNC9Fdt94XbT5F9nqZdbOd+2idfhGls7r/JwMVP+N3//122L1vFi+pWaY2qyk+fqv/s6/9b/6B//I//xv/Pv+qz/qr/mv/9R/4L/4E/5yN5c7dobpN2GE7+aTV3lTretpPs7ezX6P2Wfzs9OT/e+8/cn9t5//otOLfP/k4Nns97/Y+4XZYnXYfvbpvf3d3U8f7OzdP9iRpytSMr1I3oBxHt/NZNQYCUZGDf/rv+LP+K//4r/9Ix3YXTaDbAI/OpKv+KW78hb/m/7Ci/YwDT56nB39Z//gX/xf/MF/43/+J/7J//nf9Yfe8pX//M/9B/7LP/qP/C//hr+Y0t+3eeW/+DP+pv/8L/kL5C3zRTYwgf50ONC34HHhXr/fLlPtWSIHy+kf3a6TW3K+SYcuitkMiUZlFatoWOU5B0n9oU/5MRlCk7uLKMZbibtoeu1C2JZgCTPdXuXfoic8N2tf/wGJaNCg92cfPbR0MEjeu11y0jy3mBPz3NKzwEMj6k7jLd/E4+noIDs7qcrZ+8DB02Xj59kEutGogGy2KJbpzwQZxI+ORC7/8z/5z1K2/h//vj/u9r2+B0XxPH6v1nj+iz/kr/rP//K//3cVN/v2r74/XmYS3pvmxXK1btP2ekUvs4X/KF1mi1zn4Hc7w0dP1iSgy11xi2Ruws89B+Fu/q5oxTPYpONvj+XXp4X0mO7tv5+Y4fnZn7D3aI1HvJf//M/7qyiqJu/l9i+/P2bv4850n667eLdalsUy33v/WPJr4P1N6aH3nXw8u7dv/v4je4/WeAT//+zv+Xtu/9r749QRsk2RX+x5jw5vactuFyXf0O8Nfd1s/T3K3OzdON/g3m1o95jC866Xdy/u5R2q/07dPrghnrTQb8gOSJuvS73h2YnAjOUEopC7K/JDnd+cDPCD/46n+MH8YAPwG4PDnwXy8red8bNFfA8KhBxt4ogPJYtNHEB13GYaAwC+3zIntzVfho7Lc7Jeu7/busnrYuY7Lvz5728+p17X9Mqu2Cal003JIY9wbgwuFAcMMwQ4192+r376Al5tZ8A/1tfzLo53wKvVIl+uP3LZ4WZeXTXrCT7d+vj339n9+A5J+3/xZ/yR/9nf+3e4kNXBVRZTVhpGcnU2I2BDiK1LfgEeQlk0US/hcVm4RAQlrr9b1W+fldXV3S+fVtM1odveNb/8/sezmcTyPTTOJxdXlLrhcP0//8P/OhqXhMkE/D26PHmfLq9+enptKPif/X1/0X/9Z/3hX6fLn+x3ebYc7LEsTY//xd/+J/5Xf+Uf9XV6fPZ6nr0iFrW/bBzjxTvT43/+h//N/9nf89cO9Pj47rr8GtzTTInFf7Z4fFd4/L/80/7C/+zv+SvjPH47LMHju98kj7+sq9l6mt/Vn3YCfg9WU2dtvviFrKL+67/47/4v/9y/oT8tzfTdwgxM2rwHI2zu/GWZLaXz//xv+KP/iz/hT4l1nq1M59LmG+v8Vb6q6la6/y/+mL/8v/qL/6pY95OJ6V7afLMseTW7+MHPFkfuPBCt+0f9yf/ln/OH/ed/51/+n/39f94HaN0HX5Mju3PyxTV0A/3yus3qu/hnWCEs3l1fkJ79M/48Ir2f6bzV5NuOZJ795Gyvo+kVpvk//7v+rv/8j/mLN05zrCOr6764Pl6tyuu7/O/v/3o10Fk5bWiW/4u//Q/+L/+qP/Y//xv+4v/ij/67v1meevfup9/fkg/x0D54qMtxmq/+z/6ev4xG8QE8tf81eYrbdGbh9N10ni0ptqeZz5sm8397nS+HWOwHyxnZnP/yr/2z//M/4g//L//Cv54G9h4z7/V5+o6WrpZZ+UVWlOiYfmzo9Wpy/dPEb3/Zn/Ff/6F/1X/9h/wNZO/eo9eTeUb2Oz/P1mU7xGJt89HRf/UH/zH/+V/2V//nf8NfZmF3IfvPN8J6V7O3v2h37xvivd29KO+JPvuv/qA/9D//Y/+yr897hOUH814X7i/66eYXEdn/xr/zP/+D/8j/8k/7W+mXm2e1C+PtL5oSP8ro/ou/8C//r/7Gv+RmGE7lKePrzw2e1rS8Zv77z//Iv+e//NP/7P/qr/qDfng88u7d+eQbU0/3Nqgnt5z2/kiyerr34Sxip+ZFftXQjyfrsszbYkm/fl4tLy6yamOUAev3h/91//mf/Me8t/XT/tyPTf28u4Lb/Tf913/m3/t1+zlbnlf1ImuLahn+FbpcQbJeep/99Lt3GOWf85//vX+PzNvPWu97/d6PSQ3ANfr7/pyf5b7v9ftur3jkf+5fQk7H1+39ZV5zh8spjNDrfBqhuXi4/+Vf+SeTKSDF8l/8RX9XhA5kiv/Lv/ev/i/+9D9KWrw/Jk/zVVa3CCnx1++VN/NiE8u9bTB4QeprD76Ytus6d78Nd/juB+0KtO6umb9Pd+SrLmdZPfN+He7wmCK4/+Iv+iP/8z/yj/iv/so/7L/643RV/+u6eANpqK+nMz+N68y/66+h3Lybih5S+mttfh3Smp9+g1qT2LupyKtiufL+vvtmvaQ08+//FSXMvloNzcFF/YMy1gseGe5/9bf/Yf/Fn/Fnvwcr9BAiIpL/P7uLX4YxWWTvoMr/xj/iv/yL/uD/7B/8G/6LP+2bdvnb5v3DyCH+OIjyx3/5t/69/+Xf+xf+V3/DP/Bf/v1/wwfY1IMP445IMHVOc0zDsqN5TaP5gocCQb1uvsiW8IkQoZ1gTO43mw/4+M5HcS4xtDLR2h/1R/yXf/Pfu5ldehhOZs1P3w5DUuRP84ZmkH99D+woXv3P//g/nebmv/obbghfIvS7LXZENYMd/foe2AntvhZ21/OL283uC1YFvlq4PX7/5Z/2V/0Xf9TfeRur0J/bxa3xe7JeGPTo11uihvDwz/yrvhZqP7i6NWpP1+21wQ2/3550/9Uf/MeR8/K18Pvp5tb4fWdNEbxBkP5orKG/BYZ/5Z/yX/3Rf0sHw07j2yHc/PTk/JYIP8neGnRf/8Tzk2p1fUts/4s//W/6L/74v+E//8soA/73f7MW4mpGsek3ZCA2xeUu7n1/HNlAfEhcHqcunlvm7KznjO8+u7dxlRXPf/7H/AUUn5EC+c//1D+YRv5f/yWbpADPN43h/k0Y3jIbgecbxu3+gxup90f+Pf/53/k3/Fzg9un9G+n2F/9x/8Wf9g/amf3hY/jpjdT7y/6M/+oP/rPIif3P/+Q/S9z2//qP/CP/6z/3/TlwEL8v23le2xVD/sut3lHI/nf853/DH7qRNjfoKvoFq9JWJww9XgAy2MSt3N97z3X794P+6cOHXfip/g7NdFNneOyKvlmm39n53T9K53lxMW8J/f1gKf+mVf+mvS7zzz6SN7YJnUe7q3fpj396/vDBZDdtqrKYHeqXk6ptq8Xw98B/+Nsa6PW/lgFDm0eo4NFtl3CdXEyrsqJx/fj5p/jvo6NfuJw0q0M/wHRvPNiXOKqYVksvtpFRRIAZgwRjhXc+ckwdSRBo48yiOisuDTEZgUcP7h3qpDzae7B6d5hO1xT71Y9WVbGkXP8hp8z+87/kL5CkwuO7BOBI5OCm0XgJ8luPpokNRxwOHZG11jV56T/It+58nUH2xhimTAbGeOPEqsg7gTfY+NohIhRfWxA+gJfd89gmO8JPIwM23D/NQTdPmn0XIgDzn/9Jf/x/+Vf+Tf/j3/fnRHqIa6SNHW9SPo+L5WrdppwGFIfrdzupCM9lS+vv0/zbVUlE2f3d2nctmnyUctrwozZ/1/qZjMgrv7995W4M3/4wvPyR9+EgmUOixkf3n//dfxs5y+9LR29+bkXBJi8pt3ojCWez8vfJs/omsplmR/B0qxVyttAIa4K9t7NDvgn+fXxXvok3+pQbfbq50QNu9GBzowNudLC50UNu9DDWSEiT04DNbx+5F0ntH+HfjdB3d7nR7uZGe9xob3Oje9zo3uZG+9xof3MjnoVdfxagv2SIX5vZh1k9xpFGmUT0ax+IpAreVw6+nj65vTS8IVVyC2ngZpF5oKWZ//zP+5t4iYZ+bpgwWsD5r/6Gv4Gy2PxzY8M/+D/7u/6c/+LP+CP/8z/uz0Bz99cPa6b9iVZjd9Cb8wHK/2d/1x/zn/19f5HY5Ped6ttMrBgK0f/nRUlTd9McP6NWX63KKpsFa3uxeQ6aVsu3+fWsuiKM8ktqOa5z8miWP8mzdJ6VTX6YotUqa9ocPg2+JRT5q/RDDM7tZqYjgk5O8k/PH5yfd/0N9a3TG30K84iDdKsx8McbbNY3j1zAB0j8FO3NnDBpl6+zy9wq///iT/yT/rO/5y8L/FKew+k8n77dunMI/lozO2ztIJ+0mXksdPVpJ2sa0/Lr8kHoiNpP4R5vRsMhTW0tncWXTslnRZyg/rT5EzEZfnF9sXOa3rvHX6+qpoDaeZRmE5qUdUuMPyuaVZldP0qX1TL3J+lxsbhIm3r62Ufj8V36X7FAwpE+vCtIkTM8vigcA2xAzJFO3Prw9zhfWDTeK2T+2Q3Idz/deU/4eEjDM4k8X/futGlsoPS7ys/t7ZQZRf76xQ7uOfHGNsIsouaendxfQj9Au/HrN7/P89NdvPBjLJqP0h9/xo/HBQziSqdkQvzV/U7B7wfg6RHoez2cTE+f8vM1ejrwe/L7une7vhQ/Ysdee9FEj1InCMFg9m/XAZ7bDmaAbPcHe7r38Pj4a03Qp/GeDno9xZkGT+T1h73XbwIUvL67MzTQq3lBOub9hxlifJnXbTHNym2Wu0eLgrw4AzVEpM88w1DNXOzwEwU3PIFxVtF+7gf9+GOesGrv9NW0Wd3rKKKq3Zc/2C6Ws/wd6XXvQ9W/95xk4Vlk9UVBULZ3Cat0h/67f683i+0s6P/HJtn07UVdrZezbdb6j9Z1SQtP/Htzd9Lu7m7X0P20NhMAmlSza1ZE0qtkRlQOzWcwUZ2PJEXS+dA4Evqpo69Oo4+kmZXzvfN75/v05S9hrxpKl5RsL9mz43Imuzt7n36d1I8xdp9irj1jtwcB/cgsV6Ffl58MnAI/WwmEgiQv/AJwxUdm9dC9KC/7A9rD694I/M+72HdH1++VUgXT+YBVi3uz8o1zGffufwQxoW4J8J5buxv0APGIi6qZPLxqXlMFQ2HZn/Hn/Rd/zF9Os0pfDmEx4M/CH0v7qxGbh2NN/n2PW/ZBast3vILxxTXWMLAoSxN2d/Hu7u7ew717u7uf3ru/+2Dn3u7e/Z3xT68uPsJqpzKPJj7TebaceT7rT2eXWTOti1X76Irku7oaV6t8yQu+r9D/3S9o2n5vuF28dEPT9WD341H6Ma0K/ud/4t8l9MHfii11P9JR3P/0/qitqnKS1Z8tq1GKRVTzO/VYlfim4T85oQv2wl9lNc2ghKRhm7VrNKKl5XDN1accSe8vWuc5uZU1hbR4F0pAezleENnaz/YG3oWMK43wK0k6hWBTIth//ff+yf/Z3/+nfiTal0KPnR1yaCGMpA8++2hoXfKxBFTxL//Lv/zP//L4v/6L/+7/8s/9G/6rf/BPwgrcH/Un/ed/zF/4P/59f/DvSk86sMb2+O4mmPQ18KaMtVKhu/gffzYw83CTWLAZDzQ2KotvUEFEcPw51Rf/4F/7X/zxf+d//jf+ff/VH/XXfG2tMYy9j7FVD5THez9ot6TQYGIfz1B0H36vwsUCQynQ/+TP/BOVWX1KvheB+KsQy+5S0was3SLw9Q+ylS4rkQa9yAnU7z8ps+Xbja/35/zeR//5H/VHiC78z/6uP+g//5P/qv/8b/ij/4s/4U+Z+i2Ook2UPQaV2nuyyI8mFXbxRX7V0I83eSn/Pi+a9puZ5qP/+g/6c/6zf/Av/s///j/9RxMXfvWNTNwXedMg06M//XXf956p//wv+zP+8z/y7/kv//Q/+7/6q/6gb3CyfiiW7g2g7cbGfCvH8d7e12WTG2bYOKb37n3DHXyYVAxa8fdgw5ut+n/xZ/7l/+Vf9cdSuve//Mv+HmUo/6X/9/97k4IYJg4eJY0nrSdZmS9nFHnM8vNsXaqKPXpsk7cmat/Z3b7Y+/13HkjO9u43Iof88Ub2CKTK8sc9G0fbyHl/Z7N+2UwXPJ0wH3Hb7cV/Q8/+MzzY2NPVx2Hu4N4NI449Ov+brcftQd4i+22e7liCRaGuhN9itvixjPzjXhj8el5dfUEBKge+lr3NL2fL88rGvwf3KRa95QD8By7gn/vXkwv4X/xdfxf9ucyvfBHdebBtMpq3fYaFKfa8D9mHo5BOs4hB7D63gPMjGfp5J0Offj0Z+q/+hr/4P/+j/hQJoNKoDO2+H9D/r8vQhxrTfv/eu9retQmWzee0IpIvw2VzThnu/m7f5q+eFXk52/XXveXr3z/8WlfTd2W9lnJ5KwX5RaZOMX4xKGV1TinNeQYMkOyDgSdl0cA33Rt9Otq9/+kI2fUbuNJ3XIgV3fAtWzMylFNbHX3gYvENnHCzZgoyP/etNlIlKGsb926nklTVgqi//++/QyQ3Sndnb9+llB48fJ/ViVt0i+fmcfoPxlxXVzLmoVzr4PO454iWxfLtPRqxOKJm1A86g85K+kWm/sY+9HkPlYAnGNfGYC32DI5rLxyXv9i098Ma13u0xjM4lnvBWB7c98ayu/+zPZZbqm0878/QkwuzlvCMn4FB3n8ftvh/y9j8MHxwnAfBOB++zzjx9NZUf/efBU/Rf96PDP7j50wObqebY897zG73AQaBr6dZDfibu6nkNr4uWng6WYF5264e3b3bThbjps2n42Xe9nOu/+Wf+w/8F3/BH/af/+F/1H/9p/2x/+Xf/yfD+fL9t5/x/3icfX3c8ARo7e0ejHfH5CHQ/3fvtuvlMidtc171Ufyv/sE/j3I9/+Xf+vf+l3/vX/izih+eAEeQrZlb6t29WjV3V1XdZmUfy1QWEf/zP/5v/S/+zL/jh4QsngDhq6urDXP9X/85f+V//Qf/qTfPcgizpJW+JVabLeBvBnE8cQz/8z/8z/nP/96/533xvKiq2U9XE2+28smCk9b1XVpGz9+N5+3iG8QdT0+a/t6/+r/40/+o/+oP+kP/i7/o7/rP/+6/9T//E/+m9xrCdbVuPXb7hpHFEyf4f/3n/yn/+d/9tynBv16nX1MtvocBNM/t4jP/eQ/c3gOf97NEX88g39sNFyTeo0M8/x+zztbv/6Fb5/eYdv/5sOHqtOzt/9CHi2ejM/J18cHzX/wtf83Zycv//C/7I3ce7jx8eG//wX/+J/6d6X/5R/9R/8Wf/4f+F3/0H/Rf/Hl/9KPHs+LS727PBtCzolmV2fWjtFiSM5B/CBp4/rO/64/5L/72v1N03H/1h/zF/9nf+/eru/N3YvUI2d8/8e96fJew+YB+RJOnJ9Xqugb7pr9wSr8e7u3s7qTGHG9X2XhaLdLjskw54dKkr/Imry/z2VgB/Bd/DJHmb/wv/rS/8b/44/7gR14u70jG8F/+CX/0f/5n/Hn/5V/5J1M7WvP+L/7gv9Fg/yOFfRt8bofD108bDcOPwOzACd/1+RGp6HpxhKzXpJpd8y/kxJRHv3Hy/wDzEkD92LsAAA==" />
        <Entry handle="41" bytes="H4sIAAAAAAAEAO29B2AcSZYlJi9tynt/SvVK1+B0oQiAYBMk2JBAEOzBiM3mkuwdaUcjKasqgcplVmVdZhZAzO2dvPfee++999577733ujudTif33/8/XGZkAWz2zkrayZ4hgKrIHz9+fB8/In7j5PHv+vTLkze/z8vTdN4uyvTlV0+en52kH23fvfvdeyd37z598zT9vb/95ovn6e54J31TZ8umaItqmZV3756++Cj9aN62q0d3715dXY2v7o2r+uLum1d33wHWLl7WX7db783xrJ19dERdc4/vFuWy+SwCZ/fhw4fyujTOs9nR47Zoy5z+/LH/4i/4w/6zv/fv+M//8L/uP/8T/64vj//zP+YvoF//y7/17/0v/96/kNreNc1+4ySl53EzrYtVmzb19LOP7v50dpnJB3d/+het8/p6e3d8b7w3XhTL8U83H6Xt9Sr/7KM2f9d6TT86enxXfrsZ6uu2fp4vL9r5BnBpmS0v1tkFfbW5k7JYvk3ndX5OfUyb5u5J04zp50dpnZeffdS012XezPO8DTriBnePei+X+Xn7PgBuHOpF3i7ypqFxfC3SDbSXRnjO18spmCZt5tVVs54s8uV6a7le3El/sWuE5zKr02ry001bp5+lH03bcmfn939Oo939/Vdns4/ST1J66TB85e7d323rox//6BN57c64rS4uynzrTqdZ0bymvre01S1h4DvX8pdEBhSCHRgOjWVWTdc06nZMpD4tc/z65PpsNoBPcZ7im/R3/YwGXJY9uF6bMU/9eFY0qzK7Tj8jsn10p98aT6R1+tGyWuYfdbrHk5dN/h5guiA8WsXIBqJ9ASb4qu6PrqymGVqNwfIEnNp40GPg6mI6P6mW4MCtfJTGOAvkos9BoN0oPYdm6KOmWn505+YRb4QBht+9R2CmZdY0L7JFTiA+xqfN3sfDpMODifgm8B2a6K+D8waUY9MDqWcgYNj49LzO25OqelvkWx/R1x9Jo04v51WdbkGkCkJk95B+PKaf9+iXTz4ZFBGd8yLaAA/YuT/C3e4QzePz0b1BoHjigHvTbZ7OtPNHg5OPB5hsnDzoSxr3JiVinlvAuQUb+A8UqnDivJj11bF5YqO+DW/9bnbod8Y1uRTXW4bbtnoDVVTabFLmKfksd8aLat3k1WVeb3gLTzsvGpWkSTZ9e1FX6+UMw//x/d2HO5MHMQJ470yrsmJD9uPP+ImJn6MTpKRHp19ikF23XxvX/N75/vnk1rju5A/2s/s9hQ4GKKZvb8Dihmn/JTFLdyPzXYTK4Q7zNI0uPy+W+ez9tPkgzNsoAZ8XPSPrzJoFuiQ4I7L/5Tq/c/fuf/Z3/WX/2d/11/znf+If8l/86X/T//j3/XH/2d/1B9Gf/8Wf9TdOufF/+ef8Yf/5n/TH/+d//Z/kf/Wf/0F/n+ugM0DowKfZdUOI3ts5JO/lv/jr/7JUYKX/+d/0R/xXf8lf+5/9g3/+f/7X/1n0bfqf/2V/df/l/N2K3l3mVwSmxSzhi7t37QcfPc2n+WKS1+m93VFKDvzBR92JIxDjJm/fFIt8C79f6O93iLaM27fSvX3659Md88/uzs5OF4qdJsWekMIEfJJ+9BkmKW+m2SrfEjLi00PqqqjzRr6lbtvq8y/ekKdeLC8CZouZITfl6ISm5T//E/8M6bf5z//Iv5+mxryxkfBZDTHpID5eZO10vgUCvsovTt+ttj7a+v1+Jr3DLqsZ0db3fr/D73/rztbhz/xud4jhIpIA2FZd13m7rpfE50oF+vJ7e9+nudIv0OrQuOJ4YmOe5WVnzH/UX/Rf/9l/mWC9cZw9Hrnt/G+Tg9VpDHhTmkUC2JmECBG4oaXCDRzCjb8GY3z9WOaqWM6qq3G1nOTkkOTrZVll0LOeXsRz9262budV/Yh+X+TFD36Q3sBXS4KhsPNLDJi6zvPl70301I/lA4RDEfJOQJn0yNHL/KLaD29XZfndYtbOCeTeToTyk/QX/sIQB1L59OP3SR+nO+nP/Ez4XVa2v1d+Hde+lutEuUZMjyHjKl9ufXS3rC7Iwo2zZvWOfL+P5E/81lZVOcnqz5bVSAZAfzT0VzqiyS5+AJOO79pq9dnOCHEx/eAxfrY7+nZeXMzbz3aj/VOOwh+MyNRPQtHQl5/R/z/6r/76v+I//5P/mP/qH/yzSRv/Z3/XH/+f/w1/9H/+h/9V/8Wf+sf/Z3//n/c//n1/8EeHCoYa/Nd/5B/3n/+Jf+N/9vf+5f/Fn/YP/Jd//9/wn/39f9F/8Yf+rf/5H/znkGKX9v/Z3/uX/pd/0R/syyqevmfT40pKgnjB/3h8l/73vumDkL859hdAH55B8QFvFJwwAcBhwJQ8svqOMo+E3/JRLILv+IQW3Dk7TQTOAPIfG9MP+FbDUNl3uRlq3LP9JchcWRI95snpTgt9sS5/cbrI6oti+Whn9e4wXWWzGSkr/EEQyuIXp2XRtNv8+iMEb4fpnBn60R63B6ztrCwulo+mxMF5fRiAu4IQPCKb+7tb0NskJY/u48vpum5INa2qAi8KwugH+N7lDB39Mqlm12aOSdMtWPF+9hHJ6DJvn9EHH5FiIxU3++yjVdUQ62VMvc8+eqqa5/f/UkX69zgvZiSGKf0bvJ4TvZkui3XZFqusbu+io+1Z1macLJwVl/hRLFdrw2BE81m+/EiR+f1//588O/3u6zfHb04FfPAB+w2U6bo6ffn06qvf64s3X129+MF054uf/n12vjh++PbZxXcWT/d+4rvHF2dP8fPkmH5eHXz3yZP905/8/Cf3Z8dffef+p5/O798/+fz+T33++3z7YvbVZO9h85Ofl1dPXr2a/9Tnu6tJ8eTg7MvF07f5d+8t19+dNl8u3lx899Xb44vf5+VPPfl9To6LM/75Uxfo7+zk+CcOvns833/+e18/+87s859sf2Lv4e5k+RMnT179Pr+XtCGc3n11cvzTX1ydrr/7exHMZ/WX+Ve/6MvvvrnI86+aTxbFfPETBCdou/P0y+Ky/eS7T+afoA39vkdtAnhf3Xv65Xe/vV5/91699tpc+W1+n93TdTH/6S+zry4/8fuUtk8MzaTt3udffvdtuS6eLL58/SnBfUU/71Z59qT+ZPHt+SeLCfB8wvCBC8Z9cPJTwP3q4OWzi4v85NmT+U/t/eSb7Pdelcfzn8hPdr9T/j57D69/6vTF5ey793eOL77KT36S23xnsnhV5sdnT2gOvpv93i9Wv8/iXZl9DjpfgL6nP6XwaS6/++Tz30dpfvCTx1dn+y9ePS/n2Q/Kxaf33q7Pni7Wzy9oJp6sf+r3nj774um0/eLNE4JzGr4zf17Vv+jbZfGd52VdLRc/vTrrvPOM3yG+eXn65Pd58lPz3+cJzW/+tHwyny6etT/1e78qp+VPzSff/snyyU+cvnt28WzxU5//xO9z/BNf5b/37sOnk737O9PFw2ZKY57+3j+5mi5+8icm917s/MTi2U9nO5T1/smH5wTv2enixc7k6fHVd07L9vf57qz8ieVP7sw+f7j+4ie+Wvw+9141Xzw9fks8tCZeWs+ePWl+n+++KF9//rD5qc9/8vqL16++M/nus+VPffWd3dm3X11OfvpZfe+L9nXxkz/5k+W7d9mzX7T/8uwX/d7P7j//6v7z488+E2Px+K5InRU/ytJvlMDTnzx98eYnj5+fPT1+c/blCyOHvY+dNH73ycXzT9cPzk/pZ9NcPv+J46vf6+4Pfp+f/r2fHD+f3lufLJ8c/14PL8+WB0+Pn/+g+fLbxfFPHszr7z55/hMX+83u77N/+uQn3zyYXP7E3Xdv1j8IsWZt5X7lPyXwZ4X42Ue7O3v7H6kmxV87vzspLmjRzz4SNfpROqnqWV5/9tHOR+k0L0vVnvbvZpVN9W+vF+mp7nwin84in+IhtCO4vXf3Ybf97h6TscqnbcoBLiZnWtKPR0/3Hpw8ffLp6fbx6adPt3d3p+fbDz99crC9v79///69+/sUrqHLapZPsia3SzvkM7HLSyEPOWSLfFZk5Jsv7q7Wk7tkZqdvr7LL/O40mzR3z6nD+d3min+O6aMfp5RLAxvx6WhntPdwtPNRzDGMzNOne11a88DIZGTGLi2qyyJ3XAYvifr9dEzd3/juL1oTC7TX9u059Rp9CUHxTNdPgh5SBaHvpqtyTaaY5urCUQ6LYh2iXVRYe2H6IE9L3BfnFJG8bLWiFAznxu++27bE3ub3Pxqm3OO7jHeXLe4KX/i8c9cyD/0KrqIf4NAjy6rMROTJYGXuGflrXrcQpRs41mNu6Ybdjs8+chmrR+m6LrfuFguiXHOXPBZkYibZ2/FFcY6YeJVn7fa7QzfAvQNPDjCBLMsLUlJl7s8hyUVH0HvSywOEgFC32z8oPrLM+PD+zUPrT5wnyN/kMEOcNw05bDkzc8e5rY/SaskJPQofbHoe+cDR7h1R4Zz/t8oRsdUQbDy/cDlpVoePMw1VftyDbxd7Pr57Rkm7d+wTfnzHUuWc2Gibgrn8Ubq7z65wJWvMjxDeELtf5pEAzn+MgwskH6UMg4FeicNMM1HODj86+q//ij/jv/6L//bHd7MhGjn2731F5OsQ2jDHvU1keVwsLlRf6FxTPJdjll1o1ntnMxqRWYzM4p43i1HlaZ7bTdyL35+n7u7sou1OX2S2Us4mf3T0n//hf85//nf+5f/5n/uX/Pyg+T2P5hsxfD+a/+Bifguaf3T0X/xBfy+o/Tf8ZT8/qL3vUXv/G6T2T5e3ovZ//sf8Bf/5H/7X/byh9n2P2ve/OWrPmh9Mb0Xu/+pv+6v+6z/yT5Qk3M8Pin/qUfzTb47iF5PJxa0o/l/+vX/if/Un/eX/1d/wF//nf9Sf8vOD4g88ij/4Bik+vbidSvmv/vY/7D/7e/7K/+pv+Af+87/sj/z5QfEDj+JRB9c870fxn77+6VuazD//T/ov/ow/+7/8G/7i//JP+iN+flD8oUfxh98cxevyB9eTW5H8v/x7/77//E/6o/7/QfIfoWG/IjR01rl3rDzQWt4tmXLX95x376Hholo3OS0CfvZRXUznJxTN0XrHFi/Wwc8eHph59RKhd/9dim43UYVSh4zIVF6qJtW7jYGOH7vei8edwfLL9i5WZ36wXUBqHqUPHz483IQPnv/6L/67/8s/928ga0wC81//oX/V5sY8gGAi0r2HvCA0KxqkmB6lspbkBkOZuqpct/SZhM/buw95JL8//7m9t3NAfwH3lBeeNvePJxwdk7OpljcNE4+mYMKU0u3zodxVNK2wdyvE8XDk+ij98XufHkwn9w9Tl7LZNl/l9873zyca5NLflCc9VCypq9W79Md3Hzw4yB6mRNdidst+5X3mEZ2hgJOWtC6WlbejYX2rVk5tUJ+WaMIz94nutwEyqQd1RdCuk+X+GrNKDMRA/v88u4faquYPIWv6AQui9/ekattqgU9uM0t4btfqlrxjHvCQSU/e2wkzhenkgglIjoMQ1E6crj2nuvjsETp/sJ/d36DZY4+1KGUlifHPnE/y7qfFI/k9JuvF709M9PD+x7ell3nECVJXqGcxs7rONlvMoee/+gf/hP/8b/gH/rO/64/+r/7Ov/G//nP+yv/6D/5Tb//+BivcfTSJf2O79P/vU7+78+D/NXP/X/8Vf/Z/8Xf9jf/F3/wX/xd/09/2n/9lfxhZdcra/Zd/1R97eyg/4gB53ocDHv6/hwH+8z/+T/iv/tC//7/4m//0//wv+9v+yz/tb//P/4Q/5OeeAdw6340tb2v0b4fjjxyR//c6Is7P6Lkmt5qVW3Geef6/plCIe/5fo1H+6z/0T/7P/86/4D//8/6m//pP/YN39im98p//SX/cf/E3/O23B3JLYcVzS4WC5//fDHDw8P818/9f/Pl/Pc3/7n/+J/6d/+Xf8w8KG9wewI/mXp73mfvdnYP/10z+f/43/MH/xd/6l/xo1n/2Z/3h/3skfnd3/Pn44L/4i/7I27/2oxmX531mfHfn/01Trvr9j/8zybZ/+qO5/1me+4f/7/HvxL7/13/K3/xf/M1/4X/9B/05P/fpopsb/dwFlLcbxO3x29zi8V1acdkAZdP3N6ynaZh6b0O4NQAhQoP+eL13tb1rM4TUB4fPy/yKYs+dXSvffopbotpPzx8+mOzeGNUGEWnkzXSR1RfFUkJdLGhtEuabNZk/ITTsiCKb5lBQt1EZfdVAZPn9C1pz3NkVBWFI/KnrCb/fJCa3EJHeQu2D22VYkCYwq7lt0Zb4+6Oj//zv/1P/8z/6j//P/v4//r/8+/+G//Hv+3Me38XH3wySvnm4qTlx2VKWbdtyZ+f3f5kt83L3o6Mo0rwU2X3jddHmX2Srl1k737WL1uEbWTqv83MyUP03fv/Xb4vV82L5lppharOS5uu/+jv/1v/qH/wj//O/8e/7r/6ov+a//lP/gf/iT/jL3Vzu2Bmm34QRvptPXuVNta6n+Th7N/s9Zp/Nz05P9r/z9if3337+i04v8v2Tg2ez3/9i7xdmi9Vh+9mn9/Z3dz99sLN3/2BHnq5IyfQieQPGeXw3k1FjJBgZNfyv/4o/47/+i//2j3Rgd9kMsgn86Ei+4pfuylv8b/oLL9rDNPjIEubu755/+rs//PR3P3jwu+f7v/tk8rtPPv3d8we/e5b/7tkufnm487sffPqRIHIjzKP/4s/4I/+zv/fv+C/+9j/xv/or/6jbvPKf/2V/Bi2O/xd//l9OL5ovsoEZ9ufLgb6FEAh7+/12uW7PzkKw3v7R7Tq5pWiYfOmimM2QiVRespqIdaLzoNRh+pQfk0I0yb2I5ryVPhBToF0IXxMs4bbb24Rb9ITnZvXsPyARDRr0/uyjh5YOBsl7t8temucWc2KeW7oeeGhE3Wm85Zt4PCUepG8nVTl7Hzh4umz8PJtAeRodkc0WxTL9mSDF+NHRf/k3/MVYt/qT/yxl6//x7/vjbt/re1AUz+P3ao3nv/hD/qr//C//+39X8cNv/+r742Um4b1pXixX6zZtr1f0MrsAH6XLbJHrHPxuZ/joyZoEdLkrfpPMTfi550Hczd8VrbgOm4zA7bH8+rSQHtO9/fcTMzw/+xP2Hq3xiHvzn/95fxWF3eTe3P7l98fsffyd7tP1J+9Wy7JY5nvvH2x+Dby/KT30vpOPZ/f2zd9/ZO/RGo/g/5/9PX/P7V97f5w6QrYpNIw979HhLW3Z7cLoG/q9oa+brb9HmZu9G+cb3LsN7R5T/N718u7FvbxDdfCp2wc3BJwW+g3pA2nzdak3PDsRmLGkQRRyd8l+qPObswV+dqDjKX4wP9gI/cbo8WeBvPxtZ/xsEd+DAiFHmzjiQ8liMwtQHbeZxgCA77fMyW3Nl6Hj8pys1+7vtm7yupj5jgt//vubz6nXNb2yK7ZJ6XRT9sgjnBuDi9UBwwwBznW376ufvoBX2xnwj/X1vAv0HfBqtciX649c+riZV1fNeoJPtz7+/Xd2P75D0i4hq7jGiCsdXGUxZaVhJFdnMwI2hNi65BfgIZRFE/USHpeFF5C/+P2/W9Vvn5XV1d0vn1bTNaHb3jW//P7Hs5kE+z00zicXV5Tb+RP/5P/87/pD//M//K/jiBphMgF/jy5P3qfLq5+eXhsK/md/31/0X/9Zf/jX6fIn+12eLQd7LEvTo59meL8en72eZ6+IRe0vG8d48c70+J//4X/zf/b3/LUDPT6+uy6/Bvc0U2Lxny0e3xUe/y//tL/wP/t7/soP5fHdb5LHX9bVbD3N7+pPOwG/B6upszZf/EJWUf/1X/x3/5d/7t/Qn5Zm+m5hBiZt3oMRNnf+ssyW0vl//jf80f/Fn/CnxDrPVqZzafN1Oo92/ipfVXUr3f8Xf8xf/l/9xX9VrPvJxHQvbb5ZlryaXfzgZ4sjdx6I1v2j/uT/8s/5w/7zv/Mv/8/+/j/v63PkzoOvyZFdhvjiGrqBfnndZvVd/DOsEBbvri9Iz/4Zfx6R3onULTnPdiTz7Gdvex1NrzDN//nf9Xf953/MX7xxmmMdWV33xfXxalVe3+V/f//Xq4HOymlDs/xf/O1/8H/5V/2x//nf8Bf/F3/03/3N8tS7dz/9/pZ8iIf2wUNdjjv6z/7Bv/i/+IP/xv/s7/nLaBQfwFP7X5OnuE1nFk7fTefZkmJ7mvm8aTL/t9f5cojFfrCckc35L//aP/s//yP+8P/yL/zraWDvMfNen6fvaG1rmZVfZEWJjunHhl6vJtc//ZGm5P/rP+RvIHv3Hr2ezDOy3/l5ti7bIRZrm4+O/qs/+I/5z/+yv/o//xv+Mgu7C9l/vhHWu5q9/UW7e98Q7+3uRXlP9Nl/9Qf9of/5H/uXfX3eIyw/mPe6cH/RTze/iMj+N/6d//kf/Ef+l3/a30q/3DyrXRhvf9GU+FFG91/8hX/5f/U3/iU3w3AqTxlff27wtKblNfPff/5H/j3/5Z/+Z/9Xf9Uf9MPjkXfvziffmHq6t0E9iX/+9Vlk596Hs4idmhf5VUM/nqzLMm+LJf36ebW8uMiqjVEGrN8f/tf953/yH/Pe1k/7cz829fPuCm733/Rf/5l/79ft52x5XtWLrC2qZfhX6HIFyXrpffbT795hlH/Of/73/j0ybz9rve/1ez8mNQDX6O/7c36W+77X77u94pH/uX8JOR1ft/eXec0dLqcwQq/zaYTm4uH+l3/ln0ymgBTLf/EX/V0ROpAp/i//3r/6v/jT/yhp8f6YPM1XWd0ipMRfv1fezItNLPe2weAFqa89+GLaruvc/Tbc4bsftCvQ+h/4L//oP/Lr8jj5qstZVs+8X4c7PKYI7r/4i/7I//yP/CP+q7/yD/uv/rg/dKC7W+rQgTTU19OZn8Z15t/111Bu3k1FDyn9tTa/DmnNT79BrUns3VTkVbFceX/ffbNeUpr59/+KEmZfrYbm4KL+QRnrBY8M97/62/+w/+LP+LPfgxV6CBERyf+f3cUvw5gssndQ5X/jH/Ff/kV/8H/2D/4N/8Wf9k27/G3z/mHkEH8cRPnjv/xb/97/8u/9C/+rv+Ef+C///r/hA2zqwYdxRySYOqc5pmHZ0bym0XzBQ4GgXjdfZEv4RIjQTjAm95vNB3x856M4lxhamWjtj/oj/su/+e/dzC49DCez5qdvhyEp8qd5QzPIv74HdhSv/ud//J9Oc/Nf/Q03hC8R+t0WO6KawY5+fQ/shHZfC7vr+cXtZvcFqwJfLdwev//yT/ur/os/6u+8jVXoz+3i1vg9WS8MevTrLVFDePhn/lVfC7UfXN0atafr9trght9vT7r/6g/+48h5+Vr4/XRza/y+s6YI3iBIfzTW0N8Cw7/yT/mv/ui/pYNhp/HtEG5+enJ+S4SfZG8Nuq9/4vlJtbq+Jbb/xZ/+N/0Xf/zf8J//ZZQB//u/WQtxNaPY9BsyEJvichf3vj+ObCA+JC6PUxfPLXN21nPGd5/d27jKiuc//2P+AorPSIH853/qH0wj/6//kk1SgOebxnD/JgxvmY3A8w3jdv/BjdT7I/+e//zv/Bt+LnD79P6NdPuL/7j/4k/7B+3M/vAx/PRG6v1lf8Z/9Qf/WeTE/ud/8p8lbvt//Uf+kf/1n/v+HDiI35ftPK/tiiH/5VbvKGT/O/7zv+EP3UibG3QV/YJVaasThh4vABls4lbu773nuv37Qf/04cMu/FR/h2a6qTM8dkXfLNPv7PzuH6XzvLiYt4T+frCUf9Oqf9Nel/lnH8kbj3ZX79If//T84YPJbtpUZTETfB57UZsdyS69PbmYVmVFPf34+af476OjX7icNKvDDk28tx7sS3RTTKulF3FMqratFhGAxkzAhOCdhk2o8Fp/DVobZ46Mj2fFpRkko/Dowb1DJdajvQerd4fTNYVk9aNVVSwpBU8LXpTJJ7/JrMvT+2bszKQulo0Pyste33pQsTF9uZbk/O9xTpB3v97Q0v7YeMngv/jz//KvNbZ7X2Ns0QkLBrf39QbXG9t/8Wf/Df/1H/TnyPL/+49t/2dlbPe+obGJsrzV2G6USdWfTnvG1MltVciuT6YTfjpKZRt6ra9ZDvXbmkd9K8VjVRyQqIADTda+1Z/THMSKKaVbDNDXicGAOYmv82ax6fDRAblRj8tskpewYvzTV+NC///iT/rz/su/7S/5z//wv/W//tP+hv/8r/8z/8e/788Z1pK793csxI5JLJardZtySlac39/tpKJxL9uXZTbNv12VNKrd3+1N/q59Ur2j2eEc7kct/e2nlSLv/P7unYA39/bBkR+ldwNLbEbbG0FgzBRbwaFYUHTz0Y2on6HZkzWJIAzEZpTDtk09/eyj8fgu/Y/7au42eVZP5+OL4rzLlDK2HR1ZMA4/Saky0pWdTZxp3Agw2c2c2bQ1reMg1ftf/yV/1uO7+mdcXR28D0RZvSL37gagu3vvD/W/+DP/jv/6z/zbbgC8914E+K//7D+MVVsXpCX4N6AO8k/PH5z3OEG0fUwDDWvMUCa7z/t5hD+7/ubupzvvCR8PjZWJ5GmPu9OmMa8+/l3l5/Z2yhSRv36xg3tOsrrdFD/IH6W7eyRj8s0voR+g3fj1m9/n+ekuXvgxnptH6Y8/40cbWhBXYhNJWZez7ncKfj8AT49A3+vhZHr6lJ+v0dOB35Pf173b9aX4FYuLXnt1v9Od+GD2b9cBntsOZoBs9wd7uvfw+PhrTdCn8Z4Oej3FmQZP5PWHvddvAhS8vrszNNCredHmX2OYIcaXed0W06zcZrl7tChms9JADRHpM88wVDMXO/xEwQ1PYJxVtJ/7QT/+mCdsajt9NW1W9zpaVU2B5eNHaTYhDboOyPiD7WI5y989Su95H4oRTu85ycKzyOqLgqBs7xJW6Q79d/9ebxbbWdD/j02y6duLulovZ9ts+x+t65LyquoHTNrd3e0afgClHgNAk2p2zYpIehVnVeXQfEZKs/uReK2dD9WSmE8dfXUafSTNrJzvnd8736cvfwnsCyvdmEe+4wL83Z29T2/vn7sQX4m9+ynm2kQbKaDBCTLZWPRr1fyQvysIBTkM+Gngio9Mcty9KC/7A9rD694I/M83OuPRXtnHG7Bq4RDCb5wHsXff8yBcONpqFBJ/xKvX2AqvmtdUwVDQ9mf8ef/FH/OX06zSl0NYxI05OxxpP9m2eTjW5N/3uGUfpLZ8xwm6L66RosOaA03Y3cW7u7t7D/fu7e5+eu/+7oOde7t793fGP726+AjJfGUeDUjTebaceYn9n84us2ZaF6v20RXJd3U1rlb5ktczXqH/u1/QtP3e9H+JiGm6Hux+PEo/puTKf/4n/l1CH/yt2FL3Ix3F/U/vj9qqKidZ/dmyGqVYIzC/U49ViW8a/rOmVcUfgL3wV1lNMyghadhm7RqNaOUkXFLwKUfS+4vWeZ7Oijqf8rtQAtrL8YLI1n62N/AuZFxphF9J0tNzik8+++i//nv/5P/s7/9TPxLtS77nzs69e+B66AN4qQPwxGmNf/lf/uV//pfH//Vf/Hf/l3/u3/Bf/YN/EhLMf9Sf9J//MX/h//j3/cG/Kz3pQAr58d1NMOlr4E2urlKhu7YVfzYw83ATL67yPlKPOvh0o7L4BhVEBMefU33xD/61/8Uf/3f+53/j3/df/VF/zdfWGsPY+xhb9XDfC3NuBe2WFNq49CVEuOl7FS4WmN2Pjv6TP/NPVGb1KfleBOKvQiy7Sb8NWLs1jusfZCvNOJMGvcgJ1O8/KbPl242v9+f83kf/+R/1R4gu/M/+rj/oP/+T/6r//G/4o/+LP+FPmfotjqJNlD0Gldp7ssiPJhV28UV+1dCPN3kp/z6nZeJvZpqPKDFNa2z/+d//p/9o4sKvvpGJ+yJvGvLz7+rPL7Il/Ssz994zRSsktK78X/7pf/Z/9Vf9Qd/gZP1QLN0bQNuNjflWjuO9va/LJjfMsHFM73nJ9P7zNTr4MKkYtOLvwYY3W/X/4s/8y//Lv+qP/S/+xD/pv/zL/h5lKP+l//f/e5OCGCYOHiWNJ60nWZkvZxR5zPLzbF2qiqW1gsWFpPBN1L6zu32x9/vvPJD8/d1vRA75443sEUiV5Y97No62kfP+zmb9spkueDphPuK224v/hp79Z3iwsaerj8Pcwb0bRhx7dP43W4/bg7xF9ts83bH4K1M9Cb/FbPFjGfnHvTD4Na0Hf0EBKge+lr3NL2fL88rGvwf3KRa95QD8By7gn/vXkwv4X/xdfxf9ucyvfBHdebBtMpq3fYaFKfa8D9mHo5BOs4hB7D63gPMjGfp5J0Offj0Z+q/+hr/4P/+j/hQJoNKoDO0OAB0A+P91GfpQY9rv33tX27s2j4vlat3qkuKcVkTy5UfpMlsgvYgV/t+NU4a7v9u3+atnRV7OdsWv5a8lo7j7+4dfEw+uWR7IP6AuFtlKQX6RqVOMXwxKWZ1TSnOeAQMk+2DgSVk08E33Rp+Odu9/OkJ2/Qau9B0XYkU3fMvWjAzl1FZHH7hYfAMn3KyZgszPfauNVAnK2sa926kkVbUg6u//++8QyY3S3dnbdymlBw/fZ3XiFt3iuXmc/oMx19WVjHko1zr49B3Rsli+vUcjFkfUjPpBZ9BZSb/I1N/Yhz7voRLwBOPaGKzFnsFx7YXj8heb9n5Y43qP1ngGx3IvGMuD+95Ydvd/tsdyS7WN5/0ZenJh1hKe8TMwyPvvwxb/bxmbH4YPjvMgGOfD9xknnt6a6u/+s+Ap+s/7kcF//JzJwe10c+x5j9ntPsAg8PU0qwF/czeV3MbXRQtPJyswb9vVo7t328li3LT5dLzM237O9b/8c/+B/+Iv+MP+8z/8j/qv/7Q/9r/8+/9kOF++//Yz/h+Ps6+PG54Arb3dg/HumDwE+v/u3Xa9XOakbc6rPor/1T/451Gu57/8W//e//Lv/Qt/VvHDE+AIsjVzS727V6vm7qqq26zsY5nKIuJ//sf/rf/Fn/l3/JCQxRMgfHV1tWGu/+s/56/8r//gP/XmWQ5hlrTSt8RqswX8zSCOJ47hf/6H/zn/+d/797wvnhdVNfvpauLNVj5ZcNK6vkvL6Pm78bxdfIO44+lJ09/7V/8Xf/of9V/9QX/of/EX/V3/+d/9t/7nf+Lf9F5DuK7Wrcdu3zCyeOIE/6///D/lP/+7/zYl+Nfr9GuqxfcwgOa5XXzmP++B23vg836W6OsZ5Hu74YLEe3SI5/9j1tn6/T906/we0+4/HzZcnZa9/R/6cPFsdEa+Lj54/ou/5a85O3n5n/9lf+TOw52HD+/tP/jP/8S/M/0v/+g/6r/48//Q/+KP/oP+iz/vj370eFZc+t3t2QB6VjSrMrt+lBZLcgbyD0EDz3/2d/0x/8Xf/neKjvuv/pC/+D/7e/9+dXf+TqweIfv7J/5dj+8SNh/Qj2jy9KRaXddg3/QXTunXw72d3Z3UmOPtKhtPq0V6XJYpJ1ya9FXe5PVlPhsrgP/ijyHS/I3/xZ/2N/4Xf9wf/MjL5R3JGP7LP+GP/s//jD/vv/wr/2RqR2ve/8Uf/Dca7H+ksG+Dz+1w+Pppo2H4EZgdOOG7Pj8iFV0vjpD1mlSza/6FnJjy6DdO/h950SIKPbUAAA==" />
        <Entry handle="40" bytes="H4sIAAAAAAAEAO29B2AcSZYlJi9tynt/SvVK1+B0oQiAYBMk2JBAEOzBiM3mkuwdaUcjKasqgcplVmVdZhZAzO2dvPfee++999577733ujudTif33/8/XGZkAWz2zkrayZ4hgKrIHz9+fB8/Ij4/e3bwMHv6a/w2v8av/DV+jT/y3/+//rV/69+Znr/9t//r/+lX/G//97/2X/wv/8Ov+L/+tf/il//j/8K//u/9N//jP/sf/Bd//7/w7/+P/9v/9d2y/gf+pf/gn/0X/tW/7m//B/7mv+Mf+Vv+7n/sf/lf/+9/7d/4j/+3X/l//Bv/2f/4H//X/8Of+u/8yn/9v/3f/pz/4v/8l//LX/6//spf/X/+X//3L/uVv/qf+qMP/rf/6//6t/7zX/av/Rf/3d/8t/wD/+p//b/+Y7/8//pX/sv/+V//n3/5f/zf/vJ/7p//Z//nX/F//c//6//xX//X//2v8Wv+Ov/5f/Pf/Cv/5n/yd//SB//5f/3f/6+/8v/4n/+3//uX/W//13/9X/+v/9p/9st+/+YX/xN/7btf/sv/j3/vv/lf/qY/+xf9y//Wf/I///L/+9//v/7P//i/+5//0f/kfzj/Z37V//6r/s9/57/7n/+Gv/0f2vns5K/7b/6vf+Af/1f+/f/+l/9L/9Uv/wf+pX/vl/8f//ff/F//H7/if/s//5F/4d//7/+bf++n/5n/4z/7b/6nv+FPLv7FX/Z//Jf/zf/4b/33v+I/+G/+p7/jv/gV/8S/8G/9il/5y//1f+M/+2W/+v/65f/b//7L/9f/+1f8r7/6X/o3/pN/9b/6VX/Rf/p//gP/4r/9K3/lr/ov/9v/+d/8D/6T/+S//Z/+lX/jP/zr/pZ/8H//v/7P//VX/9//+L/wH/wb//Wv/Nf/y//1X/iv/5d/5b//3/+V//p/+cn2D/pbLj/6X3/V//2//or//d/7b/+nf+Rf/Lf+9f/if/sb/pa//2/4W/7ef/A//V/+tX/rP/tVv+pX/0//y//1j/xL//Kv+L//r1/5v/2f//Q/92/+iv/9//4P/+tf9hv+Jr/F//5//d//+//9f//q//v//lf+q1/xv/zK//OX/8r/43/6lf/3//q//l//2n/zK/+6v/Xv/5W/8v/+L/7r/+Ff+bf/0//sv/4f/5df8X/8F//1//Sr/u//81f+3//3f/Df/rJ/77/+n//z/+Z/+BW/4v/8j/6bX/6v/Vv/6S/73/6P/+i//Z9/5f/6f/2Ov3D0q//v/+t/IUz+u1/2L//b/9n//Kv+j3/5v/sV/8p/87/+y//1r/jX/yt665f97//3//UrfsX//S/9m//Jr/o//6//5X//P//X//X//pf/rf/wV/zv/+c/9I/9S//QP/ov/Sf/3f/2B7/6nf7yv+4v/yX/6f+xPj/7l//n/+M/+7/+73/jv/yV/8l/+7/82X/OX/gv/32/5N/6r3/V3/mf/aq/7b/6X/+d/+C//i//q//uv/hv/rt/6b/95f/Sf/Mr/9X/9lf8g3/NL/rT/qf/81f/N3/ff/Ff/se/0W/2W/5X/93/8h/8V//T//TL/88/88/5i//Cv/Fv+Nf+u//u3/gvfvnf+Nf9sf/S//h//wN/0J2/uPzWX/SLHv5df+Hv/5/9V//Dr/hf/7df+Sv+7//zP/4T/q5/77/7H/7bf+4PKBa/8r/6p3/5//l//PJf9b/8iv/7//j9f7pa/Av/49/69/ytv/iP+0P+jf/ql/+v//v/+a/+6//x3/8v/3v/6X/73/9b//l//7f8+//9P/gv/wd/97/7X/5H/9Uv+xv/5r//7/lz83/lzzj6d/+j/+w//6/+53/rv/5P/4v/+n/5Zf/r//mr/u//+2/8W/+BX/4r/6+//m/7B37XX/Xr/Bp4RvgHMvFr/Ab/96/xG/9Lf8h/9F/9/v/wH/h/p7/ZL2p/s7/4L/2lv8H//Sv+0K3d/+Qf+8N+q9/91d/3V/3m0yd/2G/78MU/9uO/5u/1J/74r/xN/vD/5tf46M1f/OT/+I3W7/7tv/hP+d1/6R/5G/3Ho/avuvgj/7w/ov1v/o/f/pf957/XL/3Df8/f7gd/99928S+f/B+rv+HvufOv/il/3d7v/X/91o/+lT/mzWj7p7Ze/ga/56e/xh/+e/9Wv99f9cf/a9/6LX7Tv/Onfr//6T/6n5/8hn/v3/P2X/9f/qi//e/4rT/+u9v/8F/4nZ9nv+m//9lv9VO/8+/zW/zHv8sf9dv+lr/N9p+zc+dP+oP+2T/zd2n/kPO/6J/8dX7rP/Y3+uf+pP/j+tf7tX/rz36b3f/qL548+y//qd/oFz7/A3au/9f/+l/81uyv/b9+p5/6w3+PX/vu73e2ms1/0/lv+vv8Jff/rFd/yT/2537r1/qZX/Rv/5fV6V/y9Ff/Vf/jv/r0H3r0K57+5b/3V//3r/wnv/1b/sa/3v/1C//63/tP+/f/0F//i4e/1R/9l7z4g/6IP+ZX7P/kX/UH/J4//Rv+yX/g//Ez//I/9ovv/AZ/0T/74B/+ff/m3+u3/s/+sF/2a/y2v87v9up3+Y3/7f/+5A/9w5r/7eQP+mj78T/y5//Cv7A9+Yc++XV2nvyjv9H/9b/9q//Ix3/iX/Vn/SV/xBfP/6Pf9Df+df67f/Q3+LX/5PJ3/Yd/jz/iz/tdf/zX/C/+vD/oD/71sp1f9If/pv/G7/ngj/yFd/6N/+pP/MP+mHf/8j/yp735yX/7P/7dPv4r5tPL7X/qf/qj/vTtv2zrj/o9/pzHv9af9wf+Gn/B//yd3/b3+3V+7Nf49bLf7if+kF9w9Oel/9Bv9yfuvPpL/9T9nY/+0N/od/rjdv+JP6392/6jX/fX39v/i7/9W9773f6TP/GP/IP+ru/Of90/7V/Z/at+j1/wR/0l/9SP/4V/3r/9Z/2uPzX6T/7Fo9/41/jNf53xr/GP/dN/2M7Rb/Br/MfrF3/F//3dv/SjP+jv2PmrfrPf6a/7t/6SX5j/D3/qb/AbN+9+z//2j/mq/i1/4frP2flf/umP/rzyf77z8S/4k/7NP+gXHP86//P5n/zd/+q3+E1+29+y/F1Pfts/7g/4b/7Ej36d/+1f/XX+rNc/+fKv+I32/6WDf/Lo9S/9R47/ht/6N3r0Xx39Ou0f8jf+wl/99/1N/9if8H+8/If+oI/+uj/rL/2HHv7rv9av8Qf9ev/Tv/Wrvv1b/qm/xq/1x/62/8Wzv/Y/+dN+5p/73q/592//Q3/I3X/gi5/+V36tX/8//xN+37/qb/5L/9df9V/9bv/XL/3O8Ud//j/38ju/9j/ze/7JO7/e777/P/3Tf9zz5O/9TX7Ne0//61/3d/mv/pX/OPu7/7iXD771R/5Oz9Pf/U//Q3+LnbPf8i/5k/7Of+Q3/On9f+LL9Ce+/Wv90Yf39/+iP+jx7/lr/MTp+N/+mf/on9/7snz9G/32P/E3/Un/9Kdvfs/f4uQ3HP9rX5z+wu3f8//+LX7d3/5PeXr8Y7/7T7RfnP6Go5f/8a/1n4zS/+DJf7z7e370Y7/9v/vrfPTt6R/+67z6R3/dP+k/OvnDP37wj/2u//tv/J/8Wx/9kb/T4eP/+A/5DX9i9p88+Y3+92//KX/04R/2ry0Pf9c/6ffc+98+/dP+pF90/Fv9C7/nk9/gN/zDZv/KH/ff/2O/2W/x7jf6d/+P7bP0/35U/wa/zW/7F/1N//TWn/mv1X/0b/Jn/t5/84/9Fut/aPXP3/9f/6D/9A/5lX/B7/0n/iO/6fr/+I9+6d2/4P/4A/7w/+Pfnf6B//TWt3/fv+XHtv6i3+gP+UN+xfnqn/x1f8+/+A/94g/4tX7dX/dnfr3f5v/6x3989Bs9+Z1Pfrs/6Fu/xR/w637yePoLHv1Df9hv/Tf9z3/wb/KTf+hvf/IP/WP3/oI/+I/+vX6r//gP23qe/ea/3l/0h/42/82v8WOjMvu1dnZ/jef/1a/xh69/u9/zNzr5336jX+fgn/3N07/p5Df4v3+Hf/iP+HT/H/mtqvmv89vt/QF/zOtfY/o7/Nf/1vFnf9sf/Ic++9v+4N/4d0uPf73f7Bed/vhHf+lv/gf8OtNf72/4p/7Yj36LP/k3ns9Ofnzv9/xDPv3tfvPf5Hd7Of0d9/6hX++n/7rf9e2Pb/36v9aTP+g3eFD+Gr/R7zj/T3+9P+XX+PWnf9vxr/Or/qRf6zf5U/7n3/C3KP+j3+6P+j3/sV/vxR+cPP2T0h/703+3X/Ojl3/zH/zt+m/+jf+U/+4v+90/+7NPn/4B9a/95/91s98x+Y9+nd/n6V/0u/yB/9Z/+ms+/wN+7d/xd/oD/oxf+Hf957/m/7D6NX7zP+r3/B3+zt/znzz8q7Lf6/u/zV/0a/w9/1r+O776k/+Y6X/zr/wZi4Pfc/ePLf65/K+Y/Om/ze/9a09/p//51/+xg3/41/zvV3/Qr/2f/M2/xu/+R/2rv+aLP+qP/C3+sT/g1/89/rL01/0NV//Qr/WPrf6FH/wF9/6C77z8+OE/+dv/Yb/pL/537v2C/+z3/TV+zz//P/p1Dr+dvv1bf7tnv8Nv8mv+Id/56/6z3/2P/K/+oeeP/qY/5jt/16/1rWL16/4ev/RP+SP+qn/vd/vWTzz8zps/5G/5rf6o3+HXvfOH/1VPf/ff85/5Tf/M3/s/+U0f/c3/2G/xz/xmf9TRvzT56Okf9Gs8Tf+if/XxLz/5K9Pf/h/+DdK9X+vx0//sr/pt/u1/6vS3efUn/d9/0Oyjl//9r/87/BV/zJ/0G/xLv/Zv+pv/nv9Q8mv9Wr/G4f8DOsR7TqcIAAA=" />
        <Entry handle="39" bytes="H4sIAAAAAAAEAO29B2AcSZYlJi9tynt/SvVK1+B0oQiAYBMk2JBAEOzBiM3mkuwdaUcjKasqgcplVmVdZhZAzO2dvPfee++999577733ujudTif33/8/XGZkAWz2zkrayZ4hgKrIHz9+fB8/In7j5PHv+vTLkze/z8vTdN4uyvTlV0+en52kH23fvfvdeyd37z598zT9vb/95ovn6e54J31TZ8umaItqmZV3756++Cj9aN62q0d3715dXY2v7o2r+uLum1d33wHWLl7WX7db783xrJ19dERdc4/vFuWy+SwCZ/fhw4fyujTOs9nR47Zoy5z+/LH/4i/4w/6zv/fv+M//8L/uP/8T/64vj//zP+YvoF//y7/17/0v/96/kNreNc1+4ySl53EzrYtVmzb19LOP7v50dpnJB3d/+het8/p6e3d8b7w3XhTL8U83H6Xt9Sr/7KM2f9d6TT86enxXfrsZ6uu2fp4vL9r5BnBpmS0v1tkFfbW5k7JYvk3ndX5OfUyb5u5J04zp50dpnZeffdS012XezPO8DTriBnePei+X+Xn7PgBuHOpF3i7ypqFxfC3SDbSXRnjO18spmCZt5tVVs54s8uV6a7le3El/sWuE5zKr02ry001bp5+lH03bcmfn939Oo939/Vdns4/ST1J66TB85e7d323rox//6BN57c64rS4uynzrTqdZ0bymvre01S1h4DvX8pdEBhSCHRgOjWVWTdc06nZMpD4tc/z65PpsNoBPcZ7im/R3/YwGXJY9uF6bMU/9eFY0qzK7Tj8jsn10p98aT6R1+tGyWuYfdbrHk5dN/h5guiA8WsXIBqJ9ASb4qu6PrqymGVqNwfIEnNp40GPg6mI6P6mW4MCtfJTGOAvkos9BoN0oPYdm6KOmWn505+YRb4QBht+9R2CmZdY0L7JFTiA+xqfN3sfDpMODifgm8B2a6K+D8waUY9MDqWcgYNj49LzO25OqelvkWx/R1x9Jo04v51WdbkGkCkJk95B+PKaf9+iXTz4ZFBGd8yLaAA/YuT/C3e4QzePz0b1BoHjigHvTbZ7OtPNHg5OPB5hsnDzoSxr3JiVinlvAuQUb+A8UqnDivJj11bF5YqO+DW/9bnbod8Y1uRTXW4bbtnoDVVTabFLmKfksd8aLat3k1WVeb3gLTzsvGpWkSTZ9e1FX6+UMw//x/d2HO5MHMQJ470yrsmJD9uPP+ImJn6MTpKRHp19ikF23XxvX/N75/vnk1rju5A/2s/s9hQ4GKKZvb8Dihmn/JTFLdyPzXYTK4Q7zNI0uPy+W+ez9tPkgzNsoAZ8XPSPrzJoFuiQ4I7L/5Tq/c/fuf/Z3/WX/2d/11/znf+If8l/86X/T//j3/XH/2d/1B9Gf/8Wf9TdOufF/+ef8Yf/5n/TH/+d//Z/kf/Wf/0F/n+ugM0DowKfZdUOI3ts5JO/lv/jr/7JUYKX/+d/0R/xXf8lf+5/9g3/+f/7X/1n0bfqf/2V/df/l/N2K3l3mVwSmxSzhi7t37QcfPc2n+WKS1+m93VFKDvzBR92JIxDjJm/fFIt8C79f6O93iLaM27fSvX3659Md88/uzs5OF4qdJsWekMIEfJJ+9BkmKW+m2SrfEjLi00PqqqjzRr6lbtvq8y/ekKdeLC8CZouZITfl6ISm5T//E/8M6bf5z//Iv5+mxryxkfBZDTHpID5eZO10vgUCvsovTt+ttj7a+v1+Jr3DLqsZ0db3fr/D73/rztbhz/xud4jhIpIA2FZd13m7rpfE50oF+vJ7e9+nudIv0OrQuOJ4YmOe5WVnzH/UX/Rf/9l/mWC9cZw9Hrnt/G+Tg9VpDHhTmkUC2JmECBG4oaXCDRzCjb8GY3z9WOaqWM6qq3G1nOTkkOTrZVll0LOeXsRz9262budV/Yh+X+TFD36Q3sBXS4KhsPNLDJi6zvPl70301I/lA4RDEfJOQJn0yNHL/KLaD29XZfndYtbOCeTeToTyk/QX/sIQB1L59OP3SR+nO+nP/Ez4XVa2v1d+Hde+lutEuUZMjyHjKl9ufXS3rC7Iwo2zZvWOfL+P5E/81lZVOcnqz5bVSAZAfzT0VzqiyS5+AJOO79pq9dnOCHEx/eAxfrY7+nZeXMzbz3aj/VOOwh+MyNRPQtHQl5/R/z/6r/76v+I//5P/mP/qH/yzSRv/Z3/XH/+f/w1/9H/+h/9V/8Wf+sf/Z3//n/c//n1/8EeHCoYa/Nd/5B/3n/+Jf+N/9vf+5f/Fn/YP/Jd//9/wn/39f9F/8Yf+rf/5H/znkGKX9v/Z3/uX/pd/0R/syyqevmfT40pKgnjB/3h8l/73vukD10sQ/wuwD8+i+IA3Ck+YBOBQYEpeWX1HGUhCcPkoFsV3/EIL7pwdJwJnAPmPjesH/KthqOy/3Aw17t3+EmSvLIke8wR1p4a+WJe/OF1k9UWxfLSzeneYrrLZjBQW/iAIZfGL07Jo2m1+/RECuMN0zkz9aI/bA9Z2VhYXy0dT4uK8PgzAXUEQHpHd/d0t6G2SlEf38eV0XTeknlZVgRcFYfQDfO9ylo5+mVSzazPHpO0WrHw/+4jkdJm3z+iDj0i5kZqbffbRqmqI/TKm3mcfPVXt8/ufLUWq02IWvpcToZkgi3XZFqusbu+ih+1Z1macKZwVl/hRLFdrw1lE7Fm+/Eix+P1//588O/3u6zfHb04FfPABOw2U5ro6ffn06qvf6/mbi90vfvB294ufPr7/xfHDt88uvrN4uvcT3z2+OHuKnyfH9PPq4LtPnuyf/uTnP7k/O/7qO/c//XR+//7J5/d/6vPf59sXs68mew+bn/y8vHry6tX8pz7fXU2KJwdnXy6evs2/e2+5/u60+XLx5uK7r94eX/w+L3/qye9zclyc8c+fukB/ZyfHP3Hw3eP5/vPf+/rZd2af/2T7E3sPdyfLnzh58ur3+b2kDeH07quT45/+4up0/d3fi2A+q7/Mv/pFX373zUWef9V8sijmi58gOEHbnadfFpftJ999Mv8Ebej3PWoTwPvq3tMvv/vt9fq79+q11+bKb/P77J6ui/lPf5l9dfmJ36e0fWJoJm33Pv/yu2/LdfFk8eXrTwnuK/p5t8qzJ/Uni2/PP1lMgOcThk8/edwHhNPv892nn/8+SpODn3zyE1/svvjp6ev71cmD+6vXl/ez/Kv7z6+z+6vs2/efr/dO8nxd5flPzAH/yRfXXzw9vXr+5nj3+Zuz+2dPT999+dNf4P/XT4qfWv8+yxdXX+4FtHl2/IOvdr988nxx8fxyUf5ed8vV/TdvL79TL8rq/O36we8TzO/pD86uvnhz3H7x9Kv2i5/+fS6+eHPx6RdPzz794s308+8s7hfTe8cPfur47IR5ZvH7vHz2E189ffHmq73TdXa8/iT7qv7ku8vyy9cHi3X23fknrx+0F8tl/Yu+vXx7Ninf/tTFG+K7d1+c7Fy9eL1z/aI4fvfiTbVL/7968RO/z2Ky+M4Ppk9b4psvQto8Pf46tHkntDndpf/v+LTx5hC0uX7x7mvQ5s0F0eb00y9+MCXafOHT5llIm7MffA3avHtxQr//oNr54qer6y+OfdpMXz599/ucffti/hO/z3dn5Vd75ac/9RNnX337on39U999cTldvHo6ufeT69nx2effvii5zevv3n/7U7/3xcnxq/1v/+Si/EH23e80P/Xd+VvC9Qy4PiFeJLk8Jx1w8uzi1cLh/8XJl0+/en3/9/luc/+n1u3958Xx/brYJwm+mCx+8t6TN8f3nr85vSI4T8J3fp/Xn/5eRLffp3h9P/v0O/erT1933nnH75BcPH13/N3j7/4+3z1+9fucfPvi/k/8Pr/3d+aT7/7kzk/93t+hT9/t/tRPfPXki1e/z5OfWrx6+/nx6bNvlw/PSV+sZ9/+zuXk2y9e/9Tv/Ww3+72/U371+cMfzE6/M/999trnP/V7l+e/97vfh/TJd3569vnV1Rcnr74z+e6z5U999Z3d2bdfXU5++vTZdxYvdiZPj6++c/ricrJ8VdL/f2Ly+bOf/qmv5peTz1+V058+ffv6u7vzn9r7yZPZ7/1qZ7K3/+7B2cOfvM6e3518enU6f3V1vj55cvFTs0+++7D6fT4TD+PxXdHWVm3T0s5GzX36k6cv3vzk8fOzp8dvzr58YfR372Onxb/75OL5vb32+t7Tq+dNc/n8J46vfq+7P/h9fvr3fnL8fHpvfbJ8cvx7Pbw8Wx48PX7+g+bLbxfHbz5t5m9+r9P2F33705P9693vPjmft6vy/NP7r5ch1mze3K/8p2SL2IJ+9tHuzt7+R2p68dfO706WDmb3s4/E7n6UTqp6lteffbTzUTrNy1LNrf27WWVT/dvrRXqqO5/Ip7PIp3gI7Qhu79192G2/u8fk3eTTNuWsCCZnWtKPR0/3Hpw8ffLp6fbx6adPt3d3p+fbDz99crC9v79///69+/sU46PLapZPsia364HkaHOcRHEyefGLfFZkFNAt7q7Wk7vkl03fXmWX+d1pNmnunlOH87vNFf8c00c/Tnm6Bk7Fp6Od0d7D0c5HsWgiMk+f7nVpzQMjVyMzjsyiuixyx2VwranfT8fU/Y3v/qI1sUB7bd+eU6/Rl5BJmemiW9BDqiD03XRVrsl3o7m6cJTDSmqHaBcVFuyYPkjuE/fFOUUkL1utKG/HCyp3321bYm/z+x8NU+7xXca7yxZ3hS983rlrmYd+BVfRD3DokWVVZiJyfbGc+4wcfK9biNINHOsxt3TDfupnH7k056N0XZdbd4sFUa65Sy4u0neT7O34ojhHImWVZ+32u0M3wL0DTw4wgSzLC1JSZe7PIclFR9B70ssDhIBQt9s/KD6yzPjw/s1D60+cJ8i3H+bNwwxx3jTksOXMzB0nRD9KqyVngSnmtGs6SCKPdu+ICudFI6scEZAPwcbzC5eTZnX4ONP49sc9+HaF8OO7Z5TpfcdRxMd3LFXOiY22KQOQP0p39zl2qpoCTP4IMTGx+2Ueifr9x0REQPJRyjAY6JVEWDQT5ezwo6P/+q/4M/7rv/hvf3w3G6KRY//eV0S+DqENc9zbRJbHxeJC9YWyNCUBcjBzGM8H72xG43azuOfNYlR5mud2E/fi9+epuzu7aLvTF5mtlJcgPjr6z//wP+c//zv/8v/8z/1Lfn7Q/J5H840Yvh/Nf3AxvwXNPzr6L/6gvxfU/hv+sp8f1N73qL3/DVL7p8tbUfs//2P+gv/8D//rft5Q+75H7fvfHLVnzQ+mtyL3f/W3/VX/9R/5J0rm9ucHxT/1KP7pN0fxi8nk4lYU/y//3j/xv/qT/vL/6m/4i//zP+pP+flB8QcexR98gxSfXtxOpfxXf/sf9p/9PX/lf/U3/AP/+V/2R/78oPiBR/Gog2ue96P4T1//9C1N5p//J/0Xf8af/V/+DX/xf/kn/RE/Pyj+0KP4w2+O4nX5g+vJrUj+X/69f99//if9Uf//IPmP0LBfERo669w7lqqwVHQ7ptz1Pefde2i4qNZNTivHn31UF9P5CUVztEC2xSu88LOHB2ZevUTo3X+XottNVKHUISMylZeqSfVuY6Djx6734nFnsF63vYvlvB9sF5CaR+nDhw8PN+GD57/+i//u//LP/RvIGpPA/Nd/6F+1uTEPIJiIdO8hryDOigYppkepLD66wVCmrirXLX0m4fP27kMeye/Pf27v7RzQX8A95ZXKzf3jCUfH5Gyq5U3DxKMpmDCldPt8KHcVTSvs3QpxPBy5Pkp//N6nB9PJ/cPUZaa2zVf5vfP984kGufQ35UkPFUvqavUu/fHdBw8Osocp0bWY3bJfeZ95RGco4KQlradm5e1oWN+qlVMb1KclmvDMfaL7bYBM6kFdEbTrZLm/xqwSAzGQ/z/P7qG2qvlDyJp+wILo/T2p2rZa4JPbzBKe27W6Je+YBzxk0pP3dsJMYTq5YAKS4yAEtRM3XdcNCLuqCmRhPULnD/az+xs0e+yxFqWsJDH+mfNJ3v20eCS/x2S9+P2JiR7e//i29DKPOEHqCvUsZlbX2WaLOfT8V//gn/Cf/w3/wH/2d/3R/9Xf+Tf+13/OX/lf/8F/6u3f32CFu48m8W9sl/7/fep3dx78v2bu/+u/4s/+L/6uv/G/+Jv/4v/ib/rb/vO/7A8jq05Zu//yr/pjbw/lRxwgz/twwMP/9zDAf/7H/wn/1R/69/8Xf/Of/p//ZX/bf/mn/e3/+Z/wh/zcM4Bb57ux5W2N/u1w/JEj8v9eR8T5GT3X5FazcivOM8//1xQKcc//azTKf/2H/sn/+d/5F/znf97f9F//qX/wzj6lV/7zP+mP+y/+hr/99kBuKax4bqlQ8Pz/mwEOHv5szP/Xmv//4s//62n+d//zP/Hv/C//nn9Q2OD2AH409/K8z9zv7hz8v2by//O/4Q/+L/7Wv+RHs/6zP+sP/98j8bu748/HB//FX/RH3v61H824PO8z47s7/2+actXvf/yfSbb90x/N/c/y3D/8f49/J/b9v/5T/ub/4m/+C//rP+jP+blPF93c6OcuoLzdIG6P3+YWj+/SissGKJu+v2E9TcPUexvCrQEIERr0x+u9q+1dmyGkPjh8XuZXFHvu7Fr59lPcEtV+ev7wwWT3xqg2iEgjb6aLrL4olhLqYkFrkzDfrMn8CaFhRxTZNIeCuo3K6KsGIsvvX9Ca486uKAhD4k9dT/j9JjG5hYj0Fmof3C7DgjSBWc1ti7bE3x8d/ed//5/6n//Rf/x/9vf/8f/l3/83/I9/35/z+C4+/maQ9M3DTc2Jy5aybNuWOzu//8tsmZe7Hx1FkealyO4br4s2/yJbvcza+a5dtA7fyNJ5nZ+Tgeq/8fu/flusnhfLt9QMU5uVNF//1d/5t/5X/+Af+Z//jX/ff/VH/TX/9Z/6D/wXf8Jf7uZyx84w/SaM8N188ipvqnU9zcfZu9nvMftsfnZ6sv+dtz+5//bzX3R6ke+fHDyb/f4Xe78wW6wO288+vbe/u/vpg529+wc78nRFSqYXyRswzuO7mYwaI8HIqOF//Vf8Gf/1X/y3f6QDu8tmkE3gR0fyFb90V97if9NfeNEepsFHljB3f/f809/94ae/+8GD3z3f/90nk9998unvnj/43bP8d8928cvDnd/94NOPBJEbYR79F3/GH/mf/b1/x3/xt/+J/9Vf+Ufd5pX//I/4w2lxXN4yX2QDM+zPlwN9CyEQ9vb77XLdnp2FYL39o9t1ckvRMPnSRTGbIROpvGQ1EetE50Gpw/QpPyaFaJJ7Ec15K30gpkC7EL4mWMJtt7cJt+gJz83q2X9AIho06P3ZRw8tHQyS926XvTTPLebEPLd0PfDQiLrTeMs38XhKPEjfTqpy9j5w8HTZ+Hk2gfI0OiKbLYpl+jNBivGjo//yb/iLsW71J/9Zytb/49/3x92+1/egKJ7H79Uaz3/xh/xV//lf/vf/ruKH3/7V98fLTMJ707xYrtZt2l6v6GV2AT5Kl9ki1zn43c7w0ZM1CehyV/wmmZvwc8+DuJu/K1pxHTYZgdtj+fVpIT2me/vvJ2Z4fvYn7D1a4xH35j//8/4qCrvJvbn9y++P2fv4O92n60/erZZlscz33j/Y/Bp4f1N66H0nH8/u7Zu//8jeozUewf8/+3v+ntu/9v44dYRsU2gYe96jw1vastuF0Tf0e0NfN1t/jzI3ezfON7h3G9o9pvi96+Xdi3t5h+rgU7cPbgg4LfQb0gfS5utSb3h2IjBjSYMo5O6S/VDnN2cL/OxAx1P8YH6wEfqN0ePPAnn528742SK+BwVCjjZxxIeSxWYWoDpuM40BAN9vmZPbmi9Dx+U5Wa/d323d5HUx8x0X/vz3N59Tr2t6ZVdsk9LppuyRRzg3BherA4YZApzrbt9XP30Br7Yz4B/r63kX6Dvg1WqRL9cfufRxM6+umvUEn259/Pvv7H58h6Rdgk9xjRFXOrjKYspKw0iuzmYEbAixdckvwEMoiybqJTwuCy8gf/H7f7eq3z4rq6u7Xz6tpmtCt71rfvn9j2czCfZ7aJxPLq4ot/Mn/sn/+d/1h/7nf/hfR+OSMJmAv0eXJ+/T5dVPT68NBf+zv+8v+q//rD/863T5k/0uz5aDPZal6dFPM7xfj89ez7NXxKL2l41jvHhnevzP//C/+T/7e/7aSI/c2911+TW4p5kSi/9s8fiu8Ph/+af9hf/Z3/NXfiiP736TPP6yrmbraX5Xf9oJ+D1YTZ21+eIXsor6r//iv/u//HP/hv60NNN3CzMwafMejLC585dltpTO//O/4Y/+L/6EPyXWebYynUubb6zzV/mqqlvp/r/4Y/7y/+ov/qti3U8mpntp882y5NXs4gc/Wxy580C07h/1J/+Xf84f9p//nX/5f/b3/3lfnyN3HnxNjuzOyRfX0A30y+s2q+/in2GFsHh3fUF69s/484j0TqRuOfm2I5lnP3vb62h6hWn+z/+uv+s//2P+4o3THOvI6rovro9Xq/L6Lv/7+79eDXRWThua5f/ib/+D/8u/6o/9z/+Gv/i/+KP/7m+Wp969++n3t+RDPLQPHupy3NF/9g/+xf/FH/w3/md/z19Go/gAntr/mjzFbTqzcPpuOs+WFNvTzOdNk/m/vc6XQyz2g+WMbM5/+df+2ZQf/y//wr+eBvYeM+/1efqO1raWWflFVpTomH5s6PVqcv3TxG9/2Z9BKfn/+g/5Gzglf+teT+YZ2e/8PFuX7RCLtc1HR//VH/zH/Od/2V/9n/8Nf5mF3YXsP98I613N3v6i3b1viPd296K8J/rsv/qD/tD//I/9y74+7xGWH8x7Xbi/6KebX0Rk/xv/zv/8D/4j/8s/7W+lX26e1S6Mt79oSvwoo/sv/sK//L/6G/+Sm2E4laeMrz83eFrT8pr57z//I/+e//JP/7P/q7/qD/rh8ci7d+eTb0w93dugnsQ///ossnPvw1nETs2L/KqhH0/WZZm3xZJ+/bxaXlxk1cYoA9bvD//r/vM/+Y95b+un/bkfm/p5dwW3+2/6r//Mv/fr9nO2PK/qRdYW1TL8K3S5gmS99D776XfvMMo/5z//e/8embeftd73+r0fkxqAa/T3/Tk/y33f6/fdXvHI/9y/hJyOr9v7y7zmDpdTGKHX+TRCc/Fw/8u/8k8mU0CK5b/4i/6uCB3IFP+Xf+9f/V/86X+UtHh/TJ7mq6xuEVLir98rb+bFJpZ722DwgtTXHnwxbdd17n4b7vDdD9oVaP0P/Jd/9B/5dXmcfNXlLKtn3q/DHR5TBPdf/EV/5H/+R/4R/9Vf+Yf9V3/cHzrQ3S116EAa6uvpzE/jOvPv+msoN++mooeU/lqbX4e05qffoNYk9m4q8qpYrry/775ZLynN/Pt/RQmzr1ZDc3BR/6CM9YJHhvtf/e1/2H/xZ/zZ78EKPYSIiOT/z+7il2FMFtk7qPK/8Y/4L/+iP/g/+wf/hv/iT/umXf62ef8wcog/DqL88V/+rX/vf/n3/oX/1d/wD/yXf//f8AE29eDDuCMSTJ3THNOw7Ghe02i+4KFAUK+bL7IlfCJEaCcYk/vN5gM+vvNRnEsMrUy09kf9Ef/l3/z3bmaXHoaTWfPTt8OQFPnTvKEZ5F/fAzuKV//zP/5Pp7n5r/6GG8KXCP1uix1RzWBHv74HdkK7r4Xd9fzidrP7glWBrxZuj99/+af9Vf/FH/V33sYq9Od2cWv8nqwXBj369ZaoITz8M/+qr4XaD65ujdrTdXttcMPvtyfdf/UH/3HkvHwt/H66uTV+31lTBG8QpD8aa+hvgeFf+af8V3/039LBsNP4dgg3Pz05vyXCT7K3Bt3XP/H8pFpd3xLb/+JP/5v+iz/+b/jP/zLKgP/936yFuJpRbPoNGYhNcbmLe98fRzYQHxKXx6mL55Y5O+s547vP7m1cZcXzn/8xfwHFZ6RA/vM/9Q+mkf/Xf8kmKcDzTWO4fxOGt8xG4PmGcbv/4Ebq/ZF/z3/+d/4NPxe4fXr/Rrr9xX/cf/Gn/YN2Zn/4GH56I/X+sj/jv/qD/yxyYv/zP/nPErf9v/4j/8j/+s99fw4cxO/Ldp7XdsWQ/3KrdxSy/x3/+d/wh26kzQ26in7BqrTVCUOPF4AMNnEr9/fec93+/aB/+vBhF36qv0Mz3dQZHruib5bpd3Z+94/SeV5czFtCfz9Yyr9p1b9pr8v8s4/kjUe7q3fpj396/vDBZDdtqrKYCT6PvajNjmSX3p5cTKuyop5+/PxT/PfR0S9cTprVYYcm3lsP9iW6KabV0os4JlXbVosIQGMmYELwzkeO1fpL0No2c1R8PCsuzRgZg0cP7h0qrR7tPVi9O5yuKSKrH62qYkkZeFrvokQ+uU1mWZ7eN0NnHnWhbHxMXvL61mNqYoP6ci3J+d/jnEDvfr2xpf3B8ZLBf/Hn/+Vfa3D3flYGt/f1Btcb23/xZ/8N//Uf9OfI8v/w2IbGtv+zMrZ739DYRFneamw3yqTqT6c9Y+rktipk1yfTCT8dpbINvdbXLIf6bc2jvpXisSoOSFTAgSZr3+rPaQ5ixZTSLQbo68RgwPe8ebPYdGTkgNyox2U2yUtYMf7pq3Gh/3/xJ/15/+Xf9pf853/43/pf/2l/w3/+1/+Z/+Pf9+cMa8nd+zsWYsckFsvVuk05JSvO7+92UtG4l+3LMpvm365KGtXu7/Ymf9c+qd7R7HAO96OW/vbTSpF3fn/3TsCbe/vgyI/Su4ElNqPtjSAwZoqt4FAsKLr56EbUz9DsyZpEEAZiM8ph26aefvbReHyX/sd9NXebPKun8/FFcd5lShnbjo4sGIefpFQZ6crOJs40bgSY7GbObNqa1nGQ6v2v/5I/6/Fd/TOuig/eB6KsXpF7dwPQ3b33h/pf/Jl/x3/9Z/5tNwDeey8C/Nd/9h/Gqq0L0hJ8M9F9rvN6ecaP1YA9Xf2TRX6l3sPv8awo89//bPbZ/U8fkNRk9UVOsH//SZkt35Jt+YP+3v/iT/sb//O/8k+jlR6jhXuad3CwBg1JI5C//b4v7u3s7mzv3N/ee5ju7j66R//be18QcSPww6Tr/YP/99L103T34NHO3qPdB+8L4v8FdP30/9V0vf/o/v1HO/ffF8TPPV33d/7fS9dd6AEi7e7++4L4uafr3v979evuAevXB492770viP8X0PXe/3vpup/u3nu0v/dob+d9QXw9ut4qPMg/PX9w3vMMJfqLRSRdJB7/fzD/tPvpznvCx0NjZSJ50cTdadOYVx//rvJzeztlishfv9jBPSfffbspfpA/Snf3yOeWb34J/QDtxq/f/D7PT3fxwo/x3DxKdfq1oQVxJTEyBW/lrPudgt8PwNMj0Pd6OJmePuXna/R04Pfk93Xvdn0pfsXiotde03HpTnww+7frAM9tBzNAtvuDPd17eHz8tSbo03hPB72e4kyDJ/L6w97rNwEKXt/dGRro1bxo868xzBDjy7xui2lWbrPcPVoUs1lpoIaI9JlnGKqZix1+ouCGJzDOKtrP/aAff8wTDr07fTVkd3odraqmaItq+SjNJqRB1wEZf7BdLGf5u0fpPe9DCcrTe06y8CzIphUEZXuXsEp36L/793qz2M6C/n9skk3fXtTVejnb5lzAo3Vd0jqr5gUm7e7udo28AC1FBoAm1eyaFZH0KskrlUPzGSnN7keSxep8qJbEfOroq9PoI2lm5Xzv/N75Pn35S2BfWOnC0nQTWDsu4b+7s0cBwG3zdS7lr8Te/RRzbbKPKaAhKWJWZ9GvVfND+S9BKFjTQN4GXPGRWSx3L8rL/oD28Lo3Av/zjcm5aK+c8xmwauEQwm+cB7F33/MgXHq61axk/BFHRd0VvGpeUwVDSdw/48/7L/6Yv5xmlb4cwiJuzNnhSPuLb5uHY03+fY9bENU4vuMFuy+usWRHv7ymCbu7eHd3d+/h3r3d3U/v3d99sHNvd+/+zvinVxcfYXFfmUcT1Ok8W868hf6fzi6zZloXq/bRFcl3dTWuVvmS5O7F7/8K/d/9gqbt96b/i+tK0/Vg9+NR+jGttvznf+LfJfTB34otdT/SUdz/9P6orapyktWfLatRSm7w2vxOPVYlvmn4zzonIQN74a+ymmZQQtKwzdo1Gn185yP4wXEWIen9Res8T2dFnU/5XSgB7eV4QWRrP9sbeBcyrjTCryTp6TnlKz/76L/+e//k/+zv/1M/Eu1LvufOzr174HroA3ipA/DEaY1/+V/+5X/+l8f/9V/8d/+Xf+7f8F/9g38SFpz/qD/pP/9j/sL/8e/7g39XetKBJeXHdzfBpK+BN7m6SgUjvpufDcw83MS68sFH6lEHn25UFt+ggojg+HOqL/7Bv/a/+OP/zv/8b/z7/qs/6q/52lpjGHsfY6se7nthzq2g3ZJCOzeT4qbvVbhYYHY/OvpP/sw/UZnVp+R7EYi/CrHsLgJuwNqG5Xevf5CtWKP1A/ANr/fn/N5H//kf9UeILvzP/q4/6D//k/+q//xv+KP/iz/hT5n6LY6iTZQ9BpXae7LIjyYVdvFFftXQjzd5Kf8+L5r2m5nmI1qo/s/+wb/4P//7//QfTVz41TcycV/kTUN+/l39+UW2pH9l5o7ed6b+87/sz/jP/8i/57/80//s/+qv+oO+wcn6oVi6N4C2G6ParRzHe3tfl01umGHjmN7zFtf7z9fo4MOkYtCKvwcb3mzV/4s/8y//L/+qP/a/+BP/pP/yL/t7lKH8l/7f/+9NCmKYOHiUNJ60nmRlvpxR5DHLz7N1qSr26DElxmRJ30TtO7vbF3u//84DWc+/+43IIX+8kT0CqbL8cc/G0TZy3kdmdQNrbKYLnk6Yj7jt9uK/oWf/GR5s7Onq4zB3cO+GEccenf/N1uP2IG+R/TZPdyzB2ktXwm8xW/xYRv5xLwx+Pa+uvqAAlQNfy97ml7PleWXj34P7FIvecgD+Axfwz/3ryQX8L/6uv4v+XOZXvojuPNg2Gc3bPsPCFHveh+zDUUinWcQgdp9bwPmRDP28k6FPv54M/Vd/w1/8n/9Rf4oEUGlUhnbfD+j/12XoQ41pv3/vXW3v2jwulqt1q0uKc1oRyZcfpctsgfRiW+7s/G6cMtz93b7NXz0r8nK2K34tfy0Zxd3fP/yaeHDN8kD+AXWxyFYK8otMnWL8YlDK6pxSmvMMGCDZBwNPyqKBb7o3+nS0e//TEbLrN3Cl77gQK7rhW7ZmZCintjr6wMXiGzjhZs0UZH7uW22kSlDWNu7dTiWpqgVRf//ff4dIbpTuzt6+Syk9ePg+qxO36BbPzeP0H4y5rq5kzEO51sGn74iWxfLtPRqxOKJm1A86g85K+kWm/sY+9HkPlYAnGNfGYC32DI5rLxyXv9i098Ma13u0xjM4lnvBWB7c98ayu/+zPZZbqm0878/QkwuzlvCMn4FB3n8ftvh/y9j8MHxwnAfBOB++zzjx9NZUf/efBU/Rf96PDP7j50wObqebY897zG73AQaBr6dZDfibu6nkNr4uWng6WYF5264e3b3bThbjps2n42Xe9nOu/+Wf+w/8F3/BH/af/+F/1H/9p/2x/+Xf/yfD+fL9t5/x/3icfX3c8ARo7e0ejHfH5CHQ/3fvtuvlMidtc171Ufyv/sE/j3I9/+Xf+vf+l3/vX/izih+eAEeQrZlb6t29WjV3V1XdZmUfy1QWEf/zP/5v/S/+zL/jh4QsngDhq6urDXP9X/85f+V//Qf/qTfPcgizpJW+JVabLeBvBnE8cQz/8z/8z/nP/96/533xvKiq2U9XE2+28smCk9b1XVpGz9+N5+3iG8QdT0+a/t6/+r/40/+o/+oP+kP/i7/o7/rP/+6/9T//E/+m9xrCdbVuPXb7hpHFEyf4f/3n/yn/+d/9tynBv16nX1MtvocBNM/t4jP/eQ/c3gOf97NEX88g39sNFyTeo0M8/x+zztbv/6Fb5/eYdv/5sOHqtOzt/9CHi2ejM/J18cHzX/wtf83Zycv//C/7I3ce7jx8eG//wX/+J/6d6X/5R/9R/8Wf/4f+F3/0H/Rf/Hl/9KPHs+LS727PBtCzolmV2fWjtFiSM5B/CBp4/rO/64/5L/72v1N03H/1h/zF/9nf+/eru/N3YvUI2d8/8e96fJew+YB+RJOnJ9Xqugb7pr9wSr8e7u3s7qTGHG9X2XhaLdLjskw54dKkr/Imry/z2VgB/Bd/DJHmb/wv/rS/8b/44/7gR14u70jG8F/+CX/0f/5n/Hn/5V/5J1M7WvP+L/7gv9Fg/yOFfRt8bofD108bDcOPwOzACd/1+RGp6HpxhKzXpJpd8y/kxJRHv3Hy/wAVXV2Ygr8AAA==" />
        <Entry handle="38" bytes="H4sIAAAAAAAEAO29B2AcSZYlJi9tynt/SvVK1+B0oQiAYBMk2JBAEOzBiM3mkuwdaUcjKasqgcplVmVdZhZAzO2dvPfee++999577733ujudTif33/8/XGZkAWz2zkrayZ4hgKrIHz9+fB8/Inb+HyHf2/QBAAAA" />
        <Entry handle="37" bytes="H4sIAAAAAAAEAO29B2AcSZYlJi9tynt/SvVK1+B0oQiAYBMk2JBAEOzBiM3mkuwdaUcjKasqgcplVmVdZhZAzO2dvPfee++999577733ujudTif33/8/XGZkAWz2zkrayZ4hgKrIHz9+fB8/Ik6++/o3ePFH/9q/xrs/77/7u9e/97/2/X9z6/Hf9oeldz763X/nk9/4N/qd/5X/fOe3OPkN/5Xf6N//LX6LP+SP+kP+tX/pL2p/k3//d/+L2z96/w/56Nf6zh/a/qO//cv/8d1/8F8+/B9/9ff/w6tf8l/+ic3dv+HvP/8b/723f+Of/w9+8Wv8Gp/9Gr/Gr/E3/Uu/9rf/pV+j/sf+qm/9nr/Nn/+tX/WH/h5/xsvf9Nf4g369v+vP+vv+rF/333v5Ey9/8tf4i/7iv/TX/NNe/oF/0B/7N/7ef8T/8hesfq9f49f4tX7N1V80+ht+zdW/9O1f47f7g36vX3v/t/pLfq0/4Pv/+q/5a7z+2/7dP/BfW/xL/9Yv/a//or/0N/sPf/df7+Vf+sf8hr/Df/XXvPgjvvWb/66rX+O/uPt/lm9+1a/xDx2e/uP/5A/+01/5N/5tf/df+lf/uv/nL3n7+YPPv/v2849/8Pt88Ut/8Dv/XX/o3/2f/vh3f40/6s/8E7/7p/22o+S3+Mv+y9/6N//P/8vf8j//T//+/+43ffbo3/kXL++Of40/qP3l/+H/tftr/te/3R/4t/3uv+b/9mP/1vy3+wcn/9j/9fb3+Jfm//d/9+v/Dv/s7/+r/+B/5p+++7vM/73/6g/8389/1X/+5X/9Z/7ff+1/+A/+57/F//TJn/nf/hp/yF979Nv/s09+jf/qt/0df41/5JPkD/gFq3z3N36XpH/X5X//O/wP93+t3/f3/bUmP/P4Zyb1R7/Wr/VR/Z1Xr+pXr74z+UM++d9+xS/7H3/N//7R0f+1/kf+2we/wY9Vf9Jv/lv8Fn/K9z968rf8hb/wH/u/f8tf/7f963+N/+Ttr/H4zT/wL/12v8Z/9Y/Nf7t/bP7b/oU/8f1//O+df/6nPjn9o//wy1/3H/x7/rg/+L/5nX7hb/Ppv3D/9338M3/bH/hb/yX1H/E/f+/dr/0H/RF/9B/xB/8Jf/Sf8If/ob/kN/4N/9A/6Hf53X+3f+If+vtO/pE/8nf/65dP/pn/6P/4df6wL36bP/8nxv/oP/X0b/if/40/7ff/h3731bd/mz/yt/+Lf9V/+t/+GX/2J3/WR3/rR3/U6fjZP/v7/l/f/zP+3P/on8/+rT/vH7/8z//Vv+M3/5W/6nf+df+Nf+u/+4/+mr/rf/2X//B//8/7b/6Ev7n6xf/On/EL/sX/pHn76J/8B//H3/DOf/N7f5ac/VN/7X//5/zej9Nf7y/6S//Sv+Qf//v+mB/79X/H3/Bnfut/5Hc++i2ev/l1/oXf6C/7vf+ij//l2Z/5m/99//pv97//w//i7H//13/33+x3/WvPlv/Ft/6mf/yP+yW//a/xm/yG/9u/v/OtP+qv+3P/i/9l5/jBH/t3/x5P/rd/8Tf/m/6v3/4f+cd/qz/o1/hP/5ovJn/Qb/UH/Od/3+hP++tffPTv3Xv21/1LP/OP/6Xf+fPGbxdf/iN/4Pp/OPmz/8+/5m+4+Pf/5L83+yv/iOm/8Hv+E39YVv2pL//13+p3+q9W6f/yD/xd/81f+2/8R3f+2n/i7/xlv97//Q/8bn/1/3Xvf7j7ax9+vv3v/+CP/v3/g391++9f/tN/z6/xR/3G/9v/+Pv9GpeL3+kf+zP+nH/91/sff5er45/+LUksFr/xH//27Kf/01/1+d/zvd/zL/5r//M/tv1XH70u/va/997f+N//C//9P/8bTf6JP+ZvvV/+hv/zP/L69a/3R/79/90f/1v/g//an/j2l/yC/+P3/s33/uW/7+UP/od/b2/02//Cr969+Nv+s3/x3eUv++f+sx/8s5/9gav/9u/+b/+Wv/D//iN/wz/of94b//Z/xz/0b/4+f+tv8xc+/hP+hW999PBf/xM/aX/Dj//Vf/ZP/y//sd/rl/23e3/53j/9Dyc//vjof/xl/8Jfu/4j/rr/9fwf+a2u/ra/4/KP/iP+hL/6//ydvvztv/XjV3/3+Nf45/+Bx29/21/j/Df6u97+Yb/d7/4X/czf+u/+qcnjf/Xv/YMmf/m//j8+q/70j//A//nRq2//CSeHn/1P/+hv/y//xL/3Y7/H3fU/9+iP/X2//S+eff8f+x9+8S/6D/7YO49+zd//n3z3j/wO13/qf/f7/TV/1j/5N/+uf++/8F//k7/qp/6eP/QP/7f+qPHfd/kf/APP/vb2D7z8sd/pf/97/opf+WL/X/+NDn7N/+b/Otz+Ew9+4b83+Uf/w+/+7v/z4//13/z7f413/+C/9Y/+i2/+iXd//V/3X//Oq3/ul5T/3PaPXfymn9Tf+yP/1d/lD/rXfsV3/+rf7fX/8if8vS+ePfxt3/6d+//2v/2H/vi/9zO/3+/8O/0l/+K/+o//5h/9Hv/8g+2nd7f+8T/vn/ixxW/4u/zWv9Pv/Tv//r/Gn/Kbnz343f+WP+MP/7HvnS3/vF/12/05f9r//nf+m3/gn/1P/6Lf6dF/+I/+stfn/+D/9u5v/hP+xF/1X/5f/8S/+M//hr/Zn/ETf8QfMPn9/vrf5Xf6b/7Zz379r/7u/2T39/+fl6PFb/8//E9/31/+z/1Tv/xv/tb/sPO7vP27/rTsr/u//7T/89/5g/+lP/D//v3+7f/z3/vzf4Nf8w/8g978Q3f/xH/zb/yn/tm/Y/43/lff+wP/yt3Lv2H+7/2Hl/Pf46//n37pb/7d3+qn/8Z/4Nd5/A/9j/f/wH/9F/4T/8Hf+H/+Sf/kv/Jb/O5/80n23/3+P/l7PPztz/7pP3D1e3739/6/69/j//rHf83fP/sbfo+H3z36Tf/G/+bFX/X9X/4f/lr/xL/yl/9v//cv/re/+gv/wF/xG/+ev/T0L/79f+KX/kH/91+6+q3/6X/9T/71/6Qnv/oP/PV/j1/yi77/q/6Rf+B3OPvnP/kX/vZP/oX//Df4S9/9V1d/4J/x+2//q7/fP73zf/9Ff/X47W83+YP+w+n/+lv+br/0r/4Dfo1/7tf8C36N/+sv/Av+r9/w//jD/8hf9c/+N7/Ht/6PX/PB//WfHf5d/+6//Wv+0r/htypff3716zff/av+6j/+3/4L69/43oN/4D/8B/72l//sP/cv/Mv/8H/zd/65v/i3+TOWf+Bfnv97v9N//wf+y9/N5r/37/N//ym//589/Xv/nX/4nx/9vn/7f/8//N2/3//+f3/v8Pf+7t6bP/zX+Wr1N/wG+d/9D/5v/8TfXP+i9up//x1/w3/3X/51l7/u1d+0Wv2dn//Er/O//Dl/5rN/6ZNf8Mf8A8v/5H/4L/6q+X/8B/zHk//kPPulv/Xf/2f+qf/43fzv+wv/mT/zz/u9/ui/5e//rf/P//s3/T//ydXV3/yv/in/5r/+v//i/+X//hf+4L/rp36f/+OP/0MXk//yr8gnv+LBL/iL/+xf95/5F/6Rf/WLf/urs9+w/hf/tX/5X/4fXq3++we/uvpn/q5/408Y/wf/yuXqr/0P/+yP/vd/+/ov/w//u3/2v/tzvvd7/zl/17/7d3//r/nFv/ff9Xf9n7/j+r//D/+7f/Cv/U//3J/6px/9Ow//nv/jd/+7/7Hf4zee/Vb/92/2+/4Rf/F/8V+tftUf+9/+F//Vr7O+av72/+3tf/I//Xcv/+j/4+7v+2u9/vzBmyf/92/4u/wu9/+xf+P//mt+6d/+J/xbv/Tf+f7l9/+bX/8/+vL/+tfz3/l/+sV//Z/y/Z/4M3/8L/nFp7/l7/sn7/2Dv8Wf8Ut/+9/0r3n0x/45f8xf/91f+fqf+QP/h7/0D6L//9//3uf/99/9J/5fD37lv/zX/vv/2b/wr//0H/x//nvVy7/349/zd1j/zOGv9fzX/G1+jR/8Q7/kD7r/1/wPf8S3/obv3v/X/vDf6Pf83//D+b/0a89+zT/nH/wT/u+/9rf5pf/Bb776Nf7NX/p3/KL/+U/f+jf/nX/+nz/70/7If/If/tP/3f+s/k3/k0+bv+2//J/3f9F/8h//p//Ff/5r/lG/1/WjP/vP+rd/6u/6l//cn/qL/oVnP/ZH/PP/xG/z6/3g7/q7f50/9Df57f6R3/AX/Sl/+9/0R3xy/ff+3vMf/LXFn3397/45f/Sfde/bZ//KH/uL/5gf/DuH//b3/q4/+1/6xf/Ov/vw7/pjfvCdnd/34W97+q/f/bcf/0a//LvfWv4dv8Vv9Hv8h79D+7v+yv86/52/P/qvft2/61f9Xf/cu1/16/7Xv+6v83cfP/lDnqS/X/rZP/Yv/8G/3z/8j/xpf8GXf9gv+Mf+2U+e/qa/1h+d/E9/zP+S/Kv/96/16735U8f/xZ/xl/wOdfIP/g5Pf+K3+I3+wR/8r//Vv/zj/8Pn/8e/9yeMf/Lxz3z00UeP/770F/xmf9Rv+Jf/w//5f/Of/0fn/8k//Z//R//M//bv/qF/3h/+1/7Zv+G/90//xn/CT//Pf8qnx7/zf7v8LX6j3+gf/NXZf/LL/8h/9w/8c/+m//CP+S/O/8D/6uFf/OJ/+Gv/iX/+n383+u9G/9327/Tv/b4/8ff8zB/4Xz36P/+v3+hX/cq/4f/+zf7vv/7XfPOH/mb/1P999Nv84l/9e/xt3//390ej//tX/jt/w5/5R27/iX/EH/7X/qV/7x/7Z/+63/nz/+e/82/+Hf+9/+X3+Ld+v+/8X7/Nn/6Hf/x//B5/1e/3nV/61/45B3/0P/P3/N5/0d/wk/Vf9dE/vPpVf9E/9o//hv/Fr/VjP/1//tKX/8l/9lv/Nv/5f/5//tXJL9r/I7/3g//zX3zzE6//2X/vH/vn/7M/8C/7md/61/pv/oQ/+O/5Nf7Pv+AP+7//13/4j/2D/4N/7/m/9q/8y//4f/Dr3P/N/6P/9Rf+5G/z+NMXv81P/ka//A/8jf64/+pfz3/d3/rjv+Yn/q9/8H/50/+jv+Gv+m3+vr/hv/gX//N3f/S3Dv+uv+fPPvh9f78vf/ff7t/79//j/+Iv+fvqn/k//oDrP+nP+4v+oL/ob/rzfq3f5S/8jX7vn/r2n/DdX3P016XpH/bn/O/1P/gb/+e/0z//7929+Bf+wj/ib/m///z/+D//j/6ov+Rv+Nu2PvlT/9lfNfqH/6Ff+cf+1b/44T9z+T/8Hn/2Vv5b/U//0/f/k9+//vv/72f/11/52/0Xv8bnv/uv+8v/2L/xj/jpf/IfffKbLPP/+Af/9K/7G/5ax3/A7/rmN3/2W//m6bd/s1/n1/mxH/uLkj/m49Gv8ev8sl/2lyS/y1/zJ/wnv+Ev+7WPP/pDfs9f+vsdpb/HX7jz1/xRv8Y/nL75j3/9v/jd1u/x5O/7q/6Qf+W3/nv+sn946+Ff8z/9hv/TH/qPPf09/5c/4OiXXv9+O3/j7/RHfffpy9/z209/vz/qt/3dfre7d0cf/1p/yp96+hv/k//5P/db/v2/6a/82/6mf/VP/0P/0vq/+t/v/bZ/X/oH/4P/zC//vz76Lf+zX/27/92/w3e/+Nd+vT/qd/i9/4b/8J/7B3/ln/L7v/y9X/4aW3/QT/85vzL5S/+T3/Y/+bX/z3/sL/rkX/jyn/sT/5M/6Ff90v/mN/g17v71f9jf8Df9T1/9Hr/O37Dzx/x4+hv9F3//P/IXffIb/QP/yF/19/0G//Nf+rdc/tF/+N/4N/1Tv/tvQ5/+zHd/u/YP/1V/49/0D/3Wv97v/x9/8r0357/u//brvPxXfq/R6g//A2tA+N1/m1/z+//xJ7/zb76T/IZ/8B+Gl5798X/6r/EX/lE7/1vyG/5+2V/8yehn/vC766dP/4b26f/2N+z8V8kv+/2zP/iTn8l/8W//Yz/9/eTX+on/9Mee/vO/5l+UvvwNtn6j3+rX/Ete/aP/5K//n/3av+av+t/+4J/5tX7Pf+1/+0v+tP/tD/uD/qp/+g969Gu+/Kt/nb/4/Df46f/lD/qJX/Yb3P+NX9779e7/5v/Y7A9/+Zf+Rr/WP/vP/FP/y7d+gx/7zi/7n//Q/+wP+61mT/+wp39Y/nv+zK/1f9R/5r/7v/+Nv+7sP/5Dfof7za/7237+i//3v/bff/lb/V9/49vffPSP/bN3/9FPRqPf9Lf5rf6e3/fVv7L3f/wt/8vP/Cs/879s/Ud/+p/x287+t3xObX7iJ3+/ly9/s9/txz/++P/4XX6j65fZ//R//LP/8//y5/7hj/7W8V/7B/55f9af8sv/73/o9/ifftP/49eWH//hr/8H/tLmewd/0dHf9rv8xf/AX/V//y9P3v3KP/G3/Uf+71///57/nv/3b7nzf/1B/+A//S//X9/6Vb/LP/Iv/rZPfuz5r/Hr/Q7/8+//+/8Gv/b43/mX9+7+hX/hv7z7f/0vv+mv8+e9/bd+7z/r7/rt3v1X81/jZ36r3/F3/E//xV95/Fv94X/4H/0H/6G/9Df+jX/b1a968kf9CX/EH0ze5C/67X/zR5/+DYe/w6Nf7xfu/jY/9r/+zr/Tq1/vH7p/tFf8Zj/+8G/4e36jP/zHfsv/+4vf+L/8+E/7K/7lf+5v+e3/89/j9/51ft//afn3/86/1t/6S//13+o3+veezP6Z4u/+Zz75De78OX/zP/y3rf+qb/0Hv/G/uPhzf/2/+x9//Lf/U39N+Tv+2Re/7d/x7/2i//I3+82/evWT//K//q/+nX/LH/Hvvnv8v/zy/+U3+aW/zf/yf5zOy9/3Z55MXtWXL5a/3y/9Nf+Wv+bv+Sv+jr/hH/iL//6/9G/9a//ev/KqLX9m8r/8p//aP/J3/o9/7O/1z37y9/7iX/3r/5Gf/5P/2J/5u/7+/8DWJJtMJtPpv/2XPvmF/8Tfd/KH/ON/5G/8B6R/+k/+k7/mn/0nPfz9/9Trf+S3++Jv+JOz7/zDf+L3/oVffvntf+M//yf/+b/xD/61/rnf4Ivv3Pu7//p/Lvlt/qft7ePr5icf/5t/0W/36/6d/+y77Lf5H/6dJ1/+oX/jr/UfZH/lH/PP/w1/z8/81B/3q3/V3/FP/RV/1fTO//FP/rL/5C/8G//c7/w9/8Zf8C/+lr/sv/17Pv4zf5PTP+1X/Ee/390/JflvfvHR+Hf5RX/UX/Nf/bvv/shf+OO/4w/+yp/8E/7v/+s3+FV/9T//f7+9/mP+xDf/yj/0v/1V/0Vd/IXXf9bkzS/6mV/4d/zHb//R9S/8ff+b3/xf+p/+5f/zb/lN/+L5v/4Pf7H49f7tX//Bp7/D7/8n/eB3Wv4R/8APnv73/8L/+Lc8+uwv/Wvv/rV/6V//W53+JX/aL/r8T/6fTv/Mf/0/uPonDr/zu/zr3/kr/8s/51f8qb/Hv/C//h4/89v9c//Cb/sbPvqZ//sX/o67f9E/c/3b3vnn/u1v5av/4Xsv//y/5s9c/R7/8l/35cG/+e/+QZ/9J7/NH/w7/K3f/hN+41/80//W1T/9x/33f9ff/Av/t9m//Tf9Pf/0n/Bf/jv3fun/Mv/jd1eTP/E3/nv/6Z+8+hV//l98/Uv+3N/swZ/96/2SP+nXvh79E//Or/6ff/y/+Sv/59P/a/rXnvwh/+z9v/D3rn/t7Lf7zU7/m3/1T/otf+w/+dv+q1//6nf4Pw+2//Xf5O/99L/79C/6n/7lyR/3N/w6s/1/9OGv+qW/7N6f+4c8/HX+yOTVL9/+c//vP+4f+b0f/K9/3W/6Z/2n//7v9cf8Tb/rr/Ub/PP/0O94cfLXfOe//+t+af0fv/pP3vzHf/nlr5zc+UP/1T/nT/9LHv6Hv8GTf+Sf/jt/0790+1fNit/4L/vbqp/4q/+tX/69v/wf+Gf/uK0/9Z9e/rK/5w/+Xf603/bPmP9mb3ef/x0/+Hd+z//7j/6Xf/3vfvYHP/gr/vXf46+6+7p6+7f+53/QX9VMH/3Gf/0v/T1+6d/8tjr5Kx7/g3/GH/sv/a4/+KP+/V/rn/srf9Uv/J/+6d/ut/4d/9U/9u/6i3/vP+G3+kN/Yvn3/WO//sl//7v9AX//r3z6E9d/+cf7v+8f/+Xf9cfuP77+20ff+zf+vafjXyP9T//M/+MX3v8df7vf8I/5J/6d3+V/+QUHv8Gv/gf/q2//Uy8//oN+x/m/+C/8gXd/gy//24/+6vrd+P/6r/7kf3r52/9Bv/Hxb/5//FrvfvF//2v9AX/67/Pu8N+99/f+M1/88n/u99n+w/7L7/1vf9yf9S/9I7/y7/gfXv/5f/xfkjb/1z/6P/yG/9DvdTj7P4uDv/5vOfsb/vY//G84O/49/8xf+t/8918++J/+l9/+/OM/9I+e/qX/zP/2p/z4J/e+/Mk//Y89+h3+g7d/02/8rx//A4/27vwef9e//Ut/6f/xS//7X/77/dn//n/64sV/+Rv+Gv98W371E//dX/Db/rm/7v/yl/1T//Dh0W/9Z/wO/9sf8ukv+C9/6R/ye/yhv99Hf/G//4f8Xn/eZ79/+ptn/9t3/9s/fv2H/xn/0l/2r/wrf/6f/vd/vv8rx7/G5Lf9g36dP/GP/o0Pr57/jf/an/wn/mlvfqL5D/7ib/3Fv/0f8net/olf81/+h/+pP+/fK//0X+8v+3V/3z/9uyd/7K/8s/6FN7/1H/gP/n3/w9lv9/f94t/s1/2v3774bPYX//6Hv1v2e5X/5W/67X/uv7xo/83D2T/85/yhf/tv82MP/tV/Z/9X/1l/za9q/rb/6Lf6i//o5p/4O5NfO/lD//FP/pKf/i//hb/zF/0Wf/N3Ln/w+/4Wv8Pv/zv8wj/h6Nf+K//DP/qLv+CLX/yd3+mf/gcfP/4//4//ej76bX/1f/Of/Pr/+L/6t/+nf8Nf8pv9mX/7/1Td/Svu/ff/4L92/e4v/1U//efmk7/pN/5rf9vZi3/wn/3n//lf8tt971/+PV/8Kd/+837Z8ZNP//e/+T/c/0//jV85+wf+qr/rH/51/vb/enL10T/9/A/8O/7bX5L/50f/0rf+x8d/ydnqL33zh/6Lv+Hlx7/LP/82/09+vf/13/je73HwD/7dv8F/9wc/+iObr978D//DX/B7/HN/4N/4y//Sv+zfy/+Pf+hbv+zPOf3D/r75v/Knfu9X/f5/7/yX/8LfuvzB3/j9X+MPe/HHZ3cvl//Cg7/wF/wnv/Rf/sW/X9r+svQf/bv/g1/0+g/+y/6Nv+P3+Z3/6aN/+Df7R/66v+qv/MP/q//0v/ujfvBn/qV/1M5v/sf+Jf/cFz/2p/1R/+p/fvFXT37jP/g3+MP+5n/7b/23/6hPf9XdN9X3ftVf+Ff8jft/4J+/TH763/vNd/+8/+sv+ht+h//gs7/4X/3L/urf9Xf+Vx/+9N/z11z/she/1cWv/fwP/t2LX3DyN/xnf8Obf+cv/df+xb/6/Gd+i397fvjP/ll/1H/547/ZX7L/f/7T/+R/+Gf8hr/Ds9/m0W/65s2/88t+/Qd/w5f/2uH1L/rD/tf/4R//bf+G6k9f//Z/xuPf/l958fde/O6/8k/78X96+3f/K7Z+439gvv+Pb9//N/703/I3/S+2ftUf8mf8lb/lL/2pf+Xbv0f9g9/jD/+7/+F//R//D/6q/3j6l/70r/pN/9Df7G/47f7+X/XP/XH/1q/42/+cf/zFr/87/rm/cOtX/Pp/92/5lz75b37TL//cv+h7/9jv9gf/rX/XwV/++/061R/yO/2ibPIv/qW/1v/wL/wxJ7/dr3j62/3pv9c/9r3f/W//M36D//Xz/+zPvfjD/sY/8Hf+G//M7/zWv/PH33/3y3+z/+Un/s5/8L/6g6f/+ovP/rO/678+/SX/0X/wD/zB/+c/8n/9qmd/7r/x553+0p/+W+e/KPud/uw/86tfPf8L/4Q/53/7bX6v7/9vn/3hf+/Bn/LXP/27/uT/8aO/71/6s77/X+z9Vn/R7/5//djf8nv9Cf/cP/Bn/y7/49/6q47+iP/tt8hHf/7v8ev9BX/ub/rZ3/F7/G5fvv1s9bf9or/v4/n3Xr/97/6zF7OH/+PuH/qf/ne/2X+w/9P/0T/12/6yX/U3fbte/zl/wx//L/5bz/+l3/zX/y0mf+mf9Tv/Y6e/zW/yL5/+Sf/ct/+pf/z3/tee/9iv929+8YPnf8F3/vOH9/6Uv+Zf+vd/8Pv8Z83V7/e3/vv/7fzv/Jd/x3/lP//ff71/5e/9XX+7/3P7Dzr9337st/71/4Pk7cFv8+f+3//Qn/Vf/crf4ff/yf/y177/eXX4q7/41//K3+V3/J3P3v5hk6o52t/+I7/49f/9839x+we/zU//Lt/97/e+/Mt//Lf4D//lX/SL/+F/4s94+o//S7/tr/U7fu9vfvsL/sPf6n/8q37ff/U3/+V3/u1f/p/+J//MX//P/hu/2T89+k//pfz3uvir/5HH/8iPP/9z/po7/8f/9Yf9wX/Xn/vH/Bb/6PTytz/8ye/s//V/y5/U/ue/15/2p/7qv/Q3+dt/0//+z/0ff9lHv9ef+Zv8E9tv//r//s/5b//Qv+7kN/x1HvwTv/lvfuf3XT/5w/6Ub/8mJzt//P/6H/9B13/3nVe/x3/32/ypv/4f8s9s/yG/76/8Q7/9t38y+nX+sv/9WfWvHP+fr3+m+rX/8d/5+qPf4e//93+f//nX+5O//EN+xdv/9m/9jX/j//h3+au//H3+gmf/xr+2/Tf/gn//F/wVP/Yn/84Pf9ftu9Xjv+ivTv+bv/v/yv+7y1/yb2//o5df/iG/8atP/qi/7he1P/Y//1H/+//2Z/0J//gf8vEv/lXL8//mb/9T/oP/+F/4L/+V8/92+Yf8b3/i6K/c/jMf/u//3bd/x9+//Yf+9fPPfsnv/x/+0b/3n/Lbrv66X3LxX/xh//kfff70Hxj/7X/Hn3v5Xx38bv/x4b/9j3x19MU/94tn/+A/9a/83X/M4//2r/1tf/r3++V/xi/8B3/pv1//rc2nf8g/9Y/8D//Qr/7L/5h/4R/5Y/6Cv/s3+Ic/+XV+we8+/eW/79/xv/yy3+1v+dd/85/+FfN//x/7j/7k0z/9P/77/oNf45f9q3/En/d/Xfxpf+Pf8UdN/ow/7R/4Cy5+4/988e0//B/93Z7/Ob/D+qff/la/zZ/0f/4nf+OvPvorn/9E82P/3R//G/+5v8G/80f/9X/Lv/FH/QW/x9/51/x2f/Bf/dVXn//z/8Wv9/f8Vr/iN//7fpd2/1t/+L/b/Ln/2r/5va9+nX8w+09fnP6Dv8nv8O/U/8Cv/3f+2b/L77T+3u/16/6Z/+Yf9jf8vZ/8Wr/o7/7L/5Dv/ue//n/5T/16v+Wv9yf/ot/xr/4tP/lNfp/f5b/9Xf7an/pf/oRfeP/f+kWf/KO/7uuP/46/6L/52/6J3/dP/qd+rT/3d/sT/qZ/7A87/Jdmf9nVr/mH/zmn7W/3P//2H+39r7/4l/yzs3/u+G/4x9/+F7/59H//3h+1+o3/xf/4n/vH/rjjX/dv/oX/2J/2h/5z/9pv9y+v3v6dv8Xv85v+/X/YRz/1X/3Kf+7B/7T7q/75P+O/+id+w9/z305+l7/5X/8XPv+9/42/99/+5/6E6/uL77/899b/+m/06/3W2T8//h3Odv+bw3/l41/5J/9X//7f+Z2f+f3v/YO/6E/5Oz/+W//85Pf8J3/Xf+gX/x//xb/1B2//+xd/3+74j/5zvvVfHY3f/Zf//d4//d/+WX/Vb/DrfPRb/37/wu/y1/xRf9xf/zv9A3/E7E+4+z9/+1dMjv+l3+xnvvtHJS//9//m7/4LD/715nf6y/+q5a/8C771K+78BX/m7/Pr/fu/8K9K/8Ff/8E/88k/88v+5xff/c3/71/6J/wTv+Pf+b/86r/+6W9ef/r6089+5f/4G/+2/95f9af9vf/wy3/+429n/8YP/oO/71/Y++I3+z3/98Vv/ff8p3/EH1T+gX/m3/1bLv+SP/Bf+OP+67t/z7/7K/6WL3+/3/kv+U2K3/f3/E1++o/5A3+7v+u3/av/6Y//pu//Kb/ov3y0/uX/0B/zL/y6v8bf8ff+g3/G3/hvP8t+4S/73X7wX/5t//Zf9U//ub/XP/oX/Zn/5K/5t3779/gN/4rf5pf8j3/0b/6D33LnH/w7/tTf9c27T3b/6Vd/xeM3/+HvUP1Wv99//Bf+eb/hX/lnP37zu6//4H/lN/nqn/xNfvyf++/nv/9v87v8Zf/RX/v3PPrH/sX/9a+a/8XHf+Dz/2z+D/6Lv0v7f+yP88NJ8vv/bX/gX/tX/l9/2fr3/M//8t/nN/3d/p3n//Sf8Tvd+SW/5h9Q/o//2y948Lf+Bdv/ZvLb/Yf/4b/x9/427/7S+z/4o37mv/iHimLrt/r9/rh//M7fe+/3+K3+5n/slz3/y/7j/+4//S//k3/i+cn93T/1305+7d/5n/3Df+r3+Ed+vZ/+7z//E0d70//q9/ulkz/q3/yd/6TvTv++H/tLf4ff7S+/uPgTf+Ff8tv+B3/n3//HP/3o4Pf943+t6k/ZuveH/MUfv/oT/pov/uH/9KvftP0j/qG/M//+P/dLf7e//j//Hf6mf+JX/jd/1c/8V3u/wfaz/+y3+ef/zdHP/JXf+e++82f8I//Zb7X6yz7+DX69PyX7H3/s1/xTf/3/Ye+jw7/2L/vr/od//6O/5p/783/B/f/pL/6Lf4f0kz/w83/8L/7L/pV/4vkf/39+5yf+it/t9b/2a//EP/oX/1a/xl/7Z/6n//OfWv01e8nv9cf/9b/dn/rLf/e/55//6eW/MPqdmj/gb/zz/r0H3/7xX6/9U/6Nf+0H//v4Nym/+2//Xr9s5+/9Jb/g8nf5y37Pv/53+wu//ff9BX/s/9n+IeVf/kf/5O/0vT/ubyj/2p9+8BN/+MOP/s4/6Hf/N3/hP/Br/Me/9d/wx/zh/9Q//7f/cf/yX/Nf/I317z7e+rv/6j/6f9r/Oz79E//Wf/43vvOP/y13/s3fbP07rn7mn/7j/+A//U/7U//lf/5P+3Vml//D//FL/5nf6U/6Fb/05e/QzH6D3+4v+hv/73/iL/jBH/UL/o0/7y/7Y//lz//L3+Yf3v3oz7v4g37V7L/63/+4Kn/1d37r3i/8T0a/8p/92/7d//iP/Q1/z3/p3/v+v/UH/eX/4Z/3Dxz8RtXv9N/+On/2/5x+54/a/nd/l92P/qc/5Y/9bv1//Ev/yflf9n/9iic/Vv49l7/t7nf/ga2Xiz/kj1ot589+2W83Gf3X/+T/+vv8fX/RVwd/+P/1505O/5X/4Xf4ravf+nt/3Gf/zl/+S/f+2v/k3//Hv3P8l/2D/+Wn17/i8z/7+7/m4b/w5//9s1/zFz7dOX77M3/f5X/3i/+tf/Tj3/sf/90+/UP+jN/0r/5P//O//C/8y/6BP+Ff+5n7/8efc/FX/xmTv2/97/0vf9Eve/vTe7/i1/6/fs2//3/6G/6X33PnZ/6p3+8n/6+/5+C/3P71dtv/fPc/e/LXVL/WH/5nPnz2K/+HZ7/Tr/lvv/stf/Cn/KLf6Pf99f+Yf+qv/Pf+ldlP/NMvf3D53d/510r+yH/2Pz/8vf+LP/jXetP+2N/8L/z+f/3nv/Xs29/+W/7DH/+N/ra/9m//d7/7e//h/+Wv9xv/Eev8u7/n/p/92//M7/V7/KNv/qC/+p/5N3+rv+Qf/Ol/+Lf6w771a/3Bv8Vf+qtmf3nx6/2q3/5v+wf+rT/gD/7L/uB/4Hf7k373P2r21/0Ff+PZZ0f/6Z975w/66Pnhn7/z3+/88z+xkz74q367X+N3/41+k7/8t/kv//R/4F8Y/Z75L/jHn/1Ff/pv9g//hr/ds2/9hXee/Q+/12/y+m/6I/6qz3Z/p9/9Z/72j/63f+7Nnc8+fvCv/Qu/8rf5x3/9+jf+z/+7v+rf/E3+i1frf/Hf/Uv/s5/4tf/j67/p1/jd/pLtv/l//fHffP3H7P+F/+63/onf5k/8vf6AX/8//m3+lr/vP/vHXv/0X//t3/Ofav+ol//c7/BXPPyfPvvPfpf/+X/9Zfl/evg3/27/ya/x0//5v1q8yO/8a0//p1/60//Z3Xevd//+3/HP/jf/sKO/6eAn/vRf+N/85PQv/fL//DUej/+3v/Ten/3v/Ub/yb/y917+mz/zK5tXf9Zv+Kf9If/Oxfw3+/G//dPqF/1d//i/8e/94OH3X/+J7S//e//4v/76n/vv/8y/63/4s7+8//lvl/1N/8u//x//cz/z3+z/839W+dv+h7/iT3r1a+/9OW/z/+an/p1//l/+4/6ON3/bn/2b7Lz+4//Gf//Jb/jRX/Nrvvrt/tW/7vf/3f/c9te799Hv/PxfOfmpf/ufPP0N6j/8X/hz/qA/7nf9j/+Xv+0//Pf+2d/7T/wr/8q//7f8F3+/X/0H/IP/RfZH/wV/+E/+5//0L97+7f6of+k//1v+8L/uz/pVf+L/+p1Pv/y3/65f/N/+Z3/Hw7/8b/zXfvvsf/tLfs3f9x/46+58+ltMfqvD9X/9D8yT3+fb/251+OJ7//4v/xV3PvrtF3/i77L4z/+3v+U/bf6J5uhe8zf9Vf/G/j/yl/+vf9O3/vrv/CFfPPln/q7f8OJXzX/R+fVf8msm/+ov+CMPfvu/45/8H//k5//+/V/wX/0OZ7/sz/0L/6rmjx1t/8vvyr/mb/71fuxf+uU/9je9/i3+mqp4+vqT8j/88d/yf/yNX/5lv7T4B3/fn/gX/rSfXP13f+Tln/Rf/w4/Mfp7/60/4/fY+xf/6T/v7W/9i+fnf+/ef/y3/cX/VPLb/1e/xe/xb/+ju9/67//Z3+9/+4se/oX/9BeP/qp/9J/9o4vRb/rt3/w3+B9/mzf/Y/boF330Ly3/l9/kn/n3/9SrO3/Zt//evzT75X/DL/5b/9r/6tff//d+l1/2z13957/Pn/qb/mf/89/8e/1h/9N3p7/n9e/75P/+HX6TP/UnfvGv2v2H/tr/7t/6F6/+nMe/5Ff89f/hr/2H/3t/yX/27f/iv935o17+1K++3Pqfdl/+nf/ji//o/1z9X8XDt3/g3/AH/xf/xS/5Pf+J/+Cv+ejZiz/5n/3HfruTP/H3+yN+4//2V/29v/5v2vz+v+C7v+b5t/7qf/7P+It+31/8t//Gv0v7F/zRv8mP/Y3zP7T+/R8v/olf87f8k/PpP/q7/apfdef3/Dvv/hrf/nX/m4//+r+y+B/+7pe/5D/+rf/RxfY/861//l/473/lb/nX/cF/0A9+r3/5n/qLn/6j//Wf/Vv/eX/HH/2H/Os/8d/+n7/TH/WdP+PvSP6uX/9feP7Vb/H9f+m/+p0/evNH/Jb/8d/79O/5t/7w8smvfvQ7Xf6tf9/P/Eb/2H/0+3znL/rxX/ZPV/f/if2/8sFvvLdz/Ut/2Z/1L/yVv8av/Vf+aZ/9hf/Eb/HbP/uVb373f/vf/d4fvfv7VY/v/9Z/0P7f99v8Hr9sK/n9H/8RX+7979kf9N/+AX/qv/D0f3737/8vj//3P+l//5v+x//hT/znrn7D/+zXqf74+qf+mkc/9c/+2tXv+N//mX/m7/LP/aInn/xef/uf8O/9ZveOmu+c/Lr/wmHy5336Wzzb++u//8f8yp/+J/b/jL/o4a/1J/+re//eP/OvHf3Wf/76z/8PXrz4Z//Ov/nP/wf+5v/iT/ixN7/8N/u3/ugfP/rpf/y7f96v+PyT8e/43/1Zf95f/qtWL/603+W//zcu/9ePf9Pf4F/6J/+Z6lf+zX/C//LLfufXO7/rX/Txi9/i/t/xJz/74l/5R//sv/k3/s//+D//B7/ff/kv3jv83uuf/IP+mD/y6D8d/yW//h/74//j7/tr/Sef/73/yd1f47f7/Nf4+K/7p/6I3+W3OPoN/5L/8zf9A/6uf/LX+Kf/jH/5r/7H/+x/9B//ByZ3/84/8c/5ff/xv+Pvufcffu/XfPX9bPfPPf/L279k+Yf+H//5r3j+a3z5f/ylv/mv/5//4+kf+Jv+Dn/hf/+fv1n8of/On/L73fnit/iL/rU/LP2Ff/6vf/+//Mf+3D/iN/vP/pjkl/7vv/KX/EP//Z929+Kv+C0+/sfbP/23+Bf+rr/hd//pv+tf/5v/tv/1X/hN/8+fHv8a7e/xm/xO8/L3evWLfos/49+vfvLqb/vjfo/f7NGXf+wvH//P/9df8if/6f/pH/mb/pm//r/0n//xf+c//ot/p7/yd56Vf8/f+If9Vlt/7X/99x7+Fh+fVL/Pxf/+1/5Jf8d/8zf/S//q3/Qfv/rtftP/4Rf8c4/+zt/68J+//pV/1V/zf/xLf8hf84/+Y99v/4P/8o9Z/Tq/+b/6a/z2f8+/8R/Pfqvy4I/95J958qdc/Kd/8o/9EUX7H/8+T/+bZ7/uf/M3/eq/9ff6DY4u//I/4c/8lf/AH/EPnp2s/tnf/9f4d/6BN3/E3/Mv/gf/+F/8m/9303/l5d6yWjz8a/6mv/YP/u//id/0P/3vXv17s+J7/8F/9zP/6b//J/3v/871r/97fZn/Pr/kx/6hf/RvmfzSn/l3f8Xv+9P/2b1v/x9/V/mP/8//6tv/ffGf/+/T3/buX/zL/ou//4/6d37i3n/0N/2d/+voj37127/9l37iv/+P/+k/+F/+6X/jr/8Dvvqlv+Pv9eO/4Pf4636bv3jv0V/1H/7M03/1r/qbzrLfdfLX/qv//O/9u//jv+d/+Tf9baeHf9W7v+wPSPf/w3/qH/mxP/vqf33yz/xD/9ubyW//n/yff/Lof/y//pi/7+DffPwLf48/54+c3vkn/pg/8K/9i7+8/yf/X8lf/Wf89X/4n/bn/c9/wuLtP/v3/cF/4P90/S/9l3/P3/+n/Hef/pp/79/41/xXv/of+nP/3YM/7s/5pQd/5NGv/4f97T/+G/xhP/kzJ3/RxX+/9S/+z7/uH/DLZ0/+wNPfb/8f/r3/7P/4xeUv/4dm/9Zv/589/u//23/5uPlX/6u/7v/8XV//Gjt3F79X8ujf+s/+gZ84/l/++b/27/sz/tlf9Hv/NYtf8fct/ot3Tx78Sb/HH1P/L5/+Hv/yq3/2//xt1v/uvfkf+6uf/eSv/P4/+4//n7/pH/zP/K1/2f/4W/6h3/uf/r6/7N/43T79Y4t7X/3G/9Sv+989+nv+k9/4l/6+/+P2/p/w+17+z9//3uhP+KP+6r/hb/wy/6f/hT/ln74/qY/+hD/v3/qvf79/798uf8W/88nxf3f6J97/i37sd/pT/4Lf8u/e+guvfpfP/4wXT//3s4Pzv/Kf+Y2LX+df/jf+sh/8zHf/gD/n9/ulv/I/+/Z/9Rcdv/0H/q3P/ruf/AP+xBeLb/3Wf+3u2z/45E/4qT/mb/zr/sFv/UTxp/7ev8bf+xNn//E/9Vf/iR/9o8/+6r/j8lu/8T/7B/+nv+RX3Tu882j64PnkL/0d/tz/7o96+r1/4B/9/f7+L//z/zT/C5u/4/u//NM/M/+7/vI/+E/6N/6df+L/+Pu/+r3v/Onf+y9/wbd/xf/1C84Ofv1//E86/6X/+Lf/3Onf+Pv/Rn/gT/3vf/W/+Pn/8jf+lv/8T/6uf87v9Wv/JXf/rL/9t/5Pd//nf+63+q3/qNPlf/Ob7P/403/s4rf5o/6P89Nf+YuO/oQ/4pc++EM/WvwF//lfs/cPXPxO1//Yv/Kt3/93+N3/7fq7f9iv+Gfv/Y9/6D/+H+/vJ3/4v/ev/V2n/+zO7/Ab/cSv+F0f/r5/+F/1Dxz+ZX/pR3/Tj/3N/9Sf9yt/0YNf989+8eyPev3XPv1d/rh3v2vZ/pf1P/w3HfztD1cnf/JP/t2/0+Xf/3f/2Z/9/n/Qn/mn/c2/5Ft/+6/8dZ5994948uv8+G+9+sP++d/gf3v8yW/38V/3v539/f/pH/DPv/jpP/5/+jf+or/gLz//i4//rt/wv/r7/s//4Xf77u/8N/3rv+1f+5f/9/9s84v+x3/6q3/lr/ytfru/9vMnf8hv9Rv+l//Xv3r0i/+Z7z/7ZPKt7LP2X/rlv+xP+s+P/7Wf+Nv+1v/99/kF41e/+nf963+N/+r61/yffr//49/7R77/2Yvsl/6Wf9eX//LeLxpv/c3f+o//1L/x13z7l/7X/8Cd3/2//4nf/5f8mr/Zn/jL/+Jm/6f+8V/119V/zp/wX3z3k/v1b3P28d/78Bf+2//Zn/oP/vV//Z/xxz/78u+8/E9/rT/g7/vX/r67P/if/qD//Xf/LXb+hc/+4N0/7+/4K/69Vf3yp/+2P+d7r55++SfMv/crfvf/4OHd3/Hf+T/+rv/mV/9Xf8CXf/Tz/yP93x//abv/3T/92+//hvd/xR939+if+3X+6D/87/+d/9Wf+r2f/S3b/+5f9OL/+pk/7B/6jX+f8b/9E39F9v1/4lf+4+/+j//56N73/8o/Zj3+Z/+7P/53/Gv/un/rb/wz/8Wrv/+f/hV//O/6m/zPf9K/+xM/9fv+A//m//Kv/Gf3//Jf5088+vSv+Na953/vX/9H/Hrn/8Sn/83vvff4L/1NPv43f+zvvP8//+Tf/G+8+Pv/9sd/xuO/9H//jf7A6hf9N//OP/vsV/6dq9Gv97f+4l/2m7/6JX/pr3v5q//V//HiN/gb/ts/7m/7xf/jP/J//HNX/+l/+epv+kf+jb/79/s93v0p/+pfXK7+/X/z+//C/p/5a/+KX/U3/3Z/1t/6Mz/+6h/6W/6tN7/qj/i/vvWb/gE/WH9x/g8ePvrvrv+u/+QX/bJ/rvmH//X/8X/68/6XB7/3b3L1C6a/zk//k//Jr/PP/ZW//e/+gwe/2+99tPz9lz/1O//gd/6H/pW//3f9zuvf8PE/9td+7+/4g37Fv1j8e6Pf7Sf3fu073/mn/up7f9Pv8c//L7/0F/0ORf4fHb75/X/1r/0//u3/86/83f/k/+vZ7/Kr/7Q/7Tee/D3bd/+33/y3/od+27+h+NP+wd/nX/v2P/MrTy7+4rOXf86//5d9/99/81f9U7/sP7/3m9z98fPZH/XXfDT6df7hw7/k4a/zHz/5M/+Rf/73+/P/z1/rx37fvT/p+//En/w//QXTn/5r/rFf+u//N8v/PU//+r/rv/vJd8/+8b/73/gP/r3/6ff8anHvn1h88Wv/Ub/v7/Rn/YF/0n/3+R/5F/zCf/hv+HN/3/Pq9/m7/7of/+t+43/+D7/4/i/9u/65f+cf+d/+/XX1L/yJ/+Hef/PJ9Lf9S/7iP/X/+lP/2V//88s/99v/6d+1/+/8E3/aw7/0X/1L/pRf81//K3/n+//EP/7gDz7/A/6TX/X3/Xl/2X/+r1/e/5V/3Z989Ov9Ef/df/bX/Pgv/Be//4/d/+1+n7/h8F9a/1lv3/3gv/57/4T25e+49+5v+Zf/9u/8Kf/z37b9t/0T/8ff/sf+YZPp9V/20//8b3G2+5/+4nu/2x9V/rN/yR/w8Lf9v/+iP+3ol//F/94fP/4Ff/EfsZj/9//md3+f7/xBr37J27/ub/7WH/kP/4vf+qtPf9fPf/9f8G/8Zv/OUf3LDv7bndO/4u9erv7+X2/x/N//Df+KP7n5M/6IX/iHffSdf/of/sHf+EVd/+/f+33+q//0j/zPf0H2S68nf//v+pf/+7/GP/z98ex3/EuX3/1vfoff6cd+YufwT/k7fvHf/uX+H/hrrn7wX/3N8/O/8f/+a/6zv+v1V3/3P/OL//Rf9Wvu/x1/0b/6f3z6u/9MfvHH/Vn/7d/w5s89+mr3N/zP/8h/4S/5K//97/yy3+Wv/Wf+0t3jv/93vfqH/7pf8if/kn/8Nz34rf733++/mf37//vu7h/5y/6rv/lX/dT/+IP/8Hf8u37ZT/zmf/3R5+Wv/N8e/1Hv/uBfu/4fv/cX/H4/+C/e/Zp/+dV/8I/8L/NH/9fio9/2Pxz/SX/+l7/BL/5l/9HiX/r1/ozf5G/7nX/17/Bb/tgf9v386nt/9l/0/Pf9z5dv/rP/9W+4/lt/2fKn/+8fPP2n/p1/56/8Lf+C753du/N//Zt/6W/4r/y9n/+1//nf91f9acl/tf27/OW/+B/4/dKdP3X6m/923/oTrv+I//oP/R/q3+HF//b3/8I/7B/+l36PX/Tdv/Kv+vf/nG//Hv/GP/9f/cJ3b3/Z9/7MP+dX1dv/xW/++T/6K/7Grz77x//iv+u/nK7+zO/8Pn/0X/6H/I9/1D/3j/zx/9KzZ3/UP/Sv/Q5/5z/x2xZ/+D/+nd//H5id/rlf/S9/39/35+e/Knv1W/zFv87v/J//q3/6H/E//jp/9b/06nfd+W1+wb/0V/4b//Hh7//qL/ilJwf/9Z9VPr3z0f6/+uzO9/7oX/ujf+HFP/4bvPwH/tL1X/A3X/75s1/1m2//N3/PP//7Lv/mv/g//rt/5V/0l3/+VxV/4VfLe//J4lf+F//pb3Lvt/xn/84/o/y3/+1/9W/+z37wN/0Lv+vrP+Pf++3+1z/s1R/8G/wx/9Bf9L1/6H/5nX7VLz79l3/n0/Iv/QfWf8d//Y//L3/H9PHO1Z9/9Jf9b3/3r/pD/9D/4tkf94ff+z3+z2//79u/5e+y+y/8Yb/9P/OX5kfb/8wvnf6S3/B7/9lv8p//LVf/4m+y+/rf/pVf/Zf/8l/zT2//Wed/25/2e/1Of9w/+B/9daOTv//qF/wXf/6/+vJX/k7/7X/7L/2p/+jf+O/+gn+z+Sd+9/0f/8X/65P/6Dd59vv/4tHxR//7n/Sf/DWP/95v/6enf/s/MP6N/8hf/D//j0d/41979Jv90//d3/Z7/J9/xT/0j/66f+hP/KPl//h7/Am/8x82/av+qHu//X/1D/zBf8p1/bf/t3/YL//9f43/5d+//Ev/mn/lL/5b/8b/4r/5O//e/+y3+g+/nTz6C7748i84ffAb/qp/98/+7//FP+vHfte/5X9v/sXD3+Z7f0H15/2SP/SP/v0f/NKXv/8v/d/+lH/3r3p3/Xf/H7/7X/K3/yd/xvpX/O1/8eP/4Xf/Q8/+wD/xt/9jru79Dn/4P/5rnP/V/90/+Wv+1x999Nf/5b/LH/nn/INv/oJ/+Df+vf/7X/Un/Ct/UfGPLf7b3+v3uPwLFxd/2J/+n/3ip6PRP/g3/IW//K/86W//rsn//TO/5h/wM/vT093LP+Xf+e/+pT/jJ/6cv+Cf+LP/jb/2J/74h3/RP/38Hxk9+N//vWd/4V//B/7xf/bh/zT+z2efzv71X/hPfHbwt/2V736rf/gv+Aef/Imf//Gf/+o/+q/6yT/k3/mT//zVd6b/x//69rM//Y988aum/+H/+TPVb3X8P/69/+C/cfTP/Pd/++vf63f4me/90j/gn976Ff/RP/7H/bP/19/9C/+Pv/gP+Pg/ePs7/hl/52/yhnT5f3T1i9I/7Pf5nf7Dv+rZb/ob/XZ//uVv+pf9s5d/6T/6h71Nf+m/89f8X79m/vf+Gf/83/6L/vb/9Hc8/+U//p3f/q979K/9Dn/jf/16/df8t//Nn3rxk3/BP/0n/lW/2Wd/7X9w54u/79f4vX/r/+QX/NLf8be+t/xf/4yf+rf2f59/96/7b//Cf+sv/bN+7z/wr/4n/pu/5R/+L36rP/P3/tN+8Kf8X7s//e6XfvLr/hf19/7Jf+D3/lcf/43z/+rNX/pr/sl/8+/0L45//F/9b/+C//jh3/37/WffrX/f3/PfKz75Zfn3f9Wv9Qf92n/+v/1b/eLfvpic/Tsv/u+D3+1u89v+5C89/1f+t9/41V998Pv84as/6b/6a2bf+b//lqv/9k94lv/Y57/hT/5m9a9Y/8e/7OV6//uX/8DvfXX1z/+t5Ytf69e9/LvGf89vcfEH/+nf+z//zj/1j/wN7/yKvd/tf5ks/49Hb5//C9//V//T//Z//jt+7C+s/9uTf+ffy/+k3+I7/9Grv+1f/01/yX/6f/1af8rjP/G//gee/53/2//wD/7k3/5v/eYHv/nf8hN/4W/5W/15/8rfvv7Xf6//4b+5/Iu+lfx6f8JP/XR+MfutPvkvfrN/6+/7u/7bv/Zf/O//rr/hD377f/3Xv/n/8Cf9La/m5//Z//DT/9xv/j//C3u/6vf+S3/6n5/917u/5I/70/J/48/6Qz//z9L9v+YPv/7V/9Vv/Mf/R7/yb/j7f5uHv+zzX/2t3/hPv/xNF7/sb/4l/9af/pv+If/Wbz86+Ff+wv/47//nfuunv80v+cN+j+1/7G/7L6s/4N737v4LP/H2x//v/+JP/Z3v3vvyV370j/zKX/Sf/93/zt/61//315//+f/uT/3Hf9FHv+J3ffKPX/3XP/5//n4//mdnf/w/ef7tf/f/+K3/ze/9hX/mH/zr/HP//m/29/9v/8OP/7d/9F/wj/0f/9Ln/8dP/OK/6/Qv/Uv+/D/t76z+tb2/4tXf9gv+xT/ir/1781efPXzyv/2Vf/Vf9g+vq6v/7fHf/re9+Ff/jf/6Nzz7Z//UB//R7/DwF/3Wf81/+tf91//d1i/5Gz/7K/6kH/yJv/hv+B3/iuvPfvzTP+l/yX7pv/Pv/lW/4/P/+i8vvvWbJw9f/fjrv/dX/G97f8y/8tf8x7/u7/hv/lF/+O/0e/2Wv8nf/7uc/KN/35/xv/zNv9Wb4ze/+z89+hP/0T/4f/tr/pt/5s2f/1+k3/lNnj780//c/+Gf+j9/vcvXv/jz3/R3/e1/6z/i3/6j/7xf/e9+8j/9JX/09/7e73/+T/5bT54tHlZ/639Z/ZP/+f/6m/x7f/sfNX/xS/+Mn3rwF/11v0n2B/7kP/cH/9F/2r0//rt/4D/2h/0Zy3/11e/4+q/823/Hv+v3OLr3a/zG2fQHP/Nr/m9bx19+53f6C8uPr/78v+j3vf/r/hn1r/7v/7C/4lt/6+9b/sF/05/xV/9Of+aj4h+483v+Vn/P3/sP/rd/3q/93d9w8j//1N/0D/82v/fv8Pv+lb/h73H2L/wtzctf1b77E37yt/39f/C9v+Of+HX+6Tt/9p/4u/2he3/5H/OP/P6/9e/+J//9v96f9ef/u2//9Nd/4c9862Lrl/6+B//K7/iX/sS/9m//Zf/hX/5f/K+/9O9al3/89C/5b/+Bv+0X/dmvf5uj/+xP/9v/uG+f/cp/93/87N/4vX/s//yf8j/kP07+st87/zvP/6Lq7/k77/3tf9XrH/81Pv7yd/2ryv/yj/x7fsni39z+8b/my3/1H/rp8jf4rZ7/ob/l3/K7/Lm/05/1yT9y9Wf9s7/w+y9e/Dn/4s7v8Usu/umf+tce/Z2/6xf/y6/6J/6U5vv53/ZP/6qD0//y//wb/tv/5bf5T36fn/pT/s0fu7z65H/7Rw/2f4+/7x/95Q9e/tTRL/v+f/8nff93+mP/yX/ix/7u//sv/U3+0v/h9/xP/uD//pf9Z9/+557/dX/Uuz/i6i+pftdff+fX/Y//hHd/xfiL//TX+Dv/k3++fPR7/CO/2T80yX6nz7/92/ybf9hvU/wJf9wf+kv/5D/i7/nf/6K/5Qf/2PfGv+zj8YO/7K/+Df+s//w33v+f/tLiN/pF/+Dpr/y3/6LTX1X/s3/ID948ufr4z/yt/tA/7/7H/8Kjf/6/+h+++6f+zp/+V1fn7V/75M/+TT77O//Zv+UHf9Gv/6f88v/td/hjfs+/9/7f9uDP/+f+mxd/zFe/wx/2Z/1hp//mH/73X/7Lv/jNf/v7/mO/00//QX90sf+//C9/8p2rv+xf/w9+5T/+Gz/6o37ld//Uf/Dgq63dd//w3/3Tf/KXv8m/8Rv8d3/vL/kb/77/7V+b/xe/avUP/c2/+h/9bf7pP+jX+7XOPppMk9/nd/2b/qV/8lf8N//kX/2brP+Sf/ryX/wHfvwv+6sO/+uD6y/Lren97/2F04//jl/6e/zff8rd//rt6s/c+x//h1/1L/wT079n+1/+T37NH/sd/61fa/vv/ds//41/7b/89zt/9uLor/+vit/k3/vD/6tfNr/4hX/kP332t/zY//Rbnv7bF/9C9Vt+9Zdf/yv/zvkf/6f/4n/k+G+//4v/ot/0X/nz/um/8Q/55//TX/Xr/4+vk3f/4J/419Y/+F/+h3/1l/83f8+/de+v/nP/sL/6d/hV/8a/9N/nv+e/8tf/zr9y6w/8G7/z2/2vv9dfnv2i3/Zvv5r8x3/d7/Kv/BV/18vf5a/+g/7U//4P+O1+y3/4f3j12/x+/9L/lPyKf+LNb/eHTf6Kv/3f+U9+wX/1J/2SP/zhv/iXP9v7vX7vP/kP+LN+m9/ix/6nn/jeb/X7/Irf+k/+Ax/+qwf/1F/z2/1bn/6dv91vsPf6z/kvf6/93/I3/vJf/71+o2f/6v/+t/2t//Lhj/0Hv9/vvP3Vn7b9p/9nv9On3//09B/4Xf7av+O/fff4J//nH/sX7v7j9Ref/O7/wh+wt1j/mZe/3T9y8Vv+feW7f/IvPPwf/qmjv/7Vv/Q3/gejw3/yPz378u/7BX/5/OLuL/00/XV/0a/8g//8j/73f+4/+I3/1f/9+i/96Z2Df+3OL/mj/6qrk6v1n/vXpP/Tr/Wb/V7/yHd/wdW93+a//eJv/81//7/x/K/4vRbrf/OP/kt/44c/84+9rH/hX/Hn/YK/+B/9yfr/uP5d/4Pf6xf+t3/BX/KX/db/5j/zGz/7B//Z//Hf2/t1/8d/8e/41X/vL/7bv/3vPt5Z/W2//l/zj/1jf+1/8O//yX/e9z767//F/I/85f/K9p/8D/2Hh1/8rvXf+Wv+Tdf/48O/8p/4jf+ZX+t//C93/tPf+sl/WS7+2x9/+mf94f/E//a//m9/0J/0Rzf/wh//z/1z/83f+J/+6y9+r3/l9Z3f7L/8id/j/3zzS+t/6Tf83f72J//Wv/n3/su/Kv3T/8bsO9Xv+hPj4tf7/Y/+27/99/6HV0/nf8Nf/S/+LX/j6J8s/539X/kTv+if+yv/g4v/69e8Pyu/9Uf9D3/vr/17/Qa/7//4N3z2+/15f8cva//G3/zi//7NfvzPPfj7P/mb/rpv/ab/6O/yZ/2T/8zz7/4Xv9Fv88//Rv/gbzn6d/7Gf/tP/ivf/IG/03/96/1Ff/2/cfWb/nPNo+/84M/6l3/VH3//8fi3/n3+zz/9n/vfj37p5E/6d77zP/6K/+bf/cf/4D/4X/pt9n6H7+/85ln+J/z5P/7r/LLrP+LP/tv/6j/37/tXf4s/4slv/qf807/3/d/l4vT3/p/+ojd/y7/xe+/94X/79367v/dv/U9/3f/m9/rkv9/57/6zv/W/+sP+l9+q/tPb/G/77Lf+/Fv1X/T0b/6v/+mnf/FP/C+/8j/4lf/1H/Pyb/sz/uN//E+/+7v8If/1H/cz/+b/+umf8hv+x4f/xy//w07/xf3V7u//yV/wn/8d279o8c/80t/x7u+0bH7vk7/n8+Xqr/jl//6/+Vv8tb/8F//S6ce/45/7T/8Xv9bv+V/+l3/yX/nFjxe/9Nf8DT79Z3+nf/i//ct+rcP/4B+8e/GH/tq/xU/9Vf/+X/79J9/6T/+zf/8Hf8Rv9ns8+2v/8n//j3r3j/2bR7/51h/yV/9f/8ev9R/9fZP13/pTv+fvvv0f/an/1N/83/7v3/8lf+fuaT77Lf7I5fF++gv+11/4D/8d//D5T/6tv/yTv/vNn/77/1P/5a/1W//KP/2zvS/++3/5H/5z/+L/6fDP/oeP/52/5k87+WP/u3/yv5v+yX/X3/aX/7p/1if/ydNf8Gv9aX/t//Uzi4f/yW9T/xd/+//xl6Z/+F/0Z/3Wf8Rv/f2/5Pmnv/Z/cu8//Kn7/9zf/+v/4Ld49Vfkv9E//V//htd/zn/yG/zMH/7b/dP/2L/8e/8m3/nb/rv/8q//T/6w/639y/+2X/3P7P8bv+X1H/nP/m6/4PfO/pg/7G//S7+39/rfHv8B/8uf+Rv9ev/oQbMolv/Rb/Rjf+SjP/n4i//24b//9/7dv89/P/0LfuIf+7N+k3/5f0x+39/wb/n9/8v//a/b+XX/7v+p3f6lf/Xv9Gv/pX/8H/Gn/Xl/wO/+gz/npz/5l/+cv/xX/lF//+/xe05/5l/4h/6A3/vo9/2zfpe/9eq/e/0n/6d/zU9+/+85WP6Rf/3LO7/wb/rL/6h/8Z97OZv+sV/96at/8F/98f/jj/6xP/VPffPo3eLf/e3+mF/6D7Tf+vu++wv+/N/hbn339/2fXv/Cn/z9/oD/7pe9+Y//yX/39C/5vb/88R/8z7/qF/9vv+Pv0v6B/2N58u2/7u2/+af/I//Bj//7/9O/+Xv8g7/kf73zR/2Vy7/95e/x6/0e/97hxw/vff7jl//df//33/8d/5iPf5vz37f+A36LZ//CL/4X/+Rf/Vtf/J1/5T86/+v+/rer9Bf9hSev/uQvf/Jf/7P+h3/x7/3D/vu/8A/6Qy7+1PJP/s//2r/2v/zzfuLf/Z1+5z/mN//x89/tT/4j/sZ/5i//i/7EX/rn/bm/66/6j3+j32f/z/r8o3939Ov+wm/9w6d/1PPf53/6T/f+o382+b1/9z8vOfv1/s3v/qI/8487/OP/oBc/8zf8Dn/DT/3Zn/07f/0vefDv/aU/+Ef+4//gn/o7/s9/4Hf59/6sv+Of/J9/4f/wX/x1/8Nv/E//F3fu/Tr/5e/93b/5we/z8Pj641/8C1d/2Yt/8g/N/vQ/ZfIb/W+/xV/74nf677/907/iH/vf//PiH/0Fb/7z3+zX+/3/1F/6p/6e/9N//9/9Bf/D9f/xR/3Zv/v/9Tf87+M//2/+e/+n/+Pf+nN/vX/x9/1D/oHPD/6bB//sb3/+X/9rv8+f+Mdf/DlPf9lvf/ILfqO/5fw//W+//NP+/P/9z/zf/vZ/rPzf/8W/4c/59H++uvszv0n1l/8Fj3/lX/iXUZr+y3s/9Tf8yw+b//jP/SN/nX/py7/kV/xNf8Gv+t+e/ya/w39+9+L5T/6Bv9O/8l/8yt/9z3q7ffSvpv/kH3XxG/8Vv9cv+4vW3/vqL/uT/4Pf5q+9/r/+jP/gN/v9/8U/4eLPvvPf/avtP/NP/7Z/6au//fd+8Bv+3v/Nj/9Hv+0X3/2/t3/mt/2nf43/+8HHv+Uv+ccfXf9NF7/Rv/f68p//fc7/3l/+4k/5t3f/3L/lP3r1h776+7/3Y3d+vX/0r/7NHqd/6b/3z/9g/2//ff+g3/Uv/g//2j/1n/5P/t6/9o/5Xf+kv/97/8jvs/fVq3/+d/yNf5c/8tmf/qvW/+3vt/VnfOtf/V0fV//K//Cf/kt/xd/0D3z5U3/DX/wv/KJ/9d/5V77z7A/9R/6HP/Bv/wv++Is/+o/4F//cn/7jv/Vb/8Z/ffpfXP0mv+3Vpz+5+tv+oX/tL1j+hes/4M/+fX7Jzv/52c4f/Cf8ro9f/2//8etH//1vsfXL/thf9Vt//uv/Q3/wf5r+8R8v/vE/Kvn1f+XoL7z8s/+K7R/7F1b/4fd++d0/efnX/fj11U8c/tZ/zh/+X/2tH/+m/+N3/vqf/JWjv+B//zcO/sTf+k9I/7Lf5T/5D36r3/+v+At+v//5N/wN/t5fMv63/75fOfsP//7//J/8Bf/q93/f/+h69Rv+s//AH/Ar0n/ht/gX/pN/7s/9T//Ff+Hwk38z/3v+oH//v/7kN/uzr37DP/jgL/3fLv7Xz3/bX+Nv/EP3/uVf+7fOfupb3/orf+nv9rv/vf/R7q//3e//+f/Rkz/p//79/tVXf9Gf8zf94n/7P53+Pn/s57/yf/v81/uH/rH/4/f6ib8+e/MTv3H1R/77/9iv8Y//oZ/8cd/7Hav/+Fu/+f1/5q/7t//G/b/9b3vzy//2z/+Gf/kfvP4d/q5/9b+8+Gu+88/+Vb/qf/37rj/7S3b+93/32/9R+xdOf+I/+2OWX/6f/8mf8jcc/03/+3/8D/8X6R//5V/wxyx/q3/wv/zLvvXj//Ov/CP/vfm/9ntN/8sf/y+/919ub/9lz6q/7+///f6r049+8T/65/36H7e/zT/yM7/JL//y7/v+f36x+zf/Hr/57/If/H2/xm/2u/zz/+L+z/zLv/jvLB//Mf/6/b/5f/kffq2dP+U/+eQXvfpv/oM/uT25+6v+o/P//o/e/iP+0t/0j/8Vv+Dv+eL80b9y9+/8C773d/91f8b//qf+hf/aP/dvn//Nz37Lf/DP+DNefXL1u578O//Xn/Nn/uXp93/pn/PlL1j897/BH1/+5dnf9Kf/t+N//8+5+FfzH2//g+//7//Rb/17vnjwh/wxf8vf+b/8+n/iX37nf/iZf+tf+0d+3b+o/Us/+0v+13/31/nPf+nf+p2/+B/+t/7+v/wP+epv+y//0//kx/6Sf/z/+vF/4Rf/+n/OJwfPPvkFv91/8ef8Fv/Gr/vtL37j/+Sn/+4/8zf52/6Xv/JPffpf/2vF97f/nV/0i//aP/X3+unTX/U7/8L/7rf5E/+o3/q3+41+vev6t/sff/1//E/41mf/0O/xy36v3/HP/jf+lj/tH/nnX/+n/9pf9b2PftXP/Ct/2f/xx/3af+aTP/veD77zu538lt/+9/6cT//58lf+Y//cwf/4dz37b/7b//3POvoF26/+7Dt/9qff/tf+mr9q9b2/9s/8bf7F/C/91t/zP/7EL/2H/9rf6m/K5v/ub/lv/pHbf8sv/tV/6/Vf/jf9K//D3/8b/MTfdf3fffsX//qv/sDf+q8++MEf+V8dfPzThxf/4m/7x/87/9Hv9Rs8++nf+A/83X7l26P/+Ozv+Of++v/4l33/6P86+p//4t9+/v1X/8n2LzwY/4ZPX/zfv9Zf9L//p3/8l3/w/C/7B/7s9unf9z99/A/8Bcs/40/5M/+Xn/57/rRf9kf9CW/+i4d/xM/8k7/vn//LHvx6f+2f+/f8Z3/o//7rvvoT9v6X/+wv+85P/M5/zd/5p//YH/YX/Ml/0n/wW/5Xv/tv8Z/X/8rpwe/5Z/8L//2/+ef+D7/wv/3THv3Gv/Cv+sP+nd/nr/mxX/9P+Ke+9Vuc/z7/SPObfevuv/Hf/QX/1C+a/Vn/yu/4C/7O53/hb/T3/5m/35/+Nz7/JX97/Vf+l8t/4J//F/74v+T/asc/Nvo1/9v/6m/7tf6L3/oP+eN/zX/yd//zTv7Nf/7v+JMnf+6v+b/+5v/zb/R//nF/9x/1fPYb/p/JP/Gb/yvvfsnDP6b93f/yP/XP+uX/x+/w8s/+H/7pv+Lf/R/+mqs/9a/6vX7mN/l3/sjk/7j7l/4rf+zFL/z8b/8rH/2F//Yf/wf/D7/0t/+1/snf/G/+s37iX/ot/8u/9A/94/+K6j/9rQ5/4n//T9vf/+6v8Z/9cdnHv/8vL36rv/6P//wf+Ltnj//KV7/Tb3zv+W/9Z//u/85f+dlv93v8Jv/+v7H1h/2zv+VPn16Wv+fn/8LPvPg7Xjz9TdtflvwWf+GfdOdvPPg1/uWtn/ovLn6tn/w9/tr/rP37fuy/+o8//5l/+ff81f/N//1v/MPf/Rf+wT/i8nf56d9z+gv+wt/hL/z2//wn7f0az/+T3/a3+rv/k3/xd/gv/sPf9Rd9eyv7Xf65oyerp//2X/i7//2/15/za/5Fv82fe/3X/ud3//v/6PCXfOsvfv27Ff/7f3D348d/1G/zX777y//XP+u/r3/Fpwd/4y/9X//B3+5//0e2/unfYvT7/eV/+V/8l/8xf1jz69/7p/7J3/7x7/1H/Qf/3b/4G/5Nv+ztX3B49dc8fX69/Ov+1J/805uT3/DP+i8md3+Nx3/Mr3f05/1j/9pv/QeVf8m/8yf9OsVH/+T1n/QL/rLf+zf/k3/Zv3D17/9hf/B/9Ffnf/Rf9Qd+8Xv+4r+ynvy6/8N//5v84G/7u/7e53/nj//1f+JHR3/Gu3/rr/k7/tvXf/izz59c/Xu/zm/z+/2d/+3hP/Yzf99f/tv9W3/PH/dX//hv/6f93ff/4//x//4n/t6//l/5xX9zOf5v//p/4n/67st/75c0/2t1+Zf/Hv9J/dV3/ub/6Ff9y3/iX/q3/SEn//b3/uvf+G/+l//dL/+AX/LX/xGXv/6f8Wf8Kb/Rb/kv/e1/w6/4LU9/3f/mt/7D/oI/9M/6z771C/6Wf/Av/PtOnv/Vf+Vv99//G7/Gb/Dn/El/5frX/Lf+mN/0F/9t/+W/9ct+1Z/+H/0T/+Y/8Mf/mS/+wr/8P/gzfpe/4T/7A//ZP+K//O7/8HDv7z35rf6zP+ZP+8/+tn/vzn/2p2Tf++3+hV/1a/4Wf/T/+pc//xPe/ao3d3b+wF/wt3/3P/yf1w/+jeYf/fj1f/Y//J1/QTP6M3/P5hf8tn/bv/wX/YG//b802v57f42/7o//3t89/1Uvf/tXP/M//MV/yp/yr7U/8QdMf8u/ZOfv+2P/+m/9Fn/0P/W//Rl/7h/zG/x1/91f+l9c/GZ/4Ku9v3z0t/2Pv/wv/jP/iz/41/offovpf/7xP/FXf3n65Xf/9fm/+q/8bdOf/nV/7K/4Hf/E/+7RL/yN/rDH//35X/Gvls/3fvGD/6n8k/7pT05/82n1u/9Bv8vp7/+v/Ed/7R/z9/6vv9v5f/kP7/72/8c/Pfq7/un/89Wv/3ft/jG/49/0a/yLy7P//bf/Lf7pX7Hz8A/8p3/p9T//X/y+v+gP+fXO/75//+/7B/7kvyX54/+Rf7g6P/yP/r13r/+Sn/ip3+3bh3/unznfm1z8C3/3//LnfOvBb/ub/96/7M/5S/+Pz//lR1/97b/wz3j+h/42//X/8Pud/+Lf5+/+O363//ZP/jt/0fSP+7v++9/5l7/8n3+9v2D/r/5z9v/d13/4X/qvfPf0d//3f+3f+H9K/pC/4n/6L+/tnvz5v8t//588/Lv/tX/4N/3ffv3f/O//a/6e33tnWf0ZF8vr+b+Y/bKX/8761/j1/93/7ou/+k//G6p/9O88/q3/lT/43/gPfsVv/Jv+1Pf+9//6T9j/9Hf9/T/+DZ/8hv/GH/P2L/6JP/x3/wt/v6ezz/7av+WXr/7dL/6ef+IP/oNO/75/6s2dv+Wf/SW/8//++Bec/3nf/exf+1X/xf/wBz34K//Y//Mv+bcXP/0//q1/xq/z2/0Txb//T//3h/mf8vf8vf/tH/Gb/c5/1M/88ue/4o/+iT/+b/q/tv6ST84+Kf/+v+jv+zd+8Nv/07/Dn/X9v/38L3v5LPuJX/K//nv/2Ee//O//NWe/3Z//p/yS3/sv+JW/6C/+v35fYu8/47f9h//2//ij32f+R5z/lRf/6+5f+L3f+/H/8hf95O/xM3/Y//aXTX+Xf3H01/5v/+L/8A//1Q9//3n9T/9T3/81ft/s+R9c/x6/1q/3M3/z7/QHfedX/35//39y9jf82r/b9o//hb/dn/Tpf/3b/6X/xt/1O//ef8m/96+ePf+f/+Pf4b/+bf+gP+ujP/ovLXZ/pz/y3/+pf7b60z/6J5qvfof/9d/8r/7W//Df+S3/9f/14d/3O/ytv+8/9nf9qtH0B3/ar3n2+/xX/8mvOPj8Lz35dX+P7/09s+lv8t/9xb/oe3/109X6T//3/713b/+0v/rs+C9Kf9vFH/RL/vG/993/+uv/7R/9t7/02//U7/ov/At/ze/0xX/4d/zfv+Lvaf6pv+e7v/Hv/ev9r3/Tz+z8K//E3/nJo//rV6yf/Ku/5+/46L/5S3+/v+WP/N6fc/7b/ev/0PRX/hG/7v/6r/6317/ydz989ef8nf/rL/yj/sK3T//gX+Pv+Gu/9U//B7/0f5z+rn/A3/Du3/i/fvKf/df+pN/sD/8H/tL/4l998N/+Kc2f/5v+mb/u2//j//zr9n/Dt//w31b94v/iz/h1fvW/8Vf8Bn/T49/me//93/97/MRv9mN/03998Xf/WX/hf/Sn/Z//22/X/Ie/27/2h/16f+o/s/3v/urf+g/6sX/4f/4D/qBX71Z//+/1S//vX/Ur/5Kf/jee/4rf5eVv+Cf+yt/yX/1Nn/063/0N/95/43//P3+Xf+fPvyz+wL+++L/+gj9z8dv9g//af/8//Vv/3L/2b//6v/bv9Vv/V3/Dnzka/xrN37jzd/7l5V/6Bxd//N4f9Jv/Af/Rv/v01/9Xf51//6/6tdsv/9bf7B/52/73f+fR//rv/rJ/ZvTP//P/xJ9y3O4e/WV/+C94+uLkF9+b/ql/1B//Tz569h9+a+t//EXVX/dL/oM/7pP/7nf6fR78c5c/s/hlf8vsv/nr/4XHv8vf/Ot+/Ovv3X/9E7/H//onX/0af+qv9wf8hb/J31zd/yV/0e/wG/52f1/25/w5f9Xv8jv8PX/Rb/kX/1Vbv93v8huP/szzy7/09Z/653z/b/it/u1ns3/+v/3lv+n+H/87/lv/y95fd/CX/dZXP/P7/95Hf+3fcOfP/X3/4vE/8enqZ/7dl7/j7/XR//3RJ3/Sf/rFn/DHj/7L743/zoPfYnz9E7/j53/+/P/8m37r5V/377z8r37Li1f//b/2i3/d/+ZfOvwL/96P8j/nr/j1fudP/or/5c0X/8Kv+qP+gjvpX/3k+S//Pf6jf/7+n/vfj+4v97/6pX9J8Qf/bn/gp6u//zf5HZtf/Cdl/9O3/se/9Pd++W9/9Jed/T3/zF/62//gk4f/4F/7R/8+P/Mrf61/6X/Y+6n/4C//zj//Yz/x1a8e//47f87/8Od/mv/9/+Pf/nt/ev/o7/1P/tPf+jf99//70x//W3/7L3////roN//dk/979eDq1/2Xfs//9M/4nf7gv/vf+iX/zm/28Dz9xX/Yz/xbf9P/vj1p7/8f/+lf9eV3/+hf/6//A/b++1/3D/hnPrt8/nf9R+nVb/Twd/7tnv2lP/47/6LpX/Y3/gl/47/3jyW/efs7/Iq/5A84/oW/xS/9jf+oP6/4W3/13/UP/nN/+/7+X/7P/Rd/2K/3G/zdv9/v/Vte/rb/4c/8fn/LH/2P/5V/wN/8f935337jp7/89/kTLv/8P/o//k++/e2/4P/4o//JH/9rj//HP/NX/6e/6W9y9O63+Z3/xl/1d/wB2X/4l/3Yf/Nv7v3nf/7v9Ff9jr/1n/Xf/dJ/62//D6q/63//6O//i9K/9E/9g//qe7/dn/1n/bm//u/7e/5Wf83v+fv+ZPG//9q/7Xf+g3/sr/qT/pp/7h+sLu/+60/+rJ3f5nf+DcYX/9sf9fDzv3Ly6i/81fUPfv9f40/4d37B3771B/5bL3/x//w//M3/95/2J/7CF83l//h//Jr/+P6PffUTf+tf8t/+Ff/Vx//jp9N/bvdX/KYv//B/+Tu/7l/wN/7d/9Ov+1vk/82fef4Tf/LlX/hvfP/oP/w/f82//O/8A/7qX+/X/rf/w89+5z9w8Te9ev4r/s/L3+o/Of1H/tZ3f9B/+Iv/6n+4ffSvfbH4L//33/zZd/7Bf/T3XP33R//0X/CH/h7ff5Isf8Nv/13Hv0fxX/4Z2W5+vvyxf/cv+Hv/3l/j3/4l//PJL/kt945+1W/5D/xFP/nv/pa/5W/64E/5p3/B//zH/+Z/6J/8dxw/bn+n/+R33/oL/t3ld/7BP/W//Ff/kT/mO8l/8V/+dX/K1Z/49//RP/0n/8+/9n/x5H/5X3+bZ7/ev/DjP/nX/eP//kcfn/7mz/6oJ3/WT/6iZ09+0z/zz2t+1z/w5Lf7vy5+9X/+S/7K/+O/uviNftFf8Xf9lb/xn/H7/qP/3euf+P6/8/nv8hf8Tr/5v/JH/YJf8N/90b/Nb7H17jf7L1/+Mb/kX/pt/oHf8u3v/Nf/O7/0b7g/efvbffw//H2/yR+3/x+P/qZ/7I/4m/+B9JP/86/6X/+0L//u3/13/PbeX/pbf/qdX/nn//f/7L+z/Cv/25/4c37vv+HJF1/8r3u/6C/8637h6z92+w/9fU++W7+7+t/+3v/+78g//guaf+df/Md+n3/q7V/6e/9tf+PP/P3/9l+4+Of+43/sr/vTfu8/7t//Rz/9FZ/u/5bTn3n8D/7tf33x0//Fb/zLf7O/9O/YnvxB/8bs8vj084N7f/Gf9S/+9n9q89W//dd+/Pov+LP+t1/9Y8uvftnH/+O/sPh7/pkvz/+uP370F/zqP/yv+yP/tD/2T/7fv3ee/up//pdd/hd7/+7//r/+s9/5K//zf/3+n/qb/2W/2R/yu/z5v9tHf+tf/D//GY9+s1/r+//Ywe/wt53/ea/+/t/0D/jF/9lf+Kf8/b/qn/ib/sM//c/+qx78t3/b2R/4B/5vO2//tX/y7t/y9736H//mv/fuHze5vP83/xXN7/r9P/B/+m+v/tE/oPk3f831b/M//MJ/7z/54/b/hY/G/3b9E/9o++P/zLf/yb9kNtr7a//x3/UPfvUHL/6UX/n9P+WLf+z3/fKf+I1/35/+XX7RZ0dvLn777/2S32S6+t3+9Uf/7r1//s/9C/7Db/1LB+f/y9/xP89+t3/rb/yr/ow/9r/7U/6P/+W/+xsO/8Gz//jv/Dt+p7b9Z371mx//fSb/+i/4b5/9sZ/943/Hf/Mb/9P/9L/7l774va/+6m/9MX/pv/WH/j3/y2e/4V/3+T/9Zy3v/Xt/0vn/+tf/Nv/j7/l3/GH/2fP/+L/5Lf/Iv+f6B+2Ly3/rj/1nmz/61/zj37zZuvfL/tg/+E/+A37jyz/jP/6Vf8Jv9Be/zvf/6P/yP/tjfpdX/8mf9o//S7/4r/0j/vB/f/If/Ct7ze/5n7/95A+b/12z3+b3/VP+qT/0l/3G/8OP/S4/9bt960/5x/+Jf+J/+t0O/+t/4Nv/zq/38T/7R/51f9/f1/xx//H//Ox3/TL/7Zrf+913/8zq3/pH/o5/6a/5PR7+Zb/Zn/df/LW/yT/+p338H+f/wD/w8s/6y57+7Y//yz/lH/5P/7P/4pdc/Q1/4D/+b/1V3/5zfuonjv/lf+Qf+D1+7z/l9N/7yem7rX/y6I//vf6gX+e3+xv+9/I3OvoD/s30j/17//jv/ga/7//2x/0a8z/h4a/e+cN/m5+4/zf/bv9V9lt8/virP/IP/uc/P3rzp/5xP/3Lv/2v/i3/yR/zJ/4af/nvk/x+f/h/9oN7v+jv+4P+gN/8r9r76//Bf3b14G/5Q/+Nn2ke/e5/yOMvf6OXP/Wn/N6vf/Xf/Nf85L/8q/7h/+APHF9u/3Q++vumd/72v+Qf/u6z/+wP/DW3f89/5R/8a2Z/wp/3vxW/xbM/8R/9Lf6Mn/iP/tj//W/9Lf+z85/+Qw7Wv+g3+ew3ffqL/+Z/4PXF1f6/+Ov9a3/xX/i7/Fp/29/8Dz/+W378X3/4p/0Gv/tf9T//DX/OT1/+3n/QH//b/ms//kf9Fkd/wb82+pnf6zf5a/6if236l/yzf+F/8Nv/9H9zfaf+s8/+haM/7p/efvrk8vj3+b3/8z8w/21/2V/8b/6yP/BX/It/71/yV02+fPHoz/lvfucf/5//tYe/0X/++t88Pf3szb/yJ//Go91n/8pv8jv+nv/qLzn+iR//Ne78Tn/wr/pf/9N/6k9+9Ud+9tWbv/M3+Z1/u+//yf/zf3v9P/y+1f/82//XH/8Tr7588Cf8llv/6mdf/Hd/+b/2b+395f/3r/FX/h7/0q8+G/2Kf+jX/uv/qT/o9Z/47Pd6+zM/8Y99Pvqt/pR/5k/91/f/iB/8O3/m3pvR7h//6G//9u/wv3z01/8h/9f3/8T/5D/4t//nP+vOr/XnP/wFv9kv3/uXf8Wv98/9W6+/+zf9Y3/p/d/5d3j6y37y9/3Xzr53+N/8Wn/67/23JD+df7H3T//S2R/w1xz83W9/8h/8Y//af/Of/cuf/VP/0H/6l/w1f9U/88f8bn/o73n9rYsf+4v/6r/4H/xVf9S/9of89Y//ov/9y1/+f/y+/9b1X/Nr/JXf+6t/p0e/6L/7E/7JL/7eP+rP/69eff7uX/qJ/+R//pN2/pd/7V//m/62n/hvfq8/5X/4z3773/EnfvM/6fQf+vX//d/i1/nddn/hX/l//n5//qO/4i/52/+rv/i/vDr6bvsT/+l/9b989S//5fW//uv90yd/3Off/vgX/vf/6+81+uv+x/2f/l9/i3/q7/h1/thfcvQ3/mn/yvzve/Tv//q/xT/5N/zNf9cf9Yv+9b/qz7z/2/9x/+Sv+qe//B9/yd/++Du//z/64rf+tf663/z//jVenv5Tv/Kv//xf/Wv+63/hx/7rz3+b5G/4qb//N/3OX/LnnLzLfotf9fFfP/t7/4Ns+lvt/FX/2b/3P//SX/oX/B9//T/5b/6Nv+Z/+V/+K3/hb/17/rJ/4m9/+Bv8J3/xv/avfP7FyXee/gU7f8P01/g7/8p/qvzsxe/5G/2BZ3/n3/Pn/Jt/485f9dno8v/83X+r3/o7f9o/9NV/9hv8Fl/9Xh/9KX/T7/Ff/8G/Qf53/E1/4V/6x/6Ff/Xf9At++Ze/5XfWv+edf+mf/xP+ob/tb/6jP/nn/oG/5W/5/MXf8dXv9Rt+6+yv+pP+u2//g//br/4D/uZ//ff76//zf+VvGB2N09mf8Sf88X/0r/vv/D5/+vns0ZM//I/9qb/rT/jio3/sf377q/+m0btf8eSzX//3/qT+1/61f+2v+HP+mEc/+B1+uxd/9X/xm/9Rf+hP/e9/w8tPvvPt//vXmHz5r/4Hf9Ojv/43PfvjX/1nv+Lszf/4e/3hf9yvv/8PJ//a7Nd8fP/l7/SP/oa/4Gemf8rDo//h3n/5b/zV/8t/M/2n/7M3v9V/PW//xj/8ze/z9PIX7Pz6/1Hxd/7q33Tx5/xaP/iZ1a/zv6//kcffP/29/tQ7//M/8ff9nb/i//41fo3tX3X0f/6+67/1H/oV48f3H+18/xee/Xl/0l/yb/ydv+3//Wv8vquH//ev8Zv+4L/5S3/9v/K3/5/bP+3NX/UfffRn/84n/0w5+5c+q3+79Q9OfvN/6B/8NX7f//PLf/Di3/wb23/yt/wHnv09//O3fqtf88/+Tf/XV/t/+3/59o/97f67g49/xW/+T/69v9Gv+O/WP37/7yp+0f7yb/n2b/Eb/HX/wZO/8s2/WJ39g7/7f3bxH/9Wv+G/+xf+1//jP3z8T//O736X3++P/RN+/+Yn/+k/6a/7a/+av+Dtm9/1j/nW7/6n/xvJt16vv/8Tf/xHP/Vv/42/+Hf5V3/xL/kl/+Bf+Xf8Qa//2n/t+pf/21/8Ovt/2z/98s4//Fc9/dt/p1/zt/1f/+3/4fjJ8d/2t/yp/+Iv/wX/zeoH//Nf/Ds9+sGf+gv+w4vf8d9487f/rn/bF69+y7M/5Sz/V3/6D/zxX/sv+1P+odXRX/nv//Qv+vPWf83qv5n8xK/7p/zCH/zRv/Hv9K2X/8o/+jv+Bn/pX/fp7/47/F53/5Tj3+Vf/6P/lT/v3/otfsm/9V/+jW+u/4I//6M/+zf6p//Xf+1v/vuf/qP/6G/27Hco/o3/7M/+Hf+E3+zuf/nH/t+/xt/4P37+2/03f8Sf/l/9nn/pP/F3/XG/11dX2fnT5W/8z/9pf8qv+4//bf/Tr/+v/5J/+Y8/+29/ycH8rzr/n/+hf+B3/Bt/w9/h1/zLf4Pf9hf+H3/E3/QP/urf5Zf+fr/2Z7/46PvX2Z/3T37y1/0Jf9I/+Vf9Xnf+1sO9//3f+hv+5L/6D/rx//Mf/LX/g//tN/tB+av+xPGf86f8UbP/4Xf+3X+r+bO/9b/5LV/8ncn/9E/+la//4sl/8Hf8Tn/Nn//jf+o//o++/M3/9V/rv/jb/6n/+vf/E/7p/+Rv/u1+8O/8w599dPJ73f3D/rL69zz95Mkfcv+v/D/nf8XffPrPfvSnvP5jf8mv/3f88t/i3cVfufvk1z/9HX9w8df8socP/ohv/TV/3N/yb/6z+3/LP/M//K7f+ad+11/ye53+mr/uP/hH/Edbn/81f8nLX3L+f/0l/+QfvvUX/Rpn/80f85v8pV99tvp3/vU3/9pXf+Xud3/d7cvfdf/gV/9Zf9if+Hf9tf/J/zL66jf/ie/sv/rv/5v01/jL/sSzvf/lv/8/f8nf/Sf+fn/D29/vd87/vV/8T67+h9eP63/9n/+dfot/6rf6J/+z//n4y1/n4nn7r/3Xv8sf83uk/8ff9Nv8g7/2v/87/jN/5N/43b/uf/tnDv7T73zn2//W3/k/fP7lb/V7/s7rr17973/f3/Jv/R1/+2/0b/xuv/8f9Ev+tv/r++Wrv/Qv/nX/3d/0ZPSb/8Qf/dMf/xG/8A/5B4r/7G/7Lf+zX/cv+EvevX75t/9OT/7rf/K3+M3/yb//d/gv//r/5rf+y3/T7/x9i7a++983v9t/sv/7/1YX3/u7H/3td3+bf+nv/I9+yZf/5f/8P/xt/+L3/rVHPzX9r/+Dw+vvff/kt/hJ8m3+i//8T/z1X//qv/jX/ht/p7/gL/jxX+ftr/izf8fv/7O/92/8yS//DX/p73X/H/gr/4M/+r9tP5v8Vb/il/yB/+4v2f6/frf/+9c4/h9P/tm//pf/m49+wY+9+jVf/TNf/hp/1X/0C/7Av/Wf/Hsv/sbr9l9Pf50/4/Lv+da/t/V//dv/4L/2J/5Tv83//vv9Y7/67/y3Hv2bX/yNf8Pf/mc9+41+0Z1f8Z1/tv5jf/Fv89v+R//Uf/QH/nWf/Q9/9n/z1/3gV/zG9z+594ftPd7/F/7pT36tf+hv+4fqP/PTf+Mf/hPT1Wf/w9/23/zd/8ff80v+hN/gX3v8l3z0j3/3f/2LL97+lv/wb/sLf+U/+Ct+5X/z3b/xzZ/wN3373/61P/pLfveP/7T//c/4Xa++/Vv9W9cf/65fff6v/on/9P/xi/+lX/tf/eu/+ye++lN+l7/jT/iJ7e/8sz/+5/5zT/6aO8vf86tf597nv8MfUt6tfumP/4t/7Z/w2YPf60/7K/7Sf/AP++Rv/9v+5tPv/db/+x/1D/8av+Fv87//6r/pb/z9/op3v/yP+xv/6Tf/xptvZ7/Ww99p/mfU/9mf/tv82v/EH/bn/npf/U1/09/0C/77v+CzN3/VL/+v//KP/vLxn1zs/fm/5z/zv/9lv+K3+AP/tn/4j/g7fo3/6/P/8t//o3+N9cu/5O+796/8i7/9r/sH/YK9P/QP+XJ7+e57f+I//vf/Lc1f8Of/ld/5Z86/+vyX/3v//u/5n/ybf9en/9n/+Qf+o//Bn/gL/v5/7c/6PZo//uTVn/IvXv4nO3frxS/+A//Ef/A3+z3Gf/+/+kt+v1eHf1b25J/+33/tf++nzn/9/+av+jWP9n/R//V3P/7Fv+I3/U3+/t/v7/nL279i/pf9NX/K1n/zrd87mf/lf8Dv/M/+Wss/+U+9fPz7k6b8wa/8e6Z/42/5n/8rX9bL3/1v++U/8S/8Nr/O7/Ct8yf/8N/+W+Z/+R/1h/5z/8vv8lf/H7/43/qdl3/bf/2bf7H/t+/9Uf/Sb/dX/0t/+LcO/oT9X/AX/1bf/bvGv8fv9vv+h//+P/Uv/n5/47/4l5+Ovvjqd/uJ//1P+Q1+79/yL/u9v/3mt/irf9Gv+P3/mz/w6N/9bPn3f/ZP/je/6D/5w367f/jo9/n1/7LHf+Yv/8d+xz/k93z8p/5vv+BX/rL/9j/4+7948pv96X/s8b+x/Jnpd/7M3+Ov+l3/wf/qt/m//pD/6//8X3/Ff/PL/+ff69f+e3+9P+nf/gP/lj/z01//vzr7B3/1f/w/fvVX/tR//a/8N7/GV3/7H/5//xr/1n/wT/xfv+Lf+N//k/Xv/ef+u/9t9n/98rP/9D/4v/6Dv/0fW/8Wx9k/9K/9m//7/1n9iv/sF/9b/+2/f/xn3Dn6Y/76y//jd/kbf/Vv+H/++r8TFNAvffM3/n7/7W/3T/xtf8Zv9A/9Lv/U//7L/vn/+9f4i/6jX/0v/x5/69+4Pnqc72/9g3/nX/c3/m7/4KM/8VdU/9Mv+D9/31/xN/6tf+Uf851v/2l/9O92+vLXrP6i3+G3+N+rP/CvuvidftN/6hf8in/yr/+Zv2f6N/zZP3WW/mG7e2d/w+f/6evf9F/9nSb/4V/15/7gt/2vPvsf/8jv/TeT3/qffP3v/T1/zF/62138ij9896/5C39Z9g9u/4t/9T/42/5f/8D/evqDf/Of/Yt+r+v/8t/81h///L//wW/3X3zrX/4j/87/8J//nf+tZ7/Gr/uH/06jz57+n4vpf/+P/Xp/yZ//ez/49reK87+hGf2vP/i9/6Q/eP2v/k5/yf/xj/wxf8e/+uv8nr/37/37/4m/OL346/+bf/7R9V/6V/zg7/mj3/77/1j7Jz/56I9If60/8fWv8a/+Nn/7Pzb/+37Tv/h//dffTf/6/+hX/AV/5u/y+at//eU//nv+5J/x6n/+b+/+x3/CX/HfFv/t7/Zn/4Pr//qv/lW/0+/yE//R7/8f/Lcv/vbf9zf58/7r3+73/KNPv/iN/+I/7t3f9o/8nf/LH/b3/fS/+Nelv+4f+buOfpv/8L/78h9cv/rpg/ajxb93//tP/v7zn3z5B/2a8z/o1/7Hf63/+9f4c4//sn/3n/ln//c/6zf9r379//Lf/7F//PH//i/9qj/ul985/p1+s39k/9f8nb71x/wzP/Zr/MnZX/7H/Am/1d/8v/+H/+4Pfpq0e/On/N3b88eLT771p/zm61/3d3l5/7fMf+0v/rvf9N/8b/+HX/5X/pk/9a3f9Ozv/s//qr/6z/uHv/jxv+/f/OQnfu/f6u/+I/7vX+Pb//Uf9Pf8fX/YL/n2L/8r/83/4K/6A4/+mp/889/94X/ZH/ev/Mu/+5/3Nxf/xe+2+6//8umP/82/+7/9D378v/zSv+C/+41//a/+m/pf+W0fPE4ffPrbXHz0b/xOzf/9a/zW/+t/+OU6/cv2/9v/5l/6y/7r//1PXv12//Z3//d/7y/8pf/H3/Mf/ud/wt/7netf+K/9Q7/ZH/T7/NI/4+P/9hf/n/t/4z+4/kv/hL/433jy9/wZ+7/rX/bj3/49fv+/8Xf7c3/Jb/Mf/K+P/qX/65dkP/2d59d/wnf+2Ld/0i/9t37xnzFZ/JXf+Q3/jMtf+H//Gv/9j/+3/+P1L/8nf7+/8W98+ev80dsn7/7J/+rvvvzb/5G7Dx78zf/53//f/SZ/5+/39/wN/+zp2Yt/4ce+PfkT/sv/6vtkV37tP7P6h37lf5/+Z//7r/ib/sDq29/66/7109lv+lv9K8n17/wP/9hv/c/+47/5p7/53/o3/65/+Se/4m/6j37x337nH/3r/69fcvVb/HV3f6e/8b/5M77YffKH/Tf/8x/x6S//g36Pn/hdfv//+n/81//bp+3/8Dd/5/f9QflH/iH/5t/7d//9f9tf8yf+5f/U//Gr/6f/9N/8e/7vf+U//Dv+sl/7t/pjnv2Nv9fO7/T7/gXvfp3/8+gv+GcefC//Cxd//x//h5/99Y/+vvq3/rv+6Lcvfudf//f5tz7+9//ck3ryH/1lf8If8vfPP5n+RT/zp53tf/L7/06v/vbPft8/7Z/9A3+3Tz76tf/F/+b//jV+l+zw2Z/wyy7+nn83+b/+sp/+J//Xr/7Bf/pf/uW/8Pf6jf+Zf6X9wb9x+n/+6b/zb/UP/J3/3P/4G/+9f98v2v+zR//A7/D3Vhc/Xez823/c84M/+Lf4Ve0/97f8beU/dfYH/2d/9h/41f/2a/yC3+Ef+iP/zP/hl/97/+7v86/91n/GH/Z//xpHf/lfsPx3/rN/7/LPXv4h//p/9OQf+t+nn31V/bJf+7/9jf6Cf+N//Of/ye//sf/sv/rf/zu/79/2p/3qP3F59of/FX/BH/9Xfev//jX+yN/zL/5r/4S//C/7636ts39q979e/To//eQ//Lf/z//2d/y9/pW/+n/79v/1B7S/87/1+/zK3/hP+fHdv+GvP/k9/uXf7Tf9n9qP/49f8Q//S5f/4z9890/4+//mv+C3/rvLP+Ff/mv+0X/y93/97Mf/hMd/+YN/94s/6s/+X+4+/uKr3/nxn/jsW7/m937rP/0Pyv7FXyv93f+cf/13+kX/1e/66/+Rxd//T//09/62v/m/+h3/ry9+8f/wZ/xG//ev8Uuyq9/ke7/L2d++9+c++8H/8W+c7P7Jf8Lj0/1/7Tt3fuo7/82f83f+1Opfnv77/8bv87vVv8Xv+gf8GqNf8u/8y//23/6PP/iz/sn/4tGX/8DvVtR/wx+Z/B7/6Mk/+df8I//8f/k/Hdz9s/YW33n8Fzz48d//j/vv/plH/97+wf/+5/xer/7o+h95fP7sL3v1p37xxa87+xXpP/nJb/VH/fs/lv5mv+Q/+N3mF7/mP/A7/PK/ffzf/w2X/+Wrd3f/97/vf9//B/+nv+g3+V/+m9/nwW/67Vdf/IX/zJ//r3/5t/0vv+j8TvqX/MlF9sf8EX/Jn/nP/j6/+/rV6+SP+dbob/tfXv1ev9vFP/4ri9/t8n/58V/j7e92/0/6e375L/ib/u5f8y9If/EPfpvf48/88p/68y6++3//GuNf+k//BX/kr/sL/5vyXzn/O3/yP/qH83nzm333H/2b619+/+/6q3/6b97/5W/Wf+yf/U/9m8d/4l/7p/zhX/0pf/JP/en/+PM/6T/4PX78n3pS/I3f/hv/yh+795v/G//gn//xL/v07337K3/f7/2VP/a3/2b//X//p/4D//Xf+R9860+s3rz4u/+7f+HXe/6v7/zFf+lffPnr/Q6jP+Rf/V2f/6H/9b/8O/z7P/G3N//9v/vsj/k3rn/bf+Dky/t/5f/26OEf89v/yk9e/o7/6l+7/auK/+UPbX/lL/0f/q3f+d98crj3D/6af9f/8v0/9W+/98/8yae/8U//57/od/wbf9c/9B9a/Mxy51979B/tHv5ev/Pv9lv8a2dnX/zKe1/9qunv8/Fv9Df+dyf/7M/863/f4ru/xf/137/L/rT7v+73T781/6W/+9H3f4P/9ft/xn/wO17/Rv/g7/Lv/l//4slv86v+g7/3r/xd/+b/9auj/+4f/k9/0b//yd/94Bd88jf9nX/cw8Uv+/z4z/lDp4v/7s/4T377P2/96b0fe/xv/9Qf9cumq08f/U6zl//bX1383n/Q//Sv7f1bV//iP/jkz/yr/8Df6p/+5Hf87r/5F/+h53/7//G7/ar2N/0L/v2//B/8s3/h7/LX/di/+qv+wL/2v/zXP734RX/+2b/2/T/7T//v/vy/++RP++8/+9f/sH/vX1k+b//5P+4v/7d+x9/iz/lbf9H03/3x098i+6v/m//lt//3/orf5Xf8Pf/nzx//7n/1r/j2ePbH/Qf/03/29/5Rv/hf/9v/9r/9T9n5m//I3/1P/4Me/RNbP/W3//i/8Off/d5v8Sf/U+PPSRr/1H/2X/1Lf8f/5fUf8DN/yF/yH/75X/16/9V/8Ku+/fo/+y9f/Us/84f/e3/yr/gHfvP/avXHfu+rP+ivKP/+o5f/yr/43d/nT/5r/rI/ppz95m/+zX/+x3+H4i/743+nZ8kf8peMz/+BP/PX+wf/599//DfOFn/JX/27Tf/P3+/vf/gHjv+Hv+pv/Id+5dV3/9ff73/6K3/zxfHf++Dt5H999J9v7f3r1cF/8x/8k3/pn/np//L57/3Ld776x0e/1d/+S8/+suPfafl//Cl/8Xf+/L/jd/7Nv/+3/ZV/32/5f/1+f+ry3/yr//c7v8F/93//Gn/Mf/UX/q9/46/8vf633yX/T/7qy2fNL/rj/sLLy1/ru//ZL/7173319H/7536nf/e/+BN/+l/4H7/8g3/r+7/if/vs7//j/9E/9Nc6ff1r//Nf/Pb5oz/61T9z9mu9u/y7Ppq+ePz2T/hrf4vf95+9+vX+wt/jV/yg/Xf/5z/17v/15/7Sn/yVv0s++0W/44//tn/rf/P3nPySi//l+nf+G//2v+X3/uv+/qP/8q/6qX/hb/p3/uX/7O9c/ke/xcV/80lx599++5/8Vr/p53/in/2n/XV/0t/6603/ir/77/xj/vf2t/sjtv6Ev/CX/+O/we/xL/4XPzj4936jX/Zb/e2//q/4yz75a/+7V3d+3x/8kj//9/zr/t1f/Zv+5n/P//5X/IWf/QV/4u/yJ/y3o+8/++mf+Rv+k3/m6f/9a/xjP/W3/nZ/1h/z3/0b9U//nX/K7/M7/6L//vGv/O6nf/Kf+B/9ifmnf+4f/p/+u//9v/yb/+//4283/b/+zPv/y6/4Ve33t//o9X/w0Zf/3Y9ffvV//xrPf42/8n/5Vf/X93+3q3/ylxX/1V//d/9h/2z5N/zJf+nf+M9Wf81v/K//O7/Pb/RX/G9/9R+9+tWHl4vy3yh+uvj0r/sN/qft3+8nH/9h7/699l968eT+Z232ptj+q//8/+Rf+W/+13/mt/s1/5l/+q/6v3+Nv/+7f+kn3/7T/8a/5O/58b95+hf/6vb1XzP7H+7+mb/zf/tvX/97/1f+19759P/47f+av+VfP/jvfpOr3/n0J/7Xf+B3+MP/kD/kL/vbX/4Zv+ef+Pv9d3/db/dv/8vlv/k7/fa/7z/6O//j/969v+zv+X0Wf8a9//WP+N3+j7/vf3+9/Kt/jT//d/sT/p6/fHTwP6W/5v/1m/zRv89f9U//53/tT/8t/8pP/Od/bf2v/Ov/zP/yb/xv/9jf/uwv+YV/4tmf8hcdPv5T/7I/6rf7vf7a/2b8G/+f/+E/8i//5b/0L/1d/szv/Mn//X/1e/+7f+Af+Tc8++w/fv1Z+bf837/Gb/sH/dO/9bOT3/2jf3r3r9v98X/nL/kb/obXW3/OyfXvef53f/wT//sve/vX/mH//f/8a352/973foe3f8Qf/eVf+Kv+9//xd/yj/71f8S9uL+/+ll/9fr/Fn/ubP/ynv/vs1/nyt7na2/m9L36P5q/9p3/B55+8m65+uz/+d/sP/qG/cPmnj37dn/qz/+9f44/9r3+zf/Bv/Tsno8U//Kf+57////qD3+IX/c3/61/zn/306qs/O/l3yj/s9/mpv+7p/v/+xY/9Ua/Gf+df8Avn/8nf8+ZP/GUP/p4/7Cen/9sv+Ff+6Xz5F33nN/7t/rP/+9f4a/7+3/7fbn69/+LV0z/nf/89fqM/4Hef/lW/6hf8O//pv/Rf/qX/4L/5e/xGn/4Z/+W//e/+lb/kf/jn//nv/nH/VH65+P3+vb/or/wjf8df7/S/+mVf/Cl/5Vmz8/eXf9Nf90/84Aff/Yv/xCc/9Rv8y//lr/vH/o1/x5/xP//HP/E7/Ebf/Ut+r3/8t/1b3/11P1385//X79T+y3/3o3/3pxd/zj//r/y91e/wrxd/153/9X/49b7z6H8r/tvJT33xd/4Jf+TvcvLrfXrno//zL370r/7657/RP/kTky9+1f/6v3z5/ZQw+wf/4//64R9y//72n/DH/4tP1vWrf+Tf/UP+/j/nwV/5V/8xv2Tyu/1Z//yf/u6P++k/6b/91h+8lf2Zz3/PP+I3/Ov+9y/+qPHf96f91F/4+/25sz/+7/3x/+3v+e0O/9iH/+vvuP70T/+tf+af/ZP/qd/qD/n2t36HP+/3+uyL6a/3U//OH/N7//p/8r9w9Kf/Rn/Qb/ZbvfvvL3/59/6pX/Ff/1f//T/0O//7v8a/8h/9p//of7r1v/7pv9WvdeevfPff/C//wp+S3nmd/tr//b/9r/35rz7/sb/9j/+/f43mL/ixf/Dv/KP309V//Xv+K++u2/u/YnH02/w5f+zv+mf+6X/lH/s7/3G//o8d/zr7/+Pv9Le8+fQv/t1n9+/+Jb/PX/E3/hn/0u/5n/zDZ3/83/2t5R/x+/ymf+VPnf8ab375n/Af/J9/7J/x9y//vX94+/5v/qv/7v/m6hd+8Vf81N+9lf1J756N/5SHs//z3/kT9/+Sg9N/KPtt/+WzX/f1//xP/zd/1V/8B1U//i/9un9P/Vv91n/27/hv/Ou/wx/zuP7LP/v4P/jtfr+/+N//q/+zP+J3ON/9r/+K4r/6iy7/gsXWb/39P/3zf+kX/8oX7b/5J/yHh7/j23/i8a/YmX3rr/4D/ujfb+vl7/U7/em/2Z2fenRx/Zv+Ua+Pf8e3f9pv+MmDX/CvXv8mf92v+4Pin/0//vK/9i/5S/7C3/rvuPxvHv8v/0L+N/wz/9n5b/GrvvO//3v/9O/1a3z1Y3/9H/pXnaf/++lf9xv8yr/0T/4T/s7/+E/47Lf96//Zf/fP/2P/7j//P/1r/70//V/7n978+L/6T37+J/wp3/nO/K/+y1/97r/tH/lP3vlTvv0/jM/+/n/xV/zKfP/H/8bf+i/6T/+l5d/1n+39ib/Nt/7a7Vf/65/+x/0Rf8n3/oY/P/n9Dv62v+Gv/HX+wz/5l/+D/+W/86et/8Xn/9Tuv/KPLn/FT/5P//5X//i3/oDfN3/4e/6yL3f/iIP5nX998dv9EX/O7/qXfeefXq2b6m/8N//C3/6//kMezZ79mn/Vf/XyH/vl43/vt/6TX//Nf87f+d//37/Gv/jP/NV//X/we/6j/9Kf8J//W//cv/H3/9Pp9h/0K//S9F+692/8e3/Y/sef/Q6f/Yn/xi9+vdh/+U//No/+9L/mb/9bv3g8//0ezX/X+7/lP/5r/Ml/ztlP/yH/xL/w3/26f/LoP/yP//vxn/En/cG/31/1O/0O3/2df4P/7Y//d/+wf/7ffDX5O/777dm/9Pd/9L/l+//g4tfdv/9bvPuf/6O/7i/49Lf+7X+d13t/4r/2t/1ff+vi9/of/sTff/y3/f3/+r/+n/9Lf/fv9Xt98bf/z//tvd/6L3j7Z/8X83/tT73/+s4f9zv+yb/dd75z/I/87v/n4g/8Ff/nv37847/wr/wbV3/Ar/9r/0u//i9Y/+Lf8uo/3/3Tfutf/it+i//4L//8n/noz/74r/yL//T/9Bfe+eSP+XX/8t/wtzr7aw7+sT/y9/9v/pVf609a/vjHf2Xxr/0O/8G/8I/9y//sn/SPZ3/Vf/BL/uq/c/0Pf/V3/2d/9s9cf/EP3/3L/tP5nX/1za8a/cF/+tnVr/N58if+iqe/z7//6/92/+3zf7j4/X7n3/b7/+mf8s99ufNP/ev/2J/05U995/iL/+w3+t/+ml/r/h/2l/+R/9pf8Tf8db/HX//X7f+h03/+X/x7/5r/+l/8yV//n1v/Lr/+H/wX/On/yV/zV/3x//lf8+d8uvuP/SH/8r/y5D/6zf7yv/vJ/3r0V/z6f+Jf/At++X//j62z13/yv/Qn/pH/5Omzv+XNv7bzZ/wtf/Hv8Du8+zd+j3//sv5tDrLk3T/4v/5Rf9Pf+b//X//WR3/Zr/hb/vez//rp3/X5H/77//j3f/yL+09+g7/gz//dd179Me/+hL/1N/otfq3f7uM/9f/4P/7B/+U3+JX/6R+z/lvmP/b40T998u1fdec/+AP+xN/q7sEf/1O/3d/2l/0Nv9WzP/bFb/VL/7vv/Lp/8P/x+/+Fv/h/+a//+rf/0t//B//Ff+U/+ut++6/6Vv7X/tW/+5+2/1v82bM/64/97X/nv+zX+meX93/LX/5//OrFH/7Jv/mn/xl/13/1e/7Bf+1Hv/e/8oP2p/7oX+8P+ze3LsbLX/Nf+Wte/Xb/yv/6d/8ev/9/+z/8bX/1P/Xf5v/Qf/3X/y9/yXf+7P/5n339W/0v/8rTf/Gr33r/T/6tf5/fcPznXP7Vxc88u/wv/+W/5j/6Jb/nr5z8Gr/z4vf+9NEf/us+/rPv/Cvf+cf+lN8um+38K89+nb/mb/21/6/1f/Z3/TFn3/1jf4t/59f9337ly9d/7c7vlvwmf+u/9q+8+deO/ug0/4N+s+kf+S/+9hdv/9w/+/f5Hf6x3/E3RHT97/yRf/I/+WbrP/jzH5/8en/Uf/oLfo+fevaXfueX/WV/za/x+b/xz/2Bf+Xf84s+/mv/tX9p/dv8lT/+rUf/yr/yD/0Oz44v/qQ/46Mn/9C3/5df59eZU6D3b/5r/9nW//Gr/+3f6r/91//6O//qr3j0+Ze/9r/+k3v/xD9y7z//k//96e/9L9X/zPf/hr/q97lufumv//f/Go/+1V/wh/z3//rff+ff+Sv+jD/iz/8H/uPf/U/+yb/k9A/82//yv+Qv+y/+9d/69b+w/Tv9Rr/uH/4HX/1f//g/ffTv/djvP/77Dtb/wj/4u/5Jf9bf8Ouf/6G/+3f/6G/9sutf9uJf/Vemf/WbX6P4T/+E7//Y/dd/5a/6qz7/137Z21+8Sn/Zf/tP/uf/UvZ37f3Wf/r/8jf/9T/9x7z+8t3f/Mt/y7/hr/mn/4rjv+gn/7V/rP2r/vQ/69f7sX/ot/0H/6Vf/G/9hv/tn/DX/GV/wY9/9tF897e8909/Nr/403+n/+3PePUbPv5Tft+/7V+dj/7GO9k/8if/k3//n/Fb/af/+h/xS/+FP/1P+9u+89f97fd/jX/2P/kT/tN/4jf+g36PLz753//oT/+T/6j55f/rv/0v/oU/+b/8k9/5vf+r3+LtT/4b/8Rv9fv8VHKx+KW/4Df4o/+Q5m/4m/76f/5f/Ct2/+n/8j/8q3/PH/xPR3//s5/61l/zX//m2a//3/3H5z/5p/+Zz8/+wF/5/c/+7j/l2fZ/M/0VH//vv/h/+uzT73382/3Xiz/qH/mnf91Hb0arO2//q1/zn778V779G43+uL/jP/1TV7/+v/of/ok/9a/9kkc/uf/Rn7O7/f03u//MP/MXHf92/8vByf/+5I/4df/oP+lP/Kt+vz/wd/ly/Vd+b3Tn9/tb/6H/6W9+9xf/si/fLP6LO7/jX7f/P/+7L3+fvyJ/8w/+tv/qr/g9Tpa/5H//s/7bn/qj/5vf/dXj//Uv/cN/r9918Qt+63/1d/ynf/x3/HP/lnu/9E9a/ov/0E/8j8d/64u/7h/9XcZ/7i/7TebFb/LJL/hH/pTf9Ld7+Pv+439I8Yf/w9tnf8Kjv+8v+zvTv/3v/rv/i//y3/+fvnzzF//W/9Xv9O/9/v/D+bcef/Xb/Xb/3m/9C//qv/o/+j3/2t/tv/rjfuo7/87f8iv/z3/6z/3TpvU/9u/9BZ/9PX/3v/j7/VZ/1Wcf/+7/cHbnP/6rzn7Hf+FX/Zq/1r/42Zu/8vW/8nue/SF/3vbOv/lb/1bPlz/+2/wWv+D3/r8++/f+j/1f9t/8x39N8fv9JX/f/j/y8at/5dFf89e9/JP+4unTX+8//7P+5t/gr/sDf41f+if/k3/Py/99/Q/+i3/FH/NH/JN/0fGv+8ne4R/1Hz85/jOu/7z/evvX+N//0E9+x1/rbvYv/m+/+lf8Bv/pv/FX/76//O/4J/6Vv2L8C//6v/Af2/srfvx3+mU//RO/cbL3N+//ab/uH/WvfvSv/t+/xp//F/w7f/Av/xP/2//hr/9z1v/NH/yn/qN/w/7fdu+rP+q//f4ffnT/s1/0R//Gf8Ff/4f/6d/+o/+76R+y94/+68sv/96Xf/hf/2j+T//kj/9W/9VX//C/fPrFF7/z7/vP/dQP/vC/7yf+62999Wtujf7g9R8+Ofo7fsUv+fx3+tXzP2n33/iHPz76/mjy5W/+B0z/6uKf+Sf+i4M7P/2713/Db/DFs/3V/n/9X/4v2//Ur3z26/+RL/6b3+q//qd/u8d/wF92799+8Wf8KW92P/ld/sa/8uWv/yf+lf/bL/7rD/7Nv/an/5v9v/Por/xX/qrfYFSt/sN/+bf9g3/x//1r/P5/5T/4m/yd/+pvXf53/9yv+0+Pfsknk1/rr/p1ft3/+9f4dX////of/z//rfXv/y/+Ff/5n/D7/Ft/7N/5R397b+8Puv97/y7f/vgP+vV/9T/59/4mf/tf+1/+G7Pf/yf/9D/xf335733rd/lrf5PlP/bH/oZ/4O/3S/67/+mv+m+fXv/y//nzP+YHf9Cf/urX+5+a//ir7/303/mv/2m/6V/1u9V/4NGv+P3+9j/4H/0bf/KL3/nO//zsJx/+Qcm/8p3f8084/HN/cPJb/0b/6X+7XPyqX/k3/5f/5t/15/3P//VfUvwZf86P/0eTN3/Kv/Lir/r26Is/9u/7L/+P//Tf/wN/p1/zf/jHfuZ//+t/7Hfe+duPV//dq78i+11f/Znf2//HfvpX/Bbf/g1/s3/wd/k3//2f+d//rf2/6r/58el/+9/84X/GZ7/t2z//N/q1/oSDJ2X1V/4vv+R//9v+iker3+Hf/Ou+/EP+jN/9b/tf/qg/9Df8NX/jP/a/+fTjf+34o//71/iP/8fsT/z99j/79l/2j/0rr37q4u/6V/7Z/+R/+TtHXz76E/7if/6/K3+Pf/Q/+Gu+/E3+9r/yX/zLf+uDv22x++i7f/63fo3/7Df9G3/1L/5f/sBf8H/+ly/+tne/4i/403/6L7t49dv9s79r9Rv9gX/57/mf/9GjX/rHV3/13/mX/d6/5Jf873/a40f/02ef/zV/zu908Wfnf/Jf/rv+zJ/+r/w36z/61/zXfputX/6/LD9PPvviF/8Fd//Hf+Qv+PN/8X/3X3/6Z//dR7/ip8//kP2/4svf6cdefPtP2PqFf8r//WtUv2b6t/2p/8abv/4fnP/m/+nv9Wf8F//Y7/0b/c//zX/4H/3X/+jHZ7/Xs2+93bv+3n/530ybX/vVP/QL/8p/9OXf9Dv8R3/wXz7/6x//hc/+pOaf/4N+5T/w2/+VXz38nX5w/Lv8zu0vPPiX/+K/4o/+R/7S3+f3+0v+kpPmr/sz/vX6+u/9TX7pX/Ar/po/9I/83q/xB/+p/+q//gvGx7/X7/j583/+i9/oT/5H/pef+pf/6P/s7/3dlscv/5W/6f/4d//b//Hpv/nZ7z39y3+d3+qv23/2t/xR/9rf/pf9K7/k92zaX+fX+LV/x9/73/pF/+Pv90t+8Oc//Gt//b/98W/+O/5ff/7v9ove/lu/ycHv/W/8e3/hf/+7/NKj7//gb/tvfslnv9vb9E/8iT/l4ovl7/mv/Na/5t/80T/6nb/oo3/0f/klv/qP/Oq//hWTP/Zf+TXyn/i//rVfmTa/+Nf+5VgY+79/jV//9/tv//Hf6Q/66jf/7n/16/6f1T/9t//hf/gf+b//X//nv/4P/JLrf/1PP/6T/tg/+X//7h/0l/4fX9Dy2r/59/yTf/mP/w7/zn/4r/1av/Qf/Jf+3f/wb/03/55/4tf9p6v//nf5G/+l4v/6Y379/+jf/Q/+9//5v/2rf8Onf92bP/x3/w1+/Rd/xU8uf6s/+Bc/+N9+03/6V/7Nv+y//eq//fN/i2//c7M//Y/9zf+y+fnf9fLXTH/HX+PH/o8/dfnlv/on/oDyYn/0n/Yv/MO/1t/38g+99+O/3Z/wJ37nb/tff+1/5M/4bf+M41/6e/7Hn/+X/+3/+Af80n/hb/8v/5Wr3/hP/mt/vb/s3W/zt97Z/1t+99/4j1v9K3/dX/Erf63vPvorf/Xq1/9TTvJf/w/+5f/FP/RL/4O/81/9BT/9x/5vP/P67/tVf9RPv/1vk3+gnv9x/8P/8cf+9b/ub/Cv/MufP/8j/9vJb/83/uJf+tn/+Gv/Uf/NX/ZbPv/lv/N/tvsv/2e/w18wO/51fupnVqfnxe/3m/17f/wP/qDT6T/8e7z+Fb/yb/lH/8t/4//87Ad/9i/YefzH/Da//dPT7eS/vvNb/iV/88t/qvxLnv79/9Di9/3N/8W/50/9c/7Vv/Y3+bX+vh9c/TF/xJPf4eE/8/nxb/HJP/Nb/Xv/2t6f8od8+sk/9Qf/3v/+P/if/tJf8Sf8bcd/4z/7V+/9Jf/Z94utH//um1/rf/nnkpPfaP57/i//7O/wb/1u3/oD//lnP/Z//JbN//j5n/Dor/3bf5s/79H1P5wVr/7A3/Y/2P9L/rS/+W/4q78/fvlf/2t/89/84H/+9/+uN3/HX/t/vvuVf89/+tmDn3z8mz75rcdHv9bszzj7ZPaX/sHr5Pf+5yY//af8Bp/8VVt/3N/6O/5Pv+av8Uu//Hv+pN/0N/md3+3+Tj/4H/6Ov+cv+aP/0z/hL6z+tn/x5T8+/69+wV/z2/0Xf131r/6Xf9W3fuG7O//J7/HvTH6r7/1XX/79v+Zf8Nf8fn//8z/0t/yTd/6Z+pf9K7/knz//U3/33/m3/PI//ov/uF/r1Z9z58/49uxP+2X/7fnfPfnsV/03v8Z//W/98+vv/tW/2et/9Du/0Y/9+N/ya/wj09/lv/+rft1v/8t/ze/xvQef/k2/x7/2F7b/2i/5Qf0H/cm/32fvfuL1//Izxz/+O/1bf98f9qf+Q7/O//5HT//JX/ArXv+vv+Iv+Wv/tb/6t/p1fr1n/9Lv8bfc/61+j3/tb16Ofo3f6S/8xb/Vf/v9Bye/xp/zV/9+3/tTP/lvTj/9137dP+rezoN/6cnq1/9fP//f/txf/W//qtV/+wce/S353/ob/glv/pCtv3F9fv3n/ea/0e5f9K+ufuM/7k/4J/+w3/+f/s/+5//x9/wFf9s/8ff/wr/kr/2T/rm93/Jv+oW/za998u/9Uf/YH/buL/6ff+Gf/qf8HdP/8y948ms3/8M/tP5vfsV/8+/94fe/+gP/iLN/52f+uH/5k9/uJ/6YP+bbD3+b5O/5Q37tP/D17/j7/u+/5N89+8sf/YfP/5b/Mv3L/5zn69Ev/b2Lf/jP/Pinft/Rm//u4Pf+t/6tv+1vuf8P/d7/+D/47/7if+vX+RV/4x/5l/0Zr/6Ov6b9wT/8O/xlvyclfP7JH/+pf+Rk+urlv/e3/RX/wZ/+t/+f/91v8juXv8P/+ec/+Uv+kGe7/9o//Vf/sZ/+VX/p7/K93/x//w/+vd+m+l9/m1/5n/zgP/wFf/qbn/jD/sDH/91nv9t/9ev82sujP3b52//T//vvsv6M1nH+k4Pf6Q/e/8P/tL/qW3/yH/oH/DX/xt//L/5r/9x3/6+zX/B//pv/wH/wD/7f/+p/+Mknf/5PXf4Jf86jn/4z/uq/7q/+G/6yv/w3bn/T+7/7Z7/vf/6338l/6vKnfjL9M179nv/7L/7xf+/q2//R//7HTv6if2byu/+i//LVr/+/PfpqMflb/+6f/DOfl3v/10+f/Ue7Lz//03/N/+pv/tcu/8DpP3z6p/81f+W/+2/9Pb/DX/Pn/9l/z9/yt/3Jv9d/9tf8MaO/4M6dF49+hz/2b/u1/pLkbxz9Pf/Q7O3H//1f99f9k88Xf9v/sPf5L/rxv+m3mv1JD/7F3/j/+ov/yb86+R//gH/31T/x8A/4e/+Us5/4T3+tv+zP+1N+/T/rd/nv1l/99sv/8ld9/OvP/ry//Pfb+yN/7O/c/WX/3V/z75W7v92Pf+eP+wte/Q1/1Vcn/9lf+71/8ye+9dGf/Qf9y6/+oj/jW3/Q3/j3/Pf/5u/YXu0++nN2PvrDftHvkv0Vv8f4j/xz/7Tv/XF/7vO/Ofkb/vJ/5ffc/3V+8Dv9T7+qffp7/Fn/wS/7VZ/8u7/4V/743/2X/Hv3/60//s/9O37lH/WPvpz+A//GH5z9Jf/kv/4f/6LPf/e9L5/+T19+74/9J/+z3/4v+X1+t7vfev6b/bp/9nd/n9/q7//P/9Tv/E5/0r/yu/zE7/8//Yn/9n/9L32++Lf+x8Vf9/v+jn/E7/2n/Ue/1u/5W/+Nye9y71/+wa/67N/58//4v/cfGLX/5Zeff//v+dP/ovu/z2/1N/4Js3/6P/mL/51f8a//2fO/+d/67//Fsz/6j/k9/9bx5R/93T/rL/6r/9pnf+Wf/E/9Bv/Mf/npr/yH/6St3/kvOPln/6K/7e/Nfts/fvz3/LO/39Ef+Hf+iaf/43/8J/wXv+rL//n3/+Sz5eFf9Xf+Jr/iL//3fu+Hf8Zf+uBP+lNX2X/+D33n13rxd/+Df/8/+5cf/dv/9N929vv9Fr/NX/OH/8K//E/573/Hv/c3/vXr/2DU/LvzP+76l//r//of+Uf99X/9X/NLf8lv88/9gf/YP/Df/7v//v/wp/9d/82f819d/bG/5y/6Ff/17//3XP4f63/6L/yr/ra/+eW/8tV/8beu/8Lrv/PtJ3f+6z9n982f+s/+7nu/wT/9L+3/mX/lP/D9k7/pu3/Zv/Hvzr/9b/16f8n/3mb/wHT9X/xf/8Pv9Df8O//hZ//5v/Xnf+93+8UPyr/hH/4tyn/9n/pnf+LX+49/Jv+df9/f+s9Ofqflt36QPP4LfrPX/9BfmP1eL3/5bzX+B/+Lp3/DP/e/L/71f+3X/Q1/v1/xL/5vP/j3/4Z/P/kXP/l1f4fiv/6//skn/+E/9n/+tX/GX/nf/PX/57/+93737736BfXRP/Rv/6ov/sK/5+/41n/8365+x4t5+49/9TsuR//gH5D9lf/sf/77/Q1/4oM/7Z+e/A53vvj0z977Bb//73j6u2V/8P+y3HvwW/2N/83f9H/8/Qc0tX/O//Cv/Nqf/PTp//EP/R7/2X/116//iH/ivyn/yPb//jXWf/Off/1H/tO/9q/8zf6V//y/+Q9/1z9r8U+f/mF//E//NfX/9p/943/c7/e7/Oa/8k+r/8lP/ol/+Z/5Q1blj3387/5J/973//nf+q++89HuH/3f/F7J//H0u7/e3/VfnZTZ3/q3/vSv+fKzo+//Jn/vP/oz/8Wfevdv+3T7t/mx+afnD/661S/5g7/71eM/a/uv/0P+yf/i3vf+wN/+F/5nf+SdP+Yv/X3rf/7P+KlfUT3+S/6M3+f3+dP/zH/tf335S/7m3/sf/wX/w/hvGP82T3/z5C/9tY63f98/6fST3/df++X//d/xP/wh/8p/sfvb/Ws/81//BZ/9zr/kr/7D/6k/4Ae/9dVf8J//k68u6t/ud/nj/63/899avfupkz/jL/8Tf52r5Hf6nX7xi2/9Mz+4d+///jV+wT/8T//UP7t/9p+9+9P/vN96+fTv/dv/u9X3/u1/8z/5I/79X/F//xq/19/1F/yPv+/0/j/5e/69f/R/9uf8b//UP/jbHYCRvvrX/43/87f8m//Sf//P/S/+nr/kj/g7H/1dv/Ef9Kf/q8sv/s0/7ff9Q3+vP/0v+8v/+n/uzb/8N/x7/+Rff/Stv+B3+6v/nIP/7K/6k/+L/+XX/Cv/sb/m7/n7/9B/8N27P+ynf82/7J9985/94dUf9mv9zB/0Hz3+Ix5993f9u36rvX/qH/8T9s7+71/j7u/1u/wFf/9//y/9vfd+yeLP+Z3/8X/3ez/9l/y95S//X+/9Aa//o//s3/8fv/fH/5X/9Ovf4q/603+rN3/7v/63/Wl/9/M3v8lHf/zv++S3+LP/5N/61/3rvv2P/2v/8b/83/zDf99v8fb3+4V/37tfMf/r/rh/9O/8I//Zv+R7f/D/tfwHf4uj3+m//03+sr/83/m9f+avvLrY+dXfvX78e3//b//dt4/u/sbf+7tX/9uf95N7z/+F5nf/se+v/ok//T+Y/6e//86f8NUv/3N/9c7v8zv/K7/NfzRfv/6t/4lP/tu/4E/9936fv+fbH935if/sl/4Hf829v/v3+HN+l+nlL63u/1l/yT/x333/b/1j/+p/6t/8z/6rv+pf+Qv+1vuvf5d//7tf/G5/0j/zL/7uj09/6nf4t3/9v/y7P/GvLP7A+Ud/x5/yJ/82H/9jv8+v+ev8z7/WX/D7f+uX//jf+Xf+8X/An/DsD/jrHv8ftMTz47/i9//xX/2P/u5/5j9zXvy9v+nDP/Yv/Wf/6bPx7/U7/gl/weLv/UP+qc//hD/jr/hr/pTkn/pP/vw/7G/6xz/73j/1R/3Df9Dlx7/it/jOf/En/MJ//d/62x+vHmV/6f/8n+39bn/l7/3L/uq/8a/8XX7F9C/7yf/0v/v+P//3/s+//O+ttn/lb//P/Bl/4/W/8pf8Tn/D5B/4B64/+Y/+8r/kT/jj/6I/5fM/4d0/9Vd+dO///Dv/pL/6P/m//o+/47/5y3+3N7/GX/UX/RVbn/36/+x//q//Xp9Xv9PffO//OP8r/4t/8rf+PR7/ov/0efvH/xP/0X/8Z3/7r/4nlltfPP3N/unv/PK/+rfa/aM/+dbFH/KH/TX/3H/+l/2ysy+2Tn+NX/WH/Jm/02969bv+ff/uX/O7/dHf+fXTX/pLfpN/8L/7+6rf71/+M99+tUge/TV//7/65/3Ut37qv/uZf/mv+cv+tP2/+3f4fX/nZ//Vt//Jv/G/f/mv/5Pbz/6Cl59/cvfTXzn/dw7+4N/oL/09xn/Kv//P/Gt/Xf13/I1/2//0X7/+c/+3i7//8i97/Tv/+3/P//yv/ct/zf/wZ/3mf/Xb3+2v+qN/l9/lT33+S3+tv3ryV/wOH//F/9zTP+XNb/ibtY/+wL/9F//P/9O/+4f9Xr/60fHv/I//E3/Nb/8f/IXF//1r/B7P/t7/9A/8x//7v/HP+Kv/7F/5W85+k1/we/8tu3/ZL/zqL/0z/pI/5a/9bX7Rn/yv/Cv/7C/4O4q/5C/4a87+lVef/5Ev//X/5m/+X7+3/ugv/TX+oje/6l/9y//Y//Sf+XXzxe9S/JUn/2RZ/vN/7N/0P/9rhxdvF6OvfuejT37tv2P+t/4+f8Tv9S/+SX/Jv73/r3z+h/wRP/hr/vyfuN79tf7j3+93+43/uj/0v/klv9+/+vn+X/dPvvnj/sB7/8of9gdP/5m/6Cd/xW/1O/+24z/uv5n+Aw++f/lf/Iv/2j//O/2K3/K7/9m3Pv4j/p2/+o84/st+kGz9+3/p7q//l/xlf9Jv8Qf+63/I5x/9X//+3/X3PLrzl/5B/+0v+refff8/+1fu/05/6vHr3+9P/AX/xV/7j/x3v/Of++XfsfX9f+d3ejP/l7fz7/zr/9zF//SP/W3tv/F7/6dvfvXv/jdni9/zT/ryb/nbr6b/6G/9X0/+oT/qp/+6O//Lf/XXLf6a67/z2S/5z/K/7+Wbv+b1vb/oX/3df8nsr/mb/97f8w/6A//Uf/Wf/Mv+vdWP/R5/8H/3L/wmv/1/+q/u/Vcf/8e/y9/6l1Z/+D/zCz/+XX733+8Xfuvv+zPu/bonb+78Vb/mH0Ma99nD5198/Gf9iZ+c/lZ/8/5fcP7rvL34O5Pj3+d3fbX/J/zOOz/+1T/1a/39v+0f89f9FdPf/e/5X371n7r3Px9//1f+1z/xGz79q/7b3/h32v0n/sVf5w/+x/6MP+jFk8+rn/j2P/np2z/zT/mDP6/+zBd/wl+c/Z2f/vP/8Itv/Z2/cPb56G+5P/uX/76/4u9M/+R/vv3Dpy//hF/+rzfHv90ft/0n/Fn/9H/x3/2Sv+LPefa7t3/nn/lnfveT3/cP+vV/n7/zb/xnt//6X+9R+exf/0dmn/zC7/12f8v953/y8Yv/4rf5Q//FX+ve4/+u+JP/sZe/4a/5O/z07/aLn//0u7/gz2n/ht/0F/zR/9fF33vvT//2v/V/fP93/wXf+m3+6p/+s//b/+b5n/7V3/7607/sj7//J/3Nu3/oT7z9kydnv8ef+oPf9tf+rf/Fnzz9i37Bn//jf8k//Z/9LeP/5buzT/6aHzv6s/6j5G9588W9X+9P/9P+9v/ud/7Tfsvqv/o9/qL/9Z9u/ot//+Hxf/2v/uPjf+nf/7f/yG//TX/v73/nu3/d2z/4J/+C3/Of/PzuJ//sy7/5Hz3/U/+gxT/0v/6bf8xnP/jX36z+q9/33/k9ftu/82/4wR//t/yOf+SPn/4d/9Vv9mf8OZ8233381/2d15Pf9dd+dvq7//K/+eM/49Nf+ZeOD37F92fX/+lf/Fe+/T9+8G/9W3/V8z/7t/rr/oV/4b/4n//5n/i/vvzOR7/X9qPf4M/8nz/7d37PL3+H3/NX/v6/7X//3/ynf9fP/O9/+p/1jy5+3+uD//7v/MP/ir/8p/f+x9/n9a/zm/+2f9Wfcv8/+TMe/r5bb3/Lf+bP/Q/+j1/6S/7u3/G3/Gv+sF/+zz77h/7kv/Z3/oU/vbfemv7D//3/8TNHP/1X/8c/+LP/mt/59yv+052/+a/+k45//X/5P/6z/pJf9/Lv+YP/wL/4F/z7v94f+dHf/93f8A/55F/6W//W//W/e/On/AN7v/1v8df+rr/D59/90/6Av/yP/3XWv/6T/f/hD/9D/tlP/9S//O5f9Uv/xvVHf8tP/43Vn/Rf/9HfP1198q/8kQ++/yf8dX/l73v+23znB3/8m7/l+SflL/wrf+/1H/5X/40/+IN+/N88Tf76P+3X+uL3/ZXHv/qnv/fv/PFvf2dq/gf8df/ej/3X//ev8devfvnftvruT/6r/+gPfvc/4uwv/av/7G//jf/UP/cv/Cv/Zp7/T/9B9uv8Q79u8Vt//qf8ryd/Ufob/Nu/95/8p/4rf0/x6/0Ff/5vu/x3/sOHf90f8Xv9+Iu/+6/6z/6Jz0dvfvnLf/n0k5fZX/X7PH/y9/w193/vF5+v/s3dO59/8Vc+/f3/7V/vv/uHf/nxP/lf/qvJL/7Hf/Dt//5b5//kf/7r/sI/59/56V94+kv+1d/hu79d8T//Vn/KX/dbJL/D3/1Xf+fv+PIH5z/+t/7rZ//7/D/9/m/76/+7f9tf+Zv8ae3f+O//jv/Jn/OX/Cmf/YN/x+rdX/dLf9Pf7nd4/Lv/Ogf/e/O//g3/3e/3U7/s8X/7E4/Xv8m/+Qf8yt/0x3+Lf+yX/Q9/4j/0+m98+QsePzr7T/+r3/G///v+9td/5F/w5f/y5/w9f/fpv//jf/I/+NMHf/KfNP+b/7UXf+4vLv6sP/gf+zf+/vLX2Pr1f5M/81/8I/+J/7T4m/+Xf+0nv/2rHvyf/w75np/8Mcnv890X9x//Yb/Fr1j//j/5+/8Vf+of+Ff9yp/61/7LP/EnR3/pb/1f/xN/wnd+nT/w7/5Xf5369Df6q37Hf/qv/4vHv85P/+Z/zv/+n3/83/yBv/Z/+7/9yv/49/s7v/rs8b88+W/2ftP/8p/+ez/b+VfSv/Jf/Yv/mz/9t/oN/tQv/rV//Nt/5Z/7O/70//6r/91f+x/7E/7c5j/7Tb/zvz/66T/mB//r9U/+uf/ob/dHTf/rv/q3/kP/tj/m7uhvf/LP/Mn/6unv/o/8JX/I7/sb/oXrX/3oL/mrP/7sN/itdv61T3773/3fuPiTk7fpH/KX/dW/w9+4+s1+zbe/5eov+sX/0r/4C/6+49/p4Jf/09/94/7yf+bwH/oj/tp/5Df9I/7Oez/x+4z+1H/t1/ltfvCD3/p6/y/5Lf/3//Lv/Jf+rd//P/gnv/hT3v6Tf+VP/djf9Lclv+i3++lv/dR3km//H3/87/Zr/ff7/9hf86f8d9/9p0d/y5/x6e/2p/ye/+Dff/bFj//3//U/9Q/8+P/a/qfXv8vv9c/O/6Tf/D/+w36Xn8h+eXH0Z/4BX/xD/8cvPv/zt/7F3/cf+a2/NfpXfq/f9Zf/n+Wv/7/++X/iv/StX/1v/oLPfu8/b/3f/NV//M5v/q3/5k/5Pds//zt/z39f/0O//7/xx/xW3/+z/vhv/ZX/+6/+m/7jf/VnfpDv/av/8O//+a/7/C+488l/8cc9++p3+hd/73/o7W/2r/4Tf+f8v/5LXx7/yX/dX/UPvq4X1R/7J/5+/9B/8oMvL3+T+o//217+Zf/0vVd/xl/1i/6L//k//df/kt/h7/uzf9N/9/V/9Jef/5t/2Z/yO/+Dv/Ev/sV/y903P/3n/Qm/86/9myd/9O/4e/6G4yd/4//xN/x5/8aTf+Wv+zX+0L/y9/gz/ohf+VH6e/7Ff+nj//vXWPyRf+dq91//w+ef/JN/+W98+Z/9DX/lP/H6D/irZn/+X51d7v0z/8I/ff9n/rn14z/91/2N/oBf9ZuOFv/kr/H7/uJ///Pf77/++Nt/3K/4Lf+Nf+3bsz//j/gT7/yfu7/+7z77V3779k//o48oq/37Hf0D//W/8U9+57979Z8W//Vf9tf/VX/pr/63/stf9mr6H/1pf8s/+eN/7u/2d3/6f/2r/+R3fuM/49/8e//Pu//DH/J3/7f/+l/0H/+bf/V/+2f8X+nf8ebX/c5f8j/9Pb/kF/w+//Svcf3n/Yb/9f/+i//93/T3+9f/l//6f//W7p/00d+wWP2rd37Dq8Xev/Zr/Fp/0F/yf/1J/+Z//g/8ZavP/p0/4s/+7Ad/++985w/8Iz8f7fyJ/8GfsP/u3y/+69//93z3L/0+f8Cf/Nf9PpM//Y//9/7nX/y9f/+Tf/Kv+OX/5l/+eP9P/+S3+5P/kb/0n85+h/STv/wn/7nf/OT3//av/Sf+T//7X/hLf9WvWv908vqv/pP+zH/jv/sT/oHv/cmvX/9Fh8dZ9jv9un/wv/bf/BX/yP+x/T/+X3/HH/W7/Yrv7/8nj778z//Ox7/Vn/Zf/Km/7W//J/9n529+yZP7V9/7Vb9w+WPv/tNPrv6kf+v3/UV/4C/+7f/bf/RPfPk3/aqf+lV/8//46/5Gv+jsz/yrPs9+n9d/yZ/yJ3xr8fn3X/7x/+B6/m/+xG/wB775K/+k0bv/5S/6Zf/1P/LiB7/Jg9PFr/fZP/7r/89/11/zX/87n/8Zf/dP/JU//cf87//Fr3j8p/7Nv9Gf/K9+/F8/ffa7nv6Df+PfufWt3X/1l/zrv1v7x/5Vf81vvXfnL/+Pf7d/6V/4V37f//b0F/zZv/sv+QO+9Wsc/J7b/+S/+if8vn/V3/D23/irf7+/5Nt//G/z1//0f//jf/gk/+V/90/+Lv/Wk7/098z+qeov/l2+/MX/0G/937Z/5a/5F/y5v+8/94/9Gb/eT/49f/393+r3+4v+8z/+X/8r/7Nf8nv8u7/Lv/gPrj776b/+//hs62/+rdqD//n/+Dz9jf70v+Nb/+rBd/+YP/jsP/kL/pjxr/2v/4V/cfVP/qf/4R/16/+Lf+O7Pyz5zf/Vf++3+kt/j/2v/vQ3lNA7/XL7v57/C3/FT/+h//vTX/GH//rpr13/Fb/y//jV//JP/Lf/+u/19nf4/Bf8aX9r9l998tv8Gclf0/wpf9Uf87f8Dn/NT62Lj/7w3+2v/Nd/57t/ym/w2//kT//ef/uf8T//+cd/1q/1H/w3P/Vn/fp/zR/28G988mf8huW/8Je/3fvyP/ur/sDf+4/+777zV/3aT/60L5//4A9Mft2//r9/+E//jV/+8r/6L/jrf5udv/Z3ffPyt/7Hst/y9/uTvvvk1/xHnv6a/+Vf8Ev+7b/vv/03/5C/4M8+/6vHf9Hf/5/+Ub/ZX/MX/eDP+1MOXm7/83/3f/rvf/4X/uRf+Ve+/Ct/k8Vf/Xt+/MtPf+lHv9Of9C9Uk//w3/wP/tZ//U/4db/8Tf6cv+Yv+ZPSnX/sF16uz373i9/gr/oz/t6/e/v/+m/+uN/0H/+nP/4TL3+73+qX/Td/5L/4N+yO/tQ//K/4K3+j6W/7G995+ff88//05Nf83q/7a/zP/+T//n/86l/x5W/y9/2e//Bnnx0lD3+rX++f/u7xb/VX/xa/2/7uq7/tT/n2H/znPPmFf81f8Rf+r3/Wv/XwX/k1fpcvr2i6/5J//j//N37Lz0+Pf8u//vSrX/pTf8uLp6/f/NJ/7Df/v/78O7/VnV/j1/zur37+m/4e//H/2P7af81/c/T3f/xX/N+/xp2/5rf7maOjb/1xf+Sv95f8xf/UT/1GT37zyz/lL/+X/uD73379i37T0dFf9+1f+d9d/I2/3tHf/9nf8R/+pX/Ct979N/mf+bvev/9P/dn/2bt/4/f5s/7m699h68/+Xb/1l/1Jf+nZ3/S/f+/fff7t3+26/Yt/3Te/4O/5c/6Mv+Av2PlLfuvr3+Ef/jV/4a/8tf/VX/w7/uHf+9X/wV/6j/z9v/jb/+l/+a/t/BYH//6f/d/9Fv/7n/Nffvu3+XX+mt/w3/sT/+df+df8BX/dX/rr/857/+yv/sv//T/rj/qnFh/9r//p//FjD37j/3H6L/6107/ql7959nec/1V/7r/6e/2av+CvuPsrfuIv/97rP7D68j/6A3//X/zxX/PgO3/P79v+L/v/+m/9U7/rX/qH/uu/3l/56/42v/t/9i8+/mOSP+Qf/eUf/2u/5OxX/je/6g/+V5/+hf/sX3Xw5/ybf3z923/rz/rX7/xaozdfjBa/df77/RH1v/JP/hrb/+u/9uz/+sP/i2f/wF9y/Sv/lnfrv+nF52c//a/90//F7/47/AF/zsGP3fuj/7Nn//Orp7/mR1/9xv/3r/FrffK7//jzb7373n/ze3x5+fLeX/DXvWn/+V/3d/qr/pOLP/gn/uvf6E/+T//rf+uPPr37Jz34c/76//z1r/5Vv8MfP/tn7/5Hv/Mnb3/x//o3/J3/6uKL7af/3S/75/75j/7UxYv2L/32P/hH/MJ//i///D/9r/+v3/ZX/vdf/S//7b//nb/0r/zz/5l/9V/91v4f/Dv/ZRePsr/ij/6//vbf8rf8a/+JP+MX/Mn/+x/1K//Sf/Rv/Jm/5xf/tX/NT7873ftn/pM/5c//Nb73a/06v+wf+PPXyz/oj/hf/ql/7+6/9of/gl/+6z3+3/9nWpf5fvLm21/9Zv/2n7X6a37s9/6T/tjf90/5sfMf/2W/4uj/fPG3Uyj1V/8Rv+Zv8OarR3/d47/u2//Gv/E3/R+/5Lf933/Tf/If/C3/9b/rl/+y3+rX+96/VZz+HX9x9df/A3/Mt//3f/e/rda//t/4m/7+R3/ro7/s8rdJf5Pf6pfc/13+mz/wL/kP/89/8O//Ff/AZ7/o6l/6y/+IP6P5Ff/XH/t//Z2Pf83/69/71b/i0a/84n/8Xf+kP//5t3/t7/4ef/nv+Xv8df/uH3T3l/+CX/lv/gPfr3/yJ3/DH/9vfrfVH/wP/o3/0Z/8f17/yv/h7/w3/4C/+e/9vbf/rz/0T/k1SIovj/7Pf/3d9fof/xv/4r+i+Ytf/pZ/9R+ZfP7b/k3/2d/96/1Dv/ToL/g//81/8B/9N36Pv++3+tfy/+yP/0uvf/u/7zu/9/4f92O/zZ9y+rf/wX/A7/Ht//03/cX/7bM/8i/7w9/U/9qf8af9k+mf8Mlf++7X+1Ovx7/03/gz/+Bi9n//Gpdn/+cfVD78lT/98rt/4+v/8l9b/cK/4u//qT/8p/7KP+rZH/4b/gZ/1X/9p/35+//aP3P6h4z/hu/9iof/2a/+FT/4D//Csz/mnyn+il/xe/0Nx3/1n/OP/Z+/6b/5T/07f8P3/60/8O88+j//0H/jb/03vvODy7/gL/3H/qrf5rf7Y36Hv+dP+TX+hGT19/1Dv91v+uZ/qX+tv+rv/xf/t1/8V/8v/+2//Vf9t7/Nd+8+/h9f/HHtP/nb/epHv8PT3/C3/87+9/76u//17/o//Ef7f9lvcfZ//OK//ejdf/v0z/nzfsWf8wd/8q1/68njn/71/7gvv/W7/kmf/3a/4jf4S3+Xf+d3+x3/rf9z8S/+/X/Qo3/jb/1X/p4/5s9Jqv/l3V+a/0GP/ta//Q89e/V//xp/1a/6DR780j/wd/pN/6df+ZPpbP2X/IZX1+1f9Y/9R//cf/bP/Tbf+unf8pMX/9dv/S/97b/1b1SN/pVf4y/65z/5c3/Zv/AXrv/Gv+i//Yd+zf/1l//qx3/zy+KP+TX/i7/6d/2q+Lf+7d/sb/5bHv/n13/Ln/ub/X2/za/8mw5+xX/y9/w9xQ/+tH/i8NHevz77b779v/xz/92/8s9c/y2/6tf6Dw6yP+5PfD75R//Yv/Dykxd/9l/55//gf/3o7K/5z/76yz/r9/iT/9N7z//iP+0X5P/67/Tr/J+/54N/7f/6t/+kf+0P/lf/5v85+y//1f8uu/+X7f7Gu7QAlP3Vf9DHf8L1L/wP/qt3r//Kv+9//zP+pu//63/Wb/UbfLb1b/wrv+n//rec/g/lAWU+/8SX//kf9E/v/y2Hf9mbf+mvuv7dLn/36b8y/o3+mG//xF/2G/5hv8vrf/r/+P3+0b/m33z4X/8Fv8O/8fvk/9Rf+mf9z//Zt/+0v/nv+em/6p/+Z//PP/u3+9P/9d/4W3/Kd/7gxXdp7WD6R/7U7/Zv/k6PXvyf/8Dr7Z/4lb/wd/2t9g5/l/0/+Nf6x36rX/a7rf69//av+g3/91//v35193/4Tz9b/um//X/92Z/2Z/wlf8Hnv/d/9uWv+2jnL/vDf6/9n/ibq//gr/5r//Q/6O7Hv+30n//n/6D/6y/4Px791Z/9wr/k9/k32j/lwZ/5z/2v17/h7/HHPv+N/8b/4+/4O7/4d/77yZ3/+Lf92/+HX/If/h+/8/f+2T/xxd/++/xZH/1h/+nf/Kf9bf/JX/hn/2W/xZO/5f7p8a/5U3/JX/yf/xv/5F/43/+Of+E/+Q/+gt/5F/+zf8Vf9Vv/+7/XP/8L/+7f7m/9/V7sf+t/+s/uvBx/+9d895/++83Jv/nH/xr/5G/yp+3/8va/Pvudftmb3/zxH/c3/sZ7f9GDv/TX/5Xf+n3/gjd/6//1J/+qX/k3/ot//b/2m/z5d/6dX+uf+X1e/nb/wl/81//x/9Cv8Sf989Vf+r+Mfo9f8H/+G//No/qPuPOt327/j/uZX/uX/7m/99/1C//zl7/hL/kDP/5l/+M/+c/+9b/gt/tv/+9/7d/7V//m5t/9F37B//TvPPyN/+Y/7E/c/tv/5l/drH/i/Kf/71/jj//bfrPTv/Cv/Kf+xV/n3X/8x37nv7rzu/9TP/gzfvJPeXPx9O//63/xbzf9s/+d/+qX/eF/zj/8d/y1//Zv9+2rf+1/P3n3J778xy7/2tf7v9sv+m9+v3/7D/i3/+P/7Df81dv/yH//H/8Hf0P1E3/Jr/tb/S6/zj/yl+1sP/mn/rnfeOs3+GV/ww/+0b/v7/ytf+lP/SV/zx/8iw5+h99r+dN/3eyrP/uP/k//gt/gb/6z/p4H/9R//hf81Lu3kz/p9/rd7/9W/8Gn/+rfMB7/Hb/+v11e/qI727/8J//vX+M3/79/jac//Qf//l/+rX/F5ezt9/Krv+fv/kV/1R/wLPlTf+o3+t+T/5kWr776u7/7d/3K2a/6s87/vYd/wt/1V37n//hN/ut/72/5l37iv/9vHv3Tf9Hsr/pH/tNP//Od4r/+W/f/2r/kB3/OH7/3Yz/+p/xXo9/g7/11L//l//4/WRV/zP/1+//H/9XZH3j1d/92P/M7/cH/19/4X/2Xf8kf/L989wf/49/zO/+yk7/pf/6d/8I/9C/7R/7lL/62rb9sPv9fyEr83Y/+64u/+v6fdvD3XfxP/9ZfcvnX7f4L//vJwR/y0bvX/93/8O3//jf85PM/8cnq91j8zP/+m47+zv/qT/jd/7Tf6pf/41/+C3/a//Jf/ea/6vTv+Y3+/ukf8u/+9//er734p//M//B3/Gf+xN0/7d/5u/6P/2X2u/y2f8fe7/NP/OO/1x/9V/0Vf9U/cfYb/c9/+2/xT/xHf1T2J/znr7/7G71I57/N7/6X/df/1y//Pf7Ff6n5P7K/4Xd89Tf91F9493999Gv87//t/L8f/Z0v/off+B/+tw7/zId/z8W/+4t/+s9d/ccXf2H1b/wB//iv99/+tf/Cm//0f77/P/3R9/71v/reT0z/2Of/8mf/yu/zm93/R3+X9R/xn/z4nd/93/hD/4vf4+jP/bt/n9/mD/pD/4I/+Xc+/ts/vWz+gb+6/t9+5o/43/7Gv+FPvPoD/uq/6frv+Qv/o79p9O5vff359/+cP+X3+S/+jL/j7/iJB//W4/JfWH/rzun3/qbf9ezv+qP/s1/jN/sDj/6sX+urP/zv+jf/6n9w/PZ//+t/5f/wB07/k//5z/rP/7F/43/979ffX/xOf+4/8Pf8EX/CX/Lur/6v/5N//runXz7963+3X/H7UELmj/5Xzn6zP+mP+43+wj/o7/t7/qsnf/Lu7/Cv/Ue/5U/9gj/r7/wtf+LP/oN/61/1B/7N/9Lf+r3/4C/8HR41f8n/evRTf2fzy/+MB3/T//HZn/4n/zV/5T/2X67+0b1/fu9f/GP+7d/uB//OD/7+f/j3//69f+nlv/ZL//vH//L/9jf+jvs/+Hb66fh3e/Wdf+fs//xr/8I/7H86+iW/+7vZ9Z/1N//Dv8d//p/+618u/sH/4jf8n6u/6ur3/V/+h//hv/hr/pp/8r//P//wP/efzP7nw9e/+as/67/7E/7A3ZPf6Lc4/VP+8cV/k/xGe//G3/XH/26/5bf+sNe/+7/2f3721/yd/9rf9O/813/T7p/8O65+45e/1+/wi37VD375X/OfP9l582f/Pl/+xb/+X/KP/nt/4D//d/6nf/j3vzj67t/4v/4N09XZl3978b/+7r/RT7w6+YP+5P/pX3vzy/+D3+af/kd/39/rn/0tvv2dv/CvPfyrl1X9ixa/qP0bf9Ff891/9T/+hft/zG/xm5wW//n/8t/8z/908vSf+cdmv9G/+X/+BX/Qv/Dv/N+/xh/+6//Mn/sfHPz03/9X/pt//9t/8//8JX/bf/N3/AO/y/Sf/S3+z//iP/vn/o5/+x9L/sbf+ndbv/7s/m/9u5/O/vZ/5e/92+b/0a9d/cP/6//5H//if+q/+E3+tf/5oz/gl371W/3fv8bL//RfvvvH/dWHO9/5g//137f6Pf6c33/r7/1tHv/t2xdl9bf/oavf9O/4Z7L/6Q/8zw7+m//8r/43n/9rv97jye/6g9/nL/rT//RX/8Ff/mv+dv/zf//45T/+G/74b/Nb737rf/6/fvP/8l//G8b/R/2n/RRl9u7+nn/Cb/pj/8Df+Sc8/Vf+43/wj/3Pf9lv/be+3vlj//tvXRT5n/rf/df/9V/+Z/83F+vv/qn/Q/Yv/9d/+z/z7/5PJ7/0d0p/13/1//rDPv9l//H/+n//Gn/Nn//7ffKr0t/q1/9V7We/yx/7B6a/x9/7y/6LX3n+62Rb53/Cn/0f/7Hjf+1v+9ObJ//aV7/1n/Sv/e77f9LnH/3Br7/8rbf/qb+vefF3fv9bv+Rf/vt+j9/kJ7/8o37dv/K//4v/71/j4q/8HZuLh3/cv/mX/5Vf/czpX//f//1/9fde/tvJz3yRH/6r/8i38r/yfz7+4//aP/bHvzz9U/+Qv+/Jv/xP/hW/w+7hf/3rfnXxP+/+7r/Xb7r4p7f+mM//1ZOnH/+yv/E3+fP/3r/wH/s7/5U/5Q/6Jd969FP/68f/xD/w1/6jy3/rf/4dj/6Of+Af+CP+mL/wd37+V/0Onz189Eft1f/8/fXTf/iP+ejfePrH/PZnv/wf/2f+w7/wl/5GWz/28Mf/st/si/3f+1+b/9Lv/87/wJ/6v/3Kf+PP/XLxE//Df/e//st/8T/9k6ff/WP/uX/lq+/+vXf/iN/o4T/91+//F7/l7zb/bz979p3F7/qn/fG/zu/70//Sf/JX/ORv+Fd+9oOv/pTz3/iv/fG/5H/+s//dd7/kn/4H/trJv3vwx/3kb5n86wf/23/8R/4un//Ov9OdP/zf3bn/23y2//lf+0/81f/pL/xt3ha//1/5d/74L/or01/xnz9LvvXL/6t/47//+//G//Of/bf/leVf89v85b/jP/EX/PEf/7v7/9Nf9+ZX/B7V7/Xif05+y9eHf9nf/OrNy7/vf3n+j3/nr/tl/97/+dlf/Hf/KX/aX/wf/eDfO/t9fre/7g/6T3/7/+rH/7317/Jff7ya/tf/0R9y8bv/1//Hn/TFrzz7ne8/fvq73/+1f8/fYf/PKD753X/hsx/7R37HX/Lb/vu/3/d/8z/1X/nL/qA/46/+9f7Qv7T5Q/65//TRv3n+4r999vv9NX/Bw/Qv2v0Xf+P/5d/e+ktO9v/n3+6PefzmX/tTd179O//d7/0nHPyvv9fv9p+c/Ve/90/++b/Dv/uPzH/PX/BLfvPf5B/7D3/7v/9X/dl/6m/6m//qv+Kv/xv+8J/+j/7yn5z9ub/vX/cv/8TbP/1f/43+9t/kr//xv3b1p/03d//3P/h//Qd+q9/qr/7swSe/9X//u/wuf+Vf+N/9V//EYvF3fv637OzX/+YXv/Odv+gv+Rv+mV/1B50X/81P/Xo/9fv8tXf/6+R3/5//qT/2l37vD/4X/7b63x//Faf//I/9Ln/rX/6L/p1/+i/+ff6mb/+yf/L0b333P17+87P8r/ynlr/dX/wH/2n/9O4f9hf/ub/v//K3/YV/3/EvPHt+9ev9Q3/6bzQ++F//in/vr/1D3/z47/zVf/ob/v7/2m/9u+z+q//Cv/o//M5/6N/0H/9Vf8Fv9Es/P/ze4Z/1P/9P/+h/+lf+lX/Fp2/uv/rX/unf/M/5wR/97/2p/9Tv+pu/+QXV+k/+S3/Nn5r+ZX/dT/9g+u/9hVt/6/3i07u/6R/yF/9jr7788T/7F/wV09Hf/E/c/Y//yj/i4O9b/aO/1Xd/9z+9+mtO/sC/6Bf8dz/1hyXtf0bL9sW/dPdP/g8P/9ajn0q+81//5X/GX/If/9d/87/87b/u3/k/f5vqt/gj/6Q/6Z/8V87+zn9w/w8+/h3+yO/94+9+xb1f/9/4JX/in1b/8t/x9/vpv/r8N//nfv9P/q8vf6M/5p/4p3/34z/93zj+5b/O6h/6Exb//Z0/6X9v/61F+sf88r/lL//f/u9f48/+q/+Qv+UffLf8zu/0M8d/6D/75R/+V/7kn/hP/Jnnf9y/8N/8IfM//Z/4g36r3+dP/Fd/2f/wV/z+f+ZXk7f/zQ/+/D/+v/7r/9K968dfFd/+8/7+ize/5e//yz999Mv/ivRfOfxX/to/6M2f/Av//t/gL/6Vf8mv9Z3f/Df73b79J/5BW6d/T/tf//1/7C8/f/P3/CW/55Pf4O//O3+39slv+h//L7/6P/xf//P/83/6D/7ee3/rv/FnP7z48+//i3/e3/8XXvyPf+vf8qf8yn/0P/lz/t6/+M/63u/3X/2Tf8jf9EeO/5o//bf4vX7zf/LP+1f/xV/x6/zfb/6sZvVX/nF//h/49/5v/+mv+Pv+rp/5vf/L6fX173b15/zNv94/+Jf8wf/cy9/xH3n6y//HP+fN//irfod//sf+y3/tN/yH//P8D/viP/9v/4B/4p/4T7538kf/uuUfeOef+2WHv/gv+Lt/4r/8t/+If+W/+fZP/e5//Lf/uid/ePUn/gmf/3n/xi/6yT/te//YP/Pmz/oFv+AP/Cv+0D/93/9r/5bf+u/dvvfrffnPv9v95Yd/9T+3+FX/87e/80fe+VP+68v/+j8/+9//5U/+wPZf/nP/l8f/yi/7m776c3/9P+pv/q3/4z/jb/8Vf9G3/oenf/9/efUH/In/48t/5Pwve/qvVX/n93b/5//+k9//v/ltf6Nf+Ff8pf/Ed/7kva1//W/7S/61P+qfefa/f/TlPzgd/RN/2L84ffov/qd/6B/1z1dPfsv/6r/9037if9h58sv/6b/jH/zvz//r3/PP//v/wH/5X/uZ37v+ff/w3/N/+/P+oPP/+g/98p//9Sf//D/9j/6mv8f//bt++m/8G7/dn/Gbf+vpye+x+4+8+V9+0V/68Bf8Tn9I8dv8BX/5//SX/I9/9q/zF57/u4e//tF/9qf+sl/yX//Pf0v11/0nf/XfMP7b/uE/aus//2//9P/8e7/9g//mf/uTf82/8U/f/SV/xz/9b/zkX35W/i3/xulX3/voD/wVv+cXf9U//U/9a//aH/PgF/+y//ty1P4p/81v+hv/8r/k9/it9v7Ws/Uf87/M57/0/k/+k//k3/+b/dU/8+Cfery79zf9z2f/y2/8tzz96/6jzz797M2LP/S/Pvnn/7u/fHH9R6/+4d/3j/0bsz/y8b/1D5z99LvtN7/Lf1P8U79g/Jf/mft/1X/8e22Vf/9P/3e/7PzqN77zx/7Lv/d//L/8yye/7tV/8Pf8lr/D77z8Hf+9v/uX//f/wJ/2y3790//2r//1f6O/46fu/ne/0/6/8Nf85f/nP/bx7/LoH/91/4Q/4z/7/f73f/b3+E9/o9/yb/jrfqd//Xu/70//h//GhFYCfq8/8Xf5rb/zF/3Zf+rD3+kf/m//rr/3p//9n/wdfutn/9Pv92v/fn/vf/yr7p3+3s//rV/7D/uz/9Zf/dPf/SP/wp968df/IX/ab/Mb/xtvFn/Lb/uH/QZ/75t/+jd88Xs8/a///v/x3/xTdn+/f/Txb/jtP+0vv3d5+fd/Nf1HvnP37/5ft5/85b/o9/6fHv+xz5//xn/wo+3f/9mnyxd/y09O/o9/5Z//R/6Zf+PP+3f+/c9283/zD/r7fuInLv/Xv/5P+1V/3D/yZ/+Hs/z3/N6Xf/4vrn7VH/I7vP3P/sm/5d/4Vb/L7/Azd3/q15784f/+9/+y/+0v+GP2/os/+lf8mZd/3N+9v/0b/RX/3m/1l/0dx//kT7/91X/Cb//f/O9/z9/zt/+Kk/Nf+Of8yj/kz3v91/6x/9U/9z/+bf/h//k7X2V/yJ/+C3+NX/bwn7/3V/4rv93p5e9Q/Lrf++//ol/0y3/Jxa/1N/4z//wv/7/Hv+1P/jq/8rf4D/+JX/zf/vW//YO/4G/9z//bfzh9/lf+9P7v82f92f/wr/03/X1/0R//xxe/84/9Hn/k3/p3PPgD/7uf/k/+0fv/83/8q/+93/7X/EX/3m/6V/8Ff8j4t7n8vf6N3/Lv/X3+kfYv+LN+n7/5X/iTfrD1p138Bl/9tf/H6L++9zu/+L3ufPcX/5tX5at/7/f6q88f/NhP3P2r/pD6P3n27d9g51/8h/6Ln/hF/9bf/4f9wz/2p/7BzT/zV98Zf3r0gz/7//zv9l7/+ne/O/07ftf/+4/9+67+uN/2P/4tfof8v//v/6x/8tO/7g//L86/+rdO/tg/evknjf7QX/gf/o8fXfyZ/+Xfd/Yn/Lp/X/HX/VW/+y/+c77z7/3nf+3fnP53f8qf9T+8+F2/c+8v/7f+4n/4V/5vD/+q9rdp/ri/NLnzG/4PP/F/zP+83/uv+w//gT/8P9ze+yv+tV/5r7b/2k/8Nbv/2S/5R/+F3/l3+fff/ccHf9ZvVf9ef/N/d/k3/QfpH/rP/o6/4T/2p/6hv8f1v37+3/2T+X/xf/4Oz/6A/+Qv+Wjxb/wXs//79/2Hfun/8L/c/71/9e/079598H/+s2/+3f/0N/4Hv/0rfvDH/JN/yOR//UHyl/4ZP/M7/am/8H/+U/+aaf3X/xmr+l94+L3Zr33nN/vBX/yH7j9//Dv97X/cdf2v/ek/+O4v/KV/1Pav+Y99sv36r/21/7M/5nf7tf68X/yXP/xVf/t/9of/VZ+f/zbP1r/yd/v1/9o/5Z/+S3/B3/Psr1r8Vf/gX/J3/hG/26/4u+786n/twX/wn+38kv/5Nzh59Hf/+n/I3/Y/Zv/pv/kP/ft/3BfrL7/znd/ybz/+W//q/+h//HX/2l/8m/zBv+jPu/7ov/0bf4vf897O7/76d//+L/sP/7jf8p//hf/Of/P6T//Tvroq/s6jf/v3/7Uv/9g/9k9++Nf+57/s3/r2/Gf+9F/xW+7863/Y3tXf/t/9+f/z3/tL/5Xf7l/9ey+P/7D/+7+Y/Qf/+9/zS7+z+nPS3+4P/2d+9eonX/3Tv+Uff/on/1P/4h97/7/67f6nX/KHv/3X/5uXv03+9/0Pv/Rv/N3P0/Vv/Lv9uSd/3j+0/oP/o3/z//pVf++v2vrXHvyBO9uL3/EH/0D6L9z/Bx+/+s7/9JdMPzv+y/ZPsq/+oz/yL3v9mz/4bX+7v+CPKP/i57/7vcnv+td/8Qf80r2fuJ7/p7/pxZ1/9p/5vf/Vv2j6d/+jW3/gb/73X2e/896Xf+ufUP7Rv+zu1n/0j/4Jf+Q//pv/U3/d9/7c//Zl8eUf8G/+q3/uH/itf/6f+m/O/sq//y/6wW+8/Rv8xPxv+vE/41uv35z8WX/W/32+2P4r/uPX/9j1H7J19Pbf/hO+92/+Dn/MH7N1580fc+d3f/ebFH//2z/0z/kd/9C/f/Y7/Ebf+5mP/6Psx//Rf+W7v8GDl1/+7b/xX/n77j38Qz5+8Rv8ue0/+4f9+n/5f/2X/YX/23f+x19e3P37xv/lr/Wr/+a/5S88TV/8l7/lb/93fCv9p/+Ef/K3/B3+2n/tL/zTf9e/6c/43v/0K3/6X/y9//F/+D/9Y/+Ef/nf/vd+2R+4839+95//5etf+a3f4+0/+3v/H7/N7/hg94//j47+lP/sf/2P/vB//LO/7+/6nX7brb/6x/+p717+Db/D/tU/3P74H/KX/Wn//L/86z0+/89+91//1/6/fo9Hf/pvUz/+ff+3f+x3/A/+uP/1L8p3fvpvu/jzzz+pf/Iv/N3zP/De7D/9E/7qv+0P+X1/8Evn//vfdvd3/NVP/pHf9A86aat/e/ELf/1/9b9783/e/Yn08p//W/+R3+s3+3t/s3/79/4V//q/99v+fX/w7/9vvfu3/6Xf5O/5EyjwPPpT/43f63c9+V9+v1/vXnb9k3/+P/C3/0e/z+/+a//d//Fv/Bf/Bv/Rv/w3/G9P//F/9Jf+xr/+X/l7/NZ/8d3/4Z/4W3+D/+Lsn/rB/X/zt//7/suf+c1+qz/gj/8/H/3Nv8FP/0G///Hhvf/2j/sH/qDfdf/P/Z/+9f/hB7/9v/zTi9/iv/vF/8bv9C/9zX9h/Tf+bt/95f/N44ODv/lPX/6Wy53/61dXf/8v+E/+y9/hN/4D/rq/5nf75dfZf/y3/Sn/7S/9c/+vf/af+dbv/Av+7j/hf/lLs/1/7n/5D77/xd/xn/0T/8tv8qf/Vf/br/v4z/jb/9J/5G/46F/9D/6Mv2n0337yP/66//Dr//m//NZf/hv+hod/x3/5B/y7/+Yf8qf/m3/Qv7t7/yf+m+/+9J/790x/5tf7Rb/db/yv/TX/8N/95J/4N37yj338N/ytn/5Jq//y7/6z/tHf4W/8pf/Yb/2X/Vrf2f+zZ//U//Qn/cSf9S/+399+8rv/+MP7f8N/8dv95KM/fPL3/Qb/86//b/6i7/3mf/qf8b//VX/XL/wNXv65f8KDj/+YX3r4T/1Xd/7XN//LH/iH/23faT766lf+jX/f//Tj/+1Hf9Ov/9/+dv/qf/m/3b3/f/5xf/xi9n+9/Cvu/Qv3svGf9Tv8b8+f/5/Vv/T3/Ym/xfP/5n/7j//1P/Z3/w///qOrN7/09/vP/49f9pck/+lnv+VfffIn/5u/8Nf9K8f/yd/33e/8oPob3vwDf9jf9Qv/rb/5kz/nt/mTvnvwk7/Pb/Fv/Wl/zt/4O/3Cv/N/Hv3Nf/S/8Jcf/0M/c/Yrf9mv8X///v/WT/yOO68nf8Of/Vv9Q//bb/Hoj7j7G/2n//5v+x/+n3/2X/Rr/A+/0X/x3/1HF3/Og3/z7/hVP/E3rNP/9X/7X/+cT37lX/eP/1Xpb/BL/6Z/8z/8u//F3/V/+IW//R/4i//8/4TWRH/wZ/3Vf9zxP/CLfrc/+eTvz07+qH/18Z/1+t/+7OEvn9z7+7eyf/x//c//2T/0W//qL/qfj/7Hf/9X/4d/4X/w+3352/99v/5f8jN/VfL7/1F/yq/71W+3d3D+z/8af+jf9Y/89P/2Jx78er/ZxZ998G/9Ld//mcXZf/OP/AWXFw//yL/11bf/tT/q5J/5Z37F68f/4e/8m9ezP+2v+vs//SW/zj8z+T//9N/h//rs3/zeX/I7/Ka/7m/1R/75f+rO7/33//5/3M6jf+N/+ZP/ot/pd0mfNb/9q9/s1R/17P/4tX/7Z//e//S7/J9P/8b/8xf/+h/9E7/2r/h3dv7V//D//O/fbdW/6x/xC/7Q/+g3+i3/ln/uz/jH/pj/6Q/5Zdt/b3v2v//Uv/Ln7/+p/+lv+vq/+n3/qY8uf/HP/N47/8c/88vz8Z/+2/8653/Gn/757/D3/OX/w//4l378avJn/6Wf/S3//W9xPPt1f9c/6G/8X37tz/7sb/1rd/7TP/bpP/3r/Bf/7H/87d/nV/zif+0v/NV/yp/wF3zv1/j1/r3Pfp//+X/8R37Zv/wf/yb/69/5z/3N69/l3x6vf+Uf908++nNn/8z83/4r/5o/4Ff95dPf+if/pt/lr86+9zd+/t//Nf/Wb/0PnfwVf+hv9f3f8rf5wT/35+3m4z/jL/jun/AL/7t/4I/8k/6R1/u/3Z//+/8lh0f/5d/wH//dv3/zN/8Tf/yXv8nf+Et/5X/4u/zpf/+j/+G//S9/8R/5m/+u07/t9/oT/v7Jd/b/sL/mxe/7F/w7v+jg9/oH/tXf/q8t/7T/8q/5Q37yP/69/vyP/qanf+yf/8f+Jru/x1e/8tf59Mf/hX/rd/4bf82XB+f/wa/7F33ylxd/11/2k9v/2PHv8OXf+Sf+tf/wLxr/eX/Or/wDn/0D2d/5jyX3/ubf5D/+zV/+Ff/q//jPP/rz/vxXf86/+Wu8efxP/MTf+1/9lf/Nrz/9nf+Qv+ne6uQPzv6eX/c3/asO/ph//X/+/Fu/5F/5Re3ob/vkN/j3/uj/4/Uf8zf9S+Nf8NGv/1f8HaM/6P/4h/72P/z3/zf/oX/hnxz/p//RP//rffKb3Pmn/5vsX3r1q37l3/J3/HH/yNv07xz9woPnf9//cff//pVX//Gf9G//Sf/zk3/uH/uT/5Zf+jvf/W0/+/v/s7/x+3/u+b/6D3z55rf/X37NX3X3p1Z/9W/6b37+E3/C7LN/4L/6qQe/+T/+2/6qs8M/bvQHPvzjfqN3Xzz/7X7v/7T9Rb9/9o/+KXdP/4df/Xuc/5v/53/2v/+qT37r3y//G/6kf2Z3+6sv0y//ut3/5h+7/pf+rH/y9/z0r/hbvvU7/Cf/11/+Nzf/0cXfOPmL/7x3//wf9pv84j/qe//NYu+f3T37zS5+vfY/+LX/2u0/71/+B3/qv/o7fvmf9Tf+qvFv8S//pT/xr/59v/9fl/2Vn/+Of9rzf+S32/n1/pO/98/7O76/+AP+7r/+9/6H/qLyL/tT3v2CP+Z3/H3+3LP/5I/5a7/9f/xF/9A/+0/927/ou//39K/5ff6sy3/wX/jWefXsv/8N/v2H3/t3fvr3+T//7f/jF7363X73Zfp//Lt/1e/3l/x+d/6zv+Fb2Z/7V/3RP/Pv/Au/zd4//Wv9yX/gk9/s//o/f52Df2L0P/16v/q3/d3//j/l0/t/8N94vXz8v2V/7X/4H/xv3//H/tC9P/fvv7P6c/70//wv/8t+8v/8E9N/5T/51UeHf/Yv/ed+87/pX/n+f/oP/24//m/9N3/LH3n6i/67H/zbh7/FT//H5b/zG39n99/5r3+L3+OT3+mf/if/gn/o1/kl07/11/sv/uh//t/5F//g//4f+c6Xv8UfNv+x67/9H/4b/tu9L/6Wf/p5/b/8zK/7f00u/93f7k/8R/7Mv/Srfzf/je/+UX/DP/eP/B9/avIP/i33/upn/92//Q/+5O+7/+ed/w3/x1/7m3139Nf/Uwf/9uPXf+df8N9d/bff/18e/Lcnf+Hv8uf9u7/OP/lfXY6+9VO//96//kt+61/09/6qX/p3/zf/6V/8m/5jf9i9R2//6P/k3/rn/+2r/+L/+lf/2j/69/lL/sP/5mT3f7/6y/7wyYO/evzHf/I3/+1/yptfOnv7R//gt/1d/8Y//F/e/mf+vvnV93753zz64+s/8b/8nZ/9tX/dv7n+V/64P/7v+Zv//K9+r1/1F/0N3/vJ3+nFP/FP/lWv7v8nf9nf+/esf+ZX/A3/9b/9E7//r/rr/tzsyT/5rV/1n1z8d7/rb/BX/we/Q/M/nZ/+Pr/qnyz/jF/xa/wD//vjf/x3+e/+lj/wr/zH/udf95/9xf/FP/O7fvVv3PuZ+7/Nwy//wF/yF3/v7H8a/wb/0qMX/9I/9M//sb/Pp3/Nf/CfXX73F/1527/qP/8DX/z2/8Mvff3HHv70F//gxfo/+b9+p1/jp773TxS/69/zx33nz5z+xv/av5/+S//2H/Uf7vxh3/3oJ37f33f/n0un//wv+Bv/0Rftz/zGj//dP/f1X/eL/9V/9nedZc//79/pd379U7/6p//MnX/0z/pH/ut/8w//u//Tv+Sf/gv+0P/z7T93f/Kdv+R741/2R00//Tv/6ua3Pv2s/jf+sN/ob/4Vv+D7f96/+Hzrz/0Dn/7WP/Pkj/nzf8Mf+6/+l7/wz/uLfqMv/rp//J/9Wx+/+AX/3vF3f/3Fv/P3/DWzP/d/+jv+9o9/1d/6qx7+93/Nb/Di3Xd+jz/tV/1O//Ff9Mv+hj/vv/sXf7Pf+5/5J/7ct6++/Sf827/7q1/0g/M/ae9P/EuffvYn/Ml/93f+8/yv+86f9auKb/9Xn/4Hp//263/xv/lX/8ff+Lf+h7//v/4rza/+S+t/dv9X/v0/9Qt+s/9h+/f6L/7Gv/13mLw8/D2m/+Ef9sc+/L9/+V/5V/3YX7b+N/7Lf/o3+2f/5n//t/0Hful/8fv/T7/xd9/8p3/7P/AbPvrk8i///d/+p09/cPTf/F1f/Q/pv/Jb/Kpf+A/8Tr/j7/eT5d7v/Nk/890/78/+j/+P68t/+795+yf9AX/W+T95d2f/7xv/YOcP/zu2/6Df5k/46w7+5/Nf9vK/+PP+sj+j+L/yt9/+3V//pfO3s//tN/m//9VX//a/8vv9wSer7J/+BdMf/Hp/69/1W/xmL/+9P+Zbf8bv9ct+7a3f8dH/8um/9Ku/+gf++l/5v/xpx3/GP/ln/k3/5o//Rf/EX/+tf/J/+S0+/S/+rv/u1bfu/eX/5J/x1/xWv/0nv/YPfiL7D36d//Cv+Dt+/F/7xX//fzb9G3+d6vgf/LSsfvcf/Av/4l/75/wNf9dnv+g3+vRfffvbPflr/7A/4nD1R/6en/5Z/9fv/if8xn/Cn/t3/X4/9Xc/qv65X/iX/yZ/7Gd/yN/1Z/91P/P2f3978XtsffFb/A2/3//51/++s7//4G//+PP/4O/5w17+af/zf/Kv/NF/8c/8zX/Sf/Sn/1c/9s//yf/gH//f/et/4b/5a/9m/9h/8We9+A/GW/9m9U//cb/7//nv/Wf/7Cf/7F9+/O6f/1f/+l//t/ijf/Kvyf6T7/zCt3/46X/+n/8Of9mv/D//vN/nx59e/9+/+o//Zb/29/7G//n3/ta/++WdL5d/xT/9H/ziP7uY/2V/6e/x6/8tv+mf/9f8qr/4T33w2/05/9d3/8h/7G/7v3/53/tv/ot3/8HfbPV3/WPlX/0n/hEHf/Tf/Uf/qn/q//of/+S/cPpf/aH/6Hf/t8V/82d/mf5bf+W/9Cd+9+mf+vC/+gNeb/3vf82v/3fNvvdb/0YPHz78a37nv+k3+p9+svmt/+r/+Df86enODz75836/y3/7J3+L3/d3/pW/69/+u/8Z/9bv9Of8SX/lr977Nf6Y/+q//n3+5ntv21/9N/yiv/wnftv/9T/7R37n//Bv+hN/57/gD3n5t/+6z//5P/S//0N+r3/gV12m/+zRv/nRz/zHf+rv/9m/M/uDj//x/+Hg3bN/4NcY/U93/t0/41/8E/6LX/uP/w8++St/9z9t67/62+//GV/+T//Tf/Jv/jW/05/1g/X4P/v2+Hv/2T90Nvut//Ojf/T3/hv+2L/ml/7knzEpTv+B//6//t//gd/52Ytf/af//b/737Nz/W99+ntUv+Hftv6Nn/5z/+7f9jf+ib/3f/dP/AN/8md/66eLB//6n3z/r/+r79//m/+gf/Tf/w//rt/t3/n1/9u/4pf83n/g77T99s//HX+LPyD/i//iv/iP/xt+ya/z1/xL/+7x7zT6M179hd/9rV/8/r/D/D/8cvt/+N3+hf/5t/vu7/nn/FkHf9MX//OvevaL/qU/9Jf94b/ef97+k//KP/St/+m/+8f+vPT//qf/tO3T4u/4E4/+yd/4n/gDJnf++k//7i//xL1f9U/8adXv+FP/zO/+b/yd3/rL/pjf6fFP1v9L/uLOv/7L/tI/93/a+V8vfqff5dVv8e4P+KV/3eK/+7/+sb/ws38t+Ut/+X/3L/5nv+AX3/0//u7V2Z/wF/y5v8Fff/jH/MP/86fX//3f+Q99/OTO+b/637z5s3/7/+K/+J1/4d/7G/9a/8gf9bL4jX6jf+f/+m3+ycv//Z8a/R0H//6/+uf/zd/56X/vX/u7zv6H3+vPmvxb/+wveXXY/O+/6C/8zp/6O/y+v13yh/0jf+S//Rv+Pr/Vn/7r/o5/3ad/+eHWf9vun//hv97f+/f9Bf/nL/jH/42/4F/+ff653+XfP/glR//+b/fmi7Pl4veY//d/x+/7V1/94t/p3/td/6jk1/jH/pD/8s/+J/6Pf/vvvPPv/7u/xXf/wt/tf/+N/pvir/xXf5+f+kNm9/Pf5D/aefU3/6LF/3byz/5Gv+GTH/yvf8Bnv/tf+W//tX/SR3/Pv/Gb/fP/+l/y5/zbf91f+3/9Yf9U+qf9TX/SP/OH/N5/wf/xz/30V7/8L/3v/pbf7r//2/+C7/5f/+7f9w/9bb/Pv/M3/UO/1n/9R/4xf+Kf8He9+O//07/vV/9Rv/+jf+0nX33/439y8k/+qn/vj/xtvv1v/VffOfuz/8xf/ec//ey//V3/ge/8qj/jf/+f/sSz/+uv/l//i//uD/ib/u2/f+8f/4NO//NfOPtL/4Lf+df+r3+/Fzt/1d/dvvzHfp3lt39T8jA+/xt/yb1f/A/9k3/AL3rw6/51P/UfHP74//1b/V6/zb2/5v/+6/7ov+nT3+z3+85/+lu9/Bee/Um/6tf/Vf/4v/yrfsX03m9y+X//gz85Sb73vb/qT/ljDn+D3/V3+9P/gh8r8j/nn/jvf/XD//n3/R/+g1/5h/8zT2iV8K/9R/+92X/0P/0df+Vf/If/o//Txb/6D/wbf+fv9z+9/cG//1/c/7//+D/pFz74A/7pf+XX+gP+vr/w0cN/6s/+n1//vue/2b/5T//av83/9av//l/j7/vHxuf1L/wd/rbnP/nv/Ye//H/9x//nf/D+3/a3/cP/6N/yr/z6v8Ef/i/9Gtd/2V/3z/5Gf/ff/of+6f919cv/xn//H/mtvvNb/er/pP23f+rx7/rr/7F7/+Lf+Xf8sf/bf/b3/5LZv/zj//cf/5v9Dr/oTzqe/A+/+7/3X//EX/03/mP/3v0/6df6M7/7t21952/6RVu/9Df95f/t3/GL/q//ePff/9se/g7/+rP/5c/9PX7P3+I3/50n5+vv/Af/6++x+/v9lqNf8Af9z7/jt8/3/+g//Xt/8G/2H/0xv8W/cf9fvMr+jL/2z2r+hT/5q9M/9Rf8zl/8rb/VX/s7/pq/6G/4zX6Pv+B/+9+Tn/hf/7Jf0Dx88Df+B3/WP/aX/MV/weTTv+FP+PX+8n/s3/11/pR//PMnP7j4J/+vP/7bn/9Df/Sf8fB3u3rz6Df8v3+f//oPml1//Bte//q/z/9w/Uf9L7/5H/hy9Df/Thf/87/x+o//t45/8Ef/OX/+/1b9Hn//f/rwP7j/7/+Wvzw7nyxennzvL/t317/x7/RX7vwV/9bf/be/+Z//7t+l/Sr7yT/9N/v3X/+v/9rv8BdPD3754Z/7n/7Hf87/8Wfu/qffu/tb/YP/x3/2K/fGZ//J9z7/e9/8F6vm7/g3fvXHv/f/9JP/1b/xa/+W2V/zbP/P/1V/2nf+0C//9ye/8f0/efaX/1rV//YvLP6e4u3//qd+5w9/9fmv+tX/x8Ev+Hf/nF/28U/++r/Dt//DP/w3+C9+x/91/1/8db/3b/x2v/Xfd/5v/N9/yj/7699b/AtP/t3f6Lf+D/6nxZ/z953+3f/eb/6X/Cf/6m//z/xz3/p9/sn/9uw/O/33l9//Y37ik//u/l/Z/Nv/w3f+mwd19nf+53/N3/Kb/hn/0Xfv7/5W+S96+Lf8af/D9/7pf/W3uvvb/+d/wX/75/13f8ovT7/dUHDzH5b/yNn/8Dfc/1V/7C/803+d7d/4b/onf/wHx7/i3/gd/8C/4L+6+h1/autv+913/+rf+L+u/9X/YPrr/Dc/uFz88X/83/xf/Zp/yKN//P968Q/u/cl//f/5V//0L/vzfvCt3/if/zWTk/zP+D1/6jc//u//s3/h+dWf+vYfqv7+P/tf+BP/qf/9r/2zi3/h6L/5s3716a//7/y5f/zWL/03ft8v/+2/+5/8l//SX/aH/0Z/wf/1B/+6/8iTf/Bv/XX/r1/zX/p7/tmvmq3/Yv1Lf2rrd/vj/rnlj/2zf+pv8Hv/b6//y9/v9/7+j/0dv/Nf8OW7vz39x3/lb330T/7j/8Mf8kf8sX/KX7P8b3/PP/3oz/yv/6y7f+IX3/lVv/pf/cU/89v+aQ//t5+cL3/lv/nf/cvl//3n/OP/+n/6u3z3+W/w+/0af9Iv2/9v/9N/rvneL/sj/9g/+x/9pT/+9/21v/7/8hf+h39s+1/+xn/at/77f/Y3+hP+gF+8+o13/nNaHftLfs/R3/Tpb/cbfOsP+Ym/7g/5u3/x3/bgr/rXf5d//sGv/rO+/D/Pf/Mnf/p/9ndt3/9Nf7N/+2deFP/Df/kn/ee/1//xf/6RL/6cP+pv/DN+3/Jf+Af+oV/7d/0V7/6mv+33np78Vv/FL/5r/rmzP6v6Z/+4P/ifWDx6e3r3z/y3/uHv/rZ/39/+b/3281//j/t8/i88+HX++Ie/11/wa3/8p/8hf9qv/qv+xz+5+c//it/61/uj1r/6J/7jP/Mv+eP+8X/kf/iVvyT5c3/BXzb+m//i/+lf/XP/1n/8j/mV/+33/tn/8J/9b1/9Tv/+3q+x+AV/1j/wvas/6j/4q/6TX/rP/57/y6/+dz/6P/6Zi3/xP/6Pv/Ov7P30v/j27179V3/uX/vL/8f/83/+V37Tv+PL2V/zR/6+/+Df8W/+Jle/0x/7d/8ur3+nv/Yf+S//+r/+2dt/7Ae/9bd++b/8r37STH7L18V/8rf8nX/5/dPf5V/7ff+a//1/fvcbVr/kT/g1/tR/+Lf6Nf6b3/O3/tfqP3j6d/6h4weHl//i7/a3jP74nzz9u/+ev+df/l3+nT/nn/sbfp8//+gv+63u/rK/sfir/oL7f9c/98e9+IN/4r/95//Dv/bff/Gv/Fp/+n+3+/f/5//Hr/w7/9yf+j9+7//tkz/k3d0/ffRm8u/9+7/4t/7DJ/9Y88//Ebu/6g//q/6Gz//j7//63/1n/vN/4fyP/nX/sP/xr/pL/8h/4B/9u/+rf/TP/uT6p7/ze/zGf9u/9NnRb/3g7/tP/5zH/1jx383/00e/3uPLX/S//BW/8Ft/4p/6W/xnv9lvVfyWv/3f99//J3f/i9/v1/1nftN/4pf8DXd+1WL8p/8Ff+b6v/qt/5Tf8b9/c/33/Jf/1qtffvwH/u37P7X+Rb/yH/v0N/vj/+f8F/8Df8Tf9oP/8vdrfvmjf/rve3zy59Yf/U3/yN/+L/+5f+Nv8fnf9Ff+Gcnf8nseT37D3/sf+31+9fSfWSx+n1939jP3f/z/+J//wevfvvrT//4/8E/8ff7Gf/M//f3+vD/9N/nX/61n/3bzm/++v96v/of/w//ts3/st/2HLv70rz7+P7ef/1+/9M/79/6xf/Z3+Qv/h/81/f0Xf/vRP/Xk8S981vyxf9n//mf+dm9+v1/7r9g7m/+PO89Hz/7KX/67/Wd/cvbq97n8pX/xH3X+3//Ef/nn//jkH/n7f+t657dc/brFH/Lut/yH/v4/4O/8zx/+1r/qn/1f/uxf96/5b3/6N/v4b/wD/8o/43//Hx+8+RP+l7/ij/2dL3/h9/6TP+FfePGbfPLJb/S9x7/sX/0Fv95f+r+93vkLfsd/4ic//Xt+n8Wf/OaP/PPu/m3/3Z/z37366qs//k/7B//Jf/83+V/vPD05ffxX/JW/1/en/93vs//7/82/wy/+Lf/b3+bvq/7Q7T/v7/v1fp+/efljv/LfePEf/x//6n/8O/wt/9ef8J2/4l/93X/3/+HLf+g3+tt/93/yL/qlv/ff82/u/g+/xX/9e//q3/3f+i9e//n/xh9799f8tf65f/xv/m/+/n/mrzj9U85/j+9M/rDrP/pfmv2WTfM//5l/+H/6Ty1/49/q7/sLf2r843/C8fZXf9x3Dv7+P/8v+nf+h9/7B//Zv/kH/a+/1//xP/2bb/+h4nf9N/6QP/j5v/3X/wO/9Ff+rX/7yS/b/69/83/wT3l475/5R//mv+HLb/3Cv/Qf+Pf+lt/x+J9s/sGfvvfJb/zf/9r/5N/yR777z9tP/o7f8eqTP+BX/eLqzuwvT/7g3/7p7/+H/AFvnv6Nv+lf+gc//lfOXv1n//X//pv/E//6b/l//Tf/2990+Eef/N5Hf9lv/z//RWc/9dv8h3/E//27/1F/f/pv/Ya/7L/77J88/wf/5F/37Z/3d/8jP/Zffv+v+c//6j/yt3r17/2a/8If9d/85/f/9X/yHxz/t3/of/tr/Gu/xj/6Hx380b+i+S0nf+c/8OzkV/1rv/nn//1v+/aLX/+f/J3/mhd/6cv/deuf+8/+sd978m9kv/6Pzf6HP+iP2vv9th7+Ln/b3i/9PX6f3/nL3/P5b/l7/lt/6e+5+7//XV/9kf/gf/Mb/tf//V/yZ9z7wx7+Rf/Gn/Af/e6/+6/3P/yR//yP/Qmfrv6KP/vj7/33f8zf9p37nz/7ZT/x8N9+ffCLfvGz/7r4by8/+2Pe/V+//j/7R7++93uVf+wv+51/3d/5d/k//+77/+tv9J//B5Pf9X/93X6fP/Qf/6v/9r/so7O/8OK/+nzn1/ynRr/1X/f3zv+O3/D7z/72o7vjv/pP+Yf/nt/xW7/st/9H//ntj3/f3/v7za/6Y//mf+Knvvxrfv9/4P/8U/69f+/f+7POfrO/4uF/9hv/nn/vP/Br/QN/6Zcf/caf/ZN/zNH3f+1/5N/4avk//amzv+B/+A8f/hl/xe92/Rv82v/zf/aH/C3/8m/4f/xpf9Fv9NN/9b1f/hv8G6v/4g/8A778s//Tyf9Wp3/K/sm/+I989Mf9g3/v3/w/HfyHl3/LX3/v1/1F/1zy2/yWv/PW/rs/K3my+6/+Nh8vfs2f+bv/pD/isz/yu3/ef9/8cdPF3dWv+w/+DX/wX3j2p/6b/9D/svwTv//f/9O/7n/2739R/BH/43/9D/9rv/OX/+E/9g/9bv/p/d/sj/gvH5/+r1u/8H/9/Y5f/Ibf+hee/Da/c/4v/yvv/qj/5g9+fXD++/2rv/LZH/OP/g2/5l/w+n/8Bf/kX/K7/uu/3n/3B/4Fe/Nf/Bv/S3/W//Q/H/8D/2H7F/z5R39u+ef9RX/UV7/FR3/wb7I8/u7f/Oce/Of3dn6Hf+4v+9Vn9d//r/2p//K93+If+9t+0W/8+D/4/i//m/+q1//H3/4r/pGv/rm/90/6b5Lf7Mf/06Pkb/7eX/XHPPk/fqf9//QfWJR3/rTDb9f/+b//nb/ll/11v/f/8rv+Tv/Kv3T9F+xdZ//5H/et/+sv+7X/jt/sN/6XfuoffvzVv/GP/at/27/wN/z42//o+tmzj/7g3+df/ef/sL/jf7jzP/6+17/wt/y7/9BXf8Xf8Af/dv/IX/77/n2/wdn/9Lft/YW//8s/4u/4da/OLv6kP+fij/z27/+7Hf45/+Pf+fv9m9//tX7V23/oV/9Nf8Gv8dW/8If8IH31/X/+d3jzf/5uf8Hf8Of8ff/Y3/AP/He/3fa/+Q/s/+e//u/65/75v+c/eO+Tzy9+vT/pt/vVf8Jv8f2/5Y/8PWav/vHf91/49f/Fv/bgn/o3P/kzvvjb/4tH+f/2J/823/nzjt/+S//xr/uL/4R/8k9Y/In/8b/8z/xtv/lv8it/+W/wH/x9//1/9D/8W0//vWn5R/4Jf/gf98nf+7uf/cP/5a/7e/+fv/S3/nMv/4e/6+/5Pf6z/+Iv27l+/R/8sX/IH/e/vpv8c3//n/5b/+37z/+w//Ef+k//29/sr/v1/o1/6L//j/+FX1L/zD/9L/8FP1n+4b/7H/dr/Lr/yr+69y/9AX/EZ5e/4K9K/4c/5fd/8BPf+1v+wOZv/VN+4z/i/M+qfv+/+Nvf/z9W/+4/Vv4f//nkr/j+H/4f/yZ/57/1P/4xv8erg1/9n/15/+O/fPbJv/lr/E5/64P/8Tf/6k9Mf5t/67f7l/6n8t/7vf+wv375W/8Rf+rxP/wr/v3/9fO//N/8PUd3/5v/43f4n/7t7/1Tv/i3/sH//Jf+j3/Mb3Td/sY7v+cv/jP+of/gz/+Xdn/6j/7kD/+xf+rNwb/9b//G//j+v/Xv/TF/f3P3n/kt/6e/9t/4/i+mDNDj//M/2Ptdf9vf6g+//EP/nl/jr7zzJ//2f8j3/vq/5tf7zV7+b/nOv/Ln/B7/6B/xH317/PC/+oN+6hf+Wr/X4+YP+Xt/vT/l73ly90/6cvQP/b6v/+f5r/uL/qjlv3v6x3z5j/7PxYPfbvHVH/Orf/zv+G//gb/vl/+Kn/6z/oDv/5f/2e/175z+R3/gb/pb/xd/8i/9w/6Nv2Hrj/vNnv3Z/1n+d/6dzd/x8Ff/UX//H1v9fVnxp/9V//jv8C/9n+e/6dnv8PpX/hN/29G/8Z/8Fs2vc//dn/VvZn/Ot/+XP/c32/0///r/6d/4Df+cP+nf/SP/q3b37/w9/8A/7vd78q//Sy+bOj/9ff7SX/7tX/WbLf6FR3/4n/+Hrn/t//TXPSr/ur85+WXPv/iT/tC/73e++OV/1B/xJz29+sH5v/7r/a8f/e5/xL/yR/yTf8Kv+eu8+uJ/+Scn/8gv+Df/uP/qb/70z/1P//Nf9rt/cf37/Gt/+Ovf4m+6/+vkP/i7/rR/8LPv/6n//t/yf/9W948vf/K3+SeW/8C/8qf9+F/+4//C/V9Rf5X/oR/9Kb/yn/7i3zv93X7pP/br/Sn/6+/8v/0PX/xrn/wbbz7/Zf/+P/I3/KF/xsVXj3/vv/s3/7f/qz/6l/83P/0n/zd/yr/25/zFv/vuv/W7/Sf/wR/zz27nv8Zv/df+4t9y8tV/vv1X/R+/0fnFv/zVr/xy9cfc/61/l3/gL/yf/+Z/7i/9T37vO//4wR+9+/f8g7/Ln/ub/o//1n95Mf/+f/77/tr3/9LfmvLUv+uf9E/+m7/Gn/utn/n0N/gVf+Nf+kf/F7N/+Z9rfv/f+m/6/X7f/+733f/N/7n/+U9c/9H/2dVf+ef8K//e//VLfq//8s/6n//t//Zf+3t/nd/53/yD/v1/5A/6/f7Qv/5v+YceNH/un/e33v/W7978o4/+9n/oN/p3f+9//uJXzO/d/8l/5vf91j/4Nz28N1sno7/o8Z9ZHf7gb/nXP/2Xfp+/5c/8pZM/8tf9e7Jftf0n/t+f/7O/4B87fPUP/zU/80f94n/6D/y3fvDn/Nn/yR/62/1vf/wf8lf/Odv/7Md/9R/xNx/+OT+z91v/md9q/s4/7Ff/Q7/Di9/hb/oDfsn/+lc8+xMP/sSj3+vf+MP/z9/1//zLfpd/4S//9Mc++3fP/6lH/9rDP+vV3/q//J+/Uf4n/dH/2L/7p/3ps9/0X/+f/8Ef+z2W737h31f/az/xJ/129+f/zeGf/vv8yn/iH1v++O7v9ad8/qd/8Rv9xf/0X33/H/urf43//jc8/sP+yF/3n/nuX/K3/W6/4vWLP+tffPb7/tf7/+qv+H3+h69+t//kf3/4S/+n0//oFz/7xf/cp7/5P/mvXf97f+hP/Ub/yi/5nU5/7JP/5eFv+nv/s//MP/TkD5n8Adn//cn/+ZN/+V+70977az7/i773O/xf3/9zTv+6X/Qn/Qc/8bf+d3//07/9L/+7fu/Fv/Rr/0k73/31/8dfa/x7//pHX/7LO7/hH3jx3/3+f+X3ft+/+Ff80V/+tX/Zf/r68F+59xf80dWf8Mf8Bv/sf/5b/Qt/w7t/6A/5u/+CP+9v/9V/wQ/+9L/6d/mb/tLf+v/4tf6cv+xv/V9+7//xb/6D/pS/Z+v/Pvn9//L23372T/wpf8B/+C/ur/+cv+Af/pP/gD/8V/5z5b+9/b/9pX/B//n7f3v/P9z9/X6N//On//m/+n//6YP5n3169rv9Jss3v9l//Pv9+//yKvsDf82/4W//3y9+yf/S/II/7q/7d3/Bo63/6i/87PX/+U/9Kx/t/Ha//k//8f/hH/4zf8D//sv+rX/v7/xD3v66v89v/OP/5L/9F/z45e909E9Md//H/7b9H578X3/Cf/k/3vvJP+J32H/52//Vv8/VJ//In/xn/Evrv/Rbf+3/8KcnP/ibLn7D/+KX//P/yq//P9z98e3XP/Y7/3e/9l/z7/9F//l/8y/+W3/k7/w//Ea/5JPf99e5aj76Z/+x3+CP/pl/8O67f/Y/+PQP+Ev+5sf/5Pq3OPwn/oDf8h/73f+OPz959se+3ado5e/4p3/90YP//k/73/7IO//qf/aXnf2Wf+WLP2I0+43u/fW/6a/c+hX/1cPv/4cP279ylv/fP/kv/Vb/2tWf/Sf91b/x3/Ab/fn/+D//p/7z7S98+Q8/+O1+wz/iT/rD/6tv/+dP/sHPf5+3v+CvvPrFX/4Hf+53f5Oj//Q3+A//u7/9zh/yX/+SP/a3nr149Pf+q7/9T/9ef9T/Wv/NP/Ev/uH/yx96nv6BHzd/5ucP/9I/5G998Wf8F3/N6hd88dHrP+kvSP6FL/+Dv/Mv//QfOPprf4ff+0+vf4vjv/Pv/P793/4//P3+jf/75KM/4s2f/Q/+Lx/9t3/p3/Pr/PlX3/mbfkGz9bf+Hn/1weLv+et2//s/5X/7bf+if/fit7h4/e//n5/8j9/+83+Di1/9hz19/E/9+7/q9Lf/237vg9/j9/kNn/zjv+Knf9nv/w/PT5e/y/N3f9M/9df8Z3/o3/xn/p9H/8XTv+Tf/fZf9Pbf/DtO3v3uq9/o1/49/uG/Lv8zL/7Yp9u/0T/197z+S7I/7K/+VS/e/JJfsPNXPX39Xz/8M/7Q/+k3+n1/2daXf/t/+ec+/M8f/+N3Lv6iv+n+L37yJ/4z9+79p3/XT/2m//fv+d89ufvTF1tvfqN/4z/9V+//F//h3/33/52/7R/8V/6jn93/18/+tH/t4Pe5/u6jP/iPPtz6Nf6xv/vHf8X/9kd/9bf+Ff/9H/kb/YGrwz/on/3Dzv+Q3/Zf/EO++CfTX/6b/C5/6v/852Z/15/xO/89f9bW977z337nn/27vvNnvnr15/wJf+n6z/z3nn82+Q9frf/pf+cvf3jnP/wj/q/f/bf/m/7zP+W//N/e/nH/6t/5947/wP/kz/lT7v6h/+D/9Tf/4f/6b/Pgn/zdf5/f7jf61/7Ev+gf/fF/7uxf/ROKX/nr/Zn/4j/8v57/t9Pqv/xNfv+/5t/7n/6nv/53Pv+zf5ef/pW/X/7b/U9/1N/1M//rH/AnvfuLftv/8n99/vv+RX/XH/Gdf/rHf+rv/83/on/19Kvs1/tL/prv/t+/1elnbx7+L3/E//XX/S7//R/4p3/1Y78q/UWv/4n/6M/81n/7mz6e/mev/8F3X/29v+T3/9//2//yx/+DvdP/81u/0T/9B/0R/8Bf9if86gd/4G/825XJb/nP/a8/+GP+kntXo3/+j/pPFv/8f/bf/oP/y/f++b/77/xd/tj/8X/77PdNHv2nL//pv/Xtv/uH/dgvPf1ff6OPf/HV/vXPfPff+gv+mst/9st/46/6Pcf/7Q/+tD/qb306/ulf+83f8b/9Pv/nn/lP/RG/xr/36/7z/8a/Wv/hv89/9vf8zK+o/oq/+e/5DX63P/c7Jz/xL935C7/3G/27p3/8v1r+iX/Jr7X+n7/zH/9tr/+h3/joH/5Nfov//t/48X/xL/xr/+2/8Jee/76/3bt7f98v+In1v9X8/as/5+q/m/2f/8mf8E/9U3/0b/LL/8d/7j/63375F//uf/rnfv9vX/x2X/zb/+rv/y/+4R//Z//NH/ynffpbfP+v/rf/0ld/w//5W/7qP/YXfp7/rid/xO/8r/2zv91vcvkP/8Fv0z/sv13/l3/un/r2P/qNf69/j5zDvzf7C/+B3/pX/v7/9fHd3+Y3/P3+/l/yP5/+dj/5x/4X/9xf+pv8L//wq+9v/9L/5ad/7/F/9d/+FZdXd/7x//C/fXv/Pz3+a+7+DYtvv/xtf4et0V/+p/wf6f/16/0l/+3F4u/81t/8T/zVr+7/9X/JwW/4d/wRn/7hb37LtPqi/S3/za/O/7o/9bPfsfhPf4etV//jv//lv/5b/it/4Q/+/T/7X/vd/rDXv+7f8T/9TX/Mv/J3/jW/8Lf59R8dfLJ4/J/+pv/U967++7/5d7v6yZ+488/++Lv//u4v2vs/J/f+t+/+27/tb/1n/PV/1Hf+55/6n//73+bP2/4F/87h/3X6X/wjs//6d1j9+os/4bf/7f7no9/pJ//7f+Cf/1uf/aH/3tn/8NdNX/1O72a/yz/6Z/7Nv/ef/fGf8F/+ef/anX/58z//zn/wL/5Of9WT3+RP+G3+8V/2u/7kb/FfH/1j//hHizu/9bPf5Ff/8X/eP/jr/hl/z3f/4k//ll/+t/+pT/+of/L3Gv/5/90ftvgn/+Lf5X/5s/6I3/HZH/vXL/+1j/+MX/tX/ap/+U/8F+4//nf+ud/3j2t+rX/6n375X/xf/9ni4b/3t/7uf8liffl/jP66f/I/2Ptrtv7OX/Dv/O2/xa9cr2f7/+nv+S/e//6/evc3+ehf+/3+u3/ip092f8E/8uwP+y//sf/pV/+Tf//yb5ot/oXX//Vf/PSv+5nHv+G9v+a3+2d+QfFL/+X9d7/y+/f+2s9+05/5L/7uxZ/xv337L/xi+95f/7dW//lv/9/+up/+Ln/Z7/TX/FX/xU//U3/7f/XX/W5Pv/XXrX+PP+Z//N70H/jP/7Cd/Wf/3Hf/qr/uH/z9v/qZ05+68x//17/ubzoq/4/D//GPf/ynf/XwW//sPzJ585/+K3t/4X/8v/2ev+/f+oc++5s//gP/+Z/+K/+N/+1//He/9Qf9z//jt/7If/biT/mp5k/9Pf/K/+Jv+gXn3/kL/qk3f2H+a//txa/50R/59/29vyr50+79Cz+1fPtXH/8Z/8lf9tN/8d/wZ//P/+ODi3//d/77XvwWn/zDv93v81v9k7/t//E//Fr/92/2n1/95r/fv/2vnf3Zf/Zv/xt8mT7/lX/B67/2Hzj+7X7Zv/Sf/AOvv/1fzL/4zf6OO7/ei1d/+D/45/7rb9d/y//4i//av+Nf/6P/j3/lD/q7D/6yj/7nX+u3/Yf+nV/73t928Ov/6k9/q/F/9jf+zNv/65/83/6yj//a3+53/Vt/09/rL3zzW/z0H/A7/4qd3+/k99j+a7+6/3zyO279U3/bV0//87/y9/9r/uzf79f+4/6kP/03/0t/69/1ZP9v/MP/8b/3t/o3/8Kzv+/Pmf7lv+Y/9Dv9pa/2fuP/8r/7k/+5vY/+9l/77/3Xf+Vv9Hv8O1/e+523f9mfWv0pv/9fd/br/Zd/2287/e3f/ed/2L/xF9V/zvUf/Xy1+if/rH8o/WOqv7r5Y/61//Hv+4/+gH93/Of/W//XH7f+w/+vT3/q//irjuZ/+vn/+T//B7/Wn/1H/eu/zb/0W/4ff/uf8Lv9Zr/XD+qr7/5Ff8Nv8OXHV7/5l//hr/iNfovf8Hcd/S47D+797//Sf/27b/1R/+rf+C9mv+S3uPibfulv9+v/Kb/09/zu7/g//so//v6/9Mt+nX/33/yZv+3R//B//7av9v6CX/3LfvI//ve+/xc+eHTnn6t+27M/9s/+Pf7Sf/6v+5UHv+af9H/9Fn/kD/6Y8nef/FP/7P86/b2+uv6x/+Xf+7//zZ/8Q3/T//Lv/M//x7//8Lf79m/1j/6SP/mn//Xf7tf/Tz9/+5ve/Ut/nX/md/mv/qB/49/Z+m9+6h/5tb78M36zP3fnv/zit/uz9/+Fd3/8f/cP/bH/yR/9S/6Av+3d7/NXP3zzn/+6f9h3ftW/ff8/Ov7P7/1TD//BX/+X/R9/+n/5V/1R//E/9/pn/vc/+N//x/+dv+RXnf7xxe/9p/26f+fffv5r/Le/5W/6J+S/8s9YJf/I27/oH/pd/vK/9Hf5997d/ZX/zd/51/2Hv+wf+Df+mcMnv/2/851P7//bv+E/8l//7/9bO53+Uf/2iz/y11q/ePG3LnZ+svx1/52vfqc/++/+4qc+/St++buf/LV/2W99/v1/78f+6o+rw+/9eb/xvR/7L//B3+g3+dW/4o/+737Pf3n02R/12/2Nv+hv+dPrv/FPGn/1R4yaP+z61/hzfvr5b/cf/ODX+icf5v/Nv7r6pX/W4+TX+Wf+q7/wL3n0+/5+R7/nf/wH/ol/5l/5J/0VT/637/0Gf9Psl/3D3/7+3/xP/BEnf+gX3//iF/7j8798/8/+r36w+pfav/l3/xX/6F/wG/wVf+r/+bv/459+/09+dPfeH/PwF5z/3X/z3/Mrz3/Fv/fZfzH5b84WxR/zT/5hP/af/oZH//j/sPzJP/LH/5l/96/4xx/c+XVe/B//2D/43/3+l3/e7/N7r3//32b7aPbxP/hvffq9P++P/eSv+6l/+E85+ot2/+p/8Pf7N/6ofzr5u3de/09/89/2+dPf5Lf/A/+Lv/d3+Td+m19R/cF/7d/9n/79/0L9n/2mf89/+W+Uv+HH/8tv+/nhz/zXf9T/8cv/wl/9+y7y/+xf+tf/2r/sj/3H//4/6E89/Zf+59/gd/h7/pjX2//uw7/31/u7/oS/cfw7/kN/2m/25/zZf/Qv+/v/9H/+3/8zfp9/8n/73X6df2zrx/7z3/ivfvkPH/+PV7/+P7j6dz7799d/72/1m57/ff/Vf9H+J3/KH/k3Vj/9IE3/0n/q3/72X/Ub/Fv/3Y99+rf+el/+bb/P9b/9N/05/+N//mb1+sk/9ZN/yfhP/+pP+anvXf7kd4+//7/tbWf/5O9097/4e/6Av/37f873//Xf6G/4H/+3X/Y3/RmfjK9+p3/37/gX/9Y/5j/+FX/t9Ve/3b9QfPrX/C5/4exv+Ef+4vY3nv0Of+/JP/m9w3/87/5t/q8/4nu/4M87+Uv/+z/vtzr5ba9+8X/2N/xW/+j5n/jXfvbP/sW/7rMf2/vl63/kf/rz/86/8rf4b777l/6Vv/Uf+iedHrz4rf7e3+A//Mfu/tJ/7N/9fX/P3+Ev+o9/43/rH/qX/thf+90/8Lf8W2//yuu/8rf5G36/P/2z//4P+fP/pj/k9/2XvvW//vG/6T/zvb+7+J//mHt/7p968qf/17/Z/V/zd/0HRgej/+qnv/iff+LP//t/+u/+9Za/yR+y873/7k//Tf+BvzP9vX/RJ//S7/LH/yE/dnj+x/3iP+E/XY//tMd/5t1f8s/8N7/eX/rnfet3+g1/h9VP/rLf9c//Y4/+0v/84R/4nx8cf/LX/Qff+Q9/94M/4R/9R7/751/+tn/jT9598lf8Zn/kn/Vf/rrf+rfvvzv4G/6A3+7i7/xDf/X/9l8++/v+vepfSP634uNf51/5xb978x83P/P3/L1/5n99MP/p7+9+svu9O3/qX/qv/5I/9o/6Fz6/+BdOvv/v/9f/zG/28D/86m//TX7lt/7Hv+o3/KV/8u5v/39f/a1fnP4vT87+5n/jr/1blr/V5b/yS/+eX/IP/Im/6k+v/uDf4p/7+5//Rr/kd/iPX/+qJ7/7g7/reyf/4NEv+FP+sD/vD/9fP/pT/4S/Y/ZH/tr/afoX/j5/wP/4W/0mf+NHb//V6vf/w/+L7/3Cv+x/+f3+9X/rX/xLLn/xX/t3/zl/83/+b/5Bf+F/c+/H/+n/5Bf/bT/xd/3yye/6x/6Xi/uH/8T/+Gqbchj/6vhf+lt/s7/qx//b+6t/93f+p/+F/d/5r/qf/qBf8e//C//1ZP5X/+W//Ivs9/qrvv/4+R+x2P5DP/pt/+Jf+Tv94uWf93v+4ff+0L/kf3pe/M6/zcPlb/rXPv8rTn6XP+/tP/W//cL//d1/8If/If/exfb8v/uNvvrv/tD/+pf8+b/0P/4n/5G9P/X3PPuxX/Nfyx79k3/HP/vv/Mb/5B/6b/3r//Zf9J1/bf693/r7/9bv+edc/El/1j/W/Nv/0OJvfPVTd5/9zD98+W/9279oevqXv/4j/8Sf+PP/9a/u/tL/8qP/7k8of/n9nT/o8y9+wfO/7cF/ePC3/6b/ze/0x/wRy9/3177+yf/tf/wn/6g/8dM/dPon/T2f/fp/4a/3NyRb7/7On/i/fotfe/eP+r//wurP++/+jL/pD/+9/qNf/788/Ct3nz5Y7/8m7cO/5wev/83v/aL8d7j7lzz7F9PPftff/7sf3538DX/wZ//VX/Of/tbnf8u9P+f/fvb7/JbLP+L3+xMu/+Xf6uAvKe4e/F2/51/56/76n333xW/3M//Wp+9+9Z/1axyuf+M/6Nkv+g/+tz////jpq7/y1/pv/5Df47f+n5f/0z/4e//K//nin/yj/tZ/9T//+J/8xb/yd/xTf/K3+/P/qVe/7f9y8Kf/5//OT56nf97H/8iv+ux3zP7h4vf9K4tfuPj137z783+9f/R3/tf+4z//9/xD3/5H/+mv+wv++9/l37n+Lf696g/5DX+7X/kH/Ed/5t/1G/1fv3r31/5t3/1O//b3X/5+O/9O8+f+BX/xP/KL/rWd//x3+IsO937T//3tn37v3/sDfslf+tn2yV9w+d3/+J/5/t/6R3/13/6py//4j/yf/qIv//zf7C+c/kN/0//6O+z84r/+l/7lP/P7XP3GT7/6s/+uL9o/5Hf9l//5e3/l89/y+O/6Z3+Q/Tr/2v2Dv/JvzdIHv+/6X7/zV/8n/9s/+DvP/rdf/O/+gl/1F/ytf8ZP/RO/5d/9F/xbr3/Lf+kv/HP+gP97sfV3/YH/4sUv//ve/q/fOvvPD/7mxWd/85PJ8p/5P/+R8X/9G/xayX/wD/9zv/4f9pf++v/XL/5t/8t/6W/9y/6nP/e//Te/+2/+Q//1H/e/5N/7tf+3iwftf/E7bP0Rf91W9ef+n8Wv8Qc+/t/+3l/74fzv/nfe/hrV39b+vr/n8vf+3f6Lf/B33v97/vLfZOu3+Bv/5//wj/hb/svkl/7y/+3Zt5Y/8/a/mVdHf9l/sPtft3/Ff/lH/H3nf+c/8NHvtfNrf/8//o1/9ctf9a/+j9u/6F/4XX7jP3Hxf37vN5z/R3/3X/jvjv/In3r7j/xpf+U/9L/+X7/q7/4///Lv/erf/F/4pb/qN/1tvvt7/f6/13/0O3559ff++3/qH/fv/PN/wz/w+fZ/f/H8D/qXn/y+v83v8i/+37/Zr/gf/+O/+0/6Zf/yP/zxv/Lsi+l3f93rf/93+d3evP2NfvUv+GN/5X/6a/15/+F/95O/9x//6R/2K/6q1d/+x//B/+LsZ/7Rf+R3+bv/w7/rp754/I/92OOf/if/m9/1N6r+i19n98//a8//19/jD139G7t/x9/86a9/8nuu/rz/5bf5HybH//g//C/+l7/0Yf0b/83/zA/+uz/49/59/uzit/vi7/l9PvqNPv/2v/vod6r/7H9t9nf+8X/+P/r7/tqv/oJ/8w/6K//1f+af/sf/k5/5V3/z8+SX/cH/9T/3X/+f9/+nT/++X3nx8tf+E5a//sW/+4f8g//Ir/wT/s3f6Pf/fX/te//h33v3r/zN/ts/4Z//v87//L9w9z9790f87ft//v/5z/7dzZ/3p373//zHf9Vv/tcU/0bxvzzb/01ffPft//W3/0V/8W/93/7W/+X/dfj7/rr/YPLv/Zt3f8noT/2pf/C3ff4H/cSv/9vOfsVfufgd/+8/+r/9Xx/+b//2b/or//Mf+8fyP/+/+uIP+Guf/se/dfXb/M9/QPMXf/Jb/eH/1e/0h/wDD3+PP2T/Fzz5PX/9v+tP+kX/2+/6C/+7f/5+2v7G/9n5f/L4T/oL/ta/a+d3+ytPvv2f/8v/+uy3+TPu/9u/+j/5U//3P+HvfPqX/1b/+v/8j/+O3/6n/qIf/9bf/p/8Kf/qxV/+O/1uP/Gf7H/3r/27/vs/8U++850f/C7/w9/67/6G//uf/1/+Ef/tz/zH/+of//f9Lvnf+R/80n/q/H/4pb/5X/eXLf/X/f/0P/kN6r9k7/M/cPmTf8H/9Ov9wt/1D//Fv/p7/+tP/x7/zas//K/4P3/73+8/+o3/md9rPXq+Xv3SvbfXf8tf+1O/5r/xl/42+ff/83/tzq/+M+/lv+rbv+/f/w/+rv/ib/Pv/ml/1aM/67f6F36H5R/8v/+Z/+Vv/kuLr/7ov+yX//W/3Q+evfpv/pbd4n//K/+sX+P3OP87/6S3f9pf8Zv+G3/1//2f/LF7v9c/9Lf++W/++l/wV/zy//TRv/pH/o1/8MW//uDF4z/68+w3+1f+6N//L/j9/5o/5m/69Md++x/8Jb/FP/Rb/JZ/1cmv+91//N/6Y//r/+ln/rvf93/6d/+W6t/8PX+Tv/LXOfudv/P7/cTvfPfkH/nBb/n3/YpH3/qz/uk/9ru/7j96/7f85W+qP+J//PX/kz/51/iDv/yH/qp/P/+ffsX+b/Xy1/g1/qDf7Df4v3+3f+q/++V7T5L0X/u7/oG/4Cd/7W8v/4ef/s1+jf/74o/9e/6wn/7Bj/1H5//Wn/7H/Un15Nc5+M/+kP/1N/yxP+D3+R//oLd/zOGD//SP+jV+rf/o175z5x/+5/f/oH/nn/8V9x9+8rv8Gr/Zr/3H/WsP/vu/+r/9fX7PXzv93X/h7/q7/66/8Hf/3X/X3/3Hf/x3/yv/vpOzs+Pjsy+/aP7b3+S3/Ozevd/ysx//8U9+/d/jt/3kd7x7+OM//nf+dg/+xj/oL/qb/qid3/DP/Lv+sr/rT/rd/sE/6W/6l/7AP/U3+5P+5D/5J/6U1//KT7z6V37sb977W5L/8w/8O/7boz/oN/w1foNv/wb/1z/5B/3f/+xv8Bv80ctf8Cf8cX/eH/Kn/Dfnv+c/+zv/QX/SH/RH/VF/0p/1R/1hf9if9b/9FQ/+u7/id0n/it/97/7FX/43u3f+/H/63t4v+P3/91//N79z+p/9ff/NH/97/PbP/8lf+av+sr/wV5++erm3t/u3/k3/y2/4GyQ/9sf+U//UP/NPf/L4zb/2L/1r/8q/8S//6//qg3t/59/0t/0tf8ffvL78Rb/kf/5X/vl//z/943+Pg/9o8Qe8XP1rv/q/+k1/l+nkP331rx79lRez8/y//K3+zD/tz/jTv/vmJ7/6A9/+9LJYvP0f/6v/41//d//N32PnYP//+B1/vb/w93z+0V/5V1z8Gd/9yX/z33jw6d/58r/6Q//RH//v/ud/+r/+t3/VP/4H/l2/wa/x0R/yf/+7/9ef+XfNq9Vv/lv8lr/lb/6n/p9/5B/7B/1P//0f+GvP/+iz/+HsT/4Pfkn55H/95/7MP+G/PP51Hv79P/jOT/ynXya/X/Gv/pI/4r/8pf/pn/bH/czeP/t//Pr/9/Gv/l1m//cv/oc++r//wN/1V/+Bf9D/+Q/+XX9F9fdd/Njf9Zf+jX/9X/kb/x+//h/7H/0Xv/bv+3//GvN/+tf8yV/rpz76tX7BH/Qn/Rl/0B/1Z/xHP/j1/q7T9j/9pX/b07/tD/rW3/TlSfNPvP0jtv743/4/+3f+z/rf+x//4z/oF/9rf+qj4vUv/iv/67/51a/31/1Rf/9f8V99/D/8cVffWv5eZ3/e//2v/tH//W958M/8G//tr/x9/6Xv/pL/7a/7X/+O3/Afv/qv/9cvf+/f+b/4l/+jf+0P/uN//4//wd/3H/2n2t/jf/vb/q/f7c3/9tv8i//8//L7/Ae/1j/4x/56P/nnfH7nj/gtfr/f/2f+53/2p36Hnf/8L/x3/41f+9sHf8Sv2vqXf61f/VN/+7/yn/3l/+kfcPZ//Pp/6L/09g/4Df/83/Tkf/47f/zq8tXvd/2v/+n/1Osf/PX/ztvDv/bve/lP/iXf+y/+pf/0xeX8e3/+n/qb/s6/9d+6/vX/6R/8Lf/nr/vb/8qnD//Mv+r7v/4v/8nv/V1/+t6vfvg//tL/7Z//O7Z2rn+D3/BP/uL3/vL3/SV3/pZ/788Z7z/5pb9J8h/8Q5996/f6l/6dv/1X3Xlebn1n59f/r/7j7Zd/wl/z2Yu/7/w/+qcf/U3//PKv+Zf+tXL9K37Pf+Z/+DX+p19r8QfO/6t/8vSLF1/9l3/8o+wPnpz9s2e/+yQ/+of+x1/2e//eL37Zyz/pF/1j/8ev+LH9X/2n/yf/88+sPv+9/7LyL/mzfs+/7D949fv9wX/K4r/7G6pf+r/+njv/SvHrvv67/5ff+ui6Ln6zv+x/+SP/1P/4T/9Df8V//6f8Ux//oX/IH/v7/st/wsVx1jY/9Z2fLP+vX/vxzi9/V//i/+KP+u5/990/5O/7v+4+ff0Thz89+vjF/n/yG/9e//1f/Yf+OX/qb7z+F/7t09/lN/m//+X/5c8+vXvxO/7Xf9PpT/xe/+jv8m/86l/+n975+9/9wl/xW/yyv6b8o36fv+EP/vh//HX/12/9Oj/4BX9U/U/9jg/u/5VXv9ff9yf/+//Cne1f8O7v+q1+zb/19b/0q/e/91//X3/Q3/R33fnb/rC/aPrf//G/4upX/Rn/xH+1vPev/Ht/yfXf+U9/+1/+bf/I3+lv+4X/6+wv/dN+yV/25f/9D/2Dv/M//lf/un/Pv/Ln/sLf5uIX/RV3D3/i5b/+7735K//tv+U3/S1/+t99dfp/3f9T/sbf7fp3/Le/+j//4l/4P/+Z/+hv+be36+8svv/v/X7/YPoH/hmf/f5/wT/1P/5uH//jrx8++DN/30/++L/lzZ/y23z5f/8FvzoZ/V8/8+V/WP/Mg5N/4P5f93/8548//hv/xf9y/fLX/SM/+lf+sn9k+R+c/AN/++u/6+//3f+DX+M//t3/hd/wJ57+aX/1H/br7fwjT/+N3+q7p//Wb/ln/nq/8pf+5v/n//Bv/D7/zL/07/5xs+n1v57+ftn2v/Rn/CH/1t/5N/9v13/t/p/yt3z/0//sn/6//tj27/5jfvWd3+mvP/3qT/g9/v5f93/5my6+/J8u/4On/+Jf9bL5+Dt/wL/2p/2v393+N3f+xN2/47f5P979Jr/sH/kPf/Pf5R988if/Rf/ev/KfzX7jf/lXV3/zL/xFv+r3+wXl/aO/c7H4Xf7aZ7/4j/7F/+XOL/4H/52/4ff/v3/B//mP/eKnf+jvdPxv/1d/2v958Hcvsn/3N/sNfvA7/rW/23/3v/8vs5/+J/+XP+Sv/73+lhd/xH/9t/9zf+q/9+K3/Rv+wC++86/8s3/i//J7Zn/gx//433zx7/yXd//Vv2T7T/h1f/D7/Tl/xYt/59//5F9Zvf3ev/k3Xfy1/9k//2f/8r/uP/9n/ua/++/93f+P+p/9DX7sV/3Hb/+TT//t//pP/Nv+uT/wd/zk9/tjf5ff5+7yV/+Cj3+XX3Pyt/4DHz9Z/7Gf/L2/8d/3z/y+3/7r/6hf9U+/+9Zf/Q//y//Kvb/wP/i/D7f+0X/6H/2L/7ff898u/7v2v/gV/+0/+Wv/nV/8r1V9/Et/xz/mj/53/vnf6J99/D//J7/B2U9+9if8G/9MtvxD/o8//hf8Ln/rL/jH//C/73f43pef/91/8w/+5//yz3/10d/yt//MyR/2l/xWV//Cf/jV//l3n/zZd3/7N4d/+1979If+L3/93T/1k9/n87/wT/s9/r2/6fcuf/Ef/z/8+7/4T/0zPv1r/r7TP+2/ffqf/hO/3p/9b/09Z3/e9Pc7/hf+jT/+Nz/4l/+Xf/nw8tf7bf7CP+JV/s+d/7b7/1C79y/+Rn/Mv/e3XP4F9W/3Lx8c/jZ/3x/+5q/+17b/0vnR8g/8l9/9tw/e/LJf+N//A3/Xr/Efvv7iX/pTZ//R7/rgV1z/91t//h96PD+6+BP/3H/zf/kjf+O/JvsF/8Q/+sv+rN/19e/+v/7O/+Rv9u98+Rf+cf/0//Wrfuvf/aeK9I/7w/7VP/1v/DV/3/9t6//6nX7TX/gn/2mLT3+r//XhV3/IP/74l/wnf/6f9+1f6xf8Hn/rf/vH/7If/Bnnf+nv/If9di9+m1/yN/y+/9S/8Kvmf+tf/8/9Af/gv/r3Lz//S37pP/n3/h7/5l/xP/7yv+H/+lf/3v/2t/nBv/eHPfrOT/7Gv+DPfvh//va/8z/76/3YT/6fH/+a5R/+5/8jf8sv+x+/+Kv+j+d/+k//vr/yV/wZ/9Bf+zt97+nv8T/+p0//7f/rz/7t23/7l+S/cP+/+NP+r1/rH/gDfue3/+7//dv+j//1f/fJ3/vyz7lT/Sm/7cN/9C949L//4w9/z9/i3/qNf83H//Fvsf2/fP9P/Wv/h3//p/6F9R+e/IF/7vqP/et+2Z2nv94/+Zv8dX/Tf3L+Z/z1/+m/9S4v/tjf9x/9yV87q37x4d/7S3+/f/+P/8//uTe//Lf6iV/65jf9O1/9Df/4L/2/Pv87/oTf5i/7N8/+lV9w51/+zb/8X//Z3/1fnP+d/9pvnH3r5B/8N/6a3+DP+y++/9Xoz/9P/8XfoV39yn/un/29d/+mv+uv/zOP/rk/8gfLf+Bv+fvvvxj/mn/3P/Dm9/0bv/hPD1//0X/xvzD74v/44/7qJ/fOf9d3z+99+qf9tf978lv9F//B//j7/WXf+u5v8fe//vv//v/6L/8H/+U/8O5///v/tf/DT/1vP/5b/06zP/Zv++lHf9L1f/BLf/LV53/m9Is/9zfd+9b/+J/8oTu/0Z/8e/2N89/+i1/jx/+TX738W/6P3+MvuPvkN/8Lsl/84we/6vv/4R/19Oxv+cP/yL/0n/sd/6//4W/6/f+mv/r3+Op//Qf/1H/o1/wV/8Hf8afc+S3u/Q2/22/+p/0p6d/6ZvGb3ft7d//tk7/lv/ov/q//c/GP/w+/0x/48b/5W/2Wf9if/08f/qF/4pf/9e/xf/+ru//rn/9r/ZkH/90nf+a/8s//C3/YX54s2v/gN977Jb/TP/I//ac/+cf9n79+/Q/++r/888Pf5N/5dX/rv/UX1LM/8d/9hbNvZ7/f4b/4l/9L/+Gv9Q//Gb/rn/xX/2t/27//e/ziv+2//G9/nX/7t/jbi1/n1f/8O/5lv+Xb4vz703/3V/65P/GH/NH/6d53f+Xf9+4H/8Xv8xf8ef/iL/x35n/Tb/rs6U+//vcnv+5v8qf8C+1v8/F/+nf8PX/vX/S//yO/+b+U/7Jv/89/773/7MH//N//F3//v/KL/sy7f/Z/9hf8+7/en/wHrv+kojr9n0a/6T/yt/8+/8pv/Kv+2J/5lf/jP3X9f/1hv9Vf/Ph3/7d/v3/yV/1t/8GP/aPf+vE/5cXoX/or/rT5o+P/8Bd/97f4tf7kv+vRL/rxP+S3/it/+3/8J5/+Of/sn5/+ib/BH/L9V09+9X/wN/+Vf+vv8wf+7+O/8584S3/Df/Ov+R1/6//7t/1lT3+L6T/93xT/1t8z/rPS3+7v+p/SP+HLP3Hvt2j+9t/qD/vd//tf+O//Tdm/8Id+9vfN/7o/6xf8kt/s0//uP3nz5K/9J36fv+M/+e9+7eun//NP/6W/++/6v2b/0Ofjl//M8//1f/nLL/6pH/87/vrf+b/7yV9Z/g//7q/8E3+n5M6i/fz4H/788u/+m3+fv3j17/9PP/Wb/lp/+e/yD0x+4t3kwUdPf+X0d/kXv/NL58fX//cf8ev953/Q337yL++sfsNf/Orv+BPv/tX/1ndOf+wH/9X/9u5X/QW/0f/9bvGH/ef/za91/Lcc/b6/9v/41x1dVFt/71/xH9+d/dGvf5c/5d//XR5v/WX/8x/6h/6T/+Gf8RfvvSj/y6tfWP79f8ejf+ejf+zqP/gD/89/5T9r/tv/5b//M+/+Rn/I7/iX/i3FX/tj/8Ff++/+Hf/nr/1bf/Xr/TO/dv6//HF/5N//p/09f9tv9At/p7/rf7h6/Wf8l3/i9R/98Hv/xm998g/+17/Bwa//Z/3Hf+Sv/nX/mHd/5P/49/46B//pP/l//1q/zd5XP/Zn/R//3f/yi+7/C7/iL//sp/7nv+/v+dv/1F/0D/z7v/1f+Vv+gb/lH9P+Mb/u3/93/h+//2/9S3/V+L9Ik+d/+3/8rxU/80//rY/+kf/wT/mX/+fkj11OL3/J//ir/6urP/Gvevdr/vir5J/7bf/aqz/xH/9Pvvydj/6Ef/jfrJ//7t//P978trPf4F/6bddv/4o/9G/4H/7uP+Af/SP/sX/iH717vv1n/sF/+e98/Cf/8//js9/0P/jP/rmPf8Wfn/x2/9V//zd8vPq/fpvZ7C/7k37mF/1jv8Wf9M//+v/1X7Zz/+Nv/8L/ZP83+td++e/4l/zFv98/9/def/IH/tPPnty9zH+Dy9/nV06+8xv+Hf/q7/kb/YG/1/bH//Gv/Wt/8vf8o3fevvq9nvw7/8Ef9E/8T3/R4p/+W+Z/+b959mf+u5//ltPf4+hX/pW/x91/6i/4wW/yq9/M/sS3/8d//Jf/2G/2R/2d/+wv+PV/+Xe++Dt+9R/3T/89P1j9N3/nb/z9//X1X/iX/p3Pfp//qnw4ef5n/cxv891/9df9U8s/8P6v+N3+vb/8d/+vf6u/8A/43x/9ttWP/1X/ePW/fPHf/z6P/t6vfrD8N3/bf+oP+A//k/+6/dv/xH/u6n98+Z/N/8+/5nf4M3/ql3z/q//jd/k7fsF/9p0/auev/R3/2F/5yb9y9tv+tv/AH3b37/rf/4M/7y/+p3+bX/Xtn/grz3/FL97+5y9/51/nr/6D/7k/+/f/a57+9P/wa/ydf+Av/Kv/tr/xt7j8B+u/6Y/843694//1z/njfuff8y/5FX/eT/6Ll7/6n/ij/uw/7n979K/8+n/7X/iL/6jf4Lf+V+b//eF/99v8Sed7f9qf/8f90v/zkz/tB89+5e/61f/6H/zi3/i/+qP+nZ0/o/xb/si/6e/8H4//xeUf88f9XV/+zn/Nv/qb/mPjf+63/Rd/zb/2j//kt/rn/49f8Uv+gf/scu83mPzif+DuF//LyZ/0z/4d//Nf/vyf++j3/+jNn/tf/vn1H/yP/2PN//GHfX/5j/yji+mf8G//Tv/t6NG/9osv/ts//0//BX/6H/4Tf9Lv90tOvv9Lvv+L0j/9n/8N/s9f+7/+5/7C3+sn/sA/9Ae/2S/5v/+i7/yH/9lv/jf/7R//zK/6wd6vc/in/raH17/2f/2vf3b28W//Wx//Sf/L7/Fb/83/wW/89735D9b/06/4/A/+R//Rv+8POfuH/4W/4G/8L//l3+rjvT/6k1/vL3j73/+RD3/h7/v7/O5/49/9l/8Zf1f9F+d/8OG//x+++x9+t//rJ1/8Vst/7R//9/7OP+s/2bv88Z/66/7Mv+rf/xXZv/9v/erf+u7lb/97/sX/zu87+Tf+19Xv+Z/+G7/o7/+D//1/7EX2f/1GDy//2z/9t/0fP/mf/5rf6t/8+O6v/Wv9kTt/6T/zZ/2B//Fv8B++/T2v/8/f4X/7v/7Nv+Wzk//yq9e/7b/55/5O/9Hf9V/mf+DffPFf/MrxX338+23/Cf/K4e/+l/2rf9of9ydO/u3v/6f/59/5B//Ur/8v/tI/69nf/H/+cf/G/77zq//qv+vf+z3/x+3/9a/83375P//3/on/1vend+vHf/lv9Uf8uv/BP/37/dr/7L/37/9vr/+4P+Nv/aN/h3/zV7T/0fM/5Df+w/+V//JXvf6jfvp//Cv/wn/uT/xX/rH/fu+n7/++/97v+Je+XTyv3v6Tv8G//ff/37978Zf+A//Qu993+3d5+tVf8Tv+/v/e7/SP/nbf/X3/vP/mbzn4n/6hX/U3/nm//L/69/729sd+wd/zcv1L3q3/jt/qL9v73/+ndvnldfM//PP/wa/66d/i1/6Vf/5v99XjP+p7//F/9/g/+U8//yv+49/j83/p9/4L/qH/7OWD3/7fmH/xC/7UX/Lxb/2//2t/6R85+Qf/79/33/if/u3/+U/4hf/+L/7pJ9Vv+3v+Jf/M1X+/v8of/0//5V/1D33r/H/+9z//L3/sxz76H37PP/Xl7zv/z3+/3+Lv/vG/8L//nX/ib/79f/M/5Y/7+//SP/R//jf++P1/+Y/75X/O7/4H/4f/6a/88//os9/h+id/qz/sV8zf/o//0Zvmf/3PfvvrP/XHv/ub/LWf/fP/9fdHf+R/u/3FPzd69a/+0t/61/+X/5Q/8x/41f/7P/Dw9/qv/tG//fWv8Suv/9Nf9l8+/pP/4u/8/vN/8Xf44v/85X/tv/yX/BO/zW9fXD1o3/1Pj37DP+nX/w9+t+88ef2dX/kb/Fff/db8j6rK3+enf6e/83/8Lf+s1W/z/b/jRfUH/x8/9ebfX/y1f/0v+E//0j+9+svPl2+Lv/ZX/Q+//E/5C/7E41/vj539z//nd/79l7/tv/3f/spf9Te9/GvbX/Kr/r6f/KMf/xX/wr/2r/wrv9Xveu/ffPz43/wr/4tf52/5V/+A3/yP+/d+7z/jL/0Tv/hdqh/7Nf7BxZ9T/S6/9Cd+y//wT/9z/4x/6c/6Zb/93/U7/rl/wp/0Z1/+4p/4fV6/2f7d/pi/8K/8hf/X7/Fv/eJ/9m/6u/6MxeJv+0V/5F/0D9//h/+QT1+srn6D/+E/+M3+vd/51/p1Jr9Z+gf/R//wZ3/X77X6tX6d3+C3+Pfuz1e/8S/9ew/bf+OnfvFf+Mt+yX/5i/+HX/I//J+/6Op//uf+5a/+x8O/5qf/uZ+4//ZP+Bt++Z/3E//SV//1b/evfPWn/wl/xd4f8eCfePNjf9cvnPxVv/tf96t/39/jz/7lxR/+n/63/8ivu/6z/po/62/4B/7mv+0v+PT3+w//gL/zr/wP/rJ/9urf/xP/5bu//rd/3d/3H/ub/83//C/44n//3/+kP+lP+g3Sf/uf+mfv/cnpv736V36rr373P/2f/Cv+sX/sH/vD/sh/8h+b/fe/9/3z/+Xj/PSv/Xe++0/+/X/iH/fs7/vv//X27Duflr/8H/sVv/x//TUPf5Pf/J9M/6F/8o/77u/1m/ybf+Rv/Rf+Jr/Xb9r8E//mv/UbFS+uf+b/aP+LP+bP+Dv+07/79/hv/ss/55/8we/4S/7j/3r97/zKP+Tv/fR3+WfPL/7L9X//H/9hf+SP/czz9B/4G1/d/79+zf/xN2z+lF/7xbt/7L/7F//F3/n//Ozd9ln7N/5j/8HOxw/S3/U/+Xf+wt+7/qd++9/jV//e09/tj/in/7M/+G8rftlf+if8Dqd/1v/xd7z5z+7/gj/4+G8/+snf69/9h/68z99N/umP3/3Wf/XVL/zp/+Fv/pd/2S//lf/xP/gvrv/rf+f06R/4n/3Cv+Qf/XT1g3/37/8t/uL2H/nnv/+H/9X/2f/8D//2f9Xv/8v+7H/hd/ov/+M/9Fd+Vv1Lv19++e7Rb/ev/MP/7D/wg3/yL578lX/z3X/uxb/xb/1Tf9X2X/lXnH/vrxs9+xd+t3/o7/57/61P/+j/6qf/2z/njz/+t//9P/+P/dP/zT/l9d7v9hf/b3/f2fFv8sfff/i//LP/1382/18m37v4T/+ZP+33+4N/r53Lf/R/+u/uLP6r/+rT7d/y/N/M/uNf9g8Vf/by9d/+/dkf+mv940cfP//N/4O/cf1HXvz6v8+f+9n/ePEL//d/6a+qfps/83+6/60/8avf+U71C778E999t/mv3v4Lf/Pv/Hf8z4flX/wv3Xt5+cv+yz/y99/+I/d/i3/3z/vz/rg/9Jfc+R//oj/m3/wP/qx/ZO8n/qY/6+//qV+x/Y//Hs1fdvW3/q3/3r/4t5Yvvv97/Xq/cflv/mf/2pv/5L/6V17/jn/un/YX/y+7D//p3/7vePYn/Z/NH/475f/5f/x//Mt/6P/4h6/e/g1/z6d/2F/33X/q4tf8mb/+b/7H3vzTH/8Hv8lPHf3ev+T4W7/6f/uxL1/82X/j//oPHv262V/2n/93f8Xv/Wv+9n/gP/z3/0d/zu+887v/Pb/ob/3x3/rv/ZW/+9/2xb/5Nz//e//Z3/7v/PP/he/8c7/j7/fb/tr/0V/7B/0j9U//xn/WZ//Rn73zl/3g6uy3/8/+sb/8N/8tX/+Kf//3//zf/u/+4L/nz1r8zf/ys4e/Y/o7/6b/49/7h/2jf9Yi/5N+xdE/8uVv9dP/0OP6L/k/tn/Bb/vjH3/7Px199vR//JmPdp9d7PyRP/0f/rGvv/9H/rO//Wd/3d/4+/z1/+zeOH95+p8v/rVf+it+sy//9ZO/40/9l/7Mu//lf/x//Eu/2W/7G/1Vf+Fv87/+S//h3/Nr/Rt/zq/+9X/zf+Jv/Bt++k/+Nf6bf+Tf+xcuf+b/+A/e/T5/+n/3L/6Zf9hvcvr83/plf9Of9Ndv/cSnf+T//u//Fv/h7/R3/X1/zE/9sb/Lb/Dbf1Gk/+vf8Vv9k//ML/77f4ef+Rd/zx/8K//Vf/Cn/7Vf/bKf/pf+1If/3S//1/+8f+G3vfsv/LcP/tk/+7d//Hv/D//q/rO/8Y/+W//b/+GLf/K//a1/07/6F/91n+7+eb/8r/xX/7kXf/c/8+J7v9u/9RfU/+pv9pv/q+Pf4z/7vX/yv/p3/vO/7i+8t312+p2//De6+i/+tX/3x3/wx43+k3/wb/+bv3jy9/39V82f9aee/oq/4xf/OXf+/j/hN/m7f+yzxbd/79HJ7/6b/cV/1T/wH/3zv/rPfVX+4K/9NX+rP/nbv+LvO/iD/vA//a//u//Bf/CXfPpL/tv/4+p//ZUf/Q3/7p/6n//Kv/pP/F//zL/lr/9D/6nf9u/8o8//o9//01/9P5Z/8e/04H/8M/6mv3f73/m1/7jPfvLX+2ceJf/Lv/Tn/1t/8Is/4skf/b9kf+qnv8l/+z//Fi/+uj/kn8n+1L/9v3vyX/6vr/+Nf+HJX/Fb/aJ/5m98+z/8tr/mP//73f8tf7M//O/77l/751396n/5L/0T/sR/6x//1/7gtPzTnuSP/+9/qPjP/oO9vz8fffvP/B/+rvT6D/hn/5enn3/+j/3qX/jb/tF/72/55R/14if+zD/0n3my9xf915SL/yd+2Yu7/+R//H99/rv8Lr/Wb/Ob/y7//G/z/D/7n/7j//LXvEh/xR/3Uz/xu/y7n7/6Z/6GL2f/3j/0W/74v3v0N5/+03/OH/pXPPsv1l8+Ohyf/vP/wm/4H/8Gf9uf9Uv/z197+nu2/9Sd//Nbv+3J7//7/4Xz1T/+y/7LP+bNX/+v/Dd//V9dffbPkuT8GX/Jt3d+3f/59/jDfmH12/3477D39/ynf9Xv/avv/a+P/4m/NP2ff+x/+Qf/67/n//4T/rn/5Xf8bPJv/H7/zK/xP/8B/9iP/ZNXv/HvPP1jf+PH/+J/+r/+0l/zT/jff/8/5V8o/8Z/5Vf/6T/xr/+9v87f+e5P+G//0v/oZ9a/+1/7l/4Wv/rZv/ev3P3Xnv/jv84/8Pt+O/33/tjf7On8//zz/vR/5zc7/zv/1d1/avu3aX/qb/6F/8Hvv7X92/xXf8Ev/5cf/NV/5/zi7YM/8dfd+e8fH/zE5P/873/jX/N3+RP/0n/s7/3n/vp/9Xf/I36Lf/6v+GT5a/yiP+gfTe/9jv/Vf/6//tKnv8kfuVv9pf/p3/qH/9f/8e9/ev/v/fX/xP/wP/5nk1/vL/rdfus/48949bv+Jq9+7Ppf/E9+pv7b/6I//jd6/Hv8uf/9P/vmd/hL/6I/9u/58tvvfuvf8x+82PofJtP/6D/9s3+X+u//vX7lZfr3/OGf/Hq/6e/yuxz8Zr//b/lk/Ds82fqPf/+zV//6b7v1t/6nv9+v+Z/9dX/08x/8a/9h/R//qt/8evtP/COuD/+O6k/+Xa7+pF9r66/8lb/lP/xXr3/73+DvOv+J/+rgyS87/9v/kX/ol/7pyR/49/1+/85f8q/9E7/O3Wf/+Z/1339/72/+l/6s3/YP++v+3Z/4437r0/v/zP85+jV3/8+tv/5f/gt/1T/1z/wTv96/9g//V4v/5Lt/9t//z/+3/+v//Pk//Qft/TV/yP/+j/0L/9K/9uWfN/vN/7z/9eUf+D9eXPyRv/5v8GBR/S2TN2dnX7yj58/9+3/TP+M3/cP+w9/9v/1N//nJb3749j/86N4f8Yd9e/xHPfydf8XvVv61f86v92v+46//o39w90/+wb81/S3/vtG//Ff9I5PP/5rf+Z/6M65/83/mb3rxW/15h48+/yf+3r/+T/vt9/6jv/yfe/FnlP9e+at/o9/933r1p3/1O/25/8Wf/Q/9u//8f5D/sfWfc13+93/wr/2X/5+/yx95+Bu/+A8v//mDf2H5X/wpp3/eX/+X/DP/4KO/+N/5+9qTX+vbf85R8yuf/Xm//j//H/4V/94/+ive/tPLg4P/5H/7p/6ij/+6f+671//Ff3X59/3WP/N/r7/zZ/3pf/q//u/8O7/k9exPufe/fvxHP/qv/qu//3t/3B/bfPKH/8p/+48b/QdHf13zD/+B/8C/dfynNL/FX/74P6p+4t/+57a/dfbsb/9j//DTf/O3+W/+wO//A3/vX/K//9XrX/Y7/i9/w++QfuuX/be/4A/6e/+O3+hv+qV/+D/2J/7a//fysz/xX/iD/6tf+9Uf+slfv/M//kb/y9/7B/9H3x3/Cb/xv/qt//CLP+p3+fs//5N/9+Qn/uG/5l//h+7/43/gP/Cb/Wa/ZLn/L/8Nf/6Df/PP/5vePbr4bLb8+/+Fvz+rTorv/HZ/zm/3S//a9Ff+o+N/8M4vePHs4z/nJ/7q3//N5a/65NV/d/bP/MTv8+3/9nT56se+ffln/tL/4PPf5Xc+/d9+0dXpX/S7/fu/4F/+BX/w73D2f/zHv+e/91f9Of/WP/dPZen3Rn/kb/QvLP69v/fZv/SX/cfP/th/9988+RV/44M/6r86XPxZv+N/+av/+X/9i4PJT/xzk7/v+Z/5j/42/+l//2f+fr947z/5Y/6U3/kP/7t++tGv/KX/wa/8Xf++b/9z/9bf9k/+w3/JL9r6jX/JX/zdn/jf/4pf9IP/49HOf/bXr/b+qD/pt/3d87/0D/rb/7Y/4TfNnh9ebn/xX/9pD/6JH/wn/8Bf9R/+t3/FH/L07/wr/8Pf/Z94NDv4K/6Bf/Hf/I3+/f/if/+T9j7/N37m9z76K/+is9/yN8h/7J/57f7EP/df+ot+my9+1epP+3f+9N/rt/l9/tHf7Tf4r/7ef+L3+SN+03/47/43/tX7/8bf257+7b/iX/9N/7fiV/9zr/+Lf+3X+b8Xv/o/+id/03//r/4d/8m/7vt/6l/+F3/3H373W/6V/9of9u/9zH/6x/9ff+j//tv+g9/61qd/2m/12z18+J/8bsnr17/jb7L+J/7Zv/BP/eP/ql/xO/79f+mf9lu1f/G3k5cP/qzjv3n7//jl//SXf90v+49+vzf/7T/53TdbP/ivDw/v/RO/xl/3B/0lv/5fuLg3ff3P/ZJ//M+iyPv3+Olf8o//gX9n+Q//I//F7/ln/0v/95/2x//dB7/rv/Xuz/h++ofP//bf9/R3XP1Nn/9+f/HkX8uu/+2f/KPzv+Tv/Yf+yj/mz/lz/7C3//y/8x9+/H/+79M/cOc//CfLX/fgwb/67/15v+Nv8Y/8fv/4b3vxb/2nf+TP/Ku/zt/zj82+94v/6b/o3/gT/6hfuvX9v/Z3+bf/zz/hH/13Fr/kl3//N/kF/9a/9x98O/m9/75f8n81/9K/9d/+jv/H/q/86f/wn/tP/4y/9Oov+Q/+87/jd6/+h3/ye//jH/+L/szf/Lf/k/773+E3fPXX/Av/w5/yu/5vv+Q//w9+19/210h+6S/9Y/6vv/rH/vP/9ndf/PJf46/84jeZT579zK/4zz7+D6e7/8Jf/Q//kb/6D/0zf5PvnHz+O779P8/2//r/6xf+j/9m/fv9kj/rH/7Ff8h665/+d//R/V/xnd/qv/6Hf9l/9H/8p3/DX/E//B1/4W939/f88Z/+NT/+m/+3f/t3+pnf4Af/0V97Nvtl23/O1eP/8s/6I/6Fv/fgV/w7/9PfuPXbfH78h3zrn/6t/t03/9j//pOP//3/9Rf9s7/81S/7t37Z7/FX/hl/2G/e/Ke/4n/94/7cX+NP+cHWf/Mn/Dr/0D908sV//8/+Vunf+x/+Y//JH/lv/1ff/c1/n9Pf7w/9E+78Mc1/+5//mi++94998kf8O9//c3+93/W//hv/pT/n7/v3/9V/4Xf5T0f/8U//4F/5zf6Iv+2f/83+k9nf91fl/+Hv/rf8af/rf/Ef/se/7e/1y//L7/4Pf+w/dPxX/j7f/a2/+++fvHxw/18//U3+rcv/8P5//eU/+N/8zp/8ZT/9e81mf+Fv9+f8zrP/+HfZ/W3+53/ql/8dn3/yW/4+/+ef/u/9gsM/5ad/jz/s4k/9N3fG/9Gf+yf9PX/yL/uj/u0/55/7jf/Z/+k3n/7Ov/APPfv3//i/+P/6O46Lv/bbf+x/vfvn/OX/0R9LC9Df+ud+///wj/7Lf+Pf4j/7b3+Lf+Gv/MW/xi/+Df/4T/+Jv/p59q/+cZ/9K3/Vb/h3/Pu/8y/+tf6Xf/0n/pXf6n/64hf/8r/+X/97/sX/8/lv/cf9Pf/jw/ST7O/9xf/xz/yG/8E/9q7+zrM/4bf4PR7+Ef/bT/yZf8/4T/i3/v31Xzj+tQ7+gMX/+Tdnv+Cv/DX/8sX+n/cf/7v/yB+6+xPVb/K9f+af/6NO/9x/4Xf+B//wv/Tv+Of+p1/49h/7bf/Kf+Ef+D1/4if/93//+Jed/dNfTv7sN3/e/3H3zQ/+tF/vL/y1/rb6J4/v/Gu/7+//7G8pv/1HnP8b/8uvOPgL/6T/qPmJ3/3X+eLP/gf+rn/zP/9t/9azP/JP+U/+5n/wV3/rL/xv/4AHP1b9swe7v/sv+fwX/zd/2Nm/++/8Jn/wz7z8F7/3D/1xf+53/sH/c/2HPP8Pfu2/8J//N//r//D//D/Xf/rHj/6c3+bwf3r2D/6zP/4HvPziv714vn3v73n4nd9o91/8p9a/0frP/F8f/rn/84urzz5ffvbpX7z78lv/y3/3nTt/x+9++mr7+w+yX/6rf/o/vHo0/ekf/Gv/1a/41/6D+7/J3/v7/D6/9S97PvuH/4+/8qO/+tc9/m9+z3/xL/3sd/tTi//27/izf/V/+Jv8LV/89B//t/y3/9wf8d/85Q//uLsP/qW/7H/9X/+CP+O3+v1/xa/4Tf7W//2P/G9+w9/wv/3f/oPf+9HRf/2f/bt/0h+49eCvffzX/lm/Y/4rfr/p3zld/0+/5m/zF/0nf8af+Tf+s9//k//LP/fP/VV/7/f+5//g7v/5hx88/63+6Z/+L/6pX/Zn/Kt/2+t//+//5b/TnW/9w7/Hv/4LfvI3+f7Z3/m//w6/8/Vv+Usmv+NvcHj0rd/x3/ij/o1f/Hv/Of/gye/0737++I/6ycXv+3v/Y//UX5D/3X/uT/77B//OX/Cf/Wd/05/527/66f/l9/4b/9Jf9kvGf8FfPKJo/c6f3/yrf/c//+f+zX/wP/et//zf+At/y7/hT/iJX3H3y7/+n/sl//mv/p//nL9j+/t/5Rfttz/6TS7/5L/yP3368l/79f/TX7jzj7/42/6TH7/zK9/+Nbv/2avnf/t/+vzov/1F2ae/wdF/8O17f9H5X/Doj3nwg9/+9/77/9T/+eA3+Bv+4PIvLrcXx7/b3/2L/uK/8erP+Rf+w/r6z0x/149ffVX8GuN/8Nf7H//h3/0f+M92/ufvpFt/5J8y+l1/g+1/+c/9a/6Ov/Sf/em/ZPFvjH/yr//e77v/33/yx/8h//Nf/Xf909Psxcv/+F/6/J/8jX/3P3D3/q978D/Okl/8R/4Rf/4v+cndP+wo/yv/9j9u+ef/Mc//t39i8bv/pr/pP/dL/4w/8eJP++v+jH+0/B//vl9w+Gc0v+x//nv+8Acf/X7l9v/6R9zf/rv+qn/0X/6NP/mPf8W753/CP/+P/Ru/0//4x/3z6R//z/4J/+y//Tf//n/+bzX5ff+WP676r/+C7/2W/9Gv88c3+Y//U//lH/5H/7qz3+X+u6d/zO/yJ/3ef+Yf8z/8A3v/xu/2t/w3z/7qv/Hz/+af+p//3t//T/+z/53Zb/O7/xPf/5P/ud/oN/n9i1/xxy/+p3/1+//Szq/9z/0+v+N/+/jFf/4n/M7rf+OP/zN+t7/1P/mnv/1PPfwtDt/9Cz/1i37tX/mv7P7JVz/4F//n337533z2yZ/5904uHlz+KX/6f/83/uv/9h/+H/1te3/cH3/vN3vyH8z+u5/6sb/k7/3Bv/l//fS/dnk+efef/oW/1+/2y//7//mf+Nbf/bf+7v/B/Nf4X/6lR//KH/HP/pZ/7U/8M//ln/7wv/zJv+W/2/43n/8bv+SP/h1+y2/9Rn/xP0WRbPP2zW/4byXZ7/H3Lv6u3+a3+W3/+n/8+X/6rb/nH/8bfpv5k//hj7/79/2Rn/8d//5P/+b/4++y99l/8pv8J//K/3znr/n3nv6CP+8/q/+N//JP/Pgv+V8e/QW/7l/97//+4z/3wb/5N7e/Yv/v+J//oX/5l/+9+9/9Rb/kP/pXPvsT/+mf+T+effSf/vff/h/+lX/mV/2h/8msyK9+2f6f8b0n/8L8z/4v/oVf/q88/+5/94uy3/Ju9r/+t7/rn/z3//m/6o97+08//fv/sT/kD/nn/+r//Ve82v7rH/5lf8F/8ebOX/SP/9fFr2j+zv/tT/m3/vBH06v/6N1fmP3KP+nX+Pv/zV/95q/e+xv/1b/w8Pf+G/77X/K//BXTv+43+G8+/8M/ffR3/tr/51948Sdf/tH/1F/5W12sV3/Kv/XH/cz//l/+67/gz/wr/pXv/I9//rsfbC2q8id+s9fn//C/+ov/rt/ji+qv/j9/33/6n//zv/Uf/SN//8M/7Sf+sr/qD/+HTz/+q/+uP+rxX/6X/31/83/0B3/rd/3Xv//FX/Zf/4V/SfXwX/hVf/fv/nf9e3/Or/gLrv7Rf+oP+j0f/q7/7r/zB/yvf/wf9Jue/LO/6fif+E+/8wt+p3/iX7n43//O3/hf/12//9v+tn/u4S+5nv7M7/O7/i+/zfGft/07befrv+p//h//0d2dh39U+Qv+1+vnv9fdP/E//Sf/8b/6p/76//t/+unf44//6376W1u/8Z/87O/d/XP+2f/pl/3Kf+foH3vyVflbPfy7/6H/6P/O/tbPf9Vv/6//M+d/4D/93/7dT5Ldf/u/+C+TX/RP/9n//t0nv+qvuv/4P//V3/1tpz/+5/wnx//zv//H/m+/33/y6/1pv+fv+vhbf8y7P/OP+9v+1N/6r//uL/0j/+ff/Zc9WPyP/+Dv8jv9zO//07/4n/i9/tLml/yxf9bV9u/74//Vv/rnT776hX/Pv/6L/4C93+5P+p//kr/9L/vzftHfWt17+vy3/ud////q09919cUv+yP+5f/kl/3JH//Er/Vb/vn/3SeLi3/xD3/6h/32v98v/jN+l/u/z1/6+/2Gv+I3/a9/4o/4wb9a/xl//N939bv8ff/bv/RLH/5vv/mv+N/ao//+2a/4X/+nUfpv/p9/6x/8E//z/b//d/t1T6e/6mz2Hx79ip949s9/efR/fP47/rt//y/99i/5Y/6af2b6+K/7q//zv/B323rx7n/9Ty8v/5O/4u/8Q9uf/qv/8l/wB43++v/wV/xW/9Szv/57u3/fP/Ln/+r5m092Hv7Xv+Wf86v/53/3P/3HntbfWq3+/X/jP/h3/9V/8l/4B7f/i79xufy//9K/+5/+VW///F+y/tu/e//f/Kd+y//+P/7p3+EH/8j5n3vx6o/8+x79yj/ju8Vf/o/98n//2Yv/8s/4ff+lf+n3/Q/+ov/6s+IX/8J/5Y/7q37LP+Ef/2f/s3/zf/77/uSf+cU/+a/86//rxW93+Tuf/de/96/Ifp3Fn3D/H/+L/qa/8J/6C/7yZO/1v/VP/Kv/ze89+Runv9c/+e//Wn/8f/+3/ea/3vh3+gv/s8//q/H//N//2X//P/Xv/Kc/+R98d+/i1/y3/8O/4+/8B//uv/YP/Pb3/uJ/8p/8K//Y3+6P/TPejbP/4Qd/8Pa/8E+fNf/Nr75z51etf9Wf+Hf+e3/Df1X9gd/+T/6Y3+7Nb/5b/Hm/1Y/9i4/+rj+0/g3+2j/tT/tr/8A/7eHf+b8u/ptf9qv//P/wN/w9//zf9lf9Fr/b3/HX/SN/wF/5B/9Lv92f/Vv9kr/qX/zH09/1t3n6r/8b/+b//fd//8V/+Q/8M3/ln/P6v/vvf/vv/2n/5K/3f/y6f9nv9Qv+h/9h+tf+pg//xr1/+U/+m//cYu8f+K1+8W/4L/133/p70r/k9/jWb/Kf/rXtL7rc/mX1n/+3/+3Xh//wP/5//uX/2l/1L/07f/Nv8Vv9K//H3q/8A/69rX/rN/3X/6Pf89f87f6Nv+i//6P+rd/iT/sHDn6r3/PH/4f/8o/+Pb63n/2tf/bOf/1f/vH/91/x+zx9+pf9Pt/6Wz/9G//qx3/OX/jfjP6M3/fZP7L70V/3V33rV//3/+wf8vZf/Nv+7n/x3/yr/oS/7+7Zb/2P/L5/6e/xLxz8jv/qf/Xb3/ln/plvvfqv/uJ//k/56b/orzr6J3f/3i//1//5T/6r/77/4/pvv/otf9Pf44/9jc5/v//r7c/817/Ju1+WfO949mePf/s/+2/4G/7Cf+Y71W/66/yd/8gf9I++++//seqfPZr9Fj9x9Lf+6v/kl330X/z9f8Jf8b/+ltt/6Xd+++3t4i+7/vJP+mN/0O5v/81/1N/8K3+Nf/DX/7V+23/zt77zr/6dr/J3/8xvepz/Lv/Av/1b/Df/zNnv9c++/WTrzm//13zyH+3O/vOLf/POb/fTv8Nf83f95f/av3nx++78p7/Nf/4PfvGtf/rd65d/0p/1e/+mv9/v8R/M/rTf7Zf8db9D/kv/qH/8B1/c3/8b/o0/4bJd/ef/zq/6O37D3/rX/u93pt9+8jv/+f/ar8y/+93f55dOP/1r/uPpv1mc/65/4L//J/7Wv/HZv/zr/KLiF/5R16e//Z/+Z/+vD/+X48Vf8ec//E1/v/Tv/1N/y3/4d0t+/79m7+Xf+7cXn/yG/8PT3+Of+8FHn//Xf/Qf9C/8M7/d3/PfLP/wP+pv2/qbt79z/Ff+Jf/zt376X7j4u7/1v/0Fv9Pf+cf9aX/YH/YLf/oP/N/u/qX/7L/5Pze/3T/7N/47n/7tv+lvUnzv7/tX/rW/49ef/Ie7f8vf95v/j/P5n/Dov/+H/or/+fGv9felf8+v/M+TP+BPbP+pz//L//E/e/k//JX/yW/65e/75p/Ifs//6T/56d/0z/2fvvVPP/2NfrO/+f/46H88ePb0D//vvvj7fu2f/M2P/9wv6r/53/vXf8l/+92Dv/Gnfo0/8df4NX6N3+If+g8+/U/+93/o4bd+gxe/1v/8P/yRz37v3/zRn//X/0G/+A/7zf/Nf/bBn/N3/V4/9W/8df/g//q3/2v/wy89/8N+o1/9Z//m/8r/+Bf+9n/0X/IX/0W/1q+x9Wv8ZY9/jfv/0C/+wce/6tWf/vK//P3+zp989N+c/AW7za/6vf/71d/+L/1z/8Tf9Ef+Uf/wfzF/+g//bf/4f/Mv/sf3fpf/5vze0f/xg7/6+ad/y1/U/r2rd//An/bXPf0H/4Hf8T/673bqv+7X+fP+9//j3/7BvzT556u//t/58v7v/sf9AX/r6Ve/11/5r/1Zf8m/8D+WV//5P//nPvij/9w/99M/+d/8NX/NX/MX/jmPHv0tf+6r3/b61/3D//Q/fflr/oJf8PHv+Mf+sX/sxe/8O//Of8mf/Cf/yU+Wd/7Mry63f8Hv8bf/Hv/VxS/+p//G/+Di3p/35/05f8GzB//pX7aq6/Zn/oq/4q//4k87+ef+tt/s7/mLfq2/5D/9tf7yV/ff/fe//R/4N/0z/+v//X/9+O/16Xf+87/7//iP/sz/7uO/8D/4a7ee/xv/4dv/9a/76//6f/4v/ct+h//4d3r5exz8X//zf/oP/wn/2B/wH/1z/9wf9wf/xX/FL/yHT+q/4lf/bR/9Wf/l+I/89f/X3/a//C//3B+/3v87/7T//Hd7/ui/+mv/kd+nbdtf8U8+/j1/17/4v/9n/+s/+6++8wv/rz/oN/yVv+n/8G//r7/q+g//w3/JbzN/c+cXr//m/+xP/K1+wV/7y37yqz/zz7z71//yX/W7/JG/7Xe//z/+D//9//BT//bRb/Nb/0Z/3//8P/6Nf8ef+5slv9Of/ef+o//N5Hfe2vqzlv/Wn/N/PfyJ//2P+vf/qn/4s7/n6Oirf+vLX/yP5/u/63j3k//oL/+4+D/+96/+oT/oP/vbf+Vf/ef+BX/x3/A/fPf3+i1P/9r59cPZ0d6rf+V3/A//2X/1P/mt/pZf9r/+99/5b//h/3j387/49/ol/+J/9acsqum//Hf+nZ/8jr/jl3/h7/Dq9/k9/tzf+/f+9j/6N//KX95effwf/vv/7u/4m/+Ku3/tX//Z9/6aq+/9+r/N936dP/RP+I8/eX362/4Ov+R/+nd//z9h99f8x7/84796/uPvLn7rf/4XH/0Zf+7f81/+Mf/d81/6+r/4B//Lv+RnZo/+pdFvOXr1p//gb3z1V/y1f+TOv/36n/77/8G/4Ft//MV/85/9I9vZ9yff/wf/13/pP5v9T//nvV/6b/5tf85f8i/8fqff/6v/nL/mf/m9fq3f4g9tfvlf+k/8rf/L3/O7/Ju/9p/5m/4uR//e//Gbz/69R7/L//gf/8d/87/4e3772/N3/+7L3/f3/fNev/yXXjfff/MTv/lff7c++g/+/r/n73n0V/zlf/nf/l9/5+/8J/6sv+V3/X3/o/9h//i//1cf/XH/yU+Nt/7bb9/5vR6++o9+v79vPPvbt3/mX/mn/8Hf+N/86K89Oj34vbO/9Xf/6T+0+aX/yX//K3/F//l3/9f/5V/yC//of+qv+df/tX+q+q1eH937c3/LP/TFb/tf/zV/6n/xG/69v+Znv86T/+r3+Qv+zt/z7/itr3/L//DP/BU/+F9/2z/+7J//h/6Cf+F/+9/+rr/rb/mT/unf5E/92//2+9Wf+lf/1//2v139qX/EL/yxoviNtv/3f+C//CMf/tX/9D99585v+hf+xNXv/+e1f8R/+H+vf+vpn/A/nvylP/E7/Qu/+lf8s+2//Pf+Bv/4//r7/gl/1a+62vpv/5d/8I/4tUZXd9/eLX7xX/fvPDi//I//im9/b/V3/acv/tC/896je6/+k3//9X8w+tP+z8d/3l/3a/3Sf/DP/vYfX/zvv+c//Xs8b/M/9dEfdy/7Vf/WL/xvf6e//tOz9m/5mf9l+h/983/6b/oLvnf9B/9Vf9P//Tf+Lf/83/5//Wdf/ht/38/8fX/fv3Xwb/1bf+Rf9zf+yt/6/Kf/iX/yn/xN/5l/9uE//6f/M3/ab/Tn/M1/1p/12//2D/6cX3v89tHv/GddrH/j3+57/9H5L/3D/5d/avoH/um/7Z/86/4lX/zuf88v/k9+/f/jtzr4K/+SV+2vWv21P/6tP2RxfP38we/49/z5/+g/PP8D/s3F4j989Tt+51/9Vf/xovhX337+k3/2b/vX/Md/9L/99zz6D776P1797v/pX335y57+09979Bf89K9/d/In/wn/2sW/+9lf9b98+hv/kv/5r/8Hnv8bW3/9P/Xn/sfT5Z/84ugP+PH/9d/9/f+wH//9/tUH9Wr1V/3mf9S9b7Wfrv/iv/rPPPzjf2lT/rZ/0T/96dmf9Dv+N3/rH/rb/MnNF7/l51/99//23/u73z/+zY5OH/8tf/nv9bi998/947/jP/i//c1/z8d/55/05G/63/+Xf/YP/w8v/oF/4nu/7x86+yP/23/n9fV/8S/+un/er/MLP/3H//uvmj/xH/iTf58/vTz9u//63+KL6b/25f/6H/6nv+Qf/a9/891f/c/8C2/+1UV10fytf+S/+3f9dY//lX9w54/5a/6tlw/+iT/vlx/8ib//P/d3/ieTPyj9VX/SH/lb5f/CvzB79VdVv+TOP/27/Yf/6r+W/+tPtr/zb/930z/j7/7H/pG/9pf8sh//S5tf99f+Df+1r/62//l73//T/6Y/5K/Yf/vP/QY/+fz//B3+wr/kX/13/vt/89/9fQ7/mn/gT/+Hfo3fb/w3/HZ/5D/xz/8vzfbpP/4/vfjBn/xX/Of/+b+w+uv+1D/1t6x/s9//71//Doe/5e/45/4zv/d//9WTP/vf/n0Wv8ff8Pvlv8erv/nvX/5db//aX/Jnf/Er/97jv+7Of776j5t/8Rf893/YyW/6v/yFv/Df/N//4n/mn/zd/4P/5r/8j//PX+urP+0P/1uKX/r6x37/0d81+S9Hd96++WMfnvzh/+y/+Q/8b3/o6nd6+lf9uX/ev/q3vPhD/vBf8Cf/V//2J3/a/v84+T1Ofpf/Y+s3+0P/ib/28wfvHn/3f/yFf+/HP/M3Lf+sfPI3fPrf/9/l3/5n/k//0+/6+V+4e3/vV/wf/+vrjz/+6q//+/6sf+o//mX/6a9f/eK/4J/++3+r3/6P+n3+of/uN/roz/9V//Tv+N/8Hfvt/7r6hQ/f/NmjxU9t/ef/0S9eP/1jf8lvvvzH/9gvf7/q1/ob/pO/6U/95OU/8Of8a//g9/+Ff+Xx8Y//q3/2d3a+/b/9Qb/9t16Ofv8/YbK7/We9e/Jn/qI/+Xu/zW/7X//3v/u//jtlv/wv/Zv/qr/mv/lDf+U//W/9L3t//b+f/IV/w1/xH2b/+x+y+4//U8d/0OL/mv9xP/grq9/uL/4n/qwftL/9n/q7/qtfXP8af9X3n775y//N8z/y8R/w5/4XP/h7fsF//8/9rf/1n/vT9/6Fv/2P/aP/yj/6e3/3P/6H/wG/4h/479e/9N/8sz/+/b/8D3581vzff/Nf9k/8Pr/6oz/21V/xZ/6P/+D/fPBbT37f+b/3L/2Df/5v8+r3+qv+r7978gf8N7/8f/uZq+m9P+L4X29/l9/qb/9dXr/8h/6z/6b88uM/6F/9T/7SH/wHv+iXXP/k3X/0f/3DP/5X/sLf+R9YPfjb/7K/4p/8D//iP+tX/m+/z3/5h/8TX/49H/0bv/mfXH3c/Cdf/p3//S/+N/6M/+y7B+1v9PQX5b/bX/sP/rtX//gf+5Pf/Z0++9U/+JPv/2e/4/R7P/HVP/uX5n/AL/mF79q/4F+erP+RP+P6d/hH/pjfbLr8c3/P84uLB9+5+Dv+wt/p9/kD/v3f73/7r/7lv/Q3+it/5Udf/F//5d/wf/0p/9nzX+/v/2//4D/ur/8XP/21zv7CX/4PXP3z/9VH/2nzGy1+v//tP/7u2z/wb/7T/pL//V//1t/z5s84+zse/K/3/4T/7Mn//J2/4M//8//6RfvTv+if/Vv/2z9i6w/9F+7+11/+Dv/Q3/lX/S7/6a/74M/8U/6zv/+X/tvVb/Kb/L5/x3/931z84t/0N/3k75jN/6vTf/Rf+/Gjv+nv/E3/ur/h1/knfvc/4eJf+c6v/Af+j7/nr/zf/77/+99c/D3/3u/3t10t8l/SNP/Nn/idf7r+K/7+/+ifm/47v/DwP/xX/pa/5epf/ev+vF/+i3+D0bd+/Xu//7/y2/6nf/9f8jv+gf/Aw1/3N/k7/6hf/Q/+N//xv/ubHP+ev+fv/Q/9w//Io39o8nv/VY9/i7/jf/+L/pTtX/l//RH/55/1L/5R/8z6b/11/6Ff9zf5sZe/5p/xxb/3M3/Ff/V//2+/9b1/5vurP/i3//3/leQv+oV/3D80+/uqf/t3+wP+xMnveucv+rE/4aOXf/c//J35r/GX/pl/zU//Yf/mr/F3/eK/vXmR/O3/7q/8fX6N/+kP+nf/3qe/7m9y9tf9u//x3fNP/shf+Zf92K/zt+7/Pr/y6N/9D09/9//qb/qrfp3//n/4J//F+bPVr/Fr/Hp/0P/yIPkTXv5Df+H/9Cd9uftf/S6Pk8fpr/X7/I6/4Pf9k/+z/+v/+O6v8zflf8Cv+4/9h8nf+Cf9yf/Rr/m7PX/w9m/67/7T7737vX/yD/9jfoc/4/5f/lv8Ifn3T3/F//i3/Mqf+HN/m+z3+TPO7//eP/nf/xefjP7b3/Vbl3/m7/7rHL39w/Nf8of+K//4P/QL/6C/9e/6r3751cPy7//FV/u/3y/4Rf/S9/+M9Ff91n/dr/2H/C7zv+l/f/qL/qedP+2vOn712/4Zf/5v+tv/Pf/sb/Hr/7H/6O/w43/C7vQPzZs/5E//A/7tf+c/+iv/pvLLf+L3+r0vf+GPv/6N0j/m1/hN/6B/7N0/+Bf/+X/HT87/oz/yO7/h5e4v/Id+u+/9K3/ub3nvN/g1/8Y/7z/7p3/9//6v+Q//0z/9Nzn6Nd7953/Wi4/+0mfP/rH/9qeu/tH/6jf9w//a//Gfvf/md/rvf+z/fPob/++/42/0F/3C//H3/3t/u5/68/7Af/d/+ql/+9/5g3/zP+EX/wZ/9a91/3/4wx7+Mf/2f/OH/uC7f8gv+vOO/oef+Y8/fvPr/+f/zH/9g190/Kf/A//sf/sP/7F/7V89/we3//D/6Df/s5/8JX/s79z8Hn/k1e/92/4uu+M/vfn7joo/57/8pX/+4e/4uz7+c/6R33D0O//9i9/+J//Ht3sv/+Ev/pz/K/kbl3/Mf7H8J3/i7/ut/9r//p/+i/+a3/t/+cGXf+7DP+3v/JtW/+S/tvOHP/j1/q/z3/k//rf/hb/rX/5Fd//A/+y3/jf++j958Vf8i3/Ff/xf/m73f+m//U/+YX/1v/5b/Xt/9+/7i/+ZH/xDf/sX/+TH/+hvmFd/72/4V+3e/zX+oT/8dyoftL/lf/75L/7Pr1/98v/lyX/xB/1j5cF/9Ec8+93/8X/lN3v3rUd/yR80/ek/6Nf8j37j2bcmv9a3/7TRs3/81/gfae5+jT//3/1t/8pf81d855/7Q//ojz75/f+xX+N//Iv/rb/rv/wX/8kv/pV//H+4/50v/84/9A/4A/7TP/H63/wrfuzpenb9D/16v8av91d89zf+r//Ov/kv+xP+oP/g3/1f/s5/5B/6L/+JxX+3+Iv+4N/tL7j6Xf63vyr7i/7u5cPf63v/3t/2G7/+7x//GXd+o9/qr3zxB/6b/8af8q1f769Z/5P/3h/5B7/5nX7ixxZ/7Ls3v/7f/l/9Wf/C1R/w7/6qf+FX/YJ/5ge/89/8v/5tv8cvfvQb/XW/31/z+/2uf9eDyz/j9/5H/9i/+Nf7tf/91b//P/3Y/PH/+p/9tb/6X/plWfryN/yrTn7PX7n6N//yf+d3+u//zd/53/rb/ub/5f/8c/+cX/M//Jv+y3/qn/i1/6z/+Yv/4R/6jX/xX/PXnz75ta//hJf/1t/94C8u/+N/7tXf8ef80f/Ct0c/+HX+/eu/4fc7/mP/6X/71/5d/7t/5//a+d/+/d/5J//5f/1P/Xd+8nf8+L98+at+qx/77/7S3+A3+G3+nd/my1/d/tV/yn/zZ/zfL/7q/+Rf/ck7/8vf9Bu//R9+jf/rv/5Pfuef/C1/8e/773y6/8//C2+u13/5L/4j7z//3//s//5X/wv/4F+0/ot+q9/+7/pb/7Lj3/9f/CdOR//cf3bvz/5rfvrT8rf6cx589A/8qX/tF//EP9n+8eu/7h8ply/++d/8J3/wn/yBv/AXPPiJv+c3Ovx7z//4f+nx8/Xf96/+q3/XX/3Xnf5b/1L7a/xmv8Zv8Ov8PtPf/Xe7/wkt8f6df+LkT/xPfrP9n5i9+9d+h79w+Q/9Q7/vv/L77v0hv+tf/7/91f/Ov/3630r/jl/89/7g7/3NR/t//y/+3/6Gd7/Wv/ETf+/o7x/92v/w7/CP/7t/6q/8faZ/7M6f9B/99sfpP/zTv+cf1rb/zm/wG/13/86/+cvO/+v/7Nf+ff6a3/tv+AUf/0P/0C/6dQ7/rhd/w+qv/SfTv2f6S3+7f+uvmv4ff9WfuvjPisf/1D/333/5K36j3+Vv/yde/Hq/8Bf/4pd/z797+Nv9b3tPXv0Vf+pH/9Lp77T/P/56f+5v9/3LP/3x6z//7/oP//4/6jf+u3/1//XmD/xb/sl3/8Yf/Vv9duny9/63fv1fdvHb/v57v88f+O/+i89/rXu/8jf7J36P9PTj/7X+d7/7g3/g4Ze/8aN/63f6r578cX/wn1n9Xl/e/zX/6t/n6O99/d999o9Xyb//4E/5p8p/4w/58T/yX/8f/v3vLP+pf/+7f+b23/BvPvrxP/Q3/on/8Q9Z/vcHf+TfdnHyZ/2vv+ad/+hv+Kf/g3/5j/npP+PVx7/h75D9qR9977f7N773+/zE3/ZX/iYXv8HHv+o/vvMbvW22741+za/+rW+//tP+y3/0b/p7/tzfggxC/kf+y//N39D+dj/5N/w+f9k//upX/MU/+Zf+uf/dl7/LXzj5Pf7zg//if/+9P/vn/uy//Y/87f/U77/6n/6qv+2P+z3++7//z//Hf//zv3L7v/w/v/VL/tS/59//r9Pf63/+J/+7P/Gvu/7t/oX8d/xr/rFf75f8+3/Tr/k/fvH8n/nbv/Wr/6viNz9/8V/+4Df99f6JP/E/+53+x39w/Ctf3X9w9J/9b7/2L/wv/rq/+1/7bf+V3Y//s9/vH/+H/6E/7K/7ff+JP/RP+R9/1f/89/zr3/2zd3b+672/81elb/+4P37nP/5nyx/7jZ7/8//sJwffnv/H3/nyt/vdqz/iD/6z/91f9Rc+/PHf57/9dP3df+qP/AP+gD/4f/v4/p/5m737k3/P/+TkL/5dJn/QfOv3vvz+7/bf/O/Xv/LH/pKLR//oH/DJb7RI717/un/d3/yP/a3P/oV/7H978RufHL76Z/6N7/+z/8b9v+fd3/pL/4T/4/jfPPrX/stf4zf8vX6DH/v9/ovsj7v7H/zF3//D/vP/6k/9+3+Xz9Z/5p/6v/ylv9OvufOv/VZ/7K/9dz/4T/61/+n61Vf/9V+b/nY/9b89+29/r+o3+Dt/7Lct3r75j3+Xf/8//c1+///59/sDf81/9Q/9r/+CP/x3/rd+g7/t1/8Lfr2/YHf7t/0H/5W/5cf/4L/0D//+P/HP/ZM/9e9e/8T9/+wP+8N/679q5x/89Hf7Ix/+Wv/q1m/5v/31ye+x80f/+3/wv/4X/Hb53/+7/g6/8E/85ff+vN/x/xpd/Bd/2e//h/0vnz/61avf8D/b+b9Hf/Kf9z8+nP5Zf+G/8wf9G+Wdkz8u+48+/p+//FP+ub978e/89G8z/bf+uL/p1/0d/tt/+J/9r/6Df3H95f/0R138bv/sH/AX/VG/5Heo/se/6I//V/7Rf/rT3/Df+g3af+dP/Df/rV/xN/zgn5q9+C/+8L/uH/6H/q3//j/4V/+Dt4/+5p/69/+ov+43/O1+79/l0b/7H/zjf8nf8bD4k37h//pf/hn3Xvxfv+Xf+8+++5mtn/wDf+/f6fLZn//3/o3/4l/29xz9U1/9i//NP/p7/UN/37/2a3/7t53+Z3/dP/VPb/8bP/k7/CF//a/12dbf9p/8/v/sH/Kn/NrHf8+f8Vv8TZ/+4n/pH/3d9v7ZP+XPOP7TfuEvwp87/8vv9umv/Gv/1d/6+R//q//vX+tf/rd/93/kV/4rf9y/+5f9/T/2L/8B333xm/4tf9b/dvh3/HUf/w1//o9/9af9SX/Tr/Mz01/31/lHT67+8t/v+Lf6H/7Uv/bh//2b/N/n/9Bv8Tumv8673/Dv/i8nv+aj3/+/v/o/Pnr6W/69v+H/PfmT/uiX/9C8+qMvsu/81X/dn/sbXv/So49+z9/of3rwO/yaz3/lP/Xm8Z1v/bXf+XV/jd/7z/6X/69n//ev+G3/6Od/2K/zk//df/N3/K1/1S98+o/+37/tb/Pv/Ua/wx/2j69P/vrq9/js83/0//hXfs///ff/9Jf9gf/7r/9j/8Bv9A//Fr/+H/B/7/2qP+Bf/Nd+/Df4Tf7G//o3/Afn/9Of+2/8g/9I/msc/L7j3/vhP/hP/8KnP/Pr/56/yW/4a/1Jf8tv+x//kp8e/6n/4rd+7Z/5Y36jP+Qf/K3+7Lv/x3WRHPymv+GT3/vv/Sv/1r/1d/8bfurtPNla/eZ/6Mlv8Qf+GpfZr/dvUcrnd/uDfp1ZebD67uIn/tdf8pf9g//7y/0/evl7PV/8GpNfmf7F9e+099u8+wv+nt9x/Hsc/p2zP+13f/HLFn/k3u+08+x//Id/3f/6V/0Df/zqyW/4Tx/9abt/+O4/8uf/Xb/ot/0HvvczP/bLfsXTl//F9h/3F2//AeU/+If9t3/qn/v3/ct/+h+098dP/qB3W3/oR9s/1fz2v+Inj+7UF49+g+8s/sOf+Ot/j+Zv+/Jv/J9+73/97PWf+7f8mr9Z8if8ds9+4z/54K/7/t//T/6v3/7Wj63+oH/jD/lT/9Cf+P3v/Xn/3N/43/zO/+F/8yc++Mn/66/487I3v+Of1/zj/3p79o/+8n/+P//Hq2/9ms/+9e/+vf/I7/9r/04Pfo9/4i/7TX7i5K++u/PXPPkXf+f/8X//j3/Bb3H9H/yezz750/736X/8V/70b/or3v72X/0N//a/+PcuX/7f//Bv+Q/9VaP8X/y73v67n/2G/8vvWhZ/1f/8Pz3Z+dbDf/Twlz36nf7Lf/u/+00//eiv+u3/py+zf+3X/4V/4X/93/4pf/9v8Y/+/v/K7zh5+d/8zn/cD/7b//SP/CWfvXxU/R9/yr/4L//23/nX/+G/6l/6U3+Nv+S//UP//j/2X7v6a/6Lk5c//Zs/+3X/rsev/7Hjf/Pp3/jP//G/4+/4B738Df6snX/mL338L/3Gf+R/9uv/xOLX/Lf/p1/vT/tP/oif+BP2/+EXB//c77/1C5N/9Y/8j/7iP+13/eP+ln/lB7/gT/zxf+qf/5l/8D87/j0e/mnJH/4T/8Sv+F3/9oPk93+3/mf+lx/83X/xm9/+j/tX/uEf/MQfO/2Dtv6Pv+ZP+eu/9+t+54snv03xG/zlf82v+Gd+k3/yr/jOv/zX/j3/xz/7+h/7D7/7g1/wv33vNxi/+6XPTv6GX/6L/6AXv0b6G/xLv/ufvvPd3/0f/jX+4d/sH/q9/80/4g/+R/J/84/4pff3/qZf++/7+9If/4P/5r/jj3z3r/6Rv8enk71/6Df7vX/jX/c3Wv/a/9H/8Nf8Xz958ofu/52/4/Uv/Hf/iD/il/7gX/8jf+wn/9E/6Pf8O/6rf/3bf/7f8Xsnf+Y/+K//Telf/xf/xX9x9pv9Xr/yn/+Tf2X2xxz/j3ee/m9/0p/wu/6ZR3/bp//bb/ibvXuY/jrT//6v/G3/yj/zN/vqvzl6/u4f+vVnf8mv/pM+/T1+jz//r/1v/rBf/psuf8tf8IM/+Q/97f+8f/AH/+jLv+s/+2N+gyd/2F/0d/1mr//1v/Ef/iv+hL/m5IvTP+y//lP/j7/jd/tDf8N/72f+9P/hd/8N3/0+v85fOvvNTib/4j/0C/6oz/7wH/wav/0k+cd///8i+wv/r//mH/3D/pA3/3f9rZd/0n/xH/5DV//U0/YP2PnbftO/5df5A/6Mv/2jk9/41/hLf9Pfdf6b/hr/UvIPLf7BJ//n3/nVJ7/Z2X/1G/wa/9Cv/X/8n3/wq3cHf9Dv9L/9pqu/9w8bffLfL6a/7q+x9cmv/Wf9xX/vb7C1evcf/Uf/2//wB78+ePVfHf1a/9nf/FPNwd/ye1x/7+CfOPyd/6ef/nX/yR/7k3+N+n/6j5Nf/w/7L37sH/r8P/vkd/yb/sRf+t9e/KF/4u/6a/zvX/1mv8Y/tPpN/9c7y/969pv8JT/5i/+b/+x/+M/+13/tn/6zf+rVH/rH/tQ/+U/8y//KP/3P/sa/xn/2H/1nv9l/9h/95r/O//Kq+Q1+g/oX/Ya/1u/6J/70r/2b/Sv/8S/9lb/h7zP/V//j7L//8V/rX/nN/69f/rv/zK8s7+39Tv/In//H/1N/4O/xmx78M//gv/Br/wn/1//4X/6a/+s//f3fcVX+T3/gv/PsH/n73375P/wNv+S/+i9/j5/5sb/rl/3nv8mv8Vv+4MUv/FP+mV/jf/t3v/9rfPq3/Tp/02/0h/wbf9av+Yf9Wjs/8RM/8S+/3P2X/6WdX7T7L+2ufuwX7ez+ot/gj/6f/+cf+5//5z/6F+3+xf/1//Cf/oMvVr/3b/fb/d7/1u/9K/+mv/l//M3/gOn0t/w9f51P/+H/8Vt/1//9p/56v/T3+D3/uN/kf/03f//f9Df7F//gL3/r//N//Q3/vP/qH/zsd/kTfo2jh/9W86+t/u/v/CG/5H/9L3/X//YX/xoHTw9+nXdP3/1uv9Xsze/26zwf/1e/9j/9R+2/+/O+/Z98+c/9T8X3/5A/+J/6df7He//M7/5f/YLf7K/5O//s5hf9vUf/9/iP/l92fmr6B/7X/9A/8sf/kVt/60d/2O/3rWf/6qu/57N/9s//lf/X3/Rv7P1Xf9Pe3zb9x6b/+bf/iP/45H/9Y/+af+vuX/p7/AnNX3P4T/7kl3/bX//49/8n/vN/o/3j/8Y//3/5p/+b3/sX//1/zL/41/73f8Hv/Xv8o7/uP/Qffvaf/ca/5F/4BX/0r//Tv9Zv/PEv+Ojf+rV+25/6md/tD/iffvGv9Uf9uov/5j/8lX/3L/iz7v7dR3/in/GvpX/b6j89evdH/Ua7v8Yf/hf8lb/ktyuf/hu/5Pcqtn+/q3/pf/ldfsv/6xf/hr/d/7X3H/+F/2L2N+78Pj/5r//bf8l/8rt89s/8h3/AP/7v/Hv//H/2n/5Zr/648k/a+5cf/o//d5L8H3/43/mD/+m//elf8Pk/tfgvfpv0l/yGf8D67/n07/6bf+d/7u/+Hf7qv/c3++rbh3f+/t/1+m8Z/yV/zv84/otevv1f7vwLW+/elP/Q7/W3/+K/9X//03/Jr/zn/9Z/9p/7S/7Ou9/79BdUX/5fjz7+7f78/+CvefwX/l1/1S/5bX7ys9Uf9/o/+/5/+def/Af/3t4/U/yPf8ZPfPcv/w/+yD8pvbj4p37qu3/hn/P37vx79X8w+SV/8bf/pX/pl3z1F9br3/C3+yv+98vVF3/O31H8LV+un129+PR497f/PX/V//bH/EP/4N/2g//yL/kX/o7s//5v/rA//rOfmP/F/8Ff8zf823/J3/qX/4t/+f4v/cv+z9EX/+TV7/mT/+3HZ//zX/43/zG7f/bHf88v+Rd/+T/2h/9pq9/pf9z+Pc9+s//uT/u9/uXf/Sf+6j8p/Sce/3n/x//y5/71//Y/8Gv9rb/+n/cP/82vf5Pv/M97f+cf9K9/7w/6k//d+//MH/HVX/Sf/PEn/86f9C/+4f/dr/oP/sTv/Z7/xvZ/9Id/9B/+8d/573/VP/KDf+d//uJf+4n/7I//d//uf/rX/U1/6T/521a/6h9/9H+PfutP/5l/64/9PS//ld/oD/zf/vrf/6/5P//MP/5f/Et+6aNf/ftnv+pX/8Q/9vE/90f8i7/D3/G/vzv/B/+zX/jXfLX8ff68P+/v/ZlXv+jpf1P/87/6f/+7/vUX/+GfNlv+lX/XH/Xf3PvPf3qS/qP/xT+8/tbv8yv/4v/q9/vp3+KfyH+NP/e/+k//83/lb3jynz979Qfc+2/v/fp/46/67f/7O4ef/9TpL/7H3v3Vf83W/3r9n/+rf+dP/JP3/+C/+hf/4p/6o//Jv/MP+qM//Ud+8b84vfz2X/Xpf1/9mv/Ib/jL/uzvVj/+v/wJv9cf+F/eq37N//q/+S1+w09//+rXTP7OP+gv3flTf4+Hr/7u3+iPKL77L//Hf8Zf+5+v/vMf+78e/Od/5x+0/ms+++t/5a/6Pf6Pf/3P/qf+nJe/2//56I/5/f/nf/JP/H1+77/rr/s9fuM/7t/5dS//hL/29/jrf49f9Hv8rf/Ht6vJy3/v7/sV//y/9Hv+bn/KH/l3/WnL/+KXL/6PL/65f/mv/hf+iy/+tf/qn/4lf8z/+Jf83Y/+0M9/89/2zZuP/84/6D/5R97+nV/8sl/jX/7j/+ff8x/4a3/FX/qf/Om/45/39u/7g4//08Vf+S/+Pnf/xr+1/ekHy7/n1d/8O/8u/82//9v+ef/np188/if/s//53/rkd/gfnv5b//Hf8k/8y9vp4j/5c/6Nf/Zv+S8urv6Ef/SvfvGv/0f7D58t/qJ/vM3/6S/+un/1n/6P/qc//Mfe/Rn/wN/16279B7/Wy7909kf+0//i+A/7X3+v3/33/6v/vN/3T/np0d1ftv3n/R3/3ot//3/4A36n/+tv/9Oav/kX/Rr/2+/+n/3pv2v1J/9B/132p5z8Gd9d/Xp/zGd/2ORXfvqb/EZ/4r/17/5R9/b+z7/ujz3c/id/h/R3+kf+hep/WP7Nf/gf+Uue/Lf/8snD8h/6C3+336H9Nz/6bf623+C//mN/i5/6hb/q4rf/j3+Dn3r2h/7rf+iv/v5v+H/+Db/G9u6/94f+Gf/Sr/k3/ee/8b/z8T/yT//7/8q/uMx/3fP/7h/+LX7V3/BvVL/bj+/+17/pr/WHfeeX/Fe/8i/5D3+D3/TN3/J//eG/57/7f/y6//zhr/1//czF/3bx5N/6g/6l//tfbP6l5h84fPBrPPzbfp3fdPvX/TX/r9/jxcvvHfxFv8/u3/V//7k/9u/8Np/8bduz/+r3/h1+z9/8zdav9dtPd369u//rr/67/ts/+7f4Z37X/+vOn/qk/g3+xF/zb/qJX/3n/2H/45vf7Nf4M36N6r/6Pf6uf+jX/L8++z9/45O/76/9Ff/ht/6Ps1/5f/0jv/Nn/91//2v+g3/jbz1rPv5NP/+9HnzVfO+P/QffrX/Dqxe/97/75/xHv+E//x/80//y7/Bv/HG/xT/1z/yf/2P+Y1cf/5F/796/9hut/9u/8urx30brJX//H//r/lNf/Lu/3z/9G/8r/9fv8b8f/yH1r/Htf+03+Ad+8Bf/utd/9T/4t//xk//+v/nP/uP/4zf9Df7tf/pf/yf+nX/iN//P/qv/+NcYZ995+3t+669+srv67f/Zf+4f/ffPfpv/7Deo7ze//u/z5K//lb/o1/v37/yl//dP/hHpb/bsP/iH/5z//f/+w3/Z5//T6m//N/+0f+Nf/z/+yl/2f//RW3/v7/OH/l9/cPrn/tt/79s/5/f5v3/tf/Tv+DX+4P/2D/77/v3//N//z/b/9D/9n/vz/7z/7nf9db71G/1ff+Tev/P64+/+/r/oF/+Ob/+sv3L1S//Cv+93+o3+iHf/5m8xy/+L7H/8TX7iV/46f/ff83//tv/Nv7Pzv/2F/81v91/8G3/Ki//1xd/wBzbj/+F/TH6Lv+UP/A3+qN/+Wy/+hD/py/2rjy+++k2vHvxL/+Hv/Ecuf9PL/+wf/Iv/rP/ixf/wB/yR/9fv+Cf8mr/gP/kr/++/5jf5+/+E3+4P/Df/0D/v7/mvjv6ju//H1e/5G1/9nclv+Xv+Xn/Sb/6rfslfPnnyX/4u/+2f/4/+K7/r//oH/a1/7H/0V/9byW/8T/zR//dv+TO/9v/1W/7M//3x//Z/ffk//Z9/4X/0O/42P/N//35nxV/0yR/6b/yPf/tv/bd8sf2b/CZf/Xm/xn/xa/xmf9Dv8Bf9eu+Sf+Hv/UN/0wfz3+R3+qW/1v/0fz/4Hf61X+PsD/onvv9X/dr//X989fgP+7V+1d//6/1lf+K/+7v/ef/eX/k//A//wh/y3/13f8KyPP+TfsWf8c//I//0H/zv/7v/3J/95/+pf/wf+junv9t/89+X59mvX/+Vn/76f/B/+mtk/87f/y9u/23/2qd/xj/ytz16/M/8Tv/Mv/Cn/EV/5af1P/A3pL/x7/9bf/Eb/v6Hv+Gv+Xv91E/85j/9u1bH1a9/8ev/SX/vb/+3/51/6N//l/65f9HfubP9t/2i49Uv+LX+1n/11clX/95//4cVf2D10X/9rb/2J36vR3/3H/JX/d3/9sHvs33wd737q//u63/7D/qZv+9nfs/f5Lf56fzjz3/6t/+THt7/K3+N+3/SH/qH/om/w2/wW/1n/wXZ+b/yH/i9/rb/aPz97b/+1/nX//LZ//Do1/kz/7Dif/wX/rl/9p/9Y//5P/aP/ef/6X/9z/nzX/+ev+cf9Of/2v/Ub/Lr/C1/yP3f+9//md/p3//n/77f53f+9/+rP2D723/wvzf6fRd/3r+/+Ic+e/LPnP9Hv9k/8f0/68/4bS5/wfm/8Af+Of/n3d/513v9t/1t/9tf+l/+Rn/Cq7/oz//eT/1Nf+h/d/ybpJ9fPfibxv/l7/L9i3/rz/wb/u+/57/+PX757/Ho17j6q/66/+Mf/Dv+8X/4P/4T/44/9+999E/9N3/gX//f/3o/Nvq3/vXj5Ytf8Df8Nunf9Oh3/uv+lr/3j//X/8DXv+0/8n/8o9/6k/7Of/4P/EuT7A/4a87/hT/kT/kb0tVvd+fXPfrDit/18A//636nx3/d7/n7ffFvvfiPf/w3+aXHv8mf8B/+Nf/Miz/j0588+r/vffU//Wt/y37z4Ff/LndOvvg1/snX/9Ef8Jt++mP/9z/75z//qZ/+vX7D408+/u6vf+9/evo3/aKdv/XX+5v/3Ud/6F9X/NX/92/0x6X7O7/2v/tj/8Of9t/+j3/Xn/fH/45/16//u/xX/8cf/Mf9mX/R3/eX/rl/75/947/bb/Xb/hW/4n/6m/7m3+o/+5N+neR/Ovtl3/6f/5f/5X/5vf7pVf2d/+mP+mVnv+if+p/+p3929cv+4L/yH/it/rq/5E/7U//wX3/2X/wfX/3Ef/IHfvc33zv4Q/6j/+l3/n3/2d9o7y/8w4uH/+Pv+f1/auvf/cX/x6/3D/8z/9E/9i/82J989ff9B//3H/F//7H/Rv23/ZqHv+67P/Kv/YN+9f/865z927/3H/rvpVu/6d3f8E/6I3/Tn/mf/tDf9Nf8bdK7f9Kv+0/9k7/x0T/02/0eD37D3/S3/fX/t//o1/kv/+GD3+O3/Q1f/kF/5h/+x/6hf+of/sf+qb/Lz/wGf9P/9Gv8w7/+b/ub/XF/8L/7H/+nv8bv8gd8/+jbf/av/8/9ob/peDn+j6YvftGdv+iP+41+29/jT/pz/8I/9Df9p+7+059s/0N3/vnf/R//8X/hzo//0z/+4//wl7/Xb/xnX/8hP/3pf5D+4u/f+R3/pt/03/+lv/oP+bX/qf/z6sX/WP1Od//L3/nX/p2/+xv/T7/Wb/ALfu+f/O3+t3/xb/3P/pP//L/8z8//4//iN/uP/vM/6Dt/0//5M3/eP/Qf/ha/wekv/b3GO//IP/qrvvdH/rm/7qs/9jf91q/6i//Lf/g3/tP/gD/sz/0L/8hf+1t/8Mt/+tf+0/+Af/B/+kV/8N//6/3J/8fLO7/Gn/x//E4v/+kf+9N/z7/qP/tDvrP8q/6zP/g78+//TRd/98O/+x8ePa1P/vPqD6P3f9dXv8Zv8Ke//J1/zV/wN/06v/i3/Navm/4Wj3/y3/vzfq3/4/HLf/o3/NN/5uU//Zv+6b/Z7/xr/pp/1Z/wa3z85tf6i/+U3/Bbf/df/Fv81G87+bH/7e/5z/Jf80/8+Dd895v8Tf/T3/I//c3/09/6G/xNf9D3/9F/+p/+R35s9h//Z5P/+D87/zX/xLu/9x/9p/6Jv+7j3/4fuvo1/qZP/uD/6Lf/tf6Cx4//o+tf5y/49f6j3/7X/gt+gz/xd/9Vf9mv8wf9nr/g7MfOfpPf/uj3+0Uvxn/Rb/UX/nF/2K/xF/4a/+Cv8yf9qX/u75X8LX/df/j93zP97v/0V/0+/8zf9ejhy5Pvnhz/uX/g3//bXP9vB3/X73bwv/2qv/z63a9K/8w/7e/6df7Mv2z/rzz4K/cPftEf9Xv9sn/lP/jqb/s//s23P/Hqd/iZ3/rX+t3/sr/sf/u//9w/5r/7A+79W//3f/6//lp/6D/0K0ff/l//xd/59R/2v/8e/7X/3//9B/7Xf+P/+O+ln/9Pv+3i7v/04L/5B//7P+KP+T//7d/4//w9/rcHv/X/9g/+Fv/IX/jLf9Nf8D/8j//c/73zf/4Hv/Fv/ezXSf+h//j/+iUP9v+r//U3/H1/4eyv/Z1/wX9c/d+/9x/yh/wxf9wf9kf9EX/Qb/Kb/vr/0K/xj/5Tv8Ef+N//4X/I7/XtP+o32Pqf/qrV/Nf4p5Zbj3+nX+uj/+z+//ofHf1Hf/K//Dj9H/+Qf/L0Hzn5K47/4b/y1/2L6t/ij/q1/+vf4F/+C779m/3Zn/1Hf8/f+D/8Fs/L/+v/+otnz37V0Wd/5yePzv7dq1/wR/zuv/F/8F/++v/yn/3qz1n+K3s/87f8Nn/cT/07j/6y3/q//0f/2T/yz/hd/4fdv/gv+uv+mT/hT/6tf+Ev/Wt//Dc9/zWPH17/ut//7Jf8U7/6P/yL7/6B//f/+V/8yr/3V/4D/+Hf/yv+z//hz/8fr6qf+Qd/8X/4q//9f/c/+B//g1/xm1x/9tmvNfuVv9WP/ea/+f/yf/86B7/nf/jiyz/0j/zH/ujf6C/6x3/bP/AP+bX2f3x1/Kf/Bn/FL/7yr/oLshf/2B/+k//XX/Tf/71/2X/7f/2ff/l/+e/9pn/p/T9q+y/7TfY++a+uv71//Zdv//b/0r//ZDL7937X//Wn/+DHf9uvevL7/56/8dHko//zT/r+r/tvP/vj/8+//0/8Z7b+2uk//n9ffPIr/sY///d9+O//lf/B3/hb/i//7T/wYvl//BZ/0r/5t/7P13/q7/3yP7z3t1//C6O/6i+q/tvf8c/45X/1X3z1g//2P/kLf8e/Yfov/9iv/U/+DX/i3/Pt0e/9a/2Cv+8Pe9v8D6d/6X/wl/0Jv80v/Tf/sN/u6d9w77f7mX//Dzv7Y//+L/+B/6383f747T/4T/yN/8X/+7f6Vdftq9/kt2z+4P/2f/6zfvU/9eCPyf6I/2H3l/8Lf/Mv3/6NfupP/s/+6T/7L/wn/8rf/Zf9M8//ht/19zr8Hf/C8fk/+Dcf/ZOT//lf+hu+9+qP/+6f/c/8F7/rb/PffPyf/p7/69Wf9u43+PY/8DC78+/9vn/6H/nH/j2/09/3j/2iP+Un/qr67uXh+sut//S/+2f+hF/w2d/36+5sPf3Jn/kd/+z/6jf673+XH/+nf+yX/ZfX+//7D36b3/3sk70/+pf/zv/Ir3/2aPndf//3XPzLP/F7/FYP/pi/7t/8U3+9v+t3+J1P/pu/+Ff/Vgf/5d/yL/wnv+df8Df+CX/Ub/MTv6T69Jf/L7/s9bc/+a3KR//VdfEXbB09/5t+w7/uN/zeb3z+rz7/p/7Tf/U3+JP+/uTd7vn//Df89f/Uf/jjf+GvXv1e/8j5X/Bfnvybf9kf8sd/+1f8M7/6f/hHv/g//sU/+89u/st/5k//Rb/qYf3P/eo/5+STP/bv+gdWv3f9l/4Nv+Sf+xN/ef6n/kEv/smP/+C/8V/8pf/Lv/hv/QO/7x/xl779k/7UP/nuf/UL/rLyN/+jf9Gf9gd89vu+/b//5f/9v/iD/69/9jf96a1fsPr3/t7H//6v+h1/t1/2j/2rzRf//L/wrX/y83/mD/vlj/7+7/0Rd8vf+j94tPVL/qif/PV+yX80f/UPPfuXvvitt//6P+/t3/HL/txf/Z/9Q//Ib/n57/k7/l5/wN/7W/ztR3/Zf/XVn3/+t/4Bf8Tv85f80//YydZfdu8X/C//yJ/5T/5hv++zf+zf/SP+xn/7z/wPH/9Of/Tv98nf+Pnv+ln67330X+w+/lePT//Hq9Nf9VfN/+w/5t9K/tM/+r/50z+7+Mv+jW//51/+n//xv/cPf/ljk//lX374r/7xf/cv2/tf/pV/7e/9a/Nnf89P/xe/6jf41/+Df/JX/tv/2b03n/yOf99f8lv9df/qi7/4Z37yz/kd/sf/rvjbf/LP+zN/q9/nyf/+i37bX3391/wa/+h/+w/9PX/JL5r9qr/s33v+p/xNv9uv/Jv+tb/v93t1+id87x86/M//8vM/9lf/ff/Zr/vVP3f6P/6lv+nf/vvN/4Nfq/wLvv3sv379X/zpv92/9Tf/r3/5v/Y3/K3TP+Jf/sP/8PXv8Pv+pR/9Z9/7E1/+W9Pf96u/67/6b/7Mf+wf/y2/+k+f/uk/0/wjf87f9Zdcbf+PX/0d/9Uv/id/yX/6T/6q/+sv/u3/7l/vT/2L/o+/qfw7/obf//O/6D/8G378v/+p/+1ffPr31f/O3ee/xb/yv/97f+w/t/Wm+FN+9eH9P/Inf8mv+en/9GO/zi/5Z/+c3+93+Pf/6//jv/74d3vyV/2Of8G/eu8v/Kf/mr/j//hTftXkP/lbfukv+Zc/efTv/Q6/9d1/7n/4t/7nv/O//E/+kv/zj3n3L/3VF9/+K//m/zz78d/pO7//f/8r/+2/+PxP+V2mP/lf/Uevf4ftP+Vbf/ff+z/9vl/8wf/m9C/9c/7JX+9/+PVe/fR//y/+/p/9a1/9pn/PP/TL/sTf7H/94u4vWfxDv/zfmvzWv+E//Z3/8/rsbz25/xf/lf/Xxa/39Hf7hf/RH/yP/MXXf/Cv+JW/yx89/pv/nN/69/hTfvlv+ct/8Hv+Wf/h3/2dX/Rv/g8Pfrun7d/6/Ue/9N/4z36tf+1bf8q/++2D3/Kf/uK3/s7+Tz/4R37rT/7Yn/j2L/2N/thf9sf+tj/9D5z/zf/DXzNa7fzi/+Z3Xf9Df9U/+I//Tf/8R3/J3/7LPyt/8Z/xH/3v//hv/s/8n3v/xV/0r/xzy3/2l/8d/2vyX/yCP+zj//CP/Wv+yvLP+vG/9eiP/r1+24+3/51/+Z/+v/+uP+4/+t3/6/Nf+Wv/3f/a7/XX7f1jv9H+b/f47H/4Pf+U6d9x9vrv3P2rRzv/0y/5F//N/27/b/29f5fv/MK/8z8++j9+7PivmP9Gp//9n/Sq/j9/8b9Q/oM/8eZf/BNP/oU/74/8tX7t3//x23/gH/yXfps3v9lfMrv6qb/6H/sd/81/pfyv/q+/Yvff+PP+pU9Hy//hD/6Vv9tf9Mf+mb/12z/t6h/8K/+jz/+oF0/f/uf/4q//8E/81/7K//PLf+0f/i33Hq2zk9//W7/dP/Cnbv/Gv+V3f+rP/nc+/Qt/jZM/8PTfXv6Sv2z27tn/+J/8lv/t7/2ffPePvft7/Iq/9q/5p36tv/qv+hf+3b/p+hf917/bn/4//4Knf9M/9kf86X/mZ//WD/7B/+aX/k6/Ov03ftEv/Ogf/RP/uS+fvfxH/67/5Y/+y46yP/jZn/KX/+Wnv/+LP/73+UWXJ3/eX/nb3P/F1R/17a9+v7/vn/uZf+6v/OP+uBd/0h/7U9M/7N/4I/+9f+3x3/Pr/41/6e+4+AV/1D/676b/6n/2T73+rf++f+63/k72Z/yjv9Uf/4P/6e//1i//zf/Sb5+P/vJ/49f787euLv/zP/Sr/+3Fr/jF/8Jf/o//0l/3z/zon/hi/nf+Qf/Gr/1Lj//u/+rX+97vf/Ivnfx9/2v9zyf/2n/5b/9+f/UP/t2f+uW/aHL9q//gX1b/lf/u3/fbfv57/c/jv/53ePSnPf78z/xD/qzf/L//O3+NP/Pf+t3+sl/59/49/+0/8798cvzH/S+/wV/4N/yLP/Y3/j2/ZP23/Jm/4T/wV33vv/jub/CH/d2/3+j3+D3+6tmv+k3+7+//er/Xf/av/qu/7vf/sX/l+//+2R/6b3/3l/xpf+ryL/nzfp1/+ff+5+vf6zf9+/6g5A//zr/wtz39037Nv+5X/An/+1978uLX+tv/xT/t3/+7f/+/JP8Tmv/rd/g3/4w/4L/4N3/vL7f/qr/uN/8/v31976/86p//7D/9p/+PP2f37/uL/9O/+I/8j3/znd/lH03+zt/pu3/Ib/dxc/6//kV7f8Cn/+ev+y//MRf//q/zi3+t/+Tv//yv+Y3+9a3/+vf+Lbf/s+v7v9bf+J/8i4v/cvLn3/mt//7f8i/99f713/gf/RN+xZ9V/R+Pf/2f+evL32P5D/7CP/BP+Pgv+t1/86Nf/Bf/Xj95tl79M39D8r/8zOiPuDf5vf7xX3Y5+dW/w//wf/xvp//Q9h+w3H72X589KL714PLv+WV/yn/yvV/5p/z23zr/PX75f/Fr/XP/2B/7T/9Hf/m//u1//H/5Kz79g/799T/+j2z9DX/36pf/D3/rP724+KdX/8Nv8V/+guRf/ut/7Mf+jX/k4V/6Y3/mX/br/9WTX7/4Z8u/5X8+/f1/3+Uf1/79f9n/8Tte/YP/8l/76rO/+j//d//1P+Gv/aO++mcvf9uX3/5b/uVfuvOP/YW/7Z3tP+Ht0+//Fv/w6m/7vf6e3+a/+qf+3H/x3/kP/84/9Pf7O36b/377852/7ff7N+/83dc/GL38k//Xv/gfePIX/J3v/uGf+XP++f/5L/1t//zf7fw3+oV/yNFf+Vv/L//sL/+Tf8X//JO/5X/yZ/xh//7f+of+x7/r3f/97/7t/s3f+gf/4y/6Iz+987v+hb/hP/8n//L/4Or3/zf/gj/zj/2Hq+Jf/fX+hP/46t98+O53+G//hf/pX/6Ff+Bv9hf/hX/J7/rXP/kVf+Y/8nf93U//kD/yz/wff+Wf8J1f/I989+o3/J9+s/H6b3z3O53+/b/Zv/Dv/PTv9S/u/9P/yD/yu/6vf9ivcefd6e/6O5x+vPr37v6L/9y/+tsd/vP/6n/6T/w5f82f8K/+iv/6P//4D/51/+uLj/6XX/nH/anFf/Cf1L/L53/m7Fu/vEz+/j/1L338/M/97X+df/3ef/jfjf+y3+A/evin/T3/wu/97fGXv/3v/nv/m7/9H/2f/0kv/tK/5Lf96d/2/s+0/8RP/fm/2aPqb/59/tg31R/9a/71p2/+ut/4f3x9eW/55tf4C3b/hd/5/94/+4v+kj/1d/ov/tr/6f/8487/kh98+m//R//tf/tX/DV/6V/8Bz4ePTv/vf/iv/FP+gf/sr/8t/7zv/UX/h9Pf+3f9n94evfX+Sd/dX33b/xv/ui3/+ZH/+H/8af+MW/+mC9/8g/5x1//e7//j/8VD3/soPiz7/+zv/k/+3f/slc/84t+0y9+ncvPpju/UfJf/Ad/55/yR/xP2a/3b/8Ov86f/m/tJb/1X3fnf/nt/8Tf5rf9n36z3+avffkH/tOXP/ln/Kr/4B/9Z//x7/wGf8lf+27x4Df8h/7T3/5/+OP/ia30X/9X/+9fs/wH/7I/++LPP/99/+w7v3vxvd/np1/85//27/Mzf8ef9Fd8/pP/+Zu/9Nv/wu/41/+e//U//Of8/n/D//m//92/10+e/K8v/63/7df/l/+Zv+9PHP3Tv98v+Gd3/4Q/4Vf83n/ir/+v/9m/7E/9s/7D//0XfvYb/wnpf/K//huj3+FX/E0Pf9Ev29/75Pr3evnRf/vX/Fa/x72fLP7A3+dfvfun/Op/9m/6JX/c7/Rf/rOn//7Rr/lb/7v/7b/z4O/9+y7//Oav/I9/j//1P/193v0z3/krf+w/+Ef+3b1f/3/6Xf7Z7//kb/O7/El/8z/95/8vf9P//nv8jf/5X/fP/lm/+3Ir+dv/8d/pX//sj/8bfs9f+X/+b//8r/yPZn/8r/en/kcfn/wzf8bP/GEv/5Xf8bf5jf7gP+vPPv9v/+rf4j/5F/6Xv/tbn/4e7dkv/HX+t3/u+W/yF//4n/748o/8b/+B3/7oz50c/THHf+d/+fu+y//mJ6++/R//Uz+1/4Nf8iv/ptXf91f83W/+g3fjX/nXPPz0p/6Jn/zX/9LpL1mO/sZf8Gf8vv/rl7/16L/79n//6rdb/y4//ts9+09+uz/zl/7K3/eTV9v/3i+89we++5N/w3/qN/hf/uYXf92//Z/9xH//y37D8W+5Wv/e+Z+x/e43+Aff/c3/4L/y/d/q0S/5C36bL//i/+tf/+N3zn+v/S9/6Z/93/9E+xv+65f/+6vf7R9+9u8X/8HrX/+/+0t++9/j7/2p/+g/++4fkP+7/+X/Mvvz/5b/8zf9avmX/vhf+zf8N7/wX/tLfvPf5sv/+tVv8le8/Ev+0N/js/3P29O/6J//d57/zX/Zn//dP/vf/s//0oO/8//+O07/2n/xn/8X/vC/9k/8y5/8WXf/gj/0z/mj/+vmd/rT/6m/4/H3f8u7f+Lv/df9wr93982Dn/5L/+ff7/Gd2ehfOflff4Nf8dv8RTt/56e//qOnf1P7d+7tvv4N7/07v+P/9fyP+dMvL7d+v+tH/9DV//1P/7l/9q/8bf72b//UT/6HF//C7r//2Yt/4a//3+//tb/PH/NbPPtN/4O/9F8cPf7Nf2nz2/ynf9P/8Ed+7y//qT/4OP03/8b0f/39kj/9L/mz/6X//bf/S37bR3/HH/Xf/bV/5D//6z/4/rM/8re794v/nf/sP/zpP/Ls17rzv/9WxbO/vfk3//Tf8a//q7+8M7v+yX/iL/gPfq1f57/4+Lf54/6EX/jb/II/+tt/z+d/1V/1H/wuf850/vAf/69/qz/6Z/66L/+YX315tDv6o3/3/+Nb7/6vf/Pv/PK/+N7fsP7j/8Vf+Iv/9qb4U3/vv+33/KPePfxNf/df79nv9gf+Ov/0n/o3/q+/9R9472/63f7Zv/v/+it+3/u/5V/6b1S/znd+4l/9dX7yf/onftefef0v/vH5P/Un/uC7v8unk7/n5X8yvfj9//D/6Ff9yT/2l52m/+s/8N/8ePbf/WE/+B1+03d7zR//3U//5Z/5C3+i/Z+/+x/+6p/8W//sf/fv+bX+mX/2f/z9/tff6eUv+d++de/P/vyv/Qd+rd/4X/7F/+tvf/m33rv3V/1Br3/xX/fyj/lDfpNf/fc+/p0nT/+s07/+H/oP/st/72/+/uVf8Wf/+fOT5T/36//6//Lf9vbxb/ePpX/fl7/Tb/DTv+l3/pXF93/dX/1v/84/81v9zv/Gv/U7/zr/ze919ccc/oH17/UX/cF/22/yd83/pn/+cV7+2b/Br/VP/cm/6Hf7ew5/r//w6Df5/O/4Zb/F/7z9W/3lr/62v+oP+MG/+pv+Lb/dz/zzv+iX/ulP9v+13/3+2V/w7/6O/8g/Pv3H/6Zf/Hsv/oav/pQ/7Tv/aD3/4/6Mv2r8h/9Zf8/6X/vX/8lPT/6sR6//3fGf9N/+wvzZH/PrvfwXH/4N8x/7D3+XL/+W7/3fv9Wf8if/5PW961/1l1SX8//tv/q3/+BfXf4Zv+U//dv92X/JX/uPzv7xv/+v+O3+6r/lavbPXCZ/2u92/cd8NP1b/+lf+Phv/Csfjn7f/f9z5zf45Df5sX/m2T/5+T/4a393rzl/+Ft/+Vv//rP1X/3gn/6vHu+9+ut/4r/5iT/tF/4e//Cf8Ef/tX/0X/L3/mW/+m/+Zf/2+u/5A9v/5K/6wbv/4Vf8z7/9r/wNr/7dP+WP+d3/6B/723/8dx3/ulf/7ff/gz/0v/ns9/0j/5zf/q//9X7JV/9sNvvbf62/5F/5xf/+P7P/u1X1X/qn/+6/yXf+u3/g7r8//+fO/pZ/91f/gf/O7ov/4Pr3+ov/8b8o/x9/VfMf/bN/5V/4l539jX/1v/rb/l3/5/LX/G3+zl/j9/8Xf81/+2/5tf6F3V/wzz/9A68utn/ywd/61/4N/9I/8Ov/kh9c/NX/x3//t/xp333xH/6dF//oL/4bf/Ct37L+L7/T/Ba/+R/4b9X/wL/w7M//J3+jt3/uy9//j/nn9n7hzm/y1/6d/8jv/Vv9D3/e7/d3/qJ/63/+ff+Wf+0Xzq5PXv+Vi/Xf9I/8j3/MHzP6o/60//R/vfPXvvwf/onf5r/6l375f7Pz3/y+n3//s+/+WUdvf/Ef8Ev+nf/zX/ld7139V//o85/8RX/wf/nPz5b/1q/+lX9bVv31f/s/9zfd/11+773f9aO//V/7b/+7//VX/pN/6m/c7v/Tv/7f9Jf9Kf/q69/vd/vzP/tXxr/Df5X+dv9Y9nv9lf/Lf/Z/fucH5z/x3d/yn/5r/8vq3/t1t979bft/2x+9+l0P/+e/+n/9J/6SP+FX/Da/2b/3b3//9T/8rf8j/Z9/n3/78R+d/Qt/4h+S/pHV3d/+f/vp4t/5I//Y3/jX/uR//vjvef3H/DG//H//q/7q3+ntf/+//DOnv8/Vb/xfffm///3j5uKX/ZP/7D/46X919vv8gf/0xd/x3//r//kf/9v8Mf/Z7/StX/7X/fn/5d//E3/Nn/WL/pd/6N2fmv832a//T/6f/0Nx8i/9pTv//S//Zb/lw5/4W/6dv+FX/HV/4el/9uv8iv9l/Of8mW/+gT/jZx7/W//O3/gXzn+ff/t/zv66z77/f/yDf9Wv/mP+ooO/6y/6d3/X3/Pbf9J/9Ov8kf/Ri/T3XF39kf/wv/9LVh9/O/27/t6/95/7j/6F/+hP+s1+u9/317+6+g3+h//pH/gD/+/L//vf/fv++9/nl//3f8/f+T/8181f89f+tf/53/97pf/Lb/gb/Qu/7//wP/wN/+h/+m89f375/A/9qb/5zb9z5xdMv/wFf/6//Uv++73fuj7+13/Nf+sv/4N+r5/536/+6t/3Tzr+Z85mf/H/8FufHP3K/zz7Xvv5v/uf/um/5e9++L1/63/4v/67f+W//2t/yR//F377T/5t/8T9b/2nv/kv/y1/8R/+Zx7+y3/S7/xP/t2P/vtv/cs/PfvJ0//ud//N/8DVX/83vTv90/6s//h/+MX/9n/48Nf+w/+Xg9//F/9zf86v/Kee1L/nxf0/4bf6Iy/KX+fv/lf/77/tN/j1//UfXL188J/8Dn/iZ//u5V/7b/6pf967Z7+8+F3+0rP/7tc4eP7r/At/x1/yu/zXf2Dyn/zzv+x3/h3/gt/uV/9Z//6/8N/+4j/sb9n9Rb/b3/Cb/Q1/+295/uL3+u/+kH9273f6a//I3/u/++r3+Z1+gz/q1Z+78xv+Fb/zv/3r/3u/0febi//w1/idXvw7B4tf9I/+K7/oH1z9NeVf8iv2f48/6nf67N/7437T//3v+0d+z7/32a/3z2e//791+Xv8k7/jH/Nf/wN3/+8/6vf/X37Zx/mf9kf/rb/B99r/4N/4a/6G/7v86C+c/Jn/wD9R/ren//l3v/jz7/45f9WP/drHv/6f8hv8B//ir/o7f/lv+F+++Gf/3V+R/Ua///80+cv/83/m1/rr/pDf7Jf9MX/af/H3/9R3/+2dn/w7f9Fv/xeW77747GDr1/4//ur/9m/6n/6Jv37rdHvxJ//L3/pN/vn/4m/9q/7B9L/6zsvf9y9f/Fd/37f/4d/h9f/y2/0x7X/9D8z/xOXP/Ba/+Z/wz/zU3/K7/+X/8PI7v/Dz3+xv/S3O/qH/8GeWH//N//Q/8k/9A1/853/tf/5f/Bv7//N/PF/843/Df1T+CWfP/7Hm3/4P/qu/b+vO+je9+hP+kXf/1ru/5bf8bz7+03/8j92d/As//o+lv+yX/kV/wH/5d/43k1/+L/4rf9L2f/tP/2a/6a/6M/+yv+F/+9/+g2/P/sv/6E/8sT/wy7//99/+K/64J7/+xX/6R//E7/i7/dj9f+Tf/rP/2b/0x/+Cv/qv/pP/qORPefLP/+9/9C/49q/4d/7VP2fr3/1T/qtv/Ql/xd/451/++cVPfPbP/tH/3f/wM6dPf9vf4n//T//u7/+H/+Fv+uV/+Ef8R1tp/r/8zj9z9Hv/Tw9+u1/9R//f/+Qf/BOf/Hd/xC95/Pnb/+33+LP/+N/r9/7T/9e/83d69XL3r/mHF//VX/xf/cf//feLq7/t1/6H/4y/7k/e+0+++59/6+Xv/nv/iX/n+f/+V/4u/90/eforf82/8f/+/Prv+4k/7G+YfvE3/36Pfr3/8/AX/0X/2C/6B+qvfvGrex//CX/63/7Jn/ln/Otf7f1e/8D//lv9S3/I3/EX/XV/we995yf/qH/rf334D/0e/8joL/0P/5y/62D+j/1Rv+Do93/5d/9GzS/71/786n94/Jv9Rn/jP/Hr/LHF7/xTv/C3/rvf/q1/07+S/4F/xd/ztx1/9WL6v/5vv8Gf+xs9PP3yV97/tf+V//IvXP7+P7b7h31R/4mf/07/06Pq6Pmv9+Rv+JN/pz/wv/6zf/o3etj8vm//k1/6p/9Nf8u/8U//Eb/5g9/hz/99/vJP//rf4+xv/BW/+x/f/It/xL/z5Z/wm/7457/nL/yTf91f/Ov/H7/kP/9b/7XFp//MX/dvfbVz8Ff+k3/nn/BLfoPVv/wn/R6v9/7PxV/47q/b/u+/8zr7s36n839v75+tkv/p49//r/htfqPfpEh+uz9x9Vu8/st+p/pn2j/jX/8TfuHvmn35kz/1e0zH/8rdj+/+4r9x/K/8yt/iP/zrfuc/44/80z7+9//Wv/Wz7T9o67f8u9Y7f8npX/6bvNn5Pz6d/1+/4uT3/qnv/V6/5v/69/7nz3/i9/iDVlf/Yf47Xvy6v/b/9Y/+g//8P33w7/zT/83d9m/+1h//6yZ/weov/Gf/wNe/ov0//r6/5v/4l5//8T/+d3z+u5w+/T8f/ma/31/8K7/8I37yL3/z2/6e/8Zf+4fOftvf8jcsf5PH/8v/0f7dz/+i+W937w/+Z3/i3/07/ry//I8eHf+3/9dPpL+q/FXv/vA/+hf/baO/5uF/9Kv+5WSy+Mm/5t/8d3+7z3+Lp//S7/UTv8N6a/J//J6/5t/+/f/gl9z/1nev/s4/4Vesf4fxf/n3/17/bT77gz598N8W/9zf9+mv/Ff+wYNf9Yf/s7/P3t+9909+9bf8X//RX/EX/13tw/+j/untf/OX/pv/6S/6N9b/wH/z3f/26qL9+/7Xvf/7H/w1v/OnXf1f03/jr/49D774j774xX/R9//hz/6L/+Vve/Izf9wfOP4l3/0Xf6M/+z/8wa/+8//l//u/+5f/z7/wT/+7/8tf85/8a//vu7/Gn/zf/7Iv/vB/6L/4h/7pX/a3/jd/9j91tPrH/r3/4n/8L/+diz/+Hxonv+lv9d/8N//Yb/a//aV/2W+y/vP+pE+/9d3/6Xf6V/70X/+v/r3Sv+7t3l/41z/8rerf4Md/o1/+y/+Ef+avuP+i/a1+4ne580t+8387/cv+rt/69/vn/uU/7e999Kf9N9/+P3/z//Q/+LUvsz9j62/+1/+cv+Ivfvm3/kdX/8cf9ds9+3P+z6dfbv/+/+W3v/9H/Zff/qk/+k/4DT65mvz+X739zcc/+fxd+pOT+1efZL/tP/1v/NY/vftvfvuP+Kuf/oPf/oP+wG+v/uW//vf7K/6RF2//1d/lF/ylza8/+23/93/1f/qX/+s/dP2D3/9P/cs++b3+oj/xx/6U3/Xuv/SbfPZr/69/11/6W//LD/6gy7/nX/ntj7fmn/zET/3h/8mzv/dv++/+xt/31/6TF7/oFz4Z/aWLv/ov+1v/kpO/7Q/5e37nv+O3+xP+/N/xn/g3//tf5+/+3j/6m/y5/9FPPP4Hjv/k/+PL3e3f+yf//f/r/Pjv+OjzP/ePfP3b/+H/6flv/Gf/pe/Gv8NX/8Iv+XW+d/o3/2W/wS/+z3/tT/+rv+J3+mv/qj9w+zf4nXZ/+ou/sfo1/9df61/+X/+63+s//2v/8n/uj/781/w3ftl//tdc/Dov/8G/6dd8ev83zX69v/Mv/NWT/+Uf+s6/86u/83/+XX/Ib/mX/+b/56/zO360+PX/1r/uv3k4/Ut+t9/6t/h1//5/+G9Nln/Rr3Xxy5Of+qNe/4p/9n/8XX7lWf3FX3n52/81f8Y/8uwf/2X/+f/+F/1bn/1Lf/hf/ef/Lb/bn7n6Lf+Vf/Cf//6f/n/+2//S7/zP/iG/x1/wnXe/8R/103/JX/Av/vO/79/4k99+9dO/zx96fvY3/1XH/8k/dfSt3+wPffnH/Jb/9z/wt/2Wn/8FJ3/L7/23/AW/9v/6Jz/5C/7DB79W8Qf++F/ze33+N/169b/3vf/jz/7qV739p778JY++ffm//+n/YPm/Pbvzfy7/7//ml/zvi//q5Pf7q37w6Z/9X43+478gHy3+tBd/8+4f+5c8+bP+27/oz3v4R/8v3/mj/47//DdZ/7f/4R/52/2aZf7n/MP/wD/1++T/8f+02v1b/ufdP+ezX/cfPfiVf+qv9Yf9M7/Hb/aP/Lt/wPnf/w/9i3/s6z/8N/3Wv/L7/6X/7bu/5vf5rf6mP+Vfefm7fP6X/zp/8Zs//K/6U093/sQ/4Q/7m3+Levnf/cN/wb/xR//nv7D+e07+wbt3/5Lf+/LLX/A7/B1/2N/4RyR/yC/5v/62v/dvvvNX/XN/13/45s//Xf+Id//ub/E3/Z9/9d/2b9774uV/+Vf+yuv5n7P3K/6Cf/HP+aOe/o+/xZ/+p/xk+9//VX/6X/BX/GX3f4fz8/ur/+1v+11+ny/f/NRv+2/8Plf/5G/zO/1df+dv/sl/+r/8Hn/wyZ/83//q/+uf/8d+1S/86m/9v/7z//lf+7++/eyP+93/8Z/5i3/r3+Lv/qtH/90v2vqX/6X/5a/5h/6C3+fx7zr653//3/2fe/dn/zkHr/73f+6//493/9XHf8EfVv3H//z/+Wf+O18Vf85f+fDP+Z8//Xd+8X/+e/1WZ59+94/6T/7y7V/nb/jH0j/4n376O/2Fd//5e3/4+t/9l/7t529+4ehv/QcPv/q7/6o/MWt+zf/yxRe/6h/9V/7vv/Tv/k1+u/3z3+c/+8X/29/zX/x5f/rv+rf//v/Lf/yv/Y1/8e/wT/xaj37VL/wt/un/4jf/k/7uX/Uf/S+r7X/1P35zf5r+Pn/93/h6+ef907/iL/rj/5Cr3+6v+rX+9l/15/zE3zv5zj9T/lV/4z9/8ev+e//sH/Qb/lu/+z9777/+o/+8N3/dP/8n/xd/5ttHv/nFH/MPfPLuX3/8B1y9/ep/vvpt/8Sf/rX/gL9i+gvLX/Wr/5WXLy//3V/8r/01f8sP/pbT9V/5r1585wf/d/3r/66/12/yL/zPD7776j8q/tVf8d+c//4Pf+d/5e/6R+Z/3q/zq+8s/rnv/GF//T/zl/7CP//u//S//Cn/5l/+57z4b37vf/Phb/z6zv1/7H/+G5eHX/yz0//rs3d/VfKf/x6/8pf8Lgd/1T/1f/w3/2397//+f8i//+bkv/tzvvpq6099+Ze//I/+xN/pl/6Pf+Z/+CRbv/qL/ta/98nhv/hP/K5f/AX/4T/5+S/88V/jf3j+9/7xf+V/n/0ev/H5u//54M959/v92P/wm/82//s/9/v/uX/VH/gr/vjP/up/5fc5+Rse/yl/dfab3f1Vv/EfNPtVf9T1n1kd/Rbp3/3mL/o3/8T6t373cP/O3/f3f+fyF//me//YX7o3+u0Ofq9/+n/8tX7Zb/Tv/jXtX/jl+Ff+sy9+9adv/uZx9rv/dqNf+2//d37n7Nt//G/6J/9bX/ziX/u3+tu++2N/w9/5O6z+ivwP/qd/6/Hv/4f+Js//zN//T/nD/6m/7Pp/+env/yUvp5P//A/+L37hV//633L41Z/+R7/+Pf6ub/3Vn3z1d/30nb/xN/y9/7Pl7/703/qj/4oHX345/eiPvvjxX+cnfvpX/+rk9/ml/1z5G/zS9pd9a/s3/9ZP/i3/97/6R/9e//t/+hNb/2b9Z4/+5//yu+P/4/f66//qv+Tl4d/7G/+9/8vp89kX/85vcuef+vjNv/Azv+Uf/Bu8XP/Vf8Ov+m//u3/yk+a3+68//5/+yn/mJ/6V/+7Xe/B//Au7v8fhn/eP/k//7l90/jf/ub/Wb/nP/bq//y/9JX/Av/rf/wf57/QP/h/Hv91f8he1H+3t/P1/2z/z3/8XZ8u/+C/64unl4r/7v37Z7/znv73/Z/3bv/Hhu7/v87/iD/2f3/xlf8pf/0f+q3/vH/Kn/6J/cfEn/Pvbf9K/8T//3f9D/cf9Z6fXP/kv/oLjH/9vfs3f9Oh//c3+06P/8B//9/6WO7/Lv/wP/cqTP/q/+JPSz/7p3/VP++M++eg/+5f+w+0/7PHvPXvxP/3R/9L2n7f9i//tP379e/+fv+Kv/aN+8Jv+ruVv+Tv/h3/27/KLfuL0f3p9/7f5B3/Jf/jHPv2JX/rv/ul/0F/8h//Kf+g/rie/x/jP+CN/6z9y5//+A/613/2f+UNf/c33/sa/6F/4A3/if/ijfts/4zf69f+G//vf/uv/3cXv8d/9tn/G5e/8b/9F//df/d/8ir//l/zaf9M/99v+YX/wv/A7Lv6X2dVPno1+8O/+hn/zv3z1e+S/4X/0f/wFf82ftPhvH/47XyZ/2F//9NO/5eiTB3/kv/nZv/jd3+63/At+yU/+it/69/nz9v+H/+1f+GW/+uPFV//yt/7of/ZPufr4r/zX/srf8w/5W//E/+Zf3v+j//lHv/Bv/NN/nT/iTzn+7/7Nv/N3+r+uf/Ff8sf/Fv/br/nn/FZ/70eHf+T/lh8+/4v+z9n/8R/+R3/k6l/+ff/FfzT/136vX/HgD/o77738nX6LP/bNP9j8VQ++LL/9r/7yf/M/+k/+93/790h//d9i8rd+9Mf8Zf/k7/xP/dL1f/+//2l/7h//y/6ZP+b3+WN+1b/0N/xG333ynT/7/D/+4/6aX/1PLn73vy3/33/3P/on/+n/9X/9LbbLX/ZLJr/Gf/W3f/JXvPyp3+Q/2v33D//1xc/88v/oL/jb/uw/61968fv+A9fr3+4XPfv7fsPx83/1d/8Xv/Of/H3LP+t//iv+g9/px45OfsN/6vn09/v2v/sX7Xx8/Gv/k3/E3/En/Dlf/mF/6tFP/x6/7/RveLP4hb/D3306mXz8K//73/FX/H1f/Avn07/mr6gXf/wv/TX+6r/+P/jx7V/vd1/8fX/T7/cf/jE/Vvxrr3/rg9/l9/7eb/z7/VbzP/+L/2z6H/w6f8W/+b//j//K6qs/9bf/HX7m//xT/tq/6h/5j3/N/+MP+Zv/2P/p49/9j/ijf82/7K/7L/79n/kv/sB/8KM//Lda/6qvPv4F/+Sv95f/RT/1Rz+4++f+lb/oi39n9L9O/4jm1/y//9jf4h/9J//5h8uzb//k7/vP/pN3rz/6u/7x//7P+0P/9v/q7/+3/vL/+l/9O/+Hn/oTr7f++D/lz/7Bf/if/8Rf/Ef9jb/ln/LXvfjlf/Lv8j//yat//ff7/l/xp/7557/3r/zP//7f8A+5/qvLP/AX/VEn/8xfcfdv/qv/skd/1+/wJ/zXf+Hv8cf8c3f/rF/9Z/0Wf2zzi/+U4o/ZP/oH/4D/6d/+T+bnv/DX+ds+/mP+/v/kW7/h7/i3/On/2U/+AX/z3/SL3v7mf/L/8Yf/0f/gP/IX/7Z/3fWrf+THfoff4MHfevLrHI7Wv/lf+s//Y//wX/O7/k1/1O/1uz7/x3f++N+7+Rt+wz/h8ZPf/O948hf9qqN3v86/fjl99ev/XX/o6Z/5J/zBf8jf9Atf/Z5nv8VfVP9r/+pf9t//Dr/P9/+80+/+Vvd/j9/lD/7txn/g3/t7/i7r139S8Tv+p3/I3/av/9Tv9Tv9U3/G7/Y3/Rnf/ft/83/vX9p/0nz2O/6Zv/yff/Bv/n2//OOvfvv/fvWX/vf/3B/5R/zpX/6a/9K/O/lrRz/11/4Bv8a/+Zf+Pv/Azr/9Z372+739HX/Zv/H8z//NP/t9f+xv/z3+7J/5G/+vv/D/+Pd/h394+u/+6Y+vir/8V/zZ//l/+Pd98re8/BV7v/0Xiz/j5V+69yfMf/t/78/9c/6Ef/0f+DXu/Lv/6O/50Z/0V/6m/+WXf+s//2f/Pn/m7/A/5n/6b/YPfvSPf2fvN/mz/493f8LBb/Hv/+6/4af/3b/+r/7pR2f/0V/+Z/6T2W/x53/xD/2G//SXf+Zv81f/L7/R/9T8e3//7/Vb/p3Nn/rPfufy8Pi/vPiHz/6Nf/2rP+b7rx787Yd/y/b/+g/8F//X7/Y3/Ob3dv7A3/nFb//Hv/uFf9f/+jv/xv/9Hz1KfpO/6zf+HX7i9/9TftN/40/fvvv5f/ZLv/v7/gvl3/zLv/9X/cuLuz/4Hf79P/bZX/KH/fX/9q/4/vd/YpT/X7/L7/On/Ze/74//lf/sf/Y3/RO/zV/wa/wP//wv2n75K/6pv+73/yP/8evyd/lvLk6//FXz6o/8m49+18/rk8XHv834f/xfv/30X5g/zD/9fX71b/c//5V/8G/6F/xav+1f0LxO/te//td//Xs9/a///ke/6x95/6/+y/6d3+PP/+i/+NNnv9uzf+u/+0d+l3/1n/4vP/v2t/f+nN/jP/k7/5Pf9xdt/Rb/3Leqv+aP/W1+i3/jT/kj1//jH/fPlf/7X/B3Nv/JP//H/dKPf/zqf/kLfvJv3/ob//Nf+MXZ4o/48h/45S9e/Uafvin+2K13D37Hf/7fn/x3v+Dt3/E3/u3/1b/74gf/bf6v/en/9pv/6v/8R/6UV//7//4f/1mv/q7/7h/6h//pX/8v+i/+tp/4E/6pv/An/4D/6+h3+wd+8q/5H//h//qf+Gf+6X/i3r//r/0O/8w/8Sv/7E//5//pb3v0Gz77p/6xf+j5j/3Vv+/6H/xf/6N3f/Uf8vFv+d/85//Af/npl2++/Wf+q//9r/1P/Ud/2dX/+Qf9yb/Lp3/X3/BP/MKP/6rf5J/9e+pf/B/8ufNP/qRf9v3l/3r89NX3/o/67/2V//7hf/VbP5vv/7X/+N1/rvwz3+3+wU35e/yZf/e/+2v9qf/Hd3/bvb//t/0N/6//6ff90//QP/VP+63+6r/7t7335/+5//uv+s1+o3/2n/2z/6Y/5de6/9f9Gw/+qf/1z7763uXf8+T5n/sHfu8P+bX+8N/7P/mz/vE/+/EfdfVr/9K/6x/+i7/4Z//Df+9/+icf/PZ/8q/3i/Jn/9kf+u/9x//FH/X7/vI//P/89J/7/cq/9if+7d/p29lv9OeN/5vJn/Z7/nt/xe/zzz/65Kf+hE9/ycPf7Xd//NVv9Z/+jkn+x/0Hu+Mv7/7kb/u9f+bu3/+3/tF/zF/zV/0d/9Env+vDh//c7/Pr/PL/8J//TX+ryd/0T/07//hf/Wf8+Ks/7W9/8Gv8O3/T7/76b/4PfuyP+t3/79/od/6nP/rzmp9+9hv/X987/cf/mb86+z3/0z/2L/5Xdn/wJ/7UV39f8Zc9unrxp//5P/P4/z7Mf6vf6Zf+ZX/tHzT9bf+43+SX/M9/y392kf/CP+j8P/4//8W/9tU/8df9Ab9/cvfRj/2Tf+7f+mf/yff+pT/uf/3Fv+DJb/DFP/8//R//wvK3+lP/gr/gNz78Z/+2X+uf/12Wv/Of+j89/quP/7E/4O/+H771z/wd//pP/TX/UfEX/GN/+j/98j/7pz7+G/7SB7/GP/NXTvb/3d/h7v/9e/xhv/DH/rqHv80v/t1/g5/+/Pmft/crl82//tkfUv1Bf92v/Pjjv+w//T1/y1/56mT7N/9z/8x/+bf6fT9/sv9TP/6H/jN/6D90/if85v/Mf/Rv/VWf/55//4/9uf/q//nto29v/aV3/qxf868p//B/6//+B/6oi//iN/6L/ui/9A/9l+7+Z3/t3t/zv/x7//Yf/p/9lf/81n8w/8euH/x+f929v+D/+K++9Q//aX/TR3/x//yX/v1/1H83zr767t/003/R6f+4+9f89b/P/1T/8u/8Ghd//+MHP/6r/qR//I/8v/63P+8vPv2Hdqqf+aP/2ju/3f/4237rL/rNft1//fp3WF0//+e+2/6Z//Gb3+sX/X3/5l/w6zz/I36jf+R/+wt+91/2h5/8Dn/63/YvP/kl87+u+OP+4F9n8S/+bv/2wSd/47f++F/x5/7Rv9mv98/8k3/2r/W9v/Zf+m9/8Oe8y/d+wT/5N/+ff9vpr/zj/vLf/fTq//jOF3/Gb/gf/C/7//bFb/bf/IW/9q/8g//jX5R8/4/5jf/q/+HFP/g3/l7bv/1/+Lf/ln/8X/abl6d/7t/wd1z9zL/9b/zMX/K/bv8j/8af8Hf97Tu//Mkf9L/8N7/9f/XZn/tH/kf/4p/5W/zzv9Gv+/t8NvuX/sY7/+bv+wve/U+zxe/+cPq7Hi+X/0T1r/6S3zdffO/v+QM+u/tXfOvve/Qf/Y//+/eav/Ff/R9++we/xcM/o539xP/xt2z9c3/G//7X/Rr/97/4F/2bf+0v+xunf9mv8yt+8M/9Pvf+mn/hO//UuP4T/97tf/9bv1/xt378+/yn/+o/+zMPy7/w7//b//m/7U++f//3+In//Ff91G/68p9P/+Bf8hOv/5a/hVZIV989+Zt+k50/9784+0f/yP/xz/iJ7//+l7/hn/rn/0vr/6599rf97X/Mf/fHvvoL/+5fczb7A/6mk3/z3/sHjv7u6/r8q8Wf+ov+0X/xt/iHt/+Zq2//yp/6hZ/8j2//0r/zFz77Y+4c/f4/9vj3/Y/+qT/gX/r154vf+cV/8+1/bPQn/0l/5U//V2/+yr/6z1s8efcf/ZpfHf2KP/H3+PLg9/sd/5fz9B/7TR//p+d/yNvf6I/97N/94tf/6f/rv/zsv/+lp28++vO+dfA/X/1Ph3/4gz/of/h1fu9fefl//jH/7b/+u33vb/z7/9Cj/+0frrZPfun+r/x3/7Wf+Q3/hv/79/v+v/ob/we/+5/xC/6OJ2X++xR/3p/0v/31f8TRr/t3/aK//eCP/vIX/vnzoz//83/4H2yetn/AH331p371Zx/8MX/wr/gf21/2B/7vv90/+ie3f/8vS774mb/8958d/danf8Mf//2D//Dln/V3/+5vX33yTz77o37//+Ofu/Nv/ln/7b/wVx383//wL/9T/pDv/Iu/w5Pv/nu/1mL/f/lV8//8//hVb3/NX//f+wf/lsWv/FP/hW8V/93fd3byT/6hyZ/yv/+3/9kffPev+FN+2X/0m3+19ZN/0dbq/H/5Hf7d/+SrX/5w8st/2Sf/5w/+zb/vf/4Tfpvf5Kf/+f/td/iXfv27f9Vfc3n1l/3z9X/x4B//5/7nO3/mv/zP/Kn/5Oc/9vw7f2T22/8xv+Fv8a/+m7/pf1/+Wvf/yt9s/Df+tX/Jf/nv/Yd/497v/upbf8Vf8Df/9D+/9+lf8Pv+6t/iN/h73/7O2T/0r4zPDv/Iv/Dxb3XvT/zy/9g+/Bv/mn/pl/0Z3//Lz/eqX/G7/2f/zunZz/xP//nv+l//q//Qb/yv//3/7b/9O3/yN/ymf/If/u3f8tf8vf+FX/mw+gP/q1/86k/8K6f/Rvsv/enLTy7+m49/nY//+r/pr0uKr/6lt//uL/tTd/7o//S3+LX+9l/7t/qnf9Uf/hv+zL949z//1/6Hf+ret/6o//Vv+uN/iz9z+fv8vaN/4a/7Ww7/7F/yL/9Tz//O/+l/+kU//fDiB3/Vn/6P/Nf/67/3L9V/0N/19/4jf8b/XI+W69/1pye/7Ft/yuj3+Wf2J//R7/Hl4+P/5vO//Vf+bv/Rv/nX/82f/yd/yMn92T/76/z6O3/RL/w//qh/8P/+x7787771j/7X/9jf+rcc7f2l/9Lf/dHWf/nv/XV//u++/S/8R7/zv/d7/Xe/7D9dLf/Nf/Bv+3cf/Mwnv+l/NfmXf/P/5NHVn/AnPPzd/sM/54u9z3/z/+n7b5uHf/vve+cX/e73/pq/Nf9F//X+T//u/+4f+7v9Dr/v7/wn/I0f/ePJR//qn/Wf/6ff/+2f/3k/+ehf/G3+ut/5l/45/9Gvc/qDv/XFb/rb/R1/2j/12/42/9gf/Ut+/Lf85M/+H36XZ+e/Rf7rvZ38Uf/wP/Yz/9D1b/Kvv/wf/4y/+X+593f8fX/rP3Lx1e/w5v5//e53+63+vv+lvvfP/4W//7/X/FN/6B/3n/7Gv9d3m3/48YO/cvblH//4T/hXf8s/95/8Dx//Hzu/6l/5bX/FZ//0s//i93v8l/xGf9mv9Vft/je/3//9n/4Dh7/H3/9r/a2/13/0y/+N3/z7P/WHf/v3+pv+3N/o0X/5m/2bD//5P/sfnvyzv/v/Uv7WxfLtf/nH/4L2r/j7f8n/9Uu+/Tf+yl/05tHoD7z+X/7e/3zxz/+q5N53fuUv/fV+53/4f/xN1r/Xn/o3P/5069/4j379x//Zb/r3/e2/5T/+J3/33/jn/4J/5xf8Hr/Rb/Iv/KN/6+/+z/x3j//N/+uX/w+/5+/w7/7Sf+yXXP7B/+hv8M89/Ev+1n/wt/tb/5sv/oVf/mve/2W/3t/+X/4X/+Xftv1fvU3/t7/rl/2jv81f/Wf/y5//qt/y7WzxT56vD//Gb/1ev/sf8eOT//Cv+Sve/Kl/y+gP+sP+4V+89+a3/j9//D/6ifSzX2f9n4z+zf/1X/tj/8m/+hf/p9/6Hz89u1j9TX/CP/vf//1/xb/xix/9Tn/Jn7r9xW+2/X8dPsy/83f9NZ8v/vtfZ+v3+7X+guJ3+nv/mu9V/+7ftfhN/8zf+z/7ZfmTf+Mv/h3/5r/nz/l3/u//8qj+I3/hX/Htz/6u17/fm9/4T/77/4b/8y/6I36Nf+jo7Pf7G37fo9/5F/27v//v/E+Pf/O3/+Pf+zf8Zvn2X/rmz/zWH/PHtX/hP/rsF3/8/T9s78/7rf7vL/6Jvy37n//pX/u/+WvS+s/4q/+28q+vf6u/9t9o/rMv/rrx7/Dn/Jn/8N2/9b/8Y//h5rf9m/7H3/HJf/hv/AP/w7+6SzmjX/bf3/vf947/8F/29/+Nf9K3/s1/5F/+t36P/+03/kv/iif1X/jpf/oP/vV3//lf+of+8b/Ff/Nv/mv1L/jf//Z/7Qf/5Y//FX/+b/6n/Av/+Eef/95/+uNPP6q/+Pf+qV/zX/trfpdP//Xdf/xv/bUpCPmNxv/x3/C/f/JP/Ma/2bs/8Ox/O/ybxn/D9//5X/8v/RV/11/0O/6+f9Krf+wv+i//2Y9/7Nf8yQd/9F938m/8F3/dT/xH/97/en588Gs9+rf/xX/h7/nP/pa/+veY/G75P/eH/QX/6b/2n/33/8Xv/Le8+33/1fpvO/wr/pQf+9//nr/hwe/8W4x+8Av/jl/jN/1v/oc/4Jf+j7/ds2//TaM7f+mjZPzn/YP/yt/+W/423/71/snF3/PT/9Pv9H/9U//R//on/qKDv+5//yf/5b/389/0n13/I7/JD/7v3/JP/uwv+epnTn6X5X/+3z/+q/7Rv/XRP/dbnPzJv+G/8Gd88ef9c//7/3L16/7hf8bvc13/u3/f//2X/dT6D//Lv/Uff/zf/n1/1p/6t/5R/9If/Qd8/vf+hf/FH/CH/KW/7etf6zdu/+vf8i/7M//w/+GX/FE/mPwpW7/tH/APrv6OH/z3/8ff+gf9/n/39B/5bX+X//of/+nv/6F/1x/+J/5hf3u+/Cf+6v/jZ/6JJ3/B//wL/4J/46j6Nf7XP+jv/UUv//Tf5vCn/6D/5K/+if/rH/k7/tZ8+tf8ntvVn/riP/gL/+Y/+U+o/qcfvPqj//g/42/9PX/yHz9//Buf/d573/3s9/pb0j999m/9gf/Lv/aP/jb/TfJbrn6znb/wl/7Lf8mfe/L3P/jvvmyrf+infs8/p3r1f373V//V7/6RP/2/PPs7//of/8v/iL/+T/p3/uJv/QbPfqdf/mDr17/7v372e//Tf/2f+Z988gf+D7/sr7v7+k/8+K/6wS/9m6f/2J++/Ev/sz/xv/j2v/WnvPjTV3/6vz75a37jv/IfePg3/Gl/wj/7b/913/4Hv/p9f7u/8OGfv/4n/qE/+hdv/bv/1f/44A/607/807Iv/4vF3/kn/9GPv/sb/fN/3e/3G/2av+jzv+r3/M3+5N1/8Df8vb9/+l/9bv/9//Dw7/s//7nf/bf47f+HV2fFRfVX/R9/629y9yf+1P/r4z/8L/r8+rf73o//kt/rV/+p/+4/92f8xn//n3j5n/7K3+ZP+Pf/23/pL3v3x/xu/+zv/3v887/n1cHBX/Jv/rUv/uB/8u/+C6//mz/uX/jt/s5ftftn/ae/2V/65G958l98+5f/8T/55eGf9pf+5f/HX/7opy7+jj/gf/x1/t6f+RUPfr9f8Tt92Xz1v/yxn/+dv/F/+Gv8+b/gt/8j/7Q/4L/+M/+4//0P/1f/vX/rd/8Xjv6If+93/x/+sj/m7/u3/vA/4B/5g05+8z/6t/zoL/xX/7Y/++/4o3+b/6H+7Jf8Wv/O3/X7/tP/+6/8dX/zf/vNnX/xD9m6/gf+6NGTz9/+BX/9y7/6b/in/oGv/oqXjy9+zadP//U/+0/61at/7bsn//2Xnxz95D/+H/12v9Uf+J/8Wl989Y/+b/d+kztf/J5/yj/yF239qr/gl/zZf9pv/fHf+Fv93f/4P/cb/B+/cPzX/37/Qv5bPvv3Dn6d32rxV/yDp//8r17/bX9O8dv9r7/jcv35X/vLf8Ff/O5P+Yd/+z/wt1n9G//27tPT//u3+ntHn/zM9u/ze8wf/xX/zN+1+/0/5B/5wbf/2svf5s7+P/PLfv/f7Dt/77/5l/xFd978t3/HX/h//gf/1fjX/+7Vt3/F3/Pk7/xzx//Vq4/+1D/iJ/7Tv/VP+wt+7R9/+G/8z//Vg9/16b/f/Kq/7e+p//jf6Vf9tX/ivW9963/7V/7IH/8t/qk/4ePi+vd595f/R3/Vv/XP/RZ/1h/9V/z3v+J3TH/87/iNfiz77rvtf+fT6u/c+a9/xe/2e/2Gv8WP3/mNf8E//m/8Wn/i8t/71/6Gf/Gf/6t/7E/57Z5l15/s/K6/9Lf+X+//br/On/DnHPyj/9h/+rd/+c/+Ef/rL9r/z/+7b/33v9e//K/9Fn/Nz/xZ/91/P/pXfqN/+/z884//rP/+v/ne3/tTf/j/vfc3/x2jv/cX/Kd/07/1f//Yk3/uP/13/rfL639o/Gf9A79v/bs+uvd3/Y5/5f/0G/+R//N//fl/Xu7O/+i/4u/67T79x9/8y3/i6J9a/8H/+O/1L/wa/+Wf9Yf/ZX/23/qbLP6r//7uv/Ibf/nJj239C//Cv/3f/vP/45f/+i/d/kW/z/lf//IvH/3n//jf92O/Hcny7/hb/wU/s/UX/Dd/1N/yW3xx+Rf+u//Hv/k3HT39y3+9X/lbTX7Rb/+X//1/x3/65/0j/8l3/pOf+geS9k/5Vf/Wv/O313/Nn7z+rX7Zo+/9hj/53/0O5e/3v/51o4t/6U/7337l7M/90/+37/yCX/xP/CPf+Zt+6qM/9U8qfvE/9Xf99//MX/L3fvyP/+9//S/9xX/B7/77/ve/8R/0n7Z/yX/27z/4h36z7cNfuPfL/6M/4V/+i/6zj/7RV3/o2T9zcPzfjX6t7d/7rzj/u3+H/+SP/dO/mk4++Sf/mT/zd/8Xtn6r37f97d792uV/8N99/Dv/Hn/Vv/23/ZX/+e//2/0pf9D/9WN/0r/9p6f/3dlfO/o/Dv683634W1/8stcXf8Rf8Qee/SYnv80f/Pe1f/Ff/Av+8p/4B36bP+8//Y1+5mf+/D/61/51f+r3/XT1r/1nf+TvcfVLRn/UF//Yf/Jv/Ru/+O/7/X6d/+Wf/sW/y5/zCz/61pf/4J96/K/N/+W/5S/5wS/4g/63P+k3/TP/mn/2n/3t/+LHf+Of8l//pn/6n/P5/3L+z/+Lf2q2/iv/8P/7f/jff78/PvmPP/89vvV//qpf8A/8dsWjP/DXPv0/737yV/65f8Of8+Lw3/rFv+a//Wf+Rn/MP/GX/JmX/9dv/av+i9/vv7n4Xf+RP+97d36nX/j7/yZ/zf3RD/7Zz/+6v+d3+x/+8P/t6A+a/p7/1//8W/4Xd+9m3/n7/p1/57f8t/7Qv/Hlv/ELf8+f/PE/JvtP/pQf/CV/0D/0K/+gf+DP+P7r1z/2b3/nN/9N/sx/6F86ePrmH/kv//H/uP6l/9Tv+U//j/f/zd/qV/xmf82T1d/yO/wN39n6k/6S7OPf8v/49A//rU7+zL/6X3o5/ut+q3/lwS/6b/+Bf+53Wv73yz/in/gDXvyqX/Kv/uanv9mv/hf/2JcXf9r/9rv+tv9m9ls9/u3++f/94Z/59tsv/7u/9P7uH/s7/Mo/8H88/GP+ipM/5dkf+O7H9/7WT/+5f/hX/wMXf9mf82e/+o3q//IvePR3/B7bV//RX/LH/Iv/3L+RP6l/sz/j8+pfbv77/3z5M3/s//rRr1P8wXt/8tuv/tnHf/Iv+S1/h/nv9rf/j7/lw3/nL/hFP/0L/9P/6w/8d/6mv/h/+Uv+wP/rt/o/f+rb/+ev91f9Bdf/ytP/+jf+vX+vvf8t+6X1Vvu//zn/8z+4+D3/z9//D/5HP/5ffs/f60+7+FP+zdXHV8e//2/7S//Df+sv+h8PP/mDf5tf7/qjP+rP/L/+p9/pV/7GH63+nv/ln/xbvvvo3f/x9nf9+w5+6X/39/zW//V/8+8t/9Pf5Bf9GX/e3/qX/Sv/57Ns/y+ZFb/+L/uDH/6Cv+8P/Jmf+gX/01/w6PfLr1/9HZM//Z++/DWf/Pav/uE/7vf5m37j7/7F/8c/9r//T7/er/Hn7/+6//U/83v8c7/t3/mbFK9+v5f/3S8Y/9K/+V/7i//wP/NP+R1//B/8L/613/zw3//7/sM/+pe++p3+2v3f4H+6+Fd+n9/qP5v+fv/TP/APvHz9l/wZ/9G/+OLv+/u/+mXf+8N+/Fe//dd/yT/xS/+Uj/7PYus7bz75jf+0f+8/nf5mv+DL3/U//hP/pX/pi3/3D/6Lf+z//p3+vO/+y//O3/SX/knP/vpf+pv9fr/3r/l//7t/9p/xD//Svz7/Z3//X+f//Ov/wn/uX/5N/sYf+73/2P/4L/47fpvf5jf7zV5/9uw/+Vv+9J/+O//RP/un/96/6T/6z/6Tv+iv/kf/iNW//W/+Af/L3/P9f/Xx3/87vv0T/4Wf/Ld+g+V/9kf/4E9/ePwbPfpT/sS/82/7lb/4r/5d/uY//K/5/X7/xa/4nZ4t/+l/6mf+g3/mo1/33/1Hv/yd/oY/+Mcnf/6v+Jnf5Pf4ff/Ae3/g478tK7P81/7qZ86++t9+o//54ejkF/+uv+W/f/zL/tjf+n9/+9v/heP/5O98/Lv9kz/9D/6Gv/rt71r9zv/Dk//5v/3qyW/wr78u/qG/KfsfL//5/+I3/pf2fu3f5j979Pc8+6P/z93f4C/4q/61n/qPX97/+z/5C55e/59/w2/1t/9nv2Tyi36fL//9i9/pT/3pP+Xv+h3O/uk//x86/n1f3x999DO7Dz7+/O/863736be/99uf/Anjk//mv/2Hf+av/kV/92/ynd/uj9su/4ez/+jZ3/D3/U5/55//v//Sv+xP+7F/7uHh9n/3+Hx88emP/7UP/ozXf+pf8neXv/lv+uO/zd82e/0v/Kf/4urjf+1kUf36v82/8F/8Yf/E/3n6904e/Y/zf+nv/+X/Xvk7/FP/yl/9B/xNf+5/++jX+2P+zPzx7/vX3v17//q/J/sL/sD/7F/7N36rT/+P//wPXfxNv8vRq9Hf+d/9lf/Bf/XLft+/5d/6w36v4uO7v81/8q/9K3/q6Hf/i/72X/0b/9hf+FfP7x5s/WP/+NMf/5f+rXzxz/yrzRfX//m/88/85O/xf/3Tf+Hv8Cf+7//lH3pY/ad3r/+Cv+P+r/pv/oe/5r/+nb43/c3/9r/2D/09ft+/5x/710/++r/8Qfn7/6n/xPb/duff/kvv/2eLP+lv/G9/5r/7rz8r/v4/+m//G/+83/fyi1+x/tt+8Hc8/FP+9D/8+Mu/7xeUf8+f/u1nv9d//kf9b//RX/tr//N/6Z/5m/zLf9PsL9n/G/+W/+T3Wv/xZz/2B/2x//7nf+nV3/F7lE//wT/+L/vT/vLzP/rwN9/73+79z//y1e++9fLRbziqfuzBb/3y9/4fj37fP/E/XP37/8v+0x//F1/9xb/+dx78oj/x3/5H/4KTP+b3+pP/rp/6I//o6e/3j/9V/8lv93esv/hT/7P/6Z//h3PyqH+9X/Hqb/mfftv/8b//zz7/K//Uf+GX/3X//T/6Z3/8q/63X/Jb/6d/7e/4/Hf/bf6qR7/Rt559/K/+3/cufunjP/J/fnf12/z317/iH/xd/qI/99VnP/O3/g1/0f/5B/zkf/Xn/u4Hf+fr3yj5l/71f+4vv/s7/m+/w8n//Dd89Zf9zn/rd6rtL+cf/4Lf4W/6Naa/aXH4J/4Z//r1d3+T3/erP+/fXP3h3/vf/rG//OC3/+Ne/k3/9Z3f+8G/9+f/sr/kb/wN/pc/8tWL3+un/q0//c/86B/aTw7/jp/8Jb/bX/oP/m6fbf/G3z39pb9l+fxX/sXZ9/7Nv+W3+LN/j9/kD/jsr3x756+t/ob/4a/5c1/8H79qdO/ev/nn/5u/+0//S5//0v/hbPW//ovjL/69f+E3/XX/9T/yt/7P/5f/6Bfv/cl/zn/y+/4m1fnv9hv+/v/m7/h7/kv/1d/4u/wJv9Gf+uf9Gf/WX384+QXH/9KX/8zf+skf86f+Xf/rn/O7/MX/4z/9vZ/6V/7zP/3N6rf69n928lv+G7/bn/wPPPld/tWn53/B//n2z5m9/bf+ub/0N/rpX3Zn/O//8b/k953/bX9KPv3P/6aXf/4f/s/f/U3/6f/k3zhbfvL8f/4P/9iP/+OXT/6Z3/xX/25Hf+Gvdfo3/np/5MWv95v9ed/O/7M/8V/6N0//7S++3H90+Pz61X//3/87v9+fuvu7/ILmNz+r//7f6md+03/345/4X149ffaP/QnF3/4v/Jt/1D+STf/3v/55fvm7/Np/wj/9R/6Wb//MP+3f+6vLX/pv/ee/5PPf9I/4nf/mv+BfXL/7x37h+Z/ze/6G/93f9u9OFr/i9/2vTr46Ov4/D//F/+Mv+cf/x3/gv/3jf7Bz9/Sf/fLqPyl+/cWX1Y99+ef9M7/7zn/4rd//7Z/zm/xef9vf89O/0Z/9P/+ur59M8r/4e2//yf/s3he/xW/+d/7Kf/Av/LN+/z/6b/zkj3v+b/7bf9Nf82f8gXv/4C/8S/69//T6H/sP7vwu3/0v/52/+0/5zw7/xX/0n/2T//q/9tnf/h//o7/7X/jyj/y7/oVPx7/f//HX/k2//I/9K37vizz5TX7iu9/9T/7G3/o//VW7f+PjP+V3+mf+tD/3L73Y/rM+af/DX+P3/N0X//Bv92f/6l/+h/2Kv/xP+6f+xX/mzh/wl//YP/xT6x//n37sH/8Pdn/6L/4t/730//5Hftlv/Add/6J/97/5Y/+k33bxa/6Zf+/jV7/t9v/12/4Gv1fy770qnv3tf+Sf/o/9z//Fn/4Pv/yX/6Vf/vv/4C/4A37Z7/UX79/Lv/XH/qI/4M5k/7/8C36vy3/y6v/6B/7w7z749X/t/+anXv83f9FvXf/1v82fP/vpP3u++n1/v7/sT/7t/s5//PO/7u/6jf7Hv/oP+O3/lOl/8hf/4Py7v/n/8nv82n/hn/oLfuU/8Pf9bo8eX/0Df8OP/cV/wm/83f/yL/pLf6ff9R/6G/6Gf/gP+Mt/zZ2//2/4j//83/p3+UP/+L/kZ/7Vfzz93f6of+7P+IV3pn/K6d293f/xP/tH/9J/8I/5n37mb/6t/p47/8af92/99+vn/+Of/gf9nv/HH/dHffUX/df/87/7r43+pF/r4u/5q5ffP/pb/9ZfkP41f/XvUv4J//H+r/u7/sp/+zd48zf/VX/y3/TX/11/xdu/+C/9Hb69+wf+Jw9+nT/91//1/sI73/pj/8E/9p++uvc3/jZ/7L/3N/xdv9V/+mb1b2z9ic36f/ov/u4//b/67f6sf/Mf+a23/8/f+s/4ZV/9E3/21T/7Oza/aO/f/eg3/89+9//oz/wj/sYXv+/f9Mv+0F/v9X/+H/6K+r9d3Pstfv9ffXL9m/8653/ub/hv7n/8743r7X//v/jP/pFk+595/Kt+xd/zn/5nn2d/+d/4Z/2TP/W//MN/y1/zR/85f8F49J/+dPPP/Fe/7u/6P+R3f/r7rx79kekf82Orf/vwL/4/fvmf/7v9Hn/Dv/uX/IEf/fTfd/ror936Y/+3z/d+0z/3W3/qX/0b/+D//BP+2d/jf/vXRv9g+z/e/f2rd3/Br3++OPmD/vid+o/5a+vf+B/4W371P/6b/UO0hPm7/19nv/k/8z8c/u3t/Ff/wf/EL/2T/ttf8vHf8lskv/cv/af//b/6Hzj/A37y0W/x2+0eHP8toz/nzp/+zz77Jz79/X7Vn/sL/oS/6e/89Lf7JbPXv81P/C5/+f+afPf//Md+3b/36t7//ivuHmT/3J/z+pf8hv/z3f+9/N3u/v3/1F/0+e/3Z/yiz0//w/KX/C+//fjHdv6D8s/7c//B/+j3/0N/jf/1L3r4+/yP/8If+N/8rv/Sb/Hn/HY/8S/9rmfbv/Q3+L3+1M/+rF/0/LPpf/pnP3j96/y3z/+kH/99Pl/+I8f/4G9+8c//if/NLzr9c3/sr2n/93/8B7/F7M0//Tf97r/X+A/+Lf/0f/Lur/on/83f4l/6X/+UH5z8F7/ev/L7/N1/yBf5H/NHvyv+4L/iy//7D/vWb//n/R5/3uJ3/MP+oV/w5/0u/95f/0v++fnv9Qf+ufd+l5/63X7zP/K7dz/+Z//l/+1f+IV/z3/w3/6Cvd/0F/7g35o//E1/5Xf/3L/5f/3yb/sbLv7Vd//5X/A7/DGn/8Gv/8te/N//+7/8h//Rf/bf+H/9ev/bR3/w3/ob/LJ/8lt/9b/4g3/yt/t1P/4L/uKf/rWm/+OXv8n67/lVT3+s+j9/zfUPfoNfnh38C7/ye2//43/ts1/n9/1d/7Y/85eVH/0jv+V//mf96j917085/jP+m39x+fEv//E/9Z9Nfvy/fHL4D//R//yf9688XPxH/9cnv/nf8S/9C6cP7v5Wv+DO936vP+Vfev43/8aHV//1n/grv/Xr/ptPfpP/7l/8rf/Of+Y3/PF/89f8E//Tv/LT//bFxa/59//hv+X5y3/sn3rz7/7lv+Df+7v+9D/84jf6hf/0//W37Zxe/cGjxa/4j/79b/+iX/8fOPrnXvwhi3/wX/z9f/Xun7H35e/9X/w3v/2//CurP+THkv/qq//p1/wj83d/1A/+wslf9Bv+dad/71/0x/yTf/t/+Kf88b/i4MeOf+b1n/a//dp/y5908U//8b/qL/ljf+v/89c7Xfzt/+6v+b/9Wb/yN/8vf8mv+N9+/y/u/Dmf/7s/ePvX/vV/SJL+m//m33an/mtX//X8L6h/6u/6S3/ft7/0d/in/ra3//2fMXv5veOfXP4Xf+W//Bf+pr/G01/7r//0d/3L/8ff6dlf+bv9bX/qv/H7/fO/zR90nf4rf9zf90/8ev/or/ed//6f/o9/x//o15z97b//n/8L/qq/+C/5j5N/r/0f/qF//E/6iZ/4+/6rnavlX/Cv/6b/xp/96f/xU39e/l/+Tld7/8Vv/8k/+Jv9O7/Tf/oP/of/0z/1O/2O3/vX/rlvv/rbf8Gfkfwmu7/WH5D8+r8qe/7P/cF/0b918vyPf/run/7BOv+t/6iH/86P/7In5a/55/2OZ3/7H/Xf/tm/+T/3+Zv8xw//tb9p/Ev+j8e/46/1H/7pr//Iv/Y//MV/2y/4V1e/1//w6/zX+3/i3/B3/M7/zf/8y//H3+XPuP/3nvzbf8lf8Jv/DX/FH/DRf/fP/O6/YfOH/Zd/wV/wN0/3/7rf4qf/kv/kX/z3f6+jf/OP+01+4v94+Ae++Bf+zj/2P/juf/NXr/7a3+by73k7efXP/et/7R/RvPm9/ub64b/9X350//f9919e/nf/5I/Nln/nu6M/5w/58Y9/jW/9V+O//e/9Uy/+jj/hr9v+0//t3/jf+fzT//HP/sf/tV/zL1/+/b/6yT/2j/zzf/9f/hf+fQd/yic/8ef+Dv/Dw7/5N3nzY3/Yv/a//Lu/fPETf+if89/9Hb/L4W80zn+H/+DXWC3f/N1/3B/471Z/0L/4S36z1b9wlfy+f+V/8WzrP0/+4D/6s/LgL/+b/tf/5ff+/fP/8b/5VXf/uX/mzse/5C/6e5d/+W/04//gr/q7fvE/Uv2N/9ez3/yf+vN/y9mf+sf9Xo/+8Z3f5d/9lb/xv/gnnvwLv8nx//Tb/k9/3r/6e/zPn/6qf2Hv7/wjf9m/91vu/CMv//N/5W/4n+/9xN9//H/8o7/x3/Iv/OTB01/4y/7iX/IfPP5HfsXlP/H3/1v/+L/wi/+c3/4v2v1rP/kX/sW3//Sv/Mv/7N/5J/67dz/4z45/tz/pP//df9kf8+v/8u/9va//oH/nl/4z/9lf+Av/gt/uX/+P/qq//u3f/jenR1c7f/M//wt+xW//9/3fv/af9x/9xB93/vDRf/IXf/oH/Ov/7Z/63776c/+w//M769/rd/wdX/30f/A//Dv/zh/zd/7xf/D3P7r+m3/hf/NXHn3/L/kX/7e//d/5t/+B3+v724d/+S/+pX/3T3zn88//gv/x78r/y8u/+o/4R8cf/cQ//9d+9Y/84//9f/fH/0+/ye/0+y/+uD/yJ/6mu8/+qj83+RP+sD/gN3/7C/7Z7/0x//C3vvNb/Hav/plv/Va/51/2V9z5j/6zf+5N9eon/4vdP+K/Of09/uW//O7f+6f+4O/7T/+Y//nv/pf/nT/7z/gP/8Bf8Vf9t1d/7f+V/juf/+S/87v9jv/bs3/kzv3f/Y95+d/+xn/3X/x6r/3n/7e/4d9o/8/D3/XLPzL7B37x3/qH/wUf/Yq7f/ef8wt/k9Hv8C8Wf9TTP+6nXv8lf81v/Ie++5//jF/+O/5F7R/+5/5P//OT0aODP/bgk1/2p9z9y/++l3/4H/GH/hq/0Z/xK+/8i3/rP/vHfOtf/Md+8v/+wW/43X/o1//P/ty/9T98vp38kf/Qf1D85X/G3f/8N/+JP/xf/OUn/8Gv8R/+7v/+X7DzT/xb/+7vf/D3/au/zZ/yb/56z//H//7u//GHH3z/f7/8K/+x3+WP+h1+h/aP+n3envyR//rf8af+O3/f/7QY//Of/CbNf5/8Xv/MR3/iX/0/PfyFf9jBn/wn//sPf42t7+/8bv/g/v/999z/I//ev+H3OPrr2r/gf/5f/tb6v9k7/Orv/6nFv/gn/k3N3X/gX/z9/t7Zb/3Hvtz+i//n3++/+6mHf83jj/+T3+Wv/wf+zf/9z/ul/8bf8LfWf87ev/xL/qpf72/7v9Kf/LV/2//74Z/wW/w+f+Z3v//n/lm//b/26/y3SbXzr+6n/8k/9hPtP3r3X/xFnxz/H3/hr/Nr/q7/zT/x+/1+/+ruL7r/rbd/4L/+y6/+zf/9i9/uf/yH/4c/8X/8G3/w0eNf8/ebLP65v/E//Bv+7V/r//znf+o7v9W/9d/9g7/jfzH6VT928Ct+2fF3/tn/6e/6bf7Jy1/2S//cr/6e//0nf7fLu7/57/Of/crvbv3P/+nFH/U3jv6Cf/ne7/v35L/n9Ff+T3t/+h/1m/2Gv+Wf/Yt/x9/gX/rNf52Hf8EnP/P697n+Tf74d/928dXLP/OP+0P/iD/jn3r903/IX/6v/kN/91/4Z/2yP+yX/36/+j/4Nf7BR//Br/Hv/d2/9p0/71f/A//1X/Hxr//5X/37/BZ/9sXs91gXv/3f8Cf9cd87+/MO6j/59T/1ePqD5JdXv++Lv/bwbxlRZuqnv7fz7/yS3/NP+KPe/V//27v/5lW99/v+j/f+hn/o9/4/fup3/p//ux/8zn/d3/t7ff7P/P5/0p/+9//+f/SdP+NPn778/f6DX/Mv/L9Hv8lvuv6xX/bnVtkf8M+/vfz3f+zFfzv7Pz79J//K37H+L771V37vj/nss3/+D/9VV3d/+n/46/6gsvj3itNf9Tv+Zb/dH/WP/Jb/7O/yH/yq3+/P/xv/tV/+9p//Xf7io3/xj/nL/sDv/O5/3D/4Z/7Gv8sv2/7z/8Wf+T3/gf/qV/8av/HOb/q/ffZ//Dkv/5jr5H+5/6t+/NGv/PX+pr/89/vNftHf/cde/r4v/rp/+/f59f7dx7/p//1rfVz+Pn/Gj/1+//xvd3X9V/yf/9tv96t++a/6Vf/5X3r1L/79/9w/8N/++n/4vb/yr/tt//Rv/6l/+m93ufgn/4W//i//Lf+2X/m3f/Jv/5rVH/TH/6Z/0P9x/B//h7/W//x2+V9//Pv/Kf/cF89+4jf7O/6yf3n05/3+f9qf+zv8nvf+6XfjX+8P/vP/9T/4D/k3/5p/5LL6g36Pv+Pl/B88/jV+5sl/f93u/r2/xd/8t88f/zUf/cLv/+v/y+U/9/q3+2P+ij/sr/tN/rw/+yc/+23/nf/oP/vpFy/b/+RvOr76zf7kf+hfW767/4Of+gf/u6P/7A969NN/3X/1C3b/rOkv+03+9H/66f999UdWf9DOv/w7f/zv3vuL/+DZ1W/xT37x6vnv+NMHf/7v89/8ur/yj6v/seXf/h/9nX/MX/Hqt/9PFtt/y+Lv/jd+m7/gl/3Wv+Yv/ulf8qf/Vi8//1/+pL/77y//7L/v8//r7//LJ//qb/wvPP9jPs4/Gv+XP/303//+f/G//Il/23/+3/xrf8P/Nf7id/jd/+e/4q/9Rd/7T//A61/3X/9Df72/8j+8+G3+ya8Of+v74+/8/b/k/C/4zX9DynP+23/n45/41578qr/3d/vrf+LveffTv+ef8Y//5//5r/tb7/4Xf/zv8O+9/V9+8N//zO//13wn/ek/6/Rv+bv/tn/lj//9/7Y/58f/gZO/7Nd79lP/97+1+mN/5dFP/bbf/fUP/+Lru9/7NX6Tu3/bq7/z//7B3/aX/7H/4R+UPfnxf/b7//H//D9/+ofc/Wt/xS9t//Z/be/P/vG7zQ/+gL/kf/qtf9v7r/6ev/Q/enb+K/6wP/qP+mf+kO/cvf5r/ojx3/C7X4/+tf/19/q9P/3X/uXrf/rer57+7X/qm9/03/3pv+fRn/7XP/x1/6zf4jd9+vYnX/ymX/4tD376d/ntr+vJ3v7v9MnlH/JX/L3/ZvEv/Ua/cP9P+bd/ozf/1m/3u33rv/jr/9Yf+yV/0H+a//r/xv+89Xv/b9kf8rd99dv8ur/Vwd/zv/2df//v+fv8V9f/yr/96/yH/+B/+/x//L3/5zt/yG/wr/4t/9tfW//O3/29/thP/qEvz1797b/7r/vtH2s+/q9/rX/l3/3HX/z1/87v9ftkP/NnnP/vf+4/9eUv+1/+nZ/+0/6OP/PX/Zlf/4/48d/5d/+1it/ru8/+1f9w+gt//Vdv/vvyz/nL/utf//7/9dnf9ed+9Ou++t9++s/8u37sq7vbf8rvd/FX/rt/8H/1k9/7jf/Z76X/3B//vxfbv96f8tuV/8Cf/mf9yf/n6G/d+S1+t8v//W//fX7j8dXf98dmv/yTf+a/+L3+m7/1+3/IV8+P/uwXJ3/OL/sbf+Iv+a3/8L/l3/ub/+p//o86+40uv3jxZ/+TT3/N7/7bf+M/+Qf/+C8vft3f5/f6tR7/B3/s73X//m/0+Y//J3/Yn/S/XP3zz/63P+A3/hv/yz/+7/kb/qdf78/97q/58f/9F/xFv8dv8vf9fv/Ig7/yr/pf/pj/8c/+wbfrf/PwZ3Z/v3/p//wTHk6+/Xf8T//sr/d3HPySvT/2d/1t/9Xz7939i//8f+IP/m/OfsP6b2w++cGf8PCvvfht/p0f/53+++rX+LXe/kY/tv+v/xu/crdOl3/fv/0fzH7rv+Mv+tN/8z/ut/wtfuv/6vPvHe//kfXF3/fk9b/wJ33x97769f6+36b6U/+qX/VHJ39r/vv9Ef/nvd/mT/q7/ow/78/5Q5788o9+89/rX/sXjn9i9bv++G/55qd+audf+Yf/4ON/47s/fv/eb/4TO7+0/Kf+rzv//B/7i/77P/XFH/sL9n7JH5g9/tZJ+lv+F3/93/h3//MfffL8Pxr9B7/R7/VHfDT7j3+Hf/8PLf6B3+e//Tcf/5//9R//J/2a/+6v+Jf/mD/132j+6//l75/9hf/07/yX/NU7f8Y/OfqzTy9/g//148Vf8if8yn/nn3/5ye/7B/9t/8wv/WL91V/7Z/zWf+L9P/fhk3vf/n3+9d/jn3rwO/4L41/6y/7VX/Av/NHj3+Pt69/2b/mX/7Gj3/bud/+Rf+bRP/ub/hf/6rt/8k/7Hf+xVfJLf8Vv8Zs++7v/5L3//A/6rf/j/+Gr/+wn9v+0nZ/5Hf+RX+/t7/zP1j/9r//Zf8ufV/3gL/xP/uE/cOeP+fE/8xf/E6vv/S1//oN/dvHH/hF/w1/86lf/+r/Tu9/3t/0tsj/5L/8tX/wRv/Pf8r2fuPyJX/Xf/+Dvuf6Z37/8M8u/+vVv92N/1pN//s3v+w/c++7f8Of+/e2v/s1/80//ur/+H/xvv/h7fukf93f9k3/lX/gb/of/8YPlZ3/zH/n7fdFu/Wb/8t/9J98t/onvjv7Tv+tP/5N+y3/kt/kr/9ff77//Kz5d/uH/4GfvfvqvKZI/+3f4H3f/xf/oD/zz/7t//6/d+eN/x8f/9V8w/uv+kP/tj/gt/8RPf6Mvv3PyO/1Lf+hv85s9//J3+x/+vn/1T/jz/9Jf9if9Fv9DfvxX/s6//f/2gz+5/nX/vX/kz9n56vlf/Jv/EV8dffm7/Kv/2J/yF/69/+fv8vv8rn/au62/+Xf6xX/fL/qXf7/pn/zd3/9v/P3/zT/1+9vjv/t//lUf/cNfnWX3f6ffe+dv//f/ib+4/OcPfofv1X/hv/KH/TE/+X/9Vf/Hr/0ffO+X/cfTX/y/f/rfv3vd/r3/2D/8W/2Gf9A/8bs++cP/17/0v/pP/8RP3i2+9+f+zT/+b/8+7X/x4tv/7dW/9yt+u3/l7/7TFn/pf/Hv/eMfn/8lP/kv/o//w7f+6F/0r/9rv9dn/9qX/9xf9l+++s4/9Iclhw+mP/NHPv0Vi+/9ZbM//o/++B//6D/4p/+23+tvu/qLmvO/8c/8S3/Jv/TX/JX/wqe/4m/9rf/vP/+P+MHTb3/+yc5f0P6N/+zjv/CfX9//7/+2/+Cf/g3/zv/p//zOX/1u/vDR6I+6s/Pn/Yn/U/pf/Cb/2Bf/wv/wN/x6f9vf9L/9rn/cXznb+gP/z7/x9A/7m5vf67/8Df+vv3fy75z/U3/5X/v77vwDf/Z/d/7H/Rm/1u93/D/9gt/xp3+37zxafO9f+bt+13/yJ97+w3/mP/HFf/I7/e0Hv/uzv+if+V9+17/jz/1D/4G/dvrvVP/T7/hr/Ia/6+j4F/+e/+e///f97/e++hX/4Od/1N/0e/wvv+Tf+wv/lt/jez/1P9/fvlv+hvu/8vOXv/uv/K/+ub/9n/jN/5U/9bPf/1/5s/7And/+r/onfvy/+smv/og/86d/zz9/5z/4b5L/7NN/uPqv/rfvX9+995Mf/yf/4K/1yf9yffdP+uN/o8//mrdF8Wf/Y3/T5A/6LX7Zn/x3/0e/1v/16/1Jf85v/M9+9xf+59/9E/7Lf+NP+/vOfsU/9Of/6//Kn/bn/xFvizt/808/+vP+/N/+N/qxO3/Bv7L/G/16/8rv9lfv/y+vTv/j4o/4B6bpP37y8rf/jX6rP+GvWv912d/6ayR/fPv48jf7DX7H3+c/+9er3/M3+ou/WH37P36xyP7sP/K3+tv/nj/gr9v76b/3+B//A774t//8f+rTv+5Pfvqn/2b/9tM/5lf9rz/1f39y+df9H6/+mL/xH/+l//nf+5f+e3X6p/0Ov836T/ilzZ2/cvsvevo7/E9/+k/U/+anyd/0n/3H/+Hf9dv9oPodfu9/9086/CV/Ufkr/tV/6NnZb9b8w//hb/sb/mt/yX/yT/0nf9f//rv+Xr/81zv77C//O/+iP+ivefcv/srD3/XP/i3/zP/6p//4d9//1T/+G/xlf+VH84//q8tvffbdv+2P+KN/8R9c/Hl3f/eXZ3/Kb/ynX/5u/96fcPL4s/n//if/n5/8TX/yr/5H/uZnv8k/nW/9e7/mH/+P/3P/yl/3P/xz2Rd/3db9f/J7v/TTf+m//J3/gb/nr/vH/qOL6T/5+sUf8dVf+ec/+XN+/7/9y9/yN/0/XvwP//Pdf/Xv+QN/7d+r+gt/4z/6r/3Vv/yP/7Hf+1/75//2v+6n/9rV//Cv/gZ/xZ/4W/z2za+3/rMWf/u/8+v/8j/hd/oL/ubZnerv/N3/wJ/+L/6+X/Z//2e/Ovuj/6o/6D9NP/rX/4ffp/1X/vzf7l/+zf6Zf+l/Svd/zaf/9y/8I0/+wo8vnv2Tf+z/lf+L9/7L3/hP+p1/h9Ef9OW/+599+os++R1Wf/Of/bv9tf/Cv/bP/XXL33LnxZ989/jfOP0t/8k/9T/74/7Mv/w7v9Pv9p/9d7/6H/5j/73f+Pf41q/81i/7/I959t/+MX/vH/FH/Dt/2Lf+6Nlf8Z/8sX9B+4/9B7/9+nf7E/67X//vuf8f/MnPLv60P+J7/+afsvOLfuz3/+X//X/ya337afZP/6mv/qN/6vkf9Pv9xn/1b/0H/u73fv8/51/4Xf/Rn/qb/7LRv/ziz/jv/rs/8w/4837Lx3/D7/8X//Tf/zsvX/ztXywP/tM/+m/6y37P//afPflnP/r7/qgf+6k/93/4nf7Od7/5/Df/1f9H/Ruc/Ut/zz/0O/5B9+/8TX/xzsH//uf+EQ//sVfLfyr717568pOvv/zv/oVf9H/8rY+P/8h/8OVX3/vzfqe393/NP/LTv/Gf+ot+8b/zt/3zRfHnfvk3vPvT/sXTv/0f/Ot/4s/9o7/7L/7hf9///Xt/8l/+fn/y8X/wX/xJf9wf9oclf/Gb4h/+C3/7+SR7+jv95N/wn/+Txa/7M3/Z3/5vNr/tb/kb/8s/+DX+9v/j8e/0f+381f/7vzc+/Qf+9f/hz/rd/5rf7vf/M/6Wf/jdb/Dm7330m/1O//JP/9s/9ef/Dv/of/37/Hu/xd/2u9z9PX+P32769J/78V/rX/0D/oS/8peXd7d/q2z7363/4V/yb/8rn17t/Wf/2S979dn/dP9v3Dn7s//OP+70v/yLfsX3PvnPHn1/50/+Lf/iR3/7v/i33N/71q/93b/r9/k9fpflH/Vb/87P/tA3v86f9Hv8rT/473+rv+3yt/vd/py/51f953/ov/t3/9Lfdfnr/dP/17/4G/1R9Y99O/lP/5H/897Lh1/9R3/mr/V//VV/8s/8V3/j//G/vPwnPvvz//D/7T/8M/6gj1/8wl/2F/7Rx3/rr/5y72/5HbJf9df8yj/4N/wj/4y/8r/7X/7vf/DLX/YbfPnrnf8Tf9+v+eQ/+DWaX/vqH/q3f9Vv/j/9Ab/Zv/pH/pf/9+w//Zv/wn/0V/ya/9cf9p1f+9d++vlvO/5jl//Kqz/6v/+Xv/Vf/a8/9ff9H+s/5s/9/n/w03/Gt36709/5b8me/+k/8d/8/d/+r/7bP/Uf+4//i3/yP//p9v/4Y/6av//v+fVH/90/8q/9QX/G/d/w1//f/tY/65/5rf+0L3/sF/4dX/0f/81v9rf99h9Nfvvf+E/73/6M//1/+/V+jd/vP/zWd//lf+wv+x3+sb/1H//83/rTvvgTf/s/5y8s/6e/99f9Tf+nn7j3u/wnv/z193+93/PX/FV/5D/4r/8L/8l/8Gf+B6vf5Td5cfDr/ON/1p/5v/ylf9X//Rv8Vb/1mz/ut1z+149+SfmHvv07/oE/5Lf903+z//7ol/znf/nf9Tf+0X/iT/9Rf+7ZH/Gnv/jtfuVP/GX/9eif+d3Gf/u/9Jf8Mf/BP/RV/neVv9lf9J//Ab/9f/Uf/K9/68u/5k/95Mu/7s//G/+j8e/2t/9pv/b3/s9/9z8rfr/r/L/+W/6gr37z/+HTP+Zv/bf/zP/lt/pNfoe/+Xf79k/+3r9s/K9893f/7/6Tq6M/8X/+hT/+7X/lk/uvf+Xv/dE/ePc3/T8O/4i/6vd8/Df82r/W7/E7/x3/4x/6m/wHv8a/+OYn/uE/4Q/8Z36vf+Jf/8H3f9tH//bBb/x7/q+/0w9+r0fP//Pf5/f55//zv/xP/c9+5nf/Rb/i3/0TL/+q3+Uv+Et/91/7Tzj4P77323z5y36LR//UP9b8ex//p//b8tPf5b/4Da//o3+6/GcXf+Dnv+A3/Zue/Ce/6nf58+7+/v/n2T/5f/9b/8EfsvgX/qff6/Xdf/13Ovuxy1/28vvfPij+nX/m//rpv/o3Pfov/rHf8l/8tf7BP+fHPn/0f/69/2jzd/1zR1+k//Tf9eJv/uhv/xP/9D/7X/g//7F/8uFf9Le/e/V6q/qrfvJv/Dvu/TN/7l/3xx283v9F//I/tf3j/8mv/4Nfnv0TD/7G3/df/k23f49/av6f/D3/yq/159z/xz76x7/6pb/65O3izp0/6w/4m3/J+hf+vXf/oT/zL/j7/sz0l/2Gh7/h/3Dvt9v7B3+Pk1/r3/nNfrvf8R/4F//IX/7r7f4jf9HP/OW//0/8gn/n9O/7M8t/4Cd2/vL/+tOz3+03+rP+rT/jyej1rzP/N7779hf9MX/Pv7He/RWf/i2/7W/yE3/B//mr/6I/a/Tr/db/8t9+8J/9YX/mf333f/6v/5v/7df9zdN/883ff5n+y3/6f/o3/tZ/4H/zO/zY3/kPPvjz/pz/4lf/p/dW6cvfb3znr/2rfoO7f+2f/2/+N//7v/uv/WH/8euP/pLmN/pv3v5av8Yv+uN/5e9///f8Mv+t65/4T//Lf+Wv/W9+x//o7l/4z//Vd/7kf/qX/6tf/jH/5p9HKYv/+d/9U//U3/L57/27/Lrf/p3+kF/zP/pj/vE/+s/8Y//Uv/wv2P53f3Xzj775X3+X3/3X/2t+7z/t6R/+2b/6e/yXf+Hv+5/+jf/ev/zr/t9/9+4f9yf+5U//kpc/80//hv/2V3/Dn/buD3pc/RH/5r/zD/0B9//9f/Q/eFn8vX/h7/YP/NTr/+UP/KX/02/2r/3M7/3kwf/8H/zpP/b2P/s9/5k/dfq7jKa/xe/zz//Ef/0LfmXz+y9/t7/z9/5V/8df9y+8/tv+wX/+89/8r/hr/vo/7A/5F7//1/49v3L/r/kv/p0//Xf933+9g+/9u//Bf/ZbJP/Ir/etv/kf+2v+nW/9NVdXxeH3/4Pf+U+4+gvW/+OvXBz/vVc//X//WX/yL/sT/4iHf8dv9Yf/5L/zG9z9Jf/Vn7r4K45/0T/46j+Z/WZnf+lvtHr0r/6Df+r//F//fn/f9re3fq+/+E//G/6qX/ef/lP+kk//3V/53/8j33n0+vl/+k/8h7/Gr/kb//P/4d/6f+/99B/2V/3j//df/pv+Hv/I9vof3Pqt57/ir/pbf8Ev+ne++Av/k//l43+1+sV/W/vP/ne/w+s/+U9d/OX/46+/vf5f/9Wf+lPm/8p/9Gv/s7/hHzj+mW//qX/H3b9z8ms//h3u/tf/wb/zt/4Tf+g/8n/+Nj/z7/xFf8SfcvCr/pe/6D/8a/6OP+Kf+c4f90//kt/3N/03/8Kr08d/8Z/wd/zin/x7//2/4IvsX/1L//Tf9ff/837Fu5frv/0f/7P/lf/y9Ht/9avdH/zNj3/qxb/143/rP3z5b/w2/+ff+8v/vk/O/pCD3+aP+zP/k4d/639x9lv/Rpd3mr/mH/qXT988nP3UL/oH/qnt3+mf+6//wx/8u7/hP/2/Xv1Vv8HTv+cv+ivPfsvDf+DP/aP/p+/+L3/X4X/6f/99f9PVn/yX/kH/8vKf/9v+t9//T179qsM/4I/66Pw/+c//4b/yX/2D/py/+PUf98/8G3/pP/qn/DN/8W+c/wO//y/4G84vf91/7t0/vT/+r//s//zv/Y/+rXt/2+ef/IJ//rN/69ca/el3/+jy3/7Lf9f6P/0Pf/sHf/Xv/N/+jr/n/3bxu/xnd/7Ov/Yf/z3+7V/0n/95f8+v+Eee/hZ581/8nqt/83f6Ow7/8tnv+Tdczu/9tj/28L/7/f7Z7clff+c//av/p//4b/jOf/4b/eo/+1/+fR68+s1++jt/2L/xe/05/+PJb/TbH//j/+q93+Ozf+Jv/bP+7T+l+h9+5e9+/Vv/zKeP7r/43f7u/+h499/7G/7CP/lP/eLP/jv+j//1H/oPL3/vP/N3/fK3+sf/geVP/M9/+a/za/3Lf/a/+ff9Gf/w7/Xf/DF/0t/yb/7+f8C/8Hcd/vff/ie/+x/8Z//0/rf+9T/mf/41/oniZ/7xv/af/23/xv/h93v81/7C//DP/Bf+jj/4N/vqvyme/zm/9ew//2P/908P/qbf/9/58//A3/3t/h/35//rf9RP/0nj/+zv+l3v/Le/zZe//sNvj3/xn/zb/BX/zN/37/7iX/sf+j/nv+2/ky5H/+EvOv6pX/s3/x1+v9//T/5T/vi/+tGffP27/A1/419c/AV/6X/+r/06X/4G1a/xy/6VP+HBr/GHHv+2d37y3/i3/53f/8f+jf/t9/3ev7j7e53+q//Db/Fjf87p9ScXf9+v8Rv/Hv9d9l/9vqd//d+69U+8/d//qX86+3f+nJM/4u/5g9rFF//zb7TzJ/3Zf9Yffe8/Sn764n/+i3/vv7L9q3+T3/dv/uu/8z/8S78o+/X+kMXdP+a/3/1H/uatP/lf/U//vl/71/+Z7bd/7H/3N/3E3/B/Hf5mf8n/8u9d/rM//vf9m7/3H/jxX/an/0ff/rf/wbz5pb92/rf++i9/39/gyz/lF3/vX/nXj/+hv+yf/tav/C2/88U/+gf+zf/hX/v7/srR7/TR5dUf+L/+W9/7/v/6u/7zv+X/9Pjv/Vf+hH/z2//8X/sTf1r55/xF/9Tv9if9Lb9q79f40/7GV3/vb/tv/JO/0y/+s//cf/H3+Fv/qT/5/Ow3+o3/uD/qD/y7PvnX/5VX3/vef/+3/r2/+Z//56c/+Y//9z/+L/63/8hHh3/kq/H2P/IH/DW/7Kf+nN/zd/uzD/7+J5O//Hf9Df/Ukz/mP9n5sV9c/9V/w1/8m/zFf+Rv/Zv9C//Fv/Gf/dKn6z9g/Mf8d7/yO3/Yn3H/L778u+t/+Vd+8QeM/rn/5R/9W/61+W/w3/5Tv/j3+pP/6Te/w+/0F/9z/9i/8kf9s7/2b/DrN/l//Kf+qX/E7zBaXv+Nv/CP+f3+x//s89f/5/90+g//4sO/99M/pPi1frd/5Kt/42/+qX/qt/x3focvRr/yT3v++/wp3/4Hfp1/52L3Tzr5o//zf/G7//w/+rc++kd+/L/9A37TP+8f/DdfN/f+x3/rN/zOb/i/PF3+hj/9m/1mv8v/+df8B//669/2xX/2O/7u/8Tnv/E/+k/9Wv/hX3Hx7//XP/XP/ylf/fS6+u1+1X8++Wv+4z/qX3j5l/1vf+7/9uuN/6//4+BP+1d/7fxXP/kN/6H/42/9m37Xf/Sv+HN+sz/2P3/30fLP+n1/nX/ml/++5X/26/1tv/ff/vlf9p/9xv/SR//x//E3/Oa/+P/+7T599fv+1X/4H/03/Ebnf8H1//l3/jn/SvsH/tRf/cnzZ//rn/97/nr/93f/8/Tlv/2v/UPf+Xue/A+/4dHV93/L3+Snf73v/wM/+Eu///wv/md/g7/kz17+p3/K7/SvvPsTf/oP/EXZ7ufXf/xf+Kf9T//K7/WLdv/bf+M3P/s7vvgz/rvf9cf+j9/5D/hzjv+Lv/F3Wv8ff+XfVt75L8vT/+hf+J3/iH/wX/rFf8g/9sf8Y7/Xv/enfGfvD374l/8xW8/a8u9a/RN/zl/2X/3+/+6/+GD8V/6HD//lyT959tFf86/Ofos/svpL/5c/8E//lf/Jb/jRr//v/IJf71+5+tuf/93/1t/7q/7nb737A/6Gf+rVH/ATP/iff7f/65f8fX/xb/Mn/xPr/+D6T/i9/qNf76vf6vda/CmLf+sf/bUvp9+9t/5P/rf/oLr76/wff/JP/gFb/8Zfdv///uLuX/W7/eE/9uJv/fPL32O69V8XX/wbv+b/8pv/u3/Uv/LP/ie/xz/4b/0OP/aLftM/+a9Y/XP/0MM/9dUvmG9v/97t0//7N/2k+lX/2h/xb67/wD9y8uv+O6/+tr/r7d/0n/zjf/3f9b3Vv/kf/Q//ypM/+D/5Bcmf9h/9D7/Dn/fq37v/d52s7vwP/9Ov/g/+xX/ul/0uv2/1b/659y7+xb/gbz16+7/+eb/xb5G++p++nb/5q/7gn/jL/43Lx3/hT/2T//3f9s/+mgf/++9Y/4Z/9p/4yz9b/46/7S/Z/+k/Yfov/NP/3r/3B/7qf/6P+63+kV/1d337p/6Y5g/8vf6Mn/5Tf8Vv+TsWf/LrX5V87/7f96v+5wd/zi88/Dvf/uI/+B/7B/613+oP/eLB8z/of/sdHo7+rotPf/v7f/jv/9ccfv9Xv53/o7/eb3/+7F/59X+XP3701/0mv+o3+PbRT/8r/0v53/w+/8cf8z/s/KrVyZ/y9z/+t774Z//K+//o3/y9Jz/xt/3Pu//A7/Ob/FP/25/6e/6zf8pv+r/+1//Fv/o3/Esv/rU/9U99dvV3/6m/81/x7A//k979hd/5tX7yH/rP//nf+rf9T37JP/vJP/S3zn+N9T/8G/wPZ/Wf9W/+xX/mv/9//P3/y1+5e/3Lfo1/7H/8T7d/avXF6//t3/6X/9l/47/6n/+qv/3J1qO/5i/8K36d9S9c/2//07/24q/+43//3+r3+VX/00++OPmv/8z2f/7H/s6zv2/8W6R/zO/6N/7rf8f+/zX6sz5+8u3Zv/NP/tP/zX/45NPf9ft/zedf1H//n/fwj/1nij/x7/iz/qM/ffpf/tX/8Zv/86/+Nf/yf+iv/pe+++/l//Vf/6f8Wl/8gv/8Vfa/XhR/9O/7J/8Jf/1v9xN//T/6y/6Gv+x7b3/Fvd/9t3z7T/5V//Hf8mv8Bb/P//3v/Lu/56c/8YO/9uCv+AP/2d/8lz+786t+3Z/4Q/7rX/xP/9p/2JPZ/b/pX/mrfoc/8PGf+Q/99f/N/T/1X/vzf93qf/lbfsPfb/n7/JnJX7y8+vf/yn/xf/39v/jt/vevfu8f/C9/69/yB/7Nv+Ef9gv/+yd/2H+29xv98v/gX/sDfvCP/Zazf/a3/a1/6//xzv958s9O3v2q/+a3+nf/ldXv+Pjdv/N3/DW/+i/6df7iOx//Vf/lX/D9afIL7vytP/W7f/HP/B+/xn/5B/+n//tf/eee/uWT/Z9M/re/8S/8a/+quw8P/+X/bvYr/u8//R/+Lf/YV//y6be+/Uv+ku/8H7/w9/vW33H9X/02s+Tt9/+Xf+Oz19P/8+D3/M/+4Xt/b3vxZ/zmn/zR+7/wPzn643/md1n9LX/bf7X4T//3f+DxXz6q/rG/4v7f+Mf8Rn/8b/qt3/Qf+V3+9Te//j++9b1/KR89+U++9c//8f/Wd/6PP+Ef3P8jft3v/w27f8Sf8Kf96sn/9e8c/aZ3/9biv/0P/pU/f/zP/Au/xR/3dveP/Ft/8n+6+BXTb//Vv+If+KtPf+O/5Prun/D4y7/v7i+5+Fd+6l/8r9p/dOfhX/G//8F/7k/8xK/4J/+Y/7H87f+aN3/lb/v2d/8HfnLxS89/l89OX/4Zp3/Rg3/vP/kH/ubf8Y/Z+b3/it//N/57X/wtf+yr7/0v/9tv88t3//Sf+Bv+qT/h99n7j+af/qLf7Z/+l/6kB39t/ZO/72/9R/6Zv8nnv+qT9t/5419nv83hFz/51yV/3L/0B+79Fr/qv/mn/q6/7C/+7E//bb79u/6G//l/8eS33P7pn/5L/pAv/sc/79f/e/+Uu//sP/dP/fd/0u/99/3T53/lL/noz3z7h/65d3+f/7h9+Et+gz9n76+Y/ab//H/wW/89O3/A0Z/57/97p3/dn/Lv/Nevfue/8R/4tf6q3/Zv+T/+g3/9/8r+nn+p+XP/jf/gD/9vfp9nf87pYfWf/Z5/zK//1W/xr/8Wf/aDwz/izv/1e/1p/8Ov/Yf8PX/sJ3/3k1+wdfJrVY/qP7r+zn/6l3351/8H/9ivOa+//TdMnz749/74v+fgL/tz/vydv/evne8U+7/7r/ilf/o//Of9Dv/1zp/6eO8f+JvTv+W/e/of/v2/1p/18W/x9/5df/b2n3D46o//6eXpj/3T/8R/8Lf/4b/nH/t//mV/2hd/1j/761391X/rH/RP/D3f+q/zX/hf/Q5f/F3/69/+6Nf7i3/3n/xvt4//zuWnX/yd//KP/4W/5875f/hF+d/9gl/7y1/0z/1mf8E/+l/8hT/xU+Nf+Nv+Bf9z+mv/5//lP/Ev/AX/81/5m/8Nf91f8jv+zn/rf/P7/U1/8u9Tf/kHpX/wyR/3v/8hP/WvPf/D/uF/45M/6E//LXZ/i1/64F/7r/6Ef/nyL/1L7/61P/0n/b5v/u23f8df/x/8J3/HX/QX/q5b3/sDvvuDv/jX/+W/+nf/wX/6x/6lv/jin/77/vp//avf4bf7X/68P+rgN/jv/sP//tE/83/9d7N07x8eT/+pv/QP/cW//vRv+E/+7wf/zN/2l/+5v8Wv+i9eX/9Wf+6v9fe1P/j7P/u7/tC/7u87+Uv+58nf/y//t7/53/Mf/Fvf2/lLfuu/c/7ZX9j8Af/6n/Zbfff3+43+1T/qH/nz//1P/4Tf8O/4s//tP+hf/mf/nXe/3y/+VX/wf/u7/Lf/4f/y549/84u/7e0nv+yLP/NP/HP/9d/8d/71/+0/9V/5Y/+T870/8vf8jV//xqf/8B/2v//Xf9C3//A/8T/ZevLf/w//58mf8Jd+Mv1H/8ef+FOe/b5/z7/9b7wYlX/nX/Gf/mf/4Xf/o3/xr/nd/qp/9m/9T371D36L3+9PO7z4qX/8b/17/tb7f8Uffn/8x5d3qr/pz/jnp//Gn75379c7/Xf+jO3iL/9r3v4Ov+wX3Ln83X/Hf/1fePmn/H5/yz939z/8qfL3/uv/0//2t/8j/rs/66r6v378T/ozf8lf8pf/1n/5+F/4W/7Kf/qf/2fu3P1j/9Q/+o/7v37P/J+vT//nz/+uX/ryt/uX7//H/+R/8bf9jp//Vn/4H/T3/FZvf/3/+N/4N/6n3+rX/bX+wX/uu1/9Xa//jl/36b959/C32//X/qn/5Wf+lN9x+3f/Vff+gj/0yb/7G37nV/5Z/+Z///r0j3j96zWTjy//t7u/+m/6O3+Th39e++nvcvLb/OTf/ev9A4//m2nyv//t/8xf+Kt/8K/+xt/+m//X5Pf82/f/tD/3q1/y7/+Jd/7sf/9f/u3//D/j9d4n/+Lv+hdOPnsy/t9+t3f/41/x8vTP+ovv/+MXr37LL//03/LL3/k3/r1+k9/sJ/60X3v5j/ynO//C6Vn2az76/R79Kb/Pl9//M37dL6/+/L/+/9z7K/6+3+w/3vnFf/bbv+CLX+c/++9/08//+F/x5/+ZX/5Hv+uf9+v8qp/6037FL/tFJ3/05X/wZ2/92f/iR7/vP/zv7v3Of0X5f/6lX/zYb/2fj5e/5j+bffTkb/nFv+z1v3X33a94+zv/er/sv/3xi7/jt/jv/4O/6L/+y+9e/prNgx+Mfq+vXv5On375R/yp/03143/SX/gP/jN/yL/we/31f8z3f6+/63fc/6v+3B/7k//A3/73/7s/+0d/5aPf4/7f/o//D7/83/o7/tzlH3Y4+c+2/5n/+k/7j3/H4m/6j//aP/N3fP1P/rd/8x/1N/+Fv94f9xsn3/17/sS/7ff5N/7GP+qf/Jf//u2tP/v7v+mf/p/+2//ct/+n3/WP/dX/2J//v/1a/8L/9ea//Q//85/Zvvf3/ief/DvN//IP3P2HvzzLZ7/mP/nLP/r77yd/1Mff+mf/rPk/+5/8B3/Rf/Bb/rn/5r2/9Ft/3j/2z/9zf8gv+yv+wMXd/+CP+Qf/1T/w3/9r/7HvfuuvP/3P/7y/9Lf4BX/Lk5/+k36D8X/UHv3TF3/43/p//J9/9H/2C3+nv/Fv+PH/6hf+nff+kF/ze3/r9//e67/tu3f/mt/66K/7J//7/MlH3733x/6pO3/sn/M/pA9/n3/gP3rwD/6Cl08e/+S/uTr6M6b/+v/88H85+/d+8Nv/T5/8I3/Hr//P/88v/9W9P/83z0e//l/+K/70v+xv+Vf+6d/13/ltvv1HP/up3/iX3vldP/0X7/2vn/x1H7/5n8e/wf/9r//Pv/4v+PXW/8sPTk5/8Gc/+Z32/7L/8Pk/8vR87/d/fOd3/ru//D+++6t/6s/5N/7vw3//6j/+h/7NZ1e/1+/0Gzz+J56c/tF/5S/6Ded/efG3/l3/Y5L+fn/h8b/1F/ypf+brX+Nf/fZv+Tv9Q//6X/qv/DP/2X/2z/wX//3f/g/+Vde/w9/47/+mp7/Hb/rJvzT7t//cf/b1n13vf/n7/wO/y/rqZ97kl7/wzzv8yV/1L/zkT/wt//Mf8dv+zif//R/61/5jf/Iv+p9/5W/5v/5ev/i3+qV/5t/66X+++L+++L1/8g/+fX7T3/Tjf/LP/wv/lN/yf13+X//g9//hv5zWdP++P/uPfvfffW+99+Tv/+sPjn78981/sL39dx79pl/8i//7v/RJ9qfe/4//5uO/5b/8h/7Ee3/8H/HRF3/Hdx61d//hX/dv+a2yn/mXTv/Uv/wf/vvu/Z3/+V//y/+Gf/6P+U0/mvw1v/m//iv/+j/84hf/8j/zz/7PF7/e94o/4l94Ubz9W3+df/An/6W/fvT93+LLP/C3+S/y3/O/+T/+ln/mt/xjf72/869o/rZ/5/qv+cP+8z/lj/rHP/uvfoM/6Lf4jf/qf/I/+OJP/KPGv+Zf+qf+k/d+k+mf82e++auX35r973t/2tPnv+x3+Xd/8d/6F//tv9f/sXP3X/m7mu/8gn/yN/x9ftMnWz/94F/8B//bf/5v+MHkJ3/7P+74p/6XP+hv/fyLo7/z7/ixB7/O2f9V/Mt/0n/+l3/6H4z+nN/ou3/pn/ynX/+Oo1/4Y//5r/59/s4/66de/mN/z9Ff+DvN/+2/+9N/bvLn/Bov/6n/45+c/BV/yPTP3P83/85//R/7kz7+a/7eP2j8D/9+v8ef+1v/OX/Pb/TX/dn/9n/+9m/7j/7AJ7/Lv/O3/bL/7NGf8m+Ntr/zz32n/F//uuYf/Qv+8eTTv/ln/rm/6Q+9/38//TNG/9P/VP5jX/yyf+W3+vHf9g988Vf+dX/j//HLPir+m9/53/sD/9e/95//S/71H6wu/5f//Z/71/7nv2znl3yx9Zf+Nn/Or/r9/pt/9Cf/xH/n0//0H/rj/pVf9eWjv/vH/6bT3/NPSv/yP+o/+U2/3/zOf+2Xf++Dk9kf8W9+/If/vf/+L/+3/+T//tf7u/6Lb/9Tv9tvfJr8h7/Lf/KL/4Pin139fr/gt/6DfqMXj37xs3t//+/x2/4Pv+Nv/Tv/Sf/rf/N3/Umf/s27f/K/XfyKn/nT7vwW/0Q6/jO+f/Vv/wP/+f+5/+6v+0f+k7/uxS/4HX9w93/+P/7Hv+vf/r9+8s/5E//cv/TP/1evRn/J3/BP/+Bnnvw3/+7eL/37jr/9d/4Xv/2f/Yv+o3/3f/mPf9df+4v/45f9F/t/zB/3j/0JR3/3n/On/7H/yJ//7/7vh7/3L/yVf9D/9ptmf8M/8x/82xf/9K/5xeo//vwf+jsfLP+Asz/wv/w7nv+hf+3v/nv9uau/+A/7y//yn6x/0/O/9g88eVO9+Xb9P/zJf8Jfsf3PffLu7/mTnn72d0x/j//qZ/6ZF9O/+6/6A//vt//SH/Gw+uXP/7K/8l/4a3+Xf/GP/XXW//iDX/if/4W/+3//v/wh9X/4N/4l/8mT7/+Vf9hv/qf/O7/g3/u/Xv++v/LP/00O/sI/5u4/9x/+Ub/GP/JH/mf/23/54//o3avij//JX/yX/4e/2d/7n/1nv89/9kc/Pbn4v//Gf/mv+09f//7/90/+vb/8N/lHvv/H/rm/6X/8nf/xrzj5k3/Zv/T7/5p/1u/yZ/zr//pfOPpN/7R/8qM/9o/4O/66P/Lv/9X/92/zm3/y+Omv+n3/4b/9b/j9fsE/+Ff/X//c9h/zz/6y1//S3/p/PvjFP/1j//Rf/l8mv2R2+ea3+Jly/Wf8iv/wD/3fH/8fv9Xf+Nf9tad/88/cOf438j/8t/0r//d3f9lf/+988uz1f/XRL3/x5/3H/9Af/Yf8X7/z+F76W/wav9E/+Julf9W/Uf2iX+c3/CUf/d7/0V/91775XnH8P/7kL/4Ff9Sv9St/v7/mn//ov0r+km//9H/4d69/72//rX/wH/O7T9tf8zj/t/77//yTR//GP//H/ro/+Lv/wl88a/6q/3l3+kv/xY9+xT/wv/2CZPxb/Y9/wj+8l/4Nv9+Lf6P8rf708vHub/i/P3rzt8/+sP/+f/yz/8tnX8z/7h/7H/6813/L//Gf/6n/yD/61/7Xd/7ew8M/48f+k69+n6ezv++3P/ly97f+5f/q5NkXv9dv8Qfnf+bf9T9+9Rv+33/Lf/m7/rf/+9Vf+K3/+n/5ax/9Nr/Hr/P3/K+/+egv/UtO//Tl3/8P/1d/6p/3z2//H3/Kz1z/Y//8f/jv/j3/0S/+w//1b/2P/8JX3/rr/t0/7S/5g68P/vo/7p/5V/7CX/pX/Tv/99/37//g7736p3+fv+bTf/mX/y6f/M7/9i//k/7Qp//wb/Pb/0vlL/9N/t5/9Kd+/9/t6R/9Ly6Lb/9+3/un/unP/vr/4w/9B/+Fv+o3+9U/+Ed/vPnzZ//J93+PovjXRv/sg3929KsP//yzP/Oj3/5X39n7Q/+Bv/tP/Vevl3/d77/6/H//qx78o9/+q37jX+/5H/GH/RV/wNb/ePnn/QbX/+byX6z/jObf/7v/rV9/9e//Lz/+Z/x+f+V/9E+9+Jv/uH/zp3bu/IWf/c1nv+xX/S1/1nT1D/2zf/k/9Fv+G7/9+uyr4qvrvPgNfp0n+3/Of/PpP/qf/jlvL/+W5X+8/lv+5X/z1/19zn+D//Hv/Pf/mT/wz/3Lf8nfdPpH/LN/6j/+P/3q3+tPqv6y3+Df+7//1e/8lqPZn/lf/Wm/zT/3z5b57/ab/Y2jo9/7j949/qdf/Am/5V/4v/59f99o79X/+Fs/+KV/00+2z8//4umf//a/WvyP/+fv+Pu+/lt/u/zj3/Sv+2v/1D9l+Ruk87d7f9qf9pOfTH7pl7/9n/uPzdZ//j/xR/6n/8Q/8G/9R//S/1of/Tv/xh/4B/z4r9X8bX/Vl7/bX/jPbf1ef81Hv8Zv/c9V3/3OT/wt/+Rv0P56/8Ov+ujFX/P6z/23furv/Df+hj/xF/wBf95fP9r6Vfd/2W91+vt/53/4s37L/+AP/Lt/m9/0j/sf/5qP//Z/6Pf5JX/bb/7Tf8fbn/p7/4T5P/CX/2aTtz84GP23/8jyP/tf/rp/+sd+p5/+B/+g3/83/cV/7fzX+e/+vH/5n/ror/1r/pr/4g/7gy5+4m//I3/nf3b75O//c37bv+/6x//tv/9P+UX/3H/5a/4jv2rrH3ryf/zSX+Nv/yvX9/7EP+rX/Uc/+QN+q//x7/qvr778P/+ou9/7V3/Jb/8//mn//v/wZ/7ez/+p3/d3ffrTZ//Bv/Rg+mv/Dr/qV/xd/9gf90d856f+xF/6u/1lf83f8eS//sPy//xPvftH/NX/0P/wHyRP//1f697f/PSP/U9+2//82z/27b/gb/7d//F/adW2f+ef/NVf8Iv+sL9z79/6ff6Bv+WfffJ/3fuD/vXf+ui//W1/3z/+T/tv/uZ/7ff48vq3aT9Jf4M7/8Tv8dfd+df/jf/pD37yP/2HL/7Z/3R8/jv+GQ//oq9+07/k1zj4hf/Y3/Ev/hW/9B/+e1//gz+x/3r5C/b/69/nd//7/vy//lf+2n/Vdx79oS/+hz/04uWrn9q5/+qzs+Pf5G/+636Hf+2X/WX1X/H3fHL6L//nf9bv1/4TzV9yb3r8R/+fO//mb/LLfuUv+Wtmf87vcf133P2V/+az8k/556o/pf6Nn/yWf9TRP/Pkd//l//fin/jq27/r7/WvfnHxWz375I/9l/7mf+yfHH/yW/3p3/49/7v/fv4nfDz/tf/xf+3v/L//6Kf/0f/xp/+uv/df/T9+9If+m//bf/xn/55/yuxnfou//Hv/6Q9+qz/r/3rzDzZ//7/zb/7O/9Le/331n/8D/+x//8f+9n/AP/fkzr/43/7X/3VxOf6D/5lPyq/+o//89/ur/vb/afc3+Cd+u//y3V/32/yV/9i//bv8M3/rn/gv/PRP5n/Yb/AP/bu/6I//7t/16rf4dR/+hv/70f9eHV7/qX/tT//0d/7IP/HFv/A3/it/wT/6t/9Tf8zod7r8R17+vr/Vv/bg9/qdy49Onv6pL/+vl//Ff/D7/pX3/tY/rvwX/qrv/0fVP/EPzz/5/F/+yZ/+k/6s3/pvuf8bf/9v/Cd+3X/wN/jd/972Lzr7+//E7X/o35y/2vqT//0v8m//5b/9y1+d/Gd/zl/9f/0Ff9avv27/+3909ck//I/8rcvv/B1/8D/1e6/+leIveJx86z/5a1//07/5X/yn/y//0h928tf/sZ//fgf/y9H2xa/4o4/+wj/gj7n8P37rv/Dod/0X/5k/7r/5X/6lP3r0D/1Bf9l/fLL439/8C8367b/4X/4DP/XuX/nLf9u/6O/7tUZf/B+/9m+597v/e3/5P/mH/rZ/7Fcv/vBf+m7x3/2pT3+rP/X/+Hef/3d/9tYfdPTH/UH/wr/z1/4Tf+a/9af9c/Xv9Dvs/b1/3x/xR/0Wv+X+r/7N/4bHvyj5vX7f/+g/+Kn0P3/3C+/8u7/s//ybj+4d//b/8n/w3/3KP3fxh/yx/+2Pf/fjf/qzP/vN8Z//e/8+/8wP/og/47//p/+l3+QP+Le3H/6Ohyfvnv9W0//8V/6jf+Kf/L/9lv/MP/YnHNx9+/CPuvg9/+t/4sEf/cf/4f/aP3H5Z57/t7/VP/KL/7y/8t/5Z//PX/Kf/un/8T929DN/x89kf9m/9/n3/sGf/l8WP57/qb/N1Zc/8/v+Bb/O4p/98We/8U99784vb/+wv/oP//t/7//4k7/of/9r/trf71/+X/+bt//xv/9Juv83Pv6N/87TP3fc/uDf/5f/kF/w5Nea/Sl/5sPf9k/4l/6v08P/9eDoP/jlf/R//U/++rv/xj/08Pf/3b/7v6Xbkz/i9fnf8w//Rn/en/fn/8KzP+jv+PRv+lUf/3n/0e5e9W/+u7/f/Nt//k//r0+Wf/id3f/lx/6Y/+uPWvzhb/+yf276b/wGf8PvN/mlP/jN/rg/9xf/tX/Mr/r3/qfkP/ruxa/5C3b+wd/r1b/0j1y9+Q1+n//9r/70X/mVf/7lT/5lf/ZvM/nDv/UvXv6B21/+w/tv7vwZv/An/rA/67f7B+t/8nT3fx79Xt/5/P9c/uLf+j/8X//b3/EP+Ff/pP/5f/ij/uf/4x/7T6d/3R9S/g7/+R/++Z8y+a9+4X/2z/6G//k//n/+gb/tnZe/6390/PIvXjz73X7mf/wP/qzf/n/+8u/7K/+863/q7/gr/87/9vu/7Gd+3T/qn178Jx+nf+Gv/2+++P3Hf/ST/+vi5O/4v3/L/+xv+SN+v1/zn7r+G/+g3+Lv/u4/9Cf/k7/h7/uf/C6/+1+X/vF/yn/1Ey//9d/j7/r2//QH/p+//n/7f/+Wf0h9+X+//af+sL/hV333H/oz//aTv/Cv/ev/wF//t/2zf9Pj8rf8Tf/b33byC178g3/5b3bv8F39G9+rXm//qX/VX/Ff/3k7/8Hv8rfNf5s/7Mc/+qf+k7/2d/zNHv09f9xv+Ycnv/ZvMfuP/uxf+tv85X/10R9/97f9tf+33evmr/qDv/Orfv3fb+uPvvvZ2z/q1W+x+k9+5jf5W/6eP/bt7/utP/ev+Gt+wcO/8dc/+y+TB7/kX/sHPv4Vv8Vf+iccT/+09M0f99/85lt/5z/xH/2yX/b8v3v8J/0hFz/9t735zf6dxeTV7//X/Y9/6Z9353tP/rY/5H//1ya/5+/wlzy6+/Hf89/9sX/C4+b3/Bde/U27r/+qf+RP/T9+k1/5r/wzf9jf9p/9rn/yb1X+B3/BH/2fnv29/9Tf+6d9+7f9Jb/ln/fn/bG/w0//Ls+udn/Rf/i//83FP/6X/qq/evuzv++r7Dt/zm8//+d+s7+y+jd/9c/852d/57/yj/4W/+Sn6f/x7X/1T//d/sA/5eXTf6H+k3ab3/f/+I//yH/wL/83v/gdHvydf/vv+V//xL/26//En/tj/9jsTzz/tf+4l7/5f/vdf+EP+jvePPm/f5t/6Rf+53/jb/P3/8PPf5e//js//uf+R//k6z/pD3rzF/2yX+N3/e//kN/x3/1bpv/Ub/xP/H7/1b/5x/5uv99//2O/22/9u/1P//A/PPtX/4Jf8df8lv/hv5z+u3f+x7/ld/tXnv+uj36/67/sr/4X/4+fOfovH37+f/66/95/9b9//lf8u1v/8r/wq779evdP+Cf+uX/uD9z+g3777373j/jtz/6Xf+PP+z9/h9/9b/wL9v/Z+y9+1X/22/2Pb/64r778F//6P+AHf/Dv+pv/2v/4t/6BX/mb/b1X1d9w7+CLP+Kv+3v+2zfz/+Mf+p3/u//15T/+F83+iz/1n7z+i/+JP/z3+1v+7v/2u1f/+/5fc/34f03+rN/yn/oD/ojkT3n8n48e/F+/9Z/4O/6Jv9Ef+Xv/4b/1L/wX/4T/6n/6B86Sf+a/vvoH/obfuPhFv8Ojt/Uf9r3/5k/8I3/Dv+f3/an/7o/9/f+93//e77e/+A3/3v/qv/kdP53+BS/v/YK/9X/9Nf6Q14//tV/wj/yxf/Of+3/+p9v/61/0R/8df9BXv2Bx/ebF9svievc7f9hv/fI3/Q3+tS9+8a/8yS/+h9/yz/4D/5TqW3/vH/o3/lf/9d/3i377l7/+r/Gdv+Qf+Af/yb/iD/9l6z/0e+Pf4+/4F36r/+7fu7j6a/+K7V+Z/hW/3u/yG//+f8T/8Nfv/bJPKJD5+//QT/+a5Bf/l//B7/0P/Emf/wmP/o2TX+9nPvp9fsN/OP9VZ7/3r/Xn/jePftP//b/75/+kv/y7v+dvcf8P+y//u8//0r/tj/lL/panf8sfUvxX/8E/PPsTv/onftHHo5c/8Yf905/e/Uf/h3/0zyz/sTf/5+//C/75P//kL/rvf8H/8Mf95Z/9sn/8n/zf/4x/u/mjaJX72f/wYPTRn/p7fO9v/IPK7/6vv/FXzV/eJv/9f9nW+ZM/4M7v/b1f48/+iT/gH/wfn//n1f/4r/89/8Vv/A/+o3/BV3/WX/t7/KV/6p9xP/s3/oY/71/52//3f/Mv+r923v6B/9HT+qvin/p3f9e9v6D6G/+gP2r867/6y//JP/Pt3/pH/Ofbv/pv+6/v/he/6697+Lv//i9/s9/8v/m3Hr/4mQcHv/YvP/kXH3/1q/7B3+X3ffmf/Ev/6P/xH/2Nf9DiT/i/Rv/b6y//3T/7N/2Z//En/vT95X+/+4f8G3/Vr3ryW87+hT/90V/7x/1Tv8vf/s+lj/69f+wv/lf/k19V/ib/zJ/yG/2uOz/4Q//X8//+X/mF/+7VP/Jf/xO/8z/yb/59f/e/tvyLvv9PtH/Dr/9//Z3f+6f+qZe/92/yl/9Xf9M/9Yf8DZ/+vX/l5S/6/X/w0X/xj778LU/W/93v8Gvvj/61kz/67PGf9K9NfsXV6+/8mV89+E/u/h3/+1/4D/2lv+Pot/1n/91/46d+8vd7+4/9jsXVH/bt3+Fff/Llv/LLf4t/50/6X376d/l7z37yX/7DfuF3/47f9Z/4H//Kf+s3+F/+0V/xr7/4L7d+nfJv/ZP/oze/5Mfv/ac//q/8s9/7C//sP/pX/bn/4Z/5b//3v99/+/lv8y/8oX/ip//Q8a/3Zzz+Q2e/5l/2e/zB/8UfffRv/Nf/+H/12/6Z/3r65/3Wf+gP/t3f8k/+B/6JR//9f/tH3Nn+C/61T/7CP+X609/yD/9v/rF/5Q/+X//Fv+3P+ezH/uW/7PkvaPJ/+rf41/7W/+6L/e/94O/8F/7B3+eXrPf+xF/1T/+zf/6/+ItG7/78H/tX/rXF//1P/PP/7G/10b/8S//Bf+Dp3ez5P/Bjv++v/P3/nl/xZ/742T/0l/5X/91/fvrHPPtX/rTr3+IX/ga/4bs/6+of+L8vf/L44f/0M//Sz3xy/3f9c79aPf5L/73/5m//5Gfe/En/0NX/9mft/jm/+5/04s/86i/7z37/ne989y/98T/qz/i9/47/9b/8W//df+vX+Qt/2b/xu/7kX/dvbn/n9/pbfqdf+vv/Zv/DX/Qv/vO/3t/xi/7+N5PPq3/1b/n2V9//p37j8X/3L/+Xf+v2v/97/cTf8/n/Vi6+/2Mvv/N6/6vf+8/+n39y/W/9Gf/3b/0X/YF/z0/9C3/Qr/rD/47//e7/8W/+JtXf9ff+JT/5z/zuf+1v8bv9jf/bLzn+HfMf++3/jsPf/U/9B//dH/9Ht/+5P/rVX/mX/d9/zk/+2b/7d37Zb/7mZ/6+L3d+8/bRv7T+m3/xv/Sn/bp/6h//u/2T/+A/u/XF0/LN3/ML/vev/plf9s/+V7/2f/5fz/7A/+Of+6v/2T/z6K86+fN/8uxf/Zd+/3/xj/uVf/pH7771V/1Hn/32W/9A9X/+uf/Dr/iv/p77/8ff/UdeffSLf9Oj3+o3evNnf/+3+Ut++d+Xff83+a3/pD9x9M/8X//a7I/8o/6bP+3fffHX/G1/0N92/p8t/7R/7jfe/Sf+ue/8zv/dX/br/dHP/rqfefSH/nV/61//Fz77F/+b3/Qn9v+Ff+x32rv45z6688f+Fd/9E/+zf+DX+q9++R/xU3/iv/vn/Ed/wm/1l5/8Dqe/8b2zX/NX/1sf/9/Xd+eTf/jpf3f8T/09f+UfMzrf/Vf+gucf/R3p//JjX779F8Znv9Ef8Zc8/M7h4e//m/74z/xv/+LZH/4H/u1//af//ejXbw7+gT/q//info2/8U/9t/7Xv/YX/Cd/wm/8z/3gd/t7f/xPyv73P/4//TuPv/gNfvEv+W/+sp/5Cw7/u/9751sPfru//U//Xf75P//P+xX/wV/1F/xJf8nf/Kf91X/eH/a/Xv0O93/yL/1H/rvv/jVbf+oX3/0l27/ub/JTv/CLP/HNn/LZn/9nbP/JL//Fv/z3/QsnP/F3/Nn/4c4v+wN/24f/xi/8Q36b3/IX/60/+Bd+54//r190+jf9d3/tn/0b/OL/8Prv+sf+8f/zT//P/vNH//ev/Wv9wh//z/+i3+H1n/77P/yLyt/tL/zD/vk/+t/963/Bd3/yT/n9f5uzxV/59z766/6an/5t/qhX/86/8ntff+tv+R3/+sn//kf/uff/1N3ZX/y/f/v8zm/0B/0JL/623+U3aOb/6tE/fe/3vVz+zv/Ob/Z/Pf3j/teTT35R9eXv/hP/0W/9J/0t/82/uPd7/gn/41/7J/3U/5r8R//u3/gXn6//o+JP//XrX3L+Z/3if+rTP/3tL/qV3/n+v/Uv/oOf/1H//R/7V/zj/8Sf84//1JM/8W+ukt/v1ywejv6vX/M//G3+3T/md/7yL3z3H/6OP/iHtv+D//ZfWl//hn/gb/O//05/6V9bXPzBv8fv/Gt++9f9m/+Y3/N3/gv/nZ/6jf643+aP/L//4L/r13v3xS/4D36/X/3n/U1/zk+t/vo/tP31f1D/u7/+XzP7H/+Pf+b0/NWf9hf9L3/kH/b7/e5/7v9W/5V/6d9/efx7/4WH/8Ov/At+rX/y3u/82/1Njyffevjxr/rse7/RX/K7/gW/9H9e/4P/ePmvlX/63/lf/37tn/r7/4K/8D/9HT/+Fz77R57+oj/ux//XP/vpr/znXvwRf+OrX/Tf/8w/+w//m//L7/nb/1a/7Fv/0v7df/PfeXf8t/3Hf/kv+4d3/8L//Plf+yf/cd/7m/+bP/Xz1eX4t0+qf+679779b/4X//Bf/f2/5feb/cN/0v+W/tPVTybTf/Yv+xv/8vwX/Ut/3t9Z33v6uxz9bv/+//I7/rd/3Z/zj/+Bnx3/HX/Zf/bb/Qu/7eE/8Ov9tv9C8rb6df6P7/7af+q/+dv/XUf/86//7T9u/Iv/hd/1r/3r/qb/89/4D//93/z//gN+xW/7e//zf3P9d/9W/+rTv+M/+w9/8nf7Jb/ff/y//JXf/Yf+ur/of/03fotf/zf6Q47/lt/q7Py3+PN/xS/9Q/6bf/43/c4f+dVvkT341puv/pTP/rFf/uP/8O/4a/4OzXaS/Jaf/81/+B/6a/4v/9Of+Xs1v/Rv+wt+/9/63/nq0b/2m5/9Mf/W3/TPTP7Z3+iP+vLqj//kr/mL//f0v/qt0+zyl0z/kUd/+9+295v9Q//tyef/yx+Q/AP/5O/3v9z7RX/Hf3n6t939vf7+X+t32vlNv/Xf/6m/1/nL3+9///T/+Pav+us//ugf+0d+8Hc+/6Oqf+/Pe/TX/OX7v+I/+9Yf/Gf9Jr8HWYXd73/12/+Vv8l/17z63//vy9//D/+L/q+/73f9/f6+X/cP/1+Pf6O/5Q/5Df6w3+Fv/1v+tn/6P/sL/53v/R4Pf3Xzj/1NP7m8/3/+uZ/++fd/i9/oH/nLfs/ktzn9Bw/SP/vXWn/0l/43f9nv+/v8vQd/12/xi/+lf/3f+et/7z/qb3nw2/9rv/O/9Wf81v/Zf1P83b/4//jonx8v/tP/+Pf9zX+97//PX/xV/9F/+V+8OfkPpn/td6r7v82nf1n+e77YPfm7vv3n/p1/5z/xl5/+YX/hT/2Sf+Uf/dMeP/zvf88//Lf+tf/07/zkr/Ov/Lqnf8hv+TP/06/923/+T/+2f9UvO/kDfvpf+C8P//Tf449M/ss/81//1//0P2Sy/I3S3+Jv/zV/cP6v/23/yd92+Hv8hb/H4T/53X/h8Z+3/Xf/Gf/eH/wHfm+29+Q3+OLb/3n9B/yi0z/tT/t1//fDb/+Tv/y///Wysz/31b/9P/4Vr/+w7+/8MX/XX/6b/MKLf+7w3/oNfvpv/ZN+i91v/eX/+D/5++z/xv/p5Gj0rYd/yH+38wf+u//sd/6n3+EP+Ym/5j/8+/+p/6b6hz77b/6w/GL+l61no7tHf8u4ePDgwbu/84/65f/LV3/qn/hTi0++WL/+7y//9//p9/2d/ptR8cf9jvt/6+Hv8PvM/v3f+df4Db//p+8X/87v8XdlX/5nv/rv+HT976z+vM//tz/79/odf/r7f+e/vPfP/rn/1F/z1/4pv+xbv/e//tPTf/r1s+V3//D/7JPLXzr5e375L5v/G8v//Kd/ycknf8p/8eu+/bt+97/97R9b3P+9/9F0/uYkf/a7P/+L/5HyD/lX/swf/8veJF+Vv83iJ5/+Nz/5Oyd/2X9/7+8++7d/yz/ts39y9+9I9v6tX1b+Hv/9X/07/pEPf/y3+m3/gcef/3XN/t/z6/7K8k/+M/7w//L//J3+6Lvbd/+5v+pX/zn/5Z/7F/63/9An23/JT/46v+53fuyrP+xv+w8/+aV/6e4/8fLv++N/v8k/eP/Tv+Z7//6fcfZb/Cu/+T/1X57+2H/5r/2mf+v0r/jB9ON/7+/7/t7f+rf9tv/1r5j8Cf/b9K9496f9n0d/+K/zy747/Se/92v+BX/tf/0H/fhv/Zt//7/8zf/lX/6H/3P/yU/+Df/d7/c3fPL97/+Bf93eH/G//AN//h87/+In/vBv/efPfvD2793/zj/d/On/27s/7g/7zt//N2a//Bf99vVXf+B/l/3zf9vZr/Vn/wV/++/1J/y6P/Ffnf1fv+/f+q88+slfd/e71//xf/Xm3/5z/9Cv/pM/8vyf/fhP+Dv/md/s9P/+Pf7kf+Bf+1N/g7/g35v+rX/IT333ix/7q7//N/3U7/dr/6q/svzH8id/37/+1//pWw9e/i7/yr/9X7Tfep7/B7/OX/Pf/a3/zh/1z/+zv9l/9Jt/+u/+cb/sB3/UL/xtf7+/54vf4N/7036/v/tXrX/6+N/84//JP/iX/ENf/dW/0ex/+O1/xa/4k/7G3//N0z/3V5Z/zy97/q/8a3/A//LLP/oz/4+v/v6/7r/46d8p+/P+jb/zP/8LfsX/+Y/8Y79o+a8+vvg/Zn/1g9/pz/qD/9yDyV/0O/yD57/Zd3/bf/8//Cvv/tH/7J9273/8Xeq/7u/5T3+Xf/O3+H1+q//+jzp49Mn/nH/vL/tzf+Gf8OzVP/Gn/Dv/8N/1V/5n3/5X/6L/8e/6W37Rb/hP/t9/w9nbP+iP+VV/xunh3/nob/6XXvxJ/9nv+uf+5H/5j/7Tf9bvMPkb/qe/6h/7jX/8b3j5z/6ezae//Nf7C/62X/sP+Ed+p//uf/zf//fDX7b4x9r/+9l//tGv+D3+yW/9Hb/Hv/qb5n/V3/eL/rff/U/7t9999nf/E3/kH/cH//l/x4//j7vf+3X+ivzX//1/zb/tf/qH/oBfuvV/vPhvj/7av+VveP1v/NP/0z925+/68+7+5//A3/KLlv/2H/aH/wn/0d/zu19+9VO/3995+fR3+NP/g+Wv95v8Of/O0b/0m/1x/8z/vvXH/+2Xv/av/Pd/v4M/+vf/u3/F+n/N299k2vw5p9W/MPn41/hP/6yf/t7/+et89595+2v8tv/zr/4/f71vffnn/871n/nX/Fvf+zv+h7/+J/+2P/Crv+Pw3/3i4//mF/9ef+z1v/M/T179Retf75f+U7/g//qv3vzBv/R/fvd/LH+/6t/9c3/Juz/9f/u7/8s/89f+g3/b3/9P/zX+pv/6Z+aX/8Mvufz1ft/pd/7Zvb/yu7/s+R/zyz77B/6+f+Jv/BX/wx9Wzf7O//Tt7/Vn/rV/9v/yL/xef9mf/fSv/vsu9/+Uv+Y//uP/sz/wO7/sXz/6Tf+AP+X7PzH+9PpvvP7tf6/tv+N3O/z8iy//lv/+D/+Tf+U/s/pd/9nf5895+1cV//Uf9eVP/6H5v3T9T//Of9Nf+N/8OX/I7/dr/rF/8P/13z/4zf/Q3+rv/EP/g9/l0x8sDl7/j4/+jH/1k3/lb/q9/++Hv+rOm9lf/Tf9Nr/Dn/sv/bd/1fboD9/9zX/jP7M4/Wf/tr/xXvsX/Pt/0m/9d/72f+8/ufjX/8E/79/4x36Xv+jv+uVfjn/lH/TL/7LfZPIf7B/9sr2nT9/++b/ylx0t/83z3/qv/yv/iD/xX/s3/satv+nX/73/wL/t3l/+t//G//Kf/Mf976t7f8jf/dmf94f/bp/+9D/6Vzz67Z//h3/Pv/k//YlvPz74R/6Y3/Rv+zf+zv/2T6m//6v+4L/kbxj/A//FH3T02/45F7/P7/3r/dF/xd/9L/2vv+Tv/PIv+SP/2JN/76/5Df+q3+8f/b3+53/kt/jb/4Yfu/+H/pKryb/56e/0L/ynf9lZtvuf/Cln9/+Vv+Jv+IO/nP9zf+O/81f+oj/qj0tpKH/N7/PP/Ha/xT9/8Rv+Jf9Qs3f2rz/75X/8H/C3X/5xf8p//6t+7N/6D/7sf/dP+JX/wT/1B/7D/9v/9WO/yav/6a//Lf/q/+7X+DP+rD/9z/hv/+o/6j/+r47/2l//n/8Xr1/8lX/Tv/Z3/qZ/UPP7/yn/1x/0RfIX/pN//J/5O/3Vv+Qv/+te/aJf/vdPf8ff8Q/+wV/9x/4vZfJPk0V9+uf+qY8++Vv++9/wHyhoIeifm3z3l33xD5V3f8u/aeu3+tOyX/Cn/MW/7L//b/6mP/T/Pv973/1L/8i/cfkv/xZ3f7vv/tJf9uQ3/Et/52/9V3/mn/OH/CEnf+j/eX/xv/5ev+2v+9Gnf8Pv/2/unf3pJ2/KX/knlf/mP/ig+B/+2Z/ef/Bn/4/VH/9H/NF/6q/9n/2P//P/+tf8zn/Ig/LiH/zOn/ln/tt//Dj7A6qP/8a/6i/7mZ/6Q/+m//zNf/J3/uV/5vYf8of8Wf/O3/f3rX7Bv/8H/25//epf+Nbv/D//S+Uf+w89/e//1v/jnzre/onfce9/+g/+uv/1r7r3x0///L/v3/+VT/6TB3/1n/lbvfpViy/uPvr4P/09Xvzb//Fnv8lPfPTLfvurv/HX+Nf/jO/95Rf/4Z/z9/wd/9Tf/TP/SvXVj/8Xy3/+H/ttf5ff8zL5J3/3f//v/43/p7/pj/pXT37yL/nDSaU/+b1+n+K/vvh1/6+/7P/6G/753+gnvvMX/Yu/9h/0x/3Df86ne/9q+q9+8i/8uf/cv/6v//1vfvKf/K9//c/m/+Gf+uQv/AXnv/tv89+0o9/2X/0DivuTvV/0Z9T7z/+l83+x+I//g7/kL7j32d/0f/3iv/Cj3+1bv+X3/uTf7M/9B/7w5t/+h9a/bHL8H/8Jv+zPSf/wf/bv++V7//Bf8j/8J7/Jb/Cr/o8v/4T0d9la/hP/59/37/xrxaqZv3nwJ//T/+t/+i//F7/B9M0fcvD6n/9Ppr/ub/UH/Iqjz/+m3/27v8/ur/n4r/3B7/jv/y3jv+Xv/sd+/+Wf1v7tf9svvPjff9Vv8Pyv/ef/7X/ms7v/8yc/+fv+Ovf+sX8g/d7f9uq//Af+t9/6f3rwr/+On7751//t//O3ai8m/8p//eDlb/CX7v8Hf/e//cv+/F/2n3zv9/nddv6qv/HX/P3+99/59777L/4n/9fFH/PFg3/21/7p//Vf+Ot/3d/9H/+t//Pf/tf9/G/7+3/vP/kf+Kf/wT/h9/nyN//nf6/vZX/nb/eDP/lP2P+j//O/6uE/83f9rX/f7/kH/J5f/Cb/xe/0L/7z/9j/8k//Yb/q1W/33/2yv/qv+R2Xf8Rf+e/tf/pXPfotfuWve/A7/++/5PlXf+C//i8/zH7Vv/FTi3/zr/sDq++ef/vv/fLLP/97f+1//mf+Gd//i549/gV/8dW/8xfd/eNWv/qP/h3e/nuzH/sn/rq/8e/6Py7/59/nD/6pP2D+h/2qP+rv+Vv+8u35r/ojf9Uf9vYP+cf/rr9v9V//ln/vf/R7/zO/5N9J/uG/8W/+g//Cu//Qv/x3/FX/3Ze/xQ/O/rn/ffTv/t1//3//K/7F3+d//F+SX/T673535+hP/7t/i4s/a//sD/yrvvg3X/7eq3/2v/i9/6U/92/6XX+nv/Wzv+gX/oV/xj/yn/45f97f+Kv+4N//N/7P/4I/9G8+/O//lD/x9//j/sOD3+/P+1Nf/oqtv/uTP230h//YL7n6N3/l3/6v/XN/8X/2/d/i0W/5x774J/7lP/Q3uvxP/vxf8pf81F/11X/558zu/bZ/4Z//5/yjv9Hf9tH+L/5tX/9Pv+Q3uzzd/Q+//9/+U1d/8u9TP8//pH9y9kf/qf/pH/nP/8Lf9S+//rv/w9kvT/6n8v/6u/+6f2vvf/jt/uZ/+Hf/i3558r/91O915zv/xR/59/8ZP3Hx5/5uP/6fro/+mf/47Pf4r/6r9F988af9Zr/Hzi/+pT/zl/wJ/9ff+Wsc/vf/6Je/1z/4N/0Wv9Z//Hv+Hn/fn/PP/jn/3i/9h+d/c/6L/uqDf+N/+PJ/+fKTf/3f/Rf/hfMf/8P/789mV//L6T988qd+9fr3+VX/4cX//dnV7/z7/c5/9l/43/8pf+7v+W98+xf/B3/ld//4P/+/+Z//z9/v4//pr704/tP/5Pyf/n3/5+d/y9Hf9/BX/JX3z/6b//qPOP8//rx/5W/6537DP/rP+723/tadL/+1e39o9bf+eX//b3un+qnLWf6Pfv+//f1/xU9e/PP//p/40//an/iX/4Jf55/76T/wr/2l/+V/+2f/ro//oL2/9B/8c754/Nv8iumzV3/Br/G//a7/192r3+Nf+6f+4sf/y90/+6/7d//U/yi5+zf8CX/Y//I//u5/6Z/6v/2D9/6My7/k//4r9v/6P/fv+zO++9n//Ef9V8nJn/Sn/rPf+WP+/p/55Plv9R+8+Ml/q/7DHvzH//rf+xv/Uf/XH//H/CN/9X/1F5yP/8F/4dt///gv2PqNX3z+L/99s7/w9/rt/uq/5bf862f/1P/8j/w6v+2v+4/957/Ol89/r93R936z/+Ov/Qe//O2O/pT/+M/4z//BrV/6p/4xf8Tf+B/+I//cv/RvFn/eH/xH/M+/8q/919MHv+Uv/Hv+rD/6d/zj/oh/oPpD/t3sz/yH/od7f9k/8vv9in/rd/tT/qPf+i/a/u0++Zf+6P/r7/uv/ui/7I8/+et/j//6Bz+9d/Dv/8Xr//Uf+89+v5PD3yH9wYPf6i/5Xf7yv+Hib/q7/pt/58/7n7/3N738jx9+7999mHz5N/3Kf/J3uP+H/tPbf/Lbs3/6X/3xv+yX/VNv/5y/9N/+n/7kX/1jv/F4vPM7/3X3nvx9D//x//Af/m33/uT0D/i9/s/f6DvffvlL3vxZv+pFO/ub/oz/69/8p3f+g3//L/67/42/8neevPn9/t1/7vf+h//R5q/4ib/0r/j3Jv/sb3D0t/0x/+fv8zv9ir/jH/2P3/y+PzX9736N//wX/XY//Wf/mr/yN/5B9u3/89/54q/ZeXvx5//qP/L5n/5r/T6/985/8N2/96/5W373f/cf+N0/+fv/lu//Ob/iLzj9tf6ef/bkL/7eT/0Gf8Rf+B/+I3/dn3j6N9z9d7713373t/5b/5c/8bt/5B/wm/4Hv9Yv+wv+xP/hL/zTfstf/Rv+6X/8b/sn/pM//e/++3v/7T/1J/45//Cf9yf+VQ+yv/Af/OLB7/C//H7NH/i//C4v/4rmr/pP/9Jf9Jf+dvOj3/z7f8/v9lc9+tfSf+U//Ed+jT/lH/vLPv7T/vW//M/4y//W0V/71+79Z7/0t/8TftlP/Yu/zy/5BU8en//ru7/t7/0f/Zf/zu/6Byfzf/2s/S+/+p/f/Esf/TFbf0nzbPH039/+VbPL3+XOT//+47/ht/8Tfq9f78//T/6Av/bP+Sv/9H/zD/tlD9/+1NX53/6X/x+n/8P8z/4Xfp3/5df5dz797X/NXzT6t36rv+X//Is/+3t+9xf/yq/33d/vxz++/m//hPv//X/71/ye5f6v83/9/n/577bz3775i/+P3/bf+Ot+j3/qr/0l//N/82/+zxe/9/fHv+6vePs7bf2Pf/V/90eUf+Kf+k/9Hr/LR7/jP3f/1/i9d/75f/TX+ugva/+Jv+hP+iX/yz/2R/z6v/RXvv2z/uD/+pf+/f/Goz/0L7z8+/+D13/Gn/on/Lt//J/5m/yqv/Fv/+3/nF/wz/8mvzSffvHb/l2/3kff/Rf+lV/+5/zhT5df/pqfnP3df+nv+s/f+2/+ufs//d3f/vO/4B/6ff+HP+evP3/0L/ye//Dz3+ZX/Caf/c2Pvnj8H9z/t+9M/77/8B/6854s//Z//xf+Sf/8P/7ij/+L/6g/6H/+ff/J2W/3O3z7t/oL/7s/96s/4X9Y/Md/y+/0u33vP/jvf7s/93/7if/gT/jL/qv/9p/9Bz/7i774/f7xP+D/+o/+67/9z/lbfotf9lvc+9V/88M/9Q+7829870/9rf7Jn/6b9/6sv/M3efj8n/yj/9hf+eeP7v/mf/6/8Pv+sb/dP/Y/Xv3Wv/onz39w+hf8pn9W+jee/Fp/0Ge/43/6G/4hf0X5H9Aa3N/3M7/ubzz78/7m3/9/+t3+5fv/0D/9x37vn/rP/qvJv/v2D/8b/4U/8r+c/oa/2z/Z/JNPzv7nP+/Xf/Tj4z/s7/4zxn/MD/6D//4P/ct+/N1PbP34n/tffvTX/L6/4C/993/iX/zD/r1/+j/+rf/6P/c/Wv5pf+I/XP0nf8XuP/W7/Uunf9Jv83f/AX/KP/YX/Pp/3l/1p/01f+0/9Kem//bvuP3f/bu/9R93/fK/+ev+vt9g77L61q/5P//Bv8bo/h/xKy/+pn/kXxj/Pb/WX/ZX/w6/8rP/8u/8/f6qX/vRv/+D3/cP+CPnf8T6O39z/R/+GS9/vzd/y4/9t3/6v/jH/1f/ze//y/6Wv/7f+0uOfuODv+S3ev7r/s/bv8lf+md+b/TP/QG/8MXv/7f84X/l8t95+U/8l6/Kv/F//V3+g/np73PxxV/63b0//rf5S0//uJO/9bf6P/7y//Qn//uH/+jv9Hf+qb/Jv/T4D77/h/7rDyc/+Uv/x+pX/Z7/+F/22/5pB7/vX/rP/UU//U/+9j/24z/55/2jf8r/9Nv9fv/s33O092/+kj/v91n84A+4++v943/i/v29svlL/7i/+T85/Q3+od/y73zwk3/jX7b38jf7Z//u7b/4cvs/Tf+cf/2X//3/wB+7v9X+Vt/7w3effPqP7P92F9/+e//+f+/pP/+Xf/Trfuvbf+hffWdy90/6k//NP/nf+f3/xb/uH/3t//w/7P/8347/2dVf/E/+BUe/9h/3d/z753/cH/bH/XX/x69a/NO/4vUnv+QPe9D+k3/W7/vX/g+z7/zff/XHf9Rf8dnL5//bf/P6H4KJ+F/+ot/yf/3H8v/tnz2883/s3v3BX3619er3fvW7Pfrvfs+/6d13/7xF8Zf+zPFf90f8e3/nn/l7/lU/vvVn3N/9nX/Ff/qPvv4v/7X/4C/7Wy/+zc/v/Bt/0p/wR/wn//Mf8at/8Z/44Nf8m6d/+h/2i//IX/qP/tv/x9u/+Q/9E6+v/9x/+Wp6/K/9XVvt0b/7Jyb/e/XP/23/9D/wh//S3+P3+8Hv+u9858kf/Ute/9b/0+Lvffdf1P/g48Xf+Ns/+R3+gvXf/5f+xJ/09/2Vv8cf+BOjP/Xf++/+/r/r2//Mv/jv/w5/6F/8z/wxd8/O/9TftfjTf+Lf/Lf+h791dvjbb/82f+bHv/Qnf7M/78d+i1/v1/n0j2n/tj/w2Z/94//yv/dn/l1/2a/zL7wZ/wn/29/zi5e/5rOj5M1//k/8lf/x85/4nX+Hv+X6j/m1/tp/5tHlz2R/1U/9O3/BP/HT/8hvu/2n/Q//zV939h/9sb/uP/8v/1P/7V/7my//0z/4P/8r/rGz3+oHZ7/3p3/Ff/Fb/t0vm9/wt/3Ff8nv8L//kl/2Sfrw//7en/t7/KLf8j/8W//n/+Jfame/88noN/sVf+zl3/cn/2v/7r/3B//X//E/+Ef9Wlu/9x/6J/xJ1dUvPv5f/o3P/unf4/Hyf/4rX/yFh//JH7H3xbf+jv/gF/7M3/Xn/vmf/fX37v+dv9lX6+c/9c/9Pj/4S/6Ev3D8W/33k//gT/lj/6m/9y/8FY9e/WlPP/uFf+lf9wf8Nb/27/J//0H/+6/+E/693+/3uTP9B3+/07P8f/qf/tHf4f/4/D/+Da7++1/vd//T/4t//D/++/6F/+vhv3/x5/xf/8s/8Ov8TX/V3/xf/+m/7+I3/m8/+5f+yn/oH9j/7NE//ct+y3/hL77+F/7W/+Hlv/ydv+iX/c/f/6N+3R9rPp0kf/Rv/Yf+N//hP3Dxe3w7ufwH/qk/5l/a+hP/lb/zz/hXv/NP/bLf8R/56/7UX+e3+4P/oeQ//O9/4nf/Q9MHf87v9z+++J8e/qY/8bf8jce/z+/0t/8Zv8d/9v1Pf4P/6dff+m0v/sF3/+qf+73/7H/5e/7Zv+s3/zUu/rY//fd8/mf9xn/nL9j9W57Wv+zXfpf9pr/wf/4T/sG/6j/+df+Pf+sfOtj6u771O//fv+1PPP5t/69/7g//DabHp8sf+x3/3L/9d/u709nJ6OTV9ejp3/HRP/B3/cRf8ev8n7/+L/vPP0n/m//ov/zJ/+aT3/Nk++D3Gn3vX/if/snf+9Vf/v0/5m/7tf6lT36Tf/Vi94vf+fSP+i/+y99s/Auujj7+D7/6q/7xf/+LX7D6Nf7Io4/q//E/+t1/23/hxx9//z/6lf/GH/ZT//rfNf9vf98/8W8Y/Q3/+pf/9+Fv8Xf8nj/4Gy7+vle/2+/8N/3i/+0P+MH/8UeU//HpX/Zv/dJ/7M/5L7b/kV/n7m/0T/0Wv+x//KuPxr/iP/+LfvyP+Tf+zD/9z/9t/sH93/+X/bO/2T9fPdz7C//aP+Xf/Vd/+f/9X//UP/70L/7Pftv2v/7uH/RT/8knf8D/8B/93aP25J/7ff6C7/9pv+yf+LV/8MuSl//7X/gn3Pm//8B/+D/9iX/lf/7+//Tr/ue/7I/823/JL/6Nj7/7u/xnv/0f9ntu/+e7P/jkNzr83h/+f/79f+Hv/yf/sr/3zh/8xd/zyS/d++t+2f/9h9z/X87+nTv/+1/3T/6h3/3+//r7/x5//z/9V/+XL/7k/T/8X/u7/pmP/+y/4K88+qd/8T/9L/2R/9O3v/zLftt/5Lu/xl++/Uf/b4+/81/939v/8F/6T7zc/+v+91/+5v/4jbb/gr+g/M9+73/9tyr+zX9i9mv+37/bb/jvzH+73+YP/yv+it+i/Z3/u7/9n7n3u/9Ff+7/0X72bz34Wxd/2vWvmy7+gd/u5Ff+9f9V8Vf9Fv/cb/Ev/dO/31/yK/6av/Af/5f/wr/xL/wNX//7/8Y/8rd+/r/8h6/+tL/vt/5HfzI9/mV3vv1R+uPP/7Bf/vf8UX/8b3z1O/9ef9Ff+Lv8m9//i6f/w/f/gfl/X63/yt/yX/yN/q9f/Q8ufuo3+wN+5zf/Q/pP/3F/07/+iz/9p//L7/xHv/737/z5/8Lf/k//S3/u//bn/vHf/YP+6D/7+Oy3+cm3v9Uv+1//s5/6Bz//S/6e/3jxK379v/kf/S9/k1d/+r/yBx99WuT/yr+9/lf+ud/v3d/5u/5xf/hv/ef+bh//p2//k+9d/R6//1/47/+p/8g/8w9/b3L1d/zJv//f/3dP/ol3f/Ev/B1+VfbP/Yn/69/6x/+jD/7Rvyb76os/87/7V/65pPq1/vvf/+h3e/yrf+Gf8Tv99f/B//U7/Vp/9b/y6f/8y36t//hf/Pgf+av/nL/qd/3i3/y3/qo/43/4V/+dX/6dn/h1/7Df/R/4n17+X3/Ib/g//yf/0V/xX/6Xj/7S5X85Wj3+jf7xP/0/P/3P/9z/++8d/2+/7DfcPfynHxz+MZc/9lt++p/+Jn/pT/+XHz1+8Ov/pf/Ip/Pf5s/7V3/l37nz7/2rP/6f/1O/59uf/D3/4d/oN9z/P//1x7/Xv/dX/nn/wr/67/xRf/j57/5r/tn/yl/5d/0Nv+h//Ve3s+8Uv8ar3+h/+/P/xf/gT/2jXv25/9m9f/i3+/v+z//kf/p3Z7/5L/sFf9p/9Hud/cpf+j+8ufpX//i/8x/9H/+aP/1fmf83v3Dn9/ivfss/d/TyN//r/6b/7Q//FT/zT370i/7Af/LTX/9bv+ef+j/947/B7/2L3v5DP3l2+Av3fun+5H/8r/7Vf+nZv//L/oW/4lf9QX/f8S/5u/+3X/2X/r2/6I/5v1796z/4Y/+SneRv+vX+wZd/wq/x+/y5v/vDf/qL/+Nv+nN/l9mnf+uv/a/+jj/xT/6X//r6d/pj/5lf8/f75X/p7/Zfffvb9//M/+ovfnr6Z/7X//2/9Vf8Y//3T/yBP7m4/HO/N1n+zb8omzz6L/+Z3+ao/fv/uX/6d/1PP/1N/ss/9/f7l7//Z/wtoz/zzj95/vs//Pv+wrd/33/w3T/uF/623//+3/v3/re/5U9/9O7uX/8vnfzUX5pWP/VXVB//ev/N3/OP/fl/9h9w9rf/3//r1S/+Xf7eX1i2/9i//s/81vu/7O/+zf7c3/d//G9+03/5D/oj/tcv/6bp//L7/5UP/9Hv/kGjv/yv+g1+5b/6X//b7/6d//iP/Lf+8sO/8g/8P/+Y3/7f//1+q//iF/5hf+wf/hOXf/n/8Ht/8ebvPrnz5/0501/jj/qL/q//+G+6/4c//l3/+d/pD7z3H/+Tn/+5//Gf/lf/xB/6R/xvv/l/98f/6/mv9ek/8Wv/A//jm5/86r/+x36L3/1//L//o70f/0/+lxf/xq/9mz37XR/8lf/ub/+Tq+/9z3/nnT/7v/+Vf+ef8lv/Rb/L7/KH/fd/5f7v/6/d+1P//Gr2h1Z/zT//J/ybj/7vH/wFv8lv9BeO/p4/5X/5Lf/Db/2z/8p//OB7J08e/bH/zd/3u97/8Wc/2J3+rSe/1v/yd/1Vf/av/bv9af/soj7+TT/+C/+w2cPf6Q/b+s3++3/5b27+uP/hr3v5Uf5H/8eP6r/oyb/3/BdN/7Oz//p//d3+p//xf/iT/8W/5ff8RY/+23/+7/g//6YHf8M//C/+Pv9w9of+g8t/vP3tsvan/9p/9C/5Pf/Z3/Sr3+bf/Quf/05/6F908Z1fvHzwH/wbf9S/8xf8R3/Af/iH3P9DKcr/e//vf+j8+MU/97t8///6K79/73/7kz793f7S8b+5/8f9xf/Yf/PX/++/42/wH/3L/9mv87f9+//V37b36fNv/9Qf/A/+zF/ym6/+q7/mf/qVf9nv+B/9Tv/o3/Zbl//557/kk3z71/sb937x//DsD/l3frO/4T/+x3+zv+Af/w3+s4uf+bP+rz/1r/trxuNP/tK/+1ce/zV/zB/45X/zl03/gf/11a/8Pf6Y5Gd+o+/9rj/47t+2s/f6H83/5V/xuvn93iZ/2d/wK37RT/2n/+Ppf/Vy8cte/x2/+mfern/jP/z89T/7l/zFX/4F/8jv+B/8h3/Xr3P/b/yD/rv9v/3f/Xs+/xub7/zJf/E/8bf+ifUf/Rv/FfXv9g/+V3/NL/0j/9d/8q/5Xf/0P+UP/ZV/wbN/58l/fVj9yr/tN/vP/5U/73f9t/M/7x/8B/6l/+JXvfj41/kHf5e/+VufzH/bX/bmn/1k/w/4l37Bf/vb/Gn/+N/z5Md+h6v2+/Xv+ycsHvxr/8Jv+xvv/bd/0j/49/zSP+Zf+rP+x//t3/+fDv/mxS/6n9/+j3/rk+89+T3/6H/j+lf9Hz/5L6T/4p/77A/+R3/6b/jntv6DP/jvbv+dP+roB//xT7349f6kf/tv+IX/w2/6m/zvz57c+/hv/lXf+11/yb//75z/p//q3/rf/kF/5B/8T/6lT05X/2v6v/6Dv9Hv8R/+tf/Sn/Y//X2/xZ/2Xx3+Pd/9Pf+Hf/en/ua/+1f8rS/m/+Of9nf86X/I7/W3/12/51/3h/+z/+W//Wve+a3/7f/oT708/PLX++pf/Y2fXn389/z1v+r/2v5n/7z/5MXf8kf+q9Xd5i8/+J3/hD/s4Dc6+y3+4X+qzn/yz1v/7f/Hb/bpy/Tb7d/+h/zt/87v+us/K//Qv+FfvfpFv8s/+Fv+S//7f/xv/R7Lv7X491f/3l/0a/+y/2j8T/2yJ+W/9p/+da/nf8hfeu/q7976h/7kP/gf+w2efXL893z/9/61/s3Zr/jH/tU/5V/5wd/8V2Sf/ql/5s/8qf/3P3X3z1v81i9/6sd3/5Q/4q/8Y/6WP+1fX/2Jf+k/9y/913/TH/Mv/yl/3r8w/pO+/Tv+A7/7P/L7fPTTj/7MX/+rrX/hT5z/hi/+y52/dfkrfsvF9//Xh3/Ei7/+r/jpP3BZ/42/9i/+Q3+3P/0/+snfdzH9i36rP+YvzP+Gf/O//u2qX/RP/vbbf8fFL/u/nn7yG/zKP+5/uf5H/6bPFv/d/J/5zj/wk//57I+qfvo3/33/lb/tb/2d/pZ/7o/54367f2L2t3x0+e/8C3/5v/9n/p5//r/9q//mzw7/vV/8+nf5Sz77zf+4k9/yT/pTfvO//uE/++OP5r/f7/OaDNzv8+y//ov/g9/kXxv/LX/SH7r8wR/22/wj/86f+6/9g1ft//EX/Nu/xx/yez08+93/ov/jT77+9O/7wV/633z3n/g7/6P/5Y/+V/7pe3/y/3D1t/8xf80v/EP+kX/iL/qn/vDf91/4I5pf8Js8+lv/2z/0P/u/Pjst//jnf8Ov84v+5X/36n/5H/+iv+5POfulh3/jH/Qb1B+vjpv26gc//p/+Jf/N7/GX/T7/9fHv/K//gr/83//n/5uTf+tXv/3bfutf6/Wv//v8dr/vn/c//F8//a0/4Pwve7P97x2d/Rl/4u4v/g//59/6D7r6tf7AX/bHPv+Xfs1vrf6n3+wfOPvv/tV/+7f/+/64//63fbr+2//TP/Yv+A3/+N/tF/1xv+mvfPNXZH/4Lz5I/qr/6v/6W75z9F//xn/sX/f3/57/6N4//2M/9t/8Th8l38v+zL/rH/vB8Z/zg7/hsPzjfs8/6//4Q/+K/+bT//bxn/H8//6z/oY/+3f+W//FV//Kb/svVH/H37X3V/0zV/97fe9//0//89/li4v/9Vf9a//eu7/k5F/7M//+j/+J/+bf/Lf/7D93/ps+/bFf9nf/Qb/0/l//t/1p//PFv/LX/Gb//ttf8Pv9C7/Df/Hr/NZf/tk/9p0/4rPrn/w//rc/+tG//8//3n/d7/Hrfj757X7tX3z37/5T/+I/8t/4v/+XP/f3+dc++nfOfuHf/gv/9fYXXv6S/+u//5VffJX877/VP/1blh//Fv/N3/Db/TO/07/09Lt/6X//B33/9/xlv/O//+Bb/+qTv+oX/pJ/+1f83d95/hf/+7/mn/OLP/vqH/gfP/7Lfulf96sO/+t/4vk/3/zxf/W/+kt+7X/hjzv75A/6Xf+Of+ff//TyT/qn/ro/s/r27/K7/CYP/sBH/8rfvv3wV/xr//1f+/v/C7/WH/qDv+Led//vyd//HzYv/svTi7/9Tz3/W37d3+zPfPO3zP7af+x/+qnf44/4Y+a/92/zu/2Ff9dveOd/+7v/ue/8On9Zefyt/+p3vvNbvfryzm/1H/yf/9hf8hu++32WW3/7n/in/m6//M/8V/7M8f8y+7P+1n/3z53/XV/+M7v/59/52cP/6O/4BX/Hvb/623/M9//t1fEf/Uv/ql/13//5/9efePV//wW/3m/1F/yVv92f8ZN/2F/37777idOj3+DP+Nf/6+bj3XX9p/ziX/5X/se//j/2Hx18/+1v8O9+tfUH/rH/83/73/13v+bv/hf879/7H//k3/Yf+1v+jX/gf/4N/vo/7nd7/c//qlfFJ9/++/6O+slP/ToX/+H2+p+4+6/9xOs/9s949c/+s5/8Ub/Ln//PPvkHftkv+91/o7/xL/k/fqr6pb/B3o//Df/5r/Ff/ctv/q8/6p/4+7dfHPxF/8dvuv7n/rzF8m5zb+f3/s9G//Kjf/xf/5s+/wt+nf/1L/2//pLf8vf7md/9P/mz/7yf+Of/l3/sq9/kf/v4H3n8L/4Of9/kJx78+3//L3742a/+O5fnv/c/cvHv/Av/zm/0x/2B/9Ff9cd9vvUL/+o/YvFn/92/ze+8/d3f6Z/42/7G8p/9nT568U/8L788/eMO/qI/9K//rf6hX/pb/hF/7f/8z/3Wv/buuPmF/8Hv+j/+Bv/Nn//4L/zH/8l7/+0//t9M/6D/9v/87/+PP+r3+VN+ndl/+sf82LtHv+4fdP4//maHv9k/nI7+lV/78X/xx/8Zv+Of97/+5X/c9l/x0c7xX37/f/9t7v5eu4/+q+1fs9r9p//0/2rvv1v+vb/93/IHvLz4+/68n/pDfuw3+Nd+/E/+q9/8Np+vs5/87l/9p/0t7f/yj/7+/8W//C/9Dv/oo1/0+Cfe/OHf/xd+v+ZP+mf+id/k7JOP/7Tf7GdGv+Rv+N0f/OBv/L++/+infu//68/+6/+sP+0//Jt/2R80/Y//29/04yf/5a//yY/9KW//+F/r/uHhX/Hx8eqfuDz913+Lf/BP+j9+41+r2vk3vvUn/S+/2W+89Xf/iX/Gq0f//vwX/Zu/QfJ//gP/4g/+p3/s43zR/G5/2B/3P/9u/9Z//gfe/zX/g//if/lNf9W/8Gt95y/9ff723/xP/6PbX/L8D/kjvvs/r75c/M6/79/2t7z8y37/3+PvfPvH/S6/Rf17/zq/z9/4F/37f8iP/ZN/13/2v+39jc+n/9f/9d/9H7/Bb/HHzf74/+Ufm/34/K/9m3/FH/s//TG/zeTBTy//6+9sfT//nf/Sv/eXVX/nJ3/uv3D/7/un/67f/e/6hemDh7/sz/tFL3/73/fdf/abnb37h/+NxS9/+Mv/2P3f5T/9h3+DL55Vf/PWr/37/6Nf/cRvvf0fbH337Bf9Vr/yz/kf/7D7/+Gz2e/wV/ztd/7Hf2/rj/ttf5M/8mde/aW/6g/+DS6e/LP/46/4rR7+wv/u9/93m//8X/lL/9zf8dfL87/ufvpb/kZ/wK939kfPX/83xb/4/T/2+i/4+/72//tnfsmD+T/7F9Jy4u/3a/3hP/F7/eN/3V/y2z/61t/6e/0Zr5t/9A///o//W3/0r/83f+s7nx7fu/svbj35O/+4P+Kjxf/5r/6hP/F3/B6/wX/1x/9pv+jeR82v+EV7R//MX3H22/1R73773/e/+r8//59O/77/Jv8L/qy/+7N/cPHsoz/m+Lf44tf/9X/m1/5Ly1/8Lyd/yO/1f/yTz/7p3+qf+F2vk9/uL/vPfr3Hv+3sd/5n/rd/87/5j//j3/6v/31+9U9Wv/2f9dn3/9i/4M9Y/bv/0L/wD3zr9e6vX/8xZ3/437z3l/+Fv+Z09BPjX/tP+d1+/9/1D3jwx/4Bv9YvHP0af+pf/5+N/rTf9T//weFv8q+cb/+Ov/PfdvVL//y3/8zf+k/9N3/ZH/2X/l7/2L/y4l/6A77/u/33/+Hv8/n3fpu//O/4g//yP/N//Yv+2Fd/+i/4Hf+B/+HF2cHf+Nv8Sy//0Od3/qvf8I//l7K///fe+Uv+mH/zb/k//4gf/9P/5+QP+s+++0v/6//9i2X9517/hf/N+nf/zX6z+/f/9WLyDxT/5B/+9n/c/Zu+/5/kf9+fdPHb/q5//fQv/Yve/prn//yPHf+Hhwef/H6/8o/4PVb/1v4//Rf+Z//A//3X/Zn/8xd/7V/w2/3D/9t/8U/+of/hr/fpL/69/p2/+r/4g371X/1v/sJ/7l/6n/6F//Zv/CP/so/e/S3/03/67Nm/9ee++GPf/dr/9B/wd/zPf+5f+pv+4Z9/9Cv/pv/98/kv/CWv//v1r/0P1zt/7KO7v8/+7K/+T36///qTu//AH/uD3+pf+h9W9771N377d/gd/tT/9g/9j/6dv/BO9gf+yj/rJ6/+nn/vV/zd/8vq7F/a+qsPH//33/+J3+9bf/RHf+4/9pf/W9/+x//ZX/CH/9Sf9F//K3//H/JX/aLP/7Tx935p8t+e/6W/ZP30P/4T/516f3b61//Xv8v//Qv/gf/mb/t17vyF/8T23/gL/ra9f3P7b/lD5um//s/9zf/+f/Ff/Om/++n/9uv/yX/o9373X/yv/+6/6h//yy//4e/9lv/Z7/Yr/40/5i/+3bN/9bf/W7b/uP/i97r4mb/sj/kTR7/ezm989ov/o61Xf8Jf9O/+uX/3m7/gT/kf/vm/OvkDf+ef/PH/+j/+bf+B6/9j9oeUf/5873f/VQ9+89/jt//8Nxj/Mcf/8NvF93/B3/mv/5LjL/7bP/5X/PnHRz/zh//M3/L7rU5/57/g9Jf8Jb/Dr/Wf7P2SP+Cvvv6jv/9s9k//rr/Ht/7ad035S0fvnv6Bv+/s9/wH/tnf/t/883/9yepv3f5X/t2/7Zf87b/2n/7FT/9rn/9W/9b/+X/9UX/GP/SHj3/Lf635V/6D3V/r3//tf/yP+t4f+B/+bf/Cf/2dP+z4v6j/qT/6V//6f9y//Tt8/Cv/ir/2H/hTHv5Tb3/q//ov//5/68lf0uZ/19/2G+7+c7/vv/CHHP8z//Lf99f9d//cj/8X+fP7f/p/9j9t72x97/5v9qt+4b/316w//+3/kn/4L/tX/8j/6z8Zf/y9X/F3vPzj/v5f+N//c3/RX/3n/Kf/8/xn/of/8uo3/HN/s9/6//hvvv2L/7PyB/9H/Vv8sb9X9g/+9N4fVf3OxdtnyV+5/Vve/+UP/t2Xv/oP/+P+lT/r3/09v/VbzE//zv/9f/8zvvxH/py/vviTP/pv3/wl//tv+w//+N/zNzR/7Ov/7S///f+1v+Yv/7O+9Zsvfqff7M3j3+GfbP6xv/MX/fV/8d/9v/wXv+V//93f59f47f7517/5L/4H7/xb//VfdvhX/XF/7F/2+Ff/hZ//Vb/4f25/y//yP/glf8h/9Ic9+vI3/Kfnf+Ff+mv+9f/emz/6N/ylf9Ove/bf/3T6z/86Xz39X9f3/rrf5m/89Bedvc4O/5N3/8nv95v9rf/g3/F3jv6aP+i/+Yn/7fgf/2fG8y/+pC//vj/uoz/hP//xo//un/8L/+/f4m/9h3/t/E/6C/7IP+7l7/sv/+u/3i/7l//5f/0/vvg7/+N/7eqjf/jH737r7C/4zurxv/MbXPyf/1X7t/w6k+sfLP7rv/bX+ZvX5epv+212f/e3/9NP/rW/4z//ya+x/T/+q//ZJ+nf+mf9c3/807/2d/rv/rJ//eTP+sv/kt/75b/wh/8R/81f+wv/8X/jdy//pu/8eb/3q7/oP0h+w/w//cd/471f3ryo3/zbf/C3/pMv/rTf6eg//vN+xb+T/he/xR/44rf5/Cf/2v/ofzr9p//bX/kr/4b/8Z/9V//Ol3/+vzv9df/cX+cnftWfdfG7vNgqrr/4H77a/z1elE//29/p9/sFP1ikv/Uf83f+3r/TP/IbVOP/7v9O/8xf9F/8T7/g9/7D/q3qz/8fZ7/eH/+H/D3nd9vzv+DXfPCX/fdbf8SP/++/+i//1b/N3/R7/41/bvJ3/yef/8u/58f/4r/wR/6mf/Zv8L/+6f/nf/jd//yn/oZ//vu/wX9f/Id/1T/6R/6dzX/z5bc++q+//+Z3+dvf/Il/zJ/2Y3/b/j/4Z/5Pv+cX/+xf+J//r3/d7/drPv5j/tD/a9r8sy/+0N/o//j3/qr/8eron/hb/+m/+49+8Z0/9sd+j4/+sL/pT/szt7/72z36A//1+ef/1L/8J/+3D778pf/F9tP/5M7/8Wv99e9+3X/tf/5t/6fnv/7f9/2//4/4C6s/8N/46fOT+V/5x//xL774c//PX/abvfzj/8H/9T/7877913/nr56d/NZ/xD/7p975fX+DV//uvb/95W/+m/8N/+ff/lO/wX+3/MP+8fPyn3jyW/xJv/e/+c+2H//Jv+fDk4d/4P/62Z/79/zJd//tX/z4z/7b/tFnv/ov+S3/pfkXf/C3fv9f8Be1v+B3+Pf+sz/5L/5Dv/vH/aff+Sf+sH/7Fzz41id/7Z/92Z+//sH/+E/+F7/NX/KHVVt/8x/wn/+m//F/fP2fl7/ef/2f/lF/xYt3v+pvOv2L/4pHv/Z3P/2N/77/4/XzP/+/+xP+kz8r+x1+6W/5+eL1P/3s7/3qfzr7ff7XP/Ff+j0ur/7gb3/vz/tTn/zXf8YX//xv/gv+5j/hr/1z03/0//r3Vp/9TW/+xX/qT/2j/td/6C//h//on/hN/8F/Zv3X/XP/ePbVP//P/C1/5/Rv/lP+8Yf/8j/zZ/2b//bB/PyP/AtX737FP/K3/YK/4M/5r7/83ue/4h/57f/CX/lLtv+hncOXyW/6r/21f9q3/rq/8Qcnxff+wt/m7/tb/tW/6b/52/7lf+O3+Lf/qP/kD/7rfs+9//rX/Zf/jz/+T83+mL/04W//9/3v/9b/fPXwL3/yt/07f/Uv2Pv7f7c/4Sf/gO1/5df/zf6iv+Sf+79efuenfs0ff7P+lf/Dv1L/dr/zv/ntf/Qv+P3/hf/1V/+B/9rf9ytf/5Yvfvn4dzr9de589O1f9e0/dv+/Tn+Dv+ov/sM++t1/z9/g7/9t/+s/7F/6Y/+VP3Qr/f7f8wf9Zj/4r/7k/+CP/s6v/yf/B8d/2dVf9mf+YX/Yf3v4P/6f/8L/+ev/D3d/5Z/55//7f/4v++/+u3/uL/jsXzy6uPo3/vXf/T/49//tf2f3v/iJf/7y1/yf/61f7x/4W7/3C//2f+qfWH33D/lHfvff7A/5BX/Z7/Hp3/Db/Jn/3R/4T//fr/+b//r/Wv/kP1ktvp2uP3n8m//+v/d3/sC/+x//X/7be7/t3/R3PL3//T/t//z1/qR/9b/77/+L//uf+sd3t588efL2b/ln/qZ/6uy/f/Nv/OP/69/1K/N//9/8y//C3/STv/Mv/M6v/6/8Mf/Sv3f4nd/0d/uVf9Hv/C//Qad/xs/8nb/4b7g//00e/OtP/62/7rf9b7f+1Z+693//yn//4F/+zn+4+Iem7/6D/+2v/8f/t9G//Nm//bf++Oe/+3//7qf+0r/jV/zjn/0P/8hveHb/T/kV/9Wv8R/+i//F3/r4f/5bf/2/5Pf988vFX/A7/HXP/9e/+tf7I/7sf/Z/+eKX/7Uf/5v/+XT2223f+8d+xT/26S//e/+83/PRH3v2e/36/9Uf8kd+57/7Q/+d7/x9f+v/9H989w/+yx78QZ//Mb/kj/qn/t633/3P/p5f+ZO/37/+Z/2uf1TyO777X771P+wf/ZF/zuO/5vO//uFPTh79mf/B//jpx4//3d/mL/4T/tH/4i//9j+997v/07/LH3v4l/03f8nlf/N3/oI/sP5f8//yP/in/o7f/R/4F36Hb/8Zf96f89t+/qee/+6/++M/5uFvduev3/pz/7S/+fiP/pk/4f/+D/7Pz8v/+q9ffnb4f/6x/9Pv9+yv/OpP/3uufsO/+B/4Pb/3Z/27R19+//f6d/7GX/tf+A3/7j/y0U//ff/LH9lkv8vy7/z7Dj/7Nf7Y/+xv/fHv/SM/+U/8Yb/4B3/dv3309/5ud37yZ/6qP/qLX/f3KV7+13/jP/Pr/tr/0J9Sn/8N/9pfvv7jf+d/8pf99v/Nr/2n//2LP77+a3/ZL/uffsXqz/7T/u/Z3/qnvvw7/tJf79E/+Pv9Zz/zZ/wWyfKTO3/0b/l7/tV/9N/+T/46D/78v/EH7ejv+vQf++N3f8+3/8C//p3/8/PLp7/qT1vs/+O/6lf92v/4b/7v/jqnf9Nf+d/9U//Hdf7v/P7/4fXnv9///ev+2r/20f/5e/1e/+vqP/j1fucXF6cf/7r/5fPf9NOnf/jf9cUv/Wv/y1/+t7X/51/7t/4nf8Tf8tnhPzL6D9/+33f/+r/9p/+u03/rxf3/sfpnD/+27/zyv+Dv/t//zpPqH/43/ujl7/+n/vN/6q//h/8pf9n/OfnN/57f73dt3j78C//Cv+BfePJX/vG/96/4JX/fb/wX/cI/Yvdf+0fSP/sv+79/8tn/8O6XzpeLP+9P+LFv/0P/53/wv/4Zf3Lyp//3v8PWf7319/3hf80f+zc+/ZN+k/++/r3++F/+58/Gn/xTj3/17/Yf/Ze/45//z53/48uf+r/+p+Ozpz/+N11//A/+H9/+Py//ifqP2fvlf8J/+5f+F2/+4H/lD9/5b/6wH0v/tJef/qq/6ZOzP+73+ez3+0t+gz/tr/wd/uLf4vPf4k+v//M/8fnH/9mbv+qf/Ju2fuZXzP+Kf+vO2//1X/nkz/jBH/1X/cW/wx/1n279U//mf3r5rd9361/7L379P+dv/+r3/Dd+yz/nF/7df+p/+Okf/j//zF+X/pvfefMzf81P/tV/yZ/zF/wJ/8q//3/+D//Xv/4b/TN//p/2H/zC9F/6rf/hPz/9k7b/ut/6V8yy//jP/t7/8fv9jz/44/+9v/a3+/1+/J/9n3/nR3/xX/Xdn/nPf62/8/f/RX9i9Uf+yf/31t/zW/1Df8Mv+K9+5je+/3/+D//Di3/hz/tPrke/7V/yB37/s//5r/vt/4lmMv5lrz/5v3/dl3/yP/hX/vi/+/RfLX/P/+KffvydX/4zf/r/cvI//vRP/P7//p/1j/+WFy//oH/0z3z05d/d/it/3x/2N/8Rf/Sv/Wf+ma/+y9/w1e+S/3M/9Xv91ZNf9Xv8qld//X9w9pst/rl/8l+8+OvyF7/xH/cvv3q4/9m/8Kuf/RO/5p/+1X97eqf6M/6ov3/27/+j/+Df+L/+D//tb/3nFZd/wj9376/+Hf6ITw/+9H//r/4H//K/Zzr6m54d/uTf8gv/gk/+1Jf/y3+w+1/8bf/tH3r88vp89eJ//UP/wWn9xR+49ff83eMfv/etf/r3evEv/aN/97/1K/6Iv3D3f7p/58H3v/WXPPgH/+S/+8Hf/ic8+yd+jX/9nyQV9e/+k5Ov6r/kzU/+HT/1z/3lv+7f9k/+Fn/jy78w/T/+p7/9+a//m3/7n/s9f8k//bf853/sX//Lfpff7X/4rb7zz/5lZ7/9n7j+mx/+If/z7/9T//4v+Yd/k+Uf+0f/ir/vd//d/+G//Sd+1ek/+ifk/8b//H+t/svf+V+9+k3+8b/7f/5vjv7Cv/hnfpf/46Mnv+R/X9/9Hf6D3/Z/fv5b/AP/1n/+5/6Xv+az3+hfWf8FP/N3/Tv/1L/8H/45V3/e3/0H/XV/zr/1B37xr9/5Q/+ku7/jX/HbHP9zf/ynv/jffjz5HVYfL//b9W/5h/42v97Vf77/7unv+Rf/g7/iF/x55R/62YvPf5c/80//u37Hf+6P/A9/jT/oN/jnf4e/4D/5E//B7/yNv+X8F/+Vv+X/8E/+cV/8jsvHxZ/y2/4HX5y+/g3+w9/983/1v5gdff6b/n1/3Wf/0ds/66e27n/1T3/6H/83/+ps9Pqrv+Lv+5V/wO9276/4G7/9B//9j/+Jv/Uv/NX/8Z/33/7F//Xv/L9dPPo1/6h7q5Nf+nv9w3/nj/02T3/FfzT+33d+cO+3WP2Nf8p/+K3vH02mq7/0T/6P/4Hf9y/9I//hf/LH/8bf6D/4y/62P/HP+bV+3X9771//fff+r6v/4H/+E5rHv/CL//7v/dN3/uf/6W/853/7q9e/8C///NefP37xn/wzP/4nPqhXf9fvO5v8Nz/z3/wn17/OX3fwY7/Xv/qP/4Pfq//aq+bf+2far/67n/jq//4//sDf+re+/9V/99f/i391fv/jv+ZX/93Tv2316/yVf+Jfefb7/BM/+Zv96f/7//kX/6//+2Xze73+M/+J9uTi7/7O//7r/2u/9PB3+yP/3P9xNv/X/s/f+Z/49//dB7PDf+Jv+B1/07/h9/7xv+sv+p/+kX/sL/13F//Ln578YZfTZz/+O/4uJ7/Dp//S//6v/hfP/7y/+tG/87v+2D/xb//9J3/v7375a/9F//if9l/9lb/3b/bfFZc/+Tf82j9e/rZ/7n+5+l8+/+lf9Sv+wz/hP/iX/8Lf+tf9Q//3X+8/nfwXf/jv+Lv9rv9smv/Dv91f2/4xf8pf//f8Rf/WH379+q959wv/m7/6z/6df9s/+Q9vr37dy1/xi3+n3+OX//G//L//7f70f/z+x//t79b+Ef/Un/93Hf1hb578sf/m3/L7/+7/13/+5zX/7h/5q//Zf//X+Lv+0//j917/sX9x+j9Wv9lf8pP/12/8D/3qv/uP+q3/1OzfefJ3f/Kv/47/6q/On/w3f+qv/q+a3++/+mP/0v/4V//L//pvf3Ln1/4v/4C/9eL81/vT/6nf8E/7748uZn/+//iP/uLf8Hf56+Z/YLn/P37nn/nf/7w/4Q/8M3/zP+fg//qb/7zz3+nX/TV/5X93+Cf97n/eX/ov/feLv/H3Wh//kQ+TP++LT//EP+C//u6v+cf9Hb/6X/oX/sXP/tBfcf/3ff7od/gj/sTq1/hD/vC/P/nOo6f/+Z/+W3zyf737X/6tf+R//yf/+fu/zz/9f/73//3Zv/ab/4N3Xv+2B81f9N/s/G9vv/pN/4bVP/zP//u/4k9+/uDd23/335w9/Xf+tT/09/7Bxa/9J/zk9M4f9W/e++Xv/uff/+mv8Sv/71/9K1/+vX/SnzL+wd/zi998/kf/On/ov/ifPPiD/pt/4s94/lv8s3/ND/6F8uiv/HV/g+/f+xP+rH/iv/mLv/PsZ/64P/IP/Orf/f1+xz/r2ef/9r/6J/yPf9xv9x/+6//zf/erZuXf/PF3Z3/Y//In/5v/xx/wh41/5p//u8v1v/0nP/qf/6v/+o/6D/6uf+IP+oW/9R/yy/6qgy9/8rM7f9hf8uVf9Zv+Pv/I/V/5u7UPzn7V//br/QF/2L/87f/9x//if/Vv/4fqv/zjP3P7W//Er/FnvvzjftPZH/Nb/4G/4k/95X/b9d+388l/8F/9Uf/U/bd/0z80/df/0tM/4y/61j/+j/3N//vv+e//t7/u3/KH/Rf/2x/3h/+Sp69+4vf963/vv+g3+4//+G//+P1f9Gs+ePOr/tT/6Nf6+3+nP+k/+83Lv/dv+uf/6v/z9R/97/3K//2fmv6Fb8f/4N/+X/2b3/8//7T/8S9Y/h9/3J/xi/7A3+iP+PP/rV/zb9z6L3+//+uv/If/nHd/4ejVX/oP/WE//t/n//Wv9b/+U0/+pH/w/Pf+p3/P3/4XPr3zyV/+m/21v+vvePp7/Nhf9Jef/R+//Pf8q3/33+MXfv5r/uLf5Ff/YO8P/H0++5/+/j/t9Z/49/8Ff9Uf9Tv8C3/rr/r+f/i//u0X/+6/9Tck//OP/2u//+Hv85v+pn/KP/fpr/7zfvDr/Ja/xX/8O/0f9/7zv+8v/4VPf+ZP/13+it/3F/yff83f85f/D7/P9/6zX/0//kP/+h/62/6Ov8Ov9/yv+CdeN8nWX/zy4X/4r//3P/bP/UO//L/4yX/zt/3Nf8d/+zf5Pf7L//Zf+RfulNN/+Q/7E//Cf+m3+r/+0j/4d/4//qv91Z/0v/zYn/VP/zO/zi988ysf/uKf+g3/gL/lH/0//4S/6089+593f8tf+Bv8nf/yn/7pv/tjL37bv2f+T/3gV33r1T+Y/dfHv88vX/5Tf8qnv8sXf81fePJ3/J6/+B/7Ndq/9Z/8d/+3v+jX+/e/853/8Wf+9D/77zr+1uuj3+c/+0//jj/jP/qP/9S/+//4yX/k//rH/rm/df4v/P6/x/Nfd/xn/MV3Rp/8/vd++bf/xF/7v59lv9k/Pvv+//IH/b7/w5d/5O/12V/6y3+/f/7v+8v++N/4H1//g0+uf6u/8/u/ycFv/I/90r/vT/rlh3/vf/x//Kp/65d+9a/++4/+3D/h3/y//s5/4Hf9ib97dv8X/NM//if8q3/Bv/P3/B3Tf+3//Knf8k979vKLf2Dvf/5bf9sv/o+nT/7t//YPqP6Y5MEX/8sP/qJf61//8b/zz/lnln/2D37/v+ZX/UV/20/9Bn/Dv/On/n6f3vvOi90X/+J/82f/Pb/pX/Kf/gWLP/f3+b3/il/y6vyn/odf53f5g37V//QPvv703/iLfv/l+H/+S79Xn/zP//H9v+ev/f2+aN78h3/sd/7lv+Iv/KuP/68m+XNfPPrH57/RH/a77n7vP13+lpd/2S/+l37FL/9H/rqLP+MXv9j57tOdP+d//rMe/Gt/z9tH/+LRx//o//KbXv0GH/+O1e/0D/4moz//3/71/4O/6uCv+tf+96/2fvDd5M2P76R/0t/7x/46f+Xpf/mvPf29f9vP/pjs1/w17/7+/8GvUf7bv8Vf+1989lv/CQd/0d/3q/+On3y79+DX+JN/g//68Mf+lNP1z/wfv/sf/0/+ff/qLz78s//vF//in3L+6j/61/+AH/yN/8CP/YW/1z/yp/9hf9AvHv9h/+Tq6PFv9df9/f/8r/GD//L3+0f+8P/lj/x9/6y93/sf+Z1n/+J/8Ic+/Mlf8Tdcf/LL/+ff4y/70/+cX3n56P4/9uv/AW9/8G/+Kf/u3/Tf1n/fL/gr/vLf/d++/FP/x//tt/9df+Pnv+zv/ic/+41/y51/71/673+9P+Zf+B/+jz/tXyub3+jh33j46k//df+on/6Jf/if+q1//X/zr/q/3n5/8o/+b6Pf99f59Hf+rf64v3nrH/sN/oqf/i9/6fUf80/8vb/Zv/MX/87/6j/xi/+3//rR03//P/h1V3/6T/3YH3fwT/4T3/tLvvOf//n/7N2/+h+u/+bf69f+q/6yP+xX/arjn/j2X/e//VX/7C/46t/4c/+Wp3/vX/qP/WO/62/8C369V7/2L5scvfjb9/7VP+N/+61/8//8f/s3/t4/+g/7ld/9Hf7rX3nxm/+NX/xNn/3h/+pPFi93/vq/4F/4X7/9j/6Jf8Ff/ssf/C2/7H96+k//0t/mt/4P/+j/6p/6A/7P3e/8if/M3/vyH/zX/75f/tWf/Je2/9M/9X/80f/9f/Zr3vutf6tv/ed/0m919pf8sod/5L/X/Jsf/ZUXJ6/+zv/htx39Nxf/zI/9U3/f08f/+e/yV/67f+B/fVb/+X/juz/qf/7rf/V//ff+wR/9+u/+jL/gd/pTyz/h7/nv7/6Hv8bzv+x//Qd/w3/yZ36r3/8v/S3/3F/2y/60g1/v8X/3T/8bf/if/7L9X//Jr/65f+e//jv+2d/h3zv93/7+/+D3/Af/r4e7f83v9vFf+Zv84B9dvvqv//lHp+9+k3fpX/Yz/8flp7/hV9/67L/8fX+bP+X3/qf/w3/7X//nP/5lf/K/9OJbV3/1v7r9W/5W//rv+g/+ef/Zv/qP/U7/w1/27d/sL/34x/+o7zff/1t/+4P/7s2f8Rf9q3/VP/eX/on/2rvnv9NX7Sf//W/2rd/6//73f/IHf8zf/+f9msv/+z//M/6b6X/zG6y+nf2y3+/08jf4l7f/kX/rH/61H/42f8tv/pf8bn/0H/Zb/OQf9Pv+Zcv/9L+5/5/9Jau/7w/7H/+Xf//yT3v3u//gt/tLt//9P/C7T/+ZT3+XX+fBb/07fuf//Esmf8If99++/Scnf83ZL1n/Ov/hX/8nvrv3+Z/8u82L9b/7M3f+4z+v/WzxF17/R//h8//u4K/6w/6aX/hn/cTdJ/mv9Z/8tf/dH/xbZv/ayf/5p/2jP/7tv/YP+nt/xW/3t/4lv/rX/DV/3d2/8a/5Hf/Nv+Cjf+xP/OP/ji//xj/+t/wPnv9Dh//2X/dbzf7Mj/7lX+/bi7/hD/vOf/f8D/hX68f/7i/7R4v2b/sF//Nv9fDf/7f+qT/rD/70T9/67N/9Bb+6/vv+tD/pV/8fv94f8Av+rb3v//aTf/ifvPv0t/4dRnf+mF+Z/L2/5n/38d/21/7Rf+iv9Qt+h7/re89+i7/l1/g/f/Gvnf4aZ3/8v/tb/+7/4m+9/bt9Z/8f+xP/7n9+/b/t/U//16/53/2LT77/+W//bv67/St//ORv+zsf/1oPD/6MP/Vf/P7/9Et+ydvf9//88V/r+OP/+vf8RV/+fd/9X/7+3/v//I3/oV/7Dy/+pr/j7/6L/vtfdvLn/2//+x/5Jxz8/f/T3/9n/3kvf8Uv/vNP/+0/rfpH/tP/8//6lX/1v/XfvBj99F/6H118+evf2zr57//X3/Dz//sX/q6/519f/off/buP/tu7Ow9+cfPLXvx9P7n9C77z6W94cuef+MfSP/b3+OQX/UF/8R/w6Pf4bz7/5H/53f69X/Ppb/jTxX/5f/8Xf/Bf9mv8XX/ZoijufOfB7Ivf7vJ7v+j3/Nt/t9Gnk7/mn/53/o3f693dL37rl7/0V15+9guevv1ffu1/80/+n//8P/Q3+hWrP/f3/i9+9Z/3D/6if+fzq7/tv/z4H/zu67918er3/uP/s//zN/k3/6B/5c7h8uKX/89/5e/wt/5hf+TDu3/TX//XHI3/wt9x77/8XT//S/65f+fv+I1+t3/vu//q/Fdf/+k//q2/8veb/5t/7WL8t/wZd/+l//tv+D9+xR/zP/yLl3/9L/7sX/nXfvkf/Yf+nn/K3/v5f/+P/X5/xsPP//Zf9Hf8KWfJX/4P/Fn/9K/46vH0X/oX/6Pf/J/9I//C3/3f/e3++eI3+l+/+nt+8m/+a3/il77+D/+ZP/BP/DP+/K2//z//nf6P/+S/+eWji3/j333wb/3lP/iLX/6NyS/7l/64f/iv+nP/hv/hxcl/8rf/qr//9zv9Z//p//Gf+s3+r2d/9X/wt3zrv/z8/p/539z73X+bP/RP/KN/p9/tV/4dyW9+/jt85xe++f3+qb/mn3r76/4O1b/y5/+fH/+rv/R3+BuvXv2P/8R/9af8Gskv/W9O//rRq3/gb6v/9L/g91+d/S3/292/40/4W/+W/+mfn/3T/+q//R/8o3/e3/T3/1l/6D/zx/15v+qv/bd+11/wiz/9Vb/Tn/2rf/3v3/+Llr/mn/Un/Yn/15/+7xSLf/PP+I/+xF/zF+T/0P/2F/2jf+pf8F//4t94Wf0Vv/Hv+Kf84r/jt/4z/tz/7V/73/+w3/a/+WP/tX/pxT/7P/6Tv/Vf/Pf+Jv/8L/vt/uXf9y/8k37Hf+jH/5cv/85/+uFf9s//Rb/gX/hT/ru7//b/9h/8r3/V3/mnfOuTv+xX/Bn/9D9z9C9/8dc9/Pd/w3/xt/lr/7I/f/8P+W1mv+RnZj/xi/7B2cOf+O1/8a9f/cT//Pf95f/JP/T3/WP/+9//d/xFP/hb/utf/Z9+tPfH/SX/7T9zvfpTX/1Fr9/9ddPf8tf4R3aefetP/u3u/j5/z3//8LO/N51M/6zxX/f0V7x6ffrgn/3n/4Pf6w/9D36T/335E//dn/zmT/gv/8rf8ff8Y/+iv+vyd//bf6310Vb5f3/+E7/4f1x//NHf9Sf/b//xn/17/32/7L/8y/6Zf+mjP/5v+n3/oF9jnf4j3/kbvv2P/U3T/+HJf/zf/d3/2p/8+/+jv8s/+Dfv/W0Xf9Ov9R/+1G/x+/5+f89v+kv+2b3f5N/+a+/v/pn/+qt/aPff+R1+zX/n9e5/8u3f4e/4v/6b+7/rL//DLrLf76/87X7TH/z2/+ef9m/8Jr/o9/sb/+K/+O/+df7jv+jyb/o1/6j73/ld/sK/8cGftPznXv+rv/3Vv//P/+nlX/Vf/x3bv+G/+TeM/rq/YP8v+QP/uH/1k/t/zv+4+rN/8f/1+/5ezfG/+Xf9z3/y//xn/AZ//V/xtz/5qb/vn/6P/tTf9w/6P/7QP//H/pb/7tf49e7+i//Cv/PH/iZ//N//O/yJd37xH/bmd/xjf/v/6jf4Rxb/6p+S/tk7/9Of/1P/yu/7r/4d/8by93r4u/3nv+L3/YN/g3/jD5r9G6s/4z/9O9/8Rr/+l//wn/+Hnvx9f+pf81/+bf/7iz/537n7r61+zd/xf/gn/7Zf9j/+2n/EP//u1//uw6M/8lf/V4/+wT/of/p7/5c/8T/95/7H3/Fv/rN/x/V3/68/7fz3+evnf/n/9O8e/cN/5Xf/5/9y/Yt2f8fD3/DR/7U1+VP/tr/yt/un/uN3yR/8G/5Nf/Vnv81f+U995w/5LX4y+2L0d/wN/8XJP/JX/gt/6d/653zr7F9J/tK/7l/48//i/+I3/gUv/7Df7395uvi//7a/8vf5m1a/8l/7d/7Pv/H43/kH/7f/4Yv/4t/8B/+kP/m3/Opf+cHV6m/7vf7mv+43+3v/yay9+8f/My//p+yv/QN2/8G/4G9e/M+/+n/8XX71X/FP/3FXf8Gf9tv94h/8CX/7P/vf/oJ/+q/6vX7pv/P3/Ov/bPPR/zX6e/+tv+h/OvsX/sA/4Kf/+v/jx/6Vxff/x7/7/H/4z/6DX+vv/Dfv/Xn/8z/xP/zdf8y/9zf8M7/o7i//i37lwR/yP/71/9v1n1f+tef/w/f/7z/t7/jWb/D3/Zo7v88/8Ov+zN/6t/4Ff+5veu8P/2v/8v/x4V//p/19ry9/hz/3k//q7/3j/oV/99/6M/+mX/Yf/Ld/0Yv//B8Z/6pf/Dv/0tVf9Pfv/1P/57/6D/+iP/sXfP77/en/+x/57/yJs/rH//t/c/z3/Zp/8W++8xcuHv1mf82fv/0/Xn/8F/y3f9a/+3//a//p7/3n/av//D+++jtXr5LRt//19nf65//AR3/S9/7yf+wPWH38N/xVb3+D//23+I8e/y3/7bNP/+Xv/6O/1T/1+z/8a3+/i7/yn//O29/73/lzj57/Kf/kn/Rjf9m/9PK3+Lv+uH+++r/+g19c13/Hb/iHL37q9C/595a/xpd/6P+9+x9Of/Uf8o9ff/bPfe+/+vP/hl//y3/tk59I/sfd//VfvPO/7/0Dv8F/+9E/+PHdf/iP+sXV7/oP/+qrf/AnXvzVv/Wnf/V/9ufv/Mv/8vIf+qW/0bt/9KdfXf4eP/5/jv6df/Hf//t/x3/+6Ks/7Y959t/9fX/XP/tP/8o//4/9Vx7/71/+Jh//1P/6H/wWzX//r/+Cv+PPfPk3/9f/7pf/9x/y7737b/6and/vr/mbvvtPrv78//vsX/xNx7/6H/vn/5jf5Y9u//VfePpP/NF/zO/yV/wVZ3/fb/ufvvqb936vb/2yX/rlb7T+m//xP/w3/TM/+V3/w7/mz/vzf92f2Potf+Uv+Uf/2N/mj/09f+///i/56d/x4I/5T/7wv3b5+W/+D+/+mf/Bs3/7f7r3dy5+nT/qn/7r/or/+MW/8vZX/8N/6N4v+20/+0v/3Mmf9Hf9Bn/xZf57/fV/3p/zB/6xv+9P/m7ni9d/1u/zz/+O/0L9P/9j/9jTP+UvfPpL/uI/7t//jx78vb/8P/8HfrO/91/5U+e7//q/+X8c/nqT//G3/Ol/+Q/8d3/1xf/67/8O/9Gf+3v/p293/tXv/vYX//XL/+jv/63+73/+r3396/9mq9/yr/27/4vf/Xf+DX6Pv/Pxr/qv/9tnr663/vz//PHf8z/8a3/TL/hb/uRf8Df9J//n//J7/YnZ3vf+mT/xd/1Df52/783/eu9//pn17/73f6/9z3/zP+nzH39+8vD3+Pt/n3//L/zr/o31v/rlg/rfPf01v3pS/fH/xe/x242uf+c//+Gf8df/meO/9+/9E65+zz/tb/tjkr/xt/9H/qtf/I8kH/93+//8f/Xd/+3+L/mLftcfvN3+S37B//oH/0M//fv+Ri8v/oe/vPzF/+lv8/f8ldP1/9rO/v0/5d/+q//E/+Av/EfO/oeD/+CP+Yf/9dNf/Bv++fv/6x/6O63+zf/rL/7q1/7P/8Vfd/Rn/1V/7D/3m/67O7/w13/9Ozz7m/+o7/zts7/9W//jw3/w1/lnf+Zf/vSv/wf/+D/4v/6d/4Odf/vf/gd+h7/zl/wRf8JP/xb/cLX9O/3Pv+nf9ev8d3/I0b/3Zz/+/f6Hf/afz3+/v+O3/o9+4//rX/grfqPf/W84ePAv/uffSed/4fG/8R/9nX/Jb9f+w7/h/zD9Nf6Zf/bf/Qe//B/+h1/0r13/LT8x/2//+z999OUf+iv3f4PjP+N3+hv+gT/lt7v8W/6uX+Pv+R3+wuzer/pHl7/6t/qzL/79/+CP+vR//kf2/o2/7h9d/8e/2b/59/9Xv/8/kP3Srf/81/89/+Z//9//k/+2P/QPz/6aL//zv/OLn/gl/+Pf+U/+7n/OF//oP/u3/LJHf3x971f9dv/LX/dv/lt/+vr3/pu/+J2LX/jH/Zevnv/xf+29X/TVL/4Hf/r3+Wfv/Z9/6Z/8J//df+F/+1MHP/P7/6q9L//U79/9Y768+it+5Y999nf8+2/+gPWP/ZK/+vnv91v9iXu/6s3/+Wed/1X17/LVv/Mb7Oz/dn/hn/c7/N6/+s/5v3/re7/+//AXnv82f8v+P/8q/Vv+yf/2f/js3/mn/80f+5n0z/y3/8BfXNx9N/tF4z/nf/jjfqO//nc6+hf/pF//H1r8fnef/H7/R/nJL8l+h//o6e/7S+/+3Q//8t/5N83+jl/zu7/bn/e3/4Hr5r//Nz/54t/6e3/NP+j+n/JLqx/7h3//v//PWD/7X79c/Wu/y9+7/U+++NN+z//0Fz74tT77B//8//Wj//A/+p9+wfrX+ul/89/6j//mv/P+v/27fNb8hb/pH/Dg7/j1/7C/+Y/+TY9OfuOD3/Afu/r3fp9/9Ff/mr/53/7q3/59P/77X/1Hv87v/1//3unf/a/8Hr/6ry7+rqvlP/H9f+zv/AN/8IPf4T/4p37Lf/cPPfvbHrz8jf7OX/pX/pb//v7/+u//B7u/6KN/+d/5tf+5X/on/N9/3V/6d/zgf/ryN/0vF7/y/m/1D3z14t6v/5f8DT/413/tx79P8Rv+hX/Es3/5P/9rf6u/8D88+Qt/wSd/wD+89ff+bn/LH/dL/+J/+1//k3+Df+DNv/Pd3yD/5F9u9v7W/+K//b9/m7//D/qxP3byJ50XV3/kvX/0n/6L03/j7/6J//7X/qk//l/69/6Xv+zb/+Sv/Y+U7f/9f/0jf9pP/4rd3+sP+WW/fPkP/rvP/oQf++6f+J9Uf/Av2P/HP/kd//K/+Hf/D3/ZP/xn/TV/0F/+j/zbzdO3v/pP/Lv/9u//zv/Omz/9t/l3nvzpf8bLv/PP/H3/iP/pX/gzf69fMv1b/8Nf/y//r//V//AHf83f8icc/b6/3da/919c7v9lv82/+/3f5S9e/MJHv97Df/E//ef/r98t/Z3+se/9qX/yf/uX/+Rv9C/95F+5uLc6/x//9f/2r/8/z3733/IP/6uqP+Hwd/8v/4a/88/8Hf/7X1L8I7/3H/oXXL79P/7qv/Un/7L/43/81f/X9+78nf/OP/SP/Tf/9v/4l/3+z6b/0K/803/y7/nJf/cv+JNX/+von/oNv/0nzX/xX/2L/sJf75cd/R5/wX/z+S//W/+23/mf/b9+q9/08p/a/i/+zH/tV//vf89//vf/J7M/8O/86/b+7vU/+Runv2z7X/vL/9L/7lv/3H/95/2fs3df/e///Z/74N+ur37/f+O3+02/Sn6Pf/+//av+wkX+L/zev/LuL3nxL//Fv93bv/+P+N//jN/gr/mZ7Jf9tf/J9/6jv/L8f3z4+/wnf8V/+YPf5j//P37yr/if/9rf6W/4o/6xPzE/+9f+ij8x+62q//i3+2P+2nu/za/8E+5/95/4yT/rz/od/9M35d/+t736C/7ov+Nf/u3/oJOj/7753X/5L/hzPkt+Sf0r/6K//7f5vf6zR3/v/334p/4Xv+l//P0/9bf8F/66v/n/+Of/7PNv/aM/fj7/nY/+st8p+2/z/+nlP/ULf/Cn/F+/7E/7/j/yd/1Df+2/9Of8QVf/5R/yX/5Xf9o/8av/i9/2t3r6X/5nf86f8rv90X/QX/bH/C71r/5brn/B93+rf/nXvPwf/8mXR//Xf/43/IP/7n/7X/zh//mf/mdu/d37v+CP/5v/4PW/9lfs/Zd/2j/7b/x5v8tnP/UXtH/Pp//ev/rX/Ie/9d/95138tX/B//y//SnfOf/bvvzsP/zWv/HX/P6/8n+72279HQf/zRf/wsEv+Ef/ij//V/9Vf/1/8Nf+vn/qvR//N/+g3/bX+iPaX/rwz/zz/69/76/7Lw9//G//c5//Lb/BX/xP/Wb/25/6B/6Jf9nfPcr+7Te/+l98+l9P/4s/8Qd/9b/4K3+i+Of/+P/6X/yx32P+Z/0dv8df9KcX/+1f+Ff/V7/On/OX/esPX/4u//5/8W/+y7+4+uTf/eN/45/5v//2k//+3/mlv93133j1z332H/+rj189+j/+yt94ut778v/8c3+zz/+Ev/rX/9//jsd/+f/4H316+n9N7v1P//4/+Rf9+n/Pv3/no//wf3i5+s+2/sW/v/07v/+r//vf4//+B9b/4m/2rP4X/7o/9fd/+c//Bf/BzoO/4T+7+KX/1X//i3+3f+/ioz/4F/1bv+Xf/Zf+/g//wT/yf/yv2qvRP/6H/Qn/y1/+75z+ot/hn/x9/qRvP/2v/8Orf+Pv+iX/7a/7H7356K+a/uZ/8i/903/Rwe/bLv/uvb/s/7z6m/+O//j67/9Hv8r/sH/449/tV/0lx3/tf/A7vv3y0SL7q36/i5/5F/+wf/bFLxz/Gv/Cv//n/Yn/5g/mb6qH/91/s3v1x/0pR9dP/qDf4896+Df9vv979lf92v/63/DfNn/Nr/kX/d6/x7/yZ977A//zv+cv/TP/2OW/+N/8wvI7v+CXJf/db/+v/02/85d/1q/+6h/78rf5M/6DP/rO9t/0n/+fv83f+NU/9ZN/3l/45z79C37p/9L+hR/9N9uH+X/8L/91f/u/9g/9G//Cl7/mP/p/z89+59/pT/4d/46//E//s//lf/6TX/nb7X/vd77zxd/1L/59/9jTX+fv/0fu/BY7//yzX1b+zv/K7/MHP/xf/+w/7u/6N/78g1/wJ279Nr/e//6n/IF/zx/yU3/qnzf7E3+bf2/yv/7lx98t/qP/4+/6y/6K//V//SNnv+/f/DOPf7c/8df69X+ff775X37Fz/zd/+of8eUvvfc//5k/ePx//bv/+p/3V/y7r36d038t+fOf/i7/7n/zR/8P87/6j/+3H/6bf+VP/bKf+q//4L/wH3z7h/z6v8Nf9hv9h//VL//j/6yHf/TlH/mn/1vf+iNWv9bOX/cP/Gu/1/LZ7/M/fvUv/gV/+//yf9756z793/6JP+PP/euOxr/Xf3P1u1383v/D3/6/P/p3frvvH//4/u/3y/6Hf+/v+sP/ke/9i3/I7/JX/Nr/4Z/99/yW//Of9oPz33P90T/8z/++/9x/83f8n3/+3/y//iFb/8PLv/k//aU7/+Sbv/zT9k//5MVv8Df8L3/Iq//z2//CH/CrZn/tv/mPn/7nf/E/+vv8FX//d3/yDyt/8T/zL/39/8s/efbwP/v3fo9f8U+2//unv/e///v9D3/fd/+I//n3/P3/5+aP/u3/jX/t3/w//4K/5z89/8/+/l/+3bz8X/+Fv/J3efZX/P5/+JO3/8jsP/sf/+a/8+A//Op3HuX1//ZTh//l//i7//H/4p/0N+18/Dv+jv/Sv/nuP//D/4f/7Bee/WH/zS/7D/7nrX/7L/kP//N/92//b7/3e/zV/+Z//q/9fv/rb/HFX/1P/XV/2xd/zn/2M3/38a9//ct/+V/wj//O//nWLxj/Xg/+88+++oX/wm//u//gL379raM/+mnz9//nf+Df/Ct/6T/89/07/+Hf/gv/77/5r/w9/tzFn/GX/qX/4e/yF3/66zz4PX/NP/Zv+fPr3+TX+v3bv/gnz/7r3+lf+y3+hj/vP/n3fuXf9St3fr2XW7/87/irf+MX3/03/uIHf/1/8St/q3/tb/6Jf/gvfvN7Hv0e6//pz/jXd37sz/01Lv/jf+iXXP72v/k//ulv+c/8m396+r98+xf+Q2d//IOrv/GzP/Nf/JP+kYd/yS/71/+rd7//X/P7/fl/xr/6i/7pp//nx//nv/wTX/yXX/yt9W+ydfWv/tm/6H/5v85+r7/7x36d//rP+x3Hv+a/9Cf8l3/Qd/61f/Wv+3X/s//xj977G/7eT3/vn979mb/iD/32X/Qf/xt/zx/6L/+nv9F/93f8V3/Cn/2H/3Wjv+Dqs9/kX/jfDv+E//mv+Z3O/v5/9ZP/o/2vR7/Dd/7L6R/9yb+cPbz+w3/rX/dP+Iub1fi/ePm3ln/6+q/+y/+KX/eP/XWbP/WX/pE//qvm9f/w6//f93+dw3+YTNw//Pj8s5M//m/9hfd+svm9/v4/5ff4Rw+r//H/+Gfe/L2/c/IvXXz2gz/lL/zio//131wvf/yP/EX/8uxf+KPv/Tm/z1//3/7l/8Wv/y/+ou//6X/Kb/e//5X/TPrid/97/r3XR3/Ku7/l3/mjf7fpP/r0V/zn/9H3fos/rPxX/q2/8uVv8nf98X/J7/Ov/ad/5I/99k9/w3/7D/2L/vG/93z8b/wvv/Xf//o3+T/+3i//p+/+x7/yt/6r/57v/N1f3f9vP/5Tf/Xvfv3f/Xd/6r/46/y6P/6L/vK/7t3/9b//E7/Tf/2rXv0F/9pf+Odcvf7Df+N/67/9t7b/qdPf9A/7N/7LP/zgd/xHf7e/9df9vf7RJ7/493/+V/1Dv96/c+c3fvk7/Ym/1/lf/d8+PPxdf/lfPfoX3vxr/8Vf+Oyv+4//jeKnV3/PL/9D/7nf4tf9nX/Z8i/8d37lP/Af/O67u//0L/5Lfs9/4PRP/vv/iX/wdz35z/7pf+fv+cW/5X/3x/zH/9N//8//yb/11W/6V/+y3+e3+Te//ev893e/98+8+t6v/T/81n/b5W/x6e/4ux3883//n/S4/bX/pN/nH/mP/+Df9E/7q3/Vx7/8d/305f/4p/75D/6i36T5M//0P+ePm/+hL773xZ/31/+H3/7ij/9zft2/85/5w/735p949jf96f9s+u//nv9Y83f8U3/YP/sH/UF/94Pf+M7LT//pX+eTf+0/+F/v/vI/99f+Lz79w/74P+jP/Duf/czv2fyq3/en/6zf5X9O/8Z/6h/87f6hj/+A//v5//rvFn/HT/8hn3z5079x+7e//P2mv/I7/+Of88ffpfjyv/8zPrnK/szn/9of+7v+i8//wr/gf7/4wz/5x+/+2b/q761/oz/lF4wP/8/f74/93/6t7/9L3/+zfnz35F/93pe/9d+f/7e/13f+gs9/4R/9+S//bX7hb5IU/3pb/6J/8A/8K//aX+Nv+6X/2H/xZ/3R//nef//n7Ozvz6tf+lf8pn/qL03/vbvj7//7/9bLf+lf+p+O/8x//PP/+Pf+Hf+P3/gv+/hv+Q/+tj+oPH/0B/9m987/5t/jD3j0t/4J/9jD+7/d7/d3/l+/3v/0vb9990/7w/6wv+xf+s/vfv53/w6/zp/4Z/0Wp3/jb/HnjP+mn/oV/+qf9bv+Wr/gH/0L/tOf+Oxf/Esf/pkvfu9/7z/4u37B7/Jr/Lb3//z/+6/71/7Of+Of+RP+4U/+0Ks/458c/xd/27/yL/xff+H//Sv+xd/ld/5z/+q/4/z+P/+//HH/xV/3f33y7s/8U/6JX/8/PfttiqevfmW7/pn/85f+Nv/g7/6X/iUPd/7O3/6PfPiXf/Qf/nn/5m/0vx7+4//+P/if/q7/7D/5F3/2Z/7ff85/cvpL/pH/5m//1rL5D/7i5X9y+jP/zPb3//uTf/u3/U//0xff+W8u/4+/7t//c9rRP3119Ev/2//m9/lb/oDf6nert3/6l377Z/6PP+qf/9/+3f/+X/yJX7X1N/0XxeIPTv+5/+SX/q2zX/lT5ff/tQd/8PjT61/2r/0e/+Bf+d3/8n/7H//y7Z/5T378L3n5O3zy6/3Pf+Cf9+f/y7/d7/ATf/3d3++X/a6/5t/4nd/l7/uH/tzf4OXhH/W//W//wd//d/4X/9f/Mv3j/vFP/sZf/Y/8+X/I7/lXfuf5P/xfPv5t53/Hb/G//YrdH1R/7X/5N37v39k++t3/vT/wx/+Cf/Lv+41+u//iL/1v/4w/oP1zftnf/j9//F/+J//L3/an/U+7f/LJ//kn/sW/1g/+1N9v9vvutv/Wv/5L/oyf+csv/pL/+7//LbJf9j//zb/uH/3n/op/7ff4nf6gv+T3/d8ufurffvWP/xFf/RV/9vj483/v7F/9zuN/5MvXj7O/6u/7t37s+/u/+BeMdv+cn/gr/8Dv/8F/+9/8V/yS6X/zj/+R7dFfufVv/Y2PLj//wR/30y9/8d/08k/cv3vypzz6H/75//V3/vP+11/nj/8TfvIPe/hnf/H7/n7/6uXDg5/59t3f4l89XFb/9H/xg981+cOPfserX/0n/ie/yR/+D/3Lv85f8bf9Qb/oD/lnHz39r/7XXzb6d05/29e/yd/9x/1aZ9/7Fbv7O9/5i/+wf/93+sd++j/Z/pse/N9/849dZO9+p3/+wY/967/+r/EHtsVf+hckf8Of+Et/n3/pV/6p//NPPfsv/8rln3Xx7/51v/iv+Wc+/g9+r4s/+V/9Jb/Bf/qrX1f/UPrmn/v3X/70+R/zq/732b9x+D/9qt/t+F/+qY8m/9FP/ydH//T9P/d3+KV/1U//0f/Imz/iX/iL/qZv/a/Xf80f9N0/avHn/Xm/7j/7H/5Vv+fv+9u8bv7t//gv+7G/MP/B6lf9T3/pP/f3/Um7f+anv/Fv/Zv8hV9+8WO/zeV/8if+0X/oP//R7/o/Xnz7t/mL/vSHzd2/8vf8z/6Q//w/+gWL3+F/+ivz3+vhb/gX/Zv/wR/1R/zR3/9n/vMv//S7/9CL37DZffz3/a3/0F/z6/7y79378/7lP/nfef4z/9pf8Nfe/fSP/MVP/ri/+vFHf8bnW//cd/+q3/fpT/xDR8d/5+j475tv/RH/xL96/z9599/8qj/0t/kPtn/py3/yD/oPfrPZ+lf/e9/9vZ/99D9w+G8/+f3+l7/40dv/43f+U3a+2v/p3+Qv+y/+3p1/q/1N/o7P/t0/82/7l/79/+l/+tOav/Inv/OvTX/qb/tX//P/+Xf5T/+83/IP+Z3+41d/33/3N/+rf+t/9Vf+zPqPffXf/47fefof/5W/5tP7P/jJ//Ov/eQf+M//1P/+H3/+yaM/4y/+9f6X//3X/defpH/lr/GX/Vsnv+b3f/B3/IpfXf74X7b7v40u/uo/8N/5C5v/av1f/4X/6V/2N/8Pf+Zf/nv80v/gX/51f83f9ui3/31+w9Vf8Vf85L/+G/xfv993Zpdffm/9f3//P/97fvBr/0//3P/xm/1h3z34j/+vP/WX/yf/+7/yRzZ/wpM/+1//b7M/7K//E36b1V+5NfuZfyW5889/66/9S37ij/lLf6M357/3//Do3/pdqq3f/4/Nk4v/5W/5X/+5P+kX/QNvq1/z7/k1/7b/Pfl7/8e//E/+fX/933T6S/75P2by9z34bf7cP/Lv/+rsO8tf47+Z/ub/5D/6/f3f8y/+1X/L3/Fn/Yf/w//0l/xv/8Ff8b1/4pP/6+/8h/7dfzNN/tFP//W/78//33+zX+/X/kd+xf/xy3/t41/nj/zL/qz/9T/7z7/zp/zmj/733+Tv+fJf/JdWL+/9zf/37/F7/DX//V/y+/wXu3/lP/l3Nv/zn/2H/T6/+//yd/81+9nf/mf8j7/R/NP/6J/4r3/y3/iH/4ovf/y//w9/2a/zV2/9a7/pr/l3Paz+tL97+Scsfqvf79f7+PrP+J1/v//7X/8vf/P7/2uT/4OjO3/7/3LyR/32T3f/9l/6M//8vd/69337T/z3//0/dPdf/f6v85/+SX9O++6vf/BfH3/12Y//MQ9Xn/1bf+df8Fv9fX/9T/4Z/9KP/bf/+3/xi/7wP+2T2eGv+k8++te/83f/W7/ob/gPfvW3/9w/5/Rf+bXPfs1f56L8Tf/Dw9/vd/9rf49/Yv/f+y//k//k/uFv8Hf9Ga9/64e/9e/yS/6XX/8f/5f/rj/ibPv/Wv5hWw+++vLO7/Bm+jf9Vnd/9W//S3+9nT+n+uf+7N3f/8/7Y48f/NbV7/En/Vv/d5X8A+Pf4v/+r37Tf+X72R+78/uf/N7/ZvO7J3/9qz/z7/jL//Z/eud3+RV/wehPXHz66/xf28nz3/b/+s2Kv/f3/7t/o1/9u33rqz/jsz/n35j+az/5j/8ev/Vv/h++/Cd+5W/35/+ePz56ff/P/OW/25/8l/xh/+2f+kf88n/ot/3Xvmz+tL/2b/zv/rPrv/vP/F/vb/8pxy9/9T/0vV99+pv9Jv/LH/sr/pH/+Q969Jf8vf/Gq+//YX/l//Uf/+V/3x/wP9Z/2tOf+g8/+XPqf/zP+43/6F/06/6Kf+5v/i9/wbf/wD/jb/z44l95WPwV/80/f/jLH/2+f+f/9fdt/a33/vRf9Od98bv+Vn/pF3/8f/1r/3tXf/U/+/E/+wf+jn/v7/ZLfts/e/07/Mn7r371X/5b/CsPT3/1r/zn/+Y/+9/9d/+xf+DRy19x/Uf9w3/C/3ny9M/a/4N/n9/ij734Nf6b3/UX/45/1Z/+e//Jf/vTv/P3/s//3f9j9lv8vX/z6t5f/6ed5L/d27/63/iD//uLv7v9K+//Af/A3/Lf/9n/yG/9yW/4x/+nf/8/9Ef+Wn/UP/tPXf8l3/vTfsnio3/37/xn/6K/4k/6k/6Arb/+z/9Lx7/6j/1Fv/Nnv/Kf/Ot+973f/9c8G/8Bzz/5z//J3/Wv/H0eb/2N49/nt/jf/stf79f4N/7Q73751xz/wn/63d/6r1S/xt/xV/5uf+y///0/49f7e3+TP/U//mf+qbOf+T2/3f7Uv3zxN/9lv/7//k+s/vT//Tt/2J/5rV/jV/2KX+ufPf/1kv/p5X/3b/4Tf9FP/8v/2b/+e3z/n/3r/ug/7m/6/q/8i//+P+lP+HX/1H/p9/jvf71f9Xf8Fb/3b/d//tWfXf/7X/5Pv8Ov/dv8nX/Z1d/0W/xm/8jv979//Of8ivbPPf6LZr/kP/69x7/xu3/sj/mV//LBf/DVf/y7nnz+i1f//p/y+3/xC+u/9H/Pf5v/6fNf///8d3/8+p95/id/59uf/KHLf+uPfP5PLf+p3+pXfe/VH/C//4rf88/7y57+Kf/Iv/M3/2F/7e/5x/6qx3/Yn/zbH5784v/pX/7Xvvwn/47Hv+K/a9/+q//n3/xr/ZN/6m/1b/+Z/+u/+Mf9y3/y3/LXXf3rH/+uv8+vzv/Xf/X/+NMe/3V/0OGfffo3/4P3JvU/dPqH/d1/99/9b77e/iNfPr34VX/Syz/oN/gDf4v/+3/45f/8v/aX/af/5u/4e7578ev/Ef/5yU//O//rwzd/+d/z/V/8H/0LzR/9L//UX/Av/3V/67999YO/8vf+X//Hv/5P+EX/2/949IPf42/44p/9l//Z3+LPevOP/abl3/M//J//57/6O/6e/+yvN87+w3u/R/6//1GTv+5X/W2/xfN/9Pf7W5Pljzff+6v/3ukv+uf+y1/+Hz/4N3/qF/0r03/3x//qv/P3+Lt/k09eLX+NP/JP/Av3f8/f7e7038r/2H/vztXfMnoy+fX+m503/+kf+W/+5B/65/6l//Kf+Xv9NX/Zf3T/n8v/6j/86Z8++w3mv+Nv/Ot8/1et/tnDk9//3//Tf6ff+o/9A3/hX/RHfvGfvvg3j8Znd36r3/qP+qv+xP/4b/s9f63/6W/8K//BX/f5b/k7/I3/0J/695/++L96+Pzf/Xv/83/0b/rVv+dP/Mv/xB/zR//xP/l//FX/xOXuL509/mv++d/5d/obi9/5d/23/qL9f+rveJz+Rr/mb5/84n/jD//Bv//k2//LH/Gf/rf/7r9295f8wb/Rf/Qn/oKv7r74O//Ev+n/+mte/ks/+Rv8st/4Dzr/z3+9f+iv/Zv/xP/gd/sL/obf4vOdf/DHPvmH/+i/+U/644t/MfmXftNf9Zde/6Gf/S5/yC+u/vjRP/Cn7vzvP/Of/Hp/wPfnf9T6yd/6g7/kb/w9/5b/9sdGv+2f+l9d/eQ/N/+r/oBf9ff+0y92/va/8B+8+Bs/+rf++O+s/+Wf+lv/k1/vX/otf/mf9i/953/vb3z4Bz758T/40c/8Wn/n9Deb/e//2D/x+6Z/5vPZb/z3/i3/zsP7v3L6m/zTf8nvcvfBD+Z/zed/4n/9F/xRvzr/1/+d3+Y3+Ev/0d/hzp9+9cff/V3+lS9/6n/4nf747/0Rpx//S3/YX/yr/7s/6jf98/6NP+Ev/Uf+vH99/y/9F/7Y1z918pN/+E/9zEdbv+Sv+tX/wz/33/1Rf0v7u/8f/9Dv9l/9xX/x//Sn/jMXv8e/83v+iX/y7/bn/9f//p/1N3/1z/42F5M/7w/4+57+7q/+s9/rn/0vfvf0//zPf9V3fvpX/MZ/wN/8X/96v9k/+xv8m//w3/EXPf5V/8Kv84f9Jb/qP82SX/ef/+Iv/5W/y5/w2/+Rn37n9/tP/tdf95+9+rX+27/i0X/wO/7CP+if2Pu9/sTd7/wZf+Pq5S/8836jg7/zn7v7t3/75d/4D/303731h/3zP/3XHfxD7Z/2L/1Rf+v/8Pf8mn/f//kHff/V/Nde/CYHxad/19/wR/8u//6v8Wv8J1ff/lN/91/4k3/fH189/LO+91f+S//2v/JX/KLf7Vf+Fn/tn/Y///lP/6inf9Dv8sf8db/hH/w31//d0d/3f32c/BaH/8ov+mP/xd/01/uj/rDPnh/8d7/r7/db/M6/z+oXfv4f/8yv/e5v+EOKP/bP+kX/7e/0uy3/utO/849/8At+zT/z87/k7/gV/9b//Jv/Zf/+n/mn/KP/0t++98tf/aJ/+T/+fX/nX/nm1/3d/ql7v+oX/X2/xz/7P/zG/9DV8tf/bf+A3yD/A1/9Nn/Zv/Jr/Qt/xF/4B7Q/8cVf9Wf8jr/Gb/Hqb2p+49/69/2f7/3nf+d/9PnVnz86+d3/xE+O/8U/85/6p/+73/JP+eN+xV/xrb/1T5n/6dPf+y/5zc7u/3W/768+Gf3FxS/5W37ff/TN3/PX/UN3f/rxs+S/+Av+vbN/5m/+p37tf+3XrP/Lj/+mP/7P+gc++bG/7P/Y/Xv2/vr/9mf+6L/xd/y9fuff/3/Mf8s/u/hDv/r0i7/gD/7qv/zu//Hq8+zP/6/+4P/9b/1vf5uHf8Zv/mD1f/4Fv/qP+Rv+it/7b/7H/7j/8r//bZZnv+LX2vn83/tTL/6c3/f477j8v7/6u0a/47/73/wTv/V/9V//had/4D/z4nf58X/rL/0n/uO/65d89fg3+BPO/thf+t/+zd/5zQ7+1D//x3/vP/6PeJP9Nv/34l/Z+i/+990/7d/7fX/Pl//s9/+ki9/48l/+T67++V/5U3/9b/9P/7Pf+4n/+vf8P1/8E3/d+un/+Of9Ov/nn/0P/Le/evbr/dIfezn/1ndHxa/4Hf/lf+SP/ePe/k9/yt/2q3/vv+k//f3/s39s9tUv/JPb3+nXPvmlf+ef9Pj3+xOOaE3hb/2pn/kT9h/97T/9i/6L3//TP+Zv/Lf+gj/vD/+p3X/qv1v+CZP/8h/6988vP/kr1slf9htdP/31fvIvvvfx//V/3f3V//o/81vs/jX/zm/zf/za/3H95Z/9W/6Kiy9e/can3/tNDh/9X5cv/pp/8s/+M/6aP/Fv/Av/gH/rH/2TP/md/5Y/65/6tX7tP+fF+jf9yb/sN/jN2j/+z/1Xfvxf+Vu/k63G33v1q37N//Hib/ren/VP/ot/91/81/15d/6GyT//h/zKz//U57/0tzl8c/A3/hV/yqt/+4/6P//K7/4pv/yf/83/3r+p/YMf/qu/+nf6Q37Xvyb725tv/5I//q+7/D9+4c7/+of8uv/sx1/91hf/6I/9zs9//f/h733+0a+T/WX/4V/+P+T//l/1g2//1ON/9z/Lrx/+nwd/zh//u358/L83f9J/8Ot/96/89//23+Tq3377/fW7f/qP+bf+tf/88p/8b37Nz3+fP+uX/BXzf/6/+l/+sZ/I//7f+p/5O/6ZX+/Xf/zfPv8Ht178Rdmf0f7U7/dX/EFf/hZP/6G/6L/9M/7K//Yf+g9/r7/3b/k7/rdf/gf+0t/t95qVf/Z/8Bf/19//D/6Pv7X813/st/yxv/b/+F3/gr/z/m/1V/2r/8h/92f+Gdnf+Gf8i3d/h9/975z+Pb/9r3fn+7/6L6se/Q5/w3/7ezz77/78X/9PPPxd/+m/7tUv+Se++vX/m7/hT/qo/Bv/gfYv/Nf//v/xd/4Pn/6Ok1/wm/xtv+uv/hN3k//u3/lvv/XJr/uvjX7FX/JHbv9Nv/Vf/FP/6Ee/7l/13/x+f9/9P/Bv+D1+7Tv/07f+59/+X/2T/+wXv/Y/8+zX/S9/v/IH//T4z/ln/sZf90/4P/71P/hP/w3/2Ecn/83On3/18uT//Ct+/Hf7Gx/f/c3/2780/3t/39//1/n+3/eP/IN/+i/8/f+Ff/f/OP/WP/vL/5p/4Hf7Bf/zP/Z7/SX/4cM/7tf/zptf/vzB3/IH/qPTf+LH/pl/a+uTf+7pb/ZnjX/L3d//b/id/q2/7N/9Lf62xW//i/6B2R/2Nz76G378n/sv/vf/fOcnf73rv+EP+/f+zNE/8Rv8cX/m9vd/4rd4tvw1fofpv33/7/gT5we/9//yvx39T//Xr/znHr39AybPT/+Dv/vzB7M//k/78379v+rf/fvv/ufJv/aP/oHJp3/d/lf/9J/3j/wzv8Pv+zv/Jf/qH//5H/p//92/6PN/5O/6D/6a2W/+B3782f/+n/03+3/o7/yt6Xn7C/6Qf/9Pffd3/pJf+zf4U/75i1/xD/wTf//Lz/+gn/njf4P/4i/a/i//9Zezr/7gP/d/+pd+999uPb76jf/J/b+s/Cv/4r/0V/3iP/JfXPwtn/3Fz/7g3+tf+o//6uZ3+m/+uf/jd/l3/sI/6vTX/UN+6jf/x//tP/iP/3um/9bf/u//JdNf9jv/Ib/5X/x/PvxNfvurP/wfnf4mf+V/c/nP/IbP/9DRn/wn/Bn/0J9y/Yf+4C/7Ty//pz/1d//k39of/03/+N/0M7/4f/nu/t/+u53/TT/9H6R/32//H3////jvf73f7A++8+XRb/eH1f/G9//Tf+L//Jl/+yd+rf/7oy/uf/rp7z35Bf/Jt6bXv/bL5e/559/7/eb//Pcf/pbbf95v9Hv9gbPRl5/9hr/8F/5JP/l3p3/wy1/jX/jT3/0hv9HjP+vo3/4fjh7/vf/i6t//V5qjvzl9NPm7/8u/gnTG9L//pX/yb/Zr/DX/wz/8P/x1f8Kv/DP/84vJr/78b/wj/qTTB3/Qr/1n/Vp7W//ef/WP/FG/5/LffPs//Dq/y0d/4d//a47+9L/4z/nzt/+8//rjP+mf+99++mX+5N/59f6FP/Kf+E9/u2L1a/8GR7s/+L8//s9+g1+5+0/963/KP3/1z/7pf/dv9Vv/y//Jr/7Ju7/Wn/an/l5/3fHv8P0/e/3FX/Bf/Et/5//2v/3rv+1/+d//E7/X6J/8L3+T7//4//Rff/6P/pl//B/75q/Z+ive/tdHv/Hf/Pf933/RL/n73j39u37mL/+Lf43f+t/4w37Rf5n/xv/+9/6Wf/lP+lv/+N/x1/jf/6Zf+5f8N794++yPu9v8cf/d3/adX7d49xdk3/tzssO9n7x+8Ad9/pe+/D//2b/gO//0//nP/it7b178Gr/70eWPn/9x69/zb/7q3/p71//Yo//+L5/+Q3/ps3/q7/yX/8Tf51/5nX7zu//R+v/4Xf6Br7775v/8rf6by1/5P/3Ov8aTf27nV/7Ni7/+H/gX/tP8t//H/+Xqn3z1C//5z/6Ev/N/+I3//V/j3/l1/uBf57/4X67/qjuTf+OP+a93/qk/4Lf6I57c+Yv/99/4t5n89OUv/jv+1F/wO//f3/uff/Nf+Vf83b/bn/O/H/2vf8Qf8OYv+dvG/8zf8F/+cb/rr/sT/+L/+D//+L/+r33123//F+7/G1/81uf/99/zJ3/82x38zV/+Ov/E//GLnvyf/9DLXz2d/Eu/0V/76/6TX/1Pf/I/X/7df8hf/+w3ev3xsvjP/qj/8B/5fX/bX/dv/T9+9Z/45/74j//p9/+6P/Knf8XvsJr+EX//H/YLHv3S5y/+r7/k//5tf//lH/oLf/U/8wvO/saPf/CXZX/68f969Ff+5NGfnX/v8Pf413+7P+OLv+CP+hV/0hfTf/dv+gX/w1/0f/2l/+pf8+v8Fv/sn/FH/9V/XvpL1//kr3P9C/68f338p/5Lf9dPv/vPf5+/6TuffjL9hT/54n/5zt/4+/6a3/87/rN3v+I//xW/yT/79/8Rv+jLv/sf/8N/5fjTP+rZX/+vzv7I//lf/md/o+N7nz/4L37Jb/WXNr/xf/NXHvzO/+gv/oWv/qfsz/l3Lv+93+r3+GV/4J/8d11O/vj2P3v3R/y+9dWT3/Z//z//m1/+4umv9Zv9F//Nr/8X/nN/xsG//YuWv/Df+PHdf//H/tU/8x/69Lf/D/7R/+Wr3+PHfqdf//zf/ZV//a//C5N//mc+/eef/RvJwV/4u/4j/+fyH//d/7TV7/K7Tf7yf3D5a/39f8Sf82dc/P2/0aPf5g/813/sv/mb7/0Hh//zv/XgN/4b/tZP/8G/8k/5vX+nv/wP/Svy53/5v/nuj/0Dv/ybvvdP/t1/5m/+v/+yP/i3/T3/9d/ur937q47+iV/zH/23/uEfv/zLHvxZv9cf/3/94l/74PCP/fd+17/i92/3/8y/8Pf5X579Fn/mv/vrbv9YXf4Wx3/ld4/+md/1px/8QR/94X/ZH/7iT/zn/qjftPoffv/f4hf9xskf8zv+Xr/in/pNftHsn/o/f49v/Qk/ff/3+Olf+ff8Rr/z9e/y5/+Bf9evufUb/E5/6X/w5yf/1x/8u/wdZ3/cf/lf7pz/s5d/0x/4P/9d/96f8Le+W/+SX/TrLf/a3+3Tn/rJ//5/+8t/wa/6n3+d3+f3/h1+33/mty//2M/+ndPxr/5d/vA/9yf/zj/59/5fxv/Qv/b577D/994f788e/7Jf/z/4sX/vv/7NHpz9H2/+vO99++/+E//6v+m3+rV+h9Gv/7f+6t/vn/mj/4BXv+5/+Yv/gV/nT69e/ML/9G/58p/8sX/oD/tbf6vz3/53+6P/lr/1D3j4323/47/3i52Lf/ZfevS3/Z33/6tfvvcX/XXp3/Bf/Zpf/TV//f/6k//7v/TZ7/BbfPWX/2N/ye/21z761qeHf8yf+Tv/59lp9eIn/8//oP33vvMHj36Lo+Z32fs/fuL7/+Cj+7/9b/R3f+/h3/db/iGv/o1//k/+z/7B323vt/yN/4bv/S2/7e/7X/4nr87/or/q27/0nzj+6K/f2/3B3/43tb/nf/grJ7/wW//3v3z2K86vs1/0b+b/8X/yJ/4pf/vyL/7N/ug/+PM/v/g3fvd//L/9A3/bPzn5j36Db/+Tv/Hv+Z9/+6Nf+Pv9XX/R4Zf/1pP/5X8a/WFP/sZvn/9Wv8fP/MT8p37bv+Uv/MW/3e/2x/1hT37V7n/4N/7uvzD7TbO/9k//D378b/jJP2zx0R/4+Z/+byXlf578b7/t/7T7N/5Zv+a7P+DyN/sX/pJn//fv/5/9w//rf/r3/s6/zx9890/6w0//5//+r/i9X/1dX138j+cX/9n/9L//Ve/+qf/5X25+Yu9f/6d+1V/zzz36Tf/oj/7m7/+rf+3r//UXPal+4Rf/59n/tPpr/r1/5f/6t//1X1H94X/6j/8eT36DP+6vXB79u8l/8Se9/Jf+6z/mL/ul52d/4N/yW//C//1v+mP//L/5X/kzf8E//zN/+Z/7Nz/6/f7zP+F//Pt/8nf/fX/8F/9D//Kf+a8+/YnVf/Tr/sl/+a+9/lW/wZd/2n9Q/L7//r//Zz79E//3X7T423/NP/b3uvu7/x07f9W/8O5/Wv3Lf9tXv+Pf/H88+pt+/Qe/7Ue/49/0G/+7v/S/Pf7bfot/+s968Gv9Ob/9b/kPzf+K//vuH/07/L6T/+bg+1v/w5/5g7/p7/sP/tDv/IPJ//bjj/+2Lx//7//t37X8b+5Vb/7yX/THpOf/7P/xD/yaf9bv/Hf/Ll/8X+uv/sv/+O7dP/EXLP6d/+CP/0d+4rf4k97+5B/4b/+L/+ff8DP//B/92/wFv+1f+5N/0d/6h/6v/+Bv839//OC//lc/+w/vPlr8dnf/zJ/8D//Y3+Wf+N9/wb/24vs/9s//qn/kd/xnP/34+7/1L/ql//fjo+p3+gce/l//3C//d+rit77+Tf6NX++f/f4fd/GLf7/f6W/7E3/lv/Tv/xp/z//1i36r3+g//Ht+yb9x8Hv8Ub/ns09/q9//X/mP/p1V9Qf96ue/zu/1G/7Ek3/47/jV//e//m/+lz/xG/5VJ3/S1v9w8mv9zb/53/E3/qZ/3x/+m/5B737B7/6v/Ta/3/5/Uv7ff+N/Uf7ff+Vf+kf9xH/z6/1H/8a3/6Tk9/13Ltenf8Gv/Sf+Z+cns181eXL15D/7M/6mv/J/+wM+/3V/5dnzP++v/plf9r/91/d/13f/zKv/6d/5R/6U3+ev/D/+p3/m1/8b/75f+oedffxf/U6/+48/3P9b/vO/7su/+h/6V//FP/jP+Id/4+Yf+Of+gn/37Z/5B2//wRd/61/y9PPfYPlL/6C/8j/f+8m/5lc8/L3/y9/l9/j1/7w/8Xf+u//G8i/87l8+efRP/i9/9X/47Kf+tX/03/7b/+R/6ff6tf7H+//dv/LbvXv3f/2qn/q9/9gv/qFvJf/yn/vxnQd/4D/9B//+P/iN/pbPvpM9Kf/gp8t//2/9B/693/vkH/nr/tg/8cm3/pDf/1+arr74V6+zP/MP+HX/kt/78f+Z1H/UP/UX/OkPvv/P/RN/2Jd/1ttvH/y5/8Pf8Bv805+W/9iv/P3+k/Uv+gde/bp/6/R//1OTv/t3/b1/p5/8w37j8nf8W9pf9Wv+V39P/Z/8Ln/hv/l7PWiut/+43/Hv+2t+9b/39Pv/xt/93//9/+Yf9PEv/+i//i2n/2f1a9z5p/6pP+Tv+sl/5A/4z/7Xv/Of/ud/wb+2+kd+we/4q37rv/6/+U717Bd+8Rv+0t+h+j1/we4n3/kTf8mv/if/03/xvzz+x9q/evLP/Ue/+9v/7b/98d//9/6Pf8fv/aWfHP8nV3/T7/uf/bI/6e/d/R9+0z/qNz76a/+7X+/6d/+zfvmvX/82//df/eP/9y//ybM/+E/81n/8l/yRv/ajP/nd1f/wr338N7/9ff+xz36ff/u/ffDb/YqDh6+e/t319X/4e57/4n/rdxj/pr/41/g3vv0ffu+rv+vNX/5n/fTRySd/+v/xW64f/hG/rF78pb/Wv/mn/EOv//L//j/5nX6vz3/5r/U//q7/2uh/evUXP/89/73Dv+vhP/O7v/h7f8//6aeav+7583/wu//pr/2H/nP/ffZvHP7Siy/+57/yN6z/+j//9/739v6E3+cvf373d/p9/6I/7Nf/2//AP+8/XD/+4//1P+vfGl//93/nn/zP/MZ/2n/6m/x0MXtR/nqf/49/7N/w93z8W/znf9nv8F+MfulP/Kr/4x/45L/8o/7IH/9L/pV/8P6/uvM3ntW/x5/4q+7/ot/89/6nf9v/7H/5q//e/+3+9t/2W/zVf8YvX/x1v+R89F/9ev/Tn/wn/cb/+D/7+eWz3+/X+fTFP/R//w+/9q/7h/xFO//sH/jmt/mjfv9/avwv/czf+lv9Gb/L9e8z+2f/7uu//v/+6T/7z/7W//lHffkP7f23/+P/8P2/+uNf+b/87X/sf/xr/ct/1MEf9If/Ef/V7/H3/1v/0/+5e/l7/P1/8T/1d/45B3/JP/nb/LIf//Xv/LJ//J/8bf+E339198/7y3/H3+cv/0/+lT+4/vTP/D0u/oHk//r77jf/xn/z6/0Tv8m//5d8/n/9V7/2P3D01/+Bv93j//WP/3f+sk/+0b/ir/u9J3/j3l/xV/8dZ3/3f/Qn/Sb/SvsP/x/f/UX/15/26tHv/c++/lf/w9/j1/riT/0b/rZPf/C//51/0l/xd/3qf/yX/5Pf+qV//vM/8F/7A37pr/wVv/e/uPVn/SV/8//8X/0xv379K/+A8b8y/t3/kP/wH/4V/+a9b73NP/vt89/ku//d6T/wx/wP/+J/82cv/oNf5+5f8Tf+fb/ff/e9X/17/TF/93/4y7J/7g//Nf6Gf/TP+6f+yX/1r/+pv+zXWn3/1Z/1m/xvD/6h3/qz3+XBu//5L/jJv+Ev++J//UX/wm/8Bx3/GR/9Dkd/9v/6+e/5f/3Tv3rv3/hnH/xR6d/xT/2yP+U3+O/+8lH1nd/jT/zuP/Ldn/mH8//xr733Ov9L/62/7tf4p3679aN/5v/+P//g//WfPP3uv/Sf/Pp/4a+x+CV/6b/zT3/7d/rJv+F3uP+r/4i/9Zc1v+Ovmj89uy5+vfqv/hv+qL/jZ/7VP+WLf+F/+Ade/xNv/tY/81+Yl//bv/uH/8UX/+dH+Z/+J/2yP/3/GP2Cf+Pi9E/8V/+Lv6p9+6f+RX/yX/cX/pe/wV/yN/9L3/srfqtf+X//QX/+//Cbff55/uDj3+c/+Jf+nT/qj/llx//4v/Yf/rV/5N/3KF//jr/ff/zP/VZ/6Y/9/r/7/3Iy/iP+s+/8wj/oN737e/xDf/Bf+Nv9Jn/0L/xdHv1lV7/d3/yv/w2/6Kf/hX/2Z36L//QPuDr/jx6Pvn/0V/z7f8o/Xvxv/9Rf+Off+/UP3/0tf/njv/Jbv+a/+Jf+kS//tH/pf7/4m3/Rx//Vn3jwj/5vyW/0l/xXv9udP/Q/TH7F+R/+6/yVo3/in/pN//qf/D1+w//9N3n8O7z+avF3/eLP/q8vvvd3/cxP/Mnn/+tv8Af9bb/pu1/yK/7Ci3/vV//MP/3fH/5ff9N/8Sv/zF/r7//3Pv4tf5c/4U+7+3/9bf/gv/J7/Atv/rE/41/7w+o/8Xs/vhit/+tvf3f///z4b/+nV3/GX/Zv/fJ//sf+xb94+d/8qu38f/2t/uI/4B/+8aOP9r7/F/zO5f7f2P4Rf/yf+nb+O/2Lf8t3/q1//9+9+/3r3++3Sn+t/N9Y/KF/4tWf/ZO/Rf5H/Vn/bPEz1Sf/wtY/nP6q3/nX2/pf/vK/6C/9Bf/l3/eHnPwL/96v8df83z/2f/yy3+NP/ZvaX/Jv/pn/7j/461w9+PLiN/hH/qjf/l+9/z/+n//yF7/X73Pn37v3e/3bv+3f/2ce/LO/3z/y+/9af8e/vPO3/5v/ylfj3+A/+61/ya/92/2Jv+3/8A/+mk+/95v/3f/FP/LdX+v3/SdefvT7/y+/8O/8o7fe5L/+T6//wH/6l7f/3u/yX/6t/8zq+tf+m45+9cd/2PgXvftN/8M/5H/+TZ998vrf/PZf+8lf8eyrX/vP/jX+/q/+k//ws7/3F/1zv/Sfuv57ftefbn/Zb3RU/M5/17/+J/yfD/7WP+yP+N3/9T/xr/4zf/df89H+T/yzv8N/9Z//ftu/9J/7v/6G//a//s9e/OK7/9Zv/Ks/v/49frPf55f8A1/9vv/K//DZn/5vT67+nbfre3/sr/v3/Rq/xq/xm/6avyu55r/Pw3/gt/y1/72f/Hv+7j/7T//1/6T/67/96i/5tf+P//tv/9W/7p/2t/6Bv8af+Nv/Jn/BP/Bb/q2TX+dvOvtVv8t/8R/8Dr/6d0r+rr/7V/5Hf+Hv/Nl/9Nuk/8n/8O9/7//+I37Nf+r/fjv9Nf+7//s7v94f9H/9a//Qn/R7/dPb/9A/f+/X+I9+zT/0/B//5X/P33/9t/w+v8M/8ns9/pV/4I//9v/3r/9P/0+/x7f/r7/31/g1fst/6O/fOvmP/8v/8O//l/7A3/vJ//B7/HV/7J/xr/72/+r/8FN//a+498nZb/NP/EF/53/wb/wGn/yCP+PLf/vv+K3Hr/7dL/+iP+nhH/b3/rrZL/jJX/j7/HN/yD/wvS//2F/jp+/9af/dH/XVP/xH/jv/4R/yV/yd/+U/9nu8/D/K//uzf5VSDH/lr/P9//nuP/Y//C2/9+/z47/rL/jFv81v8Nt87+1v80f9l3/BPz3+c//0i9/mF945/HPS7f/z/q/5p/72P/2//QP/za/c+he+mv4NVz/z7BcXz3+f//NfX/4Nv/xf+1f+gd//0T/3267qe5/+YZ//h9VfcfDjf9l3n/0av9G//Kv/sRd//V/2f/zZ/+J/+p//h9/6x7e//xv+qT81/f73/tNf609tfuPP/plH/8YfvPrir//Tv/93/ju/8Pif/rHf78+d/bXf/X3+tF/zs9/wL7tcZn/vH/77/uRv9Gf/y//A58/+8r/jJ/+97/6xf8Of8Kf+vV9Vf/v8//4fVv/aL/t7721/+tf9Vj/+T/12v+I//BP+zz/vr/ob/qe//eU/8Sv+uRf/7d/63d9r/7/4w/+s3+Jb3/79/8Xf/e/a+rvuHv3i3+vX/3t+s//79X/z5/5p//6f9j9973effvmb/8O/4v/48/+19pddHDef/Lt/4n/7R/ziP+WPuv/H/bn/5k/90v/lz/5vfst/7g/58u1/9vjsH/8t/5t/4y/c/qv/w8Wf8uc9/Tf+pX/iD/2Df9G/fXyW/fv/1O//u/5lO/9s81/P/tjf80/9tf+vf2L6/b/nt/z297Pf4W/8qfTx33b00d9c/15/1l/4J/37/8snv+U/nL39X/7lP+5/+O3/vl/1W/+X/8Pf9ff8x7/X4q9986/8pX/Fg7/6l4yf/b2/794f9+W/8rd8/5f/R//tv/Q/XY6n/8wf+Xv/smf/wE/e/wd+w7/i9/w9fuGv+7f+s3f/ir91/PpP+pP+jL/h3i/8x579wb/qH//x3/d3/w9/6R/+G//rP/Xv/DXbf8o//Ne9Ofnr/+XT4hd/7/f+/t9z+Oen//Af9mf/e//gX/C/ffWP/R173y7/87/+T3z+m/1G/9XnB598eefZb/WP/br/cHVVjP/25jf90/+et7/xw9/jd/0//6t/94/6Yx998ad98tN/5m/zV/5lf+rl7/GL/65//hf8db/5//Rv/Al/8ts/5m/6ZbPnzfi/b6unv8G/8j//on/n9/sfPvtNfuXsv/h3/66D3+A/+Svq/+zv+xc/+XdXv/Ov/d/+kX/t3/No9tF/U/71+3/Cl7/i3/lD/pV/+1/7PX/9B6//uX/w3vSf+G//i7/hf3n9W31a/+X/TfWb/dp/+/g/+m//td/zT/u3/sb/9n87/8P+szt/T/07/9S3f9PJv/Wf/0v/0sPf++nvsfdv/51P/oG/afFvfetfevSTn//uv8/f949973+b/yN/4En79/+u//nf87v+68X6H/qv/+7f/1f8K7/ifz7/x/+OP+U3vfzv/+7nD3+X7/4FD3+T7J/9s64m/+X/8Pu8+R3+/k//vN/jj03/lb/+p/+wg3/gWz/4s/6DxU/8ef/I//E/Xf6bv/6ft/Ok/At//OI/+cWnf9f/9Ef+4//t3/6b/rr7X/yd/85v+Uf9q//X73rvf/jDfr3fbfk/7hX/86/19vf7C69/7d/1j/+b/8I/96+c/N2/1T/3P/yZh7/w1/2pX/bkP/i7/qv/4W9J2/pv+Q3/ih/8tX/Nr/u7/S7/w7ce/jm/4A/+v/6L5//b9E/5ff/SP+T4Z/603/RvTX7J7sn6b/jT/ov/9A/+Nf+H5NPf/g9efjL76f9y+ZPrv/LvfvK//yV7v+H/8u/+d3/sH/qP/U6f/Su/939155f9bf/97/R7/6W/VfHH/YZ/2R/wD//Vp3/1X/xrffvX+iv+xp3f7V9b/4d/2eJvvvzzf/H/9T/f/Q1/ya/+jXd+8V/4x32v/gW/9a/3D/zWf/5v+Add/wd/xb/2N/wuf/Kv+O3/7b/+l57/Dr/hn/PX/K7bv+u//xf+b//Un5P9F3/t69/7t//d/8S9vyv73/71nT/w4lf+rv/cv/03Z+3hi9N/5+7JX/PPV1d/4798ejT/Rf/lv/g7fP8P+/v+pd/5/t/y2yz+tj/6l/+n/82v+C3/sj/3H/re//qXfO+3/HUXf/DfVPzNf9Kf/L/82//YP/hj/8fFf/7n/Wnlr7v1F/7Y5L88/iP/oe/95v/F9r/0h311+jf9dckv+8v/pz/uv2j/wfzqF/2T/+Sv9+yf/vG//6c/e/7qz3v0V12c/8JflPxr//Jv/+rP/w/+p/9s9Df8HX/Ly//t9/+N/qy/YPXX/d5/XfsTyX/7R/+7f8fv+ef9PXufvPg9/v3/7d//c97+zI/9Yb/N9bvpvWd/8a+698/96v/s9Ue/ya/4XS/+6v/4//5j//6/8w/6a/6WX/2/Pvtdfoezv/z3+j1/6u/5e1//no/+8b/oz/2Nv331R/1af8kf9Lf9RX9a+jv/IX/YH/SX/Vqv/pV//99P//3Vg+/9r//rr/js//4H/8t/r/kXr/7B//FP+NV/w2d/wd/9X/7v//yf3vwLf/u/8e/9t7/9r/23fLb+7i//C37ZP/Bn/W2T3/m//8V/xt/yE3/o7/fk/u/9U7/ld//1f/enfvuf+lN+r3/z7/qJN3/P53/f35dOfiL7yx//Q7/67/9dd/7tn/kD/o7/4tc++e2P/sW/4zuf/v2Tv2L95/+1P/X7/PF/+if/6i+6+vbf+E/+n//Rn/v7/cs/+Zv+p7/Vzn/1nd/jN/yt/rb/4s/8B//h+//E7/Cb/G3/wb/yr/7m//rf8rv8ZX/m9i/6j7PfZ/YfLP7yP/cv+uP/y3/zT/7zfvVP/us7f9Uf+yv+4i//kT/mX/zVv9cf8Yfe+5P/9j/iT/iX/6LlH/3uv/7jz/7cP/iv+8te/X6/3+X/8CePfpvTP+ZX/bp/6R98+Pv/k//NX1f905/9A3/6f/nf/c6jyaT48eQ/OP7XJn/tv/m/3vlf/45f8JP/22/8d2z9i1v/zY//+f/Y7/zr/v7/5PF/Xvyb/+Wf/t//Z//27/Jv/j5/5u/xEzv/3F/1W/5zk9959CLbbb/4tf7E/+tP/Q//gL/0y0d/1H8+/TXv/Bd/6x/5+/1hn/4tyf9V/eCzP+N/mf7Pf//D63/zD/vr/rRnb36D679x/Rts/Zv/0cVf9fz3+jv+0N96/Dv8u7/Z7/3H/71/5r/653/xS37TL36DX/yX/arf7y/8df+e/+Gv/9t/xb/4z/4h2e/+9/99//m/PP7r/q+f/G8/+vjX/bd/Vf0X/C1/0S/5N/7+v/NP/Bt+k9/8o//qd33yv/2y3+w3P/mtf73Xk3/o/A/89p3/+p+++DX+hx/8in/1o1//3R/02/+ev854PP41fq+dv/uP+nv/ru/8mZ+//gXf/yt/37/61374P/xTv/RX/pn/+1/5u/wN/87v/gf/Hb/X//G3/vt/7Nu/9n/6NX7P5PGv9/ul/+w/8gf/vb/77PXf8nv+Wn/s//Wf/pe/+96v+Wv9Xf/XF//hP/9Lfo3f+M/7TZ89e/JrfPvf/uV/5B/wf/yl//TvdfRf/Skf/8K/9v4f9Lf8BTu/zX/407/LT/0a1a/5T/wWf/8f8Vunj/6u2e/61//J/9n/9dN/9mz2v/y2v//5r/xj/8R/6w/7Fd/er3/Nt7/7n/Jr/TO/xdM/5n/7o//Qi9/o/G/88d/z+Mm/+9O/x3/1H5W/IvtP/7Jf8Yf/r1/89F/7v7z9yf/lz/8H3/07/+A/95N//f/02/6Pv+R/fvtf/Dn/9N/0S3/535f9+b/HH/bH/1U/9ev8Ow9/4u/+7cq/4/jP/QfPv/rof/1j/8Lkj/yfZ3/w5a/e+Zlf71d/98/+X37/v/R3v/6vf/Xv9eO//89kf/6f8I+c/3Gvf9NP/qA/8df7W3/N3d/gr9ib/CO//w92/q7/7f7nv9/f8fs//t/v/o7/3t/23b+7/HV/wa/7m/wf6a/xtz/47f6h5elv8uv/ir/8d3/z7j+6s0r/leI3/Q1+jdX/9Af8h7/OL/74d/o1rv+j5f/5ye/xq3//X/Vr3v3L3v6PL3/NP+g3+j3/mV/3r/o1/84/+Vc8+Ad+m7/5p97989/+n3/lf/6H/v7/wG/xJ+5f/+9/yyf/yo/d2fvsX/vd/vzx3/L9T3/XP//X+PxPfP3pn/Jf/Bv/5B/1Z/7Wf8uf/k/Wf+X/+Vf9Rb/Wn/Dr3vu//60/ZPz7/MPHH/2q3/0Pf/An/B3/7N/36//d/+Xv8vSX/P1/xX//yadXP/3sd1n/UYv/7Q/8t3/zz/6q/+q3evjtf+ev/v2e1//ev/djP/67z15+8Zv/yv8w/eX/08Pf47O/JP3H/slfeXn0f+x+9qf8Sb/nq/+p/Nv+vX/hzzz59rf/qT/kH/hvn/zX/9Vv/Bf++9c/9UuP/ql/5B/6A3763v37//qDna3/Kvsn/t1//OjL//Zv/U8/+7G3//dv/FN/8l/2R/1R/8P/9R//x//53fN/5Hd8+3v9Xstf+Nf/y3/n7/77/W/V//Tb/JLqP3jxS/6Fv/u3/yM///Yf9Ws9+Rv+vr/xr17/j3/Br/EP/7P/zK//PzT/4Uev/vd//Hv/1YvXf9N//0/8qvKf/IPuNv/Nr/fn/xV//d/9dz98+F9+8skn/+6//tv+il/7V/3KO7/F//a7/I7rf/uv/LN+3//wB9WDF7/H2e96d/9s/F/ce/ZH/fF/1h/51/2eq7/tz//X/+5/8NN/7k9/+Qv/mX/kH/vPDn7q4eOjv+Cf+q+bH/xZf8to+ef94A/6I/6I//Uf+iu2/tDfb/6H/hu/0y/5df7YP/cP+Mf/kX/hb/g/7v/r/8T3/+2/5uRX/MS/+8//H7/6Pz/4xb/qP/5O9e7k9/hL/rEv/oQ/8/f+X3+9P/7P+IN/rb/t9z38yf+9+Y3/yV/1W/zhv++Dv+V//CX7v+Ev+Qd/+9O/8U/7Pf/T/+sP+jv+zH/17529/uof/4f//n/1V//i9X/8z/9d//PvcPff/LP/xn/zl//7f/Zv+Z//16fV3n/4N7Y/9eLv+9/+jt/0z/nz/qr/9a/7rX/Fv/W3/0u/01//P//Lv9ffdrT9t+z++X/jv/Vn/k9/85/2Z/6Zf2V9/fjf/W3/hD/iT/gF//l/+D/+M28P/4nqD/xbftPf4cf+lsN/6z/8bX/r9vf7r//Uv2DnV/w1//rf+D9/9Nv8NX/g7/N3/V3/0v/8bP/LP3P/j/93zn/w6zZfLH7izx79Fr/st/5T/uY3f/VfXtz9D/+2v6z9P/7mp/Wf/A9e/VkPHjz8df/M/+7f+73+kN938ff8Lf/4H/1n/Qv/5tvlf/oX/MO//u/36/9uP/Pn/Xp/+Z+/O/4L/47/8Cf/gfL3/Ynf6U8Z/4+f/Du/6991/X//df/KT/wfb0/b//Rv+YP/xr/xf/yff9/f61/77/b++v+y/Ufv/aF//fVP/eP/1qM//X+sft2/5O/4Vb/eL/sff5f/6rMf/Gl/2h84+Uv/+i/+gD/h6OK3/Rfzf+N/OP+9/+9fp/hn/+D//M/6s/+2X3r2k7/yD/1Ff9mf+A/v/DH/1Gd/3G/18Mnv/G/8wv/0P/78z/2tn/7jf/4v+XV+k7/xFz34D47+wqtf8pv9u3/1L/pL/ot/6wf3fuZP/+v/kj/yH/lv//m/4Fe9evqXr6rnX/w5/9IfcP2f/3cf/S5/1R/7L5z/z//0L3j1L/73J4//1vXd3+ffWPyWf8dP/9X/9NXv8if86X/f3//X/o6//fHf9if/tb/tj//4j/+u//TsP5vN/sp/9e/9Z//+6jd8+9N/3f/+2//6/973fsmv+zv/tjt/wrN/6zf4fX6X9vrFL/wN/97P/56//Pp3Lv+4P/LPufqF/zKtnRVXr3+D3+R/uvj1/7D//K/+736nf333P/t9st/+n3q4fveffvbv/O4//n/+bUf/zZ9w72/M/q7zv/N/+9c+efJH/fHPftHn/8vfd/FXXPz+f/Pzf/w/y/7lv+7kT/7T7/3p1R/za/yhd//SP+n//MU/+eCL3dd/zL/xd//qf7v4L//NP+eP/bf+48mf/bf/ksVo9If8jss/9he0v+rH/6LH/81/9V/9V7/yb/5z5n989se8PDv6n/+n/+lf+vf/uaPiO//R3/w3/MdXv/r4n/6HD/60f/jR73Pn//jW73r8P35V/y+zf/Hf+u1++z93/ov++P/9W3/EPz8qfsuT9W/7nX/gp758+vHlf/rif/iT/q+/Iv/b/9Ddz49/g+z3/7e+9R//Fv/Mo7/mz/ur7v6n//5P/iO/+vP/8Pf9bX7Lf+s//Af/icPvvLu3P/nL/vuf/M5v9Vv8Fr/s+X/+h/8nf8O//vv8it2/auufzP+CX/B7/L6/Mvttv/eX/p7tv/6f/mO/8et/4O/6K//Og5/+t/6ef/8v+bv/o4//o7/kt/vN67//z/mdf6Nf+Pbv+4nf5NOPv/ojfutf99f5df6qwz/i3/wj/oK/+B/8h77/Z9z9xb/1+eS7f/pv/sf8ef/u//SDf7j6Xf+tf+xv+YV/V3vy5T/3G/1p/8K//V/9Q59875/5vb79T372d/+O/8Zf/Mv/6X/v/FdvfbzV/p/Nv/xn/IEf/av/xO4Xf/Z/9e4fPv61fv9/ufgTfuzXvv4b/4e/9Z988jf8Xj9z9St+9T/9m/7Un/53/aqP/sr137f+Xf6Nv+ev+2//8f/ud/7v/vu/+p/+U/7P1f6nf8Wn//7f9juO/4r//qicv/qXfvHuL/23/t7/5c/7bX+Xf/PlX/6b/63/2xd/9f94+O//X7/57/Br/tp/9J//N/6G6b/7l/0jv+wv/SWP/ov/cfr01/7jH/53f/5P/U7/4+e/9h/42/2Pv/d/8V/+vX/AH/hH/8Rf/e7P+udG/+bBxa/+h37Tv/QP/4P+hPx/+1v/h3/h5Hf5s3/Zf7D3v/81yT/86ov/8G//i/+SP+qv+H1/8r//mb/80bM/4dG/97/9b//b33HwZ/zqL37qaPe/+B3v/zXX+V/+O/6bf9bv+y98/k//T8vf5LP/6vvHv9ds/gv/3r/iz/8T/+T/cPun3v7rf97f+Mnvd/Yv7f8XX3z/9PfLf+bk7/3V//gf9+/8fX/a3/Hw7F3xP/y5f0f2l/wVzz75L37q1939cx/8bsW/dfev+l//gr/w7/xv/sR3Z3/P89/wv3rzTy9/24M/+7f6k3f+9MP2H/nXi9/7ztbWy//6n/kDFr/0z/2zDv+Zv/eP+h/O77/4v/+Hv+tv/Zeyf/5//Pv+kM9/t//9259//jd8///4Zf/zL01/4V/9Lz9a/rX/9p/xJ/8uJ7/49/rv//zn/+7f+fv8C7/2H/Yqyf+Nf+O3+h3/xd/qn/19/oTf5rf7X579Jr/+p7/Z1p1nf+3f8R/8dv/xL/xt/9c//+Pf6Df//f6p3+6n//x/9M/f/Z//6t/wP/3e7/8zxd5/dv/H/7Rf8if+AX/VT/91f8Hn93/sb/hPn/+2v+jfuPv3/4Nf/Kq//7/7d/+Tf+PP3f2b/86zs3/mL/z8n/zf//d/4Bfs/IG/+qf/zE/+m78h/+v/qn/rfy0v/uY/dfVL/qqt/2j03b/zv/rzf+KP/Bs+/gv/nPH/dfX4b/6P936nk3/gj/2b/o13v9k//nf9Df/cL/2zr/7G/+mP/Ld/5T/wg+env/zP/8v/ut+n/Hd++7/sz/83f/r7/8T07/v1/u3/7Hf4g/+k/+27f/i/Pnp0+ff9ff/4X/G7/g//9Z/wi//SH//yf/1L/+Z/+eh/+W3+k1/3r/glnz/6z37nf/uf/QN/x91/6ffY+ZdWW//1r/rnHn384M/8sf/2r/iPlr/XP/yP/jXVX/1H/s5P/ulf9It+0b9295948vQP+rX+xt/wf/tq75/5o3/sn/hb63/xv/hzfuc/5lv/+e/6F/wT03/4T/gP/off7V89+VP/p/mf+7sl/85f9Of8yfd+i3/0D66Pftc/78c/+w//jz9+97/8N36tP//P2f63f8Xb3+FP/R3/2R//D/6BP/T877j/z/7Nv/Kv+c/+jF/0K34i/x3/zVf/4r//X35v+pO//m/4C369f+0w+XP/6P/+/n//1/8mf8LfcvTX/XmHv/0f8Lf9etUf9a/+K0++//f8nf/p3V/n3/vsH/orv/znT+989Bv+Mb/W//Izf/DyJ/7Rf/i3/0//s+P5//7P/4//9e/3l+xe/NI7v+w/2X5z74/5U/+Gi+v/9te6+xv83k8e/75/5sXv8Pv/cX/gv/J3/7HHP/Xkn9kZff/kb/qpv/Y//sf/9a2d3+6P/BP/xD/wr/pPVp/+0//7f/XL/s5f+9/4S/7o7/2p8x/8WS/+879q8jf+/r/fb/Uvf/UL/qN77X+999v9Lv/j+Hf8N7/3O//vP/2Xv/tn/sHf+s6//jf+r//S3nd/8b/wP/zV/+dP/trF7/xX16t/8/f8svrD/urtP+GP//0uf7+/6y++8+PVxV//P//R13/8f/x//LqTX7JX/+6n/9Nf8dP13/cn/bX//b/xK5/+xZ/+uqf/+F/6D/1Z//zf+vv9PX/v3/g3/pn/0ZN/5Nd697vtP/71/pPv/x1/42+89Uv/9l/jtz34qb/7x/6s2S/7u/6av/j//N/+29/4t/m3//Xf+Ld59hv9t4d/0G/xe/zyX/Nf/YvO/o4/6Lf++//mP+EP+jd+q4O/5A/8DX6Tv/6f+od/l2//eX/gb/l3/R9/xD/4f/xfv/2v9Q//pf/Qr/0X/1P/zv/0H/12f8GftfpPfsdf6+/63Ve/5j/2F/66/9CvmT7+PX/mV//Mr/nPJN//h05+nzz5ztbb3/N3/Y3y3/kf++V/w+/95F/7b+5s/bO/71+a5F/9i//g8e9zsfs/f/Lb/IX/6l/5m/wzP/jf/vLf8w+ZvfuPfr3f4d//rf/I9f/4v//pv93Hf+o/9T/+Mf/4L/4tf53//teo/off4W87Oh49/q1+97/qT/tX/vC/5bf8Nb//3dGf/A/+On/b7l+ydfKTW7/6P/i/x3/a9q/8O/+gv2X7r/6DX17u/4o//yD9I36N/+v61/mLft/j//ZXrH+PP3D/73/y6/0ayer3/N4v/kN/nT/v81/v87/3P/s1fodHo3/gD/+Fq5+hj36Dfy79g3+vv+gv/tX/5/jj//vOx3/fn/KX/if/x/i3+b//3N/uf7z6n//Sf/CP/rFf+tv+6v/zi+e//O89+K+vdvd+9f/4n/w9/+E//kf9ev/gH/vxL/1jfuxv+Mf+wL/wwe/09I+hPP5f/g/+hhd/8O/xG/y7//fv9n/8Tx9n/8df+If90j/wt/gd/u+zd7/yyyf/6+/xY3/0//27/Tr/1797///+t/7L3+XzX/1PXv9fP3HyB/5r//3v8tf/L5//4v/rX/4t/6//+S/+v/+53/L/+q9OZn/gb/G//N9nf9Wv+vgv/j//wj/s7v/9u/1z//uf+jf9z1/+I//1//13/Ln/x9/8X/wuv/r/+E/n//fBv/h7/PR/9Sf+Pf/nX/rV/zX/8o/6+Pf9By5+rd/lP/41fve/KPm/F3/N3/0b/ib19rvf+f9e/nb/xd/24Pf47Lf5zf/M//uT/+kfXv/d+X/4a/1Hf9Cf+Wf+zb/m7/7yn//H/+b/5v/+Terd+hdt/0Z/35/6+g/+8i//i36vf3v71/jqt6x/u3/01/w3/8Lf7Pf8F54e/Br/5O/yr/6m/8y/8Zv/Gi//1z/kd/pj/pPf/ff/8//ZP+Dv+G1+53/ixR/24vjf/mX/7b/007/Of/xH0T9nf/xf9fLv+I+K5E/76//k8z/yb/kPf/N/4Pjf/p/v/novL7//v/z6f9pnf+hv+g9M/uhf6zf+tf7i8s/6u/74g4N/5x/+df7Wf/mX/jZ/xh/0v63/sH/zZfoX/wu/zq+1OvmD3/xD/9Fv8QdVf+Sv9Wf/J79p+gf9ur/VP/Ur/9U//Nf4NX6r/+3P+kuuf+wf+od/h7/+z3r1h/8af9Oz/3brf/z9fq1f46/7l3/hH3r4m/0a/8b8F/8x+7/O3/X3PP1Dn/1Ov8fib/mxv+PH7v+ev/bf/k/f/03/qn/hL736Ax79gf/xrzn9b/+9P+C/+1s+ef4v/5r/wc7pP/hb/ct/+F/9+/9nv8mf9sf/tX/Et/7E9Ff9Rj99/w8Z/S6/92/4u/z0//YXl3/4X/U7/ml//a/8Vb9G/r1/Ifsz/qvffPoH/S0//rf/Ni8v/4tf6/zf+Or3/6se/Gb/3f/2m3//r/6D/6N/7O/8TSZ/wr/48u//3371n3D8azzY+p+e/4P/9dUf+tlv+6t/jd1/8jfd+p/+l/9k+9f5p/7QX+tv/IW/9h/4d/4B7V//2a/zF/3Bv9bf+Et+10//iN/xD/21ql+R/4EPij/mtzv8df6lP+zXKn7b2W/2Hz365778hX/yH/h3/qLlP/+b/ga/2W/06ya/JG1+zb8s+xN+2V/1X/+Hv+Nnv2bZ/g6rn/mx+4/+tV/xi/6b/+kv+m3+4U+e/eHbf/Vnv9Gf9ef/Jb/2H/BT/8LTv+83yf/Yv/yrv7j87T/65z76Fa9+r5d/x2e/xh/xmxz9wb/9xV/xa/4d/9Kn/9Ef8F/9yb/Ob/W7/+DJP/0b5n/of/MX/eJf5yf+qv/x6E/74/+S3+4P+lv+xj/19/qLyj/l995/8xv/j7/kL/y//oGtX/bTf/4v/Tv/53/yN/xT/8PfNv/T/6z/4n/8hYv/6U//v37JT/wd/1r9fy//4b/hN/xz/sPf9j//k367/+B//PX+3F9++n/8kp8Y/2v/3f/1i3/1uz/ovz/5Df+kf+i/+0d/o39/6+3Tv/jP+OmP/tDf51u/zRe/0z/zd/wBT9Z/5NX/nvwdv/A//Qf+kd/oJ363X/t7P/HXf/E3/VrN8d/0p//gT0h+2d/zB/1rv/sf9dccHf/Bf8Af/ZO/wa/x7/4vv9+L3/b3/DX+rL/187/s2ZM3v27zv/7eP/bb/ga/xr1v/yO//F/8nf+H3+S3+vb/+tv+X9//e//rv3Prd/1n/rD1n/vVb/qb/pp/wL//X/yOo9/z1/i9/85//E/7k/7gX/NvWv6z/036a//af8C//5O//d/3h/waf9Pyv/01/so/8G/8A3/R6o/4Tf6iX/8P+QP/m9/lj//XftOf/oP+l92/6tf8zt+ZHWb/0o/9cdv/8x/02/8B/87v/NO/zR+S/sS/9V//qb/3b/zv/l/fefoH/Hrzv/6PWPyB/+o/8jf98f/DP/TJb3j5n/2+v9nxv/3t3dnWn/tf/a2/4eH3tv6r9K/4r/7Qv3r39/lNf63ZP/yvbf2vv8Wv9e4f/vRP/qd/h99g9dv+HX/0f1Wd/Brf+bN+v78y/aW/8W/63/7l/9yXv+Ov9TN/6K/1p/+ev8Gv8+43/HX/mtdHJ7/GL956efcf+DV/zX/sL/6H/s0ffOs3+IN+/V/3H/jt/6/H/+mf8Qf8+r/Nn/e7/Tp/0H//r/35/9df95v9R7/1b/Vf/f2/ovkj9//gX+vX/hV/1W/2B/0uyR/32/13J7/Gb7S1c3T/l/29f+LzX70+/oN+05d/wF/wW+y1/9Gd3+r3/mv+2T/41/h7Xv4BXzz+bX6tnZM/+J//q//K//s/+GNf/MN/2i/4j36dn/6Td/+h3+l3/p0O/td/+N//53753/pf/l1/z9ZfffpP/Fr/6d/3G/xHv+y3/Suvf8Pf89f47x7+gX/x1n/0G/8OD/7jf+B3+egP+Bf/z9/w7//1/oPfZvWH/HP/55/0a/ziX/BvHf6Vn/z2v8W/lf+i/D/6P/6GX/N//X3/7//0f/zb/7Hf7Lf7h3/JPzb5tf+pv+nP+pf+6X/kX/nN0z/27/81f43f5K9ID3/b17/74W/7e72+8zv+Xr/49/zzf7O/5A/+qV9+8Qf8M7/G49/k7/7rf/B//kun/+Y/+Uf8T//oj//Hq49Wf1byJ+z9ou9UP/XX/Rn/QfuP/51/Qfqn/fW////97/2pf8Rf9JuVv93nP/6r/6Pf+vHqN/8X17/m7/pn/tG/1pP/6A/6B/+y33F0/dO/6Z1Hf8mjP6V89Zde/gd/wF/29//Ov/TX/iP+5B/8xv/J8q//b5e/0d/0+2z//q//539u+d3f4Lf7M8/+uV/71/j9/7I/7tNf4+/6jX/f3+j7z3/Nf/O3nv3n+T/8u45/p9Wv/3/8muO/4k9+Mvv3Rv/8r/F7nv3Y3/Xn/e7f+oN+rT/y1/70n/zPP/nH/tm/99f/Lf6pv/7fyv/vZ6u/bOc/SP6E//iv+Y3+rf9i9Tv9mb/V73T6h/7pv+Y/+WP/8f/8D335e/9Jv/sf9O6ro9/5/2h/zflf+Uv/gL/y7/pN/s8/Y+dvvrf3l7/52/+m5m9p/ra/6W/9K/+0f+U/+kv+tb/5b7v/NzfrX+fg3374b/26//b1r/Pw+s6//ev+On/33/3r/N3vxn/ln/An/Vq/8m/9D//Zv/N/uvM//Uv/62/+B/9Wv87v/ft/9N2ffvJHnPxdv8OP/y+//3/5a37+f739Bav2D/zzf/3f++PvLv6hv/kf+b9/+nu/7K/5+w+/+9+f/AN/4L/6u6/+8n92/Wv82nsf/5I7v/uv8X9Nfu1/6A/5z36N3/L3+PYf/xP/0Z0/6A/+Y/6YH/zGv/V/+u/c/+N+x/9q/l89+J/+5t2dv+l//qNXv+h//kW/6I9e/gG/57/yr/+b/+CL1Z/1X/1Xf9bv/Wf9m3/z3/Q3/KdZlv3H3/8tRn/fX/jV8v/47u/wd/1Vv/byL/q15n/AL/mHf+LX/J8e/Ee/2fIf+v4f94f+lX/M5f/8W7/4jR5/53c7+Pbf8+fs/Vrv6j/q2//U1l/1b/5L/9J//H+Nf53/9jf6Nb/19/0m/9Dv+o/8rv/Qj/8jP/4Xp3/pR7/rH7D6g//wB7/Zb1b9x6v07K/67f+TV5/9r//l03/ij/329p/yl/0V//B3/8YH/8l/cvnuX9n+w5/8jn/1/zz9wT/7b/3Jf+R/9P1f9Gv8+e2f9lf80c9P/pzf8m72J/4bf9x//b/+k3/l7/+DP//iavZf/6X/6l/4p/9jP/Pf/7n/7i/5/f+df+v3+Af/ysV/8Vv8dn/uT/wb+3/T3/QvfvxXTv+H3+G3+jN/n//g8d/1bvVr/0F/5K//J/42v/neL/ytZr/bL/infrPlL/qP0j/k8//pz0p+2z/6X/09fq3/sf51fsV/8+//Hn/X/I/7K37nv+Dpd4r/6Hc8rKt/+aPf/zf5Nf7wP+Gv/It//cd/1P6T3/K33/79Pv5Xf/t/6zf7v/7P3+C/+gN/4/948uv8Q7/nH/TLr3/t3+zX/l/3/8G/9V9N/oO/79f4d97+iff+zmLvb/5bj/++r37J7/0X/NL/7nf7I37/v/TvKA//kRf/4r/zj3z3k8kv/oX/+X/12/8X3/ovfoM/7k/6Yz9djP+gX/6bVH/h8//wf33yL/6yj9/+Ib/o8N/6L/+E3+vf+g1/29/zP/l1/6X/+z85/Gf/5r/iwT++98/+dz9x8V9e/x//9b/6Z5z921/8FT/4p//1v+I3/AN+/Cd+8b/4+//be/nunf/6D/t1/rc/4ff5m/6h//s7f1n5r/07/+4/+jv+vtf/+Pn/8vhf+1f+7F/0O/6x//Cv+slf/Pnk+O+9+lf/oV/73/l3/uv1X/fv/2X/xV/yy37PP/mn/tW/7d7/8Rv+Ad/6B3/F3/Wf/1p/wJ/9K/7zfzf/+3+NJ3/F3T/of/xtf8+//3/83f6C+f/16/5P//3z//y/+rW+vf73f/N/9/K//3t+je+M/vK/4Dd88Gf+0n/6O3/v3V/9f/1av9l/8/Bf+jf/l//p7a/6Y/7B49e/xe+1+lf/8o9+n//8D/un/89f9Nf/Of/W21/2F9z5J+/9ztVfkP3vv/fvsb7+c779z3/7+s/5lft/8v/yd/7W737s1/pF5//x//z7/dt//uXR7/EbP/oT37z773b/j3/59/4P/50/6y/7jf7Nf+jwb3r+H/3r/9Hf/8f/d//jn/DrTn/to+y//ws++qf/+6P/+Z/4J//3v/uf+PPufPw7/f7r7+aP/+zH//Sv/+v+M//C3/Lp7/vnHP8V/8LFX/1b/tmH/8aj/+hf/js++8e+/2j6N/zz5X+wfvz9x//tP/hr/FZ3/6C3v9c/9+v8tv/Q871/8yf+l8n/9i/M/sm/43/89/6Ls1/xT/9nf/Dv+h/+D7/f//Xf/SX/wr/yJ1f/8Me/5O/6Q/6C//6f+ft/w//o3/7Bv/Bb/ar0D/7XPvv+H/P35v/hR9cn/8R//p1/+H//DX67o1/82+R/w0/+mf/g3/35P/xH/uTv8uv/J7/1t/7Df/r3+O5f/d/8+7/lv/uXfvff/cX/8T/4i3/V3/krLn/68F/47/+E3/buH/SL/rvf4if/+t/wDzj8D//O6T/74q/7D5f/5K/8J/+zP+V//CP/t9/kV/8uf+1/+h//W3/Yv/lX/oZ/4O/2+/9Gv/9f95f+sv/73/mN/+7f+9/+NX/p2fXv/vTpP/XTJ7/r3/vv/cXjam+8+1O/weUvKf7bf/g3+d5nP/HfHH75y/6PZ3/q//XP/F6//T/yv3/5b//rv/TX/U3/zz/iX/tL/9B/6m/6pX/+7z75pd/dnjz5W/7MX/Inn/wv/9g/+F/+5pfpr3r7L/1g9Xu8/Yu/n6cP//f/9k/6nX6HX+Pf/13TX/LRf/f9//4vKM/P/4A/+jf+sz76/f/1//2P/sv+iY//od/sxW/wr/+9/97f/zf+Zr/gN8h/1R/+e/47j/+w/+l//TVW//Pd3/If+Vf+8v/tD/z9fr0/+5f96//er/GbfPs3+QV/yi/+tf6P6ss/6V/+m05+7x/7u/7vv/K/vng7+pP+jT/pd/1f/7E/JP2rfrP/7F/5F/6A3+j3+z/+y+Zff/Dw6R/xG/yzv/8/8Pf+mr/ZH/Zr/Ed3s9/yP2v/iN/q+Nd4/ms8+Ke+93f9h5M/96/95b/tb/Q//zX/xj+4/Wv8Xv/mH/gf/x3/wqef/kP/4q/4Q8rZf1m+/U/+qsks/z9+r79h+d/9Y7/m4nu/5d/3b5X/XfnP/8X//L93/37zv7/9/f6Vf/o3af/0P/I3Ovn3/73/5Du/yV/9J/x382lR/jd/1aL5N//nv+X//A//9+M/5J/6h36j3+R/O/6DZ//ZX/5//yuf/jF/9x/65/+t/2f1m/0tf/4f+pf/3X/5X/9X//X3foM/7x/9k/7lv+uv+8t+rX/4H7p+fnLx8eHD1997/euffPz6t/yn/qt//7//4m9M/tL/c/Qzf/Tv+53/7Pi/+NP+77v/3O/yD//b//Cz18+++8uu/vP/+0/Yevjn/Ln/1x+R/o7/zkHxO/w5//cfkf32f+4f8t/+2X/Pw3/68D/4l9/8PW9nFxfNnd/zD/9H/sHf+h84z/7L/+h3zabFb/Kv/1b/67/4T/+Hf/A/8mf+O/d3799r/45f9PeM/ofJf/Mf/fK7f8zbk//4P/xj/9Lf8c/+vf7tf/vfevh/nP7dD37pT/5Jf9of+mPjP/IvLi9+8a/6Jf/8P/0v/H7/+L/9T//Lv/xv/GNO/tZf85P/5ff4i367Z5cv/oA//P/69X+n37mc/LH/4G/7R/51P/5H/IW/YvxXjv/XX/t/+8P/wz/ob/qX/vY/5tf/p7//U//Z7/q7/Ym/5j/97/z+d0b/ef34D7hM/rs/Zv0n/Vl/xn/1F/52v83/9vEf8X/K/36XPz77XX/xv7j9T/07/8r//ncf/sG/8qd+z1/rZ/6tf/fXfPYH/df/+W+4/w/9Wv/c4R/8u3z+G1z93af/8f/18e++9Wve+T3/02/93n/QL/+f7v0lv+ev+fIP/F9/0e4f/+dn//F/Nrv7T/0T5//tP/XT7/7u6d/8O/y7f/C/9e/9Rv/9v33we//b//avke0++MUn07evP/7Oj7/+n86+9eRv/32++r1Oi+KjJ3/5P/qX/mN/w+xu/tPZ9T/5j/7Db/7Rk9/nX/23/tF/5/f+h/6w7zz/0179W1/8S7/x7DfdW+/9Ze2v/W//W4+Sv+ePfnn8O/y2v84v+zN3fsff+nf/y/6oP/Vv/w3+9X/x3/2Nvv+7f/WdO4e//uvvLH/yN/ltppfj3+87y9/vJ18c/X5HLy7Pv/O7H37vO7/P6x//zm/ya37nxeXl0XdevDheXh5f/tJ/5q99+uv+D//KP/yPPX/5/Z/6X/+ak9WLP+y/+enzv+Fv+Bv+ur/h9/3rLn+T/6L8nX6tX+vXKv+7P6/88/680X/0W4z+hP/h73jxRyxHf8ef8K/9S7/NX/bF7/zH/86j//7PH/3Dn/1+/8Vv/A8f/0F/6m/wW//W7S/4I/7Xv+n8//7L/5G/6Nf94o/L/vP/7h/+Lx//Zc1vOf309e/4+k/6q//6P/XH/67Rr//X/XWf/fK/8p/9B5e/wy/8v/76X3v1R37nO3/gL/gNf4Nf55P//r/6y5Y//b/+l//Kn/Bnfn7vz/17/uq/9M//W//Qv/nO33Vw/2/7W/7Uv/zf/gf/6l9851ct3vwVyz/j//4r/qu//Nf5qX/tX/r9Xv4z//Bv9Tv9UWd/6O/ym/81/+wnn/w2l7/gt3nx+33xX/3pv/VvefgPpoe/+l/8S75z+Qv/jPP/4f/+2/+SP+Df3Ntt9/6Pu7/1H/Eb/Zq/05/8B/2jv/tf9Vv+X//sJ/e/9Z3fcnp87/DX/5N+13/rNx8d/xH/xV9R/uT/+lf8F2/+tJ1/9Dd48uR3/J8O/uE/v/4/f+t/cPpf/wb/wz/8O/8nv8ef+b/+Fn/a37lu9/62v/83Oj/9q/68P3/7i1/n4d/18Nf932bv/rLr6+tf9ZfnDw9+t+vf7X/7y/7t/Pp/y//uX/UP/Q13f+O/fmtx8d/9zH/98B/8Vv1/XvzWd//4H/8NfpM/6B/+23+ju//n7/OH/TH/afKv/f1/29/yx/+yL3+z3/e3+/P+rYPxf/2n/x//wR/40f/9u/8bf8vf/ut88of/suS7v96v/E8n31oUy//m3R/9v/xPe83/8j/9wb/LL/2ffvwf+uf+6X/2n/7n/ul/8jf+pf/Qb/d7PLj3m/62h//bf/xr/LI/4M/7C//YP/v1H/Rn/tl/7J//h/7Zf+wf+rv8H7/Bzi9b/SG/y/jFzq+3/CP/xN/5//iD/tn/5fv/xfU/VP9P/+g//s//43f+sY//0X/6n/0n/+F/+p/+J//x3/Wf/l1/93/+n/3xT7Z/3T/id/u3/+3f/eG73+1/+93/qq27n3358l//V/75f+3Zd/+d3+KvO/kn/8K/5w/4L/+z/+uv/e/+g99/9vf9Tt/9Lf6o79//h37H9N/6m0Yv/6df+fvU//P/8svqe83f+hv+T3/Lyda7/+M/+o//j7/sz/vN/rOP//Nf68cf/06/xz+7uvf7/xv/yR/68pf+U4//rt/1t/rjVr/sl/1NJ1sf/2H/y++59Xvf/Znf9w/467//6pf+Br/13/WX/R//3W/2z/yaf/Gf95v9M7/uX/zv/Wb/zK/9F/9Jf88f8M/XzeoP/cv/zD/td3zyB370M7/ZP/MHnv26B7/rb/Xq2R/06z//VQe/6nd98x/9KX/I4h//53/Xf+hf/LX/4r/vN/tnfv2/+P/4zX7w+zz7PX8NavBrP3n4u/5pv+GTv5ta/8r6d/uP1v/0P/sb/R0f3/u3fv0/6/rP/lV/1q/6s3/dP+sf/mv+4//oD/gv/qPZf/EfTf6L/+j81/t3f9vf94/6Q//E3/6/+43+o9/y1/jrvvPib/oj/6A//4/89f+7z/+AB7/GL/6N/q3f/A/7y/63v+zXPXh4/Zf9bn/5v5X/qne/+z/0xz75c778yVd/0Jd/0O//p/ypf+if+3v97/X3/sGf+j3/it/kD/hr/+x/6tG/9Qdv/a5/71/8F/3n/+G/+dFv+rsc/pm/2+Hv8Q/+Rr/p3f/wP/9T/pQ/6T/7U/6U//hP+o/+pF/z48sf++1/v7/mr/1jfuEf+Pv/sa/2/qOv/qk7d7b/+f+7+tbf8gf/kf/w//p3/qe/bvIH/4t/3e/121xO/phX/9ef+n+d/d9/2R/4r/we//Vf+Mu//N//79//f/8Vf+6/+6/9Nv/Hyb/7W/8ff+z/fvdX/tH/yd/0q/+x//t3/Bt/9//oD/zdf53f+3//4jf5ld/9p//A3f/z7/vytzr+dX6z/2j5f/yKo3/5f/xPPvn3/t5/9p/96Xd/2D/49y1/z+PTZ0/+vj/iD/r1ftNf/y/6Q7PZH/b7/51/9H/0O/0WH/1ayeNv/Xv3/6P/5eg3/wW/ya/5m/8mv+Z/XD/9n/6pf/PP+4//o9/8N6vS/zj9D5/8w3/5r/Xy4f/0ux381f/z3/hXn/0Wv92/svrN/5rf43/9eO+P+Yv+9O9s/+/H/+R//wc9+33/w3/+5Pf46//hXz375H/58/+2v+Iv/eNGf+Gft/uH/hl/x29y9otO/sV/7u84+4Ne/2uv/9W/7U/8/X9wUf2yP/e/P7iX/Ab/wZ/83X/p7/8rL5ZZ8Z//J//Nf/E//M+jna3/7frb7fPy3/tv/7c/7Jf/yt/+z/59/u2Hv/tfnv/nf+G3vvUPfvrp/T/wbfHf/7e/y2/3O/0Ov+DP/nN//9/79/2p3+/f/vf/3d/j4PGjf+AXPfzP/tlf/fnv9vTp09nsd/vN3v1TD8g3Tn9R+mu/+bt+i5/e+vP+iHd/4k/87v/nX/3j/9O//vqP/w3+rr/ht/6X/7Wr3+vh/5H+eb/0H/nid/yrj2ejv/9X/A1/1p/wR/7ef+p3/4k/7Bf887vpd/6N/7r++37qr/gX/p2f+fIvPP71/r7mz/3dHv39/9n/8tHef/FffvG7/aF/3p/w2/8e/93e//Jvfv+/+p2//xv+nf/Rv/n7/IX/wG+8/Tsn/9R/+Le2f+Av+Au//y/v/X0/849t/VV/0cV//pv/KX/S63/70d9S/x+/+k//z/+z/+4P/GX/4V/81939yZ/6M37Jf/kb/B2/x6s/61f+T//KX/KDf/Uf/ugf/x3+4fQ//lt+97/hj/21H338+//iP/PP/vG/7A/+zcYn/9T/8kf8Xn/0P7v/h/5vv+DHX/8dv8n3/rh//W/9nR/+63/fb/u3/GlfPv3H/rsnJ3/Ln/Q7/QX/xC/5q373//EvffOn/887/9U/++zg4nu//1/zd/z4X/JP/zO/84//ir/v9Pf9s978Pf/I9d/19z05+b//kL/k1d//L//+f9qf8L/8zpe/9N/f/fS/Wr74z7Lf+/f/ZX/pf/R3/Zn/4//xu/zh/9307/5t/9Prv+L3+RV/VfG//rv/wH++/NX/3atf9Df+t//CH/u//Nt/3dZ/+fv8Tr/mf/L3/vl/8u+//Kt+vV//r/7Hn/0P/+qf+Ksv/vq/8Z959vqP+F1+m7/s7/4D/pD/ava/PvhN/tW/9X/+3/7dB9/eu/PR//J//PMf/Yrf6k/5vba3//p/7bf/7x/8YP/5+X+8/y//sb/uP/WbfXr4V/1vv/rT/+k/Xz2+vP7FP3Xw3/73/9If/sv+23/8b/0Xf629P+Vv+UP/g88f/jl/96/30//Tr/u3ld+Z/1NH/+Yf9Xd//pu1r9/80v/m73/95//N13/Fv/vkL/nX57/s1/yL/+y/71v/wf/wp/7RP9k8OfrN/vjf68s/5+Cf+du++Ed+0Z/1R/0W//bv+OTZH3n0H/zDf83Df/IP+bV/+rf4Oz+6/Off/H3j3/Cf/wf+ztN/9w//vbNfd1L+X3/z39j+cQ/v/7p/12/5X/4F/+X4b/zt/rE/63f/l//WX/kTv+gn/6Ivjv6Bf+PL3R//H/7P/+Af+ct+p3/5n386Onr9S46m/+zf9Mf8zX/PL//T/vj/7eXf8V/95r/yT/vD/5Zf8X/83f/LX/ufnf3U//hP/GX/8l/wj380+cOPP/sbf6Oj3+2X/xOv7/x7/+X36j/mz/lN5j/2a3529w/9r/+3p80n/8Pv8Tf9pj958F8uf8k/9Gevvv93jf/y1f5//fv8fv/23/sn/w//x5v/8Hf66r/+M5//2T/1z/zJf9Uf+Z3f6O/8O3/DP/V3/z3/ht/h06t/9N/43n//h/2L/9M//1/8u19s16P53r/z6x/+D7/q/q/4jb7z+f+4/vJv/S9/1d/2J//Kf/ev/K/+vid/0fb+f/IXr/6Wn/zT1h//me/+qr/qPzr5zb/8BX/Wtx8/Kv7cP/ZPu7r4zm/+2/72v/7233D03x7/bv/Ob/nJ7/Yv/35/9Phv/l13/7zf4W/+5y9/v4f/3K/+x3+j0z/xv/yd/uj/4H+4/p1/6s/5y2a/5N7f/gf+dXd+29/ie//1v/F3/8d/xV/wf/0n//qf/5v+a3/jy8X/+Nvd+9v+7R/7B/+av/2f+o//oc/f/S1/0h/yf/7Df/ebf/n/vP8//i//5H/8Y//zn9v8+//cf/Jr/8o/6duz3/g//E0ffPkr73+n/Bv/sv/tn/rBT7z4yWb7T/gHf9d/8i968Lddf/UH/xm/Ivu7/sd/9/fd/avr8/9z8qv/iv/pzX/x9/+J1U8Wv/Tv+2f/y5/8N598cf9f/+5v/ztVv+//9Hfu/42/w+/6f/4TW//XX/Pv/Qflf/H3/kl/+F/4S/6b/7X9M/+t//ThH3z///zf/tL/7F/+b+79fv/27/j8ox/7jf/43+6n/8v/6p/4J//43/Fv+/0e/9T/evTPvfh7ftl/+iv/7e98/x/5w54fVx//pu0f85v8c//k//w7/DYXv+U/9S/8V//Wf/df/Cu//7/0T/4d699+51/4L/7Ev+Sf/Mv/8r/w1/m9ftvf4o/8c/7Ib/2Xv8dP/3Hbnxz+XX/BL/hv/6xf8C//yt/oP77+hb/9r5f+9F/wV/4e//R/8dds/WuT//Snvv9f3/nX/pj/7nf6RX/l4Zf/7HcefucX/xH/6T/8N/zRW3/4n//P/9J/91/+R/+SX/Lb/1q//7/0g/lf/WLyS//VZ39H8VOj8//04vd6/nf9ef/7f/0Tf+TeH13+N3/bn/9fffvP+S2n/8Xk1dWP/QO/5PH/+CefvvzqT/uX/+Z/9zf4Z37Hn/zd/7Y/+O/8R/7uf/fBFz/9Z/8dP/br/YN/6tHv8O/9Zr9/+huPP/4Vf9/ZH7n1H/zCp5/8Df/8lz/2Z/5J/9t/9Rf/Bye/7Lf5l/7lf+q//Uf+zYv/4A8+/m1+8W/4O/zbf+L/mP1v7Z9Q/WT9G/xnf9hv9Gf/+f/hq9m/vvqp3/QvfP7r/f2/17t/6g+bTf6+//nv/olf9j//O//cH/GX/s1/+H//5r/696v/+pf+zj/+S37x3/t73f2N/pDf+ft/96f/1N4n/8Plb/ybv/1j/62Lv+Hv+9U7f+7+tz/7H//Bf+t//PsOd3/zP+v8r1n8J/Pf/s/4H7P7f8ofcPbg0T/2verP+2f/qb/5e//aX3L8e/0Jv/D3/rP/01/07/5pf/qjX/7sX/prR3v/4p/z+/3+//Lv/Dt+95e/+uX/3egP+ifu/uP/wN/6t977w/+nf/X3Xv7df+Xbf/7P/Mkv/52/43/8tb/3N//Jf8v8d6t/k6v5r/E3/HEfn/2mv/n/+If/bX/uL/53vvovf9tf/T/9oX/dL1j/8Rd/bf0P7F589PKv+J0vz//4v+H3SH+77x/m/8GfffTyb/hdfvwv+bE///f6F3/Jn/G/PfzkT/yb/s2/+e/5F85/jb/uz6t+58e/x/zH/+5/8Lf9hX/LP/rZb/Gb/ZL/7J+nxMzv+R9/1r7598qf/C3+lfPf7g/9r/6Z3/af/C3/gX/vye+2/Jv/jX/iT/pXv/jnv/jyP/3v2l/zN/v9f41f9If+pv/GH/ln/Kpf+Pcnv9Xv9eKf+w/+9P/w7/sb13/j3q/8/l/7i37y7/glv+jbv+DX/PP/8N/iwT85eXbyFz7+43/i9/kHzv6Qf/fv+Uu367/u93x4/PThf/2n/ud/3p/3t736Rclf91vt/iP/7T/6V//zf8qTf+M3/Vf/kovv/NN/y+/15/zYf/F7H/2Gv9W/9Det/sHf5bOf+If/vKf/4IuzN7/76V87+k9/1/r//r3+mt/w35/8n3/Pn3l59c/+I3/z4m/4VR/9p59/+d2/4Nf8z9Lnv/Hv/uiPbv/GZ8+rv+Xf/+zv+9/+zH/nd/gP/83f6D+o/5l//z/4K/6x3/POH/h//8W/74Pt8jf4rf/77aMnF//Tg/+r+at/o9/qxb/7xZcX/+LvMP7eTzz7i/74s7/pk7/24y//rHt/5G/wx/7uP/4n/t/v/sx/4s2bf+WP+NvLf+9Pvft//zqn/9PO3/wP/DN/yH+TXf7M8U+N/+RXf+wf9T/9G3/d5T/17/95f8U/8NH3/to/7OW/8Q/8Z//d3/h//aGffecv3//ev/K99Z/72//ks/tHf/QftVX+HX/D3/yfP/lVf/lv/hc8rb77i3/81/4LLv7z3+t//7ev/rCPf+rqq8eLB/Xv+nv+Cb/Rb/HX/HOj53/L2av/6E75bz75xX/uX/YP/6/z6n/7T3/Z3/bx//Tn/g4/9b/t/zfzH/wf//J/+Bv92v9g/vz5H/bv/xWvPrr+h3+/b+/+4Kf+6L//F738bf7L3+G/+RN+/Nf+6N948xv/otdN8gf+83/Jb/bVn/lb/XH/y+J/+dvv/ub/5Gr+1T/9J/xL/+Tv+GM//pf+3f/W//yL/oVPf8HFV7/D3/z7f/qH/y6/0a/4W179yb9q/pf+Nr/lL/kn/ts7//FP/LO/6i/463/7P/Gf/A9+8Kv/++b/+O/+7r/pN/8r/6gv1sd/W/07/S7//D/35//lv+Wv/Zd/+nf+xN/x961/zb/1z/4/p//079veX3znV/2+f9qv+Ttv/41/wP/1b//Sf+2X/IW/yx/59hd/9T/+Tb/WP7D844r/ZvL3/fRf+Cse/sfpy3/4X/9Nq3998i+++wv/w3/p8q988m/9ub/tn//Tf+3p5d/7pz74P/7gf/Tz32vxV/zXP/bkV/9Vf/nV+PGf9m+8+aX/8R/yHxT/2IM/+Z95sHjwJ/zy1b/7n/7Sb/8Rf9jP/Prrv/OX/ORf/St/i89/6R/+B/wJ93/hz/xGP/U7/42nR7/d7/Jbf/IX/df/x6vf781Xv++f/e43+3v/7N/yz/hL/8g/+/c//z/+rH/zX/239z/+1Zfjsz/gN/gFzZ96uPzx//qP/DV/0T/wS/6Ib39++Nf9UX/Fn/XP/R3/wb1f8i//a/M73/0j//uq+Zt/8if++ex/+bP/ndW/++TZL/7277348b/nT/2P/8g/68//dR4tz8e/+ou/9Ff+hf/On/L4f/sP/o3kB3f+kX/sD/mn/5FHv+J3+/w3/Yt/+r/8q/6Cf/yv/sv+yt/72R89evrwW6//gl/v6e/yf/3eT/+CP/nzf/0//Q1+8a/+t/7ov+ejv+l//Ad+q9/+p/+Gb/2CPzH5+/6Un/ld/75/8Vd+/Ov+63/q//Dwd/tNJ3/vP/AH/oF//r3/66/4c/7Xs1/0R/zn7d/w2/6xv+Gf//iP/Cf+ie//8cv/fPzP/5v/7p/4y05/l7/47/4t7/wHf//3/rM/4dM/bfR3//WTz//37Qd/4z/0a/+xf/7v+etf7f+Pv8/v8H/+77/8P/m/fp+P/oiXf96Duz/5P/1xf/Hnf/nnf8av+Ef+rH/p9/yz/vN/9hf8qi//3X/889/pL//d/9E/6s/5NX+t3/3f/d3/1Z/8jX77n/4j5vv/3G/wJ/4b3/nbfr9fkv4zf9vbf/Z3+2X/7Jff/cV/wd//5/72x//w7/Bn/Nu/92/3q/6n3+dPPv4z8v9h65f83X/FP/Hnnfzpn3zxT/7VWz+9+0988p+OfvXv+b/+fvfv/bd/81cHn75qP/mNf/8/9p//3pf/2m//2/3Cn/73/tc/4c/7N37Lf/D/+q9+x9Hv8+3zf/ffbn75//o7/eb/yp3zf+hP+8f/6b/mT/ynfs+/9jf7J/6232g6/k9/+V9R/sO/+h/+rf7h8l/+19J//7dt/5gv/oMnv7r8I/6a//Xf+dP+zn9yfedX/1XH+V/yT279w7/X3/JP/Zc//s/+l1/933/oH3j6q/7vwz/o9fRn/q5fOv8Fv+lf/hf9M3/Br/ftX/Q3ts33f4eHv94/+Pscvf4b/9oH3/6l//Fv9CdP/vG/8vIPePVvH/7iZ//G3/z5f/rml/+uf9/f8Ff+NX/sX/Xb/75/6E/+zt//G//7+3/LvX/uz/lfftlf9j/+sfO/9Bf8Tv/bn/b3/tRv9Xe8Xv92L/64P+yf+Pw///if/ysv/9Hyb/mFf+z1f/OX/T1/4j/w6nf6bcZ/wa/63/+if/0f+xv/hD/sj/1d/q6/60969Pce/Tu/2e9z+lf8Rf/Xn1Yevv3b/9Jf8Uf/2Z/943/tf/iH/9H/27Pf73f8s3/h3/wH/CZ/9t/5W3z7zZ/2Z/2vf8L1b/HT/8R//6+1v/vf/2v823/i7/un/Jp/yb/+U3/2b/Gf/L3zf+Sf/OsmD/6wv+lvfbFqfvLy6cEf8Yf9vr/Hn/mn/+//3n/513zrn/ypavQv/4rf/ux3/i1/+p/5D3/73+83vPp9/9k/+uUfV/5788Xv86/9bclv9DP/+i/8K/+Q+X/4x57/on/22//BP/ln/O7nd//0X+8Xv3j5H528+kf/68OH128++VN+x1/z9/oP/q29v+uX/br/2uh/+Rv/lu/9m2//nX/wX/ztPv73f/Ff+Mdd/4l/5O/7m3z3T/+dfo8/6T/8r363f+x//v3mv90/c/Kb/qPz2a9/8X/+7r/Jn/83/27/5L98/2/97Y5+1z/gL/qL/7R/5fH/+Mt+6fXzf/jX+2f/uL99/O9s/zf/zB/3B/15X/7h27/jP/Bb/7ofv/11/5DTs//x7f/+5e//W/3Sh//Y3/G//ga/8K/7G/7qX7X7Z/9HP7j3D/3lf0az+A//4S/Plu36H3r3x/+d/8ev85999xf8yoP9rfWf/sXnv/52+8v/+3/mp/7DP/Jv/bf+8fPf+d/9W/+8/T/9J37j13/N7/bRd3/iX/6nfsm//2/9Wn/4H/Dffv/X+4v++J/8TnXyS3/Vr/Xbvf6d/sDfb/Wf/SWj1//xn/Wv/jX/Uvvf/0n/zu/9vcWd+5//zB/zXz76Q/+jX+vf/cv+/b/qe7/PH3/9D33vv/jt/7W/67f9J//F2W/2W/1J/9LZz/xVy//y7/gHf8nhn/VPv/oHfutf/g/f+2v+t3/jpz9/95v9l3/R//Fr/gP/0L//3/z6v+9v+2v8I3/V3/Cn/6o//8/7E3/rv/5v/J8P/vXf7c/6W//pN6+/fPLs11r/xn/yX/Dnjn/V//Lo7/nbfqs/9KPf5e/4n773D/61/8J//Cf+1G/xK/7P/+If+JX/3S+f/tP/2btf9L//rX/AP/d/Pfod/+Zf9T9s/ys/82f+dPYXp3/Sn/Wv/xWnl7/4//hH//e/+F/57X7j/K/9sd/8z/sdkj/2z/7XR//B3/IP/xf/Zfmv/q6/0S9/+D/9lj/5b/+W/+2fO/+1vpr+M+f3/5iv/u6D7YOf+E/+6//4d/mr/+t/sf3uf/3Jb/WX/tn/6S/7HX/13/3V/T/1yZ+y/ed/+kd899F/85//Nb/u4l9++q3f4vNf/eO/3v1/4/f4B//4P/p3/dN/yye/xT/z1c/8r9uH/8Ynf8YfNjv7ZW+f/22/dv1H/Ob/9m97+Sv+pdV/+sW/9+/893/0X/0//PEf/Z3/w7/1ZvQ3/jn/9H//l/253/p9/4I/63f/E/6WH9//S//U3/8/2Dr7k75/+Pf8Gv/B//4z//Vf8tv9m7/kt3tw5+z/yn+3f+Jf/qN+t7//i/Evmv1Zf9Z/8+f9o//g3/5f/sK/eedv/E9+8I/+m3//b/E3/M1vf/pf+Rd+p3c/NvlX7n5afffv+gf+g//7f3j4D775G978+P/wG/1vv92fmv2Vf8of/Qf8h7/dX3T5y/N/993v+NW//Gr/9/srFz/9j/1lz//rX/pTf+Cf8Zfd/R3u/G6zv/Xv3b3/g19z9Oev/qm/+tv/9Y//bX/V1r/83/zh/9Uf/7v9fe/Su3/xL/2Z6k/4x/+H//PX3fmb/sff8G+c/ZH/zr/+MxfP/q7f4r/+k1/91//Y9S//K/6Tv/nZ3/Pf/1f/zD/xv/w3f8o/evbmL/71fsWf+y/P/8W/5W/53f7Hf++f+a3+/N/mN/9f3v69v+7v8Bv8M/eTT3f/tz/hf/ypv2z+z/06P95877v/62/4650f/+u/+X/7n/9tD/6WP+o3Ovjq9/vvv/9r/PLf4sHhH//b/A/f+/P+wL/tj/sH/9o/4M//D/71//Grz//nf/2//S1/3bd/0fy//s3/2c+/u332j/7aP3H2l/93f9Tf9Ad971v/+6/9l97/i3+b53/3b/JT/8PqW7/+//C7/ve/5E/8Z3+dH/ti9Lf8lf/hd579F/W//1td/Nj4u8nhH/Pl7/Kb/HN/yt/+n/yP/3z7u/6dd//GH5T/11/9Fyz/lT/9t/sP9z6+//gv//1/nzf/93/6q1ev/8s/8t/5C0Y/8fa3/Mt/y+//RX/Zr/rXH//qP+0n/pM/88t//Vf/nh/9Ln/5b/EPtL/p3/brtH9I/cf91r/7t36X3/Lf/aP+yD+h+AX/+Nt/5nf4c9u//D/6NLn43f/98t9sf98/6Vf87T/+B/475e98/mf/d7/Pm+J/+73/09/1b/3j/s6n/8X6b/zs4z//H//JP/UP/aP/8epvuNz7i+7mT36X//lX/Kf/wN81+2f+rd/hj/gT/7v/5l9tfrM//Mu/9xf9jX/y1u/0R3756/0Hv/Xv+s/+1v/4f/F73f3q93z+z25ff+eP+xd/2cO/Znz/5Jf/E7/VX/qHz3/Jn/jwL/wTHv0Xf91P/N3/3Ed/zV/3J/+a/8ev/fv8Cb/4n/oNfuyPePpLftfVb/p7/2t/wu83/ul/6585TE7/i3/st/n1/7n/5eGr//6/Pvxrf+Vf+3v9+w/v/XV/+2/7L/2W/8by3/2bfq3Dv/bP+Y3q7/6xf+uf+Ov/0h/8Jr/Bn//fndz/B37bt7/68Ojf+WP+l2+nv+If3vvi96z+u/k/n37xLv9j/+zn/9Vf9Tu9+gv/yOp//m9/6eK3/+zP/N0/efeLfp1/+J/5F/6Tv/5ffvHf/MfZX/fP3P+NfuJ/2f8b/5y/42//DdP/7Nf6j37sd/r7Dv+kf/Dfu/u3/fS/9g+ufqf9i1/48dPf87f97X/P/+Of/o//gt927+zf+eLO8+Lt3/1XNX/Pn/I//s7/1cd/2u5/9vg8+7F/5q/6/Lf6xb/3H/w3/yl/zN/9t/9T/+Wzn/lL/4t/8gf/w//yb/xpf/jd/3H/r/nff9fHf8Vf/Gf9Pr/F73/nr/oLD/6a4rO/78v/6j/4zf/kR7/fX/PwL/gHf+v/4a+58z//R3/q1fmbp/nf9clv8OO/5Mt/arH8Hf/If/Pv3P/Nfvu/Nb/zD/9aH3/6a/7En/QTf/1v8vf/oXf+wX/+1Zc//u3v/Mt/7z/97/+Bf9a/9/zB9/7i//HX+g3+mb/vn/3xv/Iv/9v+8Ld/13/4M//RL966+Ff+w2d/1d/+J1z+e3/Bb/DgL/53f+J7j979t2e/uv2t/4/f8j+++uhP3PqX/tQ/8jf+jf+WL/+94s6f99v965Pf8j/78/+C3/lf/3N+56vZ3/UTf/Xf8/u9Hv/Wv+Hf8d/8QX/u9/+P/+X/+qUf/47/xV/0E7/bn/xf/xnb3/43/se3f+DL9Oo3+H1+i9/zP/mP//Z/fftv+hP+5f/j9/5H/6e/6K/43Z//Wxc/+E/+iuYP/8f/kz/s7/xvP/5ff72/7b/7K/+ef/IX/Zd/1r/46Nf/137TP/Pv+tcumt/6r/4HLid/zb1P7/1Pd36H6sGjP/OP/6d/ux/c+wdXf+Lv9sf8M7/W3/fv/x2X3/2f/rv/5dl/+X8++B9+4z/2X9y6/vN/8e9fVcvf+zf9G//9j/6cP+t7f/ef/fv807/nX/BP/9b/8l/947/ln/yn/Kn/wV+W/RX/+3//n/3hf/e3/qrJ2b8+/7/+7b/2t/mt7/++/+xf99t99md87x/+O/+dT/+63/b3+wOqv3n/n/5T/5yds7/5H/h7/8rVP3Oy/a/8Vr/n3V/4v/8HP/kf/oHNX/+L/odHv8Mf8X/+uv/QL/zd/91f9O4f+Xv3/56/4Z/4Z+79z3/B//6f/fVv0z/z8eev/rc/+Hd7kfz4+p/9X/7nP/af/qt+4//4y9/w6f6f/jf+Z3/WX/hf/wWXf82f+Sv+zj+j+c6/+uyv+A8e/t3//t+/89FH3/0XvnfvXyv/h0d/wJ/we7z7D3/lp5PZ3/8i/9V/xv/x5/4fv/zq8Z/w/f/2L9wtfqcHv/f5r/jjfv/9v/r3+LvP/7fy3/pr/6fzX/ZP/r7/xi/+T//c3/5/+fW/fPg//C5/88X9//B/2/sH02//K/M/7vf98jfb/mfav3T5P795/svP/r6XX/4xf8K/8Rf8t7/zb/b7/MV/QvKX/Pt/6dM/cPvvfv3nf/k3/Drl7/Tt53/7yd6/+ace/+Jf+897+Ds8/kN+17/m//zz/v5/9C/+e/6QX/Wn/f7/zL/5h89/t+/+Dvt/2H84+a1Hv9U/8D+sftnq6k/5d3/Z6Pf+FefXv81vSbHKo9//23/+b/RH/yaTP+j/3t77w//xh3/CP/zH/g3/97/w3/95T//YP/o//zP+in/iL/pt/sf/9rf6p//gL3+7//byX/kzjh7/Wq//gpM/6sd+79/9O9/+Bf/cr/zxT/7a3276rd/ql/5mb37iP/37X/2L13/bP/sfrv7B3/5P/Uf/nH/3+Lf8e//G//jt//Yf/D6/8S+Y/mV/ZH3vV/7XP179Yf9o9Sc+/A0///X/wdVv/7v8S3/Kn3/wd/2Hf+5//Of8J7/2L3r6gz/7O7/zf/9L/+0/sfgj/8PdVy/+st/1s7P/+vf8l/+Cv/nNb/PbPP2P/91/9F/5pU/+vL/gr/0l/8Df+unf8tv+5C/738/+4h/8xOs/ePGdf/m//6P2/9v/6f/4b/7F13/Mg3/hTvUr/63/8Kvf5T8b/2m/9H/+sX/0n/77X/1nf+xfmI+av+e/+Av+x9/pv/zz/6q/75f+qb/vf3r1Y7/BL/td//Hf5h/9G/+Pf/4/+h3+xbd/z+/+X/5Jf/lv8tXqz/zuL977/X/yt378z/6vv+a/95f+F3/vf/G7LO9/9r/9B39W+e/+rb/5v/Lij/3Lv/tb/uO/7Z/2p/zK8b/yn/5Wf+y//If+wX/GX/ir/us/5H/4P/79v/Lxb7f9j/yHO7/jk+tf9a3f8xf/xv/h3ze/9xf+13/+v/43PPxlj36df/lbf/a/8y//88mv/8e0V//57/TPTqa/+d/6O/333/oL/qV/8b/5t/7G332n+vf+yt/gN/yVf9qf9Pm/+Wf91Ld+r9/qX/zp438huffH/yX/5u9Z/6b/3N/1m4//3t/rP939L7/1bzS/55+689f9GX/sH1Sd/+nf/i3/kn/5j/ivnv+l/+7v+z//I7/z9S/4E//EP/qfe/On3/sf//P/495/8tfd+QP/9O/9u7/XL/1tf89H/+z/kv4Df8k/d1J/3rz+FX/ig/Xv/U/9Pb/+H/e3vf37/qzDf/0f+Uf+mSd/3slf9j+9+w3+/V/0V/0Fv93v+tv+gdd/yk//sx//bid/5C/46d/lL3/xU3/27/R///u/9l/+nx0v//B/4Nv/8A/ufPlPfOvf+Vt+350/+f/41Ye/3rf/zR//5b/0j/qbf+Hf+wf8nX/B3/kb/YZbf/tp/nf8i3/a9Kd/8T/2Z/w+v+Tfvfwdm9/8t/zN/vZ19ed+/4/7T/7RP+DvvvPoT370F/1Lv+Vf93f+PZ/8dj/4yf/kf/9z/qNf8M//Wf/sH3n5G/46f/fH3/4/fofj3+3X/pf/8D/lq9/70W/47d/l16K5/dv/x/9t9+r3eLL3b/0Tf/zv+Oa3+O6Xq3/iD/7xJ9/+jf+jw8V//o/+I5/+u3/Xr/43fstPvv0f/bKf3J3/Uf/+v/rP/ZI/7ff+r//43//H/9H/7bO/5D/593+/v/7v+S9/g//x6fx3+u3+8E/+yL/h1/7P/tL/4C/99f6H//b7/8hff/cP/z/+51ff+5/Of+Wfv/z1/+DfpPxz//h/4r9//vn1n/kb/ge7/8F/8/fnf9M/svplf+4P/vd/8p/8Df6xiz/67/vst/01HvzYL/rB3/tf/B9Hf/Bv9Rf/Kf/c5//yL/s1Jn/L9//gt4d/2f2/5X/8O3+jP/bP+zP/xz/56Z/0t/2if/9v3vulH/1uf/THe/VR+3f8m7/Nb/GL/t6Pfuqoyn/JX3P5P8//zd/+7/6lf+pf8fn//av/3Vd/6a/5Hx7e/6sOftffvflz/ua/5D/5rX7/P+e3/cX/25/3M9f/w5/zN//J/+t/+gdP/5S/4Yu/7V/6/X7Jb/xb/Za/8X+y9erP/03/iKvXf8jyP/gXfubf/Tf/8n/1uyd/51/5C8r/5N/4a/+7j+8+uvw7/q//+G/473/ff+rfefvF9sVXf+Gf/Gf+sYvf/q/43X/9P+H87/jp3+WT/+LP/z3/wwe/5x/2n/1v/8w//d/9NX/w//h/fKf4LX7pf7f99//tb//BX+N3+A3/0j/sP/jT/q7JP/M35L/zv/DsD/0v/tG977Uv/87/8GDrwR//00f/4O/yF/ypf8Ov8c988p//Od/7we/yZ6x+8T/2J/3kH7T+Z36LX1T/U//6L/1L/rq/59l/8cse/1dv/pmL3+cX/Md/9O6Tw9/61/i3ftEPfud/8ifnf9y/84f8Jn/SH/5v/Kkff/rX/xf/yX/yv9xb/fKnf83WX/tb/K2/23/49/1R693f9F//X0/m/9voj/qv303+tJe/3z/+vXt/Z/3p3e/+x//JR//F3/fsP/tbquf/+1/2F2WX/8Av+uk//f9c/a2//A/+O+//0y//hH+8/YW/+u/8VX/x4aO/55/8+Lr6zuPf63/9Tf+tv+qv+d/z1//Sr/VXT/6uX/f8X/xz//N/81/4a376f/03P/3Dnv6RX/zbf+zZH/Ebf//v+KeuH09+wX/wB/+Hv+lf+j/+86e/87/z+m/99w8ePfglf9Vvvn/0P/zTh//h33z5t/2SX/OP+1vf/Gm/92/9x/8Ff8Df+gf8ql/nX/rH/tR/84//bf/A/OBPuvyNrv+IX/k7/ZoP/4//+L/6U67mv+pv/ev/z3/3z/nTf8nf/Xv8Jn/s77D32/6Xf+av/489/vd/+3/zl1w++Jv+9b/zz/m78z+v+g//pZ/+x36r//NPuPvfffXwP2x+j7/z93z56uVf/TPf++fO/t6/+Xf7W/667/xV+7/hb/u7/iN//t/6rb/sj/r0b/3d/9H/+MeP/spfPf33p7/y77979d0/6t5v95suf81f/eCP+W1HZfnr/dS/+Lce/5FXf9K9P/o3/7X/kX/36Zt/5u3v8Fsf/mG//r9/+OL3/g/f/Il/9S+9/Iem3/6Vk3/hp3/H7/4T/+nv+mf+wt/0b/nrdg//84e/7+/0a/yRf/3f+XfW/9Lyl/7V28/+9//tzj/47f8+/3t/6lf+If/pv/PH/r1/53d/1d80+7G/5c/5e37H//HvqNLVH/0L/5jif/t3/uBnv/7v80f8DX/mb/0b/k3/wy/5F/+yf6a8/p3/6L9ktf+//TO/eL73N/5B//ry//4t71e/7eGjn/iPDn6fP/gP+8f/tr/i8fU//evl/8v2f/4H/b2Xh3c/fve//dNv/539P3/68C/9w/6Hf/pnfou/9pf8p9/+n3/q6r99/d/+C5/9ab/2f/7Hbf0Zf9Qf94ft//Q//Y/+Pb/iV/9Rf8xs8Wv94/lv/vaf/a3/9r/iX3zwV/2B/9zD9C/9df+oX/38j/mNf+XZH/xv/PJPvvxn/vc/9hf+sv/1x/6O//S/ev7R37L+3uUvX311+kf9eX/I52//wT/3X/yJL3/7P/iP+GO/9d0vH/1Wb/+qH/8zft9/40/Y+ef+sP/q1/97/5717/av/Wenf/nyz/9r/ts/+l/7W386v/tH/BWf/Z//zt/5y//5v+If/Qee/ds/+K1+19N/+U/5hb/v41+99fDv3v7P/9r5f3v2h/21f/F/+R/Mp8//k8l/+Nf+Sf/AL/ttfvfxH/3d3/+v+nc/u/yxB3/zb/vX/J3/6p/3h0+//fv/j3/03/Sb/JV/x7/zrXf/85+w/4f+E//HT/02v+A//E0/Onz8Z/zSf/Qf/Wv+8d97//Hv93v9Dn/Wn/Fn/gu/37/9p/yFf8J//cd9+p/+UX/U9z76K179Nn/Un/nPF+N/8M//s/++P+MHf9snv+yf/lf/vvPFr/hT/5OLf/LB73/9f/wx/8P0j0kOF/9V+2v8E//ir9f8J3/36f/0W/zCP+NBcv7v/nF/x+WTP/ePfPZ3rv7nk9e/37/1z/8N/8Uv/e9+03/kz7n6t//Vf+OP/Vv/1H/07/2Vf9P/fPpHJf/0v/d/vP7i7/uvf/m/8mf8N3/jH/qX/kTx7/3xP13/q//tP3X/qPjVf+/Tv/TZL7v/rf/8t/41f/2/50+f/nW/1e9+9R/83f/MX/XJ7F/9vVf/4+/9F//3P7j+p37nv/oH67/x7/wDP27/7f/j3/vD/pc/4d+/81/86f/0m//1D5v+Xv/HwZ/xP/2pV//Lb/Orz0e//d//7/26//3TX/s7T3/ip/+5X+vX/wv/mb/ip37z3/vP/uh3fpP8gx//Kf/01T/2G/9zn/1H//JP5v/cX/E3feffX/5Xf8bBb/xb/3V/xxeP/81/9eNf/lf9Jy//93/un/6y/v0e/K6n3/74p/6jf/1/e/nn/ov1353+xnf/gb/5F/33/9r3fsWf/ete/Ac/fucv/8U//e+c/qK/91f+1n/E3/+3/a2/6Hf/qvqpT/+x/+gP/gP/2fv/w+RP+O7Th3/Cf/3v/qbzf+bfuvfX/VF/6B/39/7v+//Cf/E31b/vb/tf/YNH/1X5j/wO/9Sf//xP+xv/hd/v0W/yK//lf+XP+pf/hj/u//zr/tZ3v+8f9+RX/sl/9Z/1z/5+650s/e//3j/jt/pLfss/4bf4N37Zf/dr/Dl/ZVL89PRvOP9Nfr+/5c/6jf7d3+fP/2W/5H/5C//Oqz/ib/lr/tm/8N/7ff7B36P5ve7+3v/5/V/5p/2b/+Tf9Jv9B//qF//F//mv/sS//3jxR/76f8mjv3PyDxb/xh/Q/GF/4J/+rf/0P/tr/szf59t/fPM7/Gl3fv3P/7Gf/qk//avlb/ODv+d3+9b8V/4Hf8Nv91f/8X/b7p/4d/y2//Rf9R//07/kN/kNrv/xl7/j1VX5v/1Pxw//jb/u3n/6H3/+q672/7V/7u+69xPvvtj7N8//ul/88nf6X//wz3/VH/XP/p1/1+/+V//tv/pXTw7+8je7v/Cz3b/7//wtl//gX/pv/szf8F/8Wc0fM/1rn/wHf9TiL/xH/rl/KP0jf/wn/8s/+Hf6me3/8b/+yX//j/6L/qMv/vff9S/5ZX/zf/EfrH/DF//+n/7n/opv/331x7/od/iJP/sn//v/7e/ZPfvT//Zf9/Df/5sfv/v3f+Ef9+cs7v6n69+0Of2rfvF//c8e/V5Hf8Deb/cb/Qe/35/x9/3Pv9nf/M/+BX/IP/PJ37e9Pf+Xjn/ivy7+nXc/9lf+FX/Mn/c7PfjFf+7f9/onn/3vf87v+Vf99E/+u3/Jv/ErfvB3/0eP/tPv/b7/ze/7Rx/s/lV/0L/7d/6f/1bxh/+mf+I/dvBn/Jm/8k/9S37H3+xJ/skfuvzvyj/2tx/98f/dX/A//sK/9G169y//O4t//s86P/rv/8J//9m//t//ln/xt/+7v/mv+X2v/7s/7c1/W35U//1/wW/xr/9N1Yt/897df+f3+VPv/EW/6vlfeP8v/NP+/ezv+daD/+j3/T3+5b/0v/uJf+V/373+ve79Nb/1H/wf/aGfnf8Rv/RP+Cf+ye/8Pf/ef/rL/se3f+aP/0nf+XN/5/Ynf++3P3Xv//wd/smn//Q/+nuXf/nv+Pvt/XnZL/wV/8Nv83/d/VX/5cX//fmv/cnf9guf/3O/30X99/+V/+Zv8uf9df/U33r+r/wrv9ef/nf9V8V/90t+7A/7p3/d8z/xy7/tl337X/0fn/2y0X/8t/1Rn//if/BP+k9/+//kX5788X/NH/r7/+q/5vf6Y/7+j/+OH3z0O/0f/96v99f/Hb/mn/v4L/vPfp/t/+Qn/q1/tfz7fuWf/0f+qb/XX/T3/4b/0Mnftv7yzxj9SX/gX/3f/wk7f8ef86//oX/ar/k/NIe//h/00d/9N/15P/Wf/OQ/88X/8Cv+67/7j/qlX/2Nf+M//bv8b4/+/l+59/f85IO/9Bf84j/7T/itHl79Dn/Wd+/84M/60+7/xz/4HXb/htEv+523Hv7+v8a/8xfd/8lXf8aDH//L/57v/Ku7v+Vv+p/u//jzv/NP+Ot+nb/nN//z/5h/9c/8qvlT/qtf8JP/2L/wP/2nf+ef9/o/+M3/jn/j7/2ff/c/7w/5FV8c/Ff/8T/yD326++f/2O/xJyW/7R/21/41v9tv++Dv+Vt/+b/zm/zi8c/88j/1V55f/9Y/+If/6X/yZ/6JP/Tpv/HfH/yTv/G/+y/8yh9/cvi3/u3/w/k/+z/+Ob/+L/7jrx/8iX/6n/l7/I9/49/2V335W//7v+U/9Xf8I//Yb/4f/xOf/eL//X/7xX/Z+mcevf3X/6z5L9q6962/9C/9u37f3+iP/P3+sT96+hfS6t1/+du8/i//yd/63/3z/8Lf4Md+p9/jWf57/8xv/D/8lb/JL/1FH/+OO2S3foe/5Z/8lT/xp/1f++Xvvv+t+slf+Dd/+vtdTv6z3/i//A1/6jf+Bb/7v/uH/6P3krv//F8w/uv/4N/0i3u/cPqP/p2/3ue/+PeZ/81/2J85/Q//yv/sn/hN/6WPz36///Jf+uP/2N/2n/4L/8DZ9e+x+vNm/+vx8/P/6DuL3+ff+DN//L/c+l9+13/yD/0Xf79/8U968unRl7/0Z9o/8Y+f/w9/9G/51/6Ke//0f/JX/NLsxX/73//WP/Ev/vjbP/N3+63/sz/mV/xRi7/hl9f//I/v//2//v3fYPQXPv3Df9s/d/XrPvmpv+f+f/Hf/erf63f6N/+Rv2PnO3/Eb/0vHeVH15//Zn/jx3/Rr/rT6vaP+6f/z39ouTz6a/6H//gPnv72qz/hD/hlv+K/+z9/o6/qP+7z3/G//4cnv9af+8+++ot/rz/ln/ij/qZ/+e/9mb/i8z/k0X//D//av031LzQf/TnN0YO/bvHX/Ymv/qXv/g3/1viLP+4H/8hv/X//UX/Dn3PxH/6WH+3/sr//0//st/+Pfs2PfuY/nP+5/9Af+Cf9ZU9+53u/8E/89n/zX8/+vm/9Oy8Xx3/pX/zTv9fVj//3/9n3/uJftP5Vv9Mf/tX1X/M3/qJ//C/7+/7enb/+l/3a2b/9z/z0r/VH7P/t/+ovO/s3Pvonz/7mf/I/+BW//h/zV/ya/8b0V/8H93+j9G/9R/7RP+/Xn//mhz9279O/5vX/9Jf8C//jZ3/NL/lH//4/95PHv/Cv/9X//T/x4Nd+9lv+Lr/t9/7ef+b//Kte/PuX/9Lv/rv9d7/lv/NL6+/9jv/or/yX/+v/9rf8/j/6f/zrf9+v9Z/9M//iZ3/R39r893/vg9/6t9pqJr/uX/rj//J/cv/3q/6A3+ln/raf+Xf/iL/8N9v/Q/+jP+Hvb//3h7/V3/vyn//Tv/h9//4/Oq3/vb/r1W89/i1/v/FP/GP/7n/7a+38mb/k9f/5F3/5n/3dH/0ZT/6Bv/bf+rX/3t/po9/wk9998eq3efwL/tLf+x/+zp/7z/3J//tf9V/8iyd/0Z/x6vP1r/jn/qjf53f6o3/xP/Ppb/dX/MP/5q96d/lnffln/bG/5C/8J3+9txcP/rXkF/zOf+Tvsfpt1v/S//BXf2v5D23trv7R/+s/vvfw3/sb/+bq/Ff+x5//Z3/A//j3nfzyP/cve/q3P/vN/+y/7Z/7nZrmt3307//bf+sv/03/zn/sV/y3v82f+u//d59Ovvt7HP1zX/1+f/l/PHr0i/6n/3r2f/5VB8lf87j6h//Mv/on/9T8X/ld/odf+At+98Xf8Rd+9mO/7E/5E/6kn/jo3/rrq3/1T/g7zn/v2fWf81v+KX9W8y8u//G/7uy//bOnv9cf/Z/8Ef/u2d/37/8VHyf/4D//B/8L/9Sb4r/68f/i7/6nDv+0i7/x77z6ybN/8U/8p4/+8WeLX/2/fPvP+o9Gf93fefiH/VW/1u/55/yf/93f9+z1R//z//4HVH/ZX/8fLP7IP+u/+pf+3PS3eXf9Z//i+pf9zf9js/6Td37zv/F7z36Lz//DnX/zb/qVv99/dnnQ/qp/6M/92/6qf3P95/3yP/g/+t3+hr/2X/2Jf+t3/ss+efKnr/+Svc//5Z/5+OL6t/pT//lf+vf/7//nP/tb/eH/0tPf/J/+O778yfPFd37d41/xF77+FX/IHzj/m69+j7/y73/9f/xvL2b3/u4/8J9of+1f9J/9Y/9E83/9B3/vl0//s3/jz736M578S3/tvzv6T//Lb/13v8Ef8R/9x7/X9k7+8q/86/6uX+tf+1OWf8m//5v+Zv/uT/9+L8//9uNf+lv9GcX51U//wj/89/n9fqeTf+7df/c7//6/6j/e+ht/hx/7t/+hv6g8vtv8of/p//Xq7//1/tD/+3/5FUc/9j/8Lv/dv/J3fvTsz/jzv/8b/yt/5C/6e/7PX7H1b/3jf8Sf8e/+IX/Er/uv/LK3n/5uh1/91X/ld/67f+B3+zP//qN//sUf8/f9hee/5Hf4RQf5v/jw1/jp3/xP/7f//d/zD/ixt9nlL/vP8//l9/4tZ7/ef/znvvo7Lv++3+AX/5m/9n/z8k/+J/d/v1/xZ/7df+1/+p/8sX/xv//d3+yzn/nls7/uD/+pv+z8xW/zZ//i1e7sF/35k5/4r/+yT/+vP+rqO8d/7Pof/L//vN/tO//5r738X378v/nb8/Ef8n/+xz/100c/dfTXfv+v+6v/5J94+N2Xv/TTo3/i7Le6/4O/+0/+Xf/J9d/6Z/8Jf/gvuffln/pn/d6/9D/Y+3OXD/+Wf+Wf/F8ef/at/b/iuvhH/7Df8V//tT/7W7788/6kv/uvnP31f9g/mv/Yf/gzv/uf+zve/z//rz+8+k//ul//d/07/oRnf+Tx5Bf+g3/DP/sX/P5/2Nb//c/+Q3/0d/7mf/Yv/ct/2e/8m/3Z+//Af/nr/kHj7/z3v8lP/dt/ynd++t/4l/+lv+6//I//5b/kT33+92z/Nn/Z//kf/LllvXv3O//b//C3/gH/xN5f89f8Ott/5p/5d/65//Qf+uf8Dj/1O/9zf8L2o//mH/0f/4v0t/8d/8L//X/5bT76r/77f+ZP+/HD+jf/s37L/+aX/YN/8e/yV6b/3Lf+mP/1+d965/Vv89v/df9z++ff+Vv/lvS3/e1/k9/hH6h++Z/8l/1azd/8e/zS3yD/q14/+M7v+pf9SeX0X/lLD/6Mf+cv/E3u/ODv+Fv/2T/6L/tLHv0z/97//n81/8lf9kue/hV/3+v1//7dn/xrDor/691f8pd/8jPbf/Hf/081f/3v9yf+G0+TT37Bv/iP/dk/+HX/hj/u1/1nJv/GL/yl//rvUP7D/071N/4u/13z5d/0V//Ff8W/+af8o3/mf37yN/4+81/2f239pWe/+L/8qxd/zX/y2/2Zv2z9j/9Tv/l/9jel/8pf+Wv/ob/Vn/67ffbsd/tN/vT/8K/6V/62g1/19/42//NP/Da/zu/zS/+tf+fP++TRb/e/vfxv/qQ71//mX1W9+QP/tOwv//z6P/7sb/wbX/3UH/5nfK/89H89/9f+gX/6H/mDv//f/NLf+9f56vn//Z/+Fn/k3Z/+q9/82+mf8Fv+3d+58+ce/Pd/zZ/5d/zgj3j6u/1Z/95vcPVX/nN/yi9490v+nXW1/W/8+r/zm7z9T3+LP/Tf+fHvn/5Lf+r57/4//vKd7d979V//rf/+//5f/R2/y+w//mcu/stf8YP/5E9d/Pf/29lP/PZ//586+UV/96e/47f/iD/gV/yf/+j/9Kf89b/68hf+OX/Hd/7Cg99vb/ve/5luX/7t//t/N9r+a//Uv+cv/bN/x9M/7vn1H7T8h/7Of/C/+h3+iV/w4E/5df/vv/R7v+ufcnZS/cXtxZ1/6O2f9T+e/6Hf/iX/2d/0p/463//D9j47+vK//K/+l//lp//FP+Cv+av++b/hz67/tG//h6vij32Y/6n//Z/16b/wn/6Vv/8//3f/UX90ffFb7v0Wj/+13+9n/vt/ff97/8Lf/nvUv/Tot/0Vv+In/4C/ra7+mPYf/7//8b/v9/kHTv/hZ//+L3j65NVv9Sc9+69/q//61/s1/+s/Zfkn/Qt/8d978nv+9H/1P/wRf/Hv/uv9ds+eTr79X/92fwR9+Iv/qF/25/0e//H/ufoXfsUv/fv+zf/yl/yNf/+/8T/+PZdPftVH/8Rv8Wst/47Hl3/NR7/s8M/+6vf7E/7L1Xf/2F/7d//f/9ff97f4r//d3+T3/lP/7Orv+LPu/oVfPPsL/62/6k/7nX7XV3f/l3/9d7nz3/1uf/ife/7nbf9dH/3Fv/r7/8veH/P3/cO//Z//+O/5t7/84//Pf+Mv/nf/k2//7X/Bd3/hP/RP/sdnv+TTf/xX/CFVfrR3/Bf8Ln/O3S/Sv/Q3+Ev/ut/g0d6f+iv+3Zf/67/0X/0lf+JXW09+r7/9j/9l9//Kv/yL3/jvu/dr/gOHv/wP+zW+t/WT6ff/0P/xD/n7/4df+J1v/WP/wx/x+/y5v+4f+9cWf8O/2n7nT/w/P/49/qDn/8C7J7/r3/O3/cKvvqr+ll/nD/xD/rEvzv+jP/zX/g9+x7/r3u+5+ncXf82v+Of/gD/8o/Kf+h3/9+aX7n3yK3/ml/zMn/yr/siTf/3X+f4vPvpNy//4/h/2z/z6f9NP/b7f+/ff/QZ/1D/9/b/8z7n6J97853/kf/nd+m/9NX/b5unfevw7/q//4R/z+PyP/Wv/zP/4L/mlv1f+a/9uP/Xn/Y1/73/36z48/u2++Id/i9/6f3rxV+78+Rd/25/y5tN//v/6s3+3v/0//c/u/7Z/wed/xT/5p/yrf90f+Ef/K7/e33q68+//Lc//2H/41/s/z/7H//Kv/r93/+e/bvKr/sc7X/y9D36L//03+eU/+JN++fPPf9XfmDz73f+qP+fLf+Dv+D/+g2//Qd//7/+H/+W3/+t/8787n323qH9hcf7H/CZ3/5A/5K/Z+z//rX/+O9/7o37j/+H3+vf+ut/pX/lHf/L3/xV/x5+5qv/tu//81Z/07//6/8L/9Nf9ue/+wN/md/l3/ry/7Z/9zz9e/g4/+Rt//+3/MPmj/tjZ//jH/oJ/7ff4h/7Uf2HyZ/4Of+7Lf+n6X/5bf+OD8X/w9/zK/+Ev+df+gt9u+//+e//Mb/1rhz9x8Pj//GV/1m/4p9z7j/643+kX//7/6b/1t/7bv+jN+J++U+3c+1v+i3/il/5Xf9Sf+r//D7/s//ojf9mfUv2Ff+PVX7T/+fIf+e5nv85v/Kf9I3/us5M/NPvD/rg/8xf+ttf/1i/9g5a/y+Gnf8A/+FeMfttf9t3v/YVf/I7/7J/y3/w3/8o/8Xc8/yv+lD9k+z//vZ/9lf/dH/EX/Bv/8J//du+/+Av+ht/mn/978v/g761+zT/8t/r1f4d/92/71uF/8Jv9o3/8X/7HP3/71//Ff88f/5+s/tL/evlH/gO/+dav+Yf9mb/h3/Av/R3/5N+V/I3/wG/wx/1vf/Y/+g//xK/7u/2db37y1/r7/5lHf8t/9ruc/fYf/0e/5Ps/8fv/+5e//v/1Z//07zH+Tb/1l/3EH/ln/U9/+7/+N1//53/PP/bLf68/4mf+yv/0v/5r33z2H/xBX/zUd3/Zf/W/3PmX/67/6m/5M//Mx//Ff9T8/t/77a5/3Z/5J3+Lv+Mf/33+pb/9H/sN/+S/6p/6937pX/p3FZ/8PX/Wf/tLf+nVP/1H/l3/w9/2Rzd/07f/o//+86vf9fSf/cf/pX/pP2r/3f/0p05/n3/77/4d/ug/7y/+wa/x3/4Dv+//dueL//Vn/pEf/xP+zN//z/mz//NXv9ev+/qX/an/+0//2//V+a/9ax7+j79t+0f/Z2//nP/4r/3vrq//s7/2V/1af93/cfWb/9L/4Ftvf6e/5L/4Hf/NP/Wj/+QPuHf4u+79ES//hQc/9Wv/9//9b/8Xfvcf+33/tL/2yW/71z6780f+vf/n6je+/Df+zj/tk+v/6S/4j37lH/yXL/7PL3+3F/O/MP3VP/jlv+ifuPe//11/ZnX1G/wO/+ov+a2+/B3+wb9+9Iv++r9hsvPLf4tf9odMf8Hv+09f5H/Ku3/7X/vd21//d/5nj/6Av+aTl3/5b7r4d/7Wv/B//k1/x5/+/n/18M1flvwTe//2v/k3/U3f+R9+u3/oD/wDf7Pr61/09/1Jv+n/Onv+1V/0x/8z6Sd/4I/nDy7P/v7v/2f/42/5f/yGX/5jf/u/9B/+2+M//5f+/n/jv/OLfr293/7/+GffZP/T1rtf49Xv8J/9rf/e39uM/9e/9jc4+S3/kU/+j+/835/+b3/sn5X/wuJv/0//gq/+/OMnf//4n37zO1b7f+fOH1vv/ctf/pFvf+tf9qc///3/ur//n/yHsl/3V/zlW8nLP+/3+29//7/y3/4z/o1/6O/7C/7oH/uf/+P/4k/8P/Pf5w/6S/+O3+9P/DO/f/5Tk7/s9/r+/Pf9Df6wv+73+SN/2U//k9/6y/6N4rf9x//Ln/nTfrO//r//3//5f7T6y//43+ef+p3/yj/n6k948njyh/3Nf8Pe//Dbvv7D9/72v/qvSf7qn/5LPv+xnb/uP3x351u/8J/99au/7bf5zf/hv+Uv+xV/zv9x//TXm/y1f9s/9WdM/5l/7O/6a/7c//Wf+0d/3f/gfxj9Vb/xzt/97C9/+Of9I//3r/nVf/cvTv6U3/TX++r3+wN/6f/4n1/+kvo/+N/+yV/31/+HP7r/n/1Pf+M/8Gw6/Rf+o78g/fJfrv+if/NPW37xY//q8h//w//2P2PxB41/99/i1f/13//uv+x//D2f/OX/8u/9S//Z//73/GP/tT/ij/nlW3/b9n/zl/2mv+yv+af+pD/+t/7Dkv/4f/vTf8tf9g9MR//Xb//Hffe/+/R/OP0tf2z61/ya2+t/6L/6Q/66f/SrP/QHf98/+1f8j7/XX/P9f+gf/GP/jf/uD/kn/rWPHv/u//Wf+Cf8Xf/Cf/j7/5e/7R/1i7/9X/1lv/8/83f+dvf+jXsv/6s/4F/+18f/zR9f/sa/zp/5f+flV3/Kr/niL/lNf+N/+Df45E/+L//AP+Nf/L9/o3/+t/y7nvyZf+Y/9of9i7/RL/sP3/zFs61/9NWbk3/u+T/9u/+l/2b7T//dV3/Xv/A//77t3/jP/xHPfr/v/7e/qv5nX9w9+vb/9Md+8fJf+B3+uF+y/xv+D9u/72/yq9qLyf1/9PPf78/76d/uj/hjrv6h9nz3T8j+5i/+uK1/OS/u/qu/+z/zd/8l03/r9/uP/pff/l/5sd/pf/z9fqf/9b/8C766/q//xL/3+NFfevTxH/6f/hN/xe+5e/H07365+Ht+9S/7d5Z/1S/4l/+Fy391vvjvf/zho7/j73/2a/9Of/Pq9//jvvNr/05Xf+Wf8hd+/3//v7f+y7/wf/93Lt78n7/x7/2Lft1/98/5hX/U/p/8Wfuf/jb/yL/87/7Nu7/wt3z2p+z/FX/HL/uz/uRf8Nv8k5/+q//ZX/6HXv85v/5f9uLv+E8O/8F/8/f5cvJn/6K/+r/5v36zP/tP+w8uTv6sP/HfePT7/9hv8un41/8t7v/qX+snPv91/oDf+G//9/6vv/T/mN759/b+xv/wt//i3i/78/+af+OnfrDzu7/6n/+eH/ulf+c/+Bv9Gv/Cb/47P/rkP3778b/6v/wRv/4/9JP/xW/x2emj5m/+R36TP/gf/R9GP/ErT3/1P/77/y6rf+qj/+TX+lt/43/ub/1f85/+g+799z/5x/747/u3Pvrf/9tf+V//ez/9d9z5w//2X/DTf9Sf/sf+tz/98T+yPv5n//G/7J/8DV9e/LV/5p/9h/+Vf+Nv//tf/lc/89f/H3/3f/kv/sZ/RfP3/L3/xb/3x/3p/+df+Iv+59//r/v9/5hf9m/9uX/O3/9n/ElPHvwD9376P/s9/8r/8endv/7P+ejJj73+y37l/l+W/+KXv/s/+ps9+iP+0v/2t/0n/qVf8Gf+Jr/H7/+n/6+/7b/7b/w9/+Nv+h/8bd/9U+79Ldkv+1d/yR/3X/1+v/q/+U/+q/+u+ad/7Z07X/69/9z/8V/O/46///GvPv/01/z9/6y7D//47/z4b737+Q9+8nctfptf43f5wen//k//xX/c3/Vv3y2vin/q1/+zm3b/X/yff/X0n/nP/5ePf9M/+1f/YX9g+9f8fu0nH/2G/+xf+qf8G3/v7F9a/If73/v473/88d+/8xv9gv1/57+e/AM//eq3eZb+xr/st08++ec+/nNO/6q/9nf7/coXf9e/+3D1b/4zf8rd9X/8u3zyz/y2v7r5i/+3//Tzb1Wf5L/zv/32u2++/Qf9wdnJ7/HR//Ltj//Fv/fP+7f+tn/gD/jL/vW//8lP/Xu/xtWfuvwlv+T3e/dv3/sj/svf7if+8cV/c+fh+Hf4A3+7s9/2+7/vT/3Kz/64f//xH/Pn/0E//jv95F/4v/yxv9v8//hff6+/4+kv+Xv/xP/oN5j88f/JH7F68Nf9wX/41m/6d/zXf9P/+Nf+tT/+23338u3F/f/zf/vFk79h/C/8uf/sD77zT/5V/+Df9Vf+in/tT/vt/tb7v/W//N/8nr/Hf7n1q/7jP+8v/i/+8eO/8N5f9C/+lX/7j/0O//Gf9lf+buN/5Tu/78n/cPc3G/0Ff9juvzn7+NfZ/yvm/+lf+gddPvs9vv/f/0u/8p//b37tf+I/+93+uvsXf8Kdu//UT/xd/+sv+P4f/ffde/Tjv+TR3/97tI/+xt/rj/9b/5Otv+4//bv+w9/uv179qt/6zn/4X/+Zf+qve/w7/yGHf+Yf991//u/6d/6VP+Kf+tN+q7/2H/x9f43f7vf+q/7mP/bN87/41/3xR//t//DvHP4mv/qfv/qLfp3f8Y/47/+bn/78b/1XPvp7/rZ/7vf9h//3f+Zf+XeqP/7P+/0Wv8vnr37j/+BP+pce/um/22/6+vy3/iv/iPv3/4H/6Tf8DX/nP//N//R7/ydPPv2lf1v55Z3qwZs/7eLf+t/+mmf/0P96mP0vf/Pv+Tb7T/7qyR/4u+f//U/8jr/oJ/7uf/vi1/0X/rLqb/5fv7r4E//Kdy//of+u/Bf/pP/0V/7qf+B3+mv/7L/h3/vv/+tX/+T//Tf/fn/s87/m3p/65sf+0B//S/7Cv/FX/2Gjf/Cf/Hf/mf+z/jd/73/pT975u//6/+x7/9Lk9/yDHlz9RQ/+lf/ut//v/7ff/o//1U/q3/6rn/qJf/mnX/8V/+1nf+Av+Bt+y+/95F/8Tz7/qU9/1d/82/25n/6C/+Pqo//mz/j0P/nN/qXrv+Hf/4f+2P/4v//j/7Q/4C/5z8/v/Yl3/8m/6E/+E8o/7pf+u/VfcPTX/UV/7V/79J/999I/8W/5W//F/+P3/Oy3Ofq9r7f/tje/9Rf/wD/+43/in/FL/7dXH/85n1z9r0f/y9nf//v8vf/Qf/hP/gGv/4ffuXrx/b/q75t8+mf+5b/Jj//Nv9M/8fe8/T/+sD/sv/i7/vt/4W/6vX7pX/K//x4v/3xiln/4Z37B77zIf+HO83/g/Lf89m/59/zqZ39R8cm//mv8fX9T+098+vf9z3/Ns+/8Lc9/nb/2977+S1/+r/Pqk3/qr/1rftd/5l/+Q/+zn/7or/5Ldn6f71785H//+u/+zS/+qH/s7/sP5v/tq3/lT5n8Do/uH734zt89+4nf+rd69Jf9jf/zf/wrn/8pf/Nf8mv8mb/ev/+//vsn3/385NM/5a//7D/7NX+Th7/tP/47PXzyH/xl/+vv/9f/ql/7r/mN/8F/+PLP+V3/5d/9N/rL/9m/7Pf7i5599esfffnyT/inf/E/2Px7/+Ff+Mf9I7/0nx//yk/+xZ/43bP/7l/813+X//TxL118kv5D15PfYvn3Hf55v+Gv/PP/x8/+sl/4W370R1z+9b9qOf/H/67f5+N/7O/8d7/3F/6L/9yDv//P+zuP/tU/7hf+7n/j9Bf+c//26E/8i36j3+M3+jP+zL/mj/wznv7Wxb0/7Z/7Y36PP/t//B9+42Xz1/8p/8XeX/pxfv8/+Nf/oqe/7j/3H/4dn/+5v+4f+hv/ri/+u0//z9/mk/9x+ef/wf/6n/6X/0V/15/65/7JzUdPT//xw989ufiF/8d//Hv+Rn/ZP/R7/4W/37t/5n94/vee3/vPV//18397/jN/6dlv9av/qOf//t/0f/6af+jf8b2/5tc++nX/5d/ke9+Z/dMn23/yL/mDv/s3/IN/5u/+B/8hf89/9h//H//n//1r/eSv+r9/4uDk8Dd+dv8H//Cf+uNf/Mz9P/Iv+Jf/kN/lj/6HfvJP+Nse/va/1h+W/RV/03ff/AajX/vv+8W//Bf8cX/k+q/+S/6aP+PkN/1Dfvnf/Svu/Av/wK//Z/6m/+rhb5xe/ur/5d/7v58d/MHP/vb/8K+6W/32f9vf9dv9U4ud//XPX7/7/X/3h7/Rn/e7/53/7n/2i//u/+J3S88u/q2Hv8+f+Y/v/9I3/8lvdPBv/b5/Xb34VX/d7/F7vvhD//NP/o07f+of8o/+9v/av/6/Xf3K/+jf/Nd+ZfV//+3VH9T8V/lP/Af/8Pl/+R/88X/tX/In/EHz+W+9+Cf+nH/hT9v/nf6bO//kb3WQ/qnf/cd/rd/pz/tbftXT/2n93/yJd3/77KO//D/52/6+f/f/2P6Ddv+OX+f/+Ot/j3/o7/+f/4Hf/rf+i/7Dv+w/+hM+/gf+pGff+dv+z7/yn/oVv+B3+5k/+rNf8cf9E//g3uM/+o/59X/vv/cv/ev+vT/kj6j+8z/jN/t3ft/f7F/+p/6GX/2rfsF3f8OzX/XPfv4X/tU/8W//T3/pP/GX/Uf/59/9p/9Z/9xf/s/+Q3/qH/A3fvxn/4W/ffrvHvwGP/Fv/gN//+/8ra2f+lv+4r3Xf/ff2v7MP/9b/n1/29/2n3znL/yLP/5l//az87/sp/+a9ac/9kv/zP92+7/7k3/5P/zv/ZYH/+bf/9/9eac/ef1f/TXT33bxvz35n/+jX/C37/7qv+THfp8nP0aq+U//m/Z/2Z+w/OI/+Uf/0Z/5h57k353+o//XvZ/6O/7af+8f/HN/wXf/sn/67p/w1//kL/szt/64v/OX/bH/2i/c+uNf/pf/0b/8N/3nf98f/Wf8Ob/iH//H/8g/6fd6+h+sf/yPf/WTf8j6n/99/oQ/5f/8i8d/6fHv+IvPf+Ff8Kf+/v/o5ad/wtnJX9P+4f/wf/bvfvZrXf8ei3/iz/5P/teTP/ZX/s5//eLh3/NP/vKHP7jzL//D/96v+N9/0a/4H/+0/+vP+MEXf+ff8id9+teOf80nf/BfMfqHfr9/6Itf8uv+If/EX/Of/+/Fr7X8n/6n3+u//vv+1Fdf/dK/4+pf/Suz/+1P/Bf+jd/u//7jfsU//Et/2eJv+Ogvz/+9X/UX/Plv/+jZ7/8b/j3/4J/1W/3Vb/7l//Nv/Jf+wF//B7/5//0n/C9Pf/Vf+z//fn/CdPJH/HF/+b/3W//5v98v+X3+6f/6t/o/fut/61/9F/b+pX/8J/+x77/7Yx998oc8vvPZb/W//rO/9799L/3uH/h7/M4/9dkf/e70d/kvdv6df/Hd4n/6y37p3/fn/E2zv+U/+dPqX/fZm//qf/st3/4av87d5i989uf9ev/1r/rX7/x6/9Z//uSfvPvbPftrH/yf/8Y/8w/9Bt/d+1/+w7/773j1M7+w+hv/6H/rf/yFf/Q/+Ov9H7/bH1X+n3/53/y7/umL3/Hf+of+jRe/+Pu/+Hc8/J3/mL/2/x7//b/oV/3zf89fmv7EH/XP/s//8T/02/yRv/hv+sn/9bcb/bdf/ZcPn/7k6E/4z17+BX/7X/FfjD77ff7A5a/+h3a//G9+93/xN/1jfunf9Fv+fvWvuPc7/MH/4f/1e/17F3/bb/fo7/0Xf6//9Nf5nR/v/Em/3i/9W8//wF/2e/x3//6df++zP+Af+Z1/w6s/avFrzH7tTx/9A0e/+x+8TH+3v/tvf/558mN/3X/4h/5tB7/O3/0n/vN/2w/+x5/6we/12//+0zv/5P5/+OUf9NO/+u6f9T/987/+L/k7/umtf/fJr/cbvvv9/8Rv/YH//D/z22ar3/c//9t+vbvNJ3/gP/TyV/0rF7/D5B/6Xf/ev/ZXHf46/8bZn3713b/rt/kNHv9Bf/e/8Pf9Bn/Ln/arfvDP/CF/5r/zu/x5L37w7/6if3r3Fxe/4/9+b+dv+lX/wW/3P/57f2fy5+X/6X//t/xdv84f/If9zCcPf+//8+rbf/c/9q//2r9i5/HkF/4nv+5//rv/7T/znd/yT/qVv85/Vfy1f/Xf+Se/+2X/91/3t/7b/+Jf9r/9mcXkb3/96/zVv+Hzv/LB5S/6Xf+M+3/Jj/+h1d87/sv/11+2+APzwz/v7/xf/6j/+sf+u9/k3//tfr1/s/0d/vP6X/tb/5bf/vQ3fHz++C/NvvXTf9a7f/Jg+dnDv/1f/OPL3+/Lf+R3/+v+oL/0T/3Oy1/5G/2j2X/0v/9Vv1f7By1/0Z/1z//g7/4Pz69/1V+Y/Nn/xe/yF3774e87++Pf/I3/4T/yP/9Xv+8f9vQPWy1/u7/rt/zH/oV/5g//bf7Zf/Uv+Je3/vK/4zf97V7+2n/VH718k7z7p//TX/M/+Yndf+k3+unf4Y/+c/+I8Z/yk3/jX/vg2w9/1187+Yvqv639nf69T5rXtOj1H/8L7V/zu6//wH/id/sD//ll+ev/cUd/zm86/6/+zf/gx/6Qn/rlv8Gz7b/8V/8Df/w/ce/u/O/7z//O5s//436rrd/2H/xr/4pf568u/qff9urFv/j73P+tP1n/r//Lv/in/Lt/z//+x/xvf8y7/+HzJ3/X//Eb/6fPf79/cf77/OkfH/3iP/4v/BXf+k/Hv+LX/p8//c/+yJ/8qb//B7/W9Ncvv/Vr/rn/9Sfb/8b3fuvf8ye+uv+X/qLpv/o//dSf9bv/oZ+e/ROTj3/3v/eLX+/X/VP/9n/jJ/+d//HLX3T1a5y2f/lnf8H4T/yP/p47f/1Xf/uDX/Mf+pW/8su/4r/6M9/8kn/38l/53//b/+F3+Na/dfKH/+mnf9n3n/wh/9d/9F/9gevf/eP/7Sdf/x+/yS/6Q/+FX3TnX/lD/q2f+Zv/sP/2/PT/+E3+3b/5d/in/u5/83f/0x4sf4Pf9r/7tf+c67/mn/rrl3/CX/lPfPIH/o3Hf1f1b/6q3+7f+Pv+id/+P/lzf6tf99+591P/2S+/+4f/+luf/Vt/eP76D/znlk8vf9e/8S/+Rb9s9vSv/5N/o6P/5KP/++L3vPNbFH/On/Jn/x//8h/zrfO/+0//v/+Tv/ZPf/n3/p57X/55f+nWf/VP/i7/8W/1rPkt/+53f+Dyd7v8rX6Xy7/3t//J33H6D/2f9/6c2T/zP/99u39++pf++r/Hv/LX/KP/5/f+s6e/3fXf/D+d/s//+h+x9ZNf/AGLX/Z//rmjP/Dv/t3/r7/z3/03j37Dv/ajf+kv+D+ms9/if/udfpP/6g/525rkT/j84MGv9Wv8M7/NH/bTT/6gP+B3+P6L/+gvufod7vwVf9Q/9+Xv/m/8Rv/8v/W/v33zH/6V/2v7933nX/ktf7fL3+J/+O3/0f/wn/r3/+zz5rs//Vf9qf/t7/UnLf7Yf+7i7r/8n/86/8wv/On/7rc4+x9/SfNH3f1T/6N/+A/6rf+yv+Py//7nfrvf+7/4Nf7Z7/8b/8rv/w/+0b/NP/oX0NrHL/3q3/kf/5V/fvJf/zn/4z/3V/6Nf+29P/HxX/XX/A1P/rLT//x7f+ZPnv8Of9tv8mr73/kd/9zf7t978ef8zC/6+/7y3+iP+4vzx6d/b/l//d5/3x/61/8v0//q/j+bLn7Ff3e6+0uuX/0Vf9pf+/v+Pv/q3/87/47/2B/5E7/Rb/q3ffWP/Uv/xe/4f/4L/8R3/5p/8U/+X47+4a+av//jX+/32fnN/tbf6Dctjn+76S/73X7j3+mf/N3/un/hNyr/nf/it9n9rf7y3+aP+fUOPp5/+k/c+Xv/1Yu//lf8/X/M//irR//Dn/Cn1F/9U//p3/Ur/rXf9/nf8Gf+oV/95v9GVv4p9X/z5/yxZ996/tf+7e9+u//sn/0L/8Rf8Hf/db/y7d/z6/yS/+xv+w9+j/8p3/0L/5X//Sd+r3/uf/hdf42/+T/9Y7brf++jn/qH/+2rf+uP/mde3vu7f+LP+8/rq9/33f/4K/+Sv/jkD9j5r377v/6P+pv+j7/xJ/7i5Lv/4//8P/8av+hX/vc/89W/8u9/9vGT3/Xby//mTz75xf/Om3uL/+yv+Kf+62f/U/Yr9n7tP+XNryqSl//mb/lX/Ru/9T/1X/7if+7+n/prPvgffotf/zf4a/6t7/9+u7/T4f5/+S/9db/XwV/5GyR//7/z27359f/43/FfO/7eZ6f/2g/+7dUf9F//uaff/Yt/7T/zd33yjz3/5D/9Fb/Hn/+n/R3nv88//qf8S6//19/tN976vb+19+C3af6Ef/T/+u/+mJ/60//oP+IP+cP+pj/y4A/8jf/h8u7WX/T9v/SP/iXf/l//num/81/cy//Of/vvbA7/hz/zb/3uf/38Lxzf/Tv+q0+Ov/qj/4Q//S/68+7+2J/6Z3/7Z/7C0V/zR+W/3t/2P5/+bb/ef/zxH/rZ9H/4E+s/61//7//6R6e/32//J/ztT3/9f+c3/HP+i3/5T/61/tu/9/zhr3n56R/0+//xf9P25f/0p/9H/9gf86t+8eVP/gX/0P+W/p7Hv+Gf+b/8Hr/4d733t64+//wv+OQ//bfu/rEnv8e/+5f8Fnt/1Mf/4f/xn/2uv9WLf/m/+ruOfvnv+a/999/+7f+e7/4xR4//0l/0g/958Wv+isPf9r9d/E6//i/5bf+v//yP+O5v/Fv/A/O/9g84/Av/pb/on375e/9lf/SX3/qjf43/4vw/+U/+uat/47/7W//1g/u/+jdvv/9PvfqN/8r/+V/62/+kP+6Tz/+sn/5v/+e/cv9P2/37/ox/4Bf+mo//7L/hZ/7NH/8ffoN/6/941Pz3v//v/Tc8efvv/AV/1v/2K/+i/+VP//3y//S3OPwrfod/8vW//Zf9tZff/YdOf0nzT/4pf9Xf/zv/Lb/6D/7Hnv9u//sXh+Mv/oOr771+Nflt/5B/+e/bevYH/8Qf8d2/7PE//eP/0F/+y39RUv1ev+H/dP0r/+hf+af/ov/7t/vt/tq/6Cd/v7929Oflv+1f/hf9bv/Z5N/8Lz5/+Xf9R7/R5VeX//v/lfz1u//4L/49f9e/9z/4F3/19f/+B/4G3/n7kz/z7Lv/9D/9n/xZ2/u/8eqLv/v/+Df+8X/8n/rL/pr2T/yjfrc/8Z/5Pf+jbxVP1n/pf/c//pX/6r/6N//qf/4P/MN+i7M/9dWv/Q/89Ys/9bO/9L9++7/+1L/3r/zK3/Uv+aV/0n/34H/6vf6cvf/tP/lX7v0xf/mf/Fv+VX908flv/E//Aw9Xv9PfOv1r/qW/+Jf+e//Ezo/9g3/OX/EbLH/Tv+t/Gf1l13/2n/oTye/4W/8B/8qv85MP/+4/7eqX/ec/8esdjP/0f/Hl1f/5x/ybO//xX/bo//ztf5t/5g/53179U//TtPmFv9H3P/9W/jeef/ePO/pX/uV//Cf+sz/kH/vb/9F/+uLFP/L8N1j8aX/7XzP5o/7o3+Gf+if+g4/+oT928Vv9u//c0f/0H/+h2a/9d/65v96/9pf913/bD57/F8tfePZL/+7pn17+mbNf/o//Tb/j57tfFn/Y//b0X/jzL3/jX/W//fa/1R/+K4/Pti/+p782/1v/4uWf98v+zfoP/D/+1t/7P/0d/92f+cd/0f/17/0Ov+3v8x9M/vt/9hf/Vv/CP/2b/kd/+5/7ePzr/L7/4y/9i/6kfOsPfvMf/g+/3S/+r/7b/V/ZrFd/9Mm/uf0L9/7i6p/4l/7Gv338x13+H3/zT/y+v+6v81ds/bP/yX/yp/0zv9H/8S/97n/pb/Rf71Z/2P/wOz7/ff7sv++P/KeTv/b8+jt/3G/6Hz04+Ol/6uH6j/rrf5/r765+n+0/6r88/WP+qu/8Bn/tq2/9dr/j9I/6t//bB2/+x//oF//Nf+KP/Um7f/jZn/6X/hl/3D/57/9Pf8Bv9fhPvvi/nk7/zL/2n/oHj//8H/89fvm//0vPfvVvVPzMxzu/8d/7j/wGf+9s/C/9+f/T3/dP/y9/99/w8Z/2a/6ef/qf8rv/fbt//R/+1R+4+3v/c//zH/s3/fr5u+tv/1F/7H9W/l3LP+Y/+pn/+K/6E/+nf/df+t5f+Mv+0f1P/6Df8a/+N3693/BX/+3/wB//e/7iX/UX/tV/5n/+6/zK/+GP+Lv+kau/9+/43X/PP+YX/cK//O766Bf8gX/in/vX/Bn/6r+1deef+EOSX/DXn178Bn/Xw4/3/6m/5/f5v//z7b/0X7n4B561/0D97d/6t/s3/sz//OpP/622/urVX/cv//h/8h//w//M//Tqj7/Y+eOv/+x/62/+fX/NP/wn/7R/cu93/z935r/rv/dL/8G/+n/7rX6tr+7/G9Uf+mv8BX/Hv/9P/i9/x+M/88Xvu/i/8j/z93nzy3/Nf/Hf+v3Gv9tv8Zv9Pf/jl//E27/gT/j0b/r9/9np9/77P+Hf+rt//PGv+7z5Y37Dv/f3+8//jb/6z0oufmrn7x7/k9v/8L/9Y//ET/6ff/1vXf4u/+Ff+hf/+n/W3/Nb/bXjl6ff+qPv/y7f/Zv+mD/yq+Lv/32//+T6z/9df91f95f9sX/ur/ln/8e/3v/yC//7P/9/+daf/8f91X/jv/A7/sv50zu/12/6xX+a/6t/zf/16W/2V/z7/8a/+g/8xz/zF9/9vX/Tb/9xv/CnH+z8J8mf/Bus//0fX/1af/dv/nv+tf/H3/WtR3/wd//jF9nf/V/9cX/lb/s3/RN/9O/2b/+ef8WfcP6P/ZOXHz9Mv/vL/tfffvmn/cSv8zf+3n/8f/2rv3//1/9Tf6/Xf/Pf9xdc3vmt/7J/77/6l/+ob/2tf97//hNf/Y1/bPnf/UV/2b//3/+Xf99f/F//ql/3k1//O7/5y9/71/w9/sD/7t/47f+x/V/vd/y/foM/72/5W3/it/hrxr9v853f8t//E3+DX6v4l/LFv5g8/7P++79ndv8X/Yq/7b/9+O99XP7af9hv+Uv/yfk/+k/96m//Z//Xb/Gn/IX/wPzwN/j8D1/+1b/H//krsl/67tHlb/wL/tlf+Nv9ke+S3/e8+i//mF8//13+o//ywd/274//4Gd/03/ynd/1T/ut/+2/5e7//X9lp/O/6b/7ib/+3/9q+YM/9G8tv1f/Jf/kX/0P/OVb717/pd/9Zx63/+jsd/jz/6Lf/Yt/99f5le0veHDyn/wXyz/+0f/4S3+Df+PX+9bv83t88Zfv/i9/5f/9O45+4pd964/7j3+9V8Ufu/47/6g/+v/6b/7nv2XS/K2/7G/7T/7pv/if++//h/Nf7x/801//S//4b/of3vmb//a/5H/9J/6U9J8gB+M3eftn/k6/+a/z09v/4cs7//u3furP/u7od1r9U99/89Xf8jv/Wv/sH3j9F//v/8J//W999g/+dX/D7/yX/gO/y5O/9fXvuN9c313927/qH/nvPvv9dv+H3/RP/gW//MeSf+kv+NMf/z6/7p/xZ/w6v9Wv+df9Dxf/2089/Ot+hz85++1f/IO/yX/+r/2Z3/rkr/nf/8hf8c9+/uv+quXf+4/84Hf8oye/x9Uv/dO//Sclv9Zf9Nf+iX/m47/0V73+O/7Qv2z11//On/yGv/fkr/obf79Pftdf/OivuPvvVX/U3/4LP/u7/tGj/+q3+Lt/8jf9c/+rX5Ls/e2/xva//of9qu//2X/43/IX/MO/5T/85z/4PX+9v+cX/II/8Pf9mV/xB/4Jx7/w0f/0N735bf+8/+G3/LGj4h9/88/91MX/+Hv96d/64g//x36X//703/g9/sV//erPL/+sX3k9++9/9e7f/r/v/9gv/SP/3Oav/b3+o3/z/3702979b/+Bnf/+1zw5+Id/nemd//HPuv9Xr375f/eX/nP/1W/99r/5fb5o//zLi9/jj/j389HfcHD8N37/l/+hl1XyL/6Z/8uv87s+/6d/6//pzW/7vyx/we/4H/x3F3/bevHf/jn/zr/zK/69X++Th3/23/y3/o3f+Uv+nG/9hTv/6O/7K773j/0hV//+f/y7/NRv9g88+b+O/sb/+2/7E/6W3/bv/01/h//p8b/3F/4j/8Vv/K8t/4G/6t/7w/+if+Tznzna/ouT7d/tzu/6j/0a/8J/+O/8E7/v7/ef/4f/4G/+z/7Nq//9+7/u7/UTR//17/fZX3r9S/7Wv/P3+xd+r/r//G++c/1v/lq/6R/xbPSP/kv/6U/+u3/cw/mf8p/+1f/ZH/NH/Ju/8t8+Lv+HRfVf3vn2H/C7/da/6L87+Xu+9Zvc/ef+xb/r/I/8tb/3nxX/5e/xP3+r/k9+3//jqz/oX/zWH/zlb/a2/Cd+vf/y7fd/w7/4O//pP/AX/Fq/0bs//e/7nf/Gn/6tvzz+C/6WX/i3/n6/xu/311z9h3/CX/17LP+vv+NX/NU/8xO/16/zS3b/vd/n9U/+Nv/wL7/6q55+9d2r8z/i+2dP/ok/+A/6e/7av/78v12v/oq/8Df9C/+Qu7/eX/Lb/Ve/9Hf5k/+F3/6v2/2bf8O/9ldt/cu/7b/2H/zd/9kn/90n/8tv+Ov8+L/7f33vf/kr/qvfdP4nvPrxq0d/xe9b/aeXf8BP/Ua/8G9J/5c/6eH3/pD//Xv//l/4Nz74ff+Qz3/8y8//4t/pnz38t/+df/lXfPZnfvTgH9n6M/6I5f/+P/5ZV//FL/kDPr/3Z/2mR7/Wv/er/6I/Yvx/Hl9//OD8L/3pqz/nx3/RP7H9d/2Tv+kv+kd+n//w97z8v7789/+du9d/2t/zX/2Tf+E/+/f8QX/Tb/uL6v/k+7/xy//s5K//xb/gd7nzF7/+7f/+/+YP+dPX6eK3uff7Ln733/TX+d//+F/nT5s//MMf/6U/8bulv3D/T/1r/pOPfvl/+2f9n//1v/ri9/tXf/V//o//+v/N6Pf8S/6ZX+PBP/Z//j7Vf/4//h7f/QP/z9/8b/td/ou/6a999PqX/HX/8X9z9z//1/++f/ar//Htn/d7n/1Lf+2v/Bv/1D+oevOn7f3i/f/ut/tP/4Xf4b//B78z+2MPfur3evBP/rav5z/2R/06v+qv+f1/51//1/hz/ud//Nd7+xMX//L/0PzqP+bf/m2vP/nPfuff/r+s/p3/8s2v+Y/9Kb/3f3zn15//Lv/g9N/5fb938Ov+HV/8zL/3t/3ff9Tf+pfkf9ofd/THHx1/u776o//ukz/1TftXfjL577b/iseP/rovfzL7z3+7xcXv8eIP+PdfVvf/hv2/dPwzO//rL7/zp/0ev9t//o/9T6N/6V/4xU8Wv99/9w/8kX/W89/rX9v9Xf/DfzD93X/F53/Pq/kf93v9kePfpvrdv3f0k//4b/b8j/83f7e/6L/6zf7r3+Xq1/gLv/pd//R/8bOdP/o3/MGfdffP+Rv+lJP/7fGn15Mn/9rv9DO/3b/yu//4q7/x1/3e8j//7/7Af+Df/2f/rr+3/Y3+5b/7p6f/8//86vP/6y/4l39657f5V/6oL5urf+GPn0632v/oP736Z/+aN7/uf/XbffHf/kb/4t/2T/1Pf+Wnv90f9p3f5R+/+F1Of5e/46f/o1/6hz39ib/iv/idXv+txfzZX/C7/Fnf/8X/xW/1u//6//fx6sHf9G/9nb/+s1/jT/hL/7s/8E+eNX/D//k3/+/Pxn/UP/qy+q9+w3/s3/3Hf8Hzf++3/kN+97+iffIf/Mu/2y/4rf+13+E7f8B/+xf8dn/94snsswe/87/4N/xGf+h/8Zu/+YP/uT//t1j81ff/9t+8/ME/8tsc/KW/xU/8sr/wd//pP/PF7/B7/Fl/Rv2n/Te/8r+d/D3X//lP/9a/5N/67Pf4A/6Dxcvf59H/+pf/xv/9f/AL/q9/ZfLX/cP/4f/xZ57/C//DL/74X/2/vvvn/Ib/+Ze/+0e/+M5/8HfM/oC7v+Of/5N/+ccnJ+u//u+a/SX/7tXv8jM//h/e+fuf/v7/yN/yP/zg7Huf/dfX19v/0W/2B5/Vv/R//v1/+u/5k36jv+Nf+xNnv90v/RfHf+P4dy1+6dM/6z/7R/6jf/bO3zf6v//OX+d//b1+jR//PX7wB377n6zu/7H/6Ms/+q/937/35O/+z3/bp3/H/K/K/ri/Yvr7vvoVP/mnnPwbf8U/+Mf86t/jx/7lv+hv+xWPfvzf+Nf/pe2/59//Q49+4k//A/7Zt3/Z9q//5//F/+s//9/9Af/G7t/4D/+Sv+53/Xu//xf+dUe/9J8ov/fv/rl/8d/6H/zM4n/5e/6tf/Mv/qv/saf/5h//+c6f+ft/61//e3/sD2/+zu/8tld/4u7Jn/ln/5Of/FO/72/+f37xx85+0V/1y//zf//v/5UPfof/9PIv+EN+i3e/Yf20/c9+i5/4c7//t/4hO7/WH7z3W/+Lh3/hX/Tj/83/9C/9gf/1b/dr/3nf+rt/k7/j7/tTX/xtP1P+9n/aX/tP/xb/ycnvsfXX/M9bJ0/+ub/1T/uv/8DnP/O/17/X1i85e7v+n2fLv/LP/JN/8T/2Tzz7Fcu/IPlz/9jyl/3Kf+6f+9N+8r//5b/wz/0lR5+8+Ff/iNM/6e/9Nbf+9H/u1/vTf/ov/21f/kW/05+S/sl/+K/6fU7b/+Yv+Bd//f/yd//yF/9N/9rOzvFv9uf+odd7f/x/9Kt//z/96uLf+tN/vT+y+rd+r3/gp/60v7f66uCf+01e/vt/8+L3ufydf+Wz//O3+cd+z3/r1/mnf5/LP/bqV/39f/nv9Lv9g7/sP9n+T7f++3/mr/11/8/Ro7/q5J/8pf/H7/rwP10f/mvz/+Uf/K9+p//z//5Tf7OL8l/8n37PP+yn/qDf7A/5tf6lf/jf+Ov/yn9y+mv9Net//m/6N/+OO3/0Z//MpNr/K/7Cf3n/b/iL/vDf6/d+8Uf8139X8fr3/Uf/nj//b/6b//Ff/H/8tX/wH/j8p/7Fv/LBf/zLfuLd7z370/7z/+jqdzz8Zf/i/G/4/Mf/wI/z7/wZv+Q3/FO/+OLOX/Wn/Yrf+j87/6lf8slv9c9tP3669fDf//xP/J9/9zvLN//nf/CP/4f/U/Jv/rrf/wvuzr/4nf/39T/6b/+W/96/evHr/YNX5//Vb/c7/8V/61//H/zuyb/wU3/k7/yX/b2/x1/6V/93P/1b/VHJP3z4O/+mn/3RTz/5D//x9C/4HX7zf/f13/zlb5r807/X3/pr/bHHf83f83/9Xb/pv/E77P8Wv9/fdPW/3f13ftFfM/lN/86jv3r+1/6bf8of9H/9E7/lx7/h//Fv/52rj/++v+gP/bN+z1/60R92/qf99b/rvzj/95LZr9r+v/6Bv+6P+GWnv8tf++df/i2/3j9JgfXRR1/+PSe/8X/3v/1Vf8yTP+EPOfxbf/3fMf/10t/nL/sr/sv8xeXv9Bf80n/qiz/sD/vT/7zrP/LLX/4P/uf/xO/zd/6af/v/uP4t/8N361/rT734Lz/98/++O9/51tsf+xe/TIu/4Bf+q//U6M0f9Nnv+ac9/o0+/o/+hv/ps7/5b/mtm7OP/ozf+MFf9Pen/3z+3d/o7V/5f/1GdyaL/+NX/qV/8b9y9uQ//3P/qP/lr/7l/2byC+79Vnf/kd/2D/jjD/+C//KP2r731/wV33r5W/xXf85v/2N/5V/S/IK/4Mf/wz/vb/11/sGf+jP+qX/p1/2//oM/7x/+p/7q3/7vzupfePwT13/Pn1P+1L/1u/y+v/Y//5fc+dNPT/+8v271O/0df8A//pv/FYd/8G/yG/82f+2fuf97/PYP/8k//h/4pX/+2381+8fzf/cf/hv+6n/o3/jo8Lf/9Hu7z/7rv6X9G8bX/8zf8Mt/8GR5/esd/dRf+E/8Lf/k1n88/scn//p//9Vf8eP/5K+9/yf9T//S4//wj/7Bm7/yy//49/s/f+l/+r/++f/X3/cHnv7ff/Nv+Lf9/v/twey/+MM+yf/NP/gX/Bd7v3D+Pxz+5f/17/ub/qt/0G/1R/4uf9ev+4/8U//qv7HI/6m/5L//O3/8r9s9+nPWi39znBz8nX/f5Nkv/vE/6G//Vb/4L/1P/5R/4ODf/mVvf43/7hd99N2tv/NP+HP/vOzod/7L/6Y/Pvnv/9y/5nf81X9j/fFP/vn/yKff+pV/yz/z7h/7U37pH3P9j/1Pf9lHv+Ev/jP/8b/m3f7hT/zvL3fO/vF/+J//L8Z/1r/26Hf4R/71X/Tj/9t/nP7Jf/Tf+WO/3c7/9I//qbtf/HV3qt//v/0t//l7P/XX/l1/xN/2p/yx66v6e//hb/hf/4r/9i8a/6I/50//Zde/4n/53V//j3/sL5j8U7/md/673/93/te++p9/89/mH/gN/ue/7J/5/X7zv/QX/7u/6z/2/M/4X//X3/eP+vt+8p/4N//L1X+9+7/9pX/cX/Of/c7/x9/2r7/813+3X/57/4K/8qMH/8nHL3+9f/33+f3/lL/pr/sH/rKf/tP/tOf/7R//p/w7f9cf+N//zE/Xf9xf9X/f/zf/ieR/++T7d17en/9O57/fP/XP/KL//pd++4/5JX/x6u3fPP8dfo+3f83v8eP/8m/w7Ff8bb/nX/b4b//Vv/R3+m2ePP8L/rrf7bf4A3+8+Z//0r/zz/zNt//h19/74u+8+OK//1N+y//zv/1V/8bf/gt+x9Nv/zvf+V8e/Fb/3MNf/mf8z3/wH/kH/7sv/vW/t/qvvvy9fvAX/st/2M6vd+9//Z1+l2/94PF59cv/sd/2r/svf9l/83v+eJa9+XP+tr/wTrP+67a/d3Z29l//ob/1i7/wX/4NXvzX//qv/JP/2c9+zb/hH/oj/9J/8E/91//AP/k//eqf+y9+k9f/wR/67/12v8f3/pDD//hf+q1/n52/8W/6u/77/+GP+Qf/7f/wx/+ZP+LX/M9O/t4/4t/9o4uqHv9V+7/tv/lP/cv/1E/s/0P/wav/8cf/9j/2b9//q7/7j/21v95f/df9JX/y8i/4R3/7P+o/+/N+9X/18b86/Q//wt/9+R/z9/xWv9bOR//5P139Yb/Vf/Jv/T0/+Rv+ib/ub/Cv/lt/+3/0+N/+s1/8zC/8jX/d2T96/vf9uf/sv7rz2/xZf/kfcP9/uvMf/PZ/0r/49/3d/9tv99c8+GLxz0zO//Ff/M/+V6uXzw7u/ZPXf9RP/A2/7our3+H0N/jn/sd/5W9MX/27f+Xv91v+Bv/gf33wm/2Hd/62n/617v7n+fL//ov+7t/xf/2D/vE//Vf9JX/47/3ZL5z/m9/6637du6Pf7u/94n/4Df7tXy/5P3+7X/rsv/2rHn75K3+Hv+pf+s3+tN/qo//hb/yLj/+T3/R3y7/9+k948Av+2bu/48tf8i//Y//SP/yv/7HZL/8n/s/q9/yd/uC/4e86XP5z/87f8m/+mU+fnv6L8//sDzm8rL76Y178bv/Gj/8lf+rf91+Wf/6nf2z51/2zv/rv+F9/k7e/0789+s0++k+++MtPv/13/rMP/prtf/k//k++n//+f/xv8/slf9+fv/df/Rd/ytE/9G//h//gH/uLfvD9+/lvceff+qv+7atf8rf/r+lft/sH/Dufff6d7C/4bf+7P//3/X1n2X/+Zywm/+nbn/niv/83fvV/+9v/xvNfvHr3r6b/7G/zd/5nf/5v851/7d/6B/+nX/HJb3v6d3317v707/jt/vE/6V/4236LxS/6P//df/M3eVbu5H/D7/ir//t/7A/5TvFf//n/wJ/9W/w9f+dv+zv9jr/9T3969FP59/7F+d/0N/z6v/D6N/ln/oTf51/9Y/+u/+Rv/nPu/Bn3/sA/8U/4I/+tv+Yv/qt/v1/yV/9j/8nBr/5Nf5e/7PAPW/4b//1f9zf+Mf/q7/Kf/gGf/5e//j/99g/6c1f/+t923P4Z7/6N3+Gnv/zn/4E/+s/+o/+V3/Fd+k/8Ef/XP/Vr3v+X/u2/fOeX/QaPfuUv+fbv/kt+83/0H/8r6/Uf8OTRX/mX/CU7f8Gf9sf+S7/tZ//+r3PnL/pL/uH/ZvEP/tk//Z/9Lv/EL/sP7vw9H//Xf3n9r/5ef/Rv8uq/+/XLf+nd7/gf/fN/1LM/79f4u36dv/a/+/N+///tN//p1//Z9W/8k3/OX/NX/lf/5u/9B3/7//qN/prf9l/7J/+ruv2Vv9fP/CV37/z2f9Iv+l/+7P/wd/+r//T/4Tfb/0v/kv/1X/mL/4Gfefv6e7/7X/j4V+6d/pcnv+1/8l/9XQ+++ocfffX4X/i//+bPf/o/+Znf49N/cz/7n/62//AX/h9/0J9X/za/5I+8ePB7/GfV77b4V//g2T/2J/+zv9F/95ft/s+7f+O9f+jfnP7gr/0r/vG/7T//79I/9a/9OPuPfp3f53/9i/7K/+wf/hOfvPlVk9/in/nkL1j/G7/kz2z+rr/rz//s3/8nf8HjP+vv/I//u3/uf0n/3v/t//qtf7NPn//+L2Z/wV/+m337t/xs97/4d/+Bv+hX/r0/819d/RN//V/65I/5Vb/q//77/7Df4Y/8HX+vX/Xo4//u3/n9fvOf/rP/j9+6/g/+jR//zi999pf+2PPH/+If+4t+j1/6P/3Of8T/+p+9/GL/wa/7f/8Bv+Ll2f/4Kx/9ql/v3j8x+Rf+kl/jn/g1/9LvfHL8H/9t5X/3k//lP/a7/At/0MM/7fRn/tVPfsff7r//hcWfVvwtX/7x/9Of/ev+hX/Rf/e3/wvL3/8P/+Sv+4mDP/Gv/7O+//f+ub/oL/odyz/4j/k3/85/83/56z/5h3b/h1/63/3Tv9NHf9n/8E//rn/uT13t/IK/9Is/+n88+U3/mtFf9g/U/8nv9yvu/u3bZ39D9b/9r7/k/7h3+Kv+1P/7P7j4K56f/gt7//n83/g7/trf9e/5Q//ef/av+tv/gN/7v9v+8t/7/f+Lf/0//ud/zz/+d/6f/qdfcyv7j/7Sv+Nv/Df+uV/+4B/+5/I/7Pf/5//3/+jf+Lt/zb/y7/ov/rTm27/8D/5b/7A/68979ep3/2f+x5950fxXv90f/Tf+B3/Y3/3f/K3/XHn6L/zf/+GDh//uvX/sX3z6H/2yX/4PfPbv7f551a/3D/yZv+tf9F/9A7/7P/DJd/6M/y3d+sv/5k/+rj/gP/lz3v2rf/wP/pn/rvgjf4P/9e/6Bb/Lb/y/3P+j/+ZH/+RfP95/8W/t/FW/8T/8j/7pf8knf+S/+Ut+vf/623/QH/Ll3/dLKenyZ43+5Tv/21/4e+/+L7/ub/4v/R5/7Yvf4lf8Tn/Sl3/R//S3/Yt/wh/6q37pr/kP/0vfvfoLfvUfcv17/Fl/zr+5dTr/A/7WP+Zv+vTx/n/+d/1p/+Kz9Df9B/6917/DH/On/8v/3Olv8Fv/un/Gn/+PPvvn//i//q/9T/+Ko3/hv/+V//Lv85+9+wVnf+Qv/da/+zf+jr/595//t7/Tf/OLXv3EL/qlf+NPXv3Wf8T/+W9e/eS/9mP/wO/8vV/98d/wbP9XHv0t/8Vf+Xf8g//c1W/62/+z/8a/c/h3/NTf8qf8uv/m7/rb/nZ/3b/15/yr3/89n+R/09/5h/43b3/lPzL7x9K/67f/T/6t/+qvqv7Ub724+C9+rf/q7Nf9v36dP/af+m/+zuQ7L//WLPk1/rC/5c/7I87/xkd/+k//zn/Lb/qvHvxZv86f8V/95X/+7/dn/tu//6//6uHOn/TnF3/5v/rf/3dnv/zP+tvv/spfPPmdf78//7/+5/7iv/Rv/qM/mT04z3+PJ//hH/83bv/Kl//+53/fk5ero7/h9/z35vd/lz/uW7/2H1L+gb/yX/hNDn6Hf+2/+0V/2X/x5/1f//K/83//E831X/n4t/tffve/79f4e/O/8y/9nf+7vzOjhP+//Tv/wv/pjzv/d//XL3+r//73/pl/8aOf+ut/91/29/y2/93v+yf8oj/8qwdbv/iv+Df/nl9w8St/z9/yf3/8y36Pf/jv/xvnf93f9k/8gf/q0bj9zf+CX/yvfus3/XfP/7C//Jf+gp/8Sx/+fh/9or/p7//9/48/7Fcc/lt/4a/7m/8e0wd/88vr7/6p//2/+fjen/UX/M8P/uX/7fO//uIvn//mv+RP+TX+ivL/+A1/4eo/P/nil33x9/8N/+mf/yv/4Px//5d+wb/7J/07/+hv+Cf92n/eqz/v1/uLPvozf6d//fC3PfpH7hX/6a/Yf/HXfPG7/+3L3+yX/N//6+/2y//DX/rlP/ML/uE/+eoX/B1/W/bm9/2L53/nP/uD/+X3/NN+6T/zx/6K5tf8/f6H//yX/nH/5qvd6Vf/6P5n/+k/+uXdX/vtP/eb/A9/35/8H/z+0z/l6Hf5rf+r3+N/SB9vP/5P/vU/6K/+k3/5X3/x6Z+b/Q5/zp/zr/wPf85P/SbNr/rP0u/9pv/7n/bfzf7s//w/+o9++fQ/+D//6b/lL/7Df4ff5x+b/mfZv/03/g9/3L/xU3/H0/uXf/jv8Dv81Q9/73/2/1y3v+8/tPqFv/hX/HM/8bf/7f/in7v4E/7m/6n6G//2v/2T3+Jb/8Q/+ues/pa/408p3/2lf+/fcv/f+J2b9q/4DfOP/4Xf9L/7M/+63+zP/x3+hb/iT/pH7/7gF5y8+x9/pz//T/ll//U/9C//W7//3/Lv/MT//BeP/6K/5/jX+fv+9vzfn/wB3/kDf79/8V/5i79z9YdPfrc/aPH3/Ev/wH+R/uW/6z/wC3/Rvd/39H/7W/7X//4v//T4e9Pf7R/6N3/1v1pc/6X/5/lv8avv/dTz//n/+E/f/Ut/1z/2r/7z85ff+3P/p7/x0y9OfvLxH/kr/4G/7s989S//9r/Fn/U7/2F/9j+U/pn/9t/+t13+rf/VH/Qv/cZ/8D/07q/8ff733b9y71/6c/+Uf+7Vn1z92X/RH1T+hn/iX/nb/sX/w59Z/Pp/zrf/ub/yt/w7/4H/83/9nb/4Z//3/fw7/8d/+8Vf/d9/9p/+xX/lndlf84v+x9/u/p/yF/0ef+Af9BN/w3/3+fLX/rt+6g/9Pxb/1l/7Z579e3/Kn/3y6n/6r/+m9l84+GXP/5y/9qf+jdW/8Df+w//r7/svV7/6//5r9n6T3/6f+YNf/+5/0X/z8M/4z/707b/+j/nHpvv/7e9y/jv++v/3P/OX/i3/6J/5r6+2dn7r/+tv/Xx58pf8wocvvvXv/Lr/7u/wX76bfPKPz/6Ef+ff/h1O6qvf8F//l+7+Q3/cwz/z3/yn/8G/ZP8f/MP/wP/rp/6Oz/+QP/IX/szv8m/t/Vrf+lfTP+5f+WV/9R9afLr/dPx7/OGzn/iT/pp/+9/6mX/57/7zPvtPq//41/9v/ublP/Hqt/pvfp9fcfh//Rp/6+gn9v+wn/6xPzP7yd/7l/wTv/QvffN//Ab/+K/6I367f/XX/gf/3rPpv/aLv/8Lf+H/+sf/+X/7n/En/g+fUTLjX/67/6V/4T/850//x+/9Ztmv/2v9u29/8PH1T/49v9ef/Nv+9p//C5d/0k/9W+/+3b/zN/2Ndl79vl/+j9/+n//F3+Bf/SXPfvwX/lW/7+K//J/+tP/9X/sDf/L3/O5/8Onrz/79f+P3/iVn01/3t/n8+P/4XT/5F/6J/33798h/7f/p3/z0b68W//k/sP+7/Z3/yh/6V/3e+//1f9f+1T/4mb/403/47/gz/pif+ej7P/ZX/OAny//ib/lb/ul/9Kf/iZ/+PZ5/6x+Y/Qa/we/xM9/5m5//G7/Vn7T4N/6AdXr/J3/mf/ylT//19Z/y3et/e/Z3/S3/x7/xJ/xvW8XWH/TfJc9+77/5W7/47/8z/oNf9Y/8b/90/Ve/+PI/+d/3/ta/9E/9u/+E6a/66/7Fx8m/+Pe/+k9/5m/8b//Dj//AP/U//et/6s/6y3/17/SHN3/433Dn9zz/zu/4S/7cP7D+8/7nv/JnvrV9svV3/0lf/VG/3r/zVz/9yb/xj7/4m/6uL3/xvT/wv/neX3/1N88PT3+fp6d7/9Kf/fv+w7/Z3/q7/7b/4Z/+/V/5d13/XX/HX/PJn/rbfv759e/5x/8Zf8rv/hf85K//j/+Pf/+f/s9+9Jd+8t3f4y+8/uvm3/7P//m/4e/4Y3/sN/4f/7vdX/pX/Ku//rO/5g/6/X+dl//87/gL/tq/8l9/9+utf//x9W//D/7Vf87vfvrP/8o/9a85/f3/wN/48lde/hq/1h/6l/5F//Jvefxv/u//6l/2+/5W//pf8kuf/Cb/2ejv/Pd/21/20R/8u/wRf++/+Sf+Pn/ZT979vR/9oX/O3/wLPv8Vye8z+bXuzH761/1v/8Hf4if+lV//zvjX+PF7v97v9F/84td/4v/43//OL779O/zbf8lvePSf/jd/3OLtb/rPbP2f/8W3HvzUP/QH/am/zp8xPfszP//j/qbkv/09fpu//Y/7N37jJ39n+tdv/9f/yKd37/3iX3Vn/Ff/7n/mL/9v/89/7K/5b/7Gv/Bf/ud+5pM//6/6qV/7H/vL/qLf44//5D/93eu/9ie3/4w/qPgbD//tv+ZZ+fv8MX/t//k7/4s/9df+U//m3/vn/tuf/Gf/wG/1hx6NfqP8l/yhv/C//7v/sF/vd/r4uv7L/oH/+2/463/rP+iP/pv/4z/m1/j0P/3rf7P/7Hr5K9/9Ha/v/z1HT/7T3/k3/20O/qp/7r//lc3/9it/j//tn9pL/8M/5bc6/cV/5a//p/xHr/+Gt//IX/OH/lH/yMFf+kf+Rb/XX/mf/VP/6X/yJ/74H/idX/UP/sl/ZPqH/aff2fmd/u1/ffz6F/yh3/ulf/v2n5r/fn/ovb/0V/3ej/+Df+an/4fP3/0Fv9fWf/7d/+Mv/xv+x1+0+y+8ezY9/In/+e/8Nf++X/8Hf+D/9f3f64/9D//0v/jpbzj7G//Df+Xl959v/Vb/09O/+u/63j/42/7mv/moff5bfvuvSf6r3+E3H/86+b9z+FNf/es/+Y8+u//L/+zf/fhP+P3+sr/wN/nen/uf/vt/yF/6J/zMVz/5x/zp97735S/78V/+l/5O//uvuPr481/2Fy/+3b/hF/wuvyT5hX/Ib//d3+zub/ev/Mt/xu/0Y68/r7737/5+2Ze/7cE/+ef90f/93u/1t/9NP/Zb/zW/wZ3/8NF/8ev/lv/LX/Pv/Ndf/s5/7K/+6+7+jn/Md3d+0d/x2/+b9Wj0H/yRH/9rv/ZP/9i73+LBP1v/HW9/+W90Ov5H/4pfd+9P2v0//rM/6O3f/Jv+b7/4t/+nH//u93/r41//H/y1/5Hf5X/49X/y//otfq2/4Xf/w5Jf+JO/w+gPyf6FP+mjv/3P26o+/ff/4t+++Mff/R3f+2/+nOP/+ae+t/vf/xr/7O/4T1/9Y3/+X1n83ev/Zvx7/jO/+T/z7K+5++0//sv/8s/61//mP/DZv37w5//5f+Uf8e2f/uf/1P/uu//5P/yH/3q/8G/Nf+of/w3/k1f/6N/6E7/N7/unX/wB/+j0d/nX/6Tf9+4/8qds/U6/5NW/8k/8Jb/r//3xv/rd3+2PePyf/41/5r/zL/06yZ/+F3z0x35n5zd7/Z/+RR/9nn/QX/fxn/VL/owHv/I//u1/43/gu83kH5lcP/6Tf+rf/TP+yN94+Rf/5n/Ir/PH/Wn/yl/38Z/6N/w+v/Xv+kv/uf/gP763+iv+yp+++h3Pf/Ev/O1/7y/+zeq//h0O/5t/4Hf7Wy//mP/6xf/5B/3qf+rln/jb/sG/+fUv+kV/5O/4+35159f/ff/5P++3/Uvu5f/c3/M3/I7/4P/xT/+vf/Xv9d+9/a1+yb/9L7z6b/+L3/C/+nv/9L/7jzz/h3d/81/xv/4Hn3zvV/x9f8SvHv3i3+6X/057v/Mfuv35T//iv+Ofufrv5n/soz/gP/2fVv/bT3/3dfU3/dXl/H+72Ps//5Tf+O36xV/8y57u/LV/59/28q/6r3/L4h/6Q37Xk/Yf+PQfffKLfvmjv+Wv+Z1/zf/rr/qP/qjf4Bf8i//JX//vnf2f907/j+pf/Ok/+9F///Zv//t/p7/wB+V//hce/gO/7J//A3/ZH7s6+V//gJ3f8nf+537BX/If/8f//l+y/kfLN/94+uf+1O/03Xr1neNf9dP/4N67v2uR/42/x6/71/x7/+HvdvG//eT/9cf/J3/hv/ZTv+eXf9x3f/Gf+mf92K959N/9tb/6F//v/8YXf+m//0/+wj/rl3/+T/73n/9Wf8jbX/jg2X9ykP/Gf3TzX/zKf+L3fvOL/un//d/45A/9A+d/6k8nT7eS+5/83X/qwcnid/9zfuzv3/4dfo3f6Td7/OxP+JU/9p1/+y+c/fLf53f500a/7B/8C/7tn/pD9v/3V3/zP/E/ZR+/+Hf/xD/26f63Vv/p/u/1L/ybv/dPfOt68pf/u7/Nv/n3/cyP/4rPPvrl059Z/kV/x1/5N/7zX/6Zv9nRv/Cb/qpf/nv8ub/Vv/Rb/M5/4G/5m/7CX5j8Rr/Ov/Zb/AeP/+wn/+p5kvwZf9Hf/Lf+un/B7/PJ/ouXv+tni7/j8vzdX/fn/NJv/R97/9Of+Pv9o3/TL/tDt//6P+rv+23++d/3P/ij/pxf+OKP/0t+84t/6hcnv9Ff8tNH/8F//OU/84f//X/Tv//f/pP/yK/1yW939/f8Lf/onz78o/+jX/Ln/f3lX/Yn/ye/4jf7C+78xv/ub/s7/bP/3V/zW8z/2f/uN//f/pG/4y94+ov+/L/mL//H/7K/5uH4r3z2j/7Vn/z+/9af8OX/9mvd+1P//F/+x/7af+P//Xv9kf/63//87/j3/4WDX/8P+c8e//Z//f/y0V/9f/82f8BP/Il//i9f/P3/9sc7v+3v8xs/+h2uvvrXf8nn/87zX+8v/lV/71/xV3zyJ/89v/W//B//8t/836//tI9f/Ln/+5/3d/+zv8aP/zfp9b87+i1/nW/9Bn/tn/F//qG/8kn623/2N/8Z3/rj/4Df7W//q/+eX+v3+ov+q7/vf/s/vvOf/Pv1r7j6rSe//A95+i/+9//3//HF//w//DP/85/87n/+V/+NO//IP/1r7/wbf8l//Wt9+19J/97fc/5P/89/4T/+y/+Rd189+nX+zl/yD/6rf9Of/PS//8d+i7/5J4qD//jX/c5f8TP/7a/zC/+H1e/7W375Z/9mf9Mv+5f/yv/kN/iX/vrvbv/v3/8157/Rb/jbfvH9f/h3+Dt+ye//q9780r/80R/6f/+OV7/x3/zFb/NP/lnv/uI/6zf/r37qL7xsT/73f/HH/sR/5v94+hfP/qd/sfg//uGf+Tv+qb/yn/joD//y325++i/91578V7/t//3bfv+7f/Wv8Tv8rn/fR9N//i/9N/70v+zqL/mf/si/+69q/8G/63f92/+Wf+y7v9O/9s/8yyf5n5k9/XP/2j92/n/82L/zx7/4+/6Q3+Ozv/L/+t4/+I/82B/xU7/2f/OX7H7nb/hb//d/6l85/zf/21f/9O//pz75P9/+Dd/6Df/b/2L7q/bX/CP/4f/7d/zf/qv/u8n+r7/+4H//Q/++f/gf/ZX/094f+vBP/BN/7+u3dz7+NZ/99n/6X9IkT/+U3+M//K//lv/0L/7t/6GTX/1n/g3/9aff/7U//S9/07/y+//+//W35v/IH/K//Du/07/9G333p//DT37zP+6z/+7f/T2//91f4z/9l3/Dn/kbf9//u3j1C/+AX+OTv+b5P/J3/a3/+D/wV/8Zf/9//m9k/+jfd/5LH/7ef9nf+lf+23/F//Cn/6t/7Z/zR/+df+qf8Tte/s7/9b/zX+4f/Ge/xR/9nX/ob7r+b3/3k//19/on/829P/XsH/wHf9Hf+of+tX/hv/zH/fvV3/jHf/Zrj/+DV/f+yd/lxf/4a+79h//qn/Nb/RP/yB/xg//kN/w7/sz/+H/46d/wt/juf/2LX367/q1/4n/f+2/++0/+gH/q1/qr9r/75/7W//J/91v8bQe/27//S/+Mf+Ave/Br7v8B//S//zf8Tf/Hz3zxH/zNb/7DP+Di3/zi7z7+v//9P3Z37zf4V/6D71z+n3/4//yL/5F7P/Xf/4r//L/8+O9O/+u/9+8++7G/5vRf+6u+2voDXyWf/1q/01+e/hl/43/19/49716u/sw/8r9Z/Um/7z/0x/1X64ff+n1/s09+/O/9Df+Hf/27L5//1n/hL/uT/sLf58f++v/m4J++/u/+g7/mF/0Nv++f+hv+gb/sd/wT/7Rf5+8//73+6j/i0z/0D/u//6P/7mA1efHv/Om7/93LP+g//6P//j/oJ/f+97/jT/zeb/6b/b7/xqvfqh39oo9+x7/33/p13v03v3N9/e03//eD//hPnf3Nf/sf/VN//u/xO/yD//Tv/Oo/3vt3vzf+9n+T/Zf/25/9D/+1v+W//I/92Y9/2Z/9F/993/q1/sqHO//kHzj93//rn/7nf4vy9/wt/6q/4KPv/8e/8Hf/2//exW/z1/+RH/35P3mV/djld/+4P+p3OvsDn538g7/nr7v+7f+3vyv9zV7+17/99G/6G6/+qn/5X/53/4Rf/a1/dvrf/I7/6fpP+Fd/4Rf/2R/6F3z66N/6sW//Nl/8w//oX/En/RH/Vfpn/sf/2r9wtfzsd/mT/sr/66O3v9HHv9Ov/B9++exX/Tr/1Ovf/zf9V/7co//gN/sP/pff/ON//g/8i9ufOP0lD65/+9/s3/n9/8X5H/rir/sz7/5xy6ff/uP/6vEv+M93ftv/6sf3f7cf+/3H3/61/8M/9/f7O//Ff+j//md/61/z+r/6q9/+B3/F4l/9J/7AyU+dbv+x/83VT/962z+1//HVwX/311bf+s1/n4/+/J/53X7fO3/kX/Hn/s+/6Ff8uf/rX/TZX3my/wf/09u/5E/4ZX/iH/lPffKv/S//SfK7/C8/82f8nv/Ab/3n/sRf+2v/9y8uftu/6q/45X9C88v/yotflvybf99/+N88PPvsUf6X/QOT+3f+0X/rxafFr/v29/zJ/+Rffvo7nP7En/Pwd/5HfvX//tv9wX/a6Hv3/6N/57f9z/7Bf+e/fnvwO/0uP/lf/fT//av/h09/4n/4Sy/+03/iO7/gz/uVk//2l//2//yf+epPvPN7fvrbvPlTvvMTr65/vwf/8O/6u/9df1j5L/7g868+/Q2/86f/Ds+uX/zg/OQv/gf/jL/nYfpH/JK/81/+0//te//lr/V3/PEnf+5v+R/Vf/jv+rf/If/I9+b/yu/8v0/+18/++R/8N//X/3z6T//JP/Z3/LKTf+kf+Gv+vupP/fJP/5P/xP/9H/5T/sP/6f+891N/0J/4n/1L/9Dv+eDP/dbf9gt/0T/397z7FX/9//p7fPoX/n4vf8U/9Ht+61/6E/+Ov+m//nu//V/9Lf/6v/Xk9/svfof/7Y/6fU7/tz/m3n/8t/w7f8bv9P3v/8LfY/ngn/j46q/4w/6H//M3f/rXf+df+rX/nl/4H/01s3+zfPy3/E/n/9Th//H7/cv/0UmS/br/wJ/3l/wV//Jvkz/5c97+db/Vv1j8RX/IP/63j//k8k/6H//jk7/qV//p/8C/ffIP/cX/8e/z5/5P/+nf8Lv+H7/5P/A7/Xl/6j84/4f+7j/gj/jPZn/H//Lv/AG/6T/119R/5T/zW17u/ZHFn/Od//Z/nv9uv/qv3f3BF3/Gf/FH/+5P/pa/4F/+P367X/sP/YsXf/4f94/+LuWf/Uv/tT/tv/gtfmX16/6fv/Cv/223f4vf58//Pf7p3+Yf/jv+vv/57zn4/p/+vzT/+q/8zX+3//WPvfh1/+9f5y/8hxd7/8Rv/x9u/RV/0D/yL3znj/iffuPpf/iL/70//S//67/zT/0dv9+v/nt+j9/px3/3/+S//G759/zhv+/5b/s3/mM7v+8v2To5+bd/n+qf+33/mD/q0S998h/81Pd+g7/nr/sT/71v/zX/1vy//d1/t//mX/4nf4Pf7X/9Fd/5Lf+rv+Y6/+/+pMO/7rf6b/7D/+gfqf+h8t/8K07/jYfjv+kX/yZ/w9W/mn/0r734/f/Zyz9+50/5bf6D4pOzv2t/8tv+T//4r3nnn9j9Q//l//uTP/xf+Zv+4F/jz/2//u4/9X/+Q/68P+Xk9/ze3j/3u//Fv0u+/MW/dbK//Ud979/7q85/v7/qV/39p//1H/gXNH/Ro//t9/s3/rTf5+//23+/f/O//c4f+gf/z83v/C/+5I//s//zn/tr/VN//H9x8Qv/89/3o3t/xn/zv/0f/+1f/Mf/zr/77/rX/19/97/4x//G5d/0l372vz37bf+OP//Lv+cv/g1+/2f/7vd+n1/yxeWv+T//Sb/tF80f+Nv8wt/n//jJ/3znH/3tdv+E0Z/5V/5vv+4nf+Yf9tv+bVv//vw/+1ce/1l/5aN/49nJH/rH/b2/7X/1m4x/5X/6z/2dv/jj//jkn/g7/9Pf5df89X/Xw9/kT/ulL8q//K/+u/7kN7/kd/gr/qtf8zu//7fv/tp/w3/2b/2nX/xLv8lv8vf/Hv/aH/Xn/Tr/zD/3F/7Sv/qf/yV/0r/zH/zK3/POb/Tlv/g3/o/tb/TFr/9ju//SH/2v/sF/8p97/pd/7y/+v3/d//0P/vG7f/xf97/8fn/mn/Xv/C3/3t/3m/5uj/78v+QP+av+rf+mne/87b9t+gf/Ln/1v/FPv/jT/p0/4X999b1fcuf3+R/+l//9P/pL/uQ/8c98d/a//+ffffJfvf5nT57+zr/sz777Z/zKX/1X3Xvyj/+K//Mfbv/pv+A3/VP/iX/vv/zH/87iz/8f/o8/YvoP/cH/+um/9I/+HS/+gN/h9f/xZ/2xf92TZ+8Wv/HJv/H3Xv6Ls3/2ef731v/b7/TH3rnzl/6Rq6d/9F/ye/xev9Z/8bf/Cd/+s3+Pvz0/++f/0H/qD/s/fvvvXB28/r/+/j9g8e8W/8B3/oR/8p/94s//T/7pP+0P/l3+j1/xM8Xf+8vefvmD/+J3++//l3/nz7r+B//N743/z3/yL/6vf8nf+69v/1qT//Djf+7+3/qr//r/8P/41n+f/QZ/0l/7V/2Lzb/673/8f/6fHy//g9/pV/6LF1t/3D/5K37n/+FPyu8ufs3v/VW/7N//A//ov+w3/7f/pe1f53/9l/7y//pv/13/+n/iW3/udfoH33n5N//B17/OT33yB//S3+TX/+W/59/zv87+6X/rX7779/w9v/tf/Cv+5L/uf/ybftO7v/uv/g/+uF+8/GP+6L/iz/rHV9/7jx7c+23+lj/23sPyV3722/xf/9Uv+hX/yR/x1//fP10d/NS//Gt+9JN/7P9x/vv+t//sf/YPPf2Tf9d/8q/4bbf/or/1X/jd/4h/7D/+/X7Rv/Jn/4H//Zd/2r/85/wTP/b0b3v8+Gce/ZaP/vbf7de4/DP+kP/+37v6PT7Kf5cf/Hf/wPOD3/tv+7O32j/tq992718rqt//Pyx+j1/0gz/71/vpX/nr/Ce/6t/f2f2VP/6H/evpv/8P7P/gr/2TR59t/xN/w1/42/3H//C3fo/P1n/Kv/5b/OJ/85es/75v/bP/3u/7bz/+zi968Mf/7b//L/9Fj37RL/1Xfqd/4ru7//LvsPyDf9G//u/+Ub/Db/1k9x/+w178+b/zn/87/W/P0n/wj/wL/oOL/X/lzuLv+j2+v/w7/vd/6Xf9j/6z8vdv/9Zf/c/9Hn/n//Wf/ZP/zl/6m/8hf+j8d/hTvvdP/Ov1v7/6dPQb/hGrd7/Tr/+bXvxnf8fBT/+9/0nyt/4Gf9nFb/Bv/u6/w2zv89l/+i/8LW+b3/p/ffgnv/pXf+bv+A/+j7uLX/TJr/5n/9r//td5Min+k58effbnXf6Nu//7H/Hb/Em/+juLP+S3/IXf/cP+xfkvefA7TH/s8H/60/+Q/y3/3/6Uf/833/qP/51/+Zf/pn/f//Qv/oW/6I//8/6UX/Kv/gV/2N/86/2af8kf/Ec/Xfx2Z3/K3/aH/B//+P/8v/ylf82v//Cf/Yf+ij/td7z6L3+dP+L/+LOb33n3z/0Prn/j0dvf8Bf/Jf/Z8V/3a/xd/8m/8EfN//hHf8KrX/pP/T2/3282/if+hF9V/y35J39vcfKLH+/+B3/MR//OL/0/fruXv+I3/81/53/0X/sdvv2v/dL/9Nf+TX/l//RPfv/f+av/m3/1z/7X/o5f/fJ3+P5/83f9jsn/+kf+i7/P3/f7/iHbv/7fc/X7/1m/y+jP+E1/yd+0+OX//K/66f/xb/pP/6c/fesfza7+lX/h6vM//A/4zX6ff6/90/73z/6eX/D37/1V/+mftmw/+pn/+fJX/r6/9t/4+/xrv/uDf/Ff/7v/gF/v93v5F/0z/+bfsfUH/9Rf/Bf9dX/17/Rv/3W/0+vf77+9+v3/ub/jn/5P/ov/8Tf4p/6qn/y1/u2v/te/84/7Lf6zP+N3+8d+l7//v2l/4h/58uk//zf+xu9+nV/xa/xl5yefX/yNf9Jnk7/hn/js9/1L//p/9g/8x8+28r96/ef/75f/0p/9x/6+/+T4j/59v/+/fnf+v9ffXf9xv+tf8G/8Zv/IL/jVv+K//3N++rf7X/6p/zb5z//b/+wP+V3y4m//J/+Cz/+4f/B/+9f+7btn/+Hv97//0t/79/wXf6O/53/4U6dbD6s/9hf8rr/O75P9Hp//sX/3b/jX/5I/6T/6ff+L/+HPOvyH/q/nv/BP/HP/w3/hz/uvfq+fPrz+r/66N3/y3/pb/tF//u97v/4//qR/+M/8zf/J5O/5u/6cv+APP/0z/403v/6/8Uv/z+d/5T/17b/gF/9j/8293+Fv/IdGv2Hy9yd//T/wu23/L9/Z+rF/8Y//PX7fd3/B//m7/E3/3p/9J/2Lv9nfvV7/MdO//K/8u/6Ce//9b/nX/uDf+fZ/+Y//vr/Rj/3Ov/LfevqL/vI/8Kf/xz/1N/31/sqH/9Vf8f3//Ze9+Nf/oo/v/UX/9l//yfLv+Y3+rbM/5F//K6YP/5m/7Pf8t37Xf/UHf8Tf83d/7zf78nt//h/wn/2Xf+Vv++v9i/P2j/z1/qp7f8ofPfpb/4E/YOvv//ztH7Fsf/zPv/ODP/mP/EP+99d/UDb+E3/qv/yvj//wv/Pyj/8bfulfOvnX/o9f+93v/7/8wX/QzuJP+H0//wP/kr/t9/tdfq+/6fN/5d9f/Vv/8r/839//H367X/bn/KeTv2H1+3zxa/7Zj59f/B2//e/x47/93/jkeXr1m/6y3+53rP/K7//bv+gf+gN/39/9sz/wF/86e1/8yb/09/2v/ty/dPmb/pr/xe99cPHPUMLjt/t3/ryf/ifzf+Yf+2//23/9j//X/uJ/8N/6t/75k93zf+R3LJPkp/7z3+vf/d1O/vu/7T//j6dHv+pP+m3+oC//il/8N/0fv/B3/Bv+hl/vz/hl/90/+gf/ob/8T/vDf6r8bvon/54f/8fn/+fv/9f+Nn/K7N/6vf6YP+c7J3/kn/9rHf7l//1v96j60/7Pv+CL/+xP/L//0X/ue5//7b9i/Rv/X3/xb3XnD/9XJv/4X/yP//V/2pPVnX/8/t/1e/2i3/i3+jt/jb/8t7q6+jd/s9/3t/idfurv+7t+27u/ztWv/Id++fV/+Uv+gv/x/zh8+8//H7/0T/3b/4fv/4V/77/5b//i//Bv/Rf/gcP/8s/79/70/I+pT//JX/Of+Uf+s98r+b/+xt/wL/73/vY/7c/e/Usv/t3v/hm/45tf/Nt/t/ynv/fL/+nf6t96/r/8dr9++7f9Pu2v+at+0+9Pf93/8df7bb/99/+r//BvWPzuv+T7f/zLv/J//kW/7NG/+3f+mn/d+at/4w/8o/78f/D3+ivbn/y9/6x/+3c/+GN/nd/2i7/+T/7qb/hdfun/8Yd8/vTf+jz//R4X0/yf+EV/w90//Rf8a/9U8n/8TX/uT/0V43/wF/9+RfMH/rH/2m/7T/yTv/lv/hv8n3/39/7dX/Lkn/vd/7s/6Pf77f7M9vf7d/+pX/mv/Zt/5z/wvb//l/7U3/XF//Qr/o+/8hds/aF/yL9Z/nP/9qf//l/yS+v21/rFf8l/cfhH/8Sf9Ov83b/Tr/obZq9+0eWf8V+9WP1Ox7/4L/lnJv9E9fcvf4f/6U/6c3+r008/+U3/ml/6K/7gv+fXPPo9f6ef+Zf/st/rb/kLP82evv1Hf7+/7PXJ/3g0/n1/4dGf88v+5X/5H/61m/Lv/Nf/3d8p+6v/jOPf9eS7v8lPfvVb/+Sf/Jv8+ff/0+/8Hf/au1/7N/vjf9nO3/qP/p2//8Hf9dM/9nv9Lf/3r/2n/yHFr/MH/SmL+h/7Jw//rv/x1/qlxx/tfPff+3e++8/8+b/N77j+O/7Cf3fvN/8fp//6L87/0d/p37z41Z/92E//undO/+Q/6c/+u09f7W39Lf/ll7/6d/q9/u1/9//68rf4bS5m2W//jyb/1j98/ewv+yvSv+ffOfgjL777H13+o9WPf//Fj/0LX/6Jf95/1v51f+Gv+Uf/wr/31/iv/v7Ff/Xgz/3uH/tH/jZ/7m/yU3/Ur/jD/8G/9k/7s//sf/b/+ksWv97kz/szftN/sP3Nfr/fafZX/aa/7p/2b/29O0d/6X//rfnWH/mH/vjv9erv+ov+yz/hT/l7/77f8U86ePHv/56/8S/8n/+yz//gb//uv+2dP/HjP/U/+lvu/mv/3bd/4md+xR+e/cuTP+f+n3f/T/mtf4//9cm/9tP71Z/2D//2f+z//C/8pUd/6E/9tX/Ef3v1B375E//Kb/+r/+U/4s/5L//d6W/9/Cf+qAf/+z/z7z78Z/6pX/5X/CeTv+P/+Bf+xp/84/7Bf+nl81fZn/hr/Kd/+Jd/65//B//75d/5u/+t0+X2b3r+V/3r/8Qfuf1jv+7Zv/M7/Kd/518w/zN/v//yn/rf/9N/4v/8y67+r9/pP/wT/6n/8Ku/8ff9Mz/+fb79Y3u/9/9y/u8++a3+4OqP+OP/sn/73n/1B/8f/9I//it/7Lf8+PBPaxY/8Wslf8Y//z/+u3f/uZ/5p3/j3d/nv/7DftGnzd/6+xx/794fcnTxR/6Pv/TRX/f9F3/F9cP/7nf4J/76P/x3/DP/8F/4j/+G/9Yv+Z0u/qPf/lu/Zf4H/A6Pxv/yb/Hw4T/3P/8ar+//t7+6/KP+9r/jN/pXfvtf6/7eX/LL/tH/9B88/r1+n7/4X/or/7Jf9s+Nft2/5fD+/3j9P10fLf66f/eP+L3/ld/y9/iH/8O/5P/6V/6Wn/nXf6u//bf6D/7z//WP+2//r+9+9TtN/47f8d//e37l3/CfvvpHqr/8T/tVP7Hzi//h3/f13/wf/0X//eRf+Xv/1n9p/G//e//sX/N3/dN/4vd/7V/z3/1Lf4vf+Xf8T373v+eX/0F/ydWjHzu6+xv+y8lv+xP/wO/6qz45+LN/43/vn/ndf7/f7y/8/f7EX/pfnv1bv/297z3/LV7+1F/1f/5J//H/+Df9X/9O9s9e/pnX/+bf8yf8gfce/8Fn3/n+8e/+a/7rv/b+j/16v/af/hd/+x/+n/+u/3n/N/s3qj/rV/wb937lw3/13X/3l/2l//Xf8j/+t18+nv4nl8Xf+Lv90rtf/ef7f/bf/X//A5O3/8nfNfsNv/jq09/yX/tV/8zlX/3i8if+krN/9c1/+o/+Yf/EH/A/vv5X/rZfvP6jf6ev/tX5H/jJb3r2u/2t/90v+od+10/Gf8N/9ct/5erf+R/+t7/7+83/Ot3+FY+++1v8gb/kv/n1/7d/6eJPvvoX/tAf/8//mv/zb/iz13/4//XF8Z/2u/ye//av+IX/9l/3y/7H6e/zj/9Xf8rf96/9hX/87/TZwR/yH/6X//O/9x+Pn/5Rv/jv+jV+xaf3/7I/8e/9B/+eP/Ov3fsVf8mf/5O/5B/78/+G3+y3ffU3/am/U/0bTv6U//K3+PX+ib/uzuFf8j9Vv8ufNN7/j//hs3eH37v3b/wBf/Hf/4f+Pn/fX/kr/se/8tf6V37tq//5+C/7rf/917/tH332r3/nv/sTXv05/9h3/pFfcfGXpt//7X/BX/Grf+Nf73f/Cw7++L/wx//kP+df/cv+jn/lr/tN/sW/6uO//dPPR7/D7/i3/En//H/1d/3jv+tfsvc7/pn/5d/2z//Bf8Wf+5v/Vouv/oHf8C/8d/+L3+5/+et+w3/6H/zH/53j3/Vf/TVPHz/8p/d+6s/5+Gce/Mvf/eN+7T/wv/y19j79TX71H/cX/cyn3/77/p6/5h/89f+FP/nVb/jr3/+9fubyN/p7Lr/993/vp/+Uv/Ph0R/1p/+e/0j6bxz/r//lX/c3/k53/7n/8t/+v/6CKv917/3Pv86/+2P/+b/xS8/+mH/hp//S5l9L/svv/wH/6W//n/8nv9PuH/K7/oq/4J//I//x/+kv/53++t/v7/59f5+Dv+BP++t/k//89/67/ty/8Df4Z//qv/nvn37v5b/yzxz/rb/4f/l3Hn/56r/7Tf/nZ7/fv3T2b5e/w/TPuv5H/tt/7dedfPTb/8n/0j/+H/6Wf8Pv8NP/5h/7r7+r/tJ/6Q/8K6uH/9Bf+m/+0l/0py1+x//pD/vt/6Tqz/8bfr9Xr7N/78/a/tav+Lv/j3/g7H/6D/+Yf+bx6o/8xX/AfP8P/LP+46O/4L9K/9L/+v/6BT/z7/yVf9v/8p3f4L/4wb/9917/Zpe/YrKc/3f//j+S/vjxH/bPvjn4bz/6Fc9+//O/49f6Y/+zP//X/zN/p7f/7B/229/7Hff/xZ/85Mnrg//j+AeXv/4/+kf8/ed/0l86+Q3+xJ/+l9f/zR/+W/0Gv/LP/fN/+nLn3/sX/pqf+EP+s1/vf/iL/p7Z37j4Hf7d//D3/Jn/4lf/z3/t3/GH/er/7bt/xb/0r/z3f/8/+h//hv/af/T4t//pv2L3t/gH/uT/6fEv/Lt/m7/xP/3Ff9mr/+U/+q3+0atf8NG//jv92bM/8b/5hb/V91989bf+xb/5H/OX/u3/w0/9z3/T84d/9D/3E//Bv/7XZr/Lvz/9p3/BL33z2/xf+8W/+/jy8z/l3/kFf9rvdefXevVb/TF/9X/yl//Xv/I3Lr79B//iv/AX/uJf/Lv+4t/0d/8v9/6Y3+d33f0n/5Gdn/zj/+nx9A/5y/6AX/VfXHz5n/zRf+jrb/9jdfnwj/m7/9h/5lf+sb/u7/3m3zr6rZ/9et/6Y/+A9I/4j//Fz/6M/+jOP/nV3/e9H0t+nX/+D/43/4AvfsNf+JN/ZTX6+//gN3/O81978h9u/Xpf/Po//r+e/rvP/rnv/V1vf/N/4uiX/PX/7j/1u/6G07/ub/p1H/41H/8pr//ov+Y/efqv/jV/32/xv6X/zi9/9af8T+9+50fNF3/7X/tH/DP/+j/xa492/pJ//m/+S/7h8a/6clz8tk//tf1f+Ru+/gd/8Ev/tv/+P/9q8q/+9X/Vf/nH/EN/5b/5O/6R/8Xuf/QXVcVf9tnv/0/81Ud/0+93/h//fn/rL/yd/5wfVF/8y6tf/df9un/GH/Zn/d3/6d//i3/v/+Qf+PY/8Pv98l/3D/x3f9O7/+L/+lf9e/m//Tff+0O/+hX/42+Y/In/7rP/5aNPfvEv/Cee/dH/xS//R37/P/Pvv/vf/nF/5B/9F9W/Tf4f/4//6t/2J/zWW7/ZX7vf/MH/7f/25R/2zz7+9/+RP/yfPL/393z1U9/73sEf8+mf8h/8wn/2T/sLRr/WH/OP/NO/x2/27T/z1/2t/uE3f/q9X/KH/RsXf336u9+5/F/Hx7/hT/+tv9Gb//H/+PzeD37T/+y//1u/+4+c/AZ/9O/9t3z3r/q1/tE/9M/7b37FX/83/W6/3/9y9xf9Zn/s33c3//3+/b/8D/zr/6BftvzFp//693/Bf/eP/ZvNn/frPfpNfpd/96/4mT/4v/infvAn/OZ/4/f+5l/77/j1fod/9r/8J/78P+BX/vm/2WVx8Tf/43/Un/GrmvPf+M/58X/oT3r4H3/007/+f/uv/qbTP/W/+H1/p9/o2T/0f8z/2flv8zf8AXf+7q2/4D/4P/+Rv/HRb//b/9ivPv8X//u/7D/4n1b/0x/4T3/2u//g1/mf/uj/9qO/+6d+u7/27/2rTw9/nWr81/2CX/Ppz7w++tP+9b/81/21/4t/+yde/RmPf8v/+m/4/X/Tf/oP/YX/4+/zFz//nX+vv+I3+iOSn975A//x//F/O/z1/5ifPnz8+F/6nX+b//rVX/Rn/d5/zKef/86/y1/xL/2Rf82/81t++ef/+f/9q/He3/f3/+Djv/3/+PXO/pV/93u/9O/9TZ/+1b/sjz94cPzf/b1/5b/1Dy5Or//1v+An/sd/+Xd/dPZ//Vt/8B/V/tN//x//z/z2f//nf/Kf+Kf9mTt/xR/51/yPT7L80cOf/jv/wb/gl/xWv/xi63/+D//uX/q3/Nv/9fS3WPy3//UPHt35vX7bv+Pf/ZV/+V/xF/wuf8lv8Pd8/7/96k/+/f6GnW+Nkn/1L/xPrv6kP/uzw7/ox//Gv/g3/F8+/ek3f3/77z/aa/+P//tX/4s/9n/9j7/hR/9A8UsX/9tv/c9e/we//Jf/qh9P/7J/tNz/x+Yf/+u/23f/xr/xL/wL/quLv/Uv+xf29v/mX/qf/tb/2G/znV//l/0ff9Uf97v805P6H/7b/qS/8d/7Lf/sl//bf/6b/0W/5G99cPbF7p/+C/6CP/T3/O3/zd/64l84+E//l9/sN/prfsO3Z//z3//Tf/TFfzlK/tE7xw//oN/01/slf9tP/Sf/3Edf/Lt/1+n//gv/l7+v/X1/xU9/70/Jfr/v/Sl/wy968vd/9e2Tf+d3++f/jp2/4r/+R/6b7/1p1R/2X/8j/9i/+I//Vt/+9/6NP+tvffL7Nz/zN/zq8o/e/sP+/P/yN3n2B//q3+Iv/I9Pfpc/9NEvvfPfj//T/+Jv+O+2/57v/3F//PVP/xG/8Z/zh/5Nf9GjP/npl//W3/ntv3Lxfx78PX/Yf/ZP/wWf/0E/tfPJv/F3/aHlj3/xz/0Lv/Qv2P5t1n/M73vx1/3Kf7H9/X/DX/cv/R/effk33/8H/7w/8aNf/Lf8d//i5T9L4civ+2c3v87f+Xv8e3/QP/LyN/zd/qu/8fT7f9f0v/gtfqd/5M7Dd3/Z33/v7/3ev/QH/8G/Ovt9n/6nv92f8Dv91A92f/I76e/0fxZ/wavdf/lv+Of+5//y9/or/9yLyz/tT/nd/uQ/9+Hf+yv/zh/8j7/Bsxe/+MHiZ/67v+c3+aP+r7/9Fz1d/Jv/1J/5n/xtf/av/HP/iH/pf/vqB//gP/FnffbTf/nvM//Xrv/5/+HN0/mf8eSf+A//tV/vf975vQ/+htnv9Gj1X2f/xYu9f+1v/Cv+4r/jf//Pf6O/99H693j9B332e/2hf+Nf9pv9O7/iL7r6r//Tv+Wf+5f+ml/9G/xJv/6j/+nN3/SP/zH/zu/1vb/1l/xp/8J/efWXvv5v/q7/4r/5BdVv+Qf+Fu9OXv/axe//C//9s9Uf8Y/9YX/l//ZP/mN/2X//Jzz7x37/n/jFf9+/8Qv3fp2/4j88+Bf+p78t/ft+4Z/77/5R/+d/tfXT3/2n3vy7v/df//ZffPuf/1V/zP/+X/2Jv8Ff++W3/7a/5o99+L2/4T/4V//m3/9f+B+O/+d/7J/O/uP/7J/8K//EX+MXfvGv/fF//G+Y/Zl/U/PXfvbL/sp/6pf/jn/lZ7/kj/zP/4Vf/Qf9t3/YLzz6Lf7oP+Zf/d1+8//hV739Z/7z3+P3+FN+8qd+pvyd//A//fEPftNfeO8P/BuSf2T90+9+i/O7Tx7/8//ew3/+b//X/qFF82/P/rM/4vvHf2jyR/37v9+nv8PLyX8++p+e//PZP/zH/Lp/3uRbf8mfXv6Vv9mv82/97Z9/8lv/b/lv/Tv9tv/Av/2//9e/+b/0h/xV/+zTf+3v/pd+5k/6X+b7/81P/6Ktf/W//e23/rSP/+jf6eN//w//l//In/k1/rv/+9u/20/+o3/0n/Jf/F/N7/6b/tt/1z/86OEv/ltH/9jf+Xdv/SXf+sFv+Q//tj/Yefz7/vifNfnL/+vdX/Yv/J2/21/+t/3qP+XZ//gf/cVv3/0z/8iv93/9a3/gv/0H/ZU/+Uf/yY//pGfv5v/Nr3XxR/1uf/GvrP+u/6H95f/nf/33/MP/4sHv+vf/Gx+/+s//52+9/F/+xr/t7v/5p/0r/+ber/tn/52Xf8O3nvwrn/1Ov9Gf+Tv9I3/Of7z9P/9pf/nf/V/8Ff/8X/7k7/j0r/mTf+r3+fX+0j/wt7z7M8d/1bf/pL/pf/tjf42/5m7+e/4m//Cv/j8+/3t//V/xb/9Vv+qPfPgn/6X/4Ue/zx/3W7z4H/6Mw3/2av3n/T1/XPL7/06/yT/x5/6qf+7L/b9t/6/4g5P/+j/4L748++Jf/qcf/x//x5/5v/6NT8//p2/9lf/Bb/Pr/dl/9l+7f/TX/03/wvqjv3f6X/yBf/Lv8Kc+efvr/a+/8lf+NS//tH/lX/6Ff8uf/4M/+i/8z//4X/jfJP/znX938eW/+2O/7Bf/pb/OP3j6+Z/1O/0Dv9e/+w//5n/sv/pX/wZ/9X/87F//53+Hf+Vv++9/v7/7l/3d/+d//O//fb/3v3H1m5/996//9r/ro9/3n7331//G//Lv9Sf+Kb/LX3b3d6kPtx69+3VWh78g/Rd+u7/ij/ijf/0/6Fu/+j9c/Gff/k+P/uNyPv+pP/DXmX/yR3/5NzY/+e9++d/8ob/1r/+b/w7/44//p//6/zK5/x/8ab/ub3P+4rf66fv/3cs3V7/b3l/9h/7G/+Tv/ytf/9+/37/wnYd/+9v/8L/6b//RP/Vv/iN/5vv/xm/9O/8+/8Yf9VX68d/6H//7/+7TB3/3P/fr/Tl/7X9x8S9t/ea//Lee/Evb/+5fMD79lV998ptfnP6LR//57/xbvPjb/vp/5OxvXvwW28s/9V/7B3+73++/+Qt/1S/8F/643/cP+9v+218j/Zd+n7/r879z/qvHv+Bv+e//ml95+mv8rn/Tv/6X/N6/xsVf+cUvO/u1/vTf6W//7U5/o//4F/9af8Rv+7v8A59t3/m/Xpz8qr3f43f5g/7l3+b17/cv/JrV2X/6z/2Xf/Mf8h/83v/5i7t/6c/8Dn/hR//OL/kVf93f/OlfcfDsz/2Zf2n7T/7Nf9t/7c/6zf+HJ/f+0Tffefr3/Hp/wG909gf84V9Ofq1f+4/8DS5G/+Fv9eVf9Z/+4/l//u/lr/6ef+/8D/3Lf5vpX/wrH/6Kv+UP/HV/zWd/3FeHH/0fn/16P/iL/ucnP3Hv85/61/6DX/IP/vp/5Hf+6z/vH/ibP/u3vvedJ3ce/mP/7erbf8zq1/nOf/nn/t3/0eLf+i3+pt/pj/sdf++/8tff/tW/8LT6c7f/kb/rLyj/uz/p9zn5ff62o3/xvyqvfqe7f8ff/j//nbN/7ouX/9s/8ttUv0n7H5b/yz/4x/+6/9snv+zd37f4b36TX/I7/3F/5S/76enbJ3/ubzz+M/7nf2HxW0/+7r//9/p1f+X3fq9/4W/846//1L/jX/lTnvyV/+w/2vzmv7r46b/nH/8Ps1/xz1an//vd17/3fz3f+3f+m//mp6+bb3/xy6//+L/89/rr/8rv3/9jfsXF3/qDP2nx8K/7c3/D3/E/+G3/gb/wb/9f936Tv3z0J/21f8o//98kf9e/u/w//o4/7HfP/qs3f9b27/5P/Xn3/uO/fP9P+HvIg7z8D/673/Th7/Qv/6Wf7f05x3/+n/uH/42j7W/9hn/8b3r6j/92v92v/G3/i4/+29/x1b/8t9//K37H/T9t/Af+Fb/0N/ojf8v/7dt/19/+l//JH/+9/+xv+4/9Hz/zR/z0P/pf/JJ/6Z8//y3/qKNH/9i/9z+t/oKH6Z1/7t84+M3+9X9o9Bv9b7/5p//6we/64//i//W//5c/nv5+f+Af8df8Jb/ir6n+qd/sT3/0Pz78B3+DP/uv/av+4N/xx/6U1+M7dy8++cG93/Q/+0d+vX/i1z/5Z37D+e/037z9Pb76O3/q6Z/01b/0rfM3v2B0+Vv9mf/0f/Sf/tt/y5//W/+qw5/+N/76v/Dj/+Wju+e/5V/2Z/3Rv8fW3/yb/31/2z/w3fb8T/4Tn/+b3/7t/sc/t8r+kd/x3/xtf9vf93/7647ub/346dFfuvdXpx89/Gv+vPYnH/x1/3z2G/zV/+rvffG3j65+5R8z/+3/nf/wj/od/q5v/a77v91ftf8v/xa/8T/3W/7kH/ud/+G/+1v+sr/mz/qN/vK/8bf/nX/qH/yX9v+P7/02i/Rv+q3/z3t/Wf4r/6M/7pf85J/15L/48i/78k//9V/9W//5zl/z8V9WPXv24JeMv/hFf+iv9Y8d/N3/0T/+B939JV+M/6bmO//El//6r/2r/ojf/i/8y/+ef+3Hzv/jf/rL/+C3/r//ud/l75z+zH/xncnf9Uf88t/rr/23fv2q+i/+zL918sf/YX/S3/A/V3/Eb/XX/1m/4BecP/7t/s5f9Pan/9mzP+qn/9X/+Y/7B9J/7B/4h/7VavkP/y//0uRP/4fWf+/1r/vq3/xt/5O/+r+9Hv/+f+nTf/Ff/2t+0e/37/+Bv+fT3/+veP37PPyXnv6J/+buf/Hf//f/7l/xd391+Jv+7X/EP/L7Pv1jf8d/7NO7f0f2X/yVv89/vfiHnv0RJ5//fn/Ho6d/0j/8hx3++v/pL/+1/sVf99/+Ded/5R9+djT69R/f++P/m+W/9wf+zf/OL/nN/tx3v+jTH/zrf9hveP6bfvQ3jV//xr/pf/KLf+P/8t0f+9//sr+u+h/+4p/+rx7/Wf/N//B7/VE//b+d/2bPf9O//lf/YX/CXzH+XR79m3/LR//Kz/w+Wf4zD+/9it/g5X/x+/xmo9/y7/vPf7u/5Z/77p/3L/8dv9V/8ff9l3/dv/0f/O2/67/8z63+6vPn3/3T/9Wf+b/e/nW/dP73/R9/5Lf/w+//r3/d//Qvn/4v/21V/VP/5Lf+u3/tF/+W/+If9T+Ul3/c3/L7/Zu//a/7i3/r4792efis+hfuX/+Lv+Iv/UWXf2eVje99/if/Yx/9Z9/7l/7d7f/xz/o9/qo/6S/6X36Lv+pf+I3+hj/5z/jbf+wv+yN/38/+4N/v7/nN/rB/d/Q//rv/9a/8iX/kr7//e/9lf/2v/PbB3/23/h1/20/8N7/zL/q3fs1/4vNf+rde/z6v/rnLk7/gPx3/G//j//rlX/aX/8+/6bd+3V/8D/z7f9IXX/zYr/vr/wMv/o///qs/4ex//kP++7/93/w1fyJ98J+8edDs/h2/TfHPfv5vXv9p/9bF3/HP/zm/y6//l/6Lv/3pxZ/0nf/suz/2W/wR/9r9f/Vvvf77ftXl//YH/4r/9hf/F3/D9/6k/+PBv7j7p/8ef+dv+8/9C3c/vf6JX/vv+8f/6N/6D/74L/3XHv+R/9Rf/882f+X3Zs0f8+u/+/TX+kv/g+//af/SLxr9Fb/wNyvr//yP+AN/95O/tPlff80/cu/f/fQPfflP1X/o9a//03/ov3b/X/lz/oPmJ3/sP/lH3/7+f+lv90v/7vR/O6n+z6/+ufk/dfxf/g9/5V/xW/8Jf/xf8x/9bb/sW//0j//ff/2f8+lf+W98/9O/57f6e//Rn3z+X/4X1Z/+j/wZ/+D/cu9nRl/8er/pr//g1d/0t33v7f3/7c/9jf+9s1/+5/zBV//Yb138jn/yyW/6+/46v/Zf969Ud/6yP+WPePo3T37yj/997v3h/9RX/8D/9Bv9T3/en/6XvfxL/8vx9395+yt+h5+Y/9l/yPzgD//3f8Ff+X8/+F9/0V+5+nf+5Tt/wb/4Lx79WuXv8Nv8D6f/67+f/MLf+p/813/hv/nn/dG/4y/9j/+kn/rLfud/+5f8iX/Kn/qv/IH/0uJpefT7/hm//S/9Y8+/9df+w3/Cr/Onf/vP/m1Wv8FP/6qjP+pv+3Lvsy//1d/rv/yd3/5N43/u1X/8n/zu5//Cv/bw2YvR3/M7ffsn/80/9nc4/0U/8V98/+Q3+rff/sTv+hv8pn/KH/z7/45/+x/2D/zT3/vz//zf6Jcc/DVv//P/+Tf+I6rv/CN/6C//K/+I03/tD/1X/uU/8Lf/6//6X/HPH/6lv+IP/g2+Wv0lV//i3/yb/K6/yf/y617+t/f/9r/wt/97/oS/bvEn/dr/7Z/5R/56f+h/U//zv/A/+DV/6l/4P/6Qv/u3/D1/vx//zc9+5z/n//z1/7s/4dPv/U7/3R/2T/8xR0/+4/+0/ql/8Zenf9sf+53dv2f3l/9Zf/ef/Ld/64949tu8/el/6m/6y37b67/7r3jxx/3mv/af8svq54u/5vIP+vdP/52/6A/8t/Ivf7s//Kv//u/8j3+9/+5vSH+Xn/kD/vB/+s/9Lf+o8b/5X/xjP/ZvXf7b/8bf9xf867/WwS+d/3F//uQ3/O9/j69+0a/1R//2z/f/hz/o1/0Dt+785n/1f/Zf/qv/7D/y3/0Wf8z+L/9fD3/dv+Yf/1t+yW/4C/+Tf+YP+aN+jeVv9Of/Nv/1T/3Pe79R9pf+nX/83/Cn/ZH/1qd/+9Pf+PE/9N8crR/+7b/dXzL9Vf/FH/LuP/jeb/e//+N//R/4D73+T6//4F/2X/zg4nfa+u3/+b/3L/p1/8h/4i+Z/9v/4e/60//W5Cf/kz8jqZ780t/mJ/7Wf+jPent5/x/7x//0N/f/k5/6s37H9U+u7/zhe3v/0y/+G/7qj//mP/Poz/2J+v/I/pm/47f51/+9P+O/+GX/8O/9f/x7/9Lf8b/9GX/J/A/6g/+E47/kj/89/o6/+btP/6Z/7r/6X9K/9osHb3/Ro7/09/z27/ib/L2//P7//lsd/6F/1W/+G/yFv/tf+sv/9S9+03/hu//cJ//Xo93ln/D8v/g7/7W/ae+X/Lt/2ZOf/pPul3/E3/3u1/99v/czf8Yv/9f33vzuv99P/Q5v/8L/9df6m979G6tf5y/7X//Cqz/o47t/2j/0p/7kX/qbfvR7f/bwl/6Nf8VX/+3f92+++r1+7X/sb3l++P0/4vf+4vf9qX9hNPv2wV/7B/+R3/rHy7/tb7v/k3/6H/bn/gX/cfbn/01/1Uf/4z/zS3/j3+hv+Cv/yl/3p/7J//XPO/xb3/6L/+3fOfuNH939bT79N+7/e//N1n+afu/lz5z90h//1xZ/2G/9yd/2V/7Of9x/9Bv9wt/vt/3vfut/8r/+o/6CP/G//SXPvjzYf/7P/hXZ/b/u//qH/+Bf9Vv/9Tv/5d/2T21Nnv9x/+rf9of+Lo//1L/mL/39m1/9B/3v/+5f/Nd966f+m3/0v6r/3L3yrzj9a/7G2X/9uzx99Rv9pn/K9Vd/2h/0r/6Wv/fsv/vOH/Qbzv7DL/7Xqz/0b/uX/40/NfsL/9D/6A//e37JH/LX/Vovf4Pf/bf91/7SX37xxe7f+vrg7f7/+fA//YN/73/syR/7p/4xT/6P/+v//Bd/7Z/8p/+S/+1nsuKnftH/+cv/1P/xJ3+L/738sd1f97/4jZun2//i+rf5bb74P/7IX/Lv/Te/y1/1cfGP/JW//vUf/fLf/smL0z/k3/29nx/9YT/+v/+5/+pv+2df/NL/rp3+PdU/+pf+WX/gv7T+Ded/xl/2R/6Lv94//e1/45e+vf63/8e/8/e982eNv3f+W/9zv+1y96//Y/7Zf/+n/5by1/lFP/HP/YePxr//H/3v/p2/6rcofvtf9Rf8yb/i7K989L//q3/Q7/jf13/+9f+e/k3/5N/6R/+Lf9R/8dGf/7f9Lr/lP/rTf/mP/xuj//rX+X2nv/Hq/PjHfp3f5c/6w/7lv+oX/Vd/0X//R/55T37mD/8lf8sf+f2/8lff/9u++1f9in/9rxr/u7/8H/ujfq/f6Iv2d2onf8gf+Gf89p/9ky/+o//pX/it/ua/ufmv/od/9+H/+PJ3+/P/sN/83/ub/4p/Y///+AW/+r8rv/ff/TN/wH/6T/0+f9FP/9W/cfaDX/H4J/7381/jn/j7/8w/4o/7wbf/+Ks//S/95778Y/7lX+df+c3/qf/w7/urfquTP+KX/+l/4//2nyz/lv/4weH2u9/23/rrfp//8bf+L/+oP+Bb/+af++/+c//5b/vs4q/8c/77f+v3+fd/6//5X/mr/6v/4z/78z57+Lv92y9/8pfM/7T/5Rf9svlf/fHsyz/sb/6xP+uXvPm//qmnf9/Hv9sP/uZf63r57/1zv/hf+QP/wl/3V/7Pv6j83//+/+V7f8L644uLP+S/+Lf/7j/+r/gnfttf9J/9EfWflv5n//VH//Dv9gf+ev/Iv3/n//h3X/+NZZ39Wf/bb7n33f+4WP72f/Te5A/56ZN/6eLP/4v+jl/yJ/9Vf9r1L/nJf+I7v+E/93v+JX/Vn7D4b/6bX/H5H/Qn/upvvZr/w5//Y7/w+Pt/4G/yZfngx1b/4bsXl3/2v/rnN3/Uw4P/6F/61z7KfvE/9ee+fbv9v/7Wxf/+e/3CH/sr/s2/bOv7f/Tv81O/2x/7e/1nf9Bv/Qf+MWe/4F/7M/7Of+vf+Ht+jT/yVz390z76TR7/J3/P5//VL3z0O+7Mfr/69I99/Nv+1X/gwe84/9XrX/HoH/jrf+lP/GV/918x/sd+8b/86/wPf/Ff+N/9gn/81zj/s/6MX//5v/yXzf+S7T/qf/vxX+c3r749+5/+il/4O/1b//Hv+Jf/13/63/6r/rl/7t/9O/7u//pf/Hb5K37w3/+lf9if/8/99VcPRn9p8yv/ih/7a/7Pv/2/rX+nv/G/+8N++T/6L/5XH//Wv+sf8hf+JX/RH/2f/be//6/6T//Dv/Srs//sb/vnP/qNfun+H/J3/0/b//5f+u/8gcWD3Yf3//DL//hP+FP+61/zn1v8zf/kX/Vg+5/75//X/+voT3t2+Fv/od+7+HP+1aM/5Ned/9jZf3j/t/2dfv+/8f9+9Y98/xf/red/6L/6y36dv/0v+91+t1/yV/3Bv+S/+l8fr/7Dv+HX/b1/6XcPfvXTv+532/sD/oNff//un/qf/bF/+b/6L3/5r/7Hv9+d3//vfPmr/oV/62+/T73+8r/nqz/7xd/7j/xF/8rH/135q/+3f+Rv/pV/0//xcn9S/c/lP/IP/5p/85/3j/0u/0T9X/zu/9Sf8+f99+s/58/60/6yn/g3l6e/3W97t8p/6y8/+W3/pF/58E/5+H/6P/6Yf+vX3Ptb0j++/rX+wB/7Lc9+xcXVn5j/yQd//z/64Gf+gf8g+5v/x393/Wdnf8ebF//h/tWfWl1858/543/f6V/8xb2/9E/8v/7QZ3/DPzv53f6XP+yv+c9+nX/tv/niP/jD3n3np//c9b/yB/zU73lwffD7/nm/Tvuf/q5/zq/x2/3bF/f+imf/K61jLv+Qrb/on/jqd9/9F/6+//S//4/+sJ8qf9X/8lf9I4uP/+vf8f/4b//X/+Yfyv/mf/GL//7yz/nT/tCf/I3+yN/rJ/+9f/MX/H3/+Y///r/Lr/k7/2v/yPQP/Nt+rSd/7L/0/d8//T//st/5t9lN/7HtP2/55/6Zv/E/8Bv9GX/dX/DP/U9Z/ttP/uY/9fztv7v65Pf+63+9//lv/bP+lX/m5d+x/0//73tnp//83/Vr/Dt/3u//33/5n/5Of9h/t/Uz/82/+Dfm/2JdTF89+9V3/6YXv/p7/8Bv/Oiv/wf/pvZ7f8+/XP/L/9rf8b//nr/t8g/9d//V3/mP+Te+/AW/359+dPaXT/+6//2q+PW/85v9L7/yH/iT/rzf4jdbfLn7u/zfv+oX/Om/7T/wX/07v+cf9i/8FX/O/j/zu/73r06++2/f/6N/yz/pz/+d/sf/4U/8Zf/qP/a/5Yv81/y9/8f5+T/5l/6iv+u//yf/nH/kd6z/7X/wnx7/H7/W7/h33/n2D/6s3/5+++YP/On9X/zy717/B//Jb3Px0dY/9hv8kv/19NdKj/7we4u/9Nf6t//c//r3+ejo39/7Zf/SP/Df/Ecn/1ryb//vv94/svv7/oJf8/e7/mN/37/vr/g1X3zxu/3dv+Cf/a3+ir/gF/6ff+Bv8B/+6X/z3uvivy5/3S/+4r/xN/zf/4p/5s/+Iw4+Hf0hD8/+uH/67/ij8//6x37F6s/7q37L09/7t/11Xvyb/+ve37f3p/xmi/85+Vv+hz/0D/i9Pvn3/pav3v7g3/29/5I/5jc9+Fv/0l/3H/ifPsmfXPxl6+//sb/hn/r02d/5Z/xzP/iJ//vPmvyjv9e//U/9xfVf/yf+V9XqD/2N1v/Wv3Xw6i/8o36rg1/zex//ZX/Y9uis+HL+4mf+53/mr/9t/rd/58/57r/3X/zOv/Af+ud/8O8u/8Hf4e/6R36XX/N//Ov//u/+u//oxf/1e/6Vi//il/2yX/RX/Cv/6v/1n53+nb/43/2T/qT1//Y//2Z/70//5H959Lf/sf/kD3793/EP+6f/tP999Av+jX/mZ/70v/bf+QP/tz/up3/LvWbn7R/9yZ/6t63Of/V/9cf+4WfP//qz6avf/a/+m04X/+Qf/pvlqz/x1/rn/8R/5p/+h/7Zv+YP/2/+zX/jt2l/+bdP/8366R/12/9l/1r+n736Vz678+v/bX/Bb/pX/9n/6S/5H/69r+79DbvV84vf8s9a/ovJ7/7fjP7+P/Fv+SP+vV/rZ/b+o1/+j/y6J1e/z3/dfvIv/vm/9U//dfOv/oJ/7q9+/Pm/+quf/Lb//X/9k+uD1T/6z88vTv79n/obfsM/82/6A/7Su796/W/95G/zl/8Ff+t/9ef/Hb/nX/ov/Wv/wH/7Z/xnT3/qN/4rfq1Xv/w//iN+7V//zl/6O/9Pf+Of9ujP+x3+09/uv/nr//nf/D/5T/7Fv/Jv/3d+2f8w/S/+56e/7d1f6z/+rY7/7L/v1//y1/8P/q/f4Scv/v0/6H/4g37Pv/3h+tf9vf/11T/8x/8L/8s/8Gf/2n/yb/gv/erf9Lf4a3Zf/AZ/2O/5t/1LH/+t/9HTN5f3fqb8y//x/+L1P/vPXv0uf/Wv/4f8Dxd/wbM/7Rf8Gf/tP/aP/4b/7X/0H/7b9e/xa/0Df8/f8d+l3/uF/9Av+xf/1O/8T7/y3yz+uj/wF/yH17/hr0p+5qsvf5O/+E/6Y/73/J+5/FN+73v3/vK/pfj0N/ljtv6NP/tf/tu/f/cX/+v/ZPPRP/5n/pl/xl/yH/zfzS+5/rv/3L/sd//p+e/3L/+nv/tv8OU/8e/+32//8N/p/j/2597/JbNf9ffP/rxf61++qj/9a3+vf+DP+9N+7f+s/e9/1R+197u0//Hf8Af9F8f//t+V/ZGLf/EX/uc//sf+77/yj/lPXu0d/91/9T/+g79g/7/9Xf62v+rv/M//kV/jT/6bTv/X3/8//+v/rX/3H/9DXv7G/9e/+K/+ib/G3/zv/q//+Z/1mz95cfA7ffvPL36zv/wf/fyf+5//h3/x18p+n7++nJ7/nX/5D57Pns0//w3+qfv/dv4rm7/1f/0//t4/f+s//s3+nH/41/o9/8DfpPz+d85X0//jB//Ai6c/uPyH//j/6C+//k1+8O1/52/8z/+CP/4f+Kf/jO/+C9/5jX9m9epff/Mzf+nv9mfs/Vd//Cf/zd/0xf/9f//Vn/3H//fbX+tXHy9+vd/on/nf3v3yP/Mv/Bf+hd/lW7/g0f/5vf/x3zv7I/+a3/N//Ff+1eN3/+K/8Hd88if+W5/8Tv/GP/Nb/8Zn/8vv9wf/hb/N+pf+Gf/u07/gf3/2d/+P//UfVPzd17+i+Uv/5Md/1G/6S94c/UX/7t/zR5/9u3/o6i//9X7dJ//w77k4/+P+w1/2K3/Nv3TyW/zqX/fFX/8///p/8V/8W/7Vh//r/7Dz+/49/3b95+/+Eb/7f7Rf3ftvP/0b/pU/8avP/7Tf/5/+Q/7xP2H9G/8l1aPf489YfvTHLv7Te//E3/jnfes7/+mv//dcf/ZP/dP/2f/1P7R/4bd+zfkPfvHP/Fbf/03+p9/gr/pv/r7/Zufv+qsuHv3Dv+jeb/U7/sJ/7586+gc+PfxFf/H3yuxv/X1P/65/9hf8zp/+C7/mf/s7tW9//D9aFZ/+g//83zL923+v3+8f/HUe/4o/6w/+4//Uw9/lf/i9Pvodf9Xv9m8e/C//yz/3m6b/xa/xrV/7T/iP/7j/4df9D37N3/8X/Mr8t/kz0p/+B/+En/5r/+r/dPEX/qFH/+uv/Yf+6f/x4X/+D/8T//jb3/F/2P3O3T9v96//ff/63+wX/M1Xv/HZ//Xn/kOPfr///l/9I//cP+i3/Jsf/Y9//YPdX/bRf7r7R/53v+k/+JN/y//26o/Yfv5fTP6d7OPf/j/86Ft/9/f+pv9gPvrb/qD//sf/8F/1l/89X2S//9/3b33y2/32f2n+b/4nf+mf+pcW//xHv85v8Gce/Cd3//L/4n+b/asf/wu/6r/7gx5/8fzXrP7QX/6rz75z/cd88kf/6s+//3/8r7/xs1//7/4j/t3/7j/91b/v7/B7727/Rv/4f1r+Fv/Z9Jfkf+EPvvwn5r/6z/ut/r0/6P/4t//cf/fkv7z35Pnv+vv9vX/v3/lm6w/7U3/p7n/wL/2KrVd/5/U/9J//yr/h/9z5o3/tf/2v+zv+4stnOz/z6Pf/I//1v+Kf++f+vj/53/4Ff+1/nZ3/ir/z1/l80vwDf+n/9M+f/lGfb/8G/92vN/of/+nFn/DH/Nd/4V/y8PCf/Af+s8f3j979on/gT/mrfsvP1r/l3/mf/al/0B/3C771L/5mf9b9N6+++4f/g//8XzSf/Unf+tZvt/o1fv87f9gf9nd9/y/Z/tf+2n/lF/+C3/Xjf+6P/5/u/PP3/p5/8Jf97f/Nf/J//nf//q/94Nf8b+s/6V/7nf+Er/7Nv+SPOPhL//hf75dcXv3p3/6f/pe/4h/5i/7O77z65X/nP/Zb/Br/9b8x+hf/7b/jH/j9f9//4A/96d/kX/j+z/zTF18sfmX61//tv/s//2f8V//Fb/En/oo/5S85+qr5Ez/9D3/b32r0xTj7D//RX7ee/yN/zJ/43/61H//MX/z7/KJ/8df/sf/uH/iL/sbf6bcqf7uzv/0n/8V/8Df/x//2P/XVf/8b/8PPH/+N/9Nv82/9Ub//f/AP/LEnT//dv+3s00//97/mn/7Or/mr/p7j00d/4Pw/+O9+3ef/7p//R/55f/+f/6/+m39k8revtv/rX/zvLf78X/qH/sX/7S/8vz/9737vd+s7/8Wv9zf/27/pP/N//tff+4Pz/yz9qb8n/YP+1OXv9Cf/78/b+g/8Y/+R5P/8C/6Lf/JX/y+HT4u/7b/7k/7xu3/on/6H/s//+//+R3zxd37vT/ilj3+H/+yv/a1+rT/+b/zP/+X/+J/9yX/+7/sdqn/wu//FP/Pf/2D51d/+y3/R7/yv/Q6jP//X+m3/8D/k87/nl/+yf/df/Q+Sf/Yf+Vfyf/DP+Qf/79Ev+93+sP9t/o+++83+k+qX/5V/9m/2D/8bf8j45X84/sE//qv/vV81+cf/w3/s77/6Jbuf/AF/zP7bneV//C/8+vXfsFj/nj/96/yyP+/X+D3eHv2yo5d/3c5P/T7lb/RvFv/nH/3jv2nxx/2Jf+af2v7Jf8+Tf+/H/7u/6j/67h/6p7z69w7/jT/0t3n0N/49/+Bv9Ff9s5//rX/L7/t/zX+Pv6368/+6h9//C36nv6T8a//Fv+rP/DOz3/aP+9N/61//9376ePtX/II/8p/+J2c/9lv8w9N/4b/43/+hNz/xW/zL/+zZJ3/j9/66X+dP+8fu/pN/4u+3/x+s/sjt0d918Jv+ln/fd5/v/SOTv/Y/v/e//E2/8/7v9rv/dn/GL9l5/Zf8Xn/+/h/zp3/yg1//6Nf5fPvf+fhf+fv+k9/2t/xL/97qf/iTf+v/+vf9O/62f/hg8ujN7/ytf/Of+uPf/Fd/3N/+C/7G6V/yL/89/2D+9t2v8xv95X/dH/nH/UG//j/2G/2P//7/evCb/pm/7n/81a+++A3/1t/mp/7IX+9Pb/7+6R96/V/8j3/in/Hr/Ud/37/6x1z8c3f/q8Wv+5//qknx26wO/pm//Hf6Hf/M3/ivnf5tv/Mf/1v9Vt/6wfF//k/+13/j35P9N9968J/9OuUv/l+mv+2nk3/tn/9v/obf9m/4P/6O/+h//uWz/+q/3PqX/9HZf3r6q3757/y3/wc/9Sf+c7/mX/Hb/rLjH/9V/9df8/wf/GV/+D9y8L/+j//0X/hv/fG/x+g3/x2SbLb165d/yVe/8x/3z/xDOz/9L/xB2R/yt37vv/xP/p0/+f/81v/xS/7U3+KfOfw9//h/prn72d/4N/4Z//D/9D/9dc0v/96v+w89/0//8n/ge3/qb/W7//V3f4+/8/KPe/5H/Bu/xb/4W/9Rv/6f/Pv9z3f+hl/nn1z++3/Gv/0H/gF/Rv2T/33z39/76qd//Nf57uO/+eJ3+xX/7n/zD/9br/743+1/+4P/nr/jn/kj/qa/Jv37/8zLP/tv/Hf+xn/v4n/9r0a/xu/y6f/0X/zB/94v+oc//++a3+Gv/S2u/8//7Nf+Y/+P3/V/X/6Wf/dv+Tv8E//en93+V//E/zn/03/6f/7zSCP/or9o+R/+ZQe/4G/M//Tf8Prd3/yv/86zX/u3+Oyv/+Tt7L/+t/6kv+DvzK5+yb/wx/3q3/z3nP6H//l/8u9995f92Fcv/7M/8ruPf/f/tfhD/sVv/0HJ3/Sv/Su/5r/56d/xm/6zf/3zZ4//y/U/9Uf+xL/+9/+bV//Ub3Ky9T/+iovfKLnY+pP+5l+x9eKLP/9bb35y96/6s//XP+Gz3W/9G//Zn/77/XGr+//kL/mJj771E+9Of9G/tPtH/wYf/0P/wa/+Df6uf+Hv+jf+p+Y//Q3+le/9g//Sr/93tH/9P/sb/Z5/yh//1/591e/6T/x6r179Pb/T3/h7/OJ/7p978lv+Qb/3n/ML/46/8B/c+7/+vX/3r/lP/sP/4s9d/23/SfJn/G1/43/5v/zh9376F/+Xv/nf/9/8rn/hX/L7/El/xMe/6R/7/D//9E/+ay7/2n/xv/jO//70d/4f/qc/77/6o37b//sf+kv/xLf/2Q/+of/r0f/21/y9f8/oz/m7vvNL/+5/9u7//FPlR3/lH/srj3+rv/HO3/av/mv/wn/xW/wDf92f+Rf83X/33/q7/QH//J/y3//tP/bX/jXffvDb/du///M/56+683/+7X/zRfaP/9J/7OgP/vhX/59/7ld/yPfq/+Qvu/9//3f/2T/x6/z0f/Kn/Df/7s7v99f+xvXO7/kv/ze//Gf+zlcv/8E/pfpn/8XPrv+HP2L66/5j/9S/+Q/9ksVO80v//Xu/bvu7/3a/8b9VfP6f/SZ/3eK//J1/8n/9FXf+iT/sF+7/Q89//a/+iv/1J17+/b/l4s6v+xv/mb/bb/aL57/i1/lD/t6v/te//r/4yz77PS7+hb/vd/nHfvWv+qsWv1bz9/xOq7/6N//xz37Ff/1v/JX/7h/0387/tr/zP6zvf/Qv3PkD/sWf+o/+0uUf+Jv9K9Pr0+Y3/Ev++D+1/qd/7fS//3X+rb/l7f4//yf/s9//8//5f+LPfPsnnP06f92/+em/9fjo73r4Y7/Pb/7Pvf6pP+v7f95/93f/T9/75at/7y/5r//P2X/1H5Z/+p/3j/8X/9Vv9Zf/1v/9u9/207/1b774u/6W3+dv/5f+o1/3x/6Nq3/w9/7rf+9/7uVf9Bf9H3/K5R/5+/3kP/Hqz0l/q9/pz//zft//6dHf9Yu/88VP/sQf+tf+k3//X/WXvfx3mn/mJ/+2f/Wv/POu/sRf+leU/+jv+j9/+ctf/1Pbv9en3/q/d37qX/5v/7z/6b9Z/4/1f/of/eGH//Hf86v/x/94++O/5M/8Lf/anT/jk//6t59fP/7n/oPf6g/+53/r+//Iv/bP/gf/2G/6+//Sf/bP+Sd+7z/6+3/46Bf+Vf/sv97+DXd++vO//b/6nX/Vg9/2d/3N/ufm7O8v7vz07/sH/Vv/2OP/5V/7n67+x79+8et+9g/9sX/eb/TH/3q/b/on/eDB//DFL/x3/u3L//M/Xr04/O//q+M3/+jv9Of/2b/4177/R33xh139T//U9sN/6V/+V/6M//bv+xN+31/wq5Ot3/2//N6//o/9vb//b5L/598b/dr/9P999sf9jj/za/0t/8nWX/M3fu/o1/jV/9Bv+vBf++1/i5Pf6L/9Df/2P/f3/Yv+ur/gT/47v9z5dc7+19/2v/nbf8Vv+Of/Hnf+gb/24we/yR/y+H/7K0e/79/zh/z701/6Z/19B58+/dv+vL/8L/8Pf8P/4/f8C/6Kv+N4OvkbPvvj/ok/+7e5/6+U/8Dv+3//Fn/ml7/zH/Kb/QmP//b93/wX/I8n/8Rv9K/8Ef/yP/fw9/3jPvoffotv/Q5/zMcvnv0D/9Uft/jDf7fjX/D4V/5Z//Cv9VNP/sX1n/CtT/7Nf27xD7753y7+6L/r8W/1x/22v+m///f+89//9/7u7/7D/9Ef+Xv9hv/Sv/Zr/m5/23/3n/2dn/2n/+5v9On08Re/0Rd3/tHf9jf5Nz49/K//639r9Hf8S3/53/63/HXVb/zHvPvXft3f6G/9Zb/T9n/0n/8zv/Ff+3f8a3/k9O+5/8f9jX/qn/8P/MN/9p90/t//FSe/5D/4n//Kn/o//8+TP/9f+69+fPF//Yn3/u/D//F//Hse/gmf/Vp/2sPf+ZPf4fB/2PqZX/o//va/au8H/9x/8e/9rn/Wb/Nr/V9/3h/z++/+Df/g//2//km/8V/0h//Cre9+5w/fn//XP3b4D//Cv/q3+95f8d2/+g/7t/+Wf/S3/+5P/BN/+39x8ff+Vd/6V/7Yv/+P/JN/oz/mP//8H/oHvv1f/Ed/zR//B/ylP/il/+eP/WZf/lu/4//95q/77ujJH/7n/V7/8X/wj/01/9tfN/o3frff/tNvN4//hk9/+dPH//Pz3//3/fP+hX/wj/v3Hlz+Rf/Qu49/zT/txz9b/pmHf/3s2y/+9v/r115+++/5C/+e6d/z6/yrs//ht/j+P/1nHP7x/+Ef9B/9W3/Zvd/0j/0N/ph/cH/yS/6R3/JX/y//9uu/9Hf5Rz75B3/9P+36f/8f/qp/6h/6ryf/wX90vvVH/TP/wh/1X/zu/0v79/4rv9av/NbxF7/s1/t2k78tf+bz/+bv+dW/wc6f8Hsf/KL/43f6J/6Ms1/6J//gv/zt/9L/6qd3f+zX+kXj5//V7/rr/eS//ujkxUd/yOKfejJeffx7/+pf8ZO//Mf/h/J3ePP3ff+3/29/Yfanlf/3/57/n3/p3/yv//g/dDH7G/7v3/w/+mfO/s/TX7P9u//s//3X/qv+xt/mF/6pzV/01d3f9c/9x/6Dv/nwn/qp//nl3/InlaPmN/8j/5bf/PV3Pv/Xf+VffPXv/52/497yoz/y5E/5nQ//mdlv+DMX/8qfffif/qu/+Jf9wX/5t17/6e9elb/FD5a/w/81+mT8G/yzv+T//vHf6Peb/Qa/6W/7D/7Rj//M81/75bf/h9/or1/9eT/xrbt/57/UfPmbjg7+5//rD/vs8z/nv/8D/qa/5ne6/182f8Mf/Dv85IPf4u/7D/6d/+rP+a3/+V/rX/p9f5/v/3m/+z/xa3z2u/yav/gn/tpXf/fzq5/4wZs/5C/+Iz/6YymOuLx8cPIf/gO/+J/8b3+3//uv/b3/j/u7v/+v+OLX/A/+tH/qt/qJ//S3+Y2++798+jf/qf/hH/ybfr/5Zz75az/9S2b/1x/2F/15v+Dln/LP/vl/0b/1k3/wv/rv/Phf9I9/9Df9t3/Zs//z3/ij/uG/8Hf7G37PX/1v3P2d/q8/5C/9T/79P/pX/y//+D8//q3/kD/m//wDFtVP/D5/1D/6e3/vP/ln/uY/7sW/9uv+dr/Tt3/3tw//0l/4W//G//2/8U/8WP3P/81/3V/+R/2t00f/3j/0y1/8g7/Ji0/+6f/7r/jn/pY7v97/+if8B1+e/d7/9B/2K5fHF3/Y0R/R/sl/2D/R/F7/+S//n/6xP/2rn/ztfv0/7tX//GfO/+V/7r8om9/vt3z8a/0vf8JP/wW/9J/5r/+Jb/0e/9p3/uTF7/QX/0b/wuhf/Yd+l9/kzb/4b189+pm/5/pvm/xjf/i/872/9bc/P86P/6I/5t/Z+q9Hf+ef/o9+/g+d/KG/6G/9r3/89/wH/9K/6df6W//5/+1f+u3++X/pV/8Pv9Of/hv81G/9E7/vb9U82f7j/5LJ777/P/7df/b4u3/pv/o//W3/5e/51/5Bv/O/+m/+ob/J//r7/Zm/9//0P+/9JtO/7l/6B//UP/J/+mPf/Z//3Z/wf/yv07/3N9z9df+J8vjv/Uf+6D/lD/1Tfrc/98/+O/6Od3/if/Wf/bIv/qHv/0P/xB/9P/16f9mf/Rc/+l9//eKf+z+P//L/+8/5p/73v/df/j1+h7/jt/4b/orf+Vc/+G3/z09e/F9/wb/ZHn75d1T/6R/w/f/jtz76pXf/5h/875/+78mLX/gLH/8B/+3f9x/8kf/BP/OH/+6/7Jf8Yb/mX9b8D3/m3pO/5x/8C//B7//qx5+Of8G/ee8n/6V//Pin/70/5P++fPWDX/Kr//2/5g/9t3/Xf7P6A/+sf+TX/ef+h7/hb/xjf4f/9N/+o//8/+azf/83/gt//D9/+B98/xde/LH/+t/y5//f/8P//uQ//d/nv89/9xf/Fb/b//hX/AYX/9BP/fgPmr/kb/+d/9U/9jf/u37VH/pH/K35P3z8v+79gX/P3/SH/8V/z2f/wy+e/0YXj/+6L7/4e/7S3/G/+YX/3V/yd/zk7/jjH41/vft/2Y//13/Qv/9H/EV/zN/1j/5v/8fv9Zf9def/1t/2ex+u/oRf9va3u/cP/gF//H/xL/++v/uvffUvPvtvi99q60//BZe/ya/8N/6uf/a3/PJ//8Ef81f9nn/oH/ziqzuvPrn77x49+EW/8F88/+su/o3f6I968jv93f/oH/M//szhX/a7/Jp//+Xf9Vv/x3/Zf/zP/9W/S/v8f213vvqFv9tv/IOLv/DfWf2Xf/Cv/tf+jn/0t93P/6T/6+/88m/587I/589d/LL7//ZHv9c/mv7N/9HOZ//hD771V9yt//a/8U/+H/auzv6af/Djn/zd3/4N/+fH+3/1H/VP/SGv/8p/7epP/F1+zf/tT//L/+7/5S/8x/+4H//Xfv+/9N/7k//YT//I/+31b//bj/+H6m++HP09f/8P/qfyT/+ffv/HZ3/fn739X/1Nv8Vf/4v/oV/vz372p/yGh3/D3/Xg95r/6b/vt//ur37lb/nVzm/76Pj32v/HX9w9/cX/ybv/+W/8D37yF/2z//Xv98f/Tf/6n/vX/69/7ezv+TX+wz/zB//l7/4bpX/0f//89/r09/sr/5xPfu3/8Pf93x7/yr/5wc6rv+bdP/pn/l9/z3/79OM/q9z/Db71z+7/il/1Z/w9f/h//9Nfjj/+Vf/K7t94/Ucvf7+/5lf/5n/R9d/wrZM/8Z/9537L3T85/ffv/q/rn/nor/6tvvy7/7i//vJf+eur/3j5h/6LT/6Yf+Y3KP/L3+ov/qv/mM//8X/qN321/D9+5//jX/gN/5k/ff/ju3/V1euTP/73+R3+hb/lr/5b/+H0t/+Nd/L/4K/7n/7NX/Kb/RrHv+xb/+q//urus/WLvyH99f/B4z/yf/vH/qe/5erh3/jf/srf5K/803+dw7/52T/67T/5X/3qT/o7/6G/4W/Z/vv/+z/1O//3T/4tf/o/+o/v/417s//5n/1Vf9zv/yd99/f4vf/pv/bfOf/u/1z8xn/8v/5//oP/UfOr/4Hf//f7VX/0Yv3v/dp/3j/yd//fP/W3/8X/wXf/7f/mH/1FD/6DP+L3/A3+8n/iX/4PPvor5r/hf/Qvf/Lv/513/5GL5Pd5963f56/4B/+QP/5P/r9+wW/63/6m/+Sf8dFf8if8cf/4w+/88b/nP/zL/pXf4K/+X/+Ev/uf/Z3+p8Xnd/72+Ve/6g/9v//of+K/+Tf+rb/o7k//T39e8b0/6/x//m3aT6p/+3d99+o//tse/Pd/4O+R/Dtb//Hf9KcW/+7f/u/+r3/2n/tP/63T3/I/f338S+f/9L8w/uc/ez3/G4v5P/Kf3/vzftf/4rM//V/+1/6J/+O3u/cH/75/31/1v/69T7YvftnvOP31Pvp1/5r/9ZOn/9Zf8ufu/4n/wO/3O/x5dy6//S+ffvZrvfldfs3f/7f4/f/8L36vf/Bnfp3f6j/8ez/6K//wX+/HPn5w9R/+C188yP+R/3n05/8lf+2zf/PyP/oz/4of/Ca/2d/0S3/vv/F3/wt/g7/5f/rdHz/4q/+O/+Z/f/GnNnu/zf/yY4vf6uP/+Jd+fP72O7/lf3x19/M/8nf46/+0v/83+JXP/5i/r/orr8/e/Za/8+/+V/wj/+Uf+f1f/Rv8W0f/2Z/1Z+0/+3v/zr/nk9/iT5/+n//Av/LP/if/4X/yH/6hx6P9P/t/S/+my//y33p196+pHv/X1V9Q/i//0t9X/+6/29XxF9/74377/C97+Kf8rX/SX/r7vtv5ap39F7/qXxr/p+/+zL/1z/9Xf8P/9I/9VX/p3ie/5b/3m/xW2e+z85/8jf/KP/mH/l1/+b/3l/1pf9bv95f9xn/tn3f1l/5z//6f+u7pd/7Vvbcfj/72P/zlX7vzt/wvf9Ffuf1bvfvf/+Nf+nv80X/Pv/p3/Iv/4Y/9mz/5H/7nv8niz/q9mr/0L3vw8q9I/q+vpr/z/E/4Y376N/8lD5b/8urTv+EP/4WjP239P09+gz/1v/yr//vFf3L1tPplf//f99+9vfMTf8hv8l/dqR/9E3/zwx9sPfy1D//rR3/vw6u/+J/96m999e8c/rWf/KKXv9cv/6v/mp+Z/qv/62/y3+b/43/7D/zCn379f/6Cfy/78/7DnX/7b/7T7v5jf+zvuf8/XT/4r/+Dxf/+Y//V49/8W3/G737wJ/31/+zf86/s1n/u/zX+9v5P/oP/xe/12/5Jh6fTf2752f/9l/5zv+V/92v+q3/uH/Lb3v0f//I/4afb//S3/Qv+0Je/5Bf+Vv/Ur/yj/6Pf6Nf6A/+Rf+j//HWTb/31v0f9E39+8jf9yj/5v/mj/uo//7f72//jv+cv/DuvfnD2p769+y/94b/r+uqX/hFf/jt/xMOXr/7cf/6X/9e/6T/8g3/1X/6PP/3BH/gf/Od/3oOv/ox//if/qwf/9+5f+4/8b3/+r/oq+9Z/91v/0f/kX/kv/Kb//p/zG372t/zDf+6/8rv8i3/On/jLZk//zf/4we//19Tf+j/+3vPrf/1P/+VPXv4Tf9Qf8tf8oPif/5Z/ZfbPtX/x3/Er/+m/48t/8a/433+rP+C3/Dd/2bf+y3/yj/ny//xl6X/6cnf7r/vP/9Z/79/+1yeH/9K/8W88f7bzD/6Z//vv9s/9or/x1y7+j3/1V/9vzf/46A//Lf/af2vy5/+qv+kf+LX/2b/mX/j1/uyf/jv+uy/f/AN/3pvrf/Ov+Y3ffPYH/Tp/8/1f/4/7Vb/6d376S/+2f/+P+fJfaX/f3+Nf/l3/qz/8v/m9//3/6+/+23/D3/W3vvzdzh7/Wf/6n/uXzf7e//X//vt/ya+3+/e8/fZf8Vf/en/NH/i//okH7T/86Cf+5j/41/0T/+f5r/e/fPwn/xp//3/7z//Sv/y/+T+W3z/9J+d/yVf/0F/3j/yfr9a/4e/4d17/b3//H7r/29x79+v8a3/8n/hL/8J/6q/5s/75//o7f/Ff/xv/tr/JP/9b/0+/waP1r3f4d/zR6z/7z/wt//R/4jv/0p/x5/9+f+Lv8Tf+cQ//pzt/7t/3H/3dv/7R/1b9D3/Q8sf+vr+9+OuWv+O//9/98v/6F/xh/+7/Mv7H/oTzwz//95h8tvqf/rO/6vGv/e/9/b/sT/zpv/B3+r9/vetf+qs++qN/UP3v//ef/c//0//3X/uH/Hvbv8t/+NfPf939/+yf/uv/ur/8t5u8+10+nv87F7/7P/mn/J1/9sPfvFj9Jv/L5//DX/8vLP64v/t++zOf/8bPf9sXf+Gf/hv9Nv/0P/cX/EF//LPfOf0n/q2/4J/43/6Wv+2f/I13/8Y/+a/8a3/LH2v/3Ivf+rf9B77zX/6mv8/kN//X3i1+7O3v/Jf80/9o+u/907/Z7/7n/0b/YfZP/k+//t/0p//kH/xrf/4v3v8t/5l/+e/4tX/53/zX/LNbf8dv8O6X/q+/3g9+rX/xiz/w13n52z7+P/6+X+u//53+i9/qt/ujf4Mf/Cu/3X/+V//J/+NvvPxn/pDP937p7zr93/+H7zT/0B/1F/1T/927//vb1f/x1/+i//TP/VP+yP/xL/0lf8lfuv8b/Vl3n/6tv+Dv+Dt+wa/533/+T5e/5z/0h/yi7/7Hv/a/+dU//1v9r59s/WF/2e/61fK//c/+99/8P/pdX//i3/Zv/dP+hT/qf/9P7/75P/kP/y+/5+/8G/+239tdNn/grzP6V45+37/gD/jDf6sHz//af+av/bX/2t/vbzv87f+R/+yv+Avu/5s/+eeVv+QP/nV+z1/Z/vl/5Z/+m/3dv/6b3+c3OL/46P/6l599/m5V57/J7M//2/+O3d/kL7yYPHvy7L/8Zb/Oye/2t9/d+9/+tl/yv//Hv/lv9uif+1v/i//24W8+blZ/yE/+Lb/oevd/+AP+u//wz/l7/+Lf/1/9Sx78+k9/nd/tX/o3/5b/48//I6Z/2H/3y/68//H6X/nr/sJf+E/9Tv/qf/4v/hZvP/0f/u4/8Z//8q8f/de/X/Gf/OD/+tbv978d/qpPV//Nzk/8Gv/4b/ydv/KP+S1/5R/wW33vf/rt/v4//Hf8V/6c3+UX/SW/3+/yf/2vV18e/Rc/9nee/jO/+s948+hX/cyv+D1/l+/8yb/oX/6vH/51r3/sj/iv//0/4V8un/+Zv/Lvebz6G//pf+b//l/vP7j+vX/BX/lfF//s//LP/jY/+Vf823//v/V//Ut/8e/z1/wFv+O/+lt89rtN/vXRp3/03/ro7X/zJ37vV6X/3eP//Xf6t//ZX/Lyl/9P/8U/8y/8Wb/vn/7n/a2/9Af/6f6f8Gjy2z78v/++6dl/+b/+lfN/7I/+yX/hJ//k9D/7j3+9v31a/5uTn/nDfsvf/Z/6N/7cv/DZ7/bf/bF/x8f/+J+996f/sr9k/rv8Lb/G7/o7/Ipv/yNPp3/wH/23/4O/zt3f+g//jf+eb935H37Tv/if//hXvbn+Gx99+WN/2g/+5vqX/Nmv/uQv/olPfoPHP3P5j/+nP/7X/fff/onf7rt/8289fv4rfqe/56/8d/74v/qffPjqbxkf/CHV79U8/Xf+k9Uv+jf/gT/u4d/4pvm1/ubf9d7/9vf9x3d/5T/6b/yzv/MffPj7/Ab/5d/35/56v/PHBzt/9a/6xf/mX/Jffe9///3Of+Zbv+iLv/fx49/rr/6t/9jd5O7u7/yr/9C/+zf+jX+3X/l3/af/42/9Z77O/6Pvfet//NP/0P+o+Pt/q9/lx/7pP+Y/Plj8vv/bT/6Kf+G3+cP+/b/6Lxr953/Zn/17/BVf/f7/019T/U3/0W/+H/0G/8lfN2n+sf9261f8+Wd/07/+L373z/2d//X9f+gv+ZV/x2/95V/4W+3+8v/qs7/n7/jFv87vVP83/9HH/+tf/+jf/6P+jq2D1Z/zD/2qf/8vKPdGf/Yv/GP/+l/yb736K3+nP+PXuv+X/5l//f/2+ie2vv3pX/cH/2b/wh/+g7/ij/ot/8B/8w/90//Xf+k3/QuSX/K3/B3TF18mk//lf/2bfqff///4nw/+t+bf+T9+7C/44tf/h/+lv/0nfo8Xv9feb/JP//n/wT/7N/y+O3/5//V/rf6i/+Iv/BP/58Pf7L+t/70Hi/9r64+5+HV/319n99Pq3/sL/ug/6a959zf90l/nzR//d/xzv/p/+cP//eRv/eP/7D/kn/otHzf//V/0r/7if+IvefPH/VH/wD/4r/7jf+W//Ts9+xP2f/e/6De9/Kf+gz/xn7r3+Se//X//tyf/8NUf9Uf+/t87/O//kP3f9vx0/9Xf9+A3/a/+5z/ikzd/ya/5P//lv+m78h99/vHo9/3l1a/1J/7e5/Uv/Y/+iN2ffPC9323+7pP/6if/mN/t4f+W/ZK3f+V/fe8f+J++vPPy04OHv+2f+79+nP32/+3uv/QHHP2Zv9Pf/wv/pP/wL/67v/zrlj/4dd79B//B3/8v/61/+S/60/6ig//pH/17/oetv+Pf/bv/5d/mevtv+Tv+oMl//Hf8Y5d/58vLP+Nv/fcfnhff+mv/3N/if/7Tf8N/7s/4pcUf/Af9ZX/EJ89+8b/0u//yX/5n//u/4bN/+89686v+gJ/8rbbu/Pf/95/9p/2vv/Xyn/gF/8Bv9n/+VX///X/+F90pf7v/5uQ//Ut+6fV/9Et/qz9//PeN/pt/6ff4u/7j/+w//Y/+pt/g3/1vf9PRb/OX/tV/77/32/4Gv/Wf95c9/H2WP/mf/9Ufv8jv/it/wefP/oQ/9tf4y3/33/r3fvdf/IK9v/CP/iv+hXe/x9/0n/6m/8Tv+xs+u/9b/3d/yt/4i+7/qb/d3/GH/aLr3+Dpb/BX/FO7/+Vv+OJf/4f/qaPL7/xzd//rP+GXf/zmz/7vZv/67q+4/uRP/8f+hb/6F/xzP/6//t6/6vf4k7b/mH/hz/i9/vQnf/e//h8n7Z/843/kH/ML7vxDv/F/cvYb3/9i8dv/B//Hb/kH/9if/Ied/ou/yfRfuLO489vm37r+Jf/A//xf/k7rwy//oN3/8Pr8P375n//p9//Uf/aX/yZ/zZeL/+af+QP/zH/3b/n3fuXv/nv9YX/SH/JHfv/e7/eDX/In/rZ/yC/5rSa/66/1ry7/qn/vl/3Cv+5f+E3+3X/+9d/8l/+jv8u/v/yNH7/8zt/59/8Rf+of+7//rb/9w9/+2Z/6f/wp83/7L/lN/7W/8df+Xf6s/+vf+Bs/+h//pTvXf+O3vvyP/8Lf8jf/Y/6qX/l3/4+L3+u3+A2+/bv8mn/98b/6nT/it/pN//n/6N/7Df/CP/+fT//c3+Yvf/3n/ym/9k/+u7987x/+x3/3v+hP/G9+8MvfpX/qX/zH/b7PH/9af+gfdvlX1Lu/81/w5//7f91fNSk+e/YnffIf/a1/x3/7d/2i//qf+ZP/pl/2J/1nf87rf/d//WdWf+uzN7/49e6Pf/9v/oP/zr/wj/niD/m9/+j/5Z/9Lz/7ePWv/LO/1z/7t/zi3+O//u9+rT/n0yfjZ//Ir/0f/2N/2f+e/NN/3q/4/A/64/+d7/ypzV/xN/61/9Zv/xvko//9V/w1v/Of+Lv+pn/dnZ/++/7AF9nyF9Tf/93/79/g97z7x/19k3/zz/4nf49f+Vv9hvf/wOTfO/4Vv/6/92v+Tr/dr/7n/6a/9/f4lcm/+Mv/qH/jt/sH/uv87O/+D//T7Mcf/qO/6d/9vU//sv/wD/8bfr//oPz3X2c7v+Dv/Ud+xU/8ev/B//bnvvnj/8nfYf8nTv7orb//L/8HLn/y97v+Dde/8N//r+/ee/Wv/TF/0v/4/b/0f/zT/o4//48q/qr/7r/5n/6w2X/yh/4H/+tfW+z8W3/CX/38r/4Nf8nv+Q/+Ft/7ff+Kkz/7j/pffr3f5uLv+VX/8V/1J/70//J7vFt+8g//Lr/mH/8P/J1/wf/2v/yTj3/lv/niL737B/xPB1v/0k//kr/4p37r3+PPefkL7/zHf/rz89/+zR/1J/y+e0d7f8yzf/ff+7v/g9/q1/zzPtv7ff/O3/YnHld/39kf95/87wfP/o8/+2d+2Z/+n/77D/71v+Lv+a/+xb/0H/7Wf/U7TX7L1wd/6l/8r6brv/TVb/Dxv/arf8XixZf/3P98/o/+4z/+ez7/1X/J+M/6Rz/7y3/99s1f+B8v3/07f8if+l/8sld//ee/4z+7OviN/r3/6Qe/9Jf/ufkP/oI//lf81F/xO/w1v99///v8Bb/t+PFv8pv99r/y3/v9/9tf80/4v/+2f+TP+QP/kr/4d7v4y/7i7/y2/9r/tvoTf4e/7eQv+Rs/+rWf/tr/5ulv/G9/79/5jf+Sgz//3/+j/p3f7nf7zS5++z/x1/it/vK/9J/4G3/RL/tN/9Hf+H/6sz559o+ePf3Vz3/Nnb/5X/3Hfvyn/uPVn/ubXvwXv/kf9Dv+Yz/zP57/zb9496/6t+7+Tj/zK36DP+nv+qMOHvzKP++f/GO2/+Ff8eiv/i3+xv/qf/+J32pv8Yv/k3/twcM/au+f+V/+wD/vv/01/qdf+9f4NX7yD/r9f7ff8q/+m7/6NX7b/+iP/sf+0//03/v81/gnfv+/+tf5Df+jP/Bf+WP/kP+y+QN/jb/tH/sj/8df++/6485+jTd/3+/3T/7d89/yr/79f80/8V/8/f6vxT/56/2ev/avM538Jf/n/V/7f/vffuVP/Ubf+z/+xz/7d/6PLv7vv+ff+fbBH/Fb/UHP/qf/9C9a/yW/xveP/rXf7Q///f6d9H/9sf9o94//1f/z7/+7/A7/0O/1n/zT/+KdavzPfvbf/X4P/q5ferf4c/+d2W/2e/xzv8uf/Wv+Gr/gj/7d/u8/5z/+Nf6gX/z7//FHv/Sf+DX+oF/9n/45/3fyfz06+fFf6w/4tX+/v+Mn3vzav8a//tv9Qf/g+X/w+/yHP/PbvPvjnn52/b/83r/k//qtf/kv+wef/6W76X/wa/1Nv/T/WPyKb//y//Nv/A8Of41/a/LXTP/S5tf6Nf6Of+O/+rf+j8e/0e958ov/7d/qj/0z/q9/73/9TX+NX/b7n/+C//D//Oy/KP/vv/zP+5V/4z/7f/2Dn/8H/+d/+K/+gb+4/OmTT37mF/zK3/5/+j1+yb/zF/zRf/T/+Xf+i7/jL/lV//d//ct+63/pz/5T/93frPrOR3/j3332dz7d+0/+88s/77df/3b/9LOf+m3+gz/tv/gb/+P/+3/4Lf/L//tPPvo//9l/5Vf/3z/+Z/wf/9d/84v+zz/wN/+d/5N/8F/+n//iP+j/+h1+m7/k39z9Hf/Av/f3/if//H/zd/oP/rI/91c/+JP/rb/w1/g1fpf/60/4X//A3/23+PV/jd/sj77zf/5n/+Of9BN/9k/9+VdH/+ef+Vv9n9W/9X/9Fd/d+oX/xG/5a/zpX/wz1//lP/ir/tn/6vf47/7n/+03/dW/7P/8I++sPv/4//7rf6/j3/V//U3/1v/s//hH/4//7f/+m/62//T3+Ov+5v/lN/1z/8+7f8+Lr/7v/+nf/L//ld/4V/22f+pPHH3r//odf91H/9cf+lMP/+/j3/Y//QP/07c/9R/+yv/72ff/tX/wT/6z/um//Zf9g3/yn/Rf/v6Xf+j//Yf/jf/Jb/V//7m/36f/5/f+wv/ov/o9ln/0L/3z/u/v/dG/23/1e/wV3/5n/q9/+F/+A/+n/+P3+Pbv8Hf/L9X0L3v4f//dd/+VP+cP/Mv+/f/72xf/15/8P/wfP/73/+rvfvx/f/Ib/We/6/7//WM/dv3X/c+/x5/3v375Z/3Tv+z//rGPr3/V//2v/AO/5i//Tf/Of/L/+GP/wj/gs1/z18n+kr/0//zn/5f/+5/59ca/xvV/+B/+op/533//07/iP61e/xp/0O/4B/yHf8rv1v7P//p/VP0Hv/bv9rf+Xz/5W/42/97vs/2n/B+/+39//TP/7h/zN/8G//w/84Of/jt//X/0P/k7/75/55fP/4F/8fV3fv1Hf/B/eX36+/++v1nxa3/06A/59f/F89/03/8d/48/6Bf+HY/+1d/9L/+7/7D/fPHn/bl/9p/6B/zEf/77PPgj//Hj3/HdXzb99j86+Y3/21/z/OT//tv+tm/9sv/kL/zxf/zir//tZn/5n/on/FO7P/n9/+hv+jOO/oWf+e3/vL/9+Jf8hb/ot/0z/pK7f9c/m/71//v1P91cvvznfuO/5NMff/r7/Ns/9Q9m/8Y/8W/9Z3/b0f/wl/yXv9efNPqxP/tb/+dv9m/+G7PD3/iv/xf+kN/nz/5Nfvof/gP/nj/zd/n2H/jX/Ud/32/zq37f5T977xf/+N//T/wVf/W//tf/y7/lH/bLLv6vv+6n/4x/6e7/8T/829t/3J/573//T/8vf+YX/rL//C87+MP/03/zj/hlf8gf83v/Nnu//N/9DX/DX/8P//W+9+v/BT/4Z+8s/tdP/6/6L/+pv/Dv/Ie+9Rf9nntPf5NfenaV/Zf/0y/8Pf/B/+Y/+kf/5LM//N/4BX/wv/1L/vbf9o/87xa/5Nf+rX+7v372z/x2f/DfUn/0ydvd37n9xad/7J//J9z5l//cX/37/k3fm/wVj/7eX/Kn/V9/2K/9i3+LX/2//ut/0Uf/0b/9O//MX/UH/vLf71/5G/7v/3V++VO/5bf+0z/hr/ot/rG3v/J3+93+jp/5qycX/8yX/8tf8Tf+M//C3/gv/FH/wS/+Ip/8yX/Hs9/5q//o7/hXfo2/5F/6g//Csz/z38v+nfVvd/bm9/ir/7ft7/+ef+2/+l8++IMO/u37v+C32foL/sjZV//D+P7v/uUfcvbd/+m//3P+ufIvv/eX7o9+g7/k2e/3+/6CXzv7a/7u/+6P+Cd+57/1T/lz/9jf7x+9/Pd+/X/kF/52P3H22179i9Xv8Tv9bpN/7t/+K/+Sv/7P+l1++/Pf7T/63q/55nf+L37H3/Af/1Pe/oHf/7/+9+W//+qz3/vPmP43W7/1b/2n/en/yi/8G3/T8uzht3+LP/nf/AP/wz/kX/3npn/j33L4R/7m/2r77Pf7A0/b37DJir/hz90q/oe/7s/6187+xl9r79/9TcZ/07/61Revf8H3/4cf/z3aT/+A3+PveP53/p7/+P5f/Rv+fv/Nr3vwF/wPv83zP/sffvyvPX74u+V/x+9Q/iZ/9h/8U//on/uH/us/NvoV/9L/9Af/zD/wm/wJyd6v/4fv/yf3/v5/9W/+y37b8d/4x/62f+7yX/3V01/xp/yev/H/+mv9Jn/3n/u7/fjBX3/vV/yPj/6Cv/BP/Rf+9Re//b95/tWv/6f/63/2f1Asf5vf6O0P/sn/+a/5n36L33f+C771ay5+5e/z3/3f/9bv+G+/+L//jD/vN/lDf/DbLf6U//F7d//p//6/K//C3/Q/+h1/6f/8D/z2f+Ff9X/9T7/N7zk5vP8r/tD/8Sf/3Od/7Z/+h/3Boz/51/7Tf8e/8x/6defv/v0/+c//zrO/Zm/yW/w+f/7u6M/9d/+hf/9P/l8e/I+/86/1X/63f+C/9Tv8HuOv/v1x9v1/q/y9jr77R/8T/1G6nv4723/2f/3fzq4O/4rf6//4Xf77X/Jj6Vf/7b/5K5vf6U+4852/4o/6o/6l3/OfmH7r7K/43c4++pNnBwd/xY//stUf+5fs/0m/8Hd486c8/d3+6r/sT9v/k77T/BF/yXHxu/3Fz3/7f+FX/QV//7/4H1z8V3/Pr/wD/8Ff+Yv/7//wV/79/+Pbq39z+jf+hz/1L/47/+Lf9G/84H/9pf/Cv/1f/i9/1C/9X/713/zBn1l9p/mlv/3f9vf/zC/O1v/hn/lb/M7/9b9f/ZIX3/9PHr58uf13/0f/xl/5a/+Pf86f+mv/i79J8fv+Gb/mn7lV/Z+//+dXj/6D4l/7u/6vP+T3/e3//V/0IDn4/m/9V/3K3/x//fhX/rtf/eV/41/0+nf5b36P//tf+u3/+3/vV/1Hr/6M//vP/4ff/cq/55+++At/nb/hH/4r/o5f+ezf+I3/yH+0+MP+ohf/6h/2t/67v8vv939d/13/8t/48L/4M3bu5+9++b/wN/8j/9Ev/l3/8X/y3y9/r/HlL/2b/sA//zf7m/6XX/Gr/oRf//Rv+0/+g5/+R/+yX/bPf/FX/8xv+88+e1P9it//6nf9/f+7x83f9e6f/av+1X/t3//Hl//Rv/KX/nf3t3+PP+H3+xd+5nD+P69W/+y/9ObX/Tv/qX/nr/rHf+u/8H/7b39l8Q8c/dS/Uhz/zP/6q17+oX/vxfHHf+B/8cf+o7/+v3P6e/ypf+K/+Vv9nX/X55/9hv/cn/XbfPSf/zX/x6O/5X/7h//e3+76f371P3/0vV//B6efPfw7/4p3f+W3f/l/+mv8++fZd/7h3/Cvfvbgf/+X/uv6T/9jfq///G/5b8e/4uO/619/nfyFf+Nv+4f+oh//b//8P3n3ev9bvyyb/Tv/9T/0y776L/+V/+ifuzz4FX/hf9f+oj/10/Enb1ePf/W/fP5//6Z/8j/ye/2rv/qv+l3/1X/2Z67/h9/+V/yV9xfln/W7/Hf/+r/yZ/9n/8bf9j//1D/z6OjvbIqf/A3/xcM//h9Y/5Kd8vf43f+Xv/onftXf9vLO5//tP/MP/eG/5We/w+zX/Qf+/uTP+mX1//xbfv5X/knbf+Tv9dF3jr5a//J/46/9N/79f7r5PX633+XvuP8//ZeP/84H27/eL/otfuf/8He5+8f/Pt/6+3+v/+k3zf72f+fPnP3b/9Gf/Hf92r/Hn/kTd/O/9tf9yT/tj3w5/jt+79/+31v+X//Dn/Kb/+n/2f/+u6ZX/8X/9Sf9S//V67+vevfqV+2N/4+/51vt7/2r/9zDX/74r/0j/pU/5Kc+/mu/95N/+J9++K/+ZX/pX/bRn//kt/kzf93/5ff9hZ/+yb/XZ//i//Xf/G1/zIPf8Ft/7u/wf7z9tz/53r/zR/0p/+M/9Zf8xJ/8y/+TP+bv+Gvv/Xv/6B/933/66/8Dv8dP/ze/x/H/9jv8X3/R//nf/d3/+1/1l/096eG/e/R//U//6Jd/3+9w+C/+fn/5n/I//pW/42/w9o/6JX/j/P/4rX7wRfur/9j//je+/nV/o1/5a/zbf+X/+Kt+k62dP+e//Ns++Uf/td/iv2/3/uX/6P/4z/6g3/h//EM/+d/+nD/n6k//3f+CX/5rfuc3/it/r3//j/1tP/vjfpvf+PFn/+RP/jv/4d/zT/3zf2q2/te+8z//d7/y3/oj//WL3/Dw7/yn/8ff9t9+9N/8a3vX/8E/d/3v3v/z/vPf7a//Y07/mqvP/rLv/oXf+jf+rf/9f/qj/qlPf8vv/p2L4m/+K3/tz/7Y3/fsj/x7f+H//F//2z+1fvPr/k7/6t3f+H/4B3+ff+8f/he+/E1++993efbL/vNf8u7fOv/7/4Vf9dGXP/ZX/xF/6D/yy/6xbyXjf/pX/Mvv/pzpg7/zr/u3/p1fdf1Lfunpd37Ji+Wb9T/1J/zh/9Yf/zf9gl/643/db/g33f/Wb/43/MTsN/vzf+Zv/PPHv9cv/yf/za2v/s5f+1/4s//Hv/LRr/4vfvrgYvF7NT/9Z//y3/d/eP4P/8F/wh/7Z/5a/+Kv8+/+PRd/3C/89Q/zs7/3z/jT/upf99/7wS/6y//i/638j//l/+rf/r1+2dWvf/in/zHJ/7z1+V/9X/zGv/v3r/+rv/F3/u3+9f/sl/7P/9Pn/+1ft/1n/7u/3r/3a/+jv/G/+b9872f+1vkf+JN/4erveP6P/YMf/0v/7d/xq//F/+Jf+7/++bu/9i//n9P/+v/I/+/H3/0zfvrv/y/+iX/p9/tn/qc//G/5l/+Qf+zvuv97/PF/7L/wJ/3nf+L//Xf9RPlv/bLfofmX/8i/5d/+D2f/wp/wT/wx/8Fv9q1f+ad98e//Z3/Fv/fgZ/7Sv/nf+tYn2U/9B//UL/tH/+Ff9Sv/nH/wt/07f6fk3/gD/5x/49//A++//sf/z3f/6W/9b/8hv/pbr//Ef+rvfPTd3+Qv/Gte/qvVL/6t/q5Hf+6/8wt3Pv5f139R9ef+o//Or/7JP/c3/W1P/6oH/9h/+bv/c//bX/63/xe/6n8ZffFv/3Fbf+E/9av3fvff9FHxPx//jf/gwZ/x+97/l3/pX/m3/xsv//L/+6P/6ndcH/wDX/z7f8Tf8av+8f/m1/srP/nOb/yP/5cv/ssXf20xuvzyN7n8U7/443/f337/x/+i/+of/8//yt/81R/z1e/yhz7/Bx/f/av+9n/vD/jNv/t7f/p3/p//yfLV//3R4a9+e/mf/4af/BG/8+/wL579Zb/wf/l7/oz/+l+888nv/Uv+13//H/32b/3XfPev/D1///TLL37Pv/HxL/ivtv+2X/0T/+O//1v8B3/0n/kH7n//z/jOP/+nfv73/T3/9b/87/zvf/gvbKZ/4qP7/8z/8IPf4nf8+/7+d//o3/Z7/q1//vLP/NajLz/95/+C//s7/+dfsj79I//dv/h7//4/8dO/30//C3/23/2X/sm/7h/8bxz++3/Z7/lf/+lv/+vlR3/Dl7/8z5n8Hf/A7/+f/1Zfbf/gL2x/8TT7Ly9/1f/5v/zrf/bpX/Lk7/4Xvvcffu9X7/19v9Off6/61UcfffXlJ//GX/V3/D0/+Q/e+T2zf/jv+2P+hv/i//jb7i3/5r/7T/hLz/6zv/N3/1d//9/sz/sH7xz+d//G3/TP/F9/0G/6V8//8N/hd/2H1n/w//Bv/bd/9Z/5+m/99n/0F/wj/9pv+Zt8d/kPXJ986zf8l/7TT/603/HP+SP+g+Lv+gv+7t/t9/kvfqv/7Lf6k/7vf+RvyP71f+/3+pN/xe/16st/76/7r+780//ev3X0Z139wn/mn/rsz/jBP/jpvzD+6/77/+CP/vK3/SPf/Gt/5//56O//8/6S3+l3+Tde/mf/1cN/8Vf9xBfn//Ojf7P8E//bXzP/48/+xL/mvxn/5Pf+/f/7T/qr/uzf8t/4ePrtv+cf+P3/x79u/q99+eN/+0e/9Ff+Tv/pv/z5H/+7X/0L83/rn/n9/rs/9Tf4u776H3/yoPw3/us3v+sv/Nf+psVf9t//L//Gs7/48O++/LFfffKn/QHT0Z/594x+j09eTR7/Pf/Bf/R7/dN/d/lnff72zn/yv17+a3/uRz+Y/Jm/3h/+2Z/x2/2D/9m//bf+u3/bP/Zv/6p/9Kv/8vXi7/jJf/jPyNb/4tWbv/Ov+vO/e/l//tfv/qm/8dEf+1/k/83P/A3/1q/+n//G6z+w/Wv/hV/6F737+/7mR//Jf/PH/p5/5R/z3/yhv9GvKP6OT36b3+rt7/33bv9l/+vZ1d5P/oN/S3Lwq/+T/+PtH/uPP/5r/tzLX/lb/U+Pv/Xn/2tXz/76/+wf+ft/1d/xx/7y5fa3f5Nf/Ju8+/Ty9/uX/uX8j/qn/6/fe/W3/43/4p1/6D9e/6J/8i99+lf/Lf/u//if/gd/QfHvHP33/8sv/fvrX/OP/w3+1X9n/iv/4z/9s/yw+MGv+WP/5c/8jf/rL/mzfv3zf/DFb/Iv/ceHf+6v/Gf/zv/u5f+9+9f/Cb/lf/y7/rLv3f/0p/+D//O//Du/dffxX/ALfgPS5v/Cf/lH/Fd/00/9e3/nd3/9//Q3vr589q//hn/jF//Vw//9u//zX/kH/il/zH/4l/wrf9Tf8Of+I7/w3j+w/bv+T3/kv9j8/t9ZNq/+wb/jP/kr//37hxd/+2/xz/5b//6/+Xf8Jn/tn/Qvnr35qTu/35/8X/3g9C/4V/6vv+fo79356qeKf+Plt//ms3/+D/lHvvsrT/6FX/4X/F+/dPni6V/60//yP/q7/y3/5a/+b3+dR//7X/df/vG/3/2fWS3/hv/87/uP/82f/Cf+8//p6KM/83/8H36zz37/3+vzT/7Lf2rx23/5h/6jv/if+0d+o9/6xd/5e/yBf/vjv+jgv/2Pf80vv/r8r/lL/7Oj3/Dfefbgu3/+d3/99r/4mW/96j/r3vf+hz/1r/j3//T/6eh/+QX/+CfNb/EfPH3+9p/6F//kb/3M3/IL/9I/7C/+c/+kv/Pox/+nv+LP/Ef/4tPqz/11//O7f9Sf/6t/7z+5/Zf++dX/+uW/+fFv/eN/zpd/3y/5b3+nT/+DP/Hv+d2/+t9WF//lX/OP/tezv/Lyj/0zf8Pf/9/69K/7e/6Sf/NlO/4f/5G/4l/5t/6Sr/6C/+Rf+Guu/8b/9Df99f6M/+LZX/Of/5e//8/8zX/zX/K3/48Xy//g0e/yG/5F/8Hqf2//kr/tO7/5L3n7N//Rv+dv/4/+9/9b+t/9xp8t/vN/6Y/9h//KO//Tb/Ivbrf1m7/2N13/pT/zB391+m/+2D/wd/+XT3+Xf+Hv+pn53/6v/t2/85Pf5fU/9udOl//pP/tr/4f/+1/3/f/wb/xf/8Llb/in/eB3/N1+9R8x/Xf+0r/s99++/x9++uVfevBf/Md/+3//j/7uf/7v9beM/+5/8vzX+ZXf/y//2L/ti//+//gj/9n67/8HX/6b/+69v/Gv+u//yt8v/zse/LLTP/N3+VV/xW//v+3+04vf55f9/f/Ib/sLfuPf5Lt/2O/wLxz/8b/Bn/FHNL/8s3/j1X/29/yHf9Cnd7/4Z//pv+Bf+kO2f+9/69/5y/7Ev/GL2X/x7/xjv9k+BbO/xv+w9xOnv86//+K3+N1+jW/93gd/9Ls/6U/9l//TP+DdL1jt/V9/3m/0V/6a/8hv/uKP+Fd/jXf/yD+9+h1+jX/9z1v/Vg//7N/j4M/+bf+83/Y//+l/d/niv/gdL37b36bZ+/i3/UNmf9h//H/+xr/T9/78f/Y3+5W/+y//v/6a3+ff+41/8v/4a1/8X7/H//h//W//4P/9t/6B3/7tPvtDrtZ/xB/w8N86/ejsH3n31zxs/6d/+Nf+X5Z/0Z/y4qN/+j/9+/7kn/lL/qMn/8If8/eevfpPRvl/8+i3/i1+rz/l9M/5hX/U7/W3/dN/wP/92777zX+/f2jnl/x7v/Ef9nf9xs9nv/1v9mt+67f8s/+s3+g3/G9/jW/9qf/WL/xVv+j3/U//5//iP/+dfuE//k/+dz/56OyP+YO++/J3fvMnX/z+r/+c/P/ee/kT/9nyN/1dxn/urzhb/cXJH/E//q5nX+R//B+S/k5/+J/9Bz78s/6lP+y3+2f/j7/kd/zWD/7Af/3Tj/6Gv/w/+cv/lj/o+7/Pn3W//LE/+lf/8//EP/AH/Qa/13959G/9g3/Yyfl3/rM/+C/9R/7Ef/6v/jVHf/wf8I/8e2d/y0f/0D/38OFv+Wtc/XbHv9tHf17x20//ib/ld/7d/pX23bf+wf/4F/2DH/1hX/zHf/c/9t/+0tO/7W/5Pf+DX+fX+OP+4eaXvvu//pB/+df6537NP/rP/BP/sX/y9/rof/6T/7dfdfZrPflT/7A/7Nf5df/w3+3pxy/+rN9tezf/Y/62P+xP+9P+ur/vj/lD/rs3+cM7d07Xp/lXf/vv87de/NNb83nxz/1rr/7sh29/4eQP+4f+xX/x7u+W/m7j3+13O3r9k9+5/C/+7//1H/6rfr3k1/jN/rff4L/6Nf+mP/QfOvnD/vj/9Lf9zX6r3+KPSPI/9df4Tf/gb/9n//Hv/r/8z//z//Lkv/71tn79v2/yM3/qX/n2z/2T/7Hf+fGv+tP/jd/rvyr/nT/1x/+iv++v+uV/xX/2x/yV//699u//Rz79DZOzsy//5D/5q5/46s99+Pbv+AW/z3/4D/1L/9S/9e/9I//KP/ODv/mf/y3+yT/9xb/w1/6+P/n3/uBXv/yZ//P/+Kt/zf/4N/+Tf+Jf3v2bf9HZP/29v+OvKP/df2D6P/4D/+dv/2f/+r/JL3j0Mx/9ytl/8Ff/H3/Iv/qH/5d3f9/R3/vml/6q7/zjf/2/+6/fv/rp//E/+Hv/7//u+pecTP/VP/bP/Of/x//g7/wl/9v/9l//sj/zb/zvP/s9fun/+r/+it/0N/q/focn//vpr/H01/qlf9y/fXf337r7C36/3++ju7/Hv3L31/py/y9J/4l/9sH3/9z9f/uf+4P/w+bv/7v+lH/hF/6af/TpL66/UyXf+m//hv/qz/jlyS/+1u92/+R//PO/85v+K/f/tov/+6+b/rn/98ln0/Uf9+//jX/mv/SLf+of/st+95/89Cd/jf/6t/k1/+3/ZPbv/RqTX2v10S/7o3+d3/0f+vFn6R/zm/92//wf8Gv9yb/Gb/+X/HY7v+4/+Kr8C//Bv/hv3PrjHv3LF//77E//Qy/+rz/zb/x7/ov/7MHv8w9/5y/+Tf/S3+O3/z9Wf8Zv/x9/7+/e+kt+r1/+b/4F/8Y//pv8xf/G6V//Fx5++sv+xP/pb/hz/t6/9W/5d/Pl//Ef/wd/3V//p/7jf8Y/9/v95jv/2l/wL/+P5d/20R/607/F6Ppb//iP/1+/1fpP/99+5q/+tf/3P2H9n/+rh4sHv/Gf8g/9E//d4uL7//Vv/B/+A3/vX/Pb/+vf+l//g+2/4c/7wdu/6Ff9Q5d//H/wl/7v/+Pv/2f+zF/2f/xmv+QvbP6mv332T/zv//vf9Gf9vg/+/H/zwfL0T/sr/8N//u/5G3/x//Lf/AXl37394B84+hd/k4P/49v1v//X/nuP6j/2P/x3Lx6c/p+L8/bsH/znr/+z/+hn/o8/5G/41Z/9BY/+7D/z3/78Z178lnd/2z/6D/zb/8z/6fn4r3vxxf6f9vv//v/h/j/6B/7nf/K/9Vv+tr/i3u87+gP/tL/wX/hbfvnf+M/+rX/63//f/j3/279w73/6b369f/Hv+/G/8J/9oz/7df/uv/x3+He+d1Td/3f2/92/+N+7+9mb/+jN1V/4v/26F0ff/c2v/vy/9E/5iWp59cf8+v/9u2r1yevT/+VPLr78Zf/BH/DH/8r//M2/++v+Kf/Yb3r12/wO//o/8zOf/Rf/42/xZ/42f8Of8gde/dun//Nv+Iv+yP/mz//pf+EP//f//b/lDyz+xd/1zr//V/y2v+Nv8wf+M3/Ff/Gn/rV/+m/zSw73/9D/6W/+0/6Bf+Wn/9h//u/77X+9f+EP+R/+y7/z2//FH/YX/j1/x+V//9nf/L/8j//ob7T6FX/C//pf/Z1/1//+X/1ef+q/P3v6e/x3//r3/sw/8yf+wN/tF//df1H9L/zYn/l3ffan//EPkurh7//uT6/+7n/iJ/+dB//8H3D+V/zj/94f8neVf+vRn/qP/Dn/XPu//Lf/yz/69yZ/6b/5z//Z93+3v/N7/9pf9a8++Wv/xb/z9eTPaP6W13/sv/BnTv7O/V919Uf+Tv/Ct37LT//5yz/zl/34X/Mbv7p4/Kf+pi/+/r/97/sfnvwhv+df9a//qf/mj/0tv+qf/sMv/th/9k/8/e/+7W9/0R/4cvef/F0/Ov3V/8LHf+Xvf5L+99/+937T/6v4C1/8d3/bv/vf/qd/7t9R/PT/PfrP//pf+0/8bx/8xkd/7I9tPTr6weI/+L/+7NN/+Y//B37jO9//ZPTFH/br/e/P/tHzv+Cf/i//y7/xX/2rfq9//y/8n395/sf9nb/uF//Kf/gvP/9vfvk//a+v/9Q/70/7r37/f+9P+O/+nd/id/7Bv/v7/xf/xb//P/4Tv/Qf/zOf/a1/w1//J/5l//Sv+C/vPvyFW3/x9Mf/7//r/8h/y1/zP//nm5/+Q/+FX/p3/V2/evLHTf7C//S3/PX+q+kf9E/+47/ox87af/x/Pfgjs3/+T/s9yv/ky9/nZ773911//0/7/X/sH/6ri3/4P/pz/uKv/sC/61/8/b/12R/4P/5+/+U/8Ut/uhzf+Rf/i7/n9T/2j/6bv/Sv/7eLv/+Pvf/P/gnj//Nbv/X67j92+JOXq//hN179l79q/Hc+/Zd+wZ/1Z63f/lX/+7/1n/0z//vVf3n1b3/xS//Xf+EvKf6cf/Cf/H3/3v/0H/6Zf/df+zP/8O3/7L9c/HX/zv/8efnuf/5Vv/h3/52/OPk3/9c/6g/8+/723/0P/Zf+yT9z69/7+A/4bf/XZ3/7xfSX/tP/7L/++/+Bv98f9zv8Lf/sv/e//UuH/9lf893/5m++9z//tn/FL/lr/4OL3/5X/8w/+2v9lX/3v/brbv85X/3Ph3/C//Yzf9zvv/1b/p1/y7/2M//BZ/k/8B//p7/lH/sL/6Xf9Lf+Df/Nv/3p9/+d3+V7/3v63/1l/83Fj/8jf8W/8+v/Fb/9f/s7/Ru//H/96/6p3/Zv/7d+y7/gx19f/VdPyr/wH/p9/sN/9Nmf+7sXi9/ht/3HL/PPf6ff8s30D/r1/srf47/5S/7bL3/y1zn/DT77c//JB7/sP//i/q/6S/7uw3/kp3/BP/7v/7LVv5v9dq9/x9Hkb/kD/ub//b/8u+9dXv/7f//d/+rv+sv/+3/6b/if/svPTv+ev7H6X//Fv/Pf+Kse/SWHf9P/8l/+8b/j3v/6H7T1H/OX/97//C/5m3/Twz/vP/8XfsV/9w/+KX/5//jTb+/9ri//8n/9H/s//9B/6Z//1/60vyY/O7z8537Vv/JX/R8P7/2vx//BX/y9v/X3K/7g3/S//g/+2h//yX/sz/v9fvW//tf/sb/m3/aT3/r9/6dfcv3f/e3/xk/+md/7C/+6v/83+e0fkadb//l/0R/wP7z8t/+ek3e/+j/7x//Jf+9/+fjxF7/vf9ce7v9xv////O99+0/+V36TP+eX/3u/c/X3/o6ff3r9d9z/jf/2X//7i7/j/3z3V/x7v+wf+YP//st//M/8G/+pLw7/mbt/5x/872x98dlf+PJ/3Vr/b3/C//QP/L0P/sc7/9n1w3/r+pf8U7/4b7r63f7jP/jv/6/+47/lj7z7ez1e3P0L/7Z///f9e/77v+jf+t3+9t/+Vz/6D/6LP/Bv+z3+j/96/V/+9H9w9+iPufgP/8NPyz/jJ3/HP+q/n/1Bf8Xf+jte/Wl/2r91+Ov+m7/87/6Zz7739tM/55/8e/+PF3/x1T/20Z/S/mn/7D/0G/3P//wv/Hs+/Yd/xz/k19369Lf/U+790p+6/+v80f/6b/Gvf/q9f/zf++9+u/I/+1P/rd/st/37/7p/ofxHk7/6b/kzr8mN/AV/wX/8/Y9+o+d/6V/2V47v7f01v+Tv+E//4z/6kz/8V/zJf9of+Tv8pv/h//w//6rfbef3+yf2H/xOf9uv/P2nD//zP+K//ld+5b/98fdf/OX3/55/55/4U/6+P/bkH/jrnv/tv+uD/6y8/Lf/z//6j3n6f/7YX/9P/G6/9I98cP7P/93/2B/xB/0Rv/rsj3/y4i/4w3+LX/SL/9K7/8Uf+0/88r/jt/nHX/7jsz/kn/kTftn/8iv/xX/hl779Pf/VP7D4lX/Av/Zf/Xv/evXr/T3V53/Dd//PP+6jf6n4D/6bP+Fv/E3f/Fv/7p/+T/9f/1Vx71f8KX/tn/f6r/3NHv+X/+hf+V/+wrezb/3OX87+u9/0N3v+V/+Sg7/mF9W/9P/87/+If++/+kP+qf/zH/1nfpf/9L88vTr/J/7A/+1/OPqf/6u/48f/67/6z7z8G367v/l7xf/0u/7L/+XhP32+/FV/6Mmv+iP/kf/m8lf/3y///r/zv/tX/oS/afpf/Ibj0fX//D/UbVP/d3/CP5Zf/K+/05/7P3/1U//pP/Yn/7N/7/i//dN/6p//E//SB7/42//m3/PsN/ofl3/3P/Bn/NK/+r/8e77/b/zO/+Kf8Jf+pv/sL/4f/vyf/jf++n/6X/9o+zd63n52ePUn/6v/3L/7zyz+1X+t+anf5ff4r/7zf/P3/QP/mn/mX/qf3/0P5w//m7/4P/n7/4iL//Zv/Oq3/+d/k595851/+Xf+rf+Xv+//qr/6F//Qv/rX3/vk7/kzfsFf+1t/+qd//Hf/cf/bL/8z/+1H5R999Mm3/ozf7b9pf+Xqf/k36z/z9/1lv9YfffHbfvf7P7N7f785/v3+oq/+nf/+D/3BX/vH/4lf/H3v/qH/9J/91X/Pn/V7/qp/9q//Zb/jX9z88l/98u/8o/6P7LfZ+nf+2sf/+z/y2d/71//Lv9uv/GW/2+t/8x/7K159/8//jf+b3++f+A8u/o9f60/8Tf6z3/qX/PdH409+yd5363//yz/kr/mD/q9/+hf8xe3f/ed+6+yTP/Ddd37s//yn3s2PFv/1f/P3/cv/yN/95O/8137pH/PvfTba/Zkvfsmv/h3/2l//7/5tH/xt//uf8O0/7bf8E37vX/r3/u6/S/Od5p//5//03/4/+9t/8d0/7g96/RMP//h/95//+3+XP/zP/+7eD8b/9Z/6Z33rb1/+D//+b/UP/A1/+EfrL//Ev/ev/HdGP/Yf/YN/4e/1b/yH/+D1n/zP/kl/z//9R2//Lr/gl17+r7/vL/5P/5D/YvH3/7f5X/2v/b3fW/4O//5v+93f+8mdX6/++//K0d7sz/jn/5nf66Pf9wf/6a/45X/Lf/of/J7/za/1P/6Gf+o/8wu//X/+W+Xv9lf9OVf/xr/8j+T/43/6G/3lf/kfXP8Tf8ffevVP/Sn/5+/7n//6f/w/0P6Nv+GP/bF/439U/ZK/8K8//enf8U978MXRP/ir/5R/7V+5+mM/+ef/zm//Vs9//7/n3sf/yX/23/5Gf8xf9M/9+ff/xd/iV/6zv+T1f/Qb/3tv/snv/mf/zafFn/oH/97/8p/42S/+E/+tXzH7D/7Zf+ezv/F3u/gn/rw/7x+Z/cd/3Px/+Wv+yh//i89+/Mm//PgP/Ms+/z2O/pazv+dX/xN/w9/4j/4H//3v/5v+FX/hX1e8+o3/zv/k36+Xv+wv3v7n/9q3ez/9u/2Df+OP/Sd/4V/2H//Tv/ffuf4V+7/tP/7Zr/mf//2/4vV/8Iv/xv/g/G+9+B+z/J//7f+wi3/y6o/6z/793f/g//yL/oq/8OX/9eYv/ztP/6t/9a//8//+P/PX+3f/w9/tv/9tD/6a8r//a//A/+Gf/vN+6m/+Lf/Yf+3LX/bv/Ft/9x/77rPf6z/41fufPPwP/7zf6t/9e/7Zn/k/P/+Nf9d/9u/+NX+v/+PT7Te/4R/79z/I/8tf/+/9tf/y5Fd+9d//c0ez3+nP/Nf/lYfp3/zyD/gbf/J/+Ff/u3/l+j9f/4Of/ga/6R/4v/yyX/1//eCX/v7/7R/6/E/+M/6P1//kp9/52z/9C37wF/yyP/w/nP2p/9Fv+tU/OM3/nV/n6L/+xy8++tN/5ndK/rGvfo9/of5rtnb+uld/559y+W+8/t/+6v/4t/8z/+e9P/l/+X0X5//yP/dJ8Vt+9OVv/cV3/vnf//K/+V/+iD/3H/tnq9/kFy7+w2bnX7jzB/wZf9Ff+h//l3/Jn/h7/SWX69/u1/svy4d727/sr/w///f/9avm//wP//zLd//Dj/+y/+Mf/xd/1f/86/3ML7z32T/6O/7lf1/9F/6bv/JfePlv/ZZ/17+T/eff+YP/lX/3vz5e/pZ/4N/x5b/3b//k3/Or23/0z3/3z65+7b/w1977z36Ppz/9D/wXs9/y86vxn/3v/A3/xU/99dVf95cXze/9v/zHn//Vf/Drv+b3+U3+hP/sV/w5f8fiV/+Zv83v8N3/9bf/yb//p6q/95f9W7/Wv/y3/p1/4K/49/7ovT/7X/mH3/0e/8r/+r//B3/5T/zbf9cf/9Ff+Dv+wvNf/+//S//t/7V9/r+//PR/fv3L/sY/7HvV3/cf/g1/+5f5H/fH/Uv/9x918Tv9/Xt/z9//9/03/+Y/+Qf/Pf/i3/uX/FZP/oi/9t/7E/+Bv++3/duv3/xdf0z9q36f3/p/efjr/lm//s9861f8Rlt/yH958A/+qukf90t+2cU/8gf/rb/yD/5LZv/Or/Ov/8K/8Dt/6V/0M1Xz4//k+t/6E/6Vn/mZz4tf8A/9gj/3L/mjf40/6w8q/qLvlMl/dvY//Q3ro/qTv+FX/0H/8K/x103/9ydbf+bT/+Ff/ov/vDu/0eWv/Wv8rn/z3/yH/fN/5q/xe377evQX/4rZr/V7/lGP/4z/6Ts7v2Y6++zPePkrfsGvmf5tPxj9x//Ab//41/iL/6G/+Q9Lf/Ojbz35zu/0t36yTX9/Nr08/Qt/g9/sn/md/9ZPfvEf/Wv8xX/L7t/7r5z9Or/Bv/4n/Nu/9e/4+/1B/9I/u/v31n/Kb5v+a7vn3/2X/u0/4ulvd/J7v/mnfsPf7H8/+skvLj6mr//av/kP+3V+jd/lb0k/++1+r3d/xZ/0G/xmf81v93v9Xf/MH/0b/Gbf+u1+r3/q1/6jfo2/+GT6Y3/sb3j9azy5M/2x3/nPf/drPPmTpz/2X/9Nf/9vcP0n/u6Pv//tX+M3+Ot/p9/r7/pXfixJt3+H3+uP+uPGT35q+mO/4W/4a/6e8//9937y8ce/xm/25/xRv8H//Mf/0b/Hl7/z57/n7/oPf/ev+o3+oV/rDzj7q36LP/UP/fu23vxuv9bv84v+ly/+i8v/6Pg/+83/lIf/9q/1v/3Wv+6P/Vu/33/8G/9a//G/8ANC6y/8w3//3+AP+9c+/ej3/K++fPKf/G6/1q/5F/4tv8dv+Bv/2K/zq37qF+C7//Y3+MM+PeHf/t3f4Nf5mf/o/x49/jx9+k/95r/Gkz/wt/kH0t/sj7v6Nf+gP+nXuPcbn/3mf9Qf9Ov8Z7/f3/ib/nq/1n/0d/7En/WHffWf5//jH/UP/dRv+S//wb/wyV/y8f/0a/1hL/NP/7hf/SurnR//g3+D3+x//43/iX//f33w23354//gP/x3PUj+u9/9i//01/5H/oB/5//8Q9+O/9Jf/Y/+saf/cPXPf/sP+xd+jbM/4PDsT/oT/+4/8mf+h7/zt8mO/ql/I/2n/vvjy3/m6fEf/4+Uv9cv+UuL7A//o//UP+mLR2e/wb9fLP6av6vav24e/mH/65/6l/1Wf8DR3/CbvfuLn/+G/83rP/36f/rqv/n3frc/6fhP+Vv+sP/qV/xt/8lf/fa/+OXfef4n/eLL/M/96Kd+j9/s3/gH/+6/5M1/cnr3b/xVf8/vuPVb/dhf/L3mL/2tf5P/9c/5ZP3v/Vm//Hv/6fVv8Wv+nn/UX1r80//gb/ybHf14+ccv29/lz/2n/6e/a7X3r/9Ov9FP/Pl/6sM/ann1y/7Pw7/z7/1r/7HZ7uf/+79y/3/8ibu/0+/6t/2Wf91vsir+vt1v/+pf40/7v178p3/x//Cv/KAt/q/f649/++f8I//6P/R/PPiNH/8Wf9Q/90vv/i5vf50/+vj3vfxjzv/Df/A3eP3v/of/9n/88OjP+J3/gt/29738Tf7a5e/xY1t/4Ns/8l/67K/4nX/D8eHhn/Z3/Pm/zk/8gdXFf/xn/QW/6I/4Z1/8d/v/7f+5+t3/t8PDP+BX/lmXf0X6+x/+bvW/87/8mb/77/6H/qH/4L89+fz33Xv1B/+mf8rO73b27eRPGv2uv+6TP+Y/2//bvvO3/MJfa1z+e3/Eqz/5vy/P/5IXf9uv/Vf/U+O/59f5F/7h3+4/+fVf/UW/8H/4ib/+T/9Fd7589Hv+rsefPv3z/vk/7A/7fV7+p+fPf68/7Df+3bOf+i1/n3/pN1j+Xn/cb/wX/x3/0p/4u+98+z/8fedHf8y3/5Y/+cd+3ct/7stfczX7bf+KH/9Hn+38+X/16D/73f+KH/8Xn+38zr/u77T7Z/3B//Xzix//s/6Evd/wL84efav8df7Vn5j+rt/9d/7sR3/rv/VPPfgr/oXf6Xf6l//Tf7zd/7d+g7/iL/2nn/x3u7/z4tM/5L/+r/6WP+kf/bN+kz/7j/8DHv16o//sx/+K6T9GIK8Pnvwb/0j7nNpN/5kn/8nu73yP2v1Zf+ufdPhn/Qm/++943P5H+9/7T/+o3/wv/E0+/WWflt/+bX/Zb/q932b/Vz/+K/J/8o8Y/wE/9b+O5g+X/+wf/Bv/x3/H7/T7vPzdlv/sH02//eTf/BeN/r1/46c//cP+3Xp6/GD1vf+h/A3+zv/8H/5Djv7jv+Pxv/2bLf/Z3/GPfP6//X7/2X/we/6uya/f/oW//fqXjub/zPL5H/vP/JrZT/3Bo/m/UD//5M/6tf+Rv20+mv8Dv81f8bf/BfTrP/L7/Et/y/L5J38K/fqX/D5/0n/58Pknfwb9+p/8Pi+fbv0Vf/sfTL/+Fr/3y+Q/+Bu++J1+s7/iT//H/pDf5D/+7/+df4Rg3Rn9V7/Rf/A3/Pf04d/+p/66X/3H//13/tM/aOevb3+bX/5b/S6/+rPf6Tf7S/7w2b/3u337e+lf/nv+O79J8fFftv/t//pP+l9X59//5G+e/S6r//zv/Ov+3Gf/yW/5n/1Tf9af9Fv/F//Un/En/db/8T/1p/1Jf/4/9Sf/7q/Pfmby3/1GP/bwF11e/mF/3u92eO/Jiz/nz/+tf9eP/9F/4Y/6k/7cf+Zf+CP+pD/14r/87J+68zc1v+A/+yv+1l/2O/9nf9q//Xf/JvW3/rvHv/7D+5d/wh/6740uf+kf+u/9TpfLP/TP+/UO/8bjF3/qn/+vpn/lP/8v/H5/0r+aX4z/qT/53/59fsP61/vv/rhf9+GPX/4df8i/9/jyr/hD/rwfO/y9jv+FP+3P/4v/o//pz/lFf9lH/9Sf0/xlv+s/9VP1X5b+Uz/V/GW/yz/176z+sl/wT/079V/2O/9T/84v+st+p3/q32n+st/xn3q0+st+h3/qUf2X/fb/1KNf9J/9lv/U3/Cf/FO/+5/0/X/+T/48/W//iT/5JP1v/4U/+fdI/9t/+E8+TP/bf/pP/t3S//af/5PT9Pf6j7/9m/xJv+I//fZv9Cf95fXv9uv+U79e/bv9Ov/Ur9f8br/2P/WvHPwWv+bs32yePp79ow//kt/5b/mTf6c/+Tf5t+d/wtYfWY4+/8NOPv0Lfvzv+V3/3j/4x/+43/XP/Yd+83/kT/r3/7Hf/B/49v+0/IP+tF+j+C0v/qI/5fSf++4f8qv/wL/ns8nD3+Nf/fd/n3/hT3z0pyd/5t/7t/55v8uf/h//C/9ie/Vn/LK/dO/f+1V/9v/wJxz+358v/8vP76//7n/vz//P/4+/6je6+qV/RdDof1j+M//9//B3/crp//Av/C+/9K/4Z/+T/+BP/LsP/9lf/Wevf9H/+E9S+//zn/t79Kvz7/97v3r36p/8+3+XX1Z9vPy/f79//L//D+mL/+u//ycmf/ffRx/Rd//3/zr7m3/f/+BP/FUP/vB/vL7+Pf6L//DNb/PP/uf/55/1B/6n+OiP/8f/kn8GzX/nf8E2/yP/ib//d2n+q3e/zS/+PXZ/69/n9/srf62/e3H3D/2DP/t7Pv1dr/6vf/hPmv9J/8ZJ8vlf+Ou8+9/+0t/1H3/yx/yX7a/+7f+Qx7/NX/SfV//Gx//FH/KH/Y1f/lt/yD/2U3/hn/Ub/itP/4Zf98d+/7/gz/pjf5N/4PHub/s7/8z1ZPzoX/l9/9g/4Tf6N/+Se3/6J//D//Sf/9G//VXy+/7Jn/75n/wrf9rf/dFv/Cf+S//o7/ub/+9/8tvr//2f+rsfZ3/yX/EP/9bFn/P7/sl/xT//W3/v3R+2N/1j/7nf+Xu/3r/3N+f/2O/8vV/2d/2h//Qfdvhn/U87//hf8uv/pv/q6H84/W9+vV/50a/4ow+f/x6/6A+/8ws++zv+vX95+k/+zp/9r//ev/yf/kO/82d/wr/3L/+hf+Sd3+azd3/W5D/+W/4cGui7P+vZH1b/4Xd+m/EvGP0Zb//kf+Qf+cf/3H/8L3n1+PnfvPqH/9Hf6jf8bR8//5//sC//oL8t+Vd++tvLP+nf+12vf8//5Q/7z37jP/rX+qd/09/iT/9X/+w/+3/4Yw9/2e/1L/zi7X8u+93/7t/pt7k6/yv+0f/kX/jn2n/rr/59x9/6F//zv+Tvunfv+78Vffj6W83Dvzz5M1//Nb/o4X8+Gv+V/9if/2f/13/a7/Dvvfir/+n//k/7d/693++v+mf/+z/87zqZ/n5/1OH+f4Ffln/k4S//ePxH/hP//r/wp/27//0/93f9+//Cn/efX/5V/9qf8u/+i3/d3/1//kZX83/ub179kf/E//I3/c5/7H9ez/+5f5F+f/xj9OGfuvojnz3+sV/0O+/9br/2t5/9Sf/F8d4fPEv+6d/oT3n4d/zrk9/4n/71/pTt3+3w2//rn/Q7pQ+f1E9+3+/8Wf/sX/707/p9f/qjP/O3/KN/0d/9xx/8mX/pt+uHf8z+n/mX/lOrh//Mm7/hv/4z/8u/oPp1/4df9Rf8C5/9h//Mv/f6r/pHPvvkp/+9v3Xvj/3FP/lfrP7FP+bX+5V/3bz+E//eT3/l3/Xf/l+f/g//x5/06/zNi+3f/Nu/5e/6Rx//Fv/k3/F3/2W/6z/9e/45ydkv+Hf/1z/nNzn77f+U5He7/+2/Nf3n/+C/7Nc8+y3/lE9/t+//Ad/52/7QT/79T6/SX+tn/tHHf+idT/7qf/i3+s2+8xv+icd/zO/9m/3HX/7Gf+TFv/Yn/QaH1X/0m5/+xn/lD37dn/g1tv+xvd/tD/ktzv/wN7/Gb/43PfvtfoP/9dd78x/9lr/97/D0V/yvf9xf9G/9y3/JX/Vb/bL0p7f+pz/q1/wFf3P6p/4uv8Gv8Ut/v7/rz/kXPn/xY//Hv/o/vf4F/9ev+q/u/Ka/WfrP/K6/+//4tzzP0n/o83/kz/z9f/H4Nx+d/b2/zm/25138Nv/Wr/+b/QW///hP/W3/jP/pf6yv/7Bfv/4r/uw/5A/66j88/19+4hf8W/u/wY/9Bv/TH/gL/5Ff8fv+Zn99+hv83+M/8+989uL6P/6r77/5jz4/+vf+49/9N/gN/vrf8zf+sb/oB//IP/X7/1M/9pf+th//U8Xv8+/+rX/4b7nzH/86b/6pP/Q3+O//4d/vP/sd/4HkD/h3dh/+jb9W+zs2f+eP/1Ufnf2e/+7/fvZ7/sb/1O/3z/6Gv+af8Ncdn179k7/qz/7Vf/4f+u9++2fOfs//9V/4J3+dF3/Wxe/8W/7Sb/3df+5v+A/8s3/Y9/68+iD7S36b3/L/+rv+88e/7c/8ST929a//ey+e/sr/6Ff9mnd/y1/1r3/3L/yj/oH/5s//df6zT//Zf+xv+Ef/xdd/24Pf6Z/8F1//zp/+7f/Jf/mL/6rv/db/8y/75/77w9/7f/99Hv69v/f//k9W/8Ov/b9d/wf/7K/9G/7Pv+wf+f1/n7/u7Z//W/6z/8Af/Bf+mcVf+Ov8c3//7ze79x//h7/y3/6Hfo9f/Xf+hv/2l//X//Kvv/u3f2n6j/+dxe/8G17/Db/y5W86/w3u/uAfefJnfe///lP/mr/94Nd79Jv/tn/Bn/O3/6O//t/1ncXDf+F3ffriwc6Xf+rf+Sf/dX/KP/T81/g7PvoFf+pv9F/8Gr/P3/wP/Ll/9D/3bybJ7/1nfvu7/8C/+xs++c//t1/zn/znPv5b/vrn/9aT3+L3+kNe/CZ/8uyv+Jd+/b/xn/73rv7CX/rgT/tH/9Fnv/f968u/9P6v/Bf+gH/z//gj/s1f/uf8Letf7+CvOf9lf9hf+l/8Lv/dn/NbzP/53+aX/OQXk9/o92v+6oPq/t/1V/2u/9x/fP0H/ZIv/pHjv+2v+GO+2Hv1p/62f+M/9jP/1r929p//dlv/0D/wOx3/5n/9b/Wf/BF/7Sf/03/43/26/+Nv9Gd+MflNf+HBH/3f/Gm//n/6T9e/9l/xyT/0a/8p//Af9E//py9nD/7C3+V3+U9/iz/or/m1D7765/7jf/eP/fP/u8/+6D//b/t9/5EXb/6H7OPfdfuf+xd/mz/rt/1v/rG/8+//U/7iX/97P/ZrrX+NX5j+mb/ZP3L3F/3Y75R+8Vv+mo/+o//gX/n1f8M/+K/6XvUvPPnb/uJ/9if+4dmf8Qf883/Oxa/x247+sb/l7/vNftlf/J/8B3/P/l/3C2cfT/+7P2f9L/5Fv+D1L8j+yH/q7/1FD/+Zv+F/zv7Zv/OL3/M/+w9X+P3in/1bf8HqX//8377/F5fXZ9/67i/5077/W/7Pv9Ev+m7xF/36/9nf8Pv90b/vP/l//PL/4lv/ytVv/wf8OrP/8PBv/93+kt93/x/57G84Pvj3/oPF9/6x/+C3/fd+wT/z0f/6H+1/596v/x//s0/KP/jP/Y3+hPRv/P3+oZ/46d/i2bf+9v9iNPsHtv7iv/bv+eW/3l/19C/7S0Z3Jn/o7/XP7H379/4N/t1/59d4/g+9+Y+3P53P/+D7f/o/97f9UXd+pz/sr/yN/7y/8f/4A949+A0//qua/+jxH/tv/2+/9MX/cfA7/i7/8T/26/8+B//io9/kz/u7/rw//j/8z/+x3/D3PviJ3/Cf/1f/lT/oz/yNd3+Po8X/9t/+iV/+2X/nr/kv/1O/zv5//PqX/3f/4Z8zuv7f/tz/6Z/+M//d3+Ptf/ro9/yHPv6//4B//m98+nv+b3/i7/1/NL/L7P/6tS8P/u+/+Y/8n37T3+SP+Cv/zD/1x/7xP+XP+L8//ku/f1T+ef/Tb/xP/st/4h/yL//7f9Av/uLJn/XdJz/5W013v/tP/PSv+k//9vFf9W/+1//wn/XbHv/0j/0Bf/vR71n963/3yT//+/6Rv8HT3V/z1V+4/Qf86vyT5Y/9n3/Agz/+d9v6o/6av7o8/dfST/6Zf/hvefvX/8F/5Rf/3Pjv/Y9+vd/it/513/3bv95f8Xv/ot/+D/hbyi/fXPz2/9HDP/T5d37t83/su+d/7W/6H/wuv+uf8H/9Bn/qwf/+4//Yv/y7/BV/0O/8W4zLf/Tve/fP/Jb/+B/37/7R3/vXmqfZ3u/1p/9D/80f9j/8Yf/uD36nO//p7/R7/bq/6h/4dX/ZT/5dP/Yf/Bsv/qDv/gt/2NUf/B//5n/by/TjP/6rP+N3Xzz6sdXvNf9nfu/f4Pd6/RO/6+yf/fVHv8Y/8Lf9Sb/B4vf+d3+d/+Xs9R/8p/+lD7cP/q17/9g/+W/d2/qjfpvf+X/473/sf/ylv+SzP/QfufPvvfpr/6m/6C9a/Y87ye/+6/ypf8iv8w/845/8Rdk/9Kv+g9/gN/01R3/E//1r/Ke/89/4F+e/0b/+2/4ah4f/2cXf8yf94uk/Mvs9f51/6xf/7r/O7/PL3+7+U7/Jn/bbZt/6bx//QTu/5b/6H//Bf/inr36t/+zfPc1+nd/5l/9Of/c/+u/96U9+3b/vz/q/zr795R/0L337o1/jp//U/+kfPD/av/vH/Cf1H/hTv872v/cX/jZ/zfx/+Kv+2r/rj/kd/pNf+/DXb/+2v+1v/+P+9n/qn3g0O333l0znf90f+vf94Nf9o/7JH/vn/tuPfv/f7+G/8If+u//lX334Yvb9f/bX+Xv/3V/4m/9Rv/fvePbn/Z/p8+mv/EP/on/m3/5Nf8GvtfxDd/7MPzL/Hf/PP+e3rkf/xH/3l/6Bf/c/8Vv8AdN/+8d+4V/0S/6XnT/yN/1z/7j/8ff8rf7zP+jLj37qL/11x//3//QLf+f/4L//8jf7rf689BeOfrfRL3z4i/6RP+yP/lNe/2P/+O/+j//jf+Uf9cXv+Zv+d//iv/XrHz/9vX/vp29mf8pf9V/9bj/2Ez/xEz/2l/1mf/of8JO/+a/++Nf7s/7HH/uj/5D/9Hf6H3/s7/8jvv9bT978ls//71/+O/x2v/nlb/IHfv+P+Z/+3t/sT/jt/9vv/zVnf9A/9Hul/8v/9L/8T//zn/rr/G9/1G/Z/su/8k9491d++W/8F/ea/+m3+u5P/YNnf+Tv9jd//Fe2f/L/8hv907/1g7+//RX/yKe/x/3/8rv/9n/7b/2ff8M/efjnjdb/yc/8KX/NP/4P/OlHf8bfWf/4L//L/8KHf/9f+X/8XX/Sz/zq69m/++Unf/v/+fHf+fv+c3/V3/B//0t/7nd/8l/9n/7mf/HffvDTb/+Lv/r3uvodfo9f8Tv+3n/j//LHvnj4J/3+v9+/+8uvf42jP3TyP9Z/8d/4r/7Pf/K//Auf/5t/wT/3G37vb/r9zv68Ly/+1V/wY3/Zr/vgu4//+3/jz/+Pf8W4/GW/X/P52f+4+vt/wW/9W/wrv8Yv/ep/+esv/qbf/O/+V47+jBf/+2/+p/3Kv+4X/h/r3/Bf+7e++I9+6b//19z5Z/7yfzL7t/7yi18x/rV/8T/8+vs/89WD03/30fS//LN+p7/97q/+0//N3/9//7/+j79y/B+8/v7f92f+lf/gv/Ny9R/nn/1rf9t//8v/hr/48c/8+PxXPtv51/6P/+Vv+lP/wz/8X335P/6ezX//J/w9f93bP/U//gP/+jv/7a/+DX+XX/3wyWf//N/y+1/8Db/v3//wv/1v/vm/+9f6l5Nf8+J///Hfdv9f+P3/4N93/PgHf+v0l/8X9//Uf+Du/Pf+P//6X/KP/tl/1n84/sk/6vf95/7Tv+nz/+hf/AP/iv/mX/lbn/+V//s/ef0bLP6e2fqX/zZ/xT//a/xxf+Yf9+Iv/m3/u3/rX//z/9pf9zf6bf/tf+t3rX79f+QP/f1/kz/643d/yORbW5/+17/Xv/jn/IV/zoO/8j/78/6oX/nJ3/A/F3/V7zn7x178Fb/RHzv+Bf/H3Z/68rf+0//oX+vfyP6cP+r3+a2Of5//7Kf+1Ze/3x/x5378fz29Pv77fsEf/Pv8Xr/B9OWLxW/xz/zYr/nv/YX/8tvf4lf/Tb/3v/nLf8Uf/qekv/ef8jf91PPf7b/8l7Lf5i/5Q/+Mv+Hbf8M//Jvt/dRP/02/+b/2X6Q/+AXJv/S7/LO/+pcdP13+dv/3b7z3t/2Lv/d/+Df9osl/8bfk/9Hv8St+z+23f/Ff+dN/2B94ufPfzv+i9bf/q9/o+ee/eXv46z7/tf65v+4f+JPO/q3f+q/4i/d+v9/mT/yZV7/WH/XLfu/pP//4+Z/0r/8av/mv8bv8Zn/oP/8v/YW/6W/yG/3rn/6q3/HX/Td2/+g//o/8h05/m53P/rz/7PSP/Y3+5x/7O39l8j+d/7PfffeP/uW/49v/7ju/3S84/tt+s9/j3/vnXv0x1a/z8T+49Yf8Nn/c/zy/95P/26+a1n9b8Zf9T+lf8+B3//cezouDyV/43z76mb/qN/oLnv8R/9ifuPfpb/M7/R2/6v/8R+Z/8l/8+/5mf/Rv8+xX/KV/xMsnH/2hv+uDf/hf+c3/6tmfOPmTftv/+Y/74/6i3+f1k63sL/jNf6vf5W/7FX/zX/xbPf99/qi/+o9L/6h/7Bf+W1/+z//3k//7j/6Ts+NPtr//k/VvevRg8tv+D5//x0++/Rcc/+affPZ//l07P1Elf93nf/Qf/Tf92O//9/0ry7/6t/3jf5s/7Df4dVZ/1u/1+/xLf+Fv89tc/DZPf8U/+vlPf/S3/rI/9hf9dr/993+XP+ZvvJi9/HX+kl9w+mN/7G938u//9n/k3/2v/+F////xzxXHf9vOn/AP/9bTn/y9Z//8b5H+87/3s9/w+P9K/pHf8fNf/U/9Uavkv/yHfuzX/Yf/4P/jt3z0D/+xv82v+ev/8i//rp0/b/J//4f/+r988Of803/dH9n++3/b7/g3/aJf/s/+Nb/Gn/jVj/1pJ7/wX/vN/vPf/Jf8nn/eH/Eb/1u/6A/6L4onn/waf8tv+C//4r/izn/6K7/9B/wfv+C//gP/t89+i9/hzr/6E1+ufq1/69f/Vb/lH/zb/75/zvwf+g1f/kEf/d6/ye/yf87TX+vVwQ9+veq3+IP+t3/wX3r56/wX/9Bv/n/+goN7n378Cz7//uLX+pn/4y/9d/66v+mn/uD/9Px3/W3+qT/l15zWf9xf/hte/ze/5vlP/gm/71/9b33rn/uFs3/uD/8jmn/45G/7l37r/Kf/2x88/IXVb/yHHvwrb//jX+sfevQX/cd/8585+vd+i79n//f+w5u//ou/6bPsH/59//sf+zuTf/SvX/1+v+ivvv4NPv97/+R/4G/4i/7in/x1/6c/57/6u/6zv+ivrP/hfyB789f997/Tf/oP/R9/7L/wm/2y/+sP/l3++t/4v/yj/ufl5C/4A58+/av+5r/i/Nv/2+/75e/2e/zzv+Kv+HXf/hPv/oif/ul/8V//V36dX/bF9Mlnf/+vfec3/2N+v9/q71r+OVvr7//1r179Zf/7n7X113/07xb/9h/+57z+P/7qP/Y//Ue2/oRf9M/+5A/+yV/3B7/jr9r6s8cv/7zfZfo7/Za/0+/w/I/+n978cT/2myQ/9uBP2P2JJ3/87/iPNr/Ov/Hm1dOvPvq1vvjT/qx/8Z8YX/6zv/U/X2S/1enf/3f/O7/Df/BTf8///sf84H9v1r/RL/+N27/tX/ut//v57/rH/ORvdfd08eOnv/P29q99+jv/ztPP/rd/rvyr/qjf+Tv/05+SHf0D/8Qno7/ub/oNn/wLT3/sv/192vaX/3vzf//v/tt2fo8vFj/+4z/+xfbv/MXv/Dv/xn/VX/yb/4Lf8bf4j3/7v/Q3/y3+hj/ue3/TX/SH/eI/8idOfvyv+p/+mN/gf/yxP/P/+A1+y9/9d//7fpe/4C8e/a3T3+S3+xv+q//0n/9XfsM//K999INf9LtUX3znN/vd/6zf4rf4zX+T9d/++/w9f/H/9pf+4//WX/H7TP6G3/Af+g3/nX/7//wl3/tD/tDf59/5j3/zT7b+gT/wb/yd/4TRP/bnfLL1H/9t/9ROlbz57j/xyecvf8n//ZeMP/qPf/q3/t3/iP/9t/1r/qhf57u/4je6/+lv+pf+Q//u+Df89i/8zj/16/1Rf8Rv8/uc/JF/32/xH/4af/Zfms//ur/8H3/zt/+lv+rlL5n+33/2t9rt3+Vf/A3+xT/wL/vjPv01/4M/8B/6c3/83/uxf/Lf+4t+4tUv/58//V//8j/81/3FTz7/i369X/y//8T+r/3kzi/9zh/z1/3Ru8+q2R9w+B+frh/+z//4v7Z694f/3v/aH/gn/aq9v+PHfuxP/J9+o+Pl97/40z768b/66J+Y/V4//uefzn7D79/77Jf82r/hJ4vF33r69/wXf8a/c/7v/Bn/07+097f+a//kJz/1L/19P/6b/4vZd/+2/+27v/Wf/E/v/hF/59/7N/0ZH/8n/+Iv/M6/89v9V3/IP1e//N1+yz/s1/z1ftMvFn/ZP/af/bX/9x/+521fJn/xP3L8L//D/1P+Pz36id/qN/xrfpff/Xc6/qf/9//m0ezX/vYf8Sf9cf/a+pev/zWavvT4n3v55Z//1/21v+7Z7/gXnPx7L7/7/X/y27//97/7e33v+9/9d3+zP+VPfvT7/Pp/yt/wm/xjf9Hv/Gtvf/vlv/lr/Mf/9Mvf5Oy7X3734hf82//Sv/fy9/rev/nv/UtP/sNvf/5v/nFl/lf9nd/+d/+Vf+of+ad+z3/22//uv/RPvTz7zf/nx//pf/6v/Xbf+ZP+2F/3t/4TsoO/9Xv/zuzFv/zTv8mf/A98+guP/8p//Tf/L36Pg7/xdzj4p/79s+//kpNf8tn6s+0f/yXbf9sf9s8/+Jf+jezPeLT1j4zWv+uTf+P8v/mv/uof/9t/o3/pX/nN/vs/4hf81JOn/+Kf9Nf94X/Go/nZs9/rYPTr/T2rf+lP+ld+s+0//k/6V17+htt/+7/86tffXv/Lr37T7X96/kf/G3/4r/3X/pV//a//l3/7r/4j/4zn/9ivsf0b/8n/yrd//e2f+J1/fG/0G7e/0b/8r/wGd/7jN/918Tv+9n/Kv/zqd9n+jQn69m/+O//4j7/5J7/9O26v/6VXv+32r/iXfou//o/9236dP+Iv/wce/Xkv1v/Vr/Xf/O//za/33/wR/82z/2Y1/9v+9n/9b1//a3/7+l//23/Fv/Yf//Inv/vi117/V7/h6tf8g07+6l/7d/51/vff5Lf/e37zX/5r/Vc7/9Jv+l/817/d7/Cn/PHt9t/2y3+b3+f3/rP+2/mf+zv+V7/jn/32vy5++9/7dyje/re/5//4e/4tj36b3+NP2zl4e/ST2d/2B5zu//a/w+v/+7f6Y369//tbf8mf9Vv/kl/6m542977/e/0tf/bRv/1P/Sd3v/XT/8j5/P/6O/6e/+g3+33/lj/p9b/xh/zdv+cv+j9+u9/jn/gT/+cp//i/r3/9X/0n/7m/xa/1F/6tf+l//Gvf/yf/i//4yb/xX/zHv8f/8X/8mg/f/Vu//p+8Xv3TP/bn/Sl/4LudB7/pF+/+mz/q19n9F/75k+8+u/8f/zrlL/yj/8h/6n/+t3+tf/DX+KP/xO/+SVv/2Mmv8Y/8Zr/wN/+3v/dH/kn/6X/6u/8vv+w3+M1+nV/zb7n+p07S/+Wjf/Af/rG/8R8++S3+uKe/9J969cdVe8Wjf/Dv+i1+s3/pz9j5V3/iz/it2t/7d/vPH5589wf/+P/+xeu/73/9q/6s//JPu/xr/5s//Mf+6X/vZ77zk7/4v/yr/sG/++J//LE/9k//j/+Mn/z1/o3/4N6f/+d995/+C/7BX/Hf/Z+/6V/4l/1Rv+Sf/tP+vd/w7/wL/85/fu+X/5+//cN/95969zf/87/Fn/mv/w3/1J/43b/kH/x9/+n/49/+zn/3+Sd/81/41/1jv/Rv+i1+9d/9nf/un/zW3/wX/jX/2C/9q36LX7X44qO/5d/+p/7Jf/aP/T/+qWLnf/9X/5x/9eNfVvypf9Cf8nf92b/2P/gn/JX/2A/+4NM/90/7ld/+G/6p//lP+Vd+69Gf/4t+2V99/Xv/nb/87/3nf/CtX/w7/5XvvvfL/7yDv/E7f8bv81dX//Vf+gt/q7/gb/sXv/VrFX/jb/m7/yv/dnr9G/47/9Ff+LfOfuVf+Pf9Uf/do/Odv/N3vvipv/F/uT/77x//LQ+Oftu/93/7J8vD33v1q/6HP/buH/rs07/2r/6b/93f9M//B+r/8T//N3//v/WP/zP/rl/vH/vvD37f3/sX/YN/9y/5o37xH/i//C9/3T/yX/6m9//CP/Fv2/2H/tR/50/+jf/+3+M3+hu/9Zv+jv/3T/9z3/4P/+o/5W/643/NV//Cu6f5P/iX/qZ/4l/x+//Wf9fR9l97tGx+/z/lP/1NX3/+J/6Sf/Bf+3Me/NOf/2ufP/4PfvIX/s9/w9l//Oc8+cX/zH/0Jz74tf/H3+FP/dX1b/X23/xN/sO/7Lf96/7HX/17P5z/kr/33eqv/Ef3ftX/Nv6//uI/79/5K/65P/gq+Ut+24vn//W733H676R/z3/0U9d/+j/0B8z+9N/7H/rr/t3f/Xf8qd/+D/jL/+N/6U988OP/zL/0nd/iu3/8//Irf4c/44/4k7//T331W/0bf8/f/8X/9Y/+b//0svoffocf/zN+3V/1l/zpv/bZX/rP/ruP/pv/5O/9V1//vh9/+R/9Nf/zb7P4r3/F//CHPfm7f+O/+W/74yf//u/8x/5zl7/oJ1f/7Z/86Bf9Y+/+o3/+Hzv6Zb/8t/jj/4bv/Yb/2f/5275tvvq3/qo3/+Of9Y/86w+Of4vv/ro/9bf/t3/Cy7/hH/jjf9N/4n/7A/643/Sf+AP/9H/49/7V/+HfVf1TT//aX/I3/vv/9oNftJr8I8Wv90/9Xb/D/3j1qw9/7V/n3j/0h/wH/8dP/4l/9H99kvz4b/Qv/WPvXv0dv9v97f/7Lzr4+5v/8c//N/6w9Nf7vd/+K3/lb/rb/hF/yO/yO/+Fv+3/9sf/Df/Ar/i9/txf8xf+PbM7v8/v8ff/c7/GL/glv+P+T/89//uv92/8Xr/hr9j+6T/93e/2W/yXv/gP+PX+x+s/ef3P/xsnv/i/+nXbP/XJ35n+xb/g1/u9f8X/Nvt1//1//8/9G37qX//9Dv+Uf/jXeP3r/zX/y1/5e/5v3/19/8B//Q/+29uv/tU/4pf//s1/9et9/8cuH/wWf8yz5//JZ//Nd36Lf+yz//3v+69/r98uXfxd//X1t55+8mf/Vb/WP/uP/NU/+a/+ev/73/bP/Cl/4hdf/bu/1x/xnd/+9/zd/+N/Yf5P/puHv9n3/9mn/+ov+g2rv/CP/Nbf9o9e/o2L//1f/p//jr+n+Nf+8F/zf/3Jv33x3/23i5M/4Itf+Pv+sf/uf/W//+B68vs/+c7Zf/Q3/lN/w6/8g3/5vR/7lY9/8Nf8J3/Ev/FX/srf/Xf6A/6Q/+Dv+sP/4P/gu//HyVd/55/7zzz71q/3g3/qN/qPyv/9L579T4v//Nf7R/+dv/ivefQL/5o//rf/o36X5Hf9E37w9/2387/i7/0nf9NfcP4HffSH/y5/7bN59Tf8Lv/zL/gV/9s/9fQ3/Vt+oz/ud/jN/qvf/d//JX/+jzWffP7f/RZ/07/8P//ef8UXd3/VP/zr/Jm/8A/4Ff/17/NHr9Jf/2/+g2d/fPVP/2//25/wJ/6P/M8f+Cv+5/w3/s//q//t5f/1t/7F5a/8r/7s/2v5r/15/8Kf+h/tPv3kf/xLf//qt0+yP+iX/nr/27/9r/8vf93B7/o//q9/1c7/+TO/239aFP/e3/7ZP/pHLt/92f/Ew1/+L1/97v/Zb/QbX/1XD/+of/bO5e/xV979e/+Bo9/jL77ze/2uv/V18uYnP/kN/t5//5//lf/s37Zop//XH/VP/0Xf+0f/r//l1z7503/RH/wL1n/l7F/4D/+mr8q/6A/8vf6rf+/en3P4v/1fX/ynZ//X77648+ndv/O/+J3+0L//T/rJ+V/53fX//vf/A//Evbd/5t/3D/7kP/+P/e2//O/+K37jv/TH/vk/8a+dvPud//M/7u/97Or5X/s7/T5/6sv9f+zXyP/t3/Hv/XVf/PbP/o7/4M/Y+aN/lz/sV/42f+3//tulq394/tf+W//Kv/Qn/Lnfu/gnfuNf/tf9lX9m+y/9jg9+o//w5aP/7W+4U/wj/8s/8Df8ysVf+gu++Esv/ohf/7fY/turP/NP+iv+s/bv++v/4P/h5d7f94O/6Df87/6nF7/P4fG/+/f91T/98W/0/E/8v37D71e/wW/xt/8l/+Zf8e4v/9N+tz9g+xf/sX/H6Pzvy//T7d+x+rff/bP/xPf+1//wL87/+3/5s9/k//y1v/iNdl7/HT99/9f+nT77M45e/ta/1V+6+sE//ew//cMOm7/gt/4zfrfr3+jf+RNf/S+f/Xb/4h/3u/+No7/w3i/+1/6My//83/rr/40/4y//x3/T1//FP3n1M//SxR/05/1Hv/zfbX/1//Kn/HV/xsm/8Sv+2X/qd/xdf7d/a9n+Hndm0//i27/Nr/3vnf3dj/6qj/+zf+V//d/e/C+/+W/2t/yPf/f/+I/9o3/bb/1v/42/8v+c/47/63/72/zVjw9OftH/+l/+qX/13/j7/znv/uX/8hfuz/+E2V/1x/91P/glX4z+9upX/bX/9t/0W/7Hv/xf/bHf5cWf+w/8g0f/zp/z33z3yQ/+y9/g8/Hf+y/+NuNf/elvlD78l/7x/3bxW0zT9jf6TX7DX/u3+sH/8ecsfo/f+9Vv/ZeO/tVf9Mv+l+/8W//hv/iXfvLb/Uf/wR/zh/05v/E/+uCvfPz7fVJ/8rv8CX9L8at/zf/9T/klv/zh96tf53/4x9Z/5Lf/kf/57/1Hfo1P/tpf+tf9c//D//xv/VuLv/zf/dN+qx/8Dv/Cv/2f/sWP3/2jqz/l17z8jX7T8t84ulz8N7/Nr/7b/7tP/4HTf+ffevQf/BP/86d/wt/5i/6+P/4/XfxO1X/6D5Z/6W/+tz395K8t/5K3b37fu//1X/72L5z8Gn/in/Din//PftX/evjb/lV//P/xl/yRs7/hd/rTfq93k38n+4/+4Xd/w/p0/N0f/1d+/8/+ir/q9/w3xn/967/z43e/+S/5vf/Qf/N/e/ev/JX/3m/+q36P3+8f+Dd+h0dvpv97+9/8UT91fPnFH/Pmf/vB31O8vvyf019761/69Lf7q/+C51v/zf/4z/+v/9Vv/D/+j3/9v3z1O/1Fv/y//1/O/rfv3P2DfuVv/I++3fvexV/yJ/7jf+zv/x8+/NNf/7ev/vZ/dPpv/eK/7Y//C45+z1/7T/5j//f/4R/+i/+53+XyVz3+zu+490t+8R//N/21f8vse//0T/3vf90f9i/88j+4/a2Kf+ff3v+1Lx/+vf/q4d/7N/43v+GvXf53v/C3/5W//3f/mj/ud/nDTn7JP/3L//g7f8z//Df+67/v3/o3/tU//fmTf/tv+MOe/Xr/1O/8O/8Du3/5X3q9+vX/uus/6P/6Q37NyZ/1Z/3M8/y3+/P+5N/nlz87OFj+Tb/x9/+hv/d3+5/+zz/vF17+tX/P7/mf/er/+Sf/+L/zp/++r/7Tv/5//7//8q9++pc/u/zHf/Cf/sG/4Ff/X//KP3lS/eLf8q+Z/FH/y//8CyZvP/n8P/pD/qW/5F/6y/+gJ7/7v3Kx+I8ms3/n93377/zJ/9OfdvTvPPpd/5Zf9pv+Xn/Xf/MP/Yrffes//h2SP/r3+94vPv3rf7fjX+voH/+nd3/P3V/79/5H/8n9//6v+Ft+wdnv/br52/60/+Af/cP+uF/8nxz9Q/k/9Yt++fODv/9n3vzF/+1v/Fd9/9998/cn/8Zf99/8jb/z33D6J/8Jf86f8Pf/ov/73/wd13/ar/l3fPzf/c+/97/waxxu/8d7v/yX/e/ND/7lf+lv+uLt//7mB7/Br73/03/Gf/kbf/Wv7/yef++v9X8++V3+0v/gP/1H/8S/a+e3/4/rv/yPmfy3//Bnv8kf88/8/n/v+OyzL/6SX/fP/ct/88//qN/9j/xb/4et/3P+D57/yc9+27/xt/0Xt37n79z9B37pX/+rfutf+/f9Hf+EfzB793/8+3/rf/6b/m+/we//J/71//ad/3S683//D//l3/jL//ff+OLff3L9l/yfzz77bf67O//nf/An/ysnf8l/+Sf+Gd/9sf/pjyz/qE/+hP/2t3v+ndVf9nf+fV/8wj/j7l/1lz382+7/7m++/J3/mf/hD7z3l2z9gX/53/iP/tV/6X/29/9Tf9X/ubP4T3+3f/m7J7/kT/83/uv/4Tfa+aP/jb/gX/ot/sM//7f7FX/3X/3uX/+3/5rFr/dL/oo//0//Q3/D//IPv9r/X7+490f/gt2/9tE//2v8w9//O3+D7X/77T/7b/zkv/Rb/4f/xsnV7/Du13/0u/yZf9e//k/+8r//Py+P/9F3v+E/8b2d/+AP+b//6e3/6j/Z/7d/1X/4l73+B//2dPm/XfyDf8iP/9rf/rf/ld/y6C8c/Y///X94/Y9Of/p//5P+i7/q3/wzH/2Rv+u/8zL5tf+83/6LP2D/l/+9v98f+Hf/F3/RD/6nf+ovaf6GH/8F/+Ev+2v+iOJ3/B9+3+f/we/5R3z33/1T/oPtH/z7f+Gf8T/9NX/Df/Pd3/XX/uV/27/+W/4b/8Df/sf+5Lv/9Ve9/V1+7b/r71r/a3/Gdz/5/f+Z3+9v+jv/xH/pN/+7/7d/9dt/xb/56/2r//t/9yf8C3/Q47/gP/jbftvv/cM/+FX/0n/8rb9r9N//u//TF3/zv7H8a//K//PX/JX/8r/4P/3N/9V/8Cv+5LMnf/Kf/g+fvf1k51f9RX/O/Pf5h3+Tf/BP+0W/6u/6md/3aPx//4t/ynd/k9nfufsH/TerX/mP/D5f5H/m0//k0T9w7/fc/veXf9Gv+KN+0X/6R/8+/+R/9pf+2//LP/EP/N9/yP/yZ/+G/9Ef+i/+Y9/59f63d3/vX/Vn/pq/39Fnx3/gf/J7/POz3+azf/6Xbl0tfod/+z/6faZf/YtvfvCX7v6lv+i//id/81/vr3r4F975836PP+vZr37+ezy/8zuO/sH/4D/4P9Zbf9L/+t+++eqv/T9+l9/0P/yFv++df/H/+q//sV9j8bf/lT/9S/+vv+z3/wV/++QPmv7Df/Ev/Gr7X/w3/oI/791/svgLv/eT/8jf/df8x//kn/73/mcX7Zt//Orv+if/wb/+t/u9D/+nv/9v+avrv+t3+1veTv/J//YX/Uf/4a89+pf/j9/6H/81fpf/6Om/+au+/+a/+om/4i/c+e//o7/zr/lvfvO/8r/83dr//U/f+f1+8tf87Nf4h578SX/U//X7P/qD/5qP/sv/+xf8O7/V3/f3Vd/7Q/++v+8v2frdf51/6B/+te//0f/H5T/5f/1ZP/bRizt7//df+C/9hr/mv3X80f/8B/26v+f/8Of90t/ro//lv/gX/u9f6x/61d/5Tf4f8J6/QhfLAgA=" />
        <Entry handle="36" bytes="H4sIAAAAAAAEAO29B2AcSZYlJi9tynt/SvVK1+B0oQiAYBMk2JBAEOzBiM3mkuwdaUcjKasqgcplVmVdZhZAzO2dvPfee++999577733ujudTif33/8/XGZkAWz2zkrayZ4hgKrIHz9+fB8/Ij4/e3bwMPsffq3f5Nf4k3+NX+Mv/ov/4r/kL/lL/u//+//+NX6NX+N3/VW/zq+BZ4R/8P2v8Wv93X/an/hX/7P//W/6l/55f9u/88f+rf/B3/erf9M/4j/59p/xX/zRf8V/88/8Hf/Db/hP/i/P/83/9Y//L//33+qX/1+/6W+U/JFPP/qP/qjHv96f9nv9nj/xZz0/+iv/tZ/e+WP+tp/+O3/v/+Jv/3t/49d/74u/+ff5vX7BX/Ev/nefrv75P+JP/If/hx/8eb/04+m/X/+9/+G/8yv/tnvf/r3n7/6oP+uv+rv+qX/rv/rffoPf/s7Ds9+nuP6j/+y/+u/+p//t//pX/djv8K1H3/mpn/7BH/Pn/DV/zz/z7/w3/3vyO35y+Ht97+0v/mP/3L/27/1n/93/9lf/hr/T6PHz37f8mT/uz/vr/r5/7t/77/6P3+h33v7si+8v/vyXv8avcfj/AMS2wyXoAAAA" />
        <Entry handle="35" bytes="H4sIAAAAAAAEAO29B2AcSZYlJi9tynt/SvVK1+B0oQiAYBMk2JBAEOzBiM3mkuwdaUcjKasqgcplVmVdZhZAzO2dvPfee++999577733ujudTif33/8/XGZkAWz2zkrayZ4hgKrIHz9+fB8/Iv7vf+v//o9+jd/sO8/Onv0av+av9Wv+Gn8A/fdr/N//8W+Sn74rzn+NX+OLL36Nb/0av8av8Rv8Gr/+r/lb/Bq/Nv32a9J/v8av+Tv8Gr8u//5r/BqTX/N3tL//9K+5pW1+LfpnF//+Gr8T/b/+Nff499+K/v8n/JHFr/HraPu/jP7/L/0av8lfQT8+/s3Mz+NZNcnTl/OqrZp5tUpPXt9Lv1ssZ9VV82vs7ezuPNr59NHug5R+2f300f4+vfNr/Np/0a8p/f7f//ev8Wv8Rb+Whf/8L/q17e9vfw15fr1f89dWHH89fxy/5i9w4/g1f6E/DqKJwvg1x7+Whf0b31V431b4/DOgJT6jT//v//7X+I14TL//yRe/xq/1f/8Pv8Zvwn/9GrM/iN/4d3+NP+zX+I1+g9/gN/ix3+A3+rEf+41+898w+Q1/89/6N/2NfqPf9Lf+7X7L3/K3/i1/y9/uN/+N+NEf8efX/I1/w9/wN/5NfuPf7Df5TX6z3+o3+U1+k98K//wmv5W88pvfBsD//Q/9Gr/5b0Akev5r/5of/Rq/1m/+a/7av/mv+X//+zTUX/f//sd+zd+DsPx1f01+dMi/Ng3u1/l1f71f/zf4seQ3/DW7XxLNfm3z5W/2a/yav86v+Wv/Wr/Or/Xr/vq/3m/w6/7av9E9+vI3/7V/nd/1t9j9dY9/IvstP/pFf/Der/db/cl/8d/85Md/t9/61T88ubdf/yH/8smv/7v/Ka//p//4f54293+bv+Rv+UN/4dM/9c3s9B/5S9tPf9t/5av/JP9f/tY/7B/9V9f/6S979vGf9pf94X/bn/6P/Wv/2S//y//2f/xf/89/xU+eX/4Rf8Zf8Xf8E//Gf/G/Pvj8uxdXf+Sf+Vf+nf/kv/lf/srf/Nf4tX4twvbXYZx+/V/v173PKPyuu7/Fr0MY/KKPfstfd+8P/pN/K2DwD7/6l/+ne7/b5D+u/5A/5eT1bz1t9v/n3/3XAwK//i+8/4/8K4TEX/rbzk6/+rTN/xOLwjAGHzsU/u9/59f4jX5t7vM3/zV+j1/jvxlt/9ovfuvf8S/4sf/rP7/8Kx79l3/E/u/15/2ev/Y/91f/eu1/+Xv+9u/+1v9o/Nf9hb/sp37FX/w/TP/xX/ZP/Yb/w7vv/dt7f/wf+qf9Pp/9g//ax7/64e/x5/4z/3b15V/3r939bfb/pcs/4t/6NdP/YfVX/4NPl//78t/5K/6HP+N3+pVf/f5/zz/z+/6LX/3xv86f8T/8yk/bf/eX/4Hrf+ovePsL/qBvv/07/v5/6z89+A/+hoN/vPi1fun/8FtcftL+lr/L7/43/R/fmk///D/pf/693/4uxa//Xy/+ql//9/0v/qZf/Of/1//D06vnf9PvOf/z/73f7r94c3Gwl/5eP/Ev/2mzf/Lv+BN+g3/8x1/m397/gz77U3/Bb/j9f+0/+fSv+Pf+2/82/8nf41/J/4jf8+6fea/6l//vX+MP/QP/69/jz/0/fvnv+Iv+ol//wdt/65f+sf/WyR/8f/yHb//sO3/p4/P5t3/B3/Nb/8//9K/9F23/xn/d1X/xJ/0Z/8S/+Ov/zz/55/2Tv8k/9Yt/l3v/x2/+n/5fP/lPf/l//0v//Q++98lvs/uP/cF/2x/yi1d/1R/wt/y3W//k/NO/bfLpn/Iv/cb/wr/+b/3ty7/w3/hrF7//v/IX/nd/8Z/+B/6X//gP/p4/aPpnT/M/4/4/t/pTfve/4Xf8nf+H7O2f+9/Xv8df/of9yn/gn5y++S//reNf/Of9Q//pf//2p6tf9uf+r7/0T/g7fslvdf3XvfpnD/7kr37Bf/9X/yPf/Uu/3P07/rNf/ud98df9wn/2r5v+hW//+T9xMf3X/4D2f/87/oF/8V/5Pf6V6Z1f8Uv/yL/2v/5r/s1f77s/+Xr8jzd/3d/25/zZiz/94L//xb/n9Pf99/7a+V/7S6qrv/qL3+Uv/z9/63f/2z/4l/6f9//a7K/7617t/ru/92/1t3z6b/xuv+bf/h/8tT/+/f/g3/0d/uI//b/+t/7333/9+/2lf+4f8Bv/mQf7v/1/+Hf/63/7P/83/PN/w8X/9uyv+t3/mW//t7/oH/jt/sl/9FfO/tY/5Pi3/e4//OA/f/g3NL/Tf/df/+P/5K9zuF78W7/67t/+9/6+//z/9X/+G7/H//W3/LF/6O/1L3zyF/7e+ZP//d/7t/6qv+v3+bv/3j/79/tnF+s/rvrfvvyffnoxX/yP//Tb3+PF//y3/xsHf/c/9pv+e+f/y/949uf8kuRP+9Zf8scsf9vv/uS/+zv8vr/P+Bf/Of/K//1r/Jeffesv+JVffflX/6r/4E8v/u9f4/LP/O3/9N/47O9f/41Hv8v/+Jf+Qf/qH3x9Of7d/vZf8S8vXvwdf88/9e/8u//uf/1T/83v+Lf8cz/54L/+N3//v3L6P/y1v/wf/Mv+z7v/9Wf3/+Zn/+q/+tf8kX/zf1/+Lf/g86e7/8C/8Tf/5//u1e/zq/7Hq7/8u//qs1999Mnuf/jH/XOXf8ef+2Of7n97PD78Y//82f/+5/6Df8cf+Sf9t9u/25//+I/4k/7Iu//si9/yP/ndvvsb/Nb/yT/9J3z8R/2W//Jf9r/8bv/kt36Lj//PP+Yn/6XvffzyF/8zv8l/2C7/ja/+r9/8e3/H3/XL/8D/+1/+7/+8X/Y7/FqP/9R/fXzn5F/7s9N/5m/6r375v/zbnP9+X335T/01f8/y3/pn/uy//b/b/4PHf/N//+CP/ME//3f+8j+++iv+xX+ReO/0n/hn/qm/88H23/hP/G3l3/9X/BX/zv/+h/52p7/1w7/tz/8zf+q/+N//xsP/+9c4/uo//Bf+71/jn7jz/dM/8+F/9jv885f/2r/z103/2X/nl/wNv+SPb36X47d/7v/xn/z0r73z183/tr/l7t/06OS//5v/h3e/8ewf+Of+yt/7v/8H/tRP/5pf+Nt/9s/+wq/+wF/5f/8a//r/9be+/KN/n3/1u3d//K9ef+u/+uv/3L8ua37qV+V//S/8jf/xv/Bf+H2+/Ov/h3/3b63+6v/71zj5t/6Gf/1P/gP/uz/nf/glf+Zv+zv9If/I7/Vv/zeLt3/Bv/jlv7n9l/yDl//i//TXfP5X/J3/6l/9T/ybP/jX/4df8a3Fv7n31/4a4/Vv/O+//nP/q3/gH3z7fz777v/1p/7y4t/+Q377f/W/+Sfe/rWf/rGn/+YP/oW/5b/5p//M3/a//xWf0SD/oT/wl3z+O/0+f/Dv9j//Lqe/7k/8d7/v//6///H/xV/7fz7/V/7dT/I/sfj0N2j+0T//v379x/zSP+F7v8O//L//Xn/gL8//wr/03/hvvvsbPf/jXn36x/x3f8u/8W/9m49/8l/5tX9s+V/+g//uf1//tRdf/r3LF//cH3P2zyz/zb/9v7v+LT5++4//jX/Lv/vn/Bf/w//1vd/jP/rX/92/7u0v+/VO/rx/9asvVn/5H3J292d+8Gd87+9aLP+Je/kX1f/4b/35f+IvyH7L3/If+7Hdv/T//Ler/+tbf9eXv+dP/XH/4Z988h8Wb/+Tf/b3/Xe/93bxm/3q33nR/uqL6i//4o+v/tff+vf4zl//P/8Xf+Pf9+v9vb/7f/S3/XF/7Pf+gF+r/bX+mvnlf/87/qpf8Xv8V9/6e5/9qv/hr/s1f48/4B/55/+Pf/A/+p9X/+H/9tf9JR//O3/GX/jP/If/97/yP/z7f+//+cf8+qv/6fXe3/r3/B2/5M/64/+Av/5v/rv+xFe/8m//F/6av2P59vt/78U/8M+W//7f8uf83n/+n7n/i37Pf+F7i7/oX/sL/oU/7sfv/FPPDv+M//hv/r92/4u/+6/7v/7eX/Jv3/9zfp+/4++7Wv51f/bv/k/+4//tk3/u7/u/f403r/67n/xD/te//x/95f/kf/U3/Wv/5B/47/yBv/pv/ql/+G/97f+sX/XH/xX/xu/0Z/57/8V/91f/ZX/KJ7/rv/i3/w/NF3/gX/6/fvan/YH/7j/za/+L/8mf9vwv/Zn07V/5H/1df8A//a3f/Nf4p/73v3/vD/6rPv8v/rS/691f8Bf+2n/VH/ff/YG/96/1T/5aP/W/fvmbJP/EL/tP/u5/4c+9/uv+gb9i+g/8Gb/j7/Rr/2VP7/07/+W/9e+Omj/3v/7b/8K/7Jf/+xf/5//8+12u//g/9bf+Hf6gX+Pv/5V/x9//Jx79j1/+eFP+23//X/C//x17/+J//pf+X3/SP/oP/2Nnf+9f8sm//t/829f/8O741/r1f+vf/5//bV//G7/2H/KH/un/2rf+8b/q323+jr+p+Iv+lLP/+K//fdr13d/vn/w1/o/Lv/1v/CXZH//3/mt/8z/+D/wbf8/fuDz6Lx7+37/G//QHHh/94uqf+ifXv/Dv/PX+hz/j3/pX/74/5egP/ft/vZ1/93/4P//Fv+IP/i//p6/+gq3/+9d49wf+B//z7/Yf/2lf/tiv8Z2/42/+P/7y/yt5/Sv+2N/gf/p3z/6nf/f//jX+7I/+r3/lr/zvfo/q3/q/f40X0+Wf+1de/ZX/6d/5X3/rcv17/jN//d/+1/0ef+n6L//r7/8Df2N+9Uv+9D/h/zz8Hf7Nf+vf/+U/+Hd/5//ul/yF//xf/C/+n3/M//AX/oF/4l/4V2/9CfWv/5v/M+M/8i/7J//If+Pj/+V/+lf+/r/7f/4NVv/7H/3X/CX/96/xf/+r/+Pv9Z1/8r/91/61f/WP/jPXf8L8L/3or//r/qzZn/l3rv+Ei//y7//T//Zf/ZP/9e/wF/35f8dv8Rv8+tO/9Pf/zf7cv/B3+Xv/uH90+hf/Ls/+r9Ef8Vv8Fv/9P/gnX/+uf+q/urj+Tf+Ov/8v/1X/wr/+j/+lv/zP/u3+x7/m9/oNf+f//Ts/9St/8q/81/68X/DfXP4Zs//h1/rf/+Zf+av//O2/+c/9d1//NX/P3/ETf8u//3/9/f/BX/jL/sD/6e1f8Uue/je/0/Q/+bv/g3/g8j//3u/13/2Bf8W8yBe/6Nf+1/7Mk7/g41/51W/3v+z9cQcHf+mz3/fpn3vv3/zl7/7+oz/jn/ovfs0/60/64/7+j7767b/8V/+bX/FL/7Of+q3+ld3t32b2+ovf4y//2777p+78I99b/GlHf+Znf9a/8O/+H//h//bd737/T/8DH/xff/zv+3f/E3/k7/e//6G/9//xnT908Xf9Tb/tHzr9s/6b4n8/+r9/jWd/xg/+3N/j7P/4Fb/XT/9x7/6Sv3L5Rz76O/7M3/zf+7uWv+j/+lf+zH/7n/7D/oH/fO83uPcn/jV/9K/6O//E3/o3/e5/9b//mf/in/2f/FO/W/a//Hu/tDr7E3/b/+Gf/d//ht/5xW/0z+W/1e/7f/6df+5ff/1L8j/pf5z+of/Of/nV5//j4b/1137ve7/oz/nv/t3dX+/wsyeL1W/1e739Xf+2l//Nn/u9v+5v/ju/O337D/7b//X//Ws8/AP/j9/iv/5NDic/tnOd/B1vT9f3//U//4/8xevf4aOH3/qtfuGP/QP/4YP/7ff/3x/9xX/hv/6XtX/Sf/Tn//mz8Xf/l1/8i/6TX/FL/8v/6uDhv/l3/Sf/7vf/inH+5ad7s7/9V/32B3/3P/DnkgH5F//Lf/v//jV+72e/4nf8v3+N+9PLv/Xv+D3+9H/gcvTf/bnV3/S//+S/86s/+ev/yenv+5/8Rz/+5dvf928ka/Pg4P/+Nf723/KfbP+r/2VW/y//+F/+z/y+f+C//vf+cf/g//Db/ZL/efTv/b6/xy/8+36Pf/M//b9/jb/0n3zwf/9r/0PT/NX/2F/27zd/23/81/0uZ//kr/zt/qY/91f8sb/w7/gzH/1J/+W/Xf3Vf9P8d/x9/vev/of/47/9/q/+r/7C3/u//w9/8rf8i36t3+vP/xv/3M9/5V/33c/+3etf69f7k/+a7E/+l/+1f/JPePzr/LN/4K/+N/+Wv+K/mL3+/U6fvf3b/+J//n/+N3/Zd/7LH/xf//G/9tf98b9DMf3+//n67/7yL10fvl3/3tV8/Zv+brv//J/9m/yi//B/+Df/vX/sF/w9//LFq1/07//jz3/V//m73f3Hf/M/+rf4l36/X/5ft6M/9+4/+Xf+a3/T3/fmv/ib/9Tf4Tf+i/7RP+D+/O/+h6f/5+//R/zLf9LDP/fz//P3+sk/+2/9h3/Ds1/nT/mZ7179BX/Mn/kTv/a/vPz7Hv/S3+Kv+3N/0z/kr/zXfv/f7j/6o/73k//lt/q7/qjf/084+ov/i//lf/xDfuVv/p98+Z/89f/nX/E3/tu/x+z//jV+w//mf/8LfuKXX3/1O539ov/+b/iL93/nv/V3ePdXP7r/6/w1n/+T/9ev/qP/73/97/6lX/3KP+LT//J/yH/q3/gN3/3mf8eDn/lTv/i1/tir3+7db/7mz/o3/88nv8t/8ff+Bb/H4R/2N/5ff+J3/+X//eR//w9/xX/4n28d/tJ/8qf/+d/r+N/87/+O3/vf+Fv+uj/mv/8tvqju/jvvHv3m/+7//k//93//r/zs3/i3fq+/YPL7/gG/xeG3fvk/+Tf+n//0//1r/B7/4P/89F//6//gP/M3+YOWl+v//ZP/5O/9Iyf/xd8LDfBLfurX+xfv/8n/8v/1x//fv8bv9V//Jtf/6d/z9/3S+e/4+x68+N9/wV/867/65/6BP/PNt97N2//hX/rtf/W/9Pv/kj+z/V8f/ZvLv+nfOv6Df6fl/3Ty3/yBZ3/hv7714//X73Xxe/wLf8Hv8de9+q9/xfd/y1f/0u/357z7Z3/l7/vLfvmf+Bf+yr/iL/gPzv7vX+Pwv/gz/tb/5f9KLg7/2v/73/6///vf6u9xgd698c6vcfDk7Itf59fhQOLX/50QfP0amXz2u/Nnv9mv8R/8OX/oX/Jf/rm/xZ/9u/wlf+wnv8WrI3z3a//3+t0fIOGH+cnv/UL+7jfR4ISe3+MP+jUE4m/Mf6Kvv43//u3t37+Aof4y/vvHzHu/pryV6B/8FwWteJJfwwQ/3Oev/Sv492//GnfPz+mbkv799fQt+eQv/rP/HPvJHv/7U/Sv+eQ+/7vtPmGY/xv/vqJwMvr82v8Vvv7mv+Mxc9dE14T/+rX4r9/m14g+3GKHf/0Nf033yOfb/Pmvx9T6zfiT34A/+c1+Dabor/V7yv8Vyi/g734d+/fvgN9+7ZNfw9BFHoT1z+n/v371ay2WdfFrPP01fu9f4zX9K0F59/E/w1smKRBtYJ7fzH2+XJflrwFSEBKTar2cNV9Ofnrqvn81bXd/DUX6DbF0WS0vDJjn+Xnr//2krRb6N6Px6mJuvgdqv15TFtO8+cnyeQP4QT+/Ln9Hv/wW9P9fn/84e+rB/vUv6mq9Cj769aq6uCiW+XK9oL9+o9PXeOlL/oz+/o2zdVt9ni/zOmvzGdq/uV7l2jiRxvgE35wtLtJf42d//L/2ui7fnP7ebxxwED/85IvmIg8++fWysn2TXQSf/SbTnN7L37VnzbfffPF8UlUlvvgNzMdB4x+bV/UPjsviwlDqN5XBf9t8TB/9+rP8PFuXLZpf5nUbaf6T5uOw+W84uTipyqr2iPubywtPPrdfAI0X1RI/f6ytVl+u2yb3CZeURMjep7/RpGqJoL3Pf0Oa4nm3OcvTlrxH//81f4//SRrz5785/2pk9rfivzChIrFo/2v8xr/XryEEMzL0n/0av8bv/5yTYr/dj5JgTJsfJcF+lAT7URLsR0mwHyXBfpQE+1ES7EdJsB8lwX6UBPt/ZxLsR0mwn9skmMRZvyvHDV9J5EVx5K9x/GvMfo3q15j8Gvmvkf4aL3+NOf3e0v8b/m1FLX7LG1qkv8YJJULucTCCHn7Tv4gDk99okS2Ls1fPXpnPj5dPkWD4j36NWKLj18bvx89eB4H7s/psGU1L+OkRtOL8Q3L8z57K359TyLee/J7nf5AB9GsQ4HiCw0DiRMKzJshkED61SRwIlOZZbaD4PT4/WXp4Y6yvKob6G5g3mS5/Mf/6Oy3OKXskuP9mv4bFQ37yDEnW6dfnt2mO/u//+Df9y+dtu3p09+6yGWeIZsfTanH3Xba6uzveuftrPP493q2y6du8TSc5ZVk+++h//Hv/wY/SYvbZR9+9/8XOF6uTfF58+wd1/voHL95Mf/B2+nD20e9xlD5+9+jdYrXI2yx9tyiXzaN3n33EwB/R7/j47kcpN2nffvYRx9Dp7/3Fy/SkqvN0f7y7Pd2592m6/+l478GnD/Z2RukX1TJ9lk/S3Yfp3s7Og3Rv79H+zqOdg1Sfj6jLenb+6NXTZ9oh/fXZRzqyq6ur8dW9cVVf3N19+PDh3Z29u3t729Riu7lettm77WXz4wbC07yZ1sWqLahH/J1Rgqj97KOPzDiylQUbJZhpOJvadivKAXHns+ndvMwX+bJtqO2ubbsyyeM4aPt10AF1+MUXm3FZLGzrpn2VO4JEWzdI29x9lTfVup7m1PzHzcttcT7wLr4JsMrfFQNN8Y1pmq0endQ5Jeme0v8/+2hvZ3dne+fT7d0Hb3Z3Hu1++mh//5Odg0c7O9L0i2pWnF/frimx1ixrs1s1ZhQoW0WpNMOELo1/8vpe+t1iOauumo/S2fTReVUvMmKEYpFd5Hd/epVffJTaiXnEaS/Ckzq953/+7aKhHq6ZfzBfj86WTZstkej87KP1upg9enCws3Py8P6TJ58+ePj02e7uw52n+yc7J88ePL23Q3/tmxefVtM1OMe9+OCmFzE5jyg5Sm9l4OfPPtrVD39vzHK5lg8ffrpDz91d/Kvf/z43fO++/mpZEFH29PMX1M9l/rS4yBt8ev/T0d79B/T/A/r/w9Hep3ujvQf79H/67GB/dP/eDv1/l36nzw/ujfYefjoi3Ef3dg/o/w9H9/fo//f26DOC82CH/k9tH+Dv+/Q9/f/e/r29w3snD44/fXpy/PBg72T39MGnB3sPT3Y+PX26f/DpvafHJ0QHcN6jl8W7vPy9nxZEw4aH9eBT/5vfx/tmd+eBfsXT+pr0H83r9q5+GA7y3qcHn+6P9neISvwvof9gd0/+3eNP5N979Mn9XWmzP8JbD/jfAx7GPv9Ln+wf3N/hf/f43/v8L5HlwT0iGv494H8f4t+DHf53l//d43/v8b/7/O99/pffJcLu7+7Tt/h3n/+VTx7wvwf49+Ee/8ttHt6nfx/sHfC/D/EvTdX+7sMDfP6Q333I7z7kdx8eoM3Dh9zm4S7/u8f/3uN/9/lffheYkFh+OqLpHBELjD4dPRgdjB6OiDS7u6PdvdHuvdHu/oimlxrtPhgRL5ABIFLuEYMQ79wnNiIuIIYhPjj8dG9/78n9p/ef7u49+fTg4fHBvYc7+8f3T3bvPSFO2d+HVlf5yWuatdmzulqkrAwfFT1R3L9JouTFWVcU7316en/v3t4J9Rl/8S6hcbdjXcxHZLLwqzWYR8am/ej50fOj50fPj54fPT96fh49LuTOlxRnX1FA7S01/54I3Gmp+eTXkLXaWz2/lnt+bfsASNDm1/S/veXjLTf/5ma5+R/7NX6X3kIzrTPbtWRq8Lf/Zr/Gr/Vr/tq0nvxr/7q/7q9D+ZFf85fQ97/Gr/Ob/7q/xe+6e/zr/ZY/kf36H/2i34rWc//i3+DHn/zN//BvTQu6v9u9Sf2H/Fjy2/y2v91v/zv87r/w460739q//+mDg4ePTp6ePvv822ffef3mq5/87u/9+/zUdJafX8yLn27a9eXVu+sf/KF/2B/+R/yRf9Qf/cf8KX/qn/an/xl/5p/1Z/85f8lf+pf95X/FX/lX/dV/zd/yt/5tf/vf8Xf+XX/33/OP/KP/2D/+T/yT/9Q//c/8K//qv/av/xv/5r/1b/87//F/8p/+Z//5f/Ff/lf/9X/zP/8vv+yX/4r/9Vf+b7/qf8e4fs1f49e2BIuOi4gga9S/Psb1a/5aV2jwm/86v+7vuvvr/RbHP/HrZ7/ot/xo7w/+DX6rJ7RU/g//2I/fe/U//daT+l9Ofpvfbf8//t3/ZwyNR3a7gf0hX2tkdmBuXMG69v/5n/yby9H27/oL/43P31b7/9z/9VPV/N/60z56+Lsn+cu/5Tf9e/6936L5V/7Bv/Fv+Xd+uz/udPbXPPvWX/rHfOd///3+zV/5p/w9P/U3/t3F3/1//VE/+dcnv9W/96f9KX/i3r9y5+/8hX/D3/uL//m/4m/40/+B3+vkP//9f9v/9if/zN/2o4P/7E99+09/9J3/9X++/q/+u//6o19z9b3k3/0NftU/dPgzf/Mf+hf8of/rH/enjv/GF3/on/dX/5X/zJ/6nS//9P/qX/2Zf+Dvf/R3/sp/8J9t/r3/+9f4jR/9WX/N3V/w5x/8nb/Xn/3kr/3Jv+rv/svbP//v/v5fePgrp//tL/4Fv/gX/mF/5l/7O/yGh9d/fvbL8t/8n0i3/oy/6m/+E//W//73/Lv/hF//d/svV7/dw3/xD/zL3v07f9tnf+mf9p//dn/Hv3L1X/xvf/6v+Hv/gy//41/8K158/M+e/JZ/5F/7nfan/4B/7bv/+r/yv/7EH/fv/OTyn/7+P/PJ57/+r7/4y+9e/pt//z/+P/1Gf8tf9+rTP7r63Zp/8u//te79nX/67/Kn/ob/zOTP/vN/5u/+/h99UB//2r/O3/Dsl1795n/ev/4Tf9r8v7j/p//eT/6Vv+eP//P/7j//P/8N/92/5e//N/7oX/zX/9t/wf/w227/aX/Vv/zX/zH/8F/+3/9Osz/n1R/zn/3nxe/2f/6Xf81y+6/4Mx9s/6qs/Xv+2uoP/zse/DZ/0v1/69/64/+gP+Nf/h/+9tnZr/OX/6Wr3/HXa7/1G3zc/Br/9j/18G/8E/6J//lF9nv9lr/fn/E7v3j1Z/x9//zxX/+v/P2/4qe/9ejf/sv/9j/9z/i/f43iD/qP/49f53/6G367v/r01Z/+W/1513/Dv/bX/G5/6vJX/qk/8be8+M6rL+q/+/Bv/t//xH/08LP/6d/9Y/+sv/h0Mv1j/7vqd/v1/9nXf8af/gs++wcm13/Qn/SHVelf8Cv+49f/ye/7/bN/468dHf707//2z9n9c/++P+Ov/oX//eVf8Df8C//0v/Pv/5Lnn/8m/9G3zk7+2z/5D7//u/zh/3B99lefNn938+wnftHZp3/jP3tn/z//588n/+j/9I987+lve/l3PvsVv+Dkt/iL/4R7v8nk8o/P/6y/5d4n/9TuP/rr/p7/1j/54hd88kf/zj/1p/7lP/WH/dV/29/4S3/x/p//K85+6n/+6f/9r/17t//UH/yv//m//b1/9j/+3f/If/LZ4h/5d/7Vn/zj/qI/72/4G3/Df/rwd//d/p0/brGe/1v/2t/xN/29f+sf8+/9A3/Qv/kb/0YX/9zvtf5f/rLs1/k9/t7f4L/5X67/uv/ixfTX/CP/hU//zl/31//jX7W/+0/8Ne/+rX/iN/7+sy/+6Z/+H/737/9u//qv+s/++r/vzS/97X/nd3/dosj+69d/45/5z/7mD//V//O/PPve9/6d7776e/+4f+d//cW//3/0p/wt1fdH+98/Kf/QL/618k9d/Z//0W/7Y7/Z3/Xqb/jL/vD8d3z23T/xT/vPv/wPftc//PQHf/af/mP/wh/7T/zLf/r3/o6/5G9f/qZ/6w/+q7/hf/xr/vY//8/4L37vn/rTftH96//yD/trj7/4R/7Nf/mXfe+X/O5/35/xz/zET/4Df87f+5v+X//Uv/oP/Ot/4d/yH/yq/+D83t/yK/+Z/+Xv+FV/9//yvy7/iT/wT/wdL3/Z3/r43/z43/hrf/XR7//2y3/7f/mZ737///41/vHq7u//t/9L/83/+u7tr/6y+O6/U/+yf/c/+M/+9r/77/6/f40/5d/8V//Bv+3f/HP+yX/5P/it/+X7v+nv/PYnf4fxX/jr/zvr3/jLN3/L3/R3/B3ffvnr/X1/79/1m/07v/RX/Dtb/9Fv8Z1/9E/9h37jPyOtj/7G3/nVn/DFH/Y3/nF/7dF3dv7yOw8f/K+Tv3H7t/kb/tm/5L/P/+r/7b+4+sd/0T/y6q/973/hX/ob/L3/9F/+C/+1yb/zh/0Nf/r//Wv8/b/bv/4f/NN/7e/9r//t/8rvcfHHf/Ef/Z1/5P/6h/2ff+bRv/PsP/9D/s3/9P/+Nf6R3/n8f/lF/9mf/Zv+mX/Ff/Uf7Pz9f9/f8ws//d1+g/+0+c//uP/0r/3uf/z7/8/3/4Hf5NUf//nv8lvXf87f+e/s/89v/r0/9x/4l7/z4ou/tv2pH/z4L/udzq/+mK/+yu/+2J/2r/1e/8F/8If/5J/zS8b/8e/4i/+d//a/+Bt+5We/y/P/8y/8+x5c/8d/7G/6O/+77/7Gf/Tf/A9/0/u/9n/8q3/Jx//4/57/CX/jX1/81F/2D4z+5+//kX/wL//24q/75f/8nV/xTy/v/6a/9U//zb/3o7Pyb/neo4d/9vQ3P/oPv/db/vI//j/6D3/FyW/4T/xvv+/3y2df/NF/7Yvf7E/fevDq9V/7Uwfv/vHj//a3/R3+lu98r/47/+r/8uh3/+fSP/1bf8pf9df+lf/j53/2L/xVk7/8d/sf3/5d/8hv/p//aX/Zv/Kdf/rwr/3vf7//659b/Te/w1/xd//Hv/9v8tv+G3/f6//pV/9+/9Pe//Yf/qN/z+/+F/z9v/jqP/5H/5N3v/u/2f7kP/D3/5m/1/d/i//pP5xf/t+/xk//Ob/h4T/9V/7tf8i7L/6ZJ3/nb1b9k7/pf3p+/BdcXP+Vv8l//Mt+28e/9Puv/rC/9pf9w//In/fZX/f97/yir3733+4fef2ff6f+w37fP++3/OP+sj/lz6t++e/z+//O2d/01ce/31/653/rt97523/8xx7+N//lb/fP/LZf/DOv/oMvzvb/0l/453znrP6rf8Wf+If+0t/8f/qFf/xf99/8gb/5//HFX/6//dS/+fx/+gP/xP/rx/+9f/Sv/fIX/aK/8fd9d/IfH/3x2d/wM0//zf3f/zf6t0/Xf/1P/9f/8eH2T/7Lf8Uf8m/8tn/q+l/71h9TX/5v/97b//T3+I3/pz/3r/1j/rnmt3v91/5Gv8mP/9b/3X/yl/2Xr/6I3+Zbv/cf/eyf/ZV/zM6fd/13/ul/wZ/7l/3gX/vf/vc//Hd4U5z8u//m3/Cf/1Z/9+/71/3nr36//2Txz/4Zv8Wf96f9BX/HH3P2Ky5/yV/wV/7qe//bH/Lr/y1/xD/xb/zi//xf+3P+9XL5X/ytf/ff+Xf+a//K//jP/AV3/tI/4X/5N+78xX/Ot3/3L/7lv+fH/4kX/+av8Yf8en/2xW+dP/wjfoeDv+offv2PvvnLf4c/4+8c/ev/afvX/MJf/vbql1Trv/i/efU/f/qHP//dftFv9o/defHv/St/3L/z933/z/37/u7f968//8t++c/8nf/2v/XL/vrP/5HfI9n/C5P/6j84+Nf+r+2fefwv/R+/83/yP/4O/+z/9B/+o7909K/9Lt/7V/6277/9J/+kt//A1r80bg/+r3/zL/p3ft9/+9/640/+4T/nT/ub/5t/8zf7J/+Sf3Za3v1T/rt/59t/61/4L+4ePf7f3v5ed/7Zv/XvW/7Mf/xnTH7Zw+zOmz/nF/3Sf+XeX/vr/LtX3/kz7/8Of/xXl3/Ff/zbHv7qw3/qP/8j/5g/65/5s/6Yf+0v/TP/9f/iJ/6LX/QTf+if8sf/pePr0+/887/4v/mXv/vn1G//zD/3z/4F1X/yN/6RH/0r/8q/+dW/+gf+zY9P/qL/5jc/O/qT/5Pf9Df4b3+Hz/+Yv23xk5+8/bt/+d/7R7f//Nt/9N/83/+MP7fd/tt/wx9b/Je/92z6G/1Nf8/Rv/kb/fr/zb/34B+//l1+s/9o67/4fR/+Y+/Kn0z+sr/8f/xX/+rf/tXP/PF/9V/7l/9u/8ov+s7v9Wf/N3/Bn/l3/++f/yb/8+Xv+Hu8+stffPJv/xM/8cf/OX/a7M+7nv1p/+n+n/+3v/rffvLPuPrpf/LX/avmv/LfONv6vS7+2H/uxS/4iepf2/1Hv/UP/NM/fvin/jp/+sGP/3Hnf/tf+sf8Iy9++b/7X/yVZ3/DL/l9/8p/9nf/hX/37zv7V/+Wf7v53f6Sv+DPfPF//xp/8bfe/enJV//1v/Tqr95+9bdUX/wNf86f/tf/kn/n9/ruv/7f/jN/4Oyn/4Orf+f/+Df+/T/+//ry3/5t/5l//z//L/+7v/t/+fv++v/wH/9XL5Z/+7/5f/7Vf+j//hf+Tf/73/O//ffL9b/4z/7zy7e/36/+JX/t//jX/zH/6/Xf+Df/F//7v/7i+//9u3938av++r/9l/8Xv+p7f/Wv/CP/u3/0L/2vPv0Pftf/6Vf88r/zz/ib/vwHP/G3/IN/9+Wv9W/8B//Ov/vt3X/vX/xFD/+M+9+e/O1/zL/19/1x/9xv/Wv9Fl/+1v/6f/ILij/qL/0z/4t/ffc3/1/fnf4Rf/X1P/3X/m7/6Sd/x/84++v/zb/5//ir//G/7X/6Yz/5J0f3f+oX/dXnf84f8a/8LX/Kf/4TxeHf+wt/5d/63/3MH/8/PTj9n//MP+bxb/w/Lf+R/+C//U/+iD/31/+Hvv9b/q/Xf++/tGj/3v/x33n7j//Tv/Dv/E/+wn/rwX+8+A/+3uqv+uyv/O9/r//on//xf+g/+Rd+/z/h3/nzVr/3u+nzf+kX/Cv/wb/zH/yWn/y7X/6Sxfr/+s7qX/gt9/7J//zve/CdP/75P/Jb/S9/zPXP/NV/1e+1/9f9ef/Nf3bw3fsf/07/zh+29bv/iv/9r9n/n/62v+l/+M3/uB//5/7rf+Gvf/QX/o5//J//O3z1N/8pP/2nvvsjf/JXvpn+Zb/o9Xf+zb/447v/8bP/of7z/93lv/kTb//df2D8X/8HW//bn/+rf/f/6188+yv/t+rVP/g//x7/2Jd/9C/4sX9j/X//Gr/T//bP/n7/27/4n/6NP/Yzd/+W//vX+MP/7f/4s8Of/Lv+tb/h/2j+59/rHz/65E//P777n/yxf/6v/3v9q//Hg1/0N3779Rd/5ld/yj/ye2Xn/8vdf+sXvdn9mZP/+Pf/I3/5f5X/6Rd/7n/abL35a//ov/H17/z7/6Z/+B/5b67+tX//3/+Z7//Un/ev//Rf81v9p3/En375f/55f/Nv8Zdv/eKHZ/V/nH/+G/7Z/+nfuP9X/6t/5f5f+lu/2PsL/4f/7F/5ff+mP+6X/Ft/9Xdev/zf/u7f6k/9L/7W//n3+G2+91//0t/xf/o7/8k//zf9J/7CX+Nv/+df/2O/9ME/8K//0t/hf/vef/Lr/2O/6R/6C771D/7fv8Yf9vk/+Q/8Lv/T//XH/8f//o9/9S/9A4//t1/5H335B7/+x/6D3+R/fvHXjv/6//gvTL74BX/n8t/5BX/if/Qf/kb/yT/0xV/30/U//D//2X/+41/4+//p//Of8Vs++I/+mT/9b/7f/snR9u/04uNf96f+wO/+Y6//8IMn7S9L/rff6ff42//Sn3zxd/yWv8H/+bf9kj/8N/oFv+GvTP6KX/j3/cf/5rNXf/V3f+1HB//bX/PyO/Uf963f/Z//bT/+hX/+1ld/+l/+W/2lj/7MP/bVn/6df+BX/MW/4f/5S371T/3Mb/H3/G9/+P98+Pv+K7/i+9N/+H//O/76X/38n/wlv3rv//id/5Z/ff8//K1+5z/wP/5d/rDf4z/+3v/2X/7j//ev8Vv9zNVf9vsUR1v/0//15/4nu2//k9/xF//709e/7W9+9hv/I//4X/pv/7OrPzz9w//An/qfp3/I//yr/srf/NHv8xf8Hr/+7//b/mNvpn/6f/TRv/7d7/26f8Tv/a2//Rf91v/a7/qTf97FP3v/0d/+8D/51/61nX/tP78///F/4Z/9n1//I9nf9Cu2P8n+lb/+8ODf+Uv/iz+s+If/g+1/8t//6d+8+L9/jX/xn/7d/97D//AP+f1+o3/zd//fvvtX/7f/wO/yr/4fv/t/9Ecd/e7/x+P/+dkf/Vv9Lr9x9X9M/9KfOat+23fFz3z3P/4Pf/3vv5v+k//3r/Gb/cxP/Cf/4W88/+6nf8a/+Nf+vqefFL/F3/7H/+P/2Hd/o5/65Po3/MU/8xv+yf/Fv37wvZ1/Mv+9ft0/9K/8c/7zX/Ff1dlP/+Rf+Sf8+T/9C/6V/V/yh//MFz/9r/1H/8r/+rf8g3/zz/wN3/mp/+W//dOvPv7+P/rvPPy7/vni6Cf/vF/yb5/VT3b/1H/w7/lz/otf+Zf8eVfz/+NP+5//tV/5f/8aP3b0W/3zv+iv/N/+wv/4f/xHq9/2f/sd/7Hf47f/P37z/+jv/fd3H//4f/wX/jv3/uH/+f+487/91//J3/iH/w5f/ZN/5M9M/6ff8R9+lP95v83f83//Gn/o3/e7/59//F//+/9vf+TJn/DLvv/2k1/5d/7rf86/+vLP/PJP/FXNwZ++/B3/4//6X/gzfo9f9w/653f+9L/5b9v6zi/4J/6M/Djb/RWrP6n9b/Nf/rv+Vn/Ny7/0v/vkX/vH/qXXf8N//W+s/rG/Z/2XP/s9zo4//+3/2O+8+Wu++ksP/tU/7W/857+197/+aX/pT/zVz/66P/dfefVf/DF/2F//O/4T/9Pf9+Yv/K/+wT/4d3n+5/6v6//p1/q3/7c/9x/6d/6vP/kv+Wf/+ncX/0j9vyX/yv/wL/yHJ/9T9Uf88X/Cn/6XvPveP/Zv/u9/+V/xh1/9df/bv/Pwd/0z3/yDf/8v+S2P/5T8X5/+stG//wf/PX/X//Vf/++/x7+5fve7/KZ/xB9R/CH/2H/+5pNHv/e7l3/cX/JXvf7L/pQ/7pOzf+LP+2v+zT/zf/7dX73ZOvtlf+2/+n//Gn/mn/qrf//f5C/9Y/7qP+e/+H3/1T+vuPPsxd7f+eDxn9r8Of/53/uy+KtOm3/+F/8J/8rvn/xP27/fL/79//Z/7zf4A68f/Rr/+G/444tf/c/9q7/Rb/Xv/Q3/zPHvtni1av7k3/9f/pv+of/kT/vq0Z/6i/7ET/72P+1P+Vv/lr/9L/9tf5v/5D/4F/+O//lf/13+1X+rPH3w4k3x1Yu//P7V9f6/cvWv//3tv/x//Ot/+p9w8S/8sf/99/7On/m/zh//g3/z2X/+q/6uX/0XXP7M3/9v/V+/8d/1Tz78G/7Dv/rLP/XP+GX/wb/3H/yPDz5+8I//0//8//K3/9+/xt/7i3/rX/EX/oH/dv17/Tv/wb/5K//uxdv/4yf/9v/+f6z+8+Vf+a//fr/L//SX/TY/9eJv/sve/ZFP/pRf/Y/+A5/8T//kH/V//Pjf8O9+cf1X/9eT//vX+Ef/gq1/ufqZw7/+9/lH/5r/6nf4C/7sv7548ODfOf8r9/7yf/2v/8ce/MS9P/LsN//TfvN/+J/4Rf/Mu3/3d/vn/7e3e3/Vf/ln/qd3vvOnz5/Uf+XDJ8Vf/bvv/6k/Vbz7298e/i5/1MXvc/75n/+P/P3JVz/1jz98/TP/8ts//zu/xes/7k/5037f7/09v++/9y8Xf9m/+vcUd788+m3/t0/+up/+3//vX+OPXv+mf8gf+Bv8ij/wN/vf/pJf/Xv96z9z/Ne8/b9+3X/5//h9rte/6C/63z7/R/6DX+Nf/uv/u//8f/7DHv3v/9Wj5Z/7H3/56/3X/8bf/Pv83r/h77XzP/19/8Uv/Lv+guv8//gTfulv+r9d/Yp/bnn4W//D/9bo2Y//5o+Wr//G7/zWf/kP2uJf+kP+2D/ve3/c9Dt//MFf9eRf+pf/mX+m+fP+wn/8b/h1/8o/8if+yt/p/M6/9N2fePGX/vF/av2n/tL/8nf/H+98+u/+F9Xvtf+nfP57Tf/y/2357/4jv0P1j/7x9/6R3+bTX/pr/kv/7rPFb/mP/DZ/5qNf8Rf8+X/ZP/hHPP5e9p/+h7/p3//H/+f/wN/82/zNv+3/+t0/dv+v/cV/13/y4Bf+Fr/Z7/lP/Rv/2D/6+/3hv8dvevDkL/wN/+ODoz/j+//sP/qv/fS/8tcmP/HX/kT9L/zp83/zryye/fRP7/61v9W/9uZPK//uxT/7F/+Tv/8fvvOb/xV//1/x0S/9N//sv/PwH/9nXvzEf/an/NL//q/7T/+KP3bxS++++y9+6db//Wtk/9uf+d3/bfrXvvs3/+Hf5X/6s3/6p6o/8Zf/4t/4N/jpX5D+z+s/4w/PfvH9/+xo62/5137F3/jrF7/g43/5Z37b/+RX/sv3/8Xf8Hv/3r/9O/9+/+hP/Orf6g/++/70n/jkr/38t/zfrv7hP++LP3v2d/8Rv+QP+6u/95v/kX/175L/uj/1183/7td/5t/xx/61z+7/+Iu/cfRX/9Un/86Tv3L0Z/zRv/if/5//ht/+H/7W3/on/IK//vf+q//VP/1f+31/h78te/h7/OAn1h/9eb/Vn/ryT/t9/4Y/8+Sv/ld/+X/7/U/+yd8v/d/+wr/yf1v8if/YX/ib/96nf+lP/wP7//rf/i/+Vu/+xJ/8W//l7f/sb//z/767//H87/vyr/vp//WX/hr/09/+3//3f9iDq5/6/f7w3+TPzdbv/pBievnVv/2v/5n/2/of/rur3+L88e/ze/2Gj/7s//UX/k5/w1/+03/7J//Mn/7x+X/98qvf/Xd/9sf+Kf9F+1//L//Eq7O/7d+blvP/6X/9tX6z/3X9C//Ls0//td/pL/qL/tx/9c/+X06/U5/9vQ//7t/nF/+dL/77X/YLfof/6bt/yN/32/+nn9z9Hd69/YdW//V/8Lv9y3/j//ETf9X/9u77/9vf+598+Uf9zGf/0T/7H/7O/97v+/u9+1f+y//4V/5Bf98X/+nvXJF++7v/vu9+9sv/k1/1t/3On7z4Zf/pX/D04PP86Oj3+Y/+zV9j9mf/6aP/+9e4+8/+zXd/xy/+zT//t/sXf/M/6q/+/Dcdnfxpf+3f9+kv+MvP/qV/5J/5K/f/tH//tzv5s79z9l/9Oz/+q3/b8Z/2lz/5Bz599Zf9K6/+2NV3z8aff+tP+sO+9eWf/r0//cWr//ztT/47z//qj/+gX/rb/le/x2/6f3z5P/2z3/7fHv7Hiwf/0F+w+/f86+svf5v/6u/J/4a/uvir/re/9Pf5N9df/vd//Oe/z7/x9/0+/+df+vEff/93/unF8W+5+Of+nj/0n/6tfuLzX2vxB/8Wv/t/+Y/8b3f+4//mP/7v/tE//K/6z9r/Kv+9/+kX63/ve1/lD//5L/6F9Z+7/vgX/vL/4k/7c3/iOz/2V/0jd978L89/t//sr/n8t/2pd39XXb/5L/7YX/Rv/DO/+Z949+Ptv+Af+C+/999uv/jyn/xz/sI/+vF09Mv+/X/q7/iX/+n7/9Cf8O/8W9t/+1//lzz/5z85+Z3/tt0/7A/9jf77v/ev/Zm/63f7n3//v/E//7NGf+0nf/m3fu/RP/Cb/6W/zV/wJ/3n/8Wf8e/983/Z//hx/jf8j8/+5f/9u7/Rv/TP/i3Jm//07Mkf/9v8G3/n3/bn/XV/3X/+l/ypf/6f8d//7X/lf/i//J1/zP/xWzZ/5eeP/+S//5//6/7FP/QX/a//xPVv/Zv/s/d+z3/+W6O/5j8c/0//zLOr3+hP/cd/yX/wG+7/Jf/lb/LTL9sf/23/6X/2t/6f/ra/4T/5M//u5dtf/HcUbxc/8Sva//lv+/j4X/vD/vIf+2d+0f/6p/zVD/b/tOWf9vDPufzbfsl/+2//fv/13/n3/x//4H/3G/+v/+Hf+geWd//C//X//A//m3/zn/tlf9+fePef/Re//39d/R9/27//5/1fX/2H//3Wr/4Ff+B/96v+z9d/6t/67/6Ff+G/+af+9X/921/9F/7Yf/9Lzv/K//n//jX+tumv+B+Wv98v/f2b/+0P/E0f/ONv/8+/ofpj//q/7eh/+Qf+jf/y3e/8F/2hP/G3/VF/w9Nf6/f+Hf6D0d/yp+/+Ndd/xn/18jf5A//th//pX/5L17/Xr/ud+9lv/2/8Zf/+//XJ4X//1/+Pf+3f+z/8jb/k/r//M//Xb/qtP+2Tf/Lf/dben/KDf/qvbn7qn3/7l/+H/+E/8Of8Ob/f7/Crv/8r/rXJ5/n/+Z/8j//st3b2fvx//KfO6z/lW3/nr/nt/+wvePiX/7Fvis//0n/gH2z+1b/9X/2//uyHf/63/6W/9P5v9Xf/df/hT/51f86/82/85P/wH/4Z/8bf/C/+zPR/+zv/5y//4f/9n/zH/8Mfe3fxH/+Z/8R/+S/9fff/pz/zP/77/4k//j/58jf4b//Dv/Uf+BP/gPVv+pv/H7/f//w3/Kl/1c+8/Ff/9uKXflr8fr/H3/qv/sx3/5L/ajX/38vf/+/+1xa/w39w+ff+TX/rf/g7/Y//xxf/ydXv/D//8Y//71/jj9/77z49+fP/4//pt9r790Z/wF/9k//sf/zb/bL/9O2T3/svv/s3/Kt/w5/x0W/1nyYUa3/2P/zg5Yt7f+C/8G/977/sn/uf/5p/4O5v/Ts8/hV/5W/7bPm3/m3Zi9/4+B9//Z9Vf/avPvvs9X/xnXt/yuHf+Ef+/r/V//XRu3/yP33w3//Gf8Xb//DX/r8++Xd/41//P/0D//D/4fFv+Zf9H9/53/7g/+lb/+Y//A/+xn/jL/8P/+3f/z8++mv/8v/j0b/2J/6R/8C9d7/6u//Sv/lP/oKP/7Xv/cR3/6e/4o/8Tz7Z/zN//z/m7d84/gP/zt/9b/yL/5Hf93v/+J/1P3z8Pyd/yH/8/N/8dz7f/Sv+689/8z/mH/5rDorRX/kbb/3Lf+5f+cf9Y//MX/h3/NUPXv1vP33/P/7Bf/PV7/BX//d/+u+x91v/gl//13/2V/wuv/OP/T3/W/Gs/kP++n9+/NO/4sf/+/t/5W/98W/3q//af+fFb/y//G1/w1//z/9P/+Q/dvffufe//kn/0//4Bz++8xf9HX/jf/p//ib/7Xf/pZ/55D8p1r/Lb/Qz2f/0S//qv/Zv/yv+5l99+tP/+2/4Z/8fxX/yH/6h/8v/8ezv/B3+uj8n/yf+7N/5j/sd/tnf+9/+t//J3+K/+/T5v/Hj/9PP/Jd/4s/8nv/Q6v/63p/21/2TO3/ps7/8d/jqH2z+xL/8QfFfvP4rr37y7/iN/5Pf8s/9w/7qrWd/61/5IvnWf/DP/PIvT37jP+Qf+tf+9N/7rz79l/64v+zv/t1/7K/693/iy28/+yv/1n/lv/nuf/5fLP/3X/aL/8l/7ei3+t/+0P/0D/zf8t/l1/3f/tnf53/+C/+JT/788//xf/2j//Wf+V3+6i9/8f/86//Hb/+PV+Rtf+8f/aU7//Pf+Uf8lf/T7Hf5rf7H/d/lDz/6zf+13+Nv/xse3/t7Dv/95fwn7/5to+rdb/Fb/Wm/9E/9M//n3+U3+79/jX9s9E//zX/XP5D+C7/7P/+P/dZbB//sb/tH/O//XPETf+1P/Xl/1V/3vT/it/jj/v6/9A//1/7bv+uv+mW/23/zU9/6vf7Fv/6LX/KDv+F3+AX/4r/1rcf/zOO//bO/8N4f9rv/8//dv/bXnH3vL/yP/5hf/Pv9m+Wv+kP/0b/wb/vyj68e3/+fX/0ev/n/9a/+1J/x5xMbvrv7n/yJFO4++5X/yT/xB/09d/+Y/6N5+5/8/Zf/6j/0e/zGv/TX/f0/+xX/wh//q4//t9//yb/S/meP/o6/u6h+p//mF/wz/8F/8W988qt/1V9MjtSn/9Av+jfa/+X/+l3/9//wj/rb/+vz3+73/XT81z/8+8rf6lv/yW/9U3/sb/qH/7P/+b/wH/9Z/8pf+Rv8jW9/v9/81b/xp3384v5f+539X/zX/AFZ8md99/O7f//Df+E3L55894+7/u7j/+av/6/+6b/zf/jH/97lv/qL/pj6//w1/8+/7O+bVv/TxX/y6/9Df3f5Hz792/6nf/CP/aW/6//x+/3L/8f3/pL/9j84+J/+y3/0b/yN/9s/47f5A3/DX/HH/vu/3r/6k//zb/vH/D77B//q03/jj/n+v326+7v9+x/9d7/j//z7/6u/dOt//i+qf+T/+Pw//qVHf8Jnn//G3/q3/sbFi7/iF/52P3X/H/y3f+F/+t//NW9+0R/6t/11/8lf9isuf+Jf+y/+4sc/+VHyt/3Pv/VPT7I/8i99Nf5X/6p/9U/7Nz/9o//9f/+TT//6v/TxX3j66B/8x/7EX/N/+1N/7//5j/8n/tD/5Mfz//Rf/ON+6h/4c//T//A3+T9+0f/0V/4Tv9dv+jf/b//of/rr/9F/X/Mf/YN/xKuzv+z3/enf9t/5vd79jv/xX/jH/XXl9I/7F/6On7z8dyanv87Z7/Qv7/7vX/6af9c/+Uf9tf/qP/e//Dd/1g9+uz/vb/5Pd//0/+Bbf8H09/odf7tHf9df/dU/+h9fZ3cOvvV7//Sf9Iec/VX/5L/9157+4//Y//4P/Eb/2F/36cXJ+M3Hv+LwyasXf95fvPXP7P+lv/7v9lf+D7/4l/2hV8RwL/7HZz/z7//fv8Zv8A/+Ef/3r/F3Hv2Tf/Mv+1//xHv/wn/wDyz/x9/j8r//D/7co+//g1e/06/+N3/Fd//X//UX/9Jq+ff/+X/j28Of+jf+x7/z9/re//Ev/lf/4F+V/x7/1n/4P/yBf/d/8V/+F3/nv/P3/58/86vXf/8vP/pb/pf7Z79F+Sdu/yF/5C/c/S3Hv+y3+/f+3V/nyUfH//R/9p/+TrPpr/+f/nl/05/23/zDf8Vf/tv+lf/Mr/zX/4P/c/Hf/jU/9e/9L3/1pPjLv/Ot7/29d3+3v/Cv/xX/7r/5ve//13/jX/K7/Rl/6l/2z/9uv/gf+8f+71/jr/k9f+urH/+Zf+H3/jN/x+/+S3/ef/mn/r7/2x/zP/95s7/kL/xb//P/4T/8pf9O9V/+uy/+yl+Y/6aLs3/8+O3v/D/8jf/m3/K3/IH/0/6//+cebf9Pv9/f/Z/+9Se//9/7t/yD/9sv/j3+yJ95+z/9mf/IH/gbPf79/+P/8bf/D/+P7/xP/+tf9uv/YT+z/k//wt+h+Hv+wT/y7/uJ/+mffPWv3v/rf+HZ7/Y//zl/xf/2N2z/D3/An/Mv/34Pf437/8cv+yf/r9/lF/0m1//Y9V+R/em/5Mnf8dWf8M+u/ref+tv+2n/xt/zOX/LuB//6X/NPvPyr/8g/7ePf8e/5a3/vf/rs4L/6F/+Rv/Wf+yN3/oT89W/+R/6j/8JP/K9/w2r1v/7gwYvfrPgn/oo/8T/6e/79+9s/8Wf/R29/yW/5H336D/5l//b/9nf+xP909af+z3f/k/M/9j/5Lf+q//of+D3+t//5fz78J3/p7/a//aHZX/m/vf5H/o3//Y/8o/6+7/7P/+E/9n9961/7L/6l/+7xb/wXHc/+5tOrv+fB3/m3fftffn39N4x/y//of/iF//Gjf+vv+k//qv/oL/1D/slJ8S/8Zf/pH/1P/id/82+9+9v85U/+vL/yu7/9T/5tv+rHv/Ot37iZ/6W/9W/9lx4U/9O/cfUn/vTd33Dr1X/2V3/R/DW/2R/yZ/7r//NXf/Fv90/8Kb/Xn/13vSn+3V/6dx6c/YHn/+1v//j3+I/+/O/8j//k//W7Uc7hD/6Ps//k3ePv/0d3f5P/61/6B/+2u//o//iH/t+/xm+z/4vv/ub/21/6+/5v3//Lvvxr3n38j/8OvzVFCF/+5v/bd/6vX/w7P/uNv/flv/w3/PUf/YN/z7/2x/8bf/716G/6/r/7M3/J//TxH/XTs3/72aPf+8/7/H/9v377f+Or/6n9ZaN/9Df9w/6J13/8d/70nV/0v/5ZP/iX/ve//aderf7a3+Fv+6+/85v/ef/tw3/5r334j/zl+3/Ln/ffv/4bXz1sP/vz/py/8/6j3/Kv//Lbf/U/3dx59pf8BX/tn/7Pf/qnPZz97X/sv/6v/NLf4B/+i3/pv/h//Vr/2/f/yp/+v3+N3/Sv/J//8L/xH//rf8P/5L/8x/70/+0v/0/+wT/2H/ydj36nn/4d/s5/d/3Xn/zjv83f89nf+Mf9Dy/+zv/kt/rT/4e//icWf9T/9Cv+/P/zP/oL/vef/H3+s+b3+Iv/yP/p9/qjV//ej/1Js9/u8fi3+H3+mX/+d/3j/vF/8rf//X/rP+Ef/f4/85f9lf/MX3v2z/y1P/Mv/xd/yJ/+2/0L3/1rf+Ff8R/uPv5TH/7Vf/RfcP8/+mvGP6j/yt/uH/23X/1509lf9B/e/Xv+jj/1cv07fXf06r//x/+3P/I/+vX/uL/gX/xP/9D/6g/87X5p8vv+vv9H9T/9Pf/VL/2F//L/8RP/03/4n7z4q2d/zz/+l/3UH/53/Nn/yReH/+TRj/9vf/T//Bv+J7/gD/1r/usfXP71v6go/osv/5ri7/klf/Ef8TsuPvtd/84/4nf7X3b/g1/n3R/yX/3PzT/8X/yqp//t+d+1/M7f9t/8S//YP/3wn/yzn/x1u7/13/xb/8+/2Z83ffjkz/8vf/JPP6j/iT//t/7tnnzy7dm//Zf/T9/6fb767n/3u7/7u/71v+LP/9v+vus3v+sXf8W/Uv3H9dXyi7/jX/wrH3//b/i3/9t/8Lf76/6Bj/6b3+Ev/COrx7/1f3T3N/7f/sQX/xvl2k//9bv3//nv/RN/4G/2N7T/8n9693f43/7z+5/t/bOf/6vbf9/9//g//E3/4b/8f/ul/8Q/8Xv9sp1/vfof/oe//PPf5n/9X//vX+Nv/Nf+o7/uP/30P/3jfpvmL/xHf+Pf5Hf8Z/+m5V/w2/x5v+9/+ejf+uM+/9bf+N3f7C//7f6R3/wvT376z//t/sb5X/bX/Ot/3n/xF/5uv+vf8Wv/ob/sj/m//sXf8I/9R/6uf/JP+Qv3/7b//Bf9IT/zN/3xf+H9f+/P/fM//91/lz/iN/9jir/j/7j6yT/md/749f/2L/513/sP/6u/89P/8Lf9pR+/Iy/18s//y/7d/2b1+84vH3383/3q/6n5j5d/ef43/Lv//n/9U1/9aT/44/6vb/1Pv/AvffzkH/m9/quf+pf/k8s/OS9+1z/x3/yP/obf7q//R3+nk/9k/PaP+jN+5z/g3uiX/A7/1rt/dfF3/SN/wW/6G//hf9rsT3uTHf1g70/7rf+dX1T8+w/y//VnPv5H/q3/4xfm3/9P/qb/4+/6zk/8Z3/s30f5pN/vb3/63/15f84f84f9p7/0l373l/7xv88/+Jv86t/od/l3/q/l//1r/IfXv/j/+A8/+l0+/mf//X/wn/lv//z/699v/onDf/O//r9/jX/nz/oTL/676//8v7v8O/7O/5CW3X7j//Hf/MXf+/3e/vQv/Y//u5/+Jb//n/unHP2z/87PPPgzH/wN/8a/+/v/53/nn/0rfpO/qPpj/sE/8z/77x7/dk9/z//+P/99XvxHb77zZ/3O3/lD/q3/a/TdP/s4e/37/g/f+SW/Y/V3/hV/4j/92eF/8zPbyb/2P/y5f+E/+Afe/6X/15/4L/+917/TP/6P/Tl//N/1B/4HP/W3Lhd/9f/yH/1Rf/Bv8Fc8+1Vv/rvlwe/23/83B3/jT/2F/9p/8Rf9O3/OT373B3/9ryze/srf97/+a//oF9/6iUtyRL/71/4r//evcfTn/O9/1v/y3/7vf8u3f6M/9S//++Z//L0vf9c/efHX/ye/96/zD6z/2b/m0V/2i/6i849/x9/z9X/w92a/0d/wxz/603+n//G3+nN/ye/8p179HX/t4u5f/2//ib/6dz771hd/5Z2zZ3d+6n988+f8h5f//p/+v/87/93/8cX/9qt+dfu//bv/xF/4W/zM7379H/2Hv+lf8Wf+x3/jH/4P3Kl+i3dHi+P17/Xv/o2/7e/3T15d/E6/w5/4R/02/873Dn+v3/A3/N8We3/Gv/QH7/9m/8LJP/P7/65/4O/xz737c3/NP/sf+cPLv6X9T//wv/yn7v1hf9mfdv6f/6Y/+B/G3/1fr86+tbjz2fVf9uf9KX/Ez5z+Yf/C3u/0f/0Zrz//3f/qu9Pf/Sf+xT/5n/13ftm//Of/2Ks/7C/6K5PVL/obf587/8z69/1L/7uf/rv+lT/z/m/9v/9e/9Pv8r/+0X/7//Yr/qf//Xf5Hf7t4+Yv+ul/4+/54/+DP/g/+Qt/4y/f/S3/9F/87o/4Zz75xX/0b/Hv/Of/yNn1X/HffPpnrn7f3/Nf+KPTP/5//bt+3bPf4y/6zx/+G9/7c//j/2ZyJ/vXvv/w9Duf1v/F8lu/33/xR5/9wn/nxYN/+7/+59/9jd/7jf+If+Q/WR08f/NXP3r1V/9Wf+WLn/lr/vJv/Ul/5vZ3mp+o/vR//Ff/S/V/vt76F/703//iNy3+6d9lujh/80v+ld/3//zH/52XL37H7B/9Lf6FyR/9l/yqf+R//kN+j1/7n//i9/3H//l/4eCX3PlnHv3iv/7f/7cPH/ylP7n4O//as/HfePK3/PbrX/+3+93+hr/n7/jr/v3/41f+g7/ibz77P773O/0mf/Rv/Mu3/65Hf8Z/8Dv+i7/Rwz/pzs/8iX/63/O//xd/31/zJ/zlv/Ti4K//qZ88+2vnv/zv/zt/8FP/96/xny//md/nxW/zi+q/6q/7V//Vv/wv+HsWf+3/8sv/l8f/439S/fe/5n9c/eFHv9Xf8z//gX/8/T/iX/3lB+P0b9rO/vIv/tqf/sGf8Tf+Vf/kL9r+E/7Uv+J7/9Af+tv+m//hbP1Hbv9G33nzq/6Uj/6Pf/Rf/PMfnP11L+7+lgf/8X/9l1/84n8k+eLZL/uJV3/PH/un1MXhv/+//sv/4q/9Z2arf+uP+6Xf+jt/92/9zN/zd47/1j9+66d2/ri/8tWL5o/5RX/cxw+b8e/9d/7F/8uf/h/+H7/V4X/01/+n/90f+sX/9ndfrf66z//tf/Uf/jv+13/l8R9a/2O/9X/5b/4B/9jffbj6Tf6Hv+7dv//7Xf74H3XwS//0T17/tU/+tj/vb/wf/pe/4e2d+d+49U/+4r/tP/+t/vazX/F3/pV/6F/6B/35Z7Ra9Df+5E/+0v/mHzq/8z/8Gf/6zurVr/zb/vMv/rY/dbH1j//t/94f+I9+/r/9Xv/Xb3Xxf+x//H/8+NEO+ca//6/+7q+++6t/w3/mX/0D/+Pf/f/6l+iDv/f/+s3+x7/1V/2B/87v8W//jr/H3370S/7D+f/9a3z1y37Fr3r71/7qt7/u//ln/p9/+X/3l/53v/QXvJj/H5/+nZ/9j2/r//Yf/NP/gX/6d/l3/rY/8G89+rv/u//5t/0v/tdf+i/+25//O7/sV1fZP/tP/4v/96/xe/ySf2G5/N7bX/zTv/TP/g9+t3/6b7v+cy//iF/2W/5Tf/If9w//xO/zZ/5G//lf+uR7f3X+n/2nj7/7xZ1/9Tu/15/yz/6S3+9f+F9/6r//JZ/+m2//rf/jn/hjv3j4Lzz4B/4FMln/wr/7q363X/5v/Dt/4W/7S//1//vX+J3X/+Efevn7/Y5/7D/yv/+O//afX73+l/7K/7n6x3//3/Z/+/3/8T/nf/xHfv8/4ig5+uR/+l//yL/m76Bl39/gb//X/8E/6mey//k3/Mevfod/7Xf4/f+Ixw//8m9Xv+I3fvJf/ot/+l/8t/7tf/6/+D//j//KxT+5vPsf/XH/49b/9F/+Ibu/9d/yf/1uf8Ev+O3+rX/zf333+eud//M/ePR7/dp/yO/939z/m/61v+rlu6/+mH/hl/0Of9rFlz/2B/3n/+h//O/9zf/Wn/WL7/47P/O7/E//4eh//k1/+z/v8f+4+1X2R/yj/8bvXf6dv+Ef/Y++/Od+2W908a//t//GX/nf/QN/62978hv+If/oP/Gn/c2/3X/3S3/Xb/1W83/1f/1FX33yb/yVv+U/fv8//GP+w1/w4//z6d/4h/7tv8sf9Pf81n//v/lH/cwn//Nv+Y/9Gf/z7/WrT36/k+XP/B7/0R/fECP+ij/rb/jD/sC/9f/81ff/g7/09/gnPvvN//vf6Nf7X/6db/8F5/f+xK3/4f9oft1f/s/9zyd77d7f9wt+2z/ir/0vfrs/+uVf/huM/sE/Z/l7/zG//T9+/l/+Pr/o+7/Tp7/gr/91/+T/4if+sX/lH/slr3/zF3/7wcl/8zevs1/7rxz9R7/Hr/9f/2e/9/917y/9T4/O/5f/7h/c/Yeyv+afXv2f//0f9U/8K//EfzL/xQd/37/xW/z5W//kr/39F188+zf/yn/21/vLftUf+PHf/h/+ET+4+4/+g3/cD37/P+Tv+95f9N/8Hr/t/3H6P/+W3/+ffvWckjOf/dU/ffX3/Al/5P/0X5B/83/9rv/z53/i/3Hy17/9e37B3/gf/4az//mf//v/zD98/Rt/8o/8Gf/Kl9X0D/xf3/75v9/3XhfVb/yX/5N/5z/5f+3+z//X9//hf6v8ez/553Z+p7t/wexX/eCv/3Mmv/t/R22zO9lf+gf9s9MXf/3o9/0lf+r//h/8Lr/ln/fP/OZ/9e+f/Dev/tm/+j/5bT7663/ql//9/8Cv+b8fZv/H63/83d/6n/yNv83/fPIX/8f//O/w7u/6j/7mv/VPfz76m/+s/+Zv/4//iL/ov3zxl+3+1tM//B/9Z3/LJ7/3n3725g/5aus//ou3XjRvjv7k//PP/fuuf48/4hf+z7/tH7b/m/5hRwf/02/yR17/z/f+id/mJ3/wj/05f8af8++8/q//gl/zD/qv/pz/4R/8T3/nB//E7/Kbrf/67z371/6P3/2veFdf/Ov/6rf/vn99+q/9fr/tX/Av/Cv/xu/zp/wTf9fB4X/95T/x5/1Wf8vv+7d++o/nv+93/6zzr/6X//1feflXv/4N/9g//Pk/8+Yv/r1+7A/53/+K3/83Gv/C3+6P/u4f8w8/nu0s/8TH8//kf77/X/+r7/7yX/EX/K6/5Bf8Xd/9Qw7qP2P9j/5+H//Hf8Fv+WN/8r/0T0x2fsX/9bf/sX/uP/aT/+i/+qff/yP+sdf/6Os/8W/5x/+dP/cv/x3+tp3/5g/7K/71s3/tD8t/7//9z/ll/+nVHzX6bf7X/3jxS3/zf/E//uSXHJ7+Tf/a49/rP6n+nY//kb8w+S/+p9/lH/uNv/1T/03xH/2Lf+zf/PaX/jb/8x//P/4Rv+kf83h7/9/5I/6g9u/9jX//l3/yf/c7fPLvfvLtv4FSJf/m//zj//Uf+J98/hu9+6P/iZ/Z/Yfrf+Zv/X3/7un3R3/P/v/y/B/dff2P/gH/9V/1n7z9j/+af/mf+1v+9j/+Tx89/wt+x9/uv/1Pdt79guLzX334O/6xf+0f+o9lP/1//I3Ju1/8h/4nv+B3/qd+0e/9v/99X/5h/8njpz89+W1+iz/h5I/6537Bg1/zf/xX/4R73/pf7/9Xz/6ef/TffPNfT3+bX/h3/A5/3vT3u7/1r//Vj376j//9d/6nB//9L3h89Tf8t5/+z+/+0P/1l/4r+//8j/8TR/f/p9/qF/yO/9N/+U/+Yf/bX/o//7b/+J/zD/4Rf8Z/+Xv9K+t/8Nf6J4/+0P/pj/gXX/9P/8Hf/Z/c/dZ/8u/+X7/bv/nd7/45v0/zO3y++s2Ofqff45f/cf/zP/nb/xOPf6O/66/99B/9A/6Wx1/8vr9x+dWjf/sX/vidf+if/I3/qP/sT//B+u3f9/lv/tVf/sf8lWf/ws6f+s/Nsz/js3/it/7pX/IT/0L7D/ytf+LP/K6/74/9o3/TP/Gv/FN/13+5889/6z//vX/ff/S//ar+vf+jv+X/+N0f/fNf/dWf/05/+s+sv7P+r/6l/+IPb//m3+yP/x3+6ebhP/Jf/77/2/+Y/ad/4B/9D/xa/8bf95s2/9Hf+Jv9W//19Pf5Q37lyf/8B/6R6z/2yz/qd/jj//3/4I9dt//X7/yv/fX/12/zv139I3/On/gn/Irf/K/99uT8X/3rJ7/k2e7Hf8pf/pf9+lf//E/+76tf9Jt8+hf8Dg//h8//kT/tf/pN2n/9B7/V3zp69Fe/+FP/nP/1X/tL//j//X//hx+8GP/Eu3/g985++uBXX/x3//Xh5//5//R//C5/0vlv9+3/+H/6mevf7uKr+b/6V/3Vk7/lv/m3vvVb/bev2/85+a3/5//t7/mb/uFXf+V3/vrf4wd/++/z7M/9if/ij//L/tPyv7/6X/+8P/Tp//Rv/vH/R/ZXvvvud5/+T3/H3/k//z3/7Rf/yq/4/f/wv/C3+qW/5R/99/3G/9N/+7/+KRS7/Nh//N+/+ORf/KP/g1//X/nbfv/f4n/7G59Vv+X/9ge8+2P+1Rf/4Pf+z8Of+Nf/gv/gv33xt/7df/vf/Yf8A//gP/T7/2V/4W89+W/y3/fX/09+6d6fUfzj//af9j/d+0f/09Xf9cf9mb/ld/748uo3/ScP/+o//K//jf7W3/Zb/9pf9Xv9N//2X/PP/s2/9d/0J9zf+bN+6vUf8eB3/vI3/84v+u//09//N/6ff9/f/fXoX/jd/5h/5Kt/6i/4TX/hn/CtN3/r6G/c/ev+5r/7T/ji//xrf/Jbf8Zv+Vve+Yl/5N/480c/9Q9/56/7fXf3/+tf/Pyzn/7lb3/irx7/Lv/9j/3fv8Zv8tf+X//K//Uv/YH//d/44F/81b//n/uL/u9f43f9Tf+37/3+/87vsfhlj//8/+Dq3/09fvGf8Pf+qn/yp/+vv/7/+jf+if/lF/+O/8b/+nv81H/xv/6Z/+b/9r/+/f/jv/jP/6/VP/8P/v3/fPO/3F38if/7H/mv/V9/6+/yN/zfv8Yf8Iv/wMU//8n/+fbf+j8v/p1f9jO////4u/x9f+cv/N/rf/fkf/8N/r6/6c//8/+gP/H8/3rzd/896+/+L//JxfVv92d8/lv8tX/QX/Nr/Fdf/NI/8vf6rb/43f+5/+HPXH7vb7+a/Zl/6n/4S/7Ff3b+b77Y+dv+x9/67/mVy3/93znb/tf/zuX/2P6J//z//Wv8u//iP/wX/Lb/6v/wB178g3/c77f/P1d/dPuLfw9KG/xtH//Df3b7x//av/oP/O/+wN/0l/6Hf9X/8eJ/+pv/jZ/J/tr/7Zf+G//y/7D+H3+rdxf/8P++/Mt/4z/ub7z3l//5f/u//9/+bts//pf+k//H7/rL/4F/6n/ev/f3/aV/7M5v//f8Y1/9C3uPf+lPfPfXf/WH/NWv/oTf5Tf+g//J//TPf/47X/zEL/n9/oK7v+Xr3/B3Wt9/9vof+xf+jF//z/n7srNXf+Ev/xf/5f/w4b/4N+//H7/3//R//xrpP7Xzp/+1/+Xjj//cb/3p/+ef+Onhn/HbX/7uP/GPvP4b72z9y//of7J7f+vFX/dm8t+8+Sv/yFd/zh/zp/yZ/+Xf97v8Fv/gxe/y2779bf+m//Yv/M1+5tdq/9u/8bf5v3+Nf/js//g9//i/+t0/+v3/6Q//0/+l/+1P/9V/AMWV6f/02X/wl/+B//Hf/71/9O/55/74//R3+SN+MP4rf/Ff9hf/eY//p3/7+m/6G/63H7/zf3z/H/qdfvc/7p89+CP/yL/63R/6p168Obj7q3+PP/SvmvyXf8g/8q/+45O/+u/79X/9//nX/e3/us8e/Wm7b/7HP+Jf+On/aP6f/P5/y5+W/rcHP/nTf/p3/sz/64/6T5a/1f/836b/8R/9b/5HL36rf/Lozl/5h/5Hyf6f9jf9bbt3Rr/pb/pf/GvNb7A1+V1/8o/5vcsvfqr9m3/j3/2ffvTX/BaXf/XvPv4j/9c//l/78X/zb/wHfvv/8w/5lf/IH/jb//6/99/8L//Se+9+w//o//gLDq7/vuP/5L/+FdWP/R+n/9N/9kt//F/5+37Nv/5nvvW//cn/8e/xG/3M7j/4P/2Df8Kf+ubv+59//z/qH/yb/7rt//xfmb39s/+TX538zf/n7/In/LLlj/1z7/6a9meO/rD/5ejH/pm/q7n7T/0Z+W/0O3+5ePbH/7Z/5k/+Cb/p7j958jv/of/4f3Lvz7tf3v3X/qv//M/6ff6T//af/U1/6o+bP/tL//FffP9//l0+/+v+xL3/ePT3/mN/33/4x35y/m//er/7d/+x//xX/Q3Fo9/qL/4z8v/5H/lPtyZ/ze/+x/7lf3b+v/05f9av/P3+sP/q9/p1/+Df+6/50+/8a3/p79D+gz/4Vf/A9f/0J/6h27/0N3n3Z375P3/+j/2Jf8Qf+Ov+A7/L3/2//b3/85/yH/4jf+Dv8Bf/G9O/9X/6hX/lX/9f/R6/8//14z+z/T8/+Ee/X/1j/9dv+3/+mb/i03/pX/kVj3/bq9/67/upf///+mP/src/9Rv/p3/9H/v7/LZ/19/0t/9v/92/+0ft/r7Fn/73/S6/wf/8H/yBP/VvP/t9vvVnPXz91/+Kv+fBP7P33/0Lf0T2R/6Vo//5xV//nd/0d/wj/9pXv/fv8Nv9fb/fb/jbJ6//sW/9h3/XP/Zv0lQ8/lXv/uA/9fzx7/GP/nnHf+HF3/YXHP8Zo+XZt3b+6j/u9y5ffPmH/pMv/4l/9Df84/+Tb+38jb/tr/iz/po/8Tf9/Lf+/X/TP+4v/7/+1d/pyR//+LT6y37m97n++A+6+3+N/tu/4Lf+W/6lv+2zq//oy3/kk7u/6f/2H/4n93/lH/y3fb/5J3/yz/k3KX31O7z7Xb77v1X/0//wY//lv/Q3fvw//9b/4D/6D/6Rv/S3f/SP/wd/wb/y03/Hv/zvvfszv/jbfptf9eQv/W//vi//hfpP/C0O/oGHf8HrP+If+Tf/6b/5V/xXv/j3fv3X/Df/+f/2f7z4BX98+enFn3W3evgT/+h3/4n/4rf7q/+j/+nv+m/anYO/5k+ry3/0t/hvx+2/+J//j7/e31X9jr//H/J4/B+/2Pvn/tbR7/dr/9H/25/yD/z49j/7k4/+gd/2N/69ft0/4z/e/Zv+8cl/8Vd/96/4r37JL/7tf+rg3T/zy3/Jvzf+hX/j3/af/xuv3n335d/+Lx2N/7dfTGth/9cv/N/+i+0H/8mf8Vf+6t/z//jyf97+N/+4o9/67T/wazz6Pf7o6Z/7jzz6D/78/+SL3/HNv/5//eY/M/7XPv5b/ta/n3jxX/8rvvfZ//Fj5d/8Y7/X7/LJ7/LgH/7X/pbf6B998E81v++XP5b/zJe/0a/1z+7s/sOv/oRf62//fd989kfs7f1DT37D/X/hx5M//R/4a//I3/vxxae/xepv+C/+63/1L/vLv/sX/uv/6f/xtx7+i3/fR//J/3DnP/kbfst/OP+3/4WzP/Kf+lv+vd/6+W/yi//Pv/i3/4+rP/ovfvXb/TX790b5+OrFn/97/Af/xl/527/5mX/vb1l85z/Y/k9+/9/43/4/dv6mf/OXPnz3Z/6v1//q//VbvPsl/9fv/vv9vv/bv/v7/C3/8v/9a+TXv+L3//V/ZudfLx8f/k9/4X/86d/+H23/hv/wX/Dx/1z9cX/b7/FH/wXJ//z7/cl/2bu/4/Rf+ev/tuOrX/LXvv3J//n3OvhTv/i7fv+f+gt+/T/2b3733/2xvyat6n/1D7/5y//ZP+gv/uP+yn/sfyt/m3u/c/Kn/7LHl7/WX/77/rO//h/yF/8x//BX/8jv9Tv+GX/Nn/XH/Fu/6tmf8Fve/Rt/6s+/8xP/5D/yV/43v9Xf+tv/b3/6n/l7/Lr/W/NP/uDf/i9/83/9P/7HP//1t777n/wmP/2r/rxf8OM7/9xf8Ojv/8FvtbPe+z8Wyd/+v/xnf/Nv8Y/94m8d/Myv8+cVv8df9+r3/Tf/CeKV/+ZP/T8+oXWpP+Lx77Ou3v6n/+Bv+jO/2//2J//V/9s/+4+ufvp/+m/+nD/xD/uZ/Fef/V//7u/yt/yF//3ugz/k7/v2n/G3PP7fP/9j2//6t/zH/56f+Tv+zieH//V//D/9fb/ye0f/3P/07f/zF/ya/9O/8Rv/b3/7f/y/Lv7Rf+2//N4f+Tf/9v/A77D/9u959Vcm/9vv+8f+Ye/+wj/yP/1j/pL/7E/76f/4r3n2+3w1/9f/8n/+2W/xz/3V/9J/8b/+y3/tb/B/ff6fvvltPv+P/8vf9hf9Jr/tr/3qz0wm7/7WP/J/+rt/8sf/9NPz3/s3+hP/iF/2G/0Vf8OD5E//9/6n//HP+PN/r7/8n/2tf7/dn/r3f8Gf+n/+/X/FH/iP/rU/8xf+93/o//oX/p20TP1//qH/wuEf+B+PyRb/4ZQp+u9+07/1+i8s/sl/6//+Nf6V/+Pv+wP/2v/z//41/v1f9df+n/f+19/8f/8X/7WHX/2ff/+v+rv/zH/0v/8lf/3f+Z//g3/Lv/n3/z2//8mv+it/9bPf5d/6B//bB3/T//kv/u9/67LKD3/175/9n3/h8vf73r/7q3+v//PP/At/1f3/4u/8+/7AF//my4++88/8cX/5X/pP/G//9r/2a6y+/b/8a//Un/D3/l6/0f/8d/9J/+ev8b//O7/1n/efnv3zv/hf/I9/8Ct++Ytf+Xf+JX/gvf/lp37rh3/xb/iP/zX1i3/+46v/5r+/+Dv/krf/xv/V3Pmb/udf5+/54//2f+zTq1/0X/3gl/3X/9Of+0f95B/4t/w3P3j8i/697X/mt/+Dv/03/PW/w3/1h//Zu3/n1X/w2x38snd/6B/+v/0ef9z/8t/9vb/pP/Z/3PuD/vnV3/X49/1Fb/7jP/Yv/s7fd2dS/OP/xP3in/jrfre/+CfufOfOX/7P/Sf/+e/85r/7v/7Q3/KP/Bv/kH/kP/ovX/zl3/nqF/3eX/3E//IP/H4/va5+wXfP/8Yf+1/e/raX//3f+q/8Hz/51//Hv9c//R/8Xn/U3/7J//yb/bH/3G/+j/+S5rfc+YfOf71/57f4zX7NP+Qv/S/+qX/3T7n+tf7B3+OP/COOfuzv+eO//If/gt/iD/nj/u7v/T6f/n7/6t9z+be+a//H9d/wX3+2/Zce/FV/wF/68W/3d5/9Xn/u1cfLv/97/+B/vCj/jt/jd/gDqz/3j97/F//o/+vB//TiH/xPf4/f4a/8I/7HX/pr/m9Xb/6nf/IP+9t+l9/uv/nfX/zRd/+xf/fPf/2P/an/9b/zP/7R/913X/5t/+rf+Lf9V7/89/rt/4//8N4/d/nuT3n2e/5VP/XnH/3Y//Tvjv6T53/tH/U3/dLfbvav/a1/ze/97f/4r/pP/qr//N86+Nf/4me/yW/+x915sf+r/ut/ZPw//Wd/xJ/3t7z8Y37pf/P7N3/QP/QH/Lez3/4f+5t/+z/+4MVf8P3f5z/+j/6bf+Mv/e5/W/3q03/kr/vpV3/+1u/z13znv/nbz179Z3/pT66zf/rswf9+9z/6/X+Nv+wX/Nj/9gf+1X/HX/67/xV/7V/97tf/R37wJ/z1V8X+3/Tv/f7/zZ/zf/3JxV//3/7gD//n/72tP/7qD/xrf/q7v+W///3v/Ef/9C9af/JP/67F7/xn/12ro9/+3ee/4Lf8E5Pf4zf8X36jz3/s3/jH/s/z3/un/rff6X75+L/d+kf+nL/2v/trnvx104Mnf97Wv/KLf+IvTfb/6q1/+S//7e5e/bF/1d/3+W/3P99/9t/8s//Wf/o/7xfNd168+a/+5b/6W2/m/+h/sNz/r0+f/Xkf/YWjbPan/8l/3//1a/0pf+Df8mf9F3/aH/Vv/9u/259S/MJP/6P/6E/+7Ub/wE/8/r/r6tsfb/0mB7/dL/9FP/O7/sd/+s/8vX/U3p/3z/6j/9yf8lf8Pn/ud//S7/6Oz37vx7/H3/pPvPlL/+n/7qcnd/6q+t/884++/Xf9M3/Jn/on/NE/9T/8X6e/6cUf+nf+g7/7T/7YP/Hp5U//yn/7P/hf/8z9v+FP/f1/67/hf/zradX03/hF/84/++v+6//5//Fn/Jsv/oj/5F/7989/wz/zj/+z/5Prv/4f/WOb/3z2B//pkx/7b//F3/lv+BOOv/fpP/pf7h9U27/Pf/AL7v+uJ7/V3/S3/aV/1F/64i//+/+y+b/W/vtf/Q5/9Od/we5f/et+Mp79d3/MX/xs789pd/61/3Tx1b/6r/6VX/2Nn//v83e//z/xz4/v/ib/23e//Q/8T//6v/f3/M7/2//8R/6R/8rhf/t7/cVvP3p69G/+rqfv/vQ/53f5W//5X+v3+u1/3/3mL6t/fPTH/Akff/Yf/x9/7J/wt/ybf+r//E8c/+H//N/y+61/j7/2P/mv/om//OOtv/bJi70/7k/7O/+0n6r+jPY/f/Wnf/uf+dPP/pHf/xf9I/92+8n0vzn5He/nT/6y3/9bf+vf9meO/va/5x98PPtXX/zX//g/M977Y1d/4B/yf/8av/n/8eV/+g/+Vr/v7/GH/8xX//Ov/U/8A9/6n/7NP+L+X//k7m86/6W/2//8+/3df8N/9fd8+2//M773Oxb7f/4nX/0Df8/f9Df9Kb/z0e7yb/yd3u79u3/JP/bt3+C3Wvyjv/R3Xt39Df+L67/hD/xHf9/f+E/J/+z/6w/49/7mgz/ut/kNf9M/8q///f+cX/qvfOev/+k3f/FP/mW/+0/86t/v9/ln//R//p/5y/+8v+zf/T/u/Qn/87/6V/7jv+/rP+Nf/s9/75/+vf+7r367f/+f+P3/nj/io79ytP0/Hv/Uv3j61331p/5tf8m/+Nc0BXni/9X/8n/9M//u//1r/Md/6dG//Sf+zb/Lx//9f/Dd/+Df/y//+1/9e/zbR7/vf/9P/h9/6z/5P3/3H/wVv8H//WvQasPfd/QH5v/02/Y/+9v/x7//b/xf/95f/Xf+Hif/+z/3D/4nv9X//Wu8/T9f/U7/96/xb/17/97f8Sdu/9+/xr/xF/ziuvqn//m//G/8O3+/P/KXV//zn/mf/oV/6NFv9O7Z//1r/JNHB//af/Z73f/T/7v9P/A3/bf+9r/23Z/6j//g3z39ReuL//hf/I3/7X/vrPovfvq3/c3/3b/3X/zx3/zX/fP/tvqfP/zL5j/19/430//p7/rOt/6K/+mvPP8P//7f8cHiX/3yz/70//z9/ti//t/8L37Vp7/XH/PP7/525a/3W/7GxT/9P/7L/8DZF3/51W/3Lyx/q/9y6/ifufNX/TP1n//o5V/76i/8z/79P5Eycf/J7/FH/vJ/9s//vV7/b1d/xU//fun/fPWPf/vvW/49v8lf+L/+4u3f8h/5v3+N5H/cXkz+jZ/Z+nv+83/uV373B//kH/8r/th/7Ku/41/7BQf/fZrM8q9Wf/p//Acu/pW/9g/7J/7lv/L32/1z/6r/7j/8PUZ//r//H47/1LO//F/96i/7T/7cv//e//o7/ad/yH+b/U9/3i/8Zb/TX/H3f1n9GX/VX/XqT/njf+q3+vv/xb/2X/8bf+qrX/rX/9Tf9/GjP+9P+6t+9W909NF/81v/tdn0xcEf8x/+1f/Ab/I//wl/8v987x/+C36r/+1P/Y/+27/7f3h8/z/94rf5V3+/f/mv+HN/+t8/qa7+nrO/7d9/8tud/8l/wL/2y//bf+0X/+K/6g/98//Uf+R49Ou++9N/2Vcv6r/0j/rJv/bX+0+3/t7id/vr21/xX/znP/j+2X/7i//9f/8f/Bf+mv/oP/6D/7r/af3T3/rb/rw7/8Jv/Vtd/Ab/+l/+k3/eT7/863+Df/0P+9a31n/Vv/BbF7/sH7n38s959Yfl7S99+H/9h7/hL1786rP/7W//6//s/76lyf9D/sLfdP+zy9989fud/X0P/+p/791f83v9W797kf8J9/+Ov/vv+ztf/cPfP/9lP/5r/Fbj3+5f+Sf/jXflb/o3/2P//H/y2V/+vfu/zZ/yp33/07/kv/tzi+/fX//T/+Pv9q/+53/z//57/Hp/wO/8+/4m6z/2p3/rmmzfH/Xyn/h3//Qvsr/5t/vr/o3fevtf+K//8We/6I+b/osv/rK3f8Pv9+3v/IV/26s/8Lv/1z/yB/7m/8fJf/p//xq/xrv/6N1f+k/84O/8o/+S/+n3+KN/5pP/+Jf8eosv9v/MP/T5v/z6H/lzFv/5P/Dn/+XjP/8v+6//zD8x+zX/rm//ff/sP738K/+0pz/2p/2bj/+Dj/743+njv+0f/dv/++Kf/z1+6Rf/13//z2z/s7/P/fGbP++v+wvv/4ffevFf/E5f/f6jf/w//en/ZO9//1v+sf/kW//Jf/vob//zimf3f/pf+0f/o//5dfv3//m/w52f+GP/sX/+9f/6N//V3/8Hrl/8/acHW7/kj/0l14u/6w//s/6+P+s4/ZP/kb/2T/qLvvOdP+ln/pV//E/7I34yXf+Tv9t3tx8/+13/5T/vPz771i/64/76/Bf/br988d8ulv/On/LH/e3/9vw//JP/yL/yu7///zr7q//+v/7f+d/fLrb/hj/hX/wfnv/n/+Of9Q/+FqPVX3356h/7m36Lz//uf+kf+Pf/5l/31/9d/sLn/8snf+tv+sf+fv/Kz/xfv/z/+FP/jn/29K/51//e/+Dsb3jzK77Y/8GfNv2F/9pf+rD++3/qb/8//9u7D/6G//A/+9su/jkKMZ/u/t+/xj/y43/53/Pv/SP/9eI//ex3+H1+t1/n7/v0n75Y/DX/9Naf/eYf+QU//jv8z3/zP/n86h/673+fv/UvffI//PGnlA579V/9jf/DX/XL/s5f8tWf9zv87f/uL/7e//h33fsNR+ef/at/+m//7//Lf8af99f8L83qJ/7O+//9X/vf/Pl/f/kH/h6P/rHLX/noX/g77//df/p/8uiP+Bsvf7f/5Vc++a1/xY/9O//O050/5G/+x7f+9N/87J/5Q/7RP+93+k3/8n/4J//63+m3+TX/9f/sq9/9xZ9THL79Z/6Gv+6//2v+9b/9r/hj/v37/9fv/5+8+4/+5n/v9/knfru/7jf6K0ef/HO/6G//u/+167/0nx598fmPjX+v/+XJT6/+kD/17/kv/7Tv/yt/+l/6P/7+/9Pf/DN3/u9f4zf6c0no/sB//s/9v37L3+N/+97v8j/9Bf8ppaD/wn/rL8z/r3/uf6HhHv2rf++v/r3++9/lwZ/8n1/8d5RwfvH2H/3f/4G7/+fF//5v/usXv2L5i3/Zf/1P/1///X/337/9ZdW/+Wf+Kf9708x/ya/8X/+F0//71/jN/sRf/fGv/qk/8n/9J//Xi7/5f/8H/oF/8//6/B/8qf/y3/23f9kv/uz64f/5d/6tv/Lv/zP/lv/zv/7f/+z/+9f4dX/r/3n25/yLf/jvcf79n1j8df/98m/823+P3+rdn/SX/2v/8m/4R/2HL/+nX/in/bKf+mSn+c//vbO/KvvT8u/8Vb/9wT/1y/6Av/T3/7X/7Fd/6l+99b/8I7/t3/L23/+r/vx/5e//1//0v/3yp373f//3+Bv+4/J3/v1+wT8x/en/+JN/+Mtf/y/8V//KX3Bd3/mr/oB7/853fuxv+1ebV//5n/ZTP/MvNZc/+Xvsrb/4/X/i//rn/pl/76e+98d+74v/9U/+t6//zJ/4J/7F3+3Jf/Db/Njb//UP2f7T/8Wtv+Uv+Y3+p9U/8vf9e7/wN/z1f8U/+B+/+H1/2U+/+OL07/+d//O/7q//a//tB7/Nr/7v/sV/6Zf9D+k/9x8c/w5/2//8Z/3gN/1Njx/t/qX/4k/+5v/F6uUf8af9/X/J/1r8Oy9+s7/2xZ/yg3/kO/c+/3f/wb/5n/zvd/+Tv/A3/G9+v1/zf7vz1xWPfvJv/Z9+5e//r1XtP/ib/Dc/+N2++y//tz/4Xf6Yv+/3ul7/J7/dH/E3/+Krv+qfXPy1/9vk7Z/c/qX/7B/yY9t/0j/2Wyef/Dn/5m/zN/31//of99/+4tHz3+GP+S/Pml/6v+z85H/+9/xhf+5f9af9qf9lvfhn/9zf6/f6jz75z+7f++t+99/on9n/i7/66i/6z5N/7aff/PmPfr9/9jf+/X/bV3/cv/727/5H2r/q3/jf//4ffOeP+Sv/2d/rN/0VFy9+v3/jj/zzfum//1PtL/hd/8+/bP1X/4Xf/WPu/y3/2+/zP/3Xf9kf/5/+XX/W7/en/an/+G/xl/+5v+7fc/Zb/O6Hv/vvevVH/kPpxZ/87vf951/+o1v/8j/0d3/n4N/5m/6WP+97f8mv2jr7D7/4HV+/+Ff+1l/5N/7Sn/yT/4Kv/pE/+Z//b/6T4rv/PMWD/1v5V/zxv8/rP+13v/9H/Yn/5i/73qtf+i+s/pQ/5s/7rf6d79TLH6v//Tuf/1e/x//28a/+d4pf+uv/b3/vb/Gn7vy5/8nln/0L/7eLP+Pbs/P/afyHrn670V/1t/56e//ep7/tH/q7/Pu/zq/72/+Lv+0f/df+Ptmv+hv+vNW/+bf+Yeu//af/pd/3r/9+sfj9/s4X2//Hd7/35p/5i/6a//I3+0e/+4f9V3/dv/HX/amv/rz/9Ad/9y/96tUXj/6MP+W7f8bf9p//Hw9+9d++/i3/h9/n/zj+m3+nJ3/yP/7RH/KX/RN/2B/51Zv8d/1nHv11f+jy9/qN/8F/7hd88tWf9p/9Nz9Z/2F/6fyvnDcv/sXf66f/sr/h3/3Pr/72P3fxXy2+vPPlv/2rz/6DP/R/fPvf/uK/4k998Xt9/8//X//Hv/qf//ff/i3Xf+Dj3/wP+tV/xC+8+rf/87/1N/p1vvpn//snz/Z+79/yn3h3/9Vf9qf956+++iv+03/97/pv/r2/7V/5Z/7p7//Uv7he/OAX/Gn1//XTf9Kf+bdf/uL9P+N//ff/93/3L//bftkFpa7+tt/vb/s3fumv/YfMX/0bv8/3/vGfepp9/Ft850+592/9N3/gpy9+s8Uf95v9df/cV+8+u/cn/E6Xe3/a//RnLX+/t3/5J//O//yn/v3/6T+7Pnr7+43/j7/2zX/y1/3vv+T//jV+7f/oL/39P3vzn7/4mb/hj/vb//g/9/f75Xfzv/ff/N4nv//b//AP/If/21/9R//n/8A/eP5H/T6P/87vfvLZX/PXvfxVv8n4dzhb/OV/zG/xW/8dX/6Hv+Pvlf4Pn/yKn/6t/ut/5R/N/upf9sv+nd/8b/vbr35l+Zf9uf/Of/tX/gX/3f/18b/wP/9Zf91PLv78ySf/8S/9a3/yb/iFf+ff9hf9adk/ffftv/it5o/7nf/+f/rf/v5fe/YP7/+pf/xf+uv/6b/of/09/vb/88/++/6869+l+Od+8dUv+Ut/6f/xf/6P/+un//0/+TP/61/zv/5rv/Rv/e/+/r/yf7z7S3//X335H/5P1f+2/vi/efc3/nf/4N/4S578gS//s//1l/6bL773q7/3P779v3+N5s+s/s5/8Q9c/eo/95/8PX7Lx4v/9L+tfpPiH3j0b/6rX/1LP/Ob/Km/7/+2Rwrg//x7/8Dsp/7Fv+wX/onXf+Xv+/af+A2L+7/L33b8V/6lf+jqr//dmr/6+7/67Df+Vb/0F/yhf/jBt36Lv/bx07/4v/vL/s+/5u/7+/+3f/6L49/v+z/+u/zRf+Wv2/6pi7/w3/qz/ve/u733+L/8Xf6ofyTb+bcX5Zvd/+mP+5vWv++Pv/oLfpff9o9o/5rJ2xf7v+Of8jf+UX/tL3j+2W//5O/78x+++dO3Xv3Rf8rf+u6jf/Ef+gt+j8WL/3NB2ZW/9I/9A/9Icrf+vl/82/6pP/Fn/8d/wX9y56PiP/hXvvuLv/js95n+Xf/WX9f84aMX7/7iLw//+j//P/sT/oRf8PofevG3/Bkf/xmP/+vjT//uv/Gf+c/zf37rV//Rf+8//eB3+4sv/sM/f7L3G/2Vf8jf+qs+/53/yH/k3/yL/7B/8tU/8nv95j/55yd/wl/3N734K36LP2/6k3//n/dX/v6/6bMXv8Uf81/851d/5T/76md+FS3e/8x3//J3v9c/+Rf8Nv/z9/+07z74bX+/3/Z/Xv+Hf8xH/8r/8Av/1j/1xd/zF/zOv+1P/s2/7Gf+2N/6e3/v7/jt/2H95s/58k/7M17/bf/R3/L3/O//1n9z/aft/C/Llz/zr/3V/+iffefZT333L3/9J/8zv99/9+f96Xde/6t/79vzP/HP+Y9/xT9y/Wfkv9ev/3vtkhv1f/61f9w/9uYPeffTf9u//60/6zc6/23++u+8+avrf/0v/q3+5z/5r/rPD87Gs7/m2YuXf8rf+Z/8hb/Tf/v7ffqv3//9f+t3f8j/8D++/jf/xn/nnzn861+/evvJ7/Xv/r2/wfO/9q/4y//+f/Df/ov+iP/w+d/+2/4Wn/867/7o3/IX/bt/xL/3r/+Xf93+X/2v/yF/7ff+/H/+n/liXHz86p9+8b/+gb/lT/zxv6r9la/+jU//6F/xK+79vn/9H/D23/in9/7Fv+Yf+c3/yt/g73705q/5vX6j/+arP/+3+dN/7+bRd/7yH/w3v8nf9qf93X/Nd77zS//lf+Ev+dW//v86+jf++b/hD/6fP/qXn/+in/r33/2R/+hP/XfZ7/qnf/yn/Bf/5bNHv9Wf/DzPfqd/6N+Z/0n/zL/w1/xB3/4fnh3/vi8+/m3/u93f6zf96vD1X/Sn/Cl//t/x175afP/3+N+v7/92v/qf/1/+2n/i8m/5n4v//OD5i69OHv0j/8h3/4n/5L998Xv9yf/wyZ/6Y3/wX/wb/vvf/+f/iT/kzz/73X+7f+3P+3f/uI/+uv/8V/x7//v/OD79R+7+s3/U//ITX9W/0emfN/6VL3+rP+jX/5nf6Y/7yd/yH/8rv/jqT/sD/uejf/Ev+fP++n/2b/vBX/7X/59/2Z/+5+V/7b//u//+//bv+0d//+wv++v+ld//s7vV4d9/v/i4+c/+wH/nwX/yP/7xf99v+lf/bx/9i//IL/iFf8e/nP1rf9G/8bu8Ofkr/qv//Q/++/6UO7/FJ6ff/df++v/yV+/9Y//Iyd9++T/8Jmf/6fJ3Tn7FL7r3j/0ju3/+0Xd+q//s7/7d/o2/5U/7G/7Dv/dv+GP+6b/sz/jzv/zOn/Fb3v2Hs53f7q/LH3361/8xf/r+X3vnr/3HX73+iT/sL/2pP+ZV/ae9/tP+7r/tX77/zzb/3K/4F3/n//aXfvq//br/8S/58h9/9Of91F/4R999/Ev+qp/6b36Lf+ff/neKv+n3+vX+zOY/+b3/un/tp36fe987+c9/zz/5n/j0P//Ltv75f+3P+1/+i9/6H/x3fvc/7K/4z/+7//qLB//8X/c3fuvNf/4Pjl7/gX/f3/+v/L5/7Rf/4x/41/9Hf85v/Tv/1G//5//Um//4zr/81/05f/m/+Bs0/+hv/+qP+eMe/reTj/+Sv/x//KX/+8/889//fe7/dr80+/7v+ov/7T/tn/4tf/v/8u/6p/6UL+/9M9/9B/6sP/zPOftD/vD0n/z7/s7v//V/yvVH/+DsL7//O/xW/+Hob/wN/snF3flf/+p7/+Psz/z+b/Ev/y7/5b+wd/+n/4uDP+2vffL7/Qd//+n17/Vn/6t///Vf+2L9W/yiq9/3f7j6/f6zv/HOuPjo99j9mX/w49/wL/ybLv7P2f/13T/7H/zvD/+Pf+Av/J//x3/x3/8n/+x//vcf/d2/6lf9/f9h8W//fv/Gf/6f/4PL6h/6G+d//1/4r7f/5f/+Zz74x49evP3Vb/+d/+Pv/F9/v5/8X/+BX/Hf/9W/Yu+//9W/yd9Oax2Lf/D8z6z+13/wz/1fv/8Xzv7IP/DP/L9/je2f+ff/3Z/57//D3+PP/pUH//7v/+e++Qf/jn/43/23fllz9z/+d37lf3H59//yv/N/+Xf//f/8H/z07/g9/sY5OdbTX0Qx1t/2qz7747/8lX/tr/4Fv//0N6kuqj/wL/hf/9df+X/+l3/b//Xb/r3/wi/Y//dptfzX/4MuaVXk//41/qlf+s9e/cn/ObmQx3/vf/dv/j7/96/xh/3qf+E//dXVxX/w7/4vv+rP/if/+dd/MgH86x6f/R9v/8+f+sX/4b/1M2//z3/zV/+5P/Xvb/8X1//X7/qLv/zf/oh/4Hf5X+r/8FdX2//Xxx//Hf/3r9H+jf/3r/HjR4ujv/cf/Dcf/Z/N4vo3+S3/4f/ru//HL/zn/4vlL/sD/5VP/88/9r//pcv6avmr7/7vH/9bf+tf+Lct/9P//vf5d/+JT/7Df/Gzv/J//Y2Pfr8Xv9ff+Mf+qf/Tf/Er/+5/8M/4D6e/9K/8L3+/3+b//P3/r4/+/C8X/+yv+BN+6u/43//Bv+N/+B//wPxX/4l/7X/wf/8aP/Vf/Kv/7c/8e3/B/3jn/LP/+9f4d/7Vxa/+yf/j9C+8R+7g4j/8B/7TX1D9+f/Xn/j3nv+HP/67/MIf/B+/+r/91p/xv//lh//LT/2z/+D4v/2P/45/8D/9b//d3+sX/AO/y79Dg/qz/oUvF//9L/kP/9h/+1cv3/7rf+ff9l/+n//hg7t3//W//lf//X/3P3j933/5N/6DU8rGZf/bX0uz8R/+qt+uHf2ff+0/9X/96//3r/En3fsf/69/+X/8X//8v+uX7f67h7+0/Df/mf/57t3/9Y/4/v/1P/7Tv+Jb/+7v/6f+p3/t8su/ffG//iv/xn/xr/yT/9XR7/z7/+qP/+hf9X/97dV//7//r//7r/zV9Prf+r/8h7/yb/j+L/kHf9kv+6X/45+7/Cv/tV/5Z1FwtfsbNX/nL/2/f43D//H3+pX/4B+7/MHy//rs3/9r/7m/+g/M/6x/98/59/6W/+t3/jv/63/xl1z/j7/43/3i7/7l//nv8Z0//Ff9Lv/TDy7/jn/53/0X/85fufjX/rd/9H8lb/lP/L9/jd90+t//Lv/Lr/Gv/c9/6//5+/3Sf/voqvq/f40/86//B//be//EP/cH/tZXs7/jf/+/Pv6P/q/f+Tf+H//5v//LP/af+ZV/+9/zH/53/9b/9Pj3/Af/97/nr//n//mf+fIfrX7V//z5f/IP/Bn/4Z/5q/+Bf+Xf+V9+wVX19/5fv/0v/kf/7F/9+/2L/9tP/co/8H/5Df+X/+Pf+wP/kd/rr/sD/5p/9//6k//Wv/Ef/DP/wX/n7939nf7B//aXvq3yPzD/v3+Nuw//7t/j35v/H3/339v+/X/PX/i7/knEMf/Yb/Mf/7O/+u0vWf+H/83f9x/8G//hfzv+8f/t8t/8t//7f/Gf/R9/8e/xq9/9qt/yv/zVv+h/+V+Xv7r8s/6Xv+9P/Pj3+Pv//f/8//wbf+Xvd/H9P/s//QNf/Ov/++/7q37pX/+b/JK/+7f9x//A7V+1/tV/z/IP/N3+47/7HyShoPd/xd//8OHi7/sf/+n//u//F37J//nn/1//4T/61/8x/+Hf/6t////j7/0vf/W9/+vP/z3+9V/yR/5f/9uv/pLEZUGp1r/ze7/6H/hn//t/99/5A3/wb/4Xv/q//9++90/9jf/h/3nxf33/D/yn/s7/68/71Udf/rV/4H9NAvB3/V//5q/+L//vf/s3Tn7j5PHv+vTLkze/z8vTdN4uyvTlV0+en52kH23fvfvdeyd37z598zT9vb/95ovn6e54J31TZ8umaItqmZV3756++Cj9aN62q0d3715dXY2v7o2r+uLum1d33wHWLl7WX7db783xrJ19dMSdc5/vFuWy+SwCaffhw4cCAM0fz/NsdvS4Ldoyl7fvyu+P7/I39MGkml3Tz5Sex+dVvUiX2SL/7CP8uvtRusjbeTX77KNV1bQfpdkU2Hz2UXPdrsZZs3r3UVrMTFsAmxWX+FEsV+s2ba9XBGhezGb58iMF+/v//j95dvrd12+O35zKu8EHl1m5pkZ3r05fPr366vnzN6d7X7z5ffa+fDq9/uKny7c/9eLd3YPnk/v7Xxbf/Yl35Rc/Wf1e53tvPmlOPnnw5UfpXfR8VzDQ8cgf+FU/0K/ld6DN7ygJiCZEtqPfOPl/AFePWELmegAA" />
        <Entry handle="34" bytes="H4sIAAAAAAAEAO29B2AcSZYlJi9tynt/SvVK1+B0oQiAYBMk2JBAEOzBiM3mkuwdaUcjKasqgcplVmVdZhZAzO2dvPfee++999577733ujudTif33/8/XGZkAWz2zkrayZ4hgKrIHz9+fB8/Ij4/e3bwMJv9Gr/zr/Erf41f4y/+i//iX+Of++U/9s//r//yL/u/H/5Lv+rX+Kf/l9/7X/3lv8Y/87/+xL/8v/3l/+Wv+iv/m//99/rX/tdf45+lT/63X/of/G//0f/6f336L/7Kn/q3ftWv98/9r7/GP/W//qH/8f/+Z/yX//s/87/8n8//pV85+pf+19G/+L/9Gv/Er3j+r/zKv/a/+T9/i3/+Vxz8S7/yr/4v//ff4Z//3/73/+v//l3/hV81+zf+t7f/1q/6Tf65//X5v/Ir/pH/6f/6B/6H//O3/+d+xZ/1n/3q7/wr/9uv8U/98vbf/1+/+jf+13/if/4//+H/+X9/8a/9yqN/8Vf8Xv/a//b4X/qVT/+V/+3X+qd+5W/0z/7K9b//q57/K//b7/rP/aqzf+V//W3/+V+e/Vv/6//6f/7ff+d//3/+F7/q/3r1r/7K3/pf+FV/+n/6v//Cf+FX/Hn/xf9R/fv/6+/2z/+ql//K//rsX/lf63/3f/tl/+f/9eRf+l+X/86v/Av+y1/1J/5nv+rf+hX/5yf/4i//yX/5V/3Mf/Srfpd/8Ve++Ff+t7/6v/7Vv9G/8L/9z7/6/9z9F//X5t/9Xz/+53/l7/rP/cpf85/7ld/65/+3O//ir/xt/tlf+epf+RW/17/8vz76F3/l7/bP//Lf9Z//Fb/mP/G/jf6FX/F//d//5//1f/1f/8f//X//n/83/8Rf+OP//r9/Nf3xf/7f/8f/+X/939/5V3/F//1//R//1//9q//v/+v//L3+5V/+6F/6FU8I1L/yv7z4V3/5d/7VX3nwL/2KO//crzj7V3757/TP/q+/87/wK//h//H/+Opf/9+e/6u/7OBf/mW/+v/+Pz7+F3/F5//y/7rzz//KV//a//YX/1f/+x3g87/+2v80zcv/+uJf/V//m1/1f/3a//T/tv3P/2+/9T/3Kx7+i7/8P/iV/8df8l/8n3/9f/ur/9tf9X/8+D/3K47/5f/1d/rn/9fDf/FX/A3/3a/6/f+1X/Ub//P/y/zf/VVH/+ov//X+2f/tj/+P/88/9j/+3/6Y//j/+KP/8//9j/nP/o8//T/9lf/9//5/f/Yv/S//86/61X/Wf/Krf7t/8Zf/hf/Vr/rd/4Vf8bv/C7/y43/+V3z5L/7yT/6FX/nwX/nlH/0Lv/z/oqH9H/938s/+r3/zf/Or/+b//n/7m/+7/+PJv/zL/tn/5VfRWP/pX/6r/7lf/n/9Rf/lr/o//+///eW/8sv/9P/sV/8p/9mv+jX+mf/9+b/8y3/V//l//Y3//f/xv/1f/9ff/T/+6r/nf/g//oH/4X//r/73/+PFv/TL/+tf/X//t//7//nf/u//9//1f9Os/bK//L/+Pz7553/Zf/Er/6/X/8ov+6l//Vf+3//X//7j/+KvfP2v/q/H//Ivf/2v/fLf81/5lf/xr/rV//Gv+j///f/1Vz//l//3t//O//rxv/wrHv9Lv/z6P/jfTv+lX/mb/fO/7Om/+ivG/9L/Ov7nf8Xdf+F//Z3+uV/+6//zv/wv/ov/wt/1X/hf3/77/1v57/5vF//W/7r7L/7ye//S//rxv/C/ffwv/O9/yV/yl9BE8bzhx+/6q36dXwPPCP9AJn6N3+D//jV+9f/5O377b/qL/uE/9Df4Lb/1+/5Tf9Nf/I/+Yf/H//HZn/ftv/kvOf1jf43/9df8t/6pX/Sf/gN/Ynryx/xOZ3/LX/ZP/6lbr/+K/+7j//kv+Wf/zJ3pP/Pnnf2tf8U//+ce/IZ/xT/9T/+t/+U/9Gcc/aHJ9/+rP/F3P77/f/86v8l/909++Vf/nvv/10f/RPFb/s+/y5/7R3311+791v/Vf/Ef/vl/xa/1l/49d771R/6H/+Bf9X/8S//H/j97949/evh7Fn/OV7/sX/8Lv/+3/sRf/Jv8vs2/+fv/zn/v7/mr/vXf/J/6E//4f/Bv+D/+i9/sT/tL/4mtP/eXFv/aX/SLfvFv8zc93f8DfvWvOPlTf68//nf+8/7Pf2Pr9B/90/6a/+LT/+s/+t2+/ztc1P/KP13/Xz/x1/8Vf8Qf/+f8W7/HV7/se/d2/vsX/9pP/+t/zX/xz/6PX/zPB1/8sf/O3/5v/43//D/4T/2f/8Ff9R//m8//ud9j/4//v//lP/6v+reuf5ffu3ix+r//qb/tv/xD/pBf58/61/63P/TP+St+g1/w93789Ff+t//qX/rgv/gDz//rX/7n/qN/4n/4t//Gz//kf+N3bH7p7/6v/+u/57Pf9/hf+h1/8Of/5b/PT/2+v93//Jv+rtf/UvoH/Rq/9N1/9A/f/b/+sn/5t/o1/9Tf6k/5dT75Pf+z3/OP/A2+92etjv/As/vrP+j3+Hj0N538gt/4j/qJf/zX/T3+rr/8T/t9X/7W/8SXv8u73/fX+DV/7V/yZ/1NT363X/xn/Z6f/zqLP+C//Bd/vd/3X/qH/titv+Uf+1dOf+0/6k/6RU/rX/BH/BZ/4m/y7/9p/9CP/bZ/49+U/jqP86ezP+v3WKS/5a//W/3p7V/8Lz7+L9t/+Q/+dYud/Ld8Vc3/iz9x6w//s1a/54/9wt/tT/21009+jSef3z37m39V8ts/ffc/Pf91fvM/6bf4Fz+69zf9ln/O0z/6d/qHvv1r3f29X/6hu3/iH/drfvmb/xN/1j/+W6W/wZ/1D/+Rv8Vv81/933/Lr/Pb/N7/3u/5L/6ul//9H/UvvfhtfsXnv8+r9F/7Lf7QB7vlH/CP/Njv9eff/xd+nT/5F7z8Q3/9P6JdnfwR01/nL/5rfsM/ePTy9Nfa/t9Ovv1r/p+/09/0r/3g/z54+ev+hq9+nf/0N/0Nt/6yX/P01/5dy7/iky9Gf/Xf82f/Hr/+t/+mf/o3z1/+rr/Bo//k//jl/+Jv+RuXu//4r/lTf9yf/Acf/u1/wL/0m2ydjP7xZ7/Vrz/7i/6YH/8P/qv0+Hf7E/+sl3/473H5G/xt/+Gv83/+nr/Fs1/7z/ifjv/RX/N3/I9+4t/6+3b/6zv/Urv8s5rf89f8pT+z+ud//d/n3/qDfrvz/X/sl33+rezvmvxev+DX+e3+kz/yd/9jf8+f/Hd/jz9l5z/6tX+P3+5/+j1/rd/isz/rP36y/xPHv/A3/w3/om//Zr/Or/Xpv/eb/dN//L2/6Q/+U7+//sf+49/m1cX/9Cf9pr/O2V9//Gv82vP/6C/51w7/mH/u/66T3/GP2f81fr3f9E9/8798O/1zH/6Xv8bBrz//tf/p3/LX/I2yf/E3+HXf/aH/2MdnxX/xD/34H/Izf/Af9ODXn/3E89/t4e+7+kP+yAe/6l/9vV+//b3/5X8o/WvbP/kP2zv7nf6m3/B3qP+9X/TbJP/I/3H8D/8ef+Kb3+IP/20vXv4rv8Fv+Fv89X/kH/Jb/ca/3ct/7Lf89f+xv+kf/21+y//pz33xeyz/p9e/9qe/wb+6+kd/zad/wP/0j/+av346Of6JT3/F/E/7PX7B3/dv/Yu/2a/5X/2iX+M3Of2rf+Wf+Dv/Mff/k1/jd/z+H3T8T/8uf8If9Wv97r/JH/Tb/u2//A/9Nf++3dPf9tf7n/7gX+e3Sn/NF+/+oH/nf/ub//hv/Vv/0MHj3+zf/D1+u1/0B/32v+9HH/1df/U/Xf9P/+of+mv/dv/ob7L4vf+J3+0Xrn6N9K9bpn/fv/Nr/Sb/0m/2B/346A/49e79Vf/wVvIv3f8D/6c/4tf8P+enn/3fv8k/9Mf90r/qL/41/rc/+o/56s/5S37NP/rlr/ULfoP5H/wb/Q1/0V/zt/5bT/f/75f//O/x1x3/ur/0T5v82r9g6/g3/k3+oj/yt/49s49/8+zHfvv/5j/+E3+9f+wP+B3+nL/q9/z018t+vb/9n/qHf+PnD3/Pj375H/Qn/tp/2K/9m35r69f49X+r3/M3+aV/0X9Bffye/+vftPoTf72X//Gv8cf8QX/wb/36wV/0B777g3699p/6R37rn/mL/6D7f9k/+lv+t3/AP/IbPf1Df/tfmk6S/+uP+vW/9e999Ifu/Hd/0a/5K/6YF7/Ho3/51/hd27/ox/6bv+vXPXr1e/7av+no9/zyP9z69X/DP+D3/GN/+3/p9/y1rv+lPzSd/Ul/6K/+zbZ+k9F//evf/xOO/8ijgz/4d/mH/qm/5Df9DX7id/vqt/8vfoff9H/7I3+Lv+gX/Ta/0//0a/6av9Vf9Wf+Hv/Df/QnPv/t/uJf9/f4g/64ez9Y/ZqPyj/o1/5z/5I/6Lf7bdJ/+sce/Xe/66//m/x2/9TO//R7/tq/9Pf8V3/hP/43f+eP/Lfe/En3/7tfb2f7H/nxX/r4D/sH/ta/6R/fmf9jf+L53/Zb/pF/w1/3X/7Gv9F3pr/Hb/K7/o7/wZtf+Iv/lT/gj26e/lN/7t8232/+mN/827/z39D8Nvf/ob/4k1/wW/wGf+Cbv/TRH/1X/cIvR3/ybzD7yb/0W3/7L/8ntv7a7J/5nX+Hf/Sv/bv+qd/tN/7pX/M7/+vf85f8Nn/if/DH3vkt/uF/dvo/7P1Ff9UvP/v8zzybvvlTP//t/94/4Nn6n/6Xv/Pb/Ob/zZ/41/8Vv/voaPTtn/xHn/xGB7/VPz76yf0/4I/8v37i1//7/ojf6I//+/6eF0//o9/zd1j+W//k+Pqn/7Xmn/rL/6Q/6Nf4NQ7/H6vPWqzsCAAA" />
        <Entry handle="33" bytes="H4sIAAAAAAAEAO29B2AcSZYlJi9tynt/SvVK1+B0oQiAYBMk2JBAEOzBiM3mkuwdaUcjKasqgcplVmVdZhZAzO2dvPfee++999577733ujudTif33/8/XGZkAWz2zkrayZ4hgKrIHz9+fB8/Ij4/e3bwMPsbfo0vf41f+Wv8GrM/5R/73/7P/+tP/lv+zXu/7x/90Wc/9Sv+9//zj/3r/7W//p/4j0+u/7b/8//8v36nve+c/uK/+6/4h//9x+Vf/Hf/8//ZnbPyT/vb/q3D4s/7E/6mf/1/+J9/1d//r/zn//F/+8tf/eH/4L/+H/8Pe//Q//DtX/r3/ur/6/88bv+63+MX/VX/9L/93/zn/92v2Pt9/vD/+//+1f/Gf/I/X11dbf/E9e/+efGP/xv/1Z/9d/w7T67+5kfnf/bvcvDmYPqn/xYf3fuv/+f/9UH2p9z9yT/wX/j3//t/5F/7L3/yj/qHd1//zH//P/+Kf+s//1/+gr/73/5f/7f//W/+p/6jX/qX/ksv/pC//9/7L/7nP+iv+Jd3f/IP3X65/k/+m1/2R/zV/+I/9K//V6//iH/4t98++Zf+w//hL/77/91vPf9Fv+ujn/yv/4f/9bf53R/+Nf/Yf/AP/sv/9eLP/md+t9/z+7/w6fl//T/9b//r//q//zX/2H/8T/yb/+3Ws5/+Zb/yV//ef8w/fOf3qv6Iv+Zf+T/+j//79/vj/pHRi/X/8Mt/1X/3P/3vv+jP/2d+8Bf/C7/w83L9F/zzf/0/9u//77/6//gr/5H/4C/4e/79/+i//OW/1x/09/87/+n/8Jf8/f/BP/yv/ldf/ZH/wM/8Jf/C73ac/e3/zH/+V/8j/9H8T/8n/rJ/4N/73U/O/5y/69/8A/6Ef/R/+VW/6g/5q/7lf/+/+l/+6X/7v/+ff/mv+p9/2a/63/73//3f+U/+l//j//g//uZ/+j/93371/1X+Of/kb/utz/7Av/xfvPvmD/y9/5h/7Dt/8N/zF/8lf/FP/XH/8Pov+Gf+tn/uP5//mf/k9quf+ehk8j/9L//r7/sn/GO/+v/81f/zr/g/f/tPfo8/4q/+1//Iv/5f/pP+xn/9//jV/+fVX/LPP/9D/qH/7H/85dvPm4+PJ7/g/ss/5+/+d/6Mv/Pf/lX/2//1l/5D/8Hv/yf/Yx/9nr//7/Z7ZKs/95/5wV/2z/6r/+H/eP/3+xO/+8f8A3/7P/uf/L5/7D/yrZfvfo9f/Lf/BX/vv/Pv/xe/4o/7G/6tP/Sv/tf/hn/yP9n//f+4d3/BP/fLfvmv+i1+l51/6l//L37LdOeTL5qD3/9P+N1PJtsvrn6XT19sv/nFv+UvfPB//1//9//9f/+f/xc9+JeI93/jN/r0//o//k/66v/6P/+X//VX/c//6//+vT/uH/tffsX//uUf9g/8b7/6//hP/ttf8Wf9Hf/Gr/o//u//+Zf/6j/37/73/6l/67/5337V//W//6r/6y/6e//tv/If+g//p1/2f/zK/+3/+Bv+sf/0aPmXL/6Ev/Fv/Mf+o//2l/2v/9i//t/+wm/nv+x/+z9+xf/2f/7z/85/+8/+u//t9V/4L/23/8uv/qP++n/9k28v/85/9j/9zX7X8b/zX/yy3+bjh7/oz/kndv/B//6//J9+1dM/8O/9e//F//IP+ev+le/+Ef/w//Ar/s//6Vf+qtmf+k//3f/if3Hw03/+6s/5537Rn/fP/VX/6L/1n/8Pv/LB+Z/x0ck5BvF//9+/66/6dX4NPCP8A5n4NX6D//vX+L9/7Hf69t/0F/3Df+hv8Ft+6/f9p/6mv/gf/SN/sx//zn93/5/7C/+xP/a3u/fT/94/tfvjd/+A/2v0v/wjv+ff8pf903/q1uu/5vf9p/+Wv/yf/TN3pv/Mn/fb/62/86/35ODH1v/eP/23/pX/4l/4a/+f//N/8q//sd/9p/7Sb/+p3/r+P/O3/dX/6l/58i/9zp//nb/9p//13/93/XUnf/s/87f/tf/m3/gH/KOX//5f81v/Vf/23zr/V3+T3+mf+Tf+kn/n71z9p7/fb/Rv/7N//b/39777Zb/JL//L/86/8ff/2/+Bp3/U//Z7/V2rL//h//t/+x1+v3/ut/voP/kn/qQf//hnRn93nf8zf8a9e//EX/d3/7Lf/1/4zf7A3/z//C9/07ff/wP//v/rf/4t/vo/59/8m/7Af/CP+St+mz/jf/8zL/75v+i3/2PG//tv+mf9Q3/xX/VLftUv++c/+e1+8h//+369f2X85/wff8d//u/9Rie/8D/84//23+7ub/YP/ym/6X95+sf9R8s/8B/+7x793//g44PJH/KX/hO/xa/c+yd+37/998z+r3/l1/8t/6v/9lf8g7/fP/but/69Pvv99to/PP2NfsWXf9D/8Vv/rb/+/n/0y4+f/QafPv6X//gf//t+xX/ye/30v/IP/xt/4R/4n5/+bT/19pf9msd/8O/4P/5t/9DJ9qtf/nv+M7/eP/t7/8Tnv8s/8nv/Wb/TT/wn3/+7/q0/8Md+xZ/y77z8x/61X/Mf+vV/nd/u+B/6Hb7Y/zV//V/4f/5Bf8qT8e/2G/0lyU//yt8+/wv/uD/+X/69/9Lf89f9p/7g3/C3/OzN//wP/dqvvn38a/3Yf/nuPz79zX/Tf+hfnv4mv+uf9ZPfbV7+C3/W7/rkv1783r/v3d/7b/6D/5Df/O/5md/zn/k1PvuT/qPpn/Tr/MxHf/hv+Ph3+09+rXHy5zW/ZvH3/0v/xn9xXv0OT//K7/3V//PFHz++M/uP/5Ff//Gb41/jF27N0j/ydyzSP+mf+h1O/7h/6A/9Df/2/+xP+aN/jV8r/79/xV+V7def/zu/5Mn/+Y/+k7/B6vHLf/w3+OKv+81/zfSf+X3vHf/4r/nP/aI/7Dd5+ue9PP0t/64/6t/+x3781/qZX+cf+ev+tmc//bJs/4F/6p/Yfv53/U//0G/w+/1tv+evU/zeP/an/UFv/5Ef+/F//pMv/rX/5ff8zZ//Zb/Gr/d3LL+1/zv+xD/+6/yyf+7X+Lt/+c6T7eejl7/nX/pv/pof/7l/0P/9Z/3Bv8Gv+bv9vv9J8Zv/8//R9/6sP+1X/ut/+u/wa/yJ/8cf8898/Gv8nid/zuk/Nv+d3hZ/9O/+P/2Jv+ar/+jVr/utpPzN/tJ//N2//F/9i2+f/s97ya/5m/5ur/7Y37z+z/7iP+flP//b3/8Ddv+4P+af+DN/6zv/2Pf+8R+//y/9d9/96//u//31P/drPfvjVn/0b/5/bP34y9N/YvZn/s2/56/5O/zpf94f/2v+RX/S7/Vb/5ez3+IP/td+yb/+v395+ff9az/xG/5Op2+yp7/+09/0/97+86q/4zf+0/6cu3/Hb/+7/wm/7W/6J/1Df9iv9Xv+Bp//bd/75//n//VP3Nn5Q9Lf6g//+/6l3+Yv/D3+/d/49b+2+nW++qyuf+tf9zf4Xnn8J/8Tv/Cf+R/+57/8z5//uf/kT1+//ct/7OP/6A97/s/8HX/Fk1fn//hv+Js8f/Mv/6G/+e/4m331m/89//zf/Ffs3v0HfqNf98n3/++/7H/+S3/zPzD9zf6IX/zFv/Hr/nPFaPSv/PO/+W/91/0ln/8Gf2l677fa+YfL3dPf7h/+937i1/wNP/2fftu3V39ZsfOP/jr3/rS/9R//zT//ff/kf3/59/9Lf8hv+jN/02/6m775i36T9V/0D/+67b/09/3b9+88/Ef+rD/oP/+L/srf+g/8m/6h32j/X/qDf5P5P/QP/4Z/X/rr/Jrf/ud+yZt/8nDxm/9h23//b/AP/djf9Kf9uj++k7Z/+B/71S8rf+WfmP1Gf+j1r332D/2O/8JflPxY+5dc/9/pr/en/t+/33/2G28d/Nq/1q/3b/2av/Nv9hN/zK87P/m1fvc/69cpfpP/6de8+OP+01/rN/ijfs/7y7/ojzz7z/7j5P/6u36bvX/uP/qDfu2/7Xf9serdr/1r/wvv/qjfZOc//V1+3d/uD//Wn/Hyj/id/7df8zf8Q36zp7/R6G/6Q3/t3+7Xvf/3/U3/2G/yD738tR78Xb/mL/it/q5/9G9/8uTX+zXe/Se/1Zvf7B+786f8rn/Uk//uN/9tfqM/69ctfqsf/0f+6T9rlf4Dx7/xb/S//c2/3vff/MG//j9w/VtUq9/7D/qx3+kP/R1+3f/q2W/3d/zKP+6T/+MP/e3/zf/5z/uJP+pf/uP/gP/uRXpv5x95tPcP/zovf7P0tzz5R/6xj3+7P/g32fsN/vDf5A/8i/7R3+53+5N/7Lf+7X7PX+sX/Vd/2P3f5Pf8Q//Ag+lvvPqDfu0f+ye++nXufvvX/C3v/FN/0G/xv/5Lf+Rv+hsc/wbJb/cP/3qvfs9f6++4n/3OW3/Uyf/yf/3P//ev+/v8Ov/xr/G3/56/1q/z6C/+df7S/+jX/7X+xH/qD/sTf4PfbOuP+Ct+jR/7y/6kf+g3Xv7pv9OLj/6wZ3/hr/4jH/wg/cN/87/uP/51pv/pb/z9d//xr7n4PX/P3+qf/pP+oB/b+5N+jf1V+uv/wv/qyW/45/zLf9Xv/zf9w7/x/a1f/8Ff8j//cX/yf/wf/6Z/9P/06/wav9lP/Aa/1p82+bFf9fIP/a3/qL/o1/744A/4Ne/8Ub/m7z76m36tH98a/7p/9m/whz393l/za/3SP+nX+nUf/0m/7i/89f6hP/Q3/eN+jd/89W/36/0Gv87OH/Vb7f8av/7uuz/od/3rfo1f8+Jfe/Lr/hb/2z/5S/+gv/g3+XX/st/zt/hXfrM/fPS//NV/zG+79ev99n/un/QH/db/1T/0b/0uf9s/khzs/COf/G6/xh/+l2T/4p+a/NG/6eIvO/6DvvWv/Se/5e/9X/3h/9Yf9vrOH1v+Wr/1vd/719v+x3Z+7V9n/8eTv23+jxwlf9Cv/Tv93//Wf/Fb/Tr/1j/x2/whv+uvufjf0j/uH/m7Tsa/wf/0x/yaf98f8vkf/L/9Qb/h3/b013/8e/4af0HyBzz5tX/B//THzGZ/wK/5h/5Pv9Zv+dHv+kcc/m//6W/3y/+pP/Q3/sf+pj/2dyqf/Ea/9d/1h/zb/9f//Gv9lo9/jV/zp3+DJ9u/2f/8h4/bvzj5zf+kX+M3+KX/8R9b/E9/6G/zh/9mv/Zv/7/+xb/WT/0av+dv+df8Bn/w7/F3/EO/5m/19Pf8HX/jf+nX+/UPfo3s8s0f/Lv8Wgd/0M7BP/1X/LG/dO8nv/3fnn66zP6NX/hX/ccP/o47v9NP/2EfPR39ZX/pr/0P/12/66/7D/zBf8jvV/6uv9EvSX+932H+a/7Rv+r3/SN/o+/+b7/u7r/zZ/6xT3+d7Lf/Z3/v3/O3fPHyj/6N0v/o1/kt/q4/9Lf57f6hX/PXSv+SX/Pv/Lf+4b1f4w/4Y36zN39J8qet/7Ef/OG/5r97/Jtlv82v/iX/8m+2/IO/+rV+5g/4v3/N33n9D/8Gf81vdu/s933xC/6Wv+vz/X/p5R+Z/UU//uv+vf/QH/Jj/8Hv+eslv9N3f93vr/+nz37qf0oePE5/rd/sP/q1f7Pf+W//ze4U/+Wvsdr55Hf6T37iH/0N/vR/4i/6Lf/3X/fX+r9e/iH/+v/0a/3Gf/Af9Wv8Vr/Gn/Rr/GW/5u/5G+z8b3/Ot/+pT3/TX/fNR7/Vv/Nv/Z6/zr/xD/2mi6fpr90e/EMf/XW/za/5u/15f1BS/wanyXf+4T/yt/jz/qPf6bc4+IN+/N+697f9Fn/dX/RbPP2vfs9/+f/4j//YB+nv+Rv8Tn/Sye/62/xHf8TL0a/5m2/9Kb/G2W//J/8JP/Vn/RrJm5cnv/6fkP1av+6/9Gv9ur/F33Tya/0Nv+ev+Wv+S8e/8cFf9If+1r/bT//Gd57+Q7/OX7H6Tf+rb/2f2V//2/2jv+3/9D/9I3/ej/1myR/+z/6Laf7u6Y8t//M//jf/mfTX/j9+uz/qT/mXf7ODv/7X+C9/u+T/3jr59f6cP+kP/o3+qr/vN/ob/6Rf63f/U9K/7dfeSv+e33jn+Nf5ff+kX/Ppzq/x6776oz49SL77O/1b/8Uf9Bv8p3/Ub/Y3/DN/0x/ya/4af9Gv+dckf9j4v3j8h/zOv/yj3+Rvmf9av/bo+E/4rff/od/qF/xvv/5v/u3/6Tf4Df65f2jr30l/z/TZf/Rr/faP/6Lf6H9a/eMPPvrN/vg/7Jf9k3/JLzj/o35i/Cf94d96961fb/mLfucnf8b//Edt/WPJr7f3H/2ev8bv/Zv/E3/g7B/6Df7t/+pF8/Qf+WPv/Gf/yW91nP7DP/bpP/irftPf9z/5Df+c3+DXvvvp//RH/eYvf9d/73f7vX+tX/8o/TV/6V/00W/x6/9D/8QfW07/++M/L/ud7vwdf9Tv8YRk6Lf7i3+DN//Qr//bfvt//jWf/QF/8S+4/x/94/f+l5/4NX+/3+g//h3v/E2/1u/4H/3Ff/jqz5r8Rr/yz/7yN/3Br/Eb/kz7a/4WP/5H/UP/96/52/1Lf9hvMP9Hfs1f77/+m47/sj/tz8l+p//k1/4Vf9qTX/s/e1P/oX/Af/yb3/09//id3+83+w1+k7/q2ZP/69f4df7b3+zX/gfe/A5/yXd/p3/8b0qSX+PX+G1e/rrbf+av+T/+Sb/mr/3y1/2bXv7GP/YP/Rp/9u+Z/Jl/0K/9B/1Lv/beP/Tr7v5Fv8Yf/pv9mr/LH/Drnv0Bv/Zf/Z/+xp/8Sb/2X/MH/XrTH/+tPv6H7n38F/3Gf8h/9Ov9UX/Ab/j4Dzj7vf6hX//+f/YL3vxNv9Yf9wf8pr/Xzq/1W/xHv8a/8hf9mn/IvV9r6w9IznaS9R/0a/3Gf9Cz//M3+zXv/wG/6bPm0//mu7/Zb3f6W/39f9Gv/xv/Gr/+37Xza/3Rv9lv+K/8xB/46/7Bv8bf8gdc/FV/8m+cpL/ub/Uv/Ua/f/ob/NV/8G/yv/xnv8bv/gf9et/7A3767/vNfiz5g37Tf/v+b/Ct/7L+tdNf9/f/m36s2Ul+wz/p11v9Ab/Jr/E3/Vp3/u9fI/lHX/86v8v/9Gu2/9Cv8Uv+oE++9Wv/mn/vn/Rr/nq/56/zu/5Lv/6/+ct+w++kv85f/Sf9Bn/6n/TrFDvjP+vX+KP/zr/o1zr7h37b9n/59f7A/yn5yV/j1/3Jv+jXGP9Pv/Zv8Xv+mn/pv/wb/i7/0a/75jf7dX7vX+PXWP1mv+bZ6td7+wf9Wn/u6td+9vrOb/RX/mb//L/80a/xF/0af+fLX+fZf/Tr/3v/8G/z5+//Zv/46tf+n/6AX/+vOPk1f89f4zf93Xd+k79h9dnvevxr/ynpr/kzq1/n3zz+XfO/6Nf4k/+kX/PP+oN+jS8vf62/+h/6tb/4PX/sX9j5Nf+hl7/Gf/En/div9wf8Wr/vb/Zjf81/lBz+Q7/Bn7nza/3k6tf4dXd+7Kde/lr/6x/06/0X/9Ov/zD9NX+tf+jX+BtWv/b/uvNrfudv+jV/i5e/4W/4H/0av9HOr3fxB/1af+Mf8Bv8/r/nr/9vpOnl3/Tr/W6/xm/w0/9Scv9PSv6Wf+jXbP/vP+DXGv1PH43/pl/rs3/k5bOd3+A7/9KP/UX/Eol58of8q7/Zbzf9nf/+vyj5A/+AX+fP+j1/jb/nD/j1H/xWv9Efv/Mb/1t/0p/+6c5v/Et+s98kS3+rv+De7/KP/Bq/1u/6b/yOv9Z//Dtm/9Jv+A/9Ab/jX/UX/9q/zp/06/5Xf9Ov+Rf+Tb/Gn3vxJ47/px87/Id+jV/3D/iN/r4/6OWv+id+7P/+h3693+LX+DW/n/46v/bOr/fb/p6/5u/zJ738u/+lP+uTv+jX+Oxf+cV/9h/wG/yuf9D+0e/5a+S/xm/wG/xNv9HxX/T9j/+mX/M3/od+3X/0T/51fp3f8zf8s/+nX+M3+sdffvIH/Tpv/oBf63f+i37B451fY/E//Xp/QPob/yl/EFH/x/6I3/7X/87Ok7/6D/19fo29h3//f/Rr/h+/5/f/sj/oN/y1d36D49/s1yl+s19nN/0N3vxJv94P/rRf+zf8zX7tf/jP+o1+7z/p1/tnV79W/if9Rv/JL/z1/8q/6Tf6J//vP+l3+HbzO/812a/76/0Vv+5v/Df9Jv/E/V/jfyh+neQP+LV+253f5f/+h37d//rX+DV/6z/ot/61f8/f8E/8PX/DP/Af+nXv/kO/4V9//9fY/pd+rf/jX3r7m/9Dv+m3/qVf69f+A37Dv+ZP+jP+wZ1f58/+g36N3//XSL7YufvVf/Tr/m5/0q/1h/5Bv8Nf+gf8hj/+D/2mv/Iv+o3/9Je/3i/9g36Dv/kf/42zf3Kx8z/9Of/4P/wb/vT/9Ot/+2/6tf6WP+k3+iNf7v5W9Se/+9/2mz3JfvO/fyf5Xf+i3+Sf/49+7f/m5a//X/1Jv87fsPo1Xv5Jv85Z+utNfo1fd5H+er/+6tc4+3N+nf/91/j1ZmnyY7/izid/0K/xD/7Hv9c/+B//pp//Zr/xT/1Dv+HiX/p9X/9Pv87rnd/4wd/063z+N43X//Fv/PHOr/PX/8+/1k/+Gr/B9/+hX//w7z67/jV+k9e/2W/4+jf7TV7/SX/FP7X69f/NP+mTv//lb1Knv8a/9X//R7/Ji//o1/k//tbf9J//PX+9f/8v+h3+4d/s1/pP/6Xf6J95+Wv88X/T+Lt/0R/75b/0l34x+V1+w2ff+m3SX2Od/uDX+kU//nf/Wn/eb/C7/q6/79Zv9q/9Rb/uj/1Lv8Ev+Ze2/9pf+7O/9B9+fJr9Tn/f6tf6i36NF0n66/yWv8Zv/tv85Xt/8d/6G3z2F/92n/5BV7/nn/xrfPoH/Nrfbn7z/Scn//Af8Bv9X6tf44/5j/6Cx//Qr/0b/ku/0V/423zyW330W/1X/+mjf+o3+zX/0L2Pnvyev/75/K/79f7lj36P//ivO8/u/7v/1W/3G/+Tix9/+ltd/2a/5pPf89f4h3/Zj/3R/9Cv+2Ppw1/71/qN0uw3evKf/YZ/Svprf/En/QZfrX7syR/0a0z+1d/+f/np3+a3/tV/3I/9yb/TP/QX/c5/zS/6dX/j/+nX/6t2fq29l7/hf/ny16v+pQdv/5aHL3+zX+eXPvijx3/Sb/i7/E2//l//1/zmP/MTf+tv83//6t/mH1j9zb/R7/q7/7K/+RemL3/z3+EP+rXuvPx1/+jV7/tf/kO/9se/2a/9X6S/8a/zu/3Gf91/9GO/0x/0G37xD/3af9x/8Wv9On9Q8p//np/+ztnfuvplv9nf/uS3+uf/1l+Y/sO/4W/8P935c/+Vv/7HV7/h2//o1z36S3/33/w//bVmf/pv8Bf+Sb9W/mv8Jr/W3r3f9h/+2//ZH/yOv939v+mv+Zd/5z/ol/+m/+qv8Wt+9hf9Gr/bH5T8VS9/w8/+pj9p7+Wvkx2s/+D/6Nc6/Yt+jbe/56/7D/+ev+Nf9bf+nYd/8d/6J//Lh78Naei/7Bf+qy9/7Jf+67/Of/knfesP/od+7b/r5W/4++xc/H5/0I89/5t+o8Ozj7O/5+/+n/+b3+m3m/5mf9Wv+fec/Bu/5m/xRyW/6W/2eFb/hs9Wf9v/8Sf9etm/+bf/qt/iN//TXp/8eT/+U3//zq9bpb/mX/IfffvN7/nr/hHpr/m//kf37/21f99f+C+vfvu/4PDO8e/29B//l/++v/TXPPhV/83f/9v+2v/Ar/+LfvzX+Kt+8X/wEz/xx330m/3yv/Qf+A//29+8ffWb/wH/7m/4j+/8Tn/an/Lb/a7Hf+H/+js++O/+3F/6T/3Jv8Nf9Nf+GVu/9o9/9nf9zf/To3/oB3/y3/un/CG/08N7e/9c9vJv+mcW/+av9Q//5r/vP/Tr/6JP/9Q/9Hf4Y9u9v/bP2X33z/7Dq9/1H976P7a+9ff9Iy//lX9k/DO/687v9I/+p7v/6P7P/KMHf94/+ujv+0cf/3v/6NH/8Y/+nr/TP/bk8T/29Pf9x579zD/27Hf6zX6Nw/8HuqExXcESAAA=" />
        <Entry handle="32" bytes="H4sIAAAAAAAEAO29B2AcSZYlJi9tynt/SvVK1+B0oQiAYBMk2JBAEOzBiM3mkuwdaUcjKasqgcplVmVdZhZAzO2dvPfee++999577733ujudTif33/8/XGZkAWz2zkrayZ4hgKrIHz9+fB8/Ij4/e3bwMPtNfo3f5Nf413+NX+Ov/if/x//6f/rffvFf9Z/933/Zxe/3p/4bf8M/+z/+fn/yv/J//9XL//uv/On/+++//uqP/Vf+7z/3+3/Pv/w//s+/4n//v/+Iz3/qT/zXZ3/Wv1P8ef/+H/u3//f/99+Q/d9/0fT//qsW7V/+H//t/+L/8Af99f/lL/3r/ss/5x/6ZX/q3/M//vv/5a9Y/oX/0Z/4d/4Pf+Tf+t/9A//a//Q3/bP/01/8j/2v/9C//j/+Lf/8//R3/6u/7G/55/+H/+S/+V//9L//f/7z/+Ff9hf8I7/8//7bfvr//lNe/S3/4v/0f//52f/9x37xN/0z/8Of9w/9L//3n/ndP/Rv+m/e/NH/wp/59//P//c//Af/33/nL/rr/un/8X/45f/7qz/mX/63/rNf9sv/11/9t/2L/+P//X//37/Gr/Fr/K6/6tf5NfCM8A/G9Gv8en/yP/SnfPu3/lf/ok9/wT998Uf85rOnf99f1f4Of/tf9u6PTCa/5+/zT/3ed3/9v/Ev/Yf/nd/iv/p3f3rvN//8p3/v//7P+G9/avTuT/qN/8X/8tf+5b/k4Gjn6Nf8dX7Bb/xrHPwxv+7v+tmf8Nse/qa/xW/86x79rke/8OizP+foMPldfuPfbftP+Mv+hF/3L/jtHv62f96f+xv9eYe/zm//8Df6jf6y9C8//PV+rYfp0Y//Az/zD//dv83DX/PX/Ph3+p0O/9l/7u/5nX/z3+zX+U2TR//6v7F//Gsc/j+Dn2EidAEAAA==" />
        <Entry handle="31" bytes="H4sIAAAAAAAEAO29B2AcSZYlJi9tynt/SvVK1+B0oQiAYBMk2JBAEOzBiM3mkuwdaUcjKasqgcplVmVdZhZAzO2dvPfee++999577733ujudTif33/8/XGZkAWz2zkrayZ4hgKrIHz9+fB8/Ij4/e3bwMPutfo3f4df4L36NX+N//9X/96/63/+v/+1X/9//zS//v37V//F//1v/xS/7N//z/+W/+eX/57/+n/8v/9p/9j//R//T//k//2//13/3y37V//i//d//7S//1f/NL/vf/7f/4//+lb/6//oD/rA/76f/4D/5P/yf/8//4H/6P/7LX/F//5e//P/8Zf/7//3lH/03/PRf9k//1B/xF3//D/8L/5h/7L+e/WF/9uwP/TPP/9A//T//Ff/3f/W//t//5a/4v/6z/+VX/ze/8v9+8cf8DT/xR/81xV/+T//0X/6P/75/xF/wx/zj//kf94/95//e//J//6v/5f/yH/wv/+e//z//H//xL/s//8P/+Vf/F//r//1f/8r/+7/5Fb/6V/4f//cf8If/Wf/Z//p//+f/6//9q/7P//uf/M/+l3/7l/3f//mv/L//i1/5f/8nv+xX/8f/y//+H/3Pv+q/+pX/13/6v/yq/+5X/d//6a/8v//L/+3//hX/x//9j/0X/8t/9r/93//RL/vf/4v/7f/+7/73//uX/er/63/53//P//lX/R//3S//lf/6r/i//xMazv9Obf6nf+1X/N//3q/8v//r//3//pf/1//7X/tf/+9//Vf+37/i//y//7f/4//8lb/6//gPf9X//V/96v/7f/w//u9f9n/+37/8//y//wP6/f/8v//NX/1//zu/+v/+7//P//tX/F//9//6f/3f/yF9+3/937/8//q//93/8//+j/7P//s//b//7//s//6//+v/+//+b//v//t/+L/x/Bo3Pb/rr/p1fs1f49dof40R/sCc/Bq//v/9B02ni5/6Q/6w6U8vfp8/6o/8o3+fw8Nvf/tP+lP+tD/18M2bP+PX/fXG4x/7Df6C3+AvHv+lf8lfNpud1hcXZ3/dxV/71/+Nf/1f+/blb/abTX6TR3/Pb/J3/72/zq/19/4av8b97/3dv8nkn/5nf7N/5tf6tf6Zf/zTT/+xX+Pv/f7v+/f+Q7/Jb/4P/Gv/zK/5a/wzv+/v+8/8c/9c9hv93fN/8B/4h37Tf+nf/c1+/c//uf/gv/wXJv/Sr/qHPvvooz/kf/s1Dmb/zJ/6C1/+K//RX/snP//1/qHf7e6vMf6jf9Gf9M//Gn/A23/oYP7RH/LkT9zL/5o/67f/T/+J5M97UP1T9//uf+k/+qP/qF/wW/1u3/63/qY/+Nf+9X/rbx39zL/1j//jP/abf/Td/+uP/qP+k1/z1/1jfqtPfu+/6c/6zT7+t//E3+J3/4P+qd/ud/1HfsPf9Lfc2m//gF80efGb/AHP/pSt3+w//kd//PccPfjb/pB3f+iLf+yP/e1nRfbH/EW/619++kf8Rs9H/9Af+mv8T3/5y9/+yZ/+M7/PH/Qf/z77f+RHs/R/+IP/rF/vx/6Rv/c/+xW/2SdP/6h/78/8rX6N3+8f+D/+jr/l3/4T/u9nP/N//Xf/6K8//ef/2PxPO/o/X/3tv+k/9GtkH/8PP/FTn/4Bf/Nv+uOTf+PPu/47f4Pf7nd99sf9QT/x9N2v+zv9E3/yn3gwfvyb/RqH/w/STffmDAMAAA==" />
        <Entry handle="30" bytes="H4sIAAAAAAAEAO29B2AcSZYlJi9tynt/SvVK1+B0oQiAYBMk2JBAEOzBiM3mkuwdaUcjKasqgcplVmVdZhZAzO2dvPfee++999577733ujudTif33/8/XGZkAWz2zkrayZ4hgKrIHz9+fB8/Ij4/e3bwMPuxX+PHfo1//df4NX6/P+3T//X//h+mf9Lv8Wf+U+Xv96ff/dP+mfL7f+ad//P/+r8v/qgv/9R//vef/QnP/pf/+z/+g/6ayZ/+T/x0+Yd/7+0f+d0/9h+d/Cn/9PR//r///e//6ft/9j+x/hP+ifzP+dfO/9R/9qf/zH95+it/9f+V/Smf/vL/4//+Vf/7//E//N//xq/8v//Ht3/km1/5v//f8z/65f/1f//f/+uv/r9/5a/+P/6P//v//jW+0ed3/VW/Dv8c4R+M6df49Y7+oX956/W38j/sx3+LP/rHk/W3/6Kf+Il/7Tf60/+Sv+BP/CP+gG//Br/bX1b++B/yN7/8BX/5P3Tx8q/6fX+7P+HVT/7af9bv+Vv9hq/+55d///JPe/4bfJn+jse/xuH/A35f2FchAQAA" />
        <Entry handle="29" bytes="H4sIAAAAAAAEAO29B2AcSZYlJi9tynt/SvVK1+B0oQiAYBMk2JBAEOzBiM3mkuwdaUcjKasqgcplVmVdZhZAzO2dvPfee++999577733ujudTif33/8/XGZkAWz2zkrayZ4hgKrIHz9+fB8/Ij4/e3bwMPvdfo3f4tf4S36NX+PX+K2X3/nT/+m/89/67//F/+pX/M//8//8f//f//evwc/v+qt+nV/z1/g1ft1fY4Q/0PbX+LV/8Nv9Pf/e/7XzJ539tX////atvb/n//4Dtn7pP/a//pq/4C/6G3780Z/xW/xXf8/v/Nm/dPAbNBd//1/z9//Udy5+i3/7Tzj5Xf/q/+qX/Z8v/sH/cu+3+dv++OW/+ef/AX/vr9v+ut/a+e7/sd387dO714uf/Ft/3fnf8IP89/t7//1/9+86ePw//If/+S/5wdVP/KF/2LvV7/hL/pg/9o/7Y37wx/9Jf/zhb/+n/em/w2/+Z/3Zv8mP/RqH/w9fU0VBtQAAAA==" />
        <Entry handle="28" bytes="H4sIAAAAAAAEAO29B2AcSZYlJi9tynt/SvVK1+B0oQiAYBMk2JBAEOzBiM3mkuwdaUcjKasqgcplVmVdZhZAzO2dvPfee++999577733ujudTif33/8/XGZkAWz2zkrayZ4hgKrIHz9+fB8/Ij4/e3bwMPvNf43f/Nf4lb/Gr/EP/jF/7H81mf+7f8yf9D/+s//iP/uP/eP/2V/9t/3v/+3/8Pf9YX/K//kn/J3/7u/3J/2yv+df/k9+y9V/1P7l/8WbP/vfu/OH/sef/nH/yWd/4n9y9mf9t5O/+j/9a/6pf+v4T/33r/6Gf/sn/6L/5M/6R/7X//GX/epf8av+k3/03/mP//5/+9/9W/61P/8P+bP/y3/rv/77/uZ/4f/6v/7vyfmf8V/+V/9LdfUX/uv/xr/9/Pyv/v4v/mtO6r/xyx/8rb/PH/y3/75/yN9+8cf8vX/m3/bv/Cl/9T/5W73+i37Bd/+i3+37f/kv/P3+ik9/+q97vPhrfq/rv+35D/6mN3/o3/NL/vx/7A/9S/7JP/6v+Md+jd/rz/0tvvpL9sq/cfen/9rTH/wd2Z/wD/wj/8p/9hu++YuP3v3tf/U/9h9e/aX/3F/2D/7bb/6kf/T8z/tn/sn/6Ff8U//2f/Xv/Bf/0x/xt/4b/+C/9d/+A//Gf/2v/if/w7/yH//3/9g//c//8v/tV/+n/8v/8Z/9t//TH/o3/4v/9f/6f/09//7/8l/8j7/83/9P/vP/5n/7v//7X/V//4//+//9P/yq/+u//eX/23/23//Pf/9/9D/+t//b//nf/Ipf9T/9b//7f/E//s//4//5f/+n/81/+9/93//3f/9//9//0//9f/8v//f//Sv+7//7V/7f//ev+r//71/9f//f/8f//X//n//3//1//d//97/3n/9n/xd+/R//7//7f/2/f9V/83//9//y//2f/UP/96/87/7v//jv/7//q3/2//5v/sX/+7/+l/7v//7f/b//jb/p//73/r7/+1/4y//vf/Nv+7//7b/n//5P/9n/+5/8C/7vf/Gv+b//lb/p//5X/+b/+z/+Z//v/+Sf+7//23/v//7v/8P/+3/6z/7bv+EP+7/+ib/o//4X/rpf9s/8Df/FP//3/d//+b/6t/0lf/r//V//2//Wn1b8e3/RD/79v+gX/1t/wS/+P/6BP/Nf+Qt+6f/xj/4F//7f8Cf+3//sX/1f/J1/zv/9r/wd//e/+nf+63/zn/t//9v/yK/8V/++f/Pv/Ev/i3/3X/s7373+J//g7/3Lf8L83/oLfub//sf+sn/zr/mT/9O/48/7l/6qP+Vv+5N/6b/9t/2Fv+Jf/Hv+73/7H/vP/qV/7P/+H/+L//t/++V/1/LZ31yc/l31F3/f1Vd/zeLF3331k3/H+qu/55f8vv/Rn/WL/pZ3P/XP/bHzf/gPmf6Df2j+r/3pzd/1B+f/xJ+8/uf+nD/4b/nT/vB/7Z/4B68e/S5/1vNv/elfbv/xz+/+1dnRX/kH/B5/w+LFX7N89be8+/5f/jPFP/7n/pF/15/3J/4Hf//f8A/9NX/RP/v3/e3Xd3/TP+rZJ3/R5PO/uf7uX7b4yb/rT/6D/vBHv+Dd4e/2Jzzf/zf+6X/sP/nX/6W//JfW//ev/BX/+z/2d/+L/8w//X//i//k//27/Bb/97/+r/zX3/r4v9nf+S/e/MR//B/+h/83Uf7/+r/+z/+TyP5//xrv8/yuv+rX+TV/jV/jf/o1RvgDMvFr/Ab/96/x7//db3/ls9/wcPV7/wt/WvK7//X/zp92+d//Ok/+vY/e/ta73/03Hme/1t+x+B1+2z/qN/un/77/5g9P/sy/Jf97/rD//r+5/Od/79/xT/onX/yfyZ/xz/5pf2v1L/3ML/rpP+Kv/42efvrv/VnF7/hXFP/S7/y9f/HZP/+L/rS/7nf6x+7/yz/9l/8hf9n8X/4LvvOP/ze/2z/T/LG/xj919sf/by//lN/qv/0Tf/ef/KN+nV/1Tz/7S37nP+ryu9/+7Nf6Ff/0v/RX/F5//m/y6/4n//k//3v9vVe/2V/+9KNf5696+clP/zV7//Bv8UeWv9E/dfn7/Gv/3Eef/7XJn3f0l/x2f/uv/Zv9+rPfIv3v936dnT/pjzg9OHz379z5j/6jv+L7f9bvuP3P/XHf+yN/zbPf9Lf8wX/1W337D/g1n/+9H32r/pnjP3P5D/0pv/34L/qzpr/ZP/wP/xFbn778j/6ij/6jf+/X/PGP/5C/7vdM/+N/+A/5Db9z+Q/d+/Yv+sv+0L/nN3/y+/1XW//yr/Fr/eHJL/jPfqNf9RP/6K//x/9mjyf/VPq/ZH/Ir/ebz/++X/PVb/tiJzv9Lb/8o37N3+J3Sn/dX+fXOPx/AGpgsLBWBAAA" />
        <Entry handle="27" bytes="H4sIAAAAAAAEAO29B2AcSZYlJi9tynt/SvVK1+B0oQiAYBMk2JBAEOzBiM3mkuwdaUcjKasqgcplVmVdZhZAzO2dvPfee++999577733ujudTif33/8/XGZkAWz2zkrayZ4hgKrIHz9+fB8/Ij4/e3bwMPs1f41f89f4g36NX+P//r//71/j1/g1ftdf9ev8mvTj1xjhH3zza/xav9bTX/PXOPx/ALHqzJorAAAA" />
        <Entry handle="26" bytes="H4sIAAAAAAAEAO29B2AcSZYlJi9tynt/SvVK1+B0oQiAYBMk2JBAEOzBiM3mkuwdaUcjKasqgcplVmVdZhZAzO2dvPfee++999577733ujudTif33/8/XGZkAWz2zkrayZ4hgKrIHz9+fB8/Ij4/e3bwMPvNfo3f7Nf4g36NX+Ojv/Z//b//7//7d/1Vv86v+Wv8Gr/mrzH6NejBN7/Gr/UL/rg/8a/+Z//6X+M3au+9+R0W57/i7/gHttM/8/rL3/6j//SPfPQ//IYPft1f4/D/AcsowCFHAAAA" />
        <Entry handle="25" bytes="H4sIAAAAAAAEAO29B2AcSZYlJi9tynt/SvVK1+B0oQiAYBMk2JBAEOzBiM3mkuwdaUcjKasqgcplVmVdZhZAzO2dvPfee++999577733ujudTif33/8/XGZkAWz2zkrayZ4hgKrIHz9+fB8/Ij4/e3bwMPt1f41f99f4g37NX+PXOL3+v//v//t3/VW/Dv36a/4ao1+DHnzza/xav/7zP+CP/sX/zU/8Gr/G4f8DOgvfIzAAAAA=" />
        <Entry handle="24" bytes="H4sIAAAAAAAEAO29B2AcSZYlJi9tynt/SvVK1+B0oQiAYBMk2JBAEOzBiM3mkuwdaUcjKasqgcplVmVdZhZAzO2dvPfee++999577733ujudTif33/8/XGZkAWz2zkrayZ4hgKrIHz9+fB8/Ij4/e3bwMPs1f43f5Nf4W3+NX+M/+z//74u/5J/5I/+Bf/9P/Af/9Yu/9B//z//v/+vd3/Avnf4xf+u/+j/9r3/Zv/xf/AP/2f/4b/6yX/m7r/+Kv+0/+O9+DX5+11/16/DPEf4BjF/j10l2frs/+V/7tX7dv/34N/ljf43D/we4j2k+XQAAAA==" />
        <Entry handle="23" bytes="H4sIAAAAAAAEAO29B2AcSZYlJi9tynt/SvVK1+B0oQiAYBMk2JBAEOzBiM3mkuwdaUcjKasqgcplVmVdZhZAzO2dvPfee++999577733ujudTif33/8/XGZkAWz2zkrayZ4hgKrIHz9+fB8/Iv7Hv/cfvMzqtC0WebVuz54e/sZJcb71u36et1/kTZNd5Hd+8W+cpPSglfs0/Sz9xb+E2v6S3zj5jZPfbWtWTdeLfNneGdd5NrveklfO18tpW1TLLQMDj4MxflYsZ/r71p1DaUIA8etvnMTbUb9RqL/bOPvp7N2W9wk9d+/+53/ZH/Zf/kl/BL76r/7Gv/O/+Jv/kODrdV0+Sj+++9PZZdZM62LV3j2njhbaadbM33086sBL//O//0/9z//oP/6//NP+qv/ij/o7/8s/5w87exo0mGVt9ugXf1XMHv1uWx//+LQtd3Z+/+f5ebv7+6+bvC5mH98ZX2bl1p1fEsKdZtN5/ig9z8om7/b4n/+5f8F/9Tf9of/5H/n3/xd/+t/0X/2Dfxr9+V/8eX/Nf/U3/r3/5V/41/9n/+BfTB/+l3/u3xC80qynUxrCI0enOm9W1bLJ7wTtQlLhKc5T2zY9SnfuRNqkV0Si6mpcrfLl1kd3m3l15Qi2evd7LIrZZx99YqCMPvov/o4/6r/4g//G/+JP/JP+y7/s7/lo9NE8Ly7m7WcPd0ZXxaydf7a/szNqqxW9YjhoPKlm12Oaj6osv82tP/lolJZExM/QtConWf3Zshql1Hhtfpfm9FfDf1L3xQ+ySZnjr7KaZiADfm/arF2jzUeG3dzzS4IPOjOU13VVP7IUxTzfRM2szOt266P//I/5i/6rv//v/8//sr/5v/rb/vJur67LX+J9c/fuf/E3/on/9Z/zp91P/8u/8k/5r/+gP+U///v/FOIAYrn/7O/6g/6Lv+4v/h//vj/uP/+j/s7/4s/4mzbwgZXmz3S6mrx9I59txeVqlN7f2dm5c4je/6K/6z//B//Q/+pv/Ov/8z/xL2eILONpILmvadJiEunRQXuelnlWm74tXjrcX/L/AE1A1ol+BAAA" />
        <Entry handle="22" bytes="H4sIAAAAAAAEAO29B2AcSZYlJi9tynt/SvVK1+B0oQiAYBMk2JBAEOzBiM3mkuwdaUcjKasqgcplVmVdZhZAzO2dvPfee++999577733ujudTif33/8/XGZkAWz2zkrayZ4hgKrIHz9+fB8/Iv7Hv/cfvPut//ov/tv/6z//L/nW3d84mVSz6/QXp4usviiW2221epTurN4dmg8mVdtWC/3MfFjm523YrC4u5vrRL/mNk4wAnlfLdrspfpA/2t1Dw2lVVvWjH9/h5zBt83ft9iyfVnXWFtXyUbqsljneHZfZcrF+U7RlTlCm67qh1+bZcnaY4lu8R5+XxTLfnufS696+6yD98Xv8HMY76KG1rLbrfJVnbcpDSIkAwAI9ZZMy/8UgUD3L60e7q3fpj98/OJhl52lTlcXskL7Kpm8v6mq9nG3r8PIp/qOvGEaxuPjF+jpRhj9Kxy2G9ozQINiGKuf80Gs+fhiV+eRKhnpApDMfnWeLorx+9J//DX/sf/b3/6mHgC14T+nLfNl2etg7+DQ72O/0sPd+PRD8H8fUl0XTGo55xFywymazYnkhf+Dr7aa9LvNHQvOrYtbOH+3u7PzuBOHHfszCoJbDYLpQ8KYH6TDV2d+7jzf5W58p5GNmgqwsLpaP0Km240+L5Yyo9OjeDtOAPmXcUodc9otnRbMqs+tHk7Kavu0M0kfb7zIkt2OQR+u63BqP7xaL7CJv7k7ae+OL4vyO47/DXv+P5tVlXv/sYrEfx2JMYrDIl+uv1bk/DUxen97cwme4SVXOemIZYvGIIL79xRtGsdsdRahsOtCErF8bXAfaZdEUbT77+vB6E//j0zLP6l+cehCNcvyxH4OI/z/dL9HDwgUAAA==" />
        <Entry handle="21" bytes="H4sIAAAAAAAEAO29B2AcSZYlJi9tynt/SvVK1+B0oQiAYBMk2JBAEOzBiM3mkuwdaUcjKasqgcplVmVdZhZAzO2dvPfee++999577733ujudTif33/8/XGZkAWz2zkrayZ4hgKrIHz9+fB8/Iv7Hv/cfvPut//ov/tv/6z//L/nW3d84mVSz6984+cW/cfJji6y+KJbbbbV6lO6s3h26jyZV21aL7qdlft52P6uLi7n7cJJN317U1Xo5255WZVU/Sn/8nB98eV4t2+2m+EH+KN3d4/a/5DdOMkGl/92PGQA7/OCTNn/Xbs/yaVVnbVEtH6XLapkLmHGZLRfrN0Vb5gJwuq4bvD7PljNtgtfly7JY5tvzXFDf2w/7u8fPpv5i2Hojr/NVnrVorb9aWFlZXBAYppkiNTh+/vIRYfpWB/Re5MgeXRZN0eazr/NyO0mzR/PqMq+/zttZOisuvz7i/PYHIC8AItg/23v44N7uDa//xkmxuJD3JlU9y2vD2vzduAWDPaO5CkHfwOP04pQ+z5dt/9W9g0+zg/0BpuKPrpRPD2Ts/Nl5tijK60fpf/43/LH/2d//p0ovP77Mr0iUd3YVfcuQj9J1XW6Nx3eLRXaRN3ep3e/PDccXxfmdVHh02/DcrOi+b0U5//T8AQ/zlygpzu1wAkwnVQmZ8ybuAQ1ykDwWVFMth2b8xhfT95QVGldeQw9EQb0v/22G9rVFqZlXV8XUUGXzjKLdzj2ZUlHfTgERh36K/9BfoPvuqd5mJAoaxJI+3LUcbxFobo3B/jeLAeEwWRMoIUFKj4jldtNel7kllveFUrhYzvO6aMPvropZOzcSzZ93BvSxGxF3u/j9SR1MLjCmj+8ECh1vK7hPHzp65Vk9nXcxHqSaNBeKbQaOT6zBuufw7+qoHy+Lpm2zSZmn7tdFvlzfSkyVJzfBmfrKUT0CYxb1Q3UJAmP5tfsURroN9nukZO4rpFlWTLIBsVHa17//xe8fV4E/Pinqdj7L1EsyNN5dvUt//P6Dg1l2njZVWRi3AlQZkA/tipQtGk2yt73uwjEtq3qRlfbjnr7jrlJ1GfrGZ7O/srmTe91OIuq0Y+YGAFrb9Mf/Cf/Fn/FH/pd/7x/xX/+9f/LIN1S2h5iRfvbwoThf7wkLGrursDv43gjMgNvtkrhjh3oDt4jsbjZDQbtNow8axobWB7kXZ0Gjat799KSjZ1Jiyw1zaRzoVVWQ61Ifep1/mmfnUxY+VVK7O85kCDJfm4J7UQr2CbN3C8JQ29dvfp/np0oa6+AffPrw4cziogKgUUBUx4Txwn0z1mFXcTydF8vsB/KtEunezgPpwgDatYB+fEVz9PtDmf7+6r05wv7uvSY6nI1NDJwhQS0rRChoiz89X4/ZJWSd1e+/u/f77+yNf3p1cceb9AeduMlNcRgaqi/rB0DTXFmqh/UNeIdj7gZ5P7bKZrNieSER7f336leJurnf7pCdgvnaPW/u92vM0/5N8+SQfq95GpPHtbezGVsnTuK1GPxNwHurAbwHowVyqU5jfFSBAfhIlP5HNw73BiH6RoZ7//bz9bM+3DQujN4wVhUFRuxbyNvGiNxmpBKcdFrHkiWsuv3/xk1EnxolEFGnzS30qddmUKH6bf4/pFFDtH+IKrXT8Q9TpwZd/39Iqf5806o/39Sq6tW4SP4cKNb/B/f4aIkNGAAA" />
        <Entry handle="20" bytes="H4sIAAAAAAAEAO29B2AcSZYlJi9tynt/SvVK1+B0oQiAYBMk2JBAEOzBiM3mkuwdaUcjKasqgcplVmVdZhZAzO2dvPfee++999577733ujudTif33/8/XGZkAWz2zkrayZ4hgKrIHz9+fB8/Iu5+6zdO0m+lP/0T67y+Tr+TXWavp3WxatPnxaTO6KPL3fG98R43mrft6tHduz/9i9B2PK0Wd/Exf3VSra7r4mLeplvTO+nezs7D9DvVfJm+ypvigls8XWdlWhbTfNnks3S9nOV12s7z9IuzN2m2nKWfv3xuvm7GfnezatqMvT6fSyPb9dOszR9xl9s7e9u7D9PdB4/u7T/a2023d+7v7KRbb+brUUqfP8sn3OwOv/Yqvyyaolo+Sj/d2/8UH9Fots7Xy2lLn27d+cWXWZ2Wn7XzohldjK4/K8dCo9GKfv3dRpX9AH9+Zt87HT2784vrvF3Xy3SZX6XV+Hw5LpZFy9/8ktHTz+7+ft/7/R5//1tbj7fGP/P7Nnc+Obrzvd/v6Pvf+t1+5vf78a3v/b5X29//5M7vdnd0Tu3G3/v9Hv347/u933c8oq/vHgLUZ9V4VVdt1V6v8s9+MeA+8rr+9p1ffPrZ6c/8DJFsvciX7WFxvnU6Xlaz/A21v/OLMZjv7Xz/s9ND/DYu8+VFO/9sV/6aVss2f9fSl4o+Pv0lBAF9Vefp6WefffZR09bF8uIjoc7nnz0d5+/y6dbpHfT0+S/8hVuff2/3+z/zM7/rt+/c+cX4hP4CStV4WubZcut7+OD7hOYvycsmZxhnnxlkxxd5e1rm+PXJ9dmMXr73fYZ79gt/4dm4mP2un/EnhrjV1p3xebGcUee/BICefVZtnf3Mz3yP3nlmx2IJ8Wzc5GU+bavaje/ZLxE0LMBvO4jyDXVejYvmmaXwHa97A/vOuM6z2TW/xfQ2Pf3CX3hqEBHSezjYXzu0N7/9Em8OqG17XNfZNSMjv53e+T1OH1XjRfY2Nx8Qcxmgjz76aCQS8+gjFt+PRk3xg9yxih2Gxwe/ZEQT4HGTbYOJv/g9uBvHfOMGwjqeZmW5BSB3HjFznX7/l4xW62b+us2mbx2wZ6Nvj04N01Rbz+4cfk6g8ssvJz9NCLOQ0SeGCj5JwADfBudhZojvPndEDEj6yVbw5+/xUfoRUeHOJ6d2Jr+94eWPxh998u1PPtr66JPTTz6689EvMeT/HDQV4geU8cVn57BLGhBgnK1W5TUjRSMPRGqUZ9O5TxtH6mqM7+QtfP5LRjTq/F1sVogXljr1YDSZ7t/jlMT70emIZ+SXjLK2rcNJ+Fwm4fSzZ4dOsp8Fkq0Evwh4hMD+wl9Yfe/zn/mZjwD0o+9v6adQakzh089+8S85PP3es+9/9m1LPiYTj8gicXbnF59X9daztCDGuvOLqzHAbX3+e8h8tNdl/khHz5pupRQkuKPPR2fUG0kZjWzaNL7ie8ZobxGnfnRVzNr5Rz/zM/h9nsMkfXTnF/7CVVY3+bOyylpivsc7d37xs88uAiwZDQI0+mi6rk9ev/6IOgH/eeTjPgzJflcCXzH3fvQLfyH9tVyXZShV+WLVXpOSIkbISakYgv3CX6i/jKurZV4/VS3ilPad8ZQUSpu/od5fkOrewphl0j766FA55NnP/AwTxpNoj3fG03lRzvBy0ALo41tjEH7Xzw5IO3/yWefD3d/DfvCTWbnOH7ENAzG2vodvvs9TYHn69JeMrupsdVyWAZtqZzRQYTnoZ2HM3thpxGW1zLdY25sWNGP0FcZAk0W83uR1+yQn3skt3F/yjBTgqmuzPxd1ckUkyLc+J41eN+0J6EHy/5n/txNyO0kiN4GwYmxnS8I2JoQRBqeJEDCiwZZtQzygBIKNuCMg3xtaCELwHVLos2rxRbYsVltZfcEUbkZtvc4dL7j5sfP+2We7qtcENpOIjRp1R7r6Z6+/YG6FRfxZYwQm/O179H+ekVIKEOCWjqti3Qppz1t/sn92ehovSZxeF5OSdC73uoG6zlD+zM9UW+TgiIl99L3vs6UZNVXd4g/8HDUr2GX+k38bwW7GBNOYL54HEVDpzVhv6mkkVhcG7Jkzd5V6SUaYSfs6l8r3qDrwqvF6WZCZ2oLfoordIva5Z9gU/OdEmDsOhV9CWh9qwg3GGjPuqKMKaJi/azVu1qsVkYW47gTvnl7SnPzCX/i7wpH6vb94TgpIpOuO+qIMqFoTA3z7zRfPoY5+1zP57jv6na+3VFGr07r10ay4/OjO4XcCAeK3GG/W5RCLO3cOzz77DnHFUrox+sZ6yWfkUa7KbJpv3dXA7PedffLZR1u/xyP6+TNsaT66ezEi98Y1/P1+3+Zbd/HR9+/QlPSnoYMCCRW77DT9/DeP8dsyRib/R98i6BSXvc7L8607o2c076exb3r6ypfzF9mC7Mln3ybrbf828/xLhOLVeJa12RaajD7KMT0N0RAuAr7/veAmqMvAs8B/f+/3+j6bO7QeZzMh8uj3GuGL733n++YnQ6aRPvvkk19ilTpZq/OiDCS8o4B9hg18f3KAxhdE8C7nehHfqTjE+OiX3CFpHS/WZVs84w6Jo6Pvu7efecrxs11lfrzK7A/up9g4dNHVo6YwbFWTBLTT+fjll6/JWDctYgQyuXcegWF4Av1RRgznt33D+e1f+Au/3bHSHNH9Hp+P2SUld/poe/cRB01Fw5GRmUpyoQTTjzzN8O1f8u3Pvu0pxUPMChTfsgpHNBRw0ufnZlzDExbSmwnN/D36iPphMqqzGmtKvCKK8FSVHTnW3zO/b+9+n1j5gpSHi6gDispU+UQ10/p7OF+dMTolD5S93N/1s1O2OLNQQ9+sPvP6QtwgBM0knhGKydx3QkQEiYXvOdvOftff9RT8HSGKjv9o55eM5llzUmaB6x0CYJSIHRBPgWUvM88p/L14En8viS2c4iZ1xXkK/rayeoK6/6ha4cWP7HxTcA0/vZiQhm7Gl3BOf+ZnfjG5b80qnxbnRT77PU7l40en7LD+kh5ICfk+shrfROL57AxsPXr+GZm9L+hj6bsZfZt+52zLZ/ruNinSjzgvgThCRw8Z+yVGSz377Nu/x9mjndF38POT3UdfKAkPnz3+DvjeiO0XpPRYC1sc7vzi34vc5M/vYBDiDn/bdvF7/ZLnzA1ERxtgGduxpcOm8Mw3Cr9vLWbCNL/w0jmYh4+W68WE1At1S/blow1hWyx42LWqXPMkwma/FynKu3U2K6qfmc7z6dtJ9e6uCC6/j+7vqI/E3+ezz7ZCAZGxjH6vO0ef7UCJBt8taSLlK5XlcIpZwDqz/OIzXwx+rzuH1ZZhLWXx7mC5JzMpA+i9iKIHrpOv7oiJ/V1f6Ox3oDK7fba9q6kmB/iz3+uXsGKct4swojI2htMx3BuJzu+hP507cWvngQ2D5G26wSpkV8F8t2i9ZEVHO7GvTB9Sn4vqkiI4cmR/0WBrThmREFKSZRfZKvZUh5xeq/fiiScvvWJdcdLy/OVHow3JKtd6/NNVsdz6aPQRtOJiQ0gWGJi+5xq1/+K9km4XR2lomMZ78Zx8eslEGe6t74y+GD3vB9Vnn5m/u9kE00x9VPPFszq7YGcVLp1xOL8zugnK6OwOKcIzLyxT3WRU3uef7YzUD1dd9/nj08PPoeueC01+L+njc6R/R17Do92f+ZnPj3Z+j7Oui/roTBKqz2xq49noB071AcShoU/6e229GH1pSfsFTJlVCS9GH7XZpMw/Yg/OfvwlfUyq7/fYeuFlnpsn12+yC/7+o3ZSza4/gjv9Mz/zInDqX2yOA/TFO3cevSBR5rw9LwF4qXt85rD/gU1hUZ66nnJa7Kezd1u/eF2Xj/ijUdZcL6ePJNaEmwUV/OijhtdqPvolqgrJvyyrSVaewnw8Y130Mz8jP08kGYE/raZga8Ek7mRbvNhVBFuGTU7tL7E4546TP8FCB5ZhfgkcUepmxuMzv3fczO98ZkWQSfuLfwmx1u7ozH2snEEMJeP9nPNCYra+A7M1qSow7kdYW/jOoQ9wlwEefvuzPc/UfSdI1v2ugVv/HbIR36HUJZqfUaiCv5i1tre/zQb98NuPzw6/DUamFhQwub6+/f07Ju9nLT/iEw1Lf6/PvoOg5jktW4iZB+okw0gLFct1zosFv/AXPievSdB8/lmA5nNv4QaQPjPEJWb5vX7mZ7aeK5kEh9/je99/RJ4QKQlrFZ//ruxp8bvPfwkena/v/JJDIDj57O4Ptn8P9uZ/5pyQ2v49rjhf+jPVKpsW7fXP/KCqFj9DGYp8+/eQTOrdYvSL3HrNLD/PyF38ySK/4llsPhMF5undtnrN3uihxf0XUyReLc9JH4duPxbRVuoH2pW1axsaw201cxbT040omdM7oOH3hIipeeH7H+H1fhZ/07vcWl6UREHUFPsB20Ok4Q1xVBf4UfBHEDlKTJOjHKoPaCWbjuh8R8bAiXSQ+YDfSI7W7/tanavP1dl5FltQ89XanFarVKu5qQzRJsmzX3V0m2qcO4fqFX8E5XL3p2ndWL/BHLq8i3wI5ElWAx3a6cBmu2kcGqOx3vrs81/Syf6SqvTTg5SZ8nUU54kM1b3kvbfI8szOCmXu7e/Eq18RevVJ1pBq+wxev/9Bd9Xmc8o3PNMwhvTXDumvz43pE6MlCgUSCO1wqpoBEZA6L5/TahnBoDas5u784glR4u0vUYfQ6p7OO6SK4m9ZuR/qVVwTdEq5NfrBMAZ6FkX9OWIzwuEX/kJ9+zu0hPQd0nrS9yFafPIJ6cFf7JTL58gWV57r8m1atvmcV7PEVfeU7xnx7Bm5FQz720iaGOMuGhEjMTHKL/yFlKz6SBdnSD1ObJLj7JOPVu8+enSGDAkFpzzxvziMqUfOicDSCYIkpEdbCpGaT+7e8Z25bzOavmTvss2wsMcUBdP39u8RFru9vz/5zP/WLkR+m516YdUOZt3+AnCfYanp4vfQ1JH3xdAIXETeRVqcUnV7UwoAKOTjoH5ATlgxmUXGEXkJFhy5EXesct8KiYm8EIFtrnyP+ttYvTNRPxnorsGUhUNZAIS5dL+y+fwlhkdcatC86bUEkF/SWRskrhp9R3nvmbc8iN/N8iCj9Xz0+We/eFU1BZuYj7JJU5WUZvhodFk0xaSg8dFi+ryYzXKKGmcFjZisyUeTspq+JSvxe33mgP8e3/voeX5O2aaPXjH87z/63kdvqhX9/aRq22rx0fed53dGTtFz/11Kup2f05rzd/HnI/PXtxlTNo/i/9QzDts1/lbW/r06i32/Kw37+fZn3toncQQLEJJ0KxIRJIo+4XBGEtM/8zM7v8R0siBPp4CP9fyTIRDapAuBtchwx4o9v/XJRzzQj7y3fwm7pAEdSAIo1UK0Mm4umEt5yqiML7J2TtHZu62dEf9aV2tyN57fsQ08FIglkE/lPx2rnHHUpsxwSmqJGetQGUedInEgjXnTDzGHupLNWStpaXOf5Nh99NHv8dHuR4+ei7fNidqtu+cgzd3iDlajr/DN70oWHav5xMcAyfxstPovgjk/qRYrYsrZa2CmAUME2Ef8x0e/5NlnMI6aDdj63vH2T33/DmL/7d9t9yPI7/Pqytg39gi/+KzfC5GFfVzQ4Qtg9QWavCQVTyb5mheIERj0qMSDRnsat2ebMAkILnQEYmc8LH/f7a3f9wpI2mnxA7svO0b5zuHzz0KQRLKf+ZnOR99h9/t3pTWS2Sdbq3d3fo/f7W4h1uM5clX0sfpQz9WH+jZngM9bEmtai1mTv77IGRR/ehj5rIOFtBMgn1GctUN4no5Xxbu8hGpgg2W+/nYUHpJALss34kDdV9O/F9Tp7/XZ7+WcOC9I+r1Crw3STMKQ0/JNPkOy77Pfqxvo/15k6cnKR1IABjzz5xk8JrdwaEOXZ/QierHZeqHi3d/vMc3mJ3dober3vft7HP1udykKyKdbaB0mN7/XwZjWg3a/f+f7ko//HCnZU/zz/LNuu49kzc0mCCyFXo5e+2sJr4Ns52vOdmJAr/0cpt/WjuT1Z689GZLxfO/3O/r+t36PO7/v3SOfUb8a/eTojWXVN0Ywf7+tbDKpf4b+N63KnykWFz9TLEm8EFi9/ZlF3mY/Q3oyW/zMvP4ZCruzn8kJydkdYtE7v8dXj37yk4+OHt/96JM39JPCfJbSL32Mfj/YXF4KbNYTQZo04O5OTLx/4rPf9UtZvfnyfOujxxX8+F/4C7+3O/rosWQlU07/r8r8s4/Nbx8fkd16fFe+P/qIhCuAUeYXFgbl38sZqWx5w/1F73xpifGY0kAUgPwM50h+pj2vqhZ0ufiZaba6c9eA4nyNwNFfux0jdUON92zjxwxR3+Ff/Xe3wpdJCrrw5pSwIYD3ugCpJwVaH8UgB1BoJHG07JsYK5mmlcC0fwUQnX1BDvh1XhdZWfwgF9oQwz+m/8v7/Au98r0dYgH63/cPn7v0zmc/QUL0yetPfuJ7e9/XVb2fIMnb3oZWpuxBpiEUC4LrkxEVCX712V3B3+jL13dGL0Imspm13/XV7/Hci8vIAHh/Uaaf/kV81zwCViRgZo71Ta/B975vnbwvPjPZ8+3dwy8oqU5pmS+6C0UvvvcFrR1r0o3A4W8Pnk2/8+cDqS18R5FjhxSkdOEifXde0OjJsuVsLRq1Fq/vILkZxKZGPdlo9rVlfKzPI+qmFI0fvv6S18HihE8INqqvvSzQ57L+81rdIKz7Lngl8HNSdrqi7y+WE7k+h/H7jmavPJrh85EN5n/hLyTXAyvm0ICUjjW/hjoEarEb7XPow1jxS466v0fn74Da+O7OI/7Xegbc3kun7GK8iCtssv/z0fe+88nuiEwUpdCm7FQ6wvHr8YSHRZV8wbMgByEYGDN76oWw8OX87DuF++JSf+dnfuY7Hpr3wj8PrPq/+CViAjnbqLmd79yBBUM4d/j5Z99GdIVIGTlxojlnCMetIG1SOXfndX7+M5T//Rn2RW2qB40RDpvFJJKi7wQ5XP+vcMkJTPU5Yqfv0Ao/SYvEn7K2AJCY94+CRPl3Rh+xxQKfhL2087q64jfSlTqE6TRbftymkzydzrPlBaH2S75DAyR/JmRAAkp8uhCYNG/HZl3XJIEMIaPfMhz2PX+JQTub8PDU9zj7LPKe18i45uTQnHmrx2e6evwdi6iR3y2C0lZLtd2SJPwZIezPQChguu/AZu9EXiYXgG07W3UMGNNKLS9sRpZI1NE9POE8RTzR+MsGfKkGG9+RVqOPKOSFyvmIuPSXyGzSV97wSXY++ugT+lICcN/CECYvaCLYwsy4v2e/R0g7ennvzqPuZ5aECBY5A33x6LQzBo0GZAg2LFJ++84Y+eXPdg+/Q/qwpHXEz7bMb51l7KxczbPfd+t7v9+d73/r973D3g758Qguz8gF/L3ufPLRRwT/RfaCgixKtnDzLe3uMxr2t3Z3dj756I5bBzf9YCrkN2fR7HtYw/09pBuJYW1bnVXTUhAj5wU+613qCwght/I5pQTtILa3vpdt/4AaFJ7L+AUtFZs5fdGLbZROIj4+p1C0XCwiCemt0w7l4B3+DP3/d5MVXyxzqsIMcsnCFd/jMOlzs6YhGihIaspE07KgOMqfe44yL4S7zN7n5F99DhakGcprSf8iRvhc9L14I8/w4fa2yfF4inikaSc/3+qtNp5SvvUZpYsUtdPHzw5P1cZ9mxKbhJbLgp1asJSWGrG99LNDp2agO8gmOJghI4P1QRPBmxQOheaUh7XrP6CbNQO/K8zAt793Rg1ovBr7Dr3p2imW3/4lo/Wy+EVrD8vfy+DIcRBlz9r6Olh5/TbFRXbZ9duy7CoeQDXGYuHW70Vcw/z0u57C5P1i/PsZUi6UPWfrzQ0I1ymz9hmSCJblntEaBHGUH31+x9ANsZn11iQNbgLEYOHsdz39XT/7Xb9Dkd+3v8/5UnVl8LczwJ93l+EpTWNHbnuRAZ9GB0xqf+sUa8xiIs8MlZ99z2D1/c/ObH/P1JFQ/+J7yKv/Eg2yTj5bZpfFRdZW9XhNHt7xBdYqwpiqGk/I/tGXn/3iy7xukDfcOjHaYfzJ1u/xqL78maL9mTr7mSK/873f9+6j9Ptb3/t9Z+Pvf0LaQrz2nY++D70xarLzrC4e3b3KJ2+LVg39yZ0RrGr26C7/cJ8umiJ/dBf/2s/IlPdaVT8oypLe1l+CtltTyvJkbUFO+M9Ip3fs91iz5oD6F4u1j699OU+AUv78u5d3dQ2JBQvOi7n20ERLslfx5st2Ts0phEKT14QgB+JYVsgvb3gDTYpq3XhvAQjJ7kbMIh3d9Eqkp0Z+HSCCfrvl080LBEigKMuD3+jLmyD48cNoKiv7A91ah4twLs4pz0DE/z1Owfh4yaV57EffJUtYXdkVwUe+k30aRCe/xNkxXWA5X0L7di3LtznCWW1xlviZ+K42c/S5MyGkDNESiYdnbGhZ6dslIXqblcbrNpu+JVdStCTlkLCcxXJrmFZc/DcVuQL820eYUfOR/vrRyA/cKJHPP82nx+fUPb2OHx+N1JyCJT7S379bUMLgtgT4juSuKjhNRov9XqzFzBr+4e9FWuz3clps6/c62vk9eMTTslrmW5wdf4QP7sAWse6hvp59X1VXtfX8e78XhZZnd2hN7jsmPnLJ8Q7xvtMjmURncO8CNlI/k2fuFB4EJxkBzMU8u4gD6BMHQjxEXomlNYYTLBp1oLp1KWqg4O+Y1bHNL0gb905bXVyU3XfMaqMy2SmW3ydVhSQqsRk7wOHSmPLmL/E+/97p7/ERYfcR5hxdfvR926q/jKdGDl6QOInEEd9D8+/fsfmHauujb9FCB08ihm2+5xmwoHih8hLGxhspJkr+fApzzh/9EjcZYUwWfBDE3fIeTUu+WLWecwXcBC+jgbbgRHL3dzR1xHA9xeNPuoMeqKabNYRVVPyu5nBpUYlVT8McatqmPy0wjPnhhLUNAuziDj6ndRwWGKRBsaIEmZp/9tFP/8Q6r68/+oTGNLok8TuGK0XEfkdqb7b1i6fUOy0c/5IRPKaAlbAq9AyLdOXvcfzo2aHotGffm8uywreht/DXZ598csmrZ7JeDHBwb36x+5065Hj1d+UFevc5aPK59X5/j+CLR9827Pa0i9cGrIQhfSxmFKu2eRrAPjz97KOPWCWdIiPgN59QuPqWwzmWP4/54COJTws3VMGiX3UeP9d1qY4+IGR7KmJOoHp4EdeQXvf9X0yBLMsjYviMo5xzCuI/+YgbfsRj/9z4uiAMT8znEpOI6WKn02sy8u0afWnzUN+2zum3MVDnms7yDlrfNquFpwSXv+OPKDI5HTfz4hxqWvHgSAko04yBQ3m5TLjgmVnZ/iWij8+XliNDRjw13cH5lQX3j8akkbFU8hn++T3oz0/wC8WemiBCB+JAs4AR3S8uKDmcLWclqaiPyJRgSuWtTz76XT8afe/bhJ2ECs/wOtlpvGhU2DNDQXwKSTu1JkabMyL8DrcDuDuPngl1fVlXVCg7F8dh9HlUM9rOxYLBxMSEw3lATrEEcDrKFOO40+M71jcdK2J9FZrIw1OeVF37BK2t2yXs0KdSFB3Dvu6lEbpmORa+oQyKXXZDYhTrdMw2qtHvRNjzRhroGx4BiAF/4+Tut37jJP1W+rr4wQ/KPCWdmr7mNFdFjL6k5f483U4vd8YPx/e4XXpSra5pMudturez83CUvpnn6dPqp6v0GVbgM3QnDV8RGAqcZinWImvCKk+/OHszSp+8fjpKiSXTz18+T59TvpdcsGYs73xBThmpJqQKGdKjdN62q0d37zaM3k+Tg1Qt7qIt/eMNL/3FKaj6Kv0svbtFgdjvK/987/fbuvP9T37fOz8jv9zBr7/v9/DV9773+33v9/0+5Ze+/zPf+/ij73/v96N/voXffoa/oF/Q+vs/8/v+vmP6JD365JeOtn7f7/2+vy8+/pnv0Z/fv7NFKf4R/f/O70HZlvQ5db0zSr9NP77kbCGSvW2lafXXzEaHjOQzamIx/31G6VdEjQn9f4pRZBP6lv75mZ9JKQZOv6K/vsIfdtU3Lc7Tra+sP5YSk6a76S/8hWnns4eApgzxve+nv4Tf+11/H8BS/v59uJ3lcNecuv8ljOlPUe/kyqbfJezO6f8FzTb9mI3Snxylvzd9ySmF9BWvLXGmFUQ4TNmDSLe2vkt/vpI14N/nzh3ujuNz6uqnROd+Fzk0GdN3adkK3/wkXsovTt+txsxmJ4hT3tHA2UQRZjKUn1IBSY9k+F+4fn5x2IBENd1DE1p3z0tiq8v8ez/Fag/0PqfuvrOFv9NP0p9CaJ5+dYf6gAYz33dfTH+P9HtffT99lD6jXlT14zU7ctM3evh9CIBtJUP14P0+35c2n3iNqHdF6/cB4e/wmC1GmJgsB5dMCY9fnObvVvUj0LNaAQvSr4/S0y3ipl8CBMlBI9Nivw2IomzjnEeCF/z5CLz5E1tf3SG8GaNnxtvN8jH6JfSw3NDquLw52WHiFvQO4XLuERRsc57h918SoxaPbs4kU5SzC4x1Lj38rh7psrnMIFp/9JE3ZRfudWUWfOR4jxt8RV+FwLbA39mFjtgy2u+aFXYsRITgQ14QST96fb1ss3dpXtcVkWS9rPNpdbFEgp1nJ284V5R+RBy2ReiSCP4+BrNvi14HOEzJR9+TpYaUHZXvs1Ryf7+3KAeWGg0CWWkUHmk7moGnGK+RNk05CM0ykc+s+F6WfZ/kkUlCf2cUiioA/Y44w/wKOBB04C0fdfpA499rC2qMv73DIqi40uTzZyEPf02Mor0Pd+Z1eCqTOzFk/0m89WzrJ33tKxz2Ob6hEPHpGmuRtLZr+PUQvTSUHUZYz039Vn0672IU6WO8pUF/OKqJJS7/SlZ2V/h5osugW1m2vT3CAN1wPA19SNLIuce88Q3KG9ZfVpc/wwegqfkXyu1Q9YL/XpaJcp8YKfwpUvEqdFnWNSZ2qFDxZPagtM/GVU2G3o72uzT4n6QfMmY0/n1cq+999/sW/tbvzZ/zYEghiiKnPu+Y92AF1SSU+bmzCMLwzXpCNox+UeWzDZKxaft9f18WoN+btDpB2OKfxMTBksnv+/vCeiPVwebujAlDWGz93oYeqtsMc/IcYYKzzEJxyCsoZ6usGvkpvIgu3gysW3/rI8y0UvkXiyKnSRD9nmW/xMwbFHAwczOwr6iu7xqSYUL4C6gt2HBBmZr9Pjyun+K/WKimsH30y09s8a/OimUz+d5Tz47FJ4ggzxQdw9RbMsNCjGxipnLGxt9Sz0ypeRstCcE5jN1h+sYJHMtJBtXt6WDrzJyRh5U/sxDQQLoPPmYbmgl1oAPIl/kpndLf9ffBO+iPbQjruECZ/j5W96EhEqbFktuYSf19ApqAjUmXbbGpzLLv/d7ft8M+TH9vT/TPeTDo86stOFaE4u8NLO+Ig8jW/bvp75f+rr+rsXtksjAVc5+M/HluhhBiz70bQvqK0L2UFUZn3hGiKwSfabnDz9IL093vmvGvwksFNcqgQ7JZTxB4RlkS+LU3Xf3hywd3NMMs/6Tp541vrt/fyBI0O2DXk4iEp0QzSBQnYFO4No2GPVCnvzhlLfUo/d5HZ08/oqG8OP7iFD/fHH/+EQ2NR/mImp09fZTe/XFEG9/7fa9+3/XOznRn+/ddP6Pn99/m6OEOrf2M0pPnx69fU8vfd3xjU/SElt9bklb4DCHJtza/w01+3+/Tq8dv3rziVykq2fwOGvwej7Z+39e/x2f8O8O4szX+1u9x5/e99zP4iAHSaAne7xeD9ft+Kxzgt8+egxSPtqplef0ztELzMwgKfobzg3e2Oc8ocRmSnT9TzWY/Qytjy0+2qdvf9w6FUKP05ZevGQDezX/Rz1y0P1Pq+wLKvHhH4Py+M3lz6/f47Hu/H6HyuwGNl69Pv3r6JYPZOH4BoaPWUPH3NaHi77v3+279vljiJzrtMXLpLyHxpDTWF7RcSZP+ESeNP3qkv0B9gzdIEeCzebson9Gv5iVJv+C9eZ2fP/JMtScVbBRcpuwjNGV7QECMk8pdf/KRB0GNNpsWo4E0unvDustEdzBk9N3vDS3yu979fb+rS39vyL/+fezn2USVzYT/ZKhQDG8ogP2KVlZ0HXTA/JM5FDtBPkbX+LNt+IobkeFnu25iRI5wobL95bU7kYCWHb1fIhDoHY5kv3LtMAk85DeIYvCl6L5HMDX8caC0bSTzRsyDKHkm90dHPol/SlzELELirwISC+26FP6KBytDZ8QIn5Cch46aPynUBM1NTHRIHz5O39CP0I36qe/95Pelx9/HfIy5+H288O2QG8GUhAT6ivD4LuHhbEPfL//6mGifvzd14iND/QV/CiJmSn7vYEqI3j/lzQjPiT8l3+UpseMGrs8/+USwfa0W5yuzLk8zYf1IzB2m4vcZmglAeEk9vtnyV6+5u59k1+H35n6B0C99T4yiPMPM8uGodtam+/gCY/i1xmJZxLWhkVFF8ic9D/XJ9dlMvGmk8QhIPhO0rasJTLpvbH0liR2j3ZAxeYOMCVv/X2KsnMXjJ9kJ+qkOHr9P6CkzB3dQMUiAVnBzQbfIa1s/Kfh0FRdw/72DiOVNoLR+b1I2Hc0Ms/yRROsMFOItnhQaC8fqsG1IgsY7RAO4NKyRmAZsXYcCt6/iUcIb7pJft24uZlUdjA5H/qSYB6O/MOiP2ENC3i0SA9E39L1xvD1svusr/d9baPf7HLKHnH416Oj+PuaXnyJnduv3cWutnF4QTPxPufc74wKZxC/Pt4jDjqinOwbK78r+4RshtrC179byt191/V5vOvTDUSgCgRUeIEtvsoi2/F6oMEkqWft9ZiMY1ZUWBf6eYy38dgfCjaD0Ef/omlnrVYW4soPMIS3NJjlLgQzc3dr+Pe6wb7Rkv+aTn9m+83vgz7sSi72hLCu/CG+KBfmjPfpJ5tJ+Qy6W+eKTXf6K7NlT4zFwlhbf7iw/wfzxa/o61BJDSVn+ke76Sr/epVncFgrd+z4zDf2gD6DBEH+ywvT0xS8x3qwd++/tcbTRFUaSf+/4vKkt+ClJ/qoDx0JqkwL+x8YYCSGIEr/0M80f7KOp8Cv/wYzqZvX3BrrG9Ywj7BTKrgJfVq1N7/3eRA21Aq/u+Iltotzd3+/3vVLio9kdwYiJ+Iw/6ed3/FQxyGMtqzQXrDjc+/0IM6WSJ1yaYHzDlqErPqHQacA3Jufd4EgpBOBtvmEe9r7zxM1GnAEdv/T12BvBar2U3Dg7BT6biGXD4BqowXyZTcp8Nuhkz4qGGzgZBW+Qg2u8zI/mxWwGySC4pvHtoMlgRikl5KZvN7yk3wfvSOjZf+mN5zJpfJrPeKHF0cB+HkCU9/pI8Du/6+/6ZsyB1QnCMjTPF6v2eqh1tzHlPUPTbbSheeF3pawjc9pPWmbGa3nGIXW0k7vz33d2t1AdY/1VVoLI9Q289RG++0j8e5lDal9ns6IaeoG/7L7BUzKp3g29ZL7vvkeMlw+9g++67Vdk6K4osTD0jvm++x5lOBfFIA3k2+47xSK7GESOv+zRLeeU4wDd8GX3DXKIWuRc4q/It8E7sBN2cjvmjpXik6/evPnyBUtfsVyth9C5y1/+jHD+z4AJiN2zn5Eeo2wkUtY+c6qCeTpi0q1uEaeN3kP2oc/w6jYbd42bf9fLQbNYkZHd1MXvTguTthuyu7dpy4DLCEIBNo/F0G4L6Iubmh8Fzcmp2Njetv2Mgzga5y96n/ZOZ2Meenbzp0zw4oJueDZwtsW/N3njhhZhNer2Ovu9AeC7DAMAwtUx4TJkcrNi2fiL3rQKCT7itYVlC079KXJEl3n9hj41qwbGM/1JGGJ2TqPwjWk3ITKax2OP32dD7PH7cKKD4P2Uh6Yzwl0bymTtOYzekgBS/t9lIoKc1FdzVZCBppGjxZSkkHw/St5RYCt/sITQX5qqwVtfjVfdTI2OPLIq10NZQgFQSEB7jXQYipn0D7nrdr+k2fg6XXvdGPBwnR/ZeP275PVhHYV/vad89ZNAltc38cVnsqodYmzm+Lvk22iWzbfafkZtC0t7xQ+mGdkTdjY4h/W7ip5iqx6E/zvKMhg4vels8CESbO9Fjq9cF/TaJ5/83kwTHx0gI4Ph5L6HEwluNvXI4dNAFmc8ITDCRF/87qk0Z+pl6V36k6M5w6rdPESgkCIrzF914vACwT/bFkCLh2cGHU2GfusjAdQlEM1CL4kIYerE1F2oEhAQwV0Ey5BCPCVXfEdja6dDCNRRus3avBPp/D6ddTwRWqgLiVYkoYxI8vfofoKwmDJt+E4DcuTh8OcjSYs4xH7yjqwCvgFiH4lmFSH4in/bJxnwbKEB9nsLKX/Xzz4ikPoH/f57ABard/vpt+RjO+CvVGPaBr+UGygZf6pLH9f8d/2KwcNRZ7ExiV0PFXz/uwa9/3793sXS2ha/m7bQ9WOT5yR+N3mbO90h/UwwUrYR+jbpc5vt+QQ8JU1oTNsglE09hNGNDRFt6hCz/BXPwnd5vp3PQvkzkULf7fguQIjB1YTILzGLWl/w+zY68+zPl7J0y18Bllm0+xIxpayz24W8L78/bqp1PUVy5u7W7/G70urI975Pi0N35Pct+v0O5RakzR1VIaeptzxtpAZcdVzX2TWZkKqt4A+Om7KY5uNpVpY0PzI6E/cEYSi+tLzo0msYaltf0wsbAM+q6RpJtLH5RZNqY16Tgo5ugPc0Y1v4At0H+P/enjSyZGDev6dz8W3p4/dW9/V71eSnySMVdL7P9q2LmTcwoszv3XFQ0IQSnyYlqe7EejHJa4YWS9C7/GWYoP/KZCWRaPolrp9uzgoNhl/yqa3T+7mMfZiw1QIG8Kl+/LJqClAS4D+PcYbB5auhN8EUvzDdJ9EjfekWdH4PluZdZ5vUOFF8+nS9Ig7IWhg2NdQ6jJ/0SYEXPxLeZVv3ESRjaFy3wN8DRWrkjf/3B2JpkZpSoNPmr7LlRd5DCEnfwHCMqyvyYA05/Xe37gjzfLWpCXGFZhcgJqR48MG0KstsRSGb5mJMAoKbfMUfdJsYj+YnzQQ/qSiDn9XXL6uCsttb3N349ZvjV29+/zdf/v6nL56Csura35Ji4tLgvy1LD19sOwTUOd3Cou3iozuyhPlRM62LVctWfZlfpU+p4R1YzTfFgsnxlYQE337zxXM0f1wgDE15of5jvPWTUPgf3z36SMb8xu+3w02gE4Uged0+yQmHnLnJc/JMWu53tQA6Kyw/yc4iYqHlbHz2tKOyfp/NqymDqzpBWrX7BmcvnSr+LhYSx4UknjixSZpRO/tu4Gzwkl+ku34r8evYGfvJrFyLN8awaQXpu3BjLuwq0qGNBDvj9x0o8J1PgBtx6rcSnOywf5+Ic8rLvr93B+3vMju+ocT0orrMeVbhhvySO2ClPpcG3NLh0llxCQzewHLky5nA6jQ+qRbSmJxNtaXxNSTyg70k847HRuRFdxScdUx+7w4/ePB0rY+DD5ve/paNgMFJsJcb7Y5kwX/y+5Hg5btdk8Sealfy33REM0vndX7+2cc//vHR47vZkS5qBalMmjLlDP/jYPpjDDLYeOsjdPkR1sLopR//SAjr/PMxvg7o63ly3bCBQY3SPbXCzDOBIfhF67y+fs2qt6qPyxKw4kz1bLRRAypvdXXbKuXI5bOP35y+fgMirgwRv+r1LWFV99Otj8Z41zGb1eQ65l+SPuuIrXizLLyY5d8bGsXgrQrxu07ULJ88ZN31E+SH4U1xCbWP063fu4/Y7wOF73l9rPU8X+dNgAspmmcsHykCY/xyaJdU9CP8ig8b7aThz+1f+Ir96Vy+ML9jWlPJi0TUPInYib9iOuhwxV8ZZogbtUzICfSx4QUkVtMc3EAfHnW/MZ9bYYsjtvVRvokn3oyR+BHxcpE1IZK/L1w/FfRLSBSrmhYgxg1ciHxrdwQH+iMO8jFqVYH8d0cJGpb0jOlPDs1TzKj6EdvQi6JFrbDTD4NB+hI4/BTb9GyGrCbyVGY+OeMEj5iWD8LUnPSN3E038wgFnM2C1ONP2tSjYZJsRvbWi8lcHutNREm/CVJJh/I3Ba+qqgHwDadrjS3RBXJN7tkefDgEm83P7y3YGJAEZEJ8+1YFp4uNjvoWSLm3bd7np0x/b1wnBnf6lWnCeklcTTtFr380Re8xRQbS7adJpe6nRLwo4QLiWYTCqZMcr+k/iKLsQjhNFeVTul5QZ+J/iUeVyOSDTL9X6mvTePRKnutwnnNjxLv7KXWzIUvK1HjDqWVAkkUN6s79ATiPmCJ3TF7oJ3zlFqzSRGzqm56tseLCMwEb8RFnsSmNHUSSePsntjofWiS+EyDhL/WItyjpSKQlfx+VhcxhR5FAliEUyDLLnVvIwdt0Fy8pjfN3+ZRGeEem9hPiLcrRH8qUklO+KjMyA+E7Iyzz6LSfUZsya4vLnFiFOuVE6beQzXvjyStSqDviYP2kFdefInGlHP1Pibg+wwh/8ns/9X3xJgy9LTP+3sbLqIyX8Ux+VwfDNMSH+buVfOT5FvLp9z569BHYU/4yS2SBUzI+L/jD8byYzfLlMCNU5+ckf98tZsZAy8qtfPztvLiYt/r5L4l3cFk0pOHy2/VwFIV/NAw9W9ICdpvPhsBX4wua3q1q3FLcXjejuMctauOrMYFfkM01uoDnYbEu2+KZmQD7+k/yui8DYUcYv3Di4BEt+W3ZDMCdj/xZVmePX9ZpnhVdsDZvA84D/0MOfpLVsXI4+73fRZbbiKRB47u+4BpdzzETsxsgfVdUmMuhAoslZjfIGrxxvg5LCaZlVyQWDG5WpCh2OxT/nGMyjd5CLIDtJ5+w1eOpcUrVhW1AohFLuJkctt+fRJITkhZZ+PrJPgI/yYsCHkHY6Q/pIL8fpuX4dfGDHzDPPtN4i0TpEqrsMwKQBavzZyNEVd8epb+X6f0s6P0eKBd+dOCx3i/RV4jbz5bEY5cZh1BnQJcDuTPqs9Rmv+u3xxfrYoaP5Tf6rp0XDf/+ySfa6vdihXxh6IY4/tuH6bdNW0pAv7ve+pwG9e3xLGuxxvd7qQ07ZaWBDzGsj3jIWBqnEfQ/HqW/+JfcGbH+9r6cc3zbe0c/9uTPo4Ga9CrqMSvlx2ToLy7ymkT99zCzMRaomkPP6guWhYYT8XnO0kz2xHx8hzNGv4TG/R0RdNLrPLHkbpA7gFig3br7+zaf3L3jofnFKH1hKPklvfJCG340RqTwgj75ctzMi/N2iwna8hTjM44s7lDet6avxj9N6U19B5AQTZ1+74V6bGY4zSqfFllJYSl9hU6jX4BV1itZbSDS/l6j9EsTOf6uz/GWAQ5m/SUaKncg4VueoO6nUeBQjuwBOg4nGTjFq8+Lps3JrDOn9j7dekH8MTLvBv4XZ0OI8txe33YfbH1ULaFD8b5dzEqff0+4HiP7tpXJ8UVZTWRIJhOMGC7VdUpaacM7tDpAv3DLR0SWUSqpOE+Qfy+W4u+YMf5efSkOPwql2Eia8vzv5YkPK4hTmYjPDfhvM1UvANa4tPKRcWnB/LSmNM/q43ZrB5OQgn/wvvU4zrBIwSBZsmVI6PuMaEddEHCkALu+r7ApXoPwflvFqBYdoTz8S4xkfHuDZHxpJAOe5JeBZEBWfsJJBhpBWHRN8aOt3+9nft/fd3wHc/wTA7LyLWrwEa+Vb9FvP/O73QFYpiEtRRoy8nTNSJwpQYfPv/cd5ZD+GtdLJpb37osxMhUM7nsvvy806YJ7+X3lvQE5/XJITmm1tM2zekZOr0gTzcpPcCwPfJ75uPjx0e/6zGDXE9kvoyI70E9PZH8v5Y6e1Ea/2CL31+Nko9Tjovx7jWd5IMrBB0aU4xCNcD9TcT30qS/fdYgWp5hRqpEuhGlEMxrFL5qBWsvYn3ZF9rD/lTVsjNQoVXsUegKiQ05903sm8gQnQHUxfw39pHJ/JnIvC8YfkXk7+94cUcYZGSy48DQjM+I9oebnNAlnd/gb84FKBaXqaHHxy/Otj35XwvJIc2na/WeMy+cqahSlbO9yoit/Ny3XDQU2VneqoyHvNm21ellXq+wiE6MtfYnPIWr3cyMBUBbVmIP3jpm3rwh5Odvu/nQQfDuv1OR2auYxd3cMRxg8Qdhv91V1+JGvqskF4HiuIb+eBn0BKrTkJHCSgawK4njy+rO3Oa/Xb/1eNObfa7xeiio7Q99n4+m6rgnZN957JpZVDvx2jwNZVX1HnRXxF2UQNAqiAVuCygbVDCCjiSRifc7Kf0pT9xYSA8PwPZUqei/8M4AfaAFv0PyZIeGpQBBIv+vZuGie5ufZ+s2aMr9lzZOSz7a429/1dgiqOXIem8nESDoefXFaU1PuLJqY0d5bmnZiNIGYx4qviTNXwMvIGjTIt8fIoCx5AVq4IMg5CCTWF3Fuewax5gSJyLhMoO8jmN6+wxYdvGL9S8oo8PQL4PPiHTnihEMpHzAXddkGA3YO4e/FohpY0d/LSO9zZ0rBZL/rcxOjYlZ+LyfGAg3KJWJpn7+PpUUssKXMDDw78QD5/t8T7ExIJgqPVLRVf3AnTmmylf8lEGKbqx6IGAt1P1T8TEwiwcmhN7fC2YKL8+p1Ul3M83s5Pn9mvgwE4fcaI/dKLzOfl0zU36uv6qyS+b2I885oQXVWUKZhiAX9TCFxDgVZq+YRCUjZ/l75dYqVvxMa50XOv3LWbLKeUF6koZ9tS6nBabacUpIJqRI4fSdgYZIoQvP31p+/Tzpt6xLgQj5igsHiFmXK43o5z0i8z+tqoak6ZeQ6fZtfM+AFtQagZX4li9QVyUGxzEoFSUPMf2/+9/dJQSxpxEmwfMbSpb9r+4aWj/Ll760/f5+UmRUdNPXU4KBKtq3MB5dFfkUpjTwvn+YlDYGyG9P5R4b/U3Y3inee9LFRYgeWDKSn0r+div/9TFgIbGes47M7AXe6EHjVqASRy3+Yfn6YsnYOGnxvexu8++3vfQeC/Qw/bBgug8E75ndmUW+4P+OWK/U10zK0Vj0Y2sjTZLbXkOgcIHizLJDCNp+FTdCj7ez3wK92Nh51WhqchRU+U59JghJly99VPjTiDq0ztDA5Yn1iv51Us2uEywrcg0lxyxknQMbES1VZPs/PmZZspU47H5KHs41QUl52nxrQv48H+vfpgX5TrXqQ9bMQsPvQzgTzKqfbtyRIO7Emx/6l65m/h/8ZqKxCeEfmSyB95jdiMEZUbZdGZmUKRBMICPPNZ+6LCKbfHoumCbvdMh9jkYFw3SUU/c/26LN7nc/26bM9+mwHCXWbQvu26r13157IPlNvGLN/ioHF8j/PBlQ7cnKnJs/1rPMLZs7+5iXBTBqPuiN8NEx6xJ1ls2v8wimOR+kTMvYaOXkIG1/EvUvRHN4qC2QL7Nv2hVNyG3yPgnIgOpBn5BGMUlrX+iXRnmwq4HPVREaOQCvy0KHNIkb8c/gZoalW53vAWo+BuZrsiGP+TCyy+F7GKJ9yMhF5FDQ5TR9LLtmMURMN0tHndpjy3y+RbC7r39TL5Z6aHn9XVbG+Dfa4gWySVd+nRuRUSBnBVP1LY7NMT+SQ2VHgT5PI0FA1+M56m7Qs8LrNFiv6MIcjgE8Rfplw6NCt7L71eda40PbbdZDRlFBKhwFz0lba9S9Ow5F3eI+xirrg9O760DJInwJ+dBkkl08jtO5+xu7O6VjeE2tvwwSShNA3iqPc94w+AONOj4JyzEU7HYvj9IS9KTttgnPMa4sjv8G/k1FwuwgCozQ6WY/St/imD02/2NAftTBro/CDnSr19cOz0M7bpSGRE1hmIMwD5JiL9W/oU2j0xWrIzI/1eQMQz4zYPFOfPJp/72tvUQSsm35xuqjWTU5agzImH/HvoFNNKwLyxbo1n5d5dpl/BMr2rEg3+XXKOe6eSh5Qx4Qcw4mr40H9hvdUubGuPV+anAx5/ZRzCa3d54qqMW0cGa+XZZXNkNoRIVjmrukj+YypdPMI2IbiRQ6773AuhBJrSz9I/ZyTUAG7GFiy9vOMPQyPvmfcH/dyh1IdGBUi4tM71pjqO3cG59o1vfVwMAyYOfgmZiTSecSBuB3w7sSdGrj9bJ2x27cDbPIEpwxWBCOA/G2JsMIOrIlnq7LzfTMlz3hKjInDynY/In0WS7510REuMtDtFEA7cAjMfkxbXVwEWQxG61JZw06ieBy7VpU8I6t/6rkmIQ9h8r737JNPvu95gExDzgJt9RqHQRy3LLOGXGvgBj+0+5E43L87YvhvR8hjnLzvdd4jjIZ4FN6nWLQ7PHNz0UYbOcJpKpqosdNP0Ma8iMQ+ZejjPDFp0ooMyyu0EPPF6XkTApHQgnLqmyDbTO2QfpfV6dMOWdGZeKC+mG+ScaRwxD/+RG0vUJ+2FAx/gni3sqjcGbPAF1vKSrbhnc7fgUYwWM0KHymrqT3oqlCKLZUcH/4p6cRfrAt0Bt0ets9+CWlJjjQ7vbPasR7YVHjL0CPiO+valu89jyQrQE6D8P/3vm9t1g3u9Pe+72tQb+XwVDzq7zh3GihxXtnmAO6QnFSNNEMvd0h+hWk4xfhMuOAXp8h5P0Jq8pxs1XdM6hvDfiZJPIvBd3hdwHKvIv8dXQX/SLv7CIGtWZfvfycWTlbEh5L457rQJBqTIXxbJ5a+4sGE+TZjQkBou37kGYzPfTe66Gr8730Egn8k6pzEZFVmlMK8+/uO714Q6n8ATYj9LOWPfuajO9936+3shVt7rfL4SPBQ+YXUPeLp7IqzGffvGkiy/UMZxwi7BabaUnjIftqhpyjLvkrgGbAvpW6typOo0OZsfcTNzdLUHfEd3xlqexLyxI7onUfhX8Jt3Uhslia2yD/45dZHT7/84qQiVUmfkbeTzz7qjNi+GltwjL1tdTfTKc/N8qOlkDjgsTVJh2YbLE3GPscKJYNrWvKop5ym7eIewOTGr9FYVu6m1WKFRcuPgh46a6CRHrrjCwdmw++hnBr9/ZqTVvCgSjiaJeXzVkAidGJ6tshOvAQHN3aw9VFJuTVmMI0aWELJ735D8TP57lv9qdpxAv5L/GHd2VI+DTzCkgSXfeSRaauSy4mNjybluh6dE3bNCK1G5N4UP8hHkrMbiXs9Ys9jNJuU8gsbazj58tt6JT/BevIbzL/+tm7llxyWXn5lMz+SuRqJMRo168miaEeUmmO49JMck6bBLwQ+r+uqJn2kCewRJ7D7Icz5UuKW0B2zulBjBDaZ4kJqhGBdUMMb1VapptsEGB2mtYnvUyzL6NqstVKI8HbBOvoFYaUBneov36PutXGrsYxL12tu1qsVmSeEZxrLwrgOZ4c/97+lRQQSE/1u6yOa5WLVgpq/14ZWs+ISTZDCN2+Qod9CNonW8PM74wvhVrPac01jmBU0Vxn0+EdLiqE+wjcFhfH1t998gRW5j9M0fVwWy7d3jx63WJo5enxXf2bpvM7PP/vobvZRysA+IzVQVvUjWrk8PKfZaB9BZg7JfZ8W7fWj8f3Dj46yx3ezo8fCTEePqxUIdtSSdXp8V/94fNd+O/lp/kkxe7ag/u/qBx8LObHI8XthTEqA5sn1m+yCF2Y/+hYIcbqhAS3bWn9DltApUawLivgjzMgEs5mSXMyK5cV35wV5OTQ48v5+L1rtrJv2hOKGWbi4QX4BUv2PsEYZR4W/h1elizEySs65/q6DL0kjHsQwCSzIebsoX+c1JQxIZ2wCi5n23uNpfZTepRm9Ky7dKV48pgW8gnLh9AK3oBXvETPDi6pecB/iywYt8f1H4heBZWicyhec1gIv6gfSZGd8n9pMm+YZcxLhbJqZz0ZYayMmP71EdlvdmWV1UhIfs815pE7tpHr3BU1JKR40UjKfm3TOR2C9uz+dXWYqMGaF/nOEUOQx8Yw6+yMS94ZeQgpp66Mr0j3V1Rhy9h041Z/tHmL53xoJ9kd/CXmqxbLJ6/ZJTgop57jFYxg1ciUtrwWqY+zGZ70TGgaZ2bSUpThEuVBOguXnCuj38k071Btzp9AEHQTfwzCzteiqToeGT1PnUv1eXfNuoPRsOqvH3wvu/jJnsmEodxxO7mW2eKEihaRDEW1UeodY2GfmuCpmLRZ1zN8rMq0kq7wwRtO9u3pHUxwswgUT/ZwdEMMwHFIaKngfPh9X5+dk+r8rnRG77nWB+vPy/M6AsuVg5g7UMUZ5FXRnuJys4Ufm94/IEIrEyZ/AlddpWS19RLz1ETWAsD+rkFeksCZrGnzGv0DE8SnrZvr0ypevK5V29yd8kGpZkoCyd/0l/YpcZfZOtAOSldm75/w7JDUvSyhDIjb6o79ey1/0XV1d0VdLAKqu6OMlfUZGhGQnp8Xtj+jXM/z6kWRL/ezi7w+j/kg+ZA8nlQ/8FACFfRwxcnhGYl2dky39XaFDGlI+hICnytmNYKDwOWTNHIu2n48ZmS/PedVdxOgsPeLVSxdPfz5uiE1zhLp2xeqQDbf5ZodD0F9i7dNHn5+++UjA2eAYfugzG7NydAyrTmvwsNwa63iOvI7pO6IXjeJPZa2+QkY7WxAcWfX/6OWXr998pO6lcTowalA2++nsHRF1XZMqRKaDAD9C5IqI9Q3/wczzkXzyCJQ1jr1H8i9G6XMzluec3G3W0yk5gR/Bcsony6pdVLPivKAoBm2fjQF4C7mOauujxyS0d48+4lQq5vkLEpdmVZGKhGYd22j2sSjArfHP/L7NnW/9Hr/vXfn7iINc0rOkQuAiwj8MQWAKvEwCu9CUQfhe2IrGMUq/+L5z4Tp5ncZZzEAl2fyCkF5zNdr2uK4z8vLvBAD4wzgUybFlq1DrBSlZNdOgHbV8q10E3xkXmYZBRCmRrBuEtyQ1AKsgi5Ckk+DOzXglXyLyeT59m/OisrpiPwMrSQsn2d3CWyqFmwOVwmnFu2jyM/NiNsuXP7MiZXNV1bOfaWiRYToP3tKMEOEZDNpkHsGyECiTiifb5+U6PwdzsYT8HvIDqqFohCAk0EKhVZBtJWH9tkeCX5xi/I+IK/BzRB3SSt+j9AwckGJ1O/r15/gaDo0NSzUw+wgyRYFw3Y7kt2rFv5yo3PAfpwiL5HuRFPmdWP+jeKhkqMGh0rPBUMmFSc84THKpjzrVxVwv80PYd3LzbpWkp5c+Z70EjfK5aDjVS5b3VZeIDmE1NxLFcmq0B4FXxdBRMs903YAQes0CPZyBrpjm9CG65wSYjYUUwndef/mi876uOnRByErBRz/dVEt5e1U1H0KRX/xLhunBWvi9CSJcEa7kacissyj9UJuWDFtj1vL8z8DC3G1ZTXnRZAzHm0hVVhP4yeISB9M2laSTWgAsHRTy6t1321dXV9vkVyy2CWa+nFaSliKnA8N4ysMSiFlzvZyaP97N/VUFbzLK8TF9dpn/3l+yGYMYU3QafLb10RcFJTWa6rwd/95fPP/2mzcvP4JkoiH+btvVq/wXraFQZPBE0VXL4363KLsDWJRY6iQf/x3bNVihR+r1q6lrlAW7oQBB9gB5IcIoBQt1OsJH2lPQFJ8Y2GTVCrg+v/9MFnHo82/d/dZHvEKF5Zsv1GLSUHRSfasLKn7BFl95QUj9BdJFwSd4ucsnX9xRxfBdyfHf/ez3/T22fiGl/2FKX43Sn5T8wxesnimF9hUZ5voka3KzkPMFp7VhJL4Ye7OPD9Q/0RZdx0s/dp6KfGAstPxlomUWztVHRv5Y3TOTmk9+1y/GxIik41vk5+9IB/QJVni2/O/u/r6/x13Yg49+ITvNvwdB+AQtuAMYrI8QnEwyDjoQuP0e4jR5ftfvqqgjHSC/dvrVgRna/B7mo09Mr7ft1CeCKqhh8nzEltqfjwA1dNMhErD9roG8Qqxaf/KJP63R4XwC/K0vBs37GV79Lr743XY5VBPSf6b9DTc97IzQxtrl974bGLffG5j8JH3yex+mZ2C95/hHW12Y2NzGwN9FDKyR9u+DV4VobO6/HYRgb0zGNUJUkypjWnKOz3gZQhf9yKycKgjT0HxOb4fsaoKG3MR3X/UodXfr9/09fuYX3vn9Pxt/S6VxBIL9/ky9U6benlBP6PwV2GnrK3TDH4HBb+b6jww84UifBn2s30OaBISZW+ciCHixN+xnkjJiBf/JJ2rLggV850ExcqDUT0BD/X5bv+/VJ4/ukNf/+97d+t7v9/ve/T1+/Puf3LlLui6fCnKBaopNpxsa/voJFpyf+N7u9/mv7+1+H/lfayZJq7UVJTAhQD/xvb3vB1/OyVWw65jwAWy0H8+jzSlg1gwj3njjvzGQ2z1M34ybemqYxIxNvj6ZZzUlHIDBG3LQ+Q9uGXytxP9dv2sw/dKwLYBXnCGnT/Brdy3Gl0KrbL9kikmc4K34EIG6H4HOgE7ewdDXbokI8IGZZLScnN+MIjjscEi0vx1kct7csVHDhbLV7+WogT+/wwQkV8XZOFr0qJcc0lB0TfnInBMMPB/4wT4O/63t8LsJdrzlt6FX0URUWKh7v0PhY6tOzbdp1JAKXQncBl9/BAiel+aEuDg3TsMQnLPzbdNk+3WxnAJYNfbdje8xkt9n+/RmvqZ1q930O9ky3X34YCfd2XnE/0s//+INy2esj997Wz+gPr5bcDroo9BVA3vH3jxm543HZ4WY9bB6dd9zn3+fDWzsc1JxoxSeFOcBtMXYeFleNva1sxFfjCeci0UQJj26v7e+A4cpXMHvKbV0e9votQ1arVop0bIJJfW8SDY0JgJ3GA4iRUpfAK/vGyX5omc4OcvUEbsd88VL/DKlpYv6DCt8iKtfEjovrVR92Ai7vtPvBRDfYf3RRWkfnPZ7s05oZe1UVMLvZVXCLfCl7l7BTwjAwELZ3x/B8MyJBTXmRgKOvpclSuYUJzyyBojGLyorF8wGxswGGS1Ow2rOS7B9FeTBgLrIOXwZAfyU2FUgGsZlJrO8+VN4CUP6aAVdXiuexmfpdwAe+H2MS/T70IvfgS16pfktI2DPSdCtAvCXr7m/vhoBJdiViuuIz6gn38ic6VK2Tn2lS6Oc8ECikAb8Ci2eGx3LjGrFwSKg6vEX+ylQ/s/wpW2AYYMJSJdYxngxSnfvWSWuHJAeCfN7S/Q9C8cM+rtylvDFluNGdIyZ0g9kiEJoKDHOWIruDlVLbPiSuHhthvq7ekN5wQQwSDEtjaLRicYH9o+tn1Ri3k5nKKv4asPr7LnXmbHM0pv5a8vM3a26M/muoL8PVSmqK7+D2fAo60XFzzhhc6oZH/RH2V60wZ/665Zt8Uu0xQ1j4U4wkG9L0khoh0wDEH+U7iCPYPWKj40TfEX9d302hgezbjD8vqsJmaZ0bf6IvaYt25gWHvbI5tI79qPH6b2dHY7u7EdYXt7Z7360u7d3z/Elp48sJdXqCP6eqgsXVE7dMIy7+/ktdIvL0vYR/DZ+76iUUy96ezaMJhSnh993eMZ5us3yRlTxqbu0jewEcqsIxRiLj5AJkgV/JrBQuTDLP/j2Dq/8jHhlCEsWsGACnbwaUv7ubywjiN45BZyzsfHy1b0ftxIRcMe+YmcSz2k5rKfvAexzjl5YxzzjbD7rWp4H95lmtuUNTcKcySKRl3/BlzJumzgF24sIYGkZa9QaN7scg+mv/N5HObX56PtbH20hiDyDs3UnFM8zzqUit9NNW5pk/vcoDLKa59vA+zv4+vPvmVU0GBbJLn716gyqhFZHKTY6kywJOo58+x2Dt1sCOGUBOR3/NDmZ9bUKONL0p53F7W/rEgb78PwrJ/rvcCLWWDPyB9MtYbJiKVLR6Y5y83f8XujvXkfPpIMQNH8cpJcZFvEafm4h3ykf/BKf0p+Pf7oqllsUhbvEzN3ffW+H18M+kVnRZMMiRYKazA/lmTED36OQtLiYw9WmZdv6oli+ITVr/3hStW21wN+6YK7f6l/6NQ3uex/xCrt7Eyvr7q9Xpg9v3d37U75mMBVWh9vrj77v80YLsgSs84t5SZipO0MIRPoCYV55vfU9AjNzy66nd+50SP/590B3sNYzJotdQ/olabjI3Myrq1DD2PVN5lN/tSVbFpQSybcQuNNrNLZ7d9jOP48xDlTnjmRc+W3hdqzUPk6f0Q/JiJhMUcXCzZz5vW/T6D6qSqIaLRBl19Cu+vmYl+nH+gVrKERu6ohWY1rS90DY90UxLEl0rPf4uaIFoKqnaCld4Cy+B7MnTjl+d4PDm1ANWMeFZH4OGU295dw39M2kmjHOeP2MUXKYSAe/VwchtPxoQibyLZTgmYb4cBu5+8+owS/ZSCFCXX2c96P+EFk3zoaQ3EmmrL2yySpm/nox2aozq4Y3MBNeU2aSV/rM9PnAcD6X4Xw+zEyf95mJfVG2WaeSsrcTselF6CzLX58H/NWh/e2QVTg92gs2MfL+/m11cUEOk4iw/EEKVj/0vRi7nAxqqHn8XJhuUlUUWC4/sjqhs9An4aD30TNoZh6H9q86CB+RX1hfrO0qvFuihiUyr7ECC7STYVA0+Rzr2AzsDvW69dEjWUfHPOnH3/s2YlDWOAg+mVtgJn6JWfj3eUlQVG4SShDlzskvelP11jv91dYAEHGCqGiM6ZewCy2AtIEH6Yz9ZN8tEw5sVnnOa9P8laU2z/rpmGz02s+gIzgnMvEA+TsaYY9kvxcDNqobaN3hNbDnhtGW5CZwGgmuME9kjLAjDjTxxaHw7Bcw8VZSz773xffZGWJCA8pzTKf9WCYCEc1zj3y/l42dxljnkX7VR6EOGJ4YYV6k4Q/EmjLHMfosCawPA1VkhM6XONKuY1KR9XlJXqSOXgTJfmqyB17D39UtbcTekDGDRvQqDWhdH9N0d4l+dsda5TPP6n7Jga5MFFIZWLIlOX0Hk/p7jdIvVe/cFQb9GVDxZ0Dhu+MWy7mv2Zd69b3XktQRLia2eN7nffrl9fe3fDVp1g1ek1J4ze7v1h2zevH7bX3vk+3vf3bn99j63u87+2R7TOsIW+Nv3fnd7hIfIDX/CuPk1VNW7DuC5k+YoSDTxk76M8pOt1tYHKAXkYT4ie/dk7zp6p3a35cgMP7Ey98R6n7vS9ivrRdouQuX9uUhd7tlP7rro3An/Vb65jB8+Q3e0snEygWgv2AQvI4Bem1/Blpt7xJpdgHiBXp6Q+8AdEPu29abUUqZkpce0fyvXo90eeiX+N4SMGLPlRbKKTAPQ+/AU6s4XVI3QodnlsFYlMlbA+gBXRhYbBMTpNvpLmw1QjH6ub1thPNzWGtaAlxg2CJj8gWjg291Kn8JItEVO4ikgHbd2MT4WQxnueCIBh2D4/ic3MSSOO9pdUVL/8772yVO4C++WvHHasftx2/UMvlqGV9CG58RJE/LKourqv5y3YbfMmS2gb4GZzrDFiKc9hLCn3NsGNfsz1jxc+ioA7SeMBR2aEa/vdGSVpOfzqeceIUNo4StKsBHZPmJtX9Xjq6/jV8jJpagz9Y1p0Qe4Y88a0hs8ap5iSP03zV49dv86reRGTwdm9eZ/c7fjavzc0JlBzZR0PSbsJezXkzyGvh63zySl3nwMEzmi+8L3vYru6SArskrgvW2Kv/Q+92fCMucau/gbNlVBWObfA40IaaLDNEXq0b+LbQtv8RK6ilYw5DwF6dlsaTceW8uDcvYlz4hcn9LLHxzxe9ufmNra/uLrJ3TWBtKU3wr5T9enkGH7UHj7IzvQ/s8S7HizOwqauFRioDt/F1Hg6jPwPxZrfBxA7IeqqpgKYfDyH9S3mwFDWEkeFxR2k4JQ7+lCBetkPPEcaatZXeAmq1Xs9BxMZPjd09qN191ceIPHeUZMU0cLKsrG+Fj5sAu1Ph7FmOPjQDErkvJHMpYtrzxhW5C+EXXXQAezmfofOQ71DayogkhS9NNWloi4G0fdXUXeCHnd+3At+i5j/xX1Q++4zFPtItfYnWLZ2Sdy+PTGi+AHZ190hDmiAzfDj0QbJLnENC6Pnn9OgZrdUfsvRAFhjB0ao1Hy31TTrPmlQRClONS9yl9cmY4dgm18G39a70s8OXnllL8gXUYDP+k1nsjYIbXq8b7mHXKjqR2TvVzL2/yLEhUnDKjSX7smZEhS0q1z1sa5Yh0jlfrZg5WgL5dAhZ0qr/GMuCJG5tvTfh3BNHvpI/JfTRR33ck3GOp/b2+9x2KXPDn72Ws83e2t619ljb6JlqFa4BLIjxQuxBWpmUf+aWTw+nJL/RDwJyEe9a2tWMLYWCP0cwUWxUwl5niJUr+Rp2nmIj2RdfI9O+RwkXb0Y7g9YGdK4fIHe4JtqCXTfjZGBa6GB4W4zfCShp7gLnvAX7bsALcv9ys8LHh/hxuW9CNtbafdMTJjskTBJKiYTHYNcLF2txKoulIQ5aQKjI6Kz38V5jejcGImgcD/9n32ZaLq/mLGa5Z1BcutgnjkA6qk7txmKe2u0GdnWz93DOOPUUf66ubGVSN6iJJ5k+bABoG7lmR/sDAR86nUU7Gh9ar6bOdERJfxADDTs3ZpqkZYvUz5fZASM40mR4C68XrgrcLBMyUelEmNNznFJ2EbOzsATPpd8gfivJ/wNeILeCwfS9oKp/xiqBpMGbfjONg/MKBsHh4H935viDOPXMqmnTLbocEpncjLF2jQ1KpPggMmD82OHMGY/O2kTwvXuIwEd6ojSbg8YxSjSkauKRNCR396c4OIpyGwps9/Gr8oUfp/g5bYtEyXujj4h1v1k+DKbfLCeRSYnCsrhzkEIK4454fAxfCd2JOQ+dHPMzI959JZ3B1xbJbPpHmvYbOOwUOZq2wt2hIy5lPqvUSKyYnZUGfvKIgS8ZOSU8Kcsgwp5EYgx207+1wdkAnhsQZUTvRuaSlGPrFl11qymGR/j6m2DavnxqskMP3IFXaMX/+Jf9qgIARggUFghUdA0yJSbz1OpRs8XcYvqzXfqdLGcnzUaDFEGmNSha/gz9pqL+X1wgrUH4r87cu735O6aIVuL/Jy/PxKrvIfx8Zmzjtk+odrVfnpbAIraBWZWm7tX/eIYl5PrLZi3MWJwvw974JoEPR/Q2Qv5f1cnUWz8wsflsYSZnt/8VcYb8uSDyKrCx+kM+EEL3PYciNelUII+ao72jbl1ntuISyifJVyEFfyCx82Wec34s/Ft56Lk1EO/xkkV8Juz0H02J9ed3ms9eQdCQuWQOMONtmMHmDKOTM+wAzdphezQtSJltb3+FvVozuiwpWkSb7O+wt/F7uV/aevtjc7SF1uw1gltXQr/eJdIyZ+w7PGYcrL9JPerh6n7h37CzMqrx5UbXHs9mTqp7lNYcB4df2u2dV/SablPnxcnaSl2WDtnd/v3YLn/3M7GfmlFYtJJ/7HbOqeOeORYsjM/Lmt76guQA4wu+78JjJZu1INKbo9loC705TBDgQuhijKEfbQTTrSVtn07axw/hS/Ska+U8WTTERS/CFnysnn+dSvvroZ28I4L0vjNMIO1uwo8wJqzovyXBf5hxQdL+EyS+mDrPfqzfn5hNWMfEezot3+czB4HzOInu39W2f6X4vT9kp6F5D9OFaihKzDoJqnBdG45yJBjOzkyI943TBUIrG0yKeDhLjA6G2FlXk/Jn/0bTOyWlRfYDl6EssA32bc6Ev2Gn8gvNR32GRFNd3QUt7xVIoQB9//JjeSvmrzz4yVHyUTZqqJNk9xAh3Dnl8O4fyKv0iM//o/updSu2KWfrjlKc4XGUzmEb6nuPFR7urd4cSIfKvHx2hq6PHd71/W0jYD6f3dEqSrY0++2hH/m7gYsnfhExN/58RavJPjX+A39HHh6zUfnFqMUw/Mjh+hJXawO6MUsUUvyqu+FXQSj8ibOglRc38yRJZlDYtLqtVGtCdImL4AtzxzHhr8L++wA+kQ4olGYxvv/kC7EIG9jl90OR1+ySntzk1/nx8XtRNe0LKfHYHCxCUf/Q+ElXz7eCTM/5kSY7va1IVcNfdt96v6j33lO1ntKbhJJe1zn3jam9WvfTmmffmZ/rmt/uBpKHTyH7ptICnZUwUcxtd2UEbnW+j957woIddl/DS8Z8tp+V6ln/Brc6WT6z/AMDPO4B3BuB+Bx/X+YJGyiSmFJb24jscn2l8AhYzvfTDivf2VMAIp77KfeZ9MGxlBwcOND4P7IZNXpJe+siOG2KErINvb57d9B7w6b/YU9CfG9F8xgqa0+hLt0DkhLqXD4QQ7Ij7BXwOfX/STxRJXOoZaj8o0C/wEazi3d8PE/Yz83ZRWq/ic/ikxrGgiDjiy9IwLCAspMLFJ6fppxmdgJL8NXvs/e+ZYnewrsMhAr4n6nwU2nxpID5/2MLaejQBZyiiio6ANUgbJBTWL3Hz8gxs65MrQnqTEWZv3XeBaIoDk2h9VE6bb/2uMfqeOuJyghhZI7CRmXpNFxnfw+S+DN9b58sECBAvsyLDK6nf+0h58SPMwPe99czukvJH4kp8hABbOPF7n0OZhxnIgRiHly0sGt9mtYoMimQ5emvQ+BgDK01SCn8Y4tFrpfWAtmhV8/cggLRsuFXe8dwdcG3kKxol8t2PZIp4AN/Gkrp+wNGW61b/9npGIPk9wP3IC085A+RFlx/pKpMfXw7lF4BDlzPwmUUIf3Sm7NuSvaZJE572p+1Ml0kMK54BV55jICkK69vm81eSBacvnlQtpZk/ErWJOPx5dZXXJ1nDCpZn+yO21pj/cN69aTY0+z2UVW3o+AxZJgqQwbriyXwEmgtbGPgVeSUR+L/X+3Xwe2FgojR4ZKIAgu5s4jA6zu/c2DuzyO/hebMUL2YtppqlkXT97gl/9NHGmf9IkiA64h4ThF8HDOoxpPX8b9fNqNuJk+rgyx6QgXYCpFIxuAmI3w4T8nuxPwFFICGFLDT1Z/c7ZvaMoPLXFJi3tJpcnSscUoM152N/D/oAwD/hpT3ReL9x8kvu0BT/xsn/Az3+FG9o/AAA" />
        <Entry handle="19" bytes="H4sIAAAAAAAEAO29B2AcSZYlJi9tynt/SvVK1+B0oQiAYBMk2JBAEOzBiM3mkuwdaUcjKasqgcplVmVdZhZAzO2dvPfee++999577733ujudTif33/8/XGZkAWz2zkrayZ4hgKrIHz9+fB8/Iv7Hv/cffN3WxfJivKqrtmqvV/mY/l6kn6Xn6+W0Larl1p30F//GSUpPnbfrepm286IZ1/mqzKb51t2t3+/3bb5152e26N/f7c7di1H60Ud3Dn/j5Jf8xslvnBgQ6XSeT99+t6pnW2W+HKX5ZTtKm2JmIRfn6RZ9mH72Wbpcl+Ud+RQPf5peFctZdTXOL/NlewjI+Ooyq9OmntLX1GhMv52W+YIapL9H94NH/EGb1Rc5XrcvtzW9TO3Gl1m5loFv3dEGi+vn+ZK+3tG/C+/386pOtw7TrSJ9DCBjGtRFO7+T/sJfmG7Je48/S+nDO4dp8ckndpRmpHhlOs/qk2qWH7dbxZ30KN3By/0vHqe7ewceOSxmn3yiuDCRyiaPtEk/+Szd02a/xBE6wNDHbVZN16DXmMikpHtyfTbbwkyNi+Uyr9/k7zAdBnz60d2P6F+CE/YCfD4A8PZuBDQeO1WYNqJVs540zL1bOyOaoO1018wes98v+X8AqLmZrN4CAAA=" />
        <Entry handle="18" bytes="H4sIAAAAAAAEAO29B2AcSZYlJi9tynt/SvVK1+B0oQiAYBMk2JBAEOzBiM3mkuwdaUcjKasqgcplVmVdZhZAzO2dvPfee++999577733ujudTif33/8/XGZkAWz2zkrayZ4hgKrIHz9+fB8/In7j5PHv+vTLkze/z8vTdN4uyvTlV0+en52kH23fvfvdeyd37z598zT9vb/95ovn6e54J31TZ8umaItqmZV3756++Cj9aN62q0d3715dXY2v7o2r+uLum1d33wHWLl7WX7db783xrJ19dERdc4/vFuWy+SwCZ/fhw4fyujTOs9nR47Zoy5z+/LH/4i/4w/6zv/fv+M//8L/uP/8T/64vj//zP+YvoF//y7/17/0v/96/kNreNc1+4ySl53EzrYtVmzb19LOP7v50dpnJB3d/+het8/p6e3d8b7w3XhTL8U83H6Xt9Sr/7KM2f9d6TT86enxXfrsZ6uu2fp4vL9r5BnBpmS0v1tkFfbW5k7JYvk3ndX5OfUyb5u5J04zp50dpnZeffdS012XezPO8DTriBnePei+X+Xn7PgBuHOpF3i7ypqFxfC3SDbSXRnjO18spmCZt5tVVs54s8uV6a7le3El/sWuE5zKr02ry001bp5+lH03bcmfn939Oo939/Vdns4/ST1J66TB85e7d323rox//6BN57c64rS4uynzrTqdZ0bymvre01S1h4DvX8pdEBhSCHRgOjWVWTdc06nZMpD4tc/z65PpsNoBPcZ7im/R3/YwGXJY9uF6bMU/9eFY0qzK7Tj8jsn10p98aT6R1+tGyWuYfdbrHk5dN/h5guiA8WsXIBqJ9ASb4qu6PrqymGVqNwfIEnNp40GPg6mI6P6mW4MCtfJTGOAvkos9BoN0oPYdm6KOmWn505+YRb4QBht+9R2CmZdY0L7JFTiA+xqfN3sfDpMODifgm8B2a6K+D8waUY9MDqWcgYNj49LzO25OqelvkWx/R1x9Jo04v51WdbkGkCkJk95B+PKaf9+iXTz4ZFBGd8yLaAA/YuT/C3e4QzePz0b1BoHjigHvTbZ7OtPNHg5OPB5hsnDzoSxr3JiVinlvAuQUb+A8UqnDivJj11bF5YqO+DW/9bnbod8Y1uRTXW4bbtnoDVVTabFLmKfksd8aLat3k1WVeb3gLTzsvGpWkSTZ9e1FX6+UMw//x/d2HO5MHMQJ470yrsmJD9uPP+ImJn6MTpKRHp19ikF23XxvX/N75/vnk1rju5A/2s/s9hQ4GKKZvb8Dihmn/JTFLdyPzXYTK4Q7zNI0uPy+W+ez9tPkgzNsoAZ8XPSPrzJoFuiQ4I7L/5Tq/c/fuf/Z3/WX/2d/11/znf+If8l/86X/T//j3/XH/2d/1B9Gf/8Wf9TdOufF/+ef8Yf/5n/TH/+d//Z/kf/Wf/0F/n+ugM0DowKfZdUOI3ts5JO/lv/jr/7JUYKX/+d/0R/xXf8lf+5/9g3/+f/7X/1n0bfqf/2V/df/l/N2K3l3mVwSmxSzhi7t37QcfPc2n+WKS1+m93VFKDvzBR92JIxDjJm/fFIt8C79f6O93iLaM27fSvX3659Md88/uzs5OF4qdJsWekMIEfJJ+9BkmKW+m2SrfEjLi00PqqqjzRr6lbtvq8y/ekKdeLC8CZouZITfl6ISm5T//E/8M6bf5z//Iv5+mxryxkfBZDTHpID5eZO10vgUCvsovTt+ttj7a+v1+Jr3DLqsZ0db3fr/D73/rztbhz/xud4jhIpIA2FZd13m7rpfE50oF+vJ7e9+nudIv0OrQuOJ4YmOe5WVnzH/UX/Rf/9l/mWC9cZw9Hrnt/G+Tg9VpDHhTmkUC2JmECBG4oaXCDRzCjb8GY3z9WOaqWM6qq3G1nOTkkOTrZVll0LOeXsRz9262budV/Yh+X+TFD36Q3sBXS4KhsPNLDJi6zvPl70301I/lA4RDEfJOQJn0yNHL/KLaD29XZfndYtbOCeTeToTyk/QX/sIQB1L59OP3SR+nO+nP/Ez4XVa2v1d+Hde+lutEuUZMjyHjKl9ufXS3rC7Iwo2zZvWOfL+P5E/81lZVOcnqz5bVSAZAfzT0VzqiyS5+AJOO79pq9dnOCHEx/eAxfrY7+nZeXMzbz3aj/VOOwh+MyNRPQtHQl5/R/z/6r/76v+I//5P/mP/qH/yzSRv/Z3/XH/+f/w1/9H/+h/9V/8Wf+sf/Z3//n/c//n1/8EeHCoYa/Nd/5B/3n/+Jf+N/9vf+5f/Fn/YP/Jd//9/wn/39f9F/8Yf+rf/5H/znkGKX9v/Z3/uX/pd/0R/syyqevmfT40rzMWdNKCMyqWbXyouPifsWLAyffUR0W+btM/rgI2I2YrvZZx+tqoaSARnz5GcfnZG1fCf0TYtZ+EZOjMtcv1iXbbHK6vYuYG/PsjbjnM2suMSPYrlaGwEh6z7Llx9p/7//7/+TZ6ffff3m+M2pgA8+YPVNCYer05dPr756/vzN6f0Xb053vvjpi90XT6cvf+rJ73PyUxcP3z67ODs5vsLPC/p58PLZxU/kT569KvNv/8SzkzxfV3n+E/P1d18tnux/+yc/f3g5efZqNT3+6qvf57uv2uy7+xfnJ09XF/e/Xbb3H5TL509Xb/efvf2p47PPn+79xHePL84K/rn4fbi/44tTgn+Wn+wezF//3q/KyVcvLmffvb9zfPHVd0+0zU9dHPwkvfeDL548L4vVg3Ke/WBZ/l4/Xb7d//ayfP5yVVU/9RZw/LYvjn9Q1Q/Oy4vf5xxt6PcZtTnz2+y+uPpBOX9Ql+2nD7w2X/ht9l68el5Vv88PFuXzu36f2vYnwrbzny5X35lUFz/102/XdV2+pZ+Xn357cZHdXc33z1eLfeDJdP4JHfc5vXf67GK+MDR59hO/z9Mv3hzvHr85/nz6e8/eze49u/dk+ewe/351enHy02dX9H37xdMp/T8c95OLs/svrk6vnjz9id0vfvDV6YunX/3gxU/47/w+7RdvQjrQO/e+/InTq+PF9IL///r49/rip4/ffXGyc/Xi9c71l5//hPLCdxZP3331+fFPT/cJN8Lx9N3xD07ffRHA/6r94qfnTEMd2xfP5v7YvsLYdp58G+OZnt5qTD/xxbsvnn7x7Kc+f7b4fb77+5ifT86Oq+svnp5ePX9zfI/+/47466TTz/Xx8jvyf39Mxc4PvgjH9IzGcfXF8U/en323rL+0Pzt0++kXwXw/+Ymz+1/+xHf28wv8v0tj0OArv+3+FxdnRKuzDr0MXMfn1Pbei+NX8+keidfnz37wU58HY919/ubsHo31295YT1784IvT3+f3fvH2py7kve4cvtj7iZOTY2+8P/3VzvHiJy74/7G2P+G3/Yl3x5/k2fz45XJR/UQXlz3C5fcKcHl6/PT+/V90Ku90eQNz2/hj/cEXFy9++vfZI0rsvfjpHi6Lnzh58hMH3z2eH5z8FH4nXfRTxwc/8ezi2eLZxSl9vv/lV58/u/59vrtbzj7/yeufXDxrZt/9ScL99OR47xX19Vb4cCH9Ep4vT5/8Pk9+av77POHPgfdPnD39KeKHp9rP8UX13Wefe/Nx/MUPvnz6dv6mfPjlT/3esx8837l//mbxk/em1w+//L137pez3RfV88WzH0y/fXH39Xd/4iH4++U6mxZ59t3my8Xvvf6EhOrLYnGRZye/6Mvvku7MLtZP3y0me/d3zj5/cTn5/OH1y9/7O+VPPX1weXn20+Vl9XuX9S/69qJ6/tP099uD53s/dTlZ/sQnpz/wZWR6QXPw6YunP/FpT14Y3+mK8P29J/e+U79avLucXT98kX/17Gr6+bv7z3fk5+99b/VmenJ/Pr33ZP/l3ndWP/V0Z/fLN68+//T3+fLV/Ume3/+p66tPf+rLJ/ez19/99Ozz3+f+81/06f2fws9P5verzy8//X3yb3/6U+vPX37O+F38PnsPm8m9s4fTxU++fVm4cRSTt6uXJw95vC/nX/gye+/s6fG7L3/6bP/Ln/6J61B+f+LpFz+42P+9vrp//pN7D6+znZ8i2NPLN793+WT67SdN/vqh/PzJh59+de94Tbx/lT99WGRE/xdv3u68Wi+evs2/e2+5/u6U5uDNRf7dt+W6eLL48vWna9itL1/fpXl4Un+y+Pb8k8Vk/tOx+div7k8+fXY/+5TGu7j/e725uvypxcP17On+G8uj1/j/Mc1Ldf3l02rni0WgV06Pf/DF/oui/PL33p1dThft5wT73vOd3fs/8Xs/uZp8++2l/CzP8/LFleGh32dRvn355qv7X/yg7tjQb3fs2fSA8Tl58tOTvXeX05/evf6p7/7EJ7/Xl9/9ZJ4zn31n/XoT/7wl/rn49Is3ZajXmH+++pr8c/Zpl38+/b0+uXf/9/n82/fvv/4Bfv8AftkjftklXmGeIX551uGXnVvxy95Fl1/e/cSXPX75vej3Z/WX+Vcks/R3/lXzyaK4kU9+0cn+IJ8Ux1cv3lTvXvx0tfviu6TLLkI++eL6a/LJadfXIn/j+eWi/L3ulqv7b95efqdelNX52/WD3+cD+OX3IX4hXfMG/PLE+DAev5x9TX55ctzTN9XJg/ur15f3s/yr+8+vs/ur7Nv3n6/3PpBvdr786VPSM6dXxDdnHb65uhXf9PTMxf0+32TH60+yr+pPvrssv3x9sFhn351/8vpB+yH6hfjmix9UP/jip0m/fB7YZuGb11+Lb8hw/rD45otPv/jBGeka8M3BRhssPsorGtvvc/LtK4pB5r/P6U85OXl6THHKKcvldyd1/nr/4stsf00W++xzssNXX4Fe79i3czTCO3un64Lw/O7Z2/V312SXv3xbdN75Lt7p+hYHT5/8xOk7/E24/T7HP/FV/nvvPnyKeZwuHjbT3e+U09/7J1fEhz8xufdi5ycWz34622lL4pVzev/Z6eLFzuTp8dV3Tsv29/nurPyJ5U/uzD5/uP5iurP7e09+73vtL5p++6TcofBq/WD6enX/8pPdVlaIH9+VKM+Ge7Q4vzHiO/3J0xdvfvL4ObH5m7MvX5i4r/exi/6+++T49/pO853Pv3vyE8+b5vL5Txxf/V53f/D7/PTv/eT4+Q+aL79dHOeTyaftL5q9u9f81BfTYnHv0/158/LZ87s7xw9DLDkAdr/yn5Lfv+Lg/6Pdnb39j9K5ZADor53fnWLhsrigUHhK8X5ef5ROqnqW1599tPNROs3LcpXNZpQssn83K3Kn5G+vF+mp7nwin84in+IhtCO4vXf3Ybf97h7TglM+bVPOY2MypiX9ePR078HJ0yefnm4fn376dHt3d3q+/fDTJwfb+/v79+/fu79PWVl0Wc3ySdZgntt29ejuXUqNcGaLMpuUd1nksyKjFNzi7mo9uUsrFdO3V9llfneaTZq759Th/G5zxT/H9NGP08pKg7TDp6Od0d7D0c5HsfxPZJ4+3evSmgdGKYnMpDoW1WWRO66aNtz/p2Pq/sZ3f9GaWKC9tm/PqdfoS8h9z9KmnnZ7SBWEvpuuyvVFsaS5unCUu7q66hLtorpLeU+mD5ZjifvinCKSlq1WtNLCS+B3321bYm/z+x8NU+7xXca7yxZ3hS983rlrmYd+BVfRD3DokWVVZiLKgxZtmT+jtTOvW4jSDRzrMbd0w2tMn33kFqYepeu63LpbLIhyzV1K32HBZZK9HV8U50h9r/Ks3X536Aa4d+DJASaQZXlBSqnM/TkkuegIek96eYAQEOp2+wfFR5YZH96/eWj9ifME+ZscZojzpiGHLWdm7ngJ66O0WvK63WcfuVV4LPuNdu+IyuZlfqsckUIdgo3nFy4nzerwcZbO6/z8s49+3IP/muB/QcC2Pr7rso0f37FUOSc22qacbf4o3d1fvTtMKUNZgMkfESFKYvfLfGCR2Dw6LdtA8lHKMBjoFRPvEc1EOTv86Oi//iv+jP/6L/7bH9/Nhmjk2L/3FZGvQ2jDHPc2keUxhdqqL3SuS1qaxCyL3Yq+sxmN283injeLUeVpnttN3Ivfn6fu7uyi7U5fZLZSXjT+6Og//8P/nP/87/zL//M/9y/5+UHzex7NN2L4fjT/wcX8FjT/6Oi/+IP+XlD7b/jLfn5Qe9+j9v43SO2fLm9F7f/8j/kL/vM//K/7eUPt+x61739z1J41P5jeitz/1d/2V/3Xf+SfKGttPz8o/qlH8U+/OYpfTCYXt6L4f/n3/on/1Z/0l/9Xf8Nf/J//UX/Kzw+KP/Ao/uAbpPj04nYq5b/62/+w/+zv+Sv/q7/hH/jP/7I/8ucHxQ88ikcdXPO8H8V/+vqnb2ky//w/6b/4M/7s//Jv+Iv/yz/pj/j5QfGHHsUffnMUr8sfXE9uRfL/8u/9+/7zP+mP+v8HyX+Ehv2K0NBZ594fUTpg9e6jWzLlru85795Dw0W1bvJqTZFvXUznJxTN5e/arfySQnf42cMDM69eIvTuv0vR7SaqUOqQEZnKS9Wkercx0PFj13vxuNNGpxTlP9reJbIc/mC7gNQ8Sh8+fHi4CR88//Vf/Hf/l3/u30DWmATmv/5D/6rNjXkAwUSkew/RZTorGqSYHqXLapn7MTZl6qpy3dJnEj5v7z7kkfz+/Of23s4B/QXc0z0A2tw/nnB0TM6mWt40TDyagglTSrfPh3JX0bTC3q0Qx8OR66P0x+99ejCd3D9MXcpm23yV3zvfP59okEt/U570ULGkrlbv0h/fffDgIHuYEl2L2S37lfeZR3SGAk5aVvUiK29Hw/pWrZzaoD4t0YRn7hPdbwNkUg/qiqBdJ8v9NWaVGIiB/P95dg+1Vc0fQtb0AxZE7+9J1bbVAp/cZpbw3K7VLXnHPOAhk568txNmCtPJBROQHAchqJ246bpuQNhVVSAL6xE6f7Cf3d+g2WOPtShlJYnxz5xP8u6nxSP5PSbrxe9PTPTw/se3pZd5xAlSV6hnMbO6zjZbzKHnv/oH/4T//G/4B/6zv+uP/q/+zr/xv/5z/sr/+g/+U2///gYr3H00iX9ju/T/71O/u/Pg/zVz/1//FX/2f/F3/Y3/xd/8F/8Xf9Pf9p//ZX8YWXXK2v2Xf9Ufe3soP+IAed6HAx7+v4cB/vM//k/4r/7Qv/+/+Jv/9P/8L/vb/ss/7W//z/+EP+RnjQFuzQBune/Glrc1+rdj0h85Iv/vdUScn9FzTW41K7fiPPP8f02hEPf8v0aj/Nd/6J/8n/+df8F//uf9Tf/1n/oH7+xTeuU//5P+uP/ib/jbbw/klsKK55YKBc//vxng4OH/a+b/v/jz/3qa/93//E/8O//Lv+cfFDa4PYAfzb087zP3uzsH/6+Z/P/8b/iD/4u/9S/50az/7M/6w//3SPzu7vjz8cF/8Rf9kbd/7UczLs/7zPjuzv+bplz1+x//Z5Jt//RHc/+zPPcP/9/j34l9/6//lL/5v/ib/8L/+g/6c37u00U3N/q5CyhvN4jb47e5xeO7tOKyAcqm729YT9Mw9d6GcGsAQoQG/fF672p712YIqQ8On5f5FcWeO7tWvv0Ut0S1n54/fDDZvTGqDSLSyJvpIqsviqWEuljQ2iTMN2syf0Jo2BFFNs2hoG6jMvqqgcjy+xe05rizKwrCkPhT1xN+v0lMbiEivYXaB7fLsCBNYFZz26It8fdHR//53/+n/ud/9B//n/39f/x/+ff/Df/j3/fnPL6Lj78ZJH3zcFNz4rKlLNu25c7O7/8yW+bl7kdHUaR5KbL7xuuizb/IVi+zdr5rF63DN7J0XufnZKD6b/z+r98Wq+fF8i01w9RmJc3Xf/V3/q3/1T/4R/7nf+Pf91/9UX/Nf/2n/gP/xZ/wl7u53LEzTL8JI3w3n7zKm2pdT/Nx9m72e8w+m5+dnux/5+1P7r/9/BedXuT7JwfPZr//xd4vzBarw/azT+/t7+5++mBn7/7BjjxdkZLpRfIGjPP4biajPvqv/4o/47/+i//2x3f5DxpWnAr+mPCqNL8FowgLGPCxmdmzmAZr0h/drpNbso/JKS6K2QzZOqW3lVbWG87LUKfiU35Mms0kwCLa5VYyI+pSu5C5J1gyI7fXm7foCc/NKsx/QCIaNOj92UcPLR0Mkvdul+Ezzy3mxDy3NM94aETdabzlm3g8RRekOCdVOXsfOHi6bPw8m0DBpNAQBD+bLYpl+jNBGu6jo//yb/iLsbbzJ/9Zytb/49/3x92+1/egKJ7H79Uaz3/xh/xV//lf/vf/ruKr3v7V98fLTMJ707xYrtZt2l6v6GU2kx+ly2yR6xz8bmf46MmaBHS5K76FzE34uWdl7+bvilbM6yZFeXssvz4tpMd0b//9xAzPz/6EvUdrPOIC/Od/3l9FoSm5ALd/+f0xex+foPt0fa671bIslvne+wdkXwPvb0oPve/k49m9ffP3H9l7tMYj+P9nf8/fc/vX3h+njpBtCp9iz3t0eEtbdrtQ84Z+b+jrZuvvUeZm78b5BvduQ7vHFON2vbx7cS/vUJ1g6vbBDUGZhX5DiC1tvi71hmcnAjMWWEchd5e1hzq/OaL2I+iOp3gzP8T6tF176bgbI6yfBfLyt53xs0V8DwqEHG3iiA8VExt9Q3XcZhoDAL7fMie3NV+Gjstzsl67v9u6yeti5jsu/Pnvbz6nXtf0yq7YJqXTTRkWj3BuDC6eBQwzBDjX3b6vfvoCXm1nwD/W1/MuGHbAq9UiX64/cinWZl5dNesJPt36+Pff2f34Dkn7f/Fn/JH/2d/7d4hrjLjSwVUWU1YaRnJ1NiNgQ4itS34BHkJZNFEv4XFZuGiesr/freq3z8rq6u6XT6vpmtBt75pffv/j2Yxzwv15Op9cXFH+40/8k//zv+sP/c//8L+OxiVhMgF/jy5P3qfLq5+eXhsK/md/31/0X/9Zf/jX6fIn+12eLQd7LEvT43/xt/+J/9Vf+Ud9nR6fvZ5nr4hF7S8bx3jxzvT4n//hf/N/9vf8tQM9Pr67Lr8G9zRTYvGfLR7fFR7/L/+0v/A/+3v+yg/l8d1vksdf1tVsPc3v6k87Ab8Hq6mzNl/8QlZR//Vf/Hf/l3/u39Cflmb6bmEGJm3egxE2d/6yzJbS+X/+N/zR/8Wf8KfEOs9WpnNp8411/ipfVXUr3f8Xf8xf/l/9xX9VrPvJxHQvbb5ZlryaXfzgZ4sjdx6I1v2j/uT/8s/5w/7zv/Mv/8/+/j/v63PkzoOvyZHdOfniGrqBfnndZvVd/DOsEBbvri9Iz/4Zfx6R3onULSffdiTzfJcX+gY6ml5hmv/zv+vv+s//mL944zTHOrK67ovr49WqvL7L//7+r1cDnZXThmb5v/jb/+D/8q/6Y//zv+Ev/i/+6L/7m+Wpd+9++v0t+RAP7YOHuhx39J/9g3/xf/EH/43/2d/zl9EoPoCn9r8mT3GbziycvpvOsyXF9jTzedNk/m+v8+UQi/1gOSOb81/+tX/2f/5H/OH/5V/419PA3mPmvT5P39H6zzIrv8iKEh3Tjw29Xk2uf5r47S/7M/7rP/Sv+q//kL+B7N179Hoyz8h+5+fZumyHWKxtPjr6r/7gP+Y//8v+6v/8b/jLLOwuZP/5Rljvavb2F+3ufUO8t7sX5T3RZ//VH/SH/ud/7F/29XmPsPxg3uvC/UU/3fwiIvvf+Hf+53/wH/lf/ml/K/1y86x2Ybz9RVPiRxndf/EX/uX/1d/4l9wMw6k8ZXz9ucHTmpbXzH//+R/59/yXf/qf/V/9VX/QD49H3r07n3xj6uneBvUk/vnXZ5Gdex/OInZqXuRXDf14si7LvC2W9Ovn1fLiIqs2Rhmwfn/4X/ef/8l/zHtbP+3P/djUz7sruN1/03/9Z/69X7efs+V5VS+ytqiW4V+hyxUk66X32U+/e4dR/jn/+d/798i8/az1vtfv/ZjUAFyjv+/P+Vnu+16/7/aKR/7n/iXkdHzd3l/mNXe4nMIIvc6nEZqLh/tf/pV/MpkCUiz/xV/0d0XoQKb4v/x7/+r/4k//o6TF+2PyNF9ldYuQEn/9XnkzLzax3NsGgxekvvbgi2m7rnP323CH737QrkDrf+C//KP/yK/L4+SrLmdZPfN+He7wmCK4/+Iv+iP/8z/yj/iv/so/7L/64/7Qge5uqUMH0lBfT2d+GteZf9dfQ7l5NxU9pPTX2vw6pDU//Qa1JrF3U5FXxXLl/X33zXpJaebf/ytKmH21GpqDi/oHZawXPDLc/+pv/8P+iz/jz34PVughREQk/392F78MY7LI3kGV/41/xH/5F/3B/9k/+Df8F3/aN+3yt837h5FD/HEQ5Y//8m/9e//Lv/cv/K/+hn/gv/z7/4YPsKkHH8YdkWDqnOaYhmVH85pG8wUPBYJ63XyRLeETIUI7wZjcbzYf8PGdj+JcYmhlorU/6o/4L//mv3czu/QwnMyan74dhqTIn+YNzSD/+h7YUbz6n//xfzrNzX/1N9wQvkTod1vsiGoGO/r1PbAT2n0t7K7nF7eb3ResCny1cHv8/ss/7a/6L/6ov/M2VqE/t4tb4/dkvTDo0a+3RA3h4Z/5V30t1H5wdWvUnq7ba4Mbfr896f6rP/iPI+fla+H3082t8fvOmiJ4gyD90VhDfwsM/8o/5b/6o/+WDoadxrdDuPnpyfktEX6SvTXovv6J5yfV6vqW2P4Xf/rf9F/88X/Df/6XUQb87/9mLcTVjGLTb8hAbIrLXdz7/jiygfiQuDxOXTy3zNlZzxnffXZv4yornv/8j/kLKD4jBfKf/6l/MI38v/5LNkkBnm8aw/2bMLxlNgLPN4zb/Qc3Uu+P/Hv+87/zb/i5wO3T+zfS7S/+4/6LP+0ftDP7w8fw0xup95f9Gf/VH/xnkRP7n//Jf5a47f/1H/lH/td/ruPA2+I5iN+X7Tyv7Yoh/+VW7yhk/zv+87/hD91Imxt0Ff2CVWmrE4YeLwAZbOJW7u+957r9+0H/9OHDLvxUf4dmuqkzPKoAm/aaVvU5RP+ozd+1d6dN478+qWbX7q9fHMJdZPVFsdxGl4/SndW7w+jXhN2Gb+viYr7p7UnVttUi1uC8WrbbTfGD/FG6u9f7dpJN317U1Xo5255WZVU/Sn/8fO/83vm+1+6XuF9/HNqcGWFwtBOKsHKCs7t6l/74/QcHs+w8baqymN0E0fsVRuqGDuyIN/WDh8d/lQv9JlXZ/d4Me2fvwafZ/fdAUhC4CU2e1h8KjrOsmGTLYXzsTD9K13W5VSzI/2nu1r//xe+/szu+KM7vpHW+yrN22+cR7eDxXZYA5xE007pYtb5E/HR2mcmnvmBcZnV6XlNOa86jSz9L7x/4vHW+XnIaLG0rILX4/YvZCOjd6aL/u40v8nbrI9fL3fVqltF6uKTPSc/N3/0eCzgd6SepgFlS/lb+vdOh51WxnFVX47KacvZvDHVKqFG/cdpaLOFcbVWTnx6lxeKihyMGS19ilDPVxMD6lBm6fXJ9NsO7XWSK8xQft2Mm8XhWNKsyu04/+yz9eFkt84973fBLi4txU0+pp491Ii1fFtNquU3DW2JSP+50hifWWfpxt+UvSfOyyb9G3+/XLQ+x23VkEiwf8uR7rilLpSr83Z2d3/0jlbzPPtohvzcvy1U2mxXLC/t3s8qm+rdv72yyzH1iDcl9gFXLMaWpzOsbrVaI2MOD310STZZSAZoiHGQOdw/eB+ewvy7+4bcz28nepx1UOCRIeWY++2hQTdA4JxehnrjRWt88Od7AugO/hXXePGj/AQHe0/Sb5xcuJ83qEEs7f+LfJQsvt3v3Fr6KeXxWO3gf3MgV1HnrmIgUOnl7lk+rmlXcoxSC9pFzHM+Ws/zd3adZm70hHf6ceMEtQ5zNPrsV+f3ne//Fn/u3/ed/2Z/z/TCa3PTckj5eGntDE/VNN7QY6msD/PeQqYOHHT9zcsEzQrH5M35+zmXl5hbmub1Umcfj3/3f3amzvRsjt9gj8ib/PoZnlMJ7JZp8dPSf/Jl/4uO7+OjIb/R+XdyS7fzHG957BxDdxw/eRAZ/ssivsL78eVaJCJL47e7c/4VvVBJ/YZktF2v67d5ARuqmpy1aaIhfdIX/vg7OeOTt93+Xo02eRZWHOp99XRxSnfz3e/vDJvz99LF59nZ2d7Z3HmzvfPp+774nrrfQjea5XSs8PxL/zvPDF/+HD75x6d+/f+9rTQcevPv+b/58lvxPt3cfvN+774nrjyT//5+S/+DhNy75F+nXQRfPxXvwjnl+Pkv9/e29g/d79z1x/ZHU//9U6g++canf3d39OvjioVff/8Ufyf2Njb3nPXH9xuT+ZyNTEocZgfOjhOqPEqp4/IQq/v2T/5jbvfseQvO1BftnLaG6vVkdR1D5UUb1RxnVH7lYNz+3c7F2d/aNj7Vrfay9j/zk6NfpHM+PEqO3f36UGP2RFEef20rxvU1SPMvOs/Ov0zsefvn9X/15LsfvGSq+J64/kuP/v8rx3iY5ruuv0zWeun7/934+S/Cn2/d23u/d98T1RxL8/1cJ3tkkwdfr4u3XYks8/PL7v/rzW4737r3fu++J64/k+P+fcvzQLjjGxPjdD75Oz3je/eD93/v5LcC776ny3hPXHwnw/z8F+GCjJ/0hq4Dv/97PbwH+kQV+L0B4fiTAtPi/MTGdNbOvndHCu+//5s9nIaaV/Afv9+574vojIf7/qRBvzEv/SIhv9fw8FuIfCXHv+eEL8f2NlniWfp2e8czeQ5eb50cCfGNj73lPXH9khf//KcD7u5sE+L/8c/6wr9M1Hnr1/V/8eS7Cn77fu++J649E+P+nIrxxWelHInyL50cifOvWeH4kwrd+bifC9zZmpKfT6dfpGg+9+v4v/kiEb2zsPe+J6zcmwgQom5T5BlgbMBvAIg6zA6fzbl99YCpUbKb5ss3rj9JL/XtRzGZlHpuex9yzmcLdnR1SLJOqnuXEfzsfpdO8LJtVNi2WF/bvVTab6d9Dw9xIa+DZtNcQMVFhj9JPV+828c43RVH+JhjwwwMabzEjRVM0LX8TDN+q2IO93ti7tPnatLCdfNpBZZEv1x8ZUk2y6duLulovZ4/SdV1uFYvsIm/u1r9/W60mF+OL4vxOWuerPGu3N9JSev1ZmPSwg9sKm8e076vrxSz9Z3/XH/Sf/8l/1X/+N/zR/8Wf8Kfc7t330BxfW7uR/dF5Y13+KP3xnb0Hn2b3D9M2f9duz/JpVWdtUS0fpctqSUzXsVZPszaDaXpOvCDmqhVDtb9nLdWtZsJ/vvdf/Ll/23/+l/0534ehud2btyTVLZTrz4ba5K9uL173P3UKkYSGWP5CDe2PP+Pn51xsPpSEeL5JAt/KLvFHPdNzo+b9hsh38/z/yNSYb39kaj7M1Pznf+df/p/9/X/ef/En/kn/9R/x88LU3PuRqQm+ur14/cjUvC+Bb2VqvoEQCLE1UY4+2PuRjUq7A374cKON+n+pWZpc7Oz+f9oqKR57v/vXzns9LhYXaVNPP/tIqWJJWEyr5fasulqCQkJearv7ke3U9z2I/tVyWhbTt5991Myrq62PZ1kxyZYfj9p50dzBVIilWdcNmZpVVYiQ3b0lqrdU8ni61nqo6wF8McY770PB/+zv/Uv/8z/mL/jP/p4/9r/+i//urX4abndHM2p3bgfyPUf6Q7X8X+RNQ0xiDf779Inn/2/G/b21ozDZz4L77kO/rc78OfY1bomyeW5uYZ7bkyP2/CyslfR07OT3h3Ld2RPNapjEdfbw9orRPLcUFP8ZXDb5AOrhsUsoP+4p2baC5f343sHDj0cfv/j9X+RXzV3/x+u5XVzZ3dn/+L00sP/8F3/eH/1f/Bl/03/9Z/69//Wf9wf9V3/FH/xf/CGU4fuL/4u/6O/yFTPp5aP/8e/7o/7zf+APl+/+x7/vj/5aqx54bq/KzPM1Z0onqAaHfB3iyHLJA/pfurP7aH//0c6nP7RFuluoZ/PcrhWeH4n57Z6fGzF/wGL+3ap++6ysru5+cX28WpXXd/nf3/8Hr1ci7RNC4f7DDxD3//oP/ZP/87/zL/jP/7y/6b/+U//g//wv+zP+qz/4z/rP/p6/5z//k/+s/+wf/Iv/iz/4b/yv/8g/8r/+c/+IruhvqeD/0X/3nZ9vYr938IjWAX4k9j8S+69FPTybxf7gR2IfPl9z5n4k9p3nR2J/u+fnRuw/fQ+xv/fNiP1/9Tf+nf/5H/xH/pd/2t9Kv/xI1FXUHz7aP3i0+/BHov4jUf961MOzWdTvv4eo7/1I1O3zjYr6p+nO/Uf7MOw/EvUfifrXox6ezaK+v1nUNWMnor77zYg6raT853/4X/df/ml/1X/+p/7BJPD/9V8y6Mb/RX/XzzuB3/300f37PxL4Hwn816Mens0Cf+89bPvONyPw/8Uf9Pf+F3/a3/if/5V/2n/29/05/8Wf8Uf+Z3/v3/EjC68Cv/9ol5z5nf+/CPzXYdkfCfzPrsDv/UjgzfM15+xHAt95fmThb/f83Aj8zu0FnlbqfyTw4fNNC/y9R/f2Hu3/SOB/JPBfk3p4Ngv87o8E3jxfc85+JPApA8omZX4DrOFvN+A9gGO8xw4c792w/eNZcclylc0+Spv2usw/+2hVNUVbVMtHaTZpqnLd5v50WjG6++L3f1lMf7Jq87v45/d/Pa+ujsuSPmNZ+Shts/oiJ7Xx+0/KbPm2yxJO+9xtrtuVvjOp6llef/bRTtClZeHHdwlf+l3/aqZ1sfKF4jKr03fpZ+n9nVF6TT8/3el8Vyzp07Ze5/S9/T1s07T5ir7YDT+d5WUGiPc6EKvJT9Ons2q6XuTLdkwDPi1z/Prk+my2BbLecS+cr5dTUDY9L6usPX66dSf9xSFVAPI5AXxD//d6Ml+98vuaVLPrMekx+v270JfpNrAZV+fnTS6f9AE8IQAPPj0Imn6b1XvYFt8yO4yheumld+knnZ6J+FVZPqevh15tKxDyeuDNN9UqfPGddsMT8K10C5P1e6S76aN0e9cjIp7inL5OH6fPiYDepB4yjOfpL4m1PkpfudbnWdlo81fd5teKtMHjejMe14THG0B2DHXIMN7E8LgmPJ641ooHmj/xm3u/YtqKtqQWNFdnyzavL7Ny6yPLQh+NhDk91Hhul4tq3eTVZV6jH+U8cFw6LfOstpAI9h2/P//lddt991aYGHCP71oJNTI79NxCYXuOwT3oiku1OMRmN9mb94O+++nOe8LH8xsnj5nt0/Z6RVq0zd+1d6dNY159/LvKz+3tlBWw/OWJP+z7dlP8IH+U7u6t3qnBAyVBu/HrN7/P89NdvPBj7CA8Sn/8GT+eZWQQVyzOj0iVlrPudwp+PwBPj0Df6+FkevqUn6/R04Hfk9/Xvdv1pfiRrei1F1PxKN2JD2b/dh3gue1gBsh2f7Cnew+Pj7/WBH0a7+mg11OcafBEXn/Ye/0mQMHru2qQ+gO9mhdt/jWGGWJMmqotplm5zXL3aFHMZqWBGiLSZ55hqGYudviJghuewDiraD/3g378MWPIed3pqyF/qNdR39fyQP5gu1jO8neP0nveh6yj6CMnWXgW5GsVS1gowirdof/u3+vNYjsL+v+xSTZ9e1FX6+VsmyPARxwL3TXRYLu7u10jFvz4TggIRpwVkfS6DRfByKH5jJRm96Na+CH8cFK1bbWwnzr66jT6SJpZOd87v3e+T18SPmRioHRJyT5mtWp1OE22i1x3d/Y+9Z3LdJqX5SqbzYrlhf27WWVT87e6wkrs3U8x1wqN/iRo9PdH0zJrGtL06Neq+cBJ940KI+TbFPa7wRUfHWlz96K87A9oD697I/A/72LfHV2/V3IApvMBqxYOIfxm5mceICbULQHeo9+VGLNNttIP6B7jVfOaKpiPjv7zP+PP+y/+mL+cZpW+HA6EYsacY5y0H1xtHo41+fc9btkHqS3fcajzxTVyA/TLa5qwu4t3d3f3Hu7d29399N793Qc793b37u+Mf3p18RHiI2We6bpuwK/zbDnzUg4/nV1m4hY9uiL5rq7G1Spfkty9+P1fof+7X9C0/d70f0k50HQ9oORE+jGt9//nf+LfJfTB34otdT/SUdz/9P6orapyktWfLatRSh732vwuPjf91fCfdU5CBvbCX2U1zaCEpGGbtWs0oiTHYO7gMUnvL1rneTor6pydw884TpBejsl5XLaf7Q28y0kOoRF+JUknN3hKBPuv/94/+T/7+//Uj0T7Up5mZ+fePXA99AGlvYbYdZrDFY1/+V/+5X/+l8f/9V/8d/+Xf+7f8F/9g3/Sf/UX/3H/xR/1J/3nf8xf+D/+fX/w70pPOhCKP767CWaquZjHd5UKRnw3PxuYebhJJOgfCPg3KotvUEFEcPw51Rf/4F/7X/zxf+d//jf+ff/VH/XXfG2tMYy9j7FVD5RzfT9ot6RQkPToPjdlwZRIIlwsMLsfHf0nf+afqMx6cyptU+opxNKyixjvTVi7bNH1DzKT5NmcGApe78/5vY/+8z/qjxBd+J/9XX/Qf/4n/1X/+d/wR/8Xf8KfMvVbHEWbKHsMJ0T/3zGpPkb/b5/UF7//i/yqoR9v8lL+fV407TczzUf/9R/05/xn/+Bf/J///X/6jyYu/Oobmbgv8qYhP/+u/vwiW9K/MnPvPVP/+V/2Z/znf+Tf81/+6X/2f/VX/UHf4GT9UCzdG0DbjY35Vo7jvb2vyyY3zLBxTO/d+4Y7+DCpGLTi78GGN1v1/+LP/Mv/y7/qj/0v/sQ/6b/8y/4eZSj/pf/3/3uTghgmDh4ljSetJ1mZL2cUeczy82xdqoo98hZRNGrf2d2+2Pv9dx7IGu7db0QO+eON7BFIleWPezaOtpHz/s5m/bKZLng6YT7ittuL/4ae/Wd4sLGnq4/D3MG9G0Yce3T+N1uP24O8RfbbPN2xBOvvXQm/xWzxE115x3LhFxSgcuBr2dv8crY8r2z8e3D/6y24wwX8c/96cgH/i7/r76I/l/mVL6K01Gwymrd93m8t/X3Ifrv157hB7D63gPMjGfp5J0Offj0Z+q/+hr/4P/+j/hQJoNKoDHkL5bd5/r8uQx9qTPv9e+9qe9fmcbFc0SKsLCnOaUUkX36ULrMF0ottubPzu3HKcPd3+zZ/9azIy9mu+LX8tWQUd3//8GviwTXLA/kH1MUiWynILzJ1ivGLQSmrc0ppzjNggGQfDDwpiwa+6d7o09Hu/U9HyK7fwJW+40Ks6IZv2ZqRoZza6ugDF4tv4ISbNVOQ+blvtZEqQVnbuHc7laSqFkT9/X//HSK5Ubo7e/supfTg4fusTtyiWzw3j9N/MOa6upIxD+VaB5++I1oWy7f3aMTiiJpRP+gMOivpF5n6G/vQ5z1UAp5gXBuDtdgzOK69cFz+YtPeD2tc79Eaz+BY7gVjeXDfG8vu/s/2WG6ptvG8P0NPLsxawjN+BgZ5/33Y4v8tY/PD8MFxHgTjfPg+48TTW1P93X8WPEX/eT8y+I+fMzm4nW6OPe8xu90HGAS+nmY14G/uppLb+Lpo4elkBeZtu3p09247WYybNp+Ol3nbz7n+l3/uP/Bf/AV/2H/+h/9R//Wf9sf+l3//nwzny/fffsb/43H29XHDE6C1t3sw3h2Th0D/373brpfLnLTNedVH8b/6B/88yvX8l3/r3/tf/r1/4c8qfngCHEG2Zm6pd/dq1dxdVXWblX0sU1lE/M//+L/1v/gz/44fErJ4AoSvrq42zPV//ef8lf/1H/yn3jzLIcySVvqWWG22gL8ZxPHEMfzP//A/5z//e/+e98XzoqpmP11NvNnKJwtOWtd3aRk9fzeet4tvEHc8PWn6e//q/+JP/6P+qz/oD/0v/qK/6z//u//W//xP/JveawjX1br12O0bRhZPnOD/9Z//p/znf/ffpgT/ep1+TbX4HgbQPLeLz/znPXB7D3zezxJ9PYN8bzdckHiPDvH8f8w6W7//h26d32Pa/efDhqvTsrf/Qx8uno3OyNfFB89/8bf8NWcnL//zv+yP3Hm48/Dhvf0H//mf+Hem/+Uf/Uf9F3/+H/pf/NF/0H/x5/3Rjx7Piku/uz0bQM+KZlVm14/SYknOQP4haOD5z/6uP+a/+Nv/TtFx/9Uf8hf/Z3/v36/uzt+J1SNkf//Ev+vxXcLmA/oRTZ6eVKvrGuyb/sIp/Xq4t7O7kxpzvF1l42m1SI/LMuWES5O+ypu8vsxnYwXwX/wxRJq/8b/40/7G/+KP+4Mfebm8IxnDf/kn/NH/+Z/x5/2Xf+Wf/F/8MX8QrXn/F3/w32iw/5HCvg0+t8Ph66eNhuFHYHbghO/6/IhUdL04QtZrUs2u+RdyYsqj3zj5fwDrcr1/BUIBAA==" />
        <Entry handle="17" bytes="H4sIAAAAAAAEAO29B2AcSZYlJi9tynt/SvVK1+B0oQiAYBMk2JBAEOzBiM3mkuwdaUcjKasqgcplVmVdZhZAzO2dvPfee++999577733ujudTif33/8/XGZkAWz2zkrayZ4hgKrIHz9+fB8/Ih7P20V59HieZ7Ojx23RlvnRl5Ofzqdtuqgu89nju/LZ47vSYlLNro9+4+TxfC9olrZV+jhL53V+/tlH87ZdPbp7t6ymWTmvmvbRp5/u7t49W87yd+OsWb376Gie1/nju9nRmMDuAdxdhkt/AZnfOPl/AA5e25uVAAAA" />
        <Entry handle="16" bytes="H4sIAAAAAAAEAO29B2AcSZYlJi9tynt/SvVK1+B0oQiAYBMk2JBAEOzBiM3mkuwdaUcjKasqgcplVmVdZhZAzO2dvPfee++999577733ujudTif33/8/XGZkAWz2zkrayZ4hgKrIHz9+fB8/In7/3/8nz06/+/rN8ZvTz373vfOr05dPr776vZ6/+erdFz/9dveLn764+vLzV2+Ln35w7/d58OlPFMWT03I9/YpaPp22nz774kHz8Kvf/d7sF66bvF5mi/yzbLYolr9wlTXNVVXP9M8n67atlruf/T8TBus9bQAAAA==" />
        <Entry handle="15" bytes="H4sIAAAAAAAEAO29B2AcSZYlJi9tynt/SvVK1+B0oQiAYBMk2JBAEOzBiM3mkuwdaUcjKasqgcplVmVdZhZAzO2dvPfee++999577733ujudTif33/8/XGZkAWz2zkrayZ4hgKrIHz9+fB8/Iv7vf+v//o9+jd/sO8/Onv0av+av9Wv+Gt+m/36N//s//rX/lNN3xfmv8Wt88cWv8a1f49f4NX6DX+PX/zV/i1/j16bffk3679f4NX+HX+PX5d9/jV9j8mv+jvb3n/41t7TNr0X/7OLfX+N3pP/Xv+Ye//5b0f//+D+y+DV+HW3/l9H//yX6/7f1b/55PKsmefpyXrVVM69W6cnr9LvFclZdNb/G3s7uzqOd3Ue799PdvUf38L9fA8+v/Rf9mg63v+jXsvB/zb/o17a/7/8a8vx6v+avrW1/PX8cv+YvcOP4NX+hPw6iicL4Nce/loX9a/2+Ci/APUrL//7X+I14TL//yRfU4n/4NX4T/uvXmP1B/Ma/+2v8Yb/Gb/Qb/Aa/wY/9Br/Rj/3Yb/Sb/4bJb/ib/9a/6W/0G/2mv/Vv91v+lr/1b/lb/na/+W/Ej/6IP7/mb/wb/oa/8W/yG/9mv8lv8pv9Vr/Jb/Kb/Fb45zf5reSV3/w2AP7vf+jX+M1/AyLRr/lr/5of/Rq/1m/+a/7av/mv+X//+zTUX/P//sd+zd+DsPx1f01+dMi/Ng3u1/l1f71f/zf4seQ3/DW7XxLNfm3z5W/2a/yav86v+Wv/Wr/Or/Xr/vq/3m/w6/7av9E9+vI3/7V/nd/1t9j9dY9/IvstP/pFf/Der/db/cl/8d/85Md/t9/61T88ubdf/yH/8smv/7v/Ka//p//4f54293+bv+Rv+UN/4dM/9c3s9B/5S9tPf9t/5av/JP9f/tY/7B/9V9f/6S979vGf9pf94X/bn/6P/Wv/2S//y//2f/xf/89/xU+eX/4Rf8Zf8Xf8E//Gf/G/Pvj8uxdXf+Sf+Vf+nf/kv/lf/srf/Nf4tX4twvbXYZx+/V/v173PKPyuu7/Fr0MY/KKPfstfd+8P/pN/K2DwD7/6l/+ne7/b5D+u/5A/5eT1bz1t9v/n3/3XAwK//i+8/4/8K4TEX/rbzk6/+rTN/xOLwjAGHzsU/u9/59f4jX5t7vM3/zV+j1/jP3919rv/ywfV//0vmV/+5f/81Rd/91/49x398j/zZPp3rf6r//UP/L//lb/2//41pv/hr/zy//41fq2z67/k92r+j88//r9/jd/oD/y//+3/+7//DZ44qbg33vk1Dp6cffHr/O5M9d9MqW8ffPdr//f63bdlXsxPfu8X8ne/iXvj9/iD5K1f5zfmP8Hn7/jv397+/QsY6i/jv3/MvPdryluJ/sF/ffyb8V/Jr2G4gvv8tX8F//7tX+Pu+Tl9U9K/v56+JZ/8xX/2n2M/2eN/f4r+NZ/c53+33ScM83/j31ckZ9Hn1/6v8PU3/x2PmbsmujImv86vxX/xh/z3b8B//2a/BlPl1/o95f/63S/otP0d8NuvTaKmY5MHOgsU/HUvvjX/9f+sP4vGfk8/6T7+Z762izYwz2/mPl+uy/LXwFAIgUm1Xs6aLyc/PXXfv5q2u7+GIvyG2K+slhcGzPP8vPX/ftJWC/2b0Xh1MTffA9qv15TFNG9+snze4JOgn1+Xv6Nffgv6/6/Pf5w99WD/+hd1tV4FH/16VV1cFMt8uV7QX7/R6Wu89CV/Rn//xtm6rT7Pl3mdtfkM7d9cr3JtnEhjfIJvzhYX6a/xsz/+X3tdl29Of+83DjiIH37yRXORB5/8elnZvskugs9+k2lO7+Xv2rPm22++eD6pqhJf/Abm46Dxj82r+gfHZXFhKPWbyuC/bT6mj379WX6ercsWzS/zuo00/0nzcdj8N5xcnFRlVXvE/c3lhSef2y+AxotqiZ8/1larL9dtk/uES0oiZO/T32hStUTQ3ue/IU3xvNucZWlL3qP//5q/x/8kjfnz34p/xRSKBkSLX+PXevdrCImM1OD7f4nt+2/3I3vOdPmRPf9ZsefMg78r0/g16AyC/6a/xvGvMfs1ql9j8mvkv0b6a7z8Neb0e0v/b/i31a8Bxbi5RfprnAg44XmxJr++eK2/Jvn1v+2vnLft6tHdu8tmnIFvx9Nqcfddtrq7O965+2s8/j3erbLp27xNJzlp0M8+/h//3n/w47SYffbxd+9/sfPF6iSfF9/+QZ2//sGLN9MfvJ0+nH38exwlj989erdYLfI2S98tymXz6N1nHzPwR/Q7Pr77ccpN2refffx7f/EybUlXvS1aeDHbewej9LzOFvlVVb9Nd8effkwA69n5o1dPnyk4+uuzjxXvq6ur8dW9cVVf3N19+PDh3Z29u3t729Riu7lettm77WXz4x/re8XvbV8Lhlv83jxa6ihJuauneTOti1VbVMsUf2dkA9rPPl6vi9mj808f7s32D7Ltnd2DfHt3l3o6yPL729Mse7j/8MGne/uz+x8nqXaZU9QU7xTfmG7T9DH+fMS68TVRPD/afXy3+5Ft9rJ4l5e/99NikS8bQtG27X4evvD7uC/u7/lveF/Q+O92CPCzQJSVN38BTegLIsk9JskPBRHjPw+gY7725sl+9ujbRdNW9fXRY9fOfvbDQb8tzgcIiW88pPHnI3KCcpIIxoU4pveZbfh7v8qbqlzzhw/27pq2/se27e8Tb+t/bNu6z75aFu3RnrbtfPzDIR1puDjljOoTwtFfj07qnJzFp/T/IyQcCP727v03JuHwyc7Bo52dx3c7Lc3LX1Sz4vz6Ni97Le3LpCpnWZvd6nW/bYA6eVukXo+G8yge8tr2hzYHX3yxeRYWCzcRX3zx6Gk1XZOqas+eHok9mVVT6tbJnyLwcBMCPNwQ2A9nvLOpHeyKnH62WbPp3bzMgUZDA97V0c6mj86repG1R8Uiu8jv/vQqv3h8130ax1c+IzNJBvOuNcEA+LP//KiT93p+1Ml7PT/q5L2eH3XyXs+POnmv50edvNfzo07e6/lRJ+/1/KiT93p+1MmNj9/gR5281/OjTt7r+VEn7/V83U4Sl8TPl5S5v6IU/f/9n/xGv/fZycnv//LVl8/Onp/yasNv9O3nxbL6tX6zX+PXWCzb+tXnT9Lf+/f5qfTX/xd+jV+LFvd/vV+D1juzabP64vUzrCL+GmenJ2lDjXRZSJ//9d+Q9cV/dfvbL9M0/O7G5zefrmpaPfw1X9Lv92aU2qDf/zD6vbxqV/j8f6Lff6vJW/z+a2EB47eqCUH6/bfD7xfy+4jbyO+/J36fLZa0zvtrAefVbDHD7/8Y/f5HXa6x/vtrP6ff/4jLIr+i3/81+v13K9eLgn7/3/DuIs9oTZoXBn+3Np/O6fcd+v03qt+8OqHfH9Pi6m904f0+8X5vacUVgzqpVte8NJluTe+ktERxkH47vyrztt1+SZOS1bP0pFqssuX1r/FryJj5+S1A25SI/Onuw08/3d4b7+oXN355ywdzK7/9sp+QBc/f5p9zn8XaVX8JLZz+CqLNn+Q+m/zZv8av8Xf+4b/Gr/Hb/Tvus9/tL6KFK5q3v+Nf9Mbz24BfvCWbIp+OQVD73NjgFo/X3xjgLHnSp7I0nYJuU1pRWddpgzWVdLvLxF/7Re/x8Bi9ys/zOl/SGz9JXFYsL2i6l7OC04nFcmgSv+ZrnUf4mp7f8i/7v36N3+r3H/8av9m/+Fv9Gr/2f//P/Rq/zm/5G/4av/bv+xfQN7+mnbfnP/aTtH74a/wa3/1d/kvhe37Msq/3/Fp/Iv5pigt+7+TVm3S6ri/lO4jlr/Hr/hoJrVz+Vr/Gb/9r/IJf48d/ja1fY/vX2Ps1Hvwah7/G7/lrnP4a3/k1vvw13vwav8+v8fv9GlNaoVz8GvWvcfVr/Myv8Qf/Gn/Er/HH/hp/0q/xp/8af86v8Rf+Gn/Zr/FX/xp/w6/xt/waf+ev8ff9Gv/wr/FP/Br/LC3A/+u/xr/7a/xHv8Z//mv8t7/G//Rr/K+/xq+m9ehf/9f8jX/N3/LX/O1/zd/l1/zdf81Pfs29X/Pg1zz6NU9/zee/5qtf8/f5Nf+AX/Pi11z+mutf82d+zT/01/xjf80/5df8c37Nv/jX/Kt/zb/51/y7f81/+Nf8p3/Nf/nX/Ld/zf/41/yvf83/5df833+tX/vX+o1+rd/q1/qdf61f+Gvd/bUOfq3jX+v3+rXe/Frf/7Uufq1f9Gv94Nf6w36tP+HX+rN+rb/k1/rrfq2/49f6h3+tf/bX+td/rf/o1/pvf61f8Wv/Gr/2b/hr/za/9u/6a2//2ge/9smv/eWv/VO/9vmvXf/av/TX/mN+7T/j1/5Lfu2/4df+e37tf/LX/ld/7f/o1/7vfu1f9ev8er/Ob/nrpL/O9q9z+Ot8+9f56teZ/jq/6Nf5pb/OH/fr/Dm/zl/16/wdv84/9uv8q7/Of/zr/E+/zv/16/7Gv+7v9Ot+8us++nXPft3f+9e9+HWvft0/4tf9M37dv+LX/dt/3X/81/3Xf93//Nf9X3+9X+/X+21+vY9/vQe/3rd/vd/n1/vpX+8X/3p/3K/35/96f+Ov9w/9ev/yr/ef/nq/4tf/9X/93/7X/+TX/+zX//LXz3799tf/I379P/vX/+t+/X/w1/9Xfv3//Nf/336D3/A3+F1+g73f4Nlv8FO/wfI3+EN+gz/jN/hrfoN/4Df4V36D//I3+NU/9pv92O/+Y49+7Msfm/3Y9Y/9iT/2l/3Y3/Nj/+KP/ec/9quT3zz5OPkseZP8dPIHJ39W8jck/3jy7yW/7Df8DX/Dj37Dh7/hT/yGxW/4B/2Gf9Zv+Df9hv/Ub/gf/4a/6jf6LX6jb/1GJ7/R7/sbrX+jP+E3+it/o3/oN/q3f6Nf9hv/xr/xL/yNf8/f+Kd+4/Y3/hN+47/6N/5Hf+P/4Df+336T3/I3Gf8mZ7/J7Df5A3+TP/c3+Tt+k3/lN/kfftMf+01/99/0+Df9/X7TH/ymf8Zv+rf+pv/ib/rf/WY/9pv9wt/s5DfLfrNf+pv9ub/Z3/2b/Zu/2a/4zX/L33z3N//yN1/85n/cb/7X/Ob/9G/+X/0Wv/5v8Qt/i9PfYvZb/GG/xV/6W/yjv8V/+lv+2r/lj/+WJ7/l9Lf8Q3/Lv+y3/Md/y//8t/r1fquPf6uz3+qnf6s/9rf663+rf+G3+p9+69/it97/rX/yt373W/+5v/Xf/1v/R7/Nr/3b/MLf5uy3KX+bP/G3+Vt+m3/jt/nff9vf+bc9/m3z3/aP/m3/ht/2X/ltf+Vv9zv+dr/nb5f/dn/Mb/c3/nb/+m/3v//26W9/+tu//e3/5N/+7/zt//3f4df5Hb71O/zE73D1O/wFv8M//jv8d7/jb/U7Hv6O09/xj/kd/5bf8d/5nX6t3+lbv9Or3+kX/05/6e/0z/1Ov+J3/gW/8+e/8+p3/rN/53/0d/7vfsFv8wt+z1/w07/gT/sF/8Av+K9/l9/ydzn6XYrf5U/7Xf7B3+W/SX/r9Dgt0z8r/cfS/+l3/Z1+12//ruvf9S/+Xf+F3/VXf/TxR1999Id89Dd+9O//ePLjBz9+/uN/2o//Iz/+P/1uv8vv9sXv9jO/21/7u/07v/uP/e4Hv/v8d/8zf/d/8nf/lb/w41/43V/4R/7Cv/MX/lcf/3Yfn338g4//2o//va3feOv32PpFW3/J1r9259e7c3Dn7Z0//86/9K1f61v3vzX/1p/7rX/xk1/rk08/KT758z/5l0e/7ujhaDn6S0b/5vZvtH28fbn9127/x+PfZvx8/IeM/87x/3D3d7v7U3f/5Lv/5N3/a+f+Trnzl+38u7u/xe53dv+Q3b9n93/Z+9bedO/P3fvX7v3G957d+wPv/V33/uf9T/bz/b9g/9+6/1ve/+L+H3n/H7n/f3764NP607/h0//6we/24A948Oc9+DcPfquDlwd/3ME/9fDXffjk4R/48O97+KseffqoffS3PPofD7cP3x7+NYf/1eOPH+eP/7LH/+lnH32WffYXf/YfHaVHf8DRX3T0H/0ev+vvkf0ef8nv8Z/8nj/+e85+z7/i9/wvj+8c//TxX3f8PzzZeVI/+duf/MqTRye/5OQfevprP/386R/z9F84/S1Ovzr9c07/g2cfPbt49tc++58+v//5L/78H/r2r/vt3+vbf/K3/82z3/lsevZXn/1P33nwnV/ynX/s9/qNfq/Xv9ef83v9J8+/9bx+/vd88Wt98Z0v/tQv/r0Xv/uL5Yu/88tf48uzL//UL//9lx+//EUv/96f+PV+4uVP/Lk/8V+82n31M6/+yde/5evf//Vf8/p/ffPkzZ/45t/9auur9Vf/yE/+pj/5+/7kX/2Tv/K7T7/7p3z3P/q97/7ev+T3/md/n9/h9yl+n7/rp379n/rJn/orfupXfO/0e3/69/7z3/f+7/tH/L7/xvc//v677//Tv9/v8PuVv9/f//v/pr9/9vv/rX/Ar/sHfPcP+Gv+gP8j+zL7S7JfMTmb/HmT/2l6Mv0zp//t7Pec/Wmz/zr/LP9T8v/y/LPzP+X8v7r47OJPvfiv57/H/M+Y/3fFSfHnFP/zT3/7p//Cn/6Vb798+1e+/b/L75Z/4+I3WPwBi797+Vss3y7/seoXVO+qf3n1yeqPWP1Hv+jRL/rTf9H/VP9e9V/R/JrN95u/q/2tyJn659Zb6z98/R9fHl3+uZf/29VPXv2t737zd8t3/9z1t67/6Ov/8gfPfvCX/+Jf5xdPf/E/8jO/68/8wT/zH/+S41/yF//SX/OXTn7pP/IH/vgf+If9gf/5H/T5H/RX/cHJH/z2D/7n/5CdP+RP+UN++R/63T/07/nDfuc/7A/6w/7TP/zzP/yv/SN+kz+i/iP+zT/y8I/8C/+oX+ePKv6of+GPvvdH/9l/9P/1x8z+mH/mj935Y/+MP/b/+OOmf9w/88fv/vF/1h//f/8J53/Cv/Anfvon/gV/0q/3Jy3/pH/jT/49/uS/6k/5zf+UH/wp/+mf+sWf+nf8aemf9sf8ab/8T//9//R/+s/Y/zP+wj8z+TPXf+Z/9Gc9/7P+rj/7d/uz/6Q/+//4c+Z/zr/+5z75c//GP+93+vP+6D/vV/75sz//X/kLfs+/4G/4C3/nv/CP/Qv/97+o+Iv+rb/487/47/hLfuFf8mf8pb/eX3r5l/4Xf9lP/mX/5F9+8Jf/1X/F7/BX/LF/xf/5Vy7/yv/or3r1V/1jf/WDv/qv/mt+p7/mT/xrf62/dv3X/td/3e/71/1Lf/3Tv/7v+hu2/4a/+G/8bf7GP/Zv+jX+pvXf9N/8zX/A3/xv/C2/19/yj/ytB3/r3/C3/e5/25/3t/+Wf/sf83f8mn/H9d/xP/2d87/zP/q7fp+/61/+u7/zd/8jf8/h3/O3/73jv/ev/Pt+17/vz/37f+u//0/8B5J/4A/7B/7vf/AH/+Cv+IdW/9B/9w9f/MP/6T/y+/8j/+4/+nv/o//aP/YT/9i/8I//Xv/4P/VPPPsn/tF/8vif/Af/qc/+qb/vn370T//d/8zBP/N3/rOf/rN/xz93/5/72//5+//83/4vfPov/B3/4oN/8e/6lx7+S3/Pv/z4X/4H/pXf41/5h//Vp//qP/Gvnf1r/+y//uJf/5f/ja/+jX/r3/x9/83/6N+a/Vv/1b9d/tv/879z+e/86n/3D/r3ft1/74/593+zf//P+A9+p//gL/kP7/yHf+N/9Ol/9Pf/x0//43/uP3n9n/y7/+n0P/1v/7PmP/s//vM/7L/4jf+LP+O//F3+y7/6v9r7r/6+//rZf/0v/Tff+2/+8/929d/+6v/uj/jvf/P//s/7H7b+h7/tf/w9/8d/7n/6vf+n//x/rv/n//t/+eN+2W//y/7KX77/y/+RX/HyV/wH/+vif/3Vv/KP+d9++//tr/pVB7/qn/zfv/u//5e/+ur/+PX/jz/r/7zzf/49/9fv9X/9e//34v/+v//v/+HX+E14qfnXmLH/8H//u7/GH/Zr/Hq/zq/z6/y6v86v9+v+ur/ej/169P/f8Df49X693+A3/I2S5DdMkt/oN/uN+NEf8efXJBv3G/9Gv/Fv95v9Zr/db/Wb/Ca/yW+Ff36T3+o35+9+c/nxG+mP+PN//0O/xm/+G/wa+7/Gr/lr/5q/+a/xa/3mv+av/Zv/mv/3v0/eyq/5f/9jvya5tb/Gr/9r4jEezq/z6/7av9av92v+Gr/+b/BjyW/4a/4av9av9Wv739IHv/av8+v+evzlb/Zr/Fq/5q/9a/9av86v9ev9+r82/fNrNb/mr/Vr/+a/zq/x6/6uv8Xu8U/8er9l9tEv+oN/q70/+S/+9X/rv/nJj//Dr/7l//jebzP5n363+g/5n3/3k/3Xf8pf8rdMm3/k/tOP/9S/9G/99Ld9M2v/0X/lP/kNfuEf+mPJb/fb/2F/2umzv+xv+8l/9aut3+F/+U9/2T/2r/1nvzxf/+F/+l/+t//j//p//ivOL/+IP+Ov+Dv+iX/jv/hfH3z+3YurP/LP/Cv/zn/y3/wvf+XBt3/v+bs/6s/6q/6uf+rf+q/+tzsPz36f4vqP/rP/6r/7n/63/+tf9a1H3/mpn/7BH/Pn/DV/zz/z7/w3/zsN/9ciLH/dX5fG8Ov8Br/2r72g8fzmv/avA4x/3Z8gjH+9X/QH/8l7f/Hf/D/9Vv/wv/wf//iT3/rVpP6f7/1u+yd/yG/zp7z+3f+S6d/yj/z6zb9y/z95+of+tm/+1N8AqP7CT09/h49n7VcP/pe/9G/9R7fu/Kv/6S/7w/60v+xvC1F+9pMO6UGcN6D8f/87v8Zv9Gszmr/5r/F7/Br/+fV/+Pe9/r//JfnxL8uPf0V+/Kv0499699f8gf/3v/afH/11v/+/8A+++xd+5T/2x/4T/9Mv+C//73999H//Gn/S9f/9a/z0n/i/X/4L/+qv/P3/2OvqP/i/7vzf//b/A/timwvtMgAA" />
        <Entry handle="14" bytes="H4sIAAAAAAAEAO29B2AcSZYlJi9tynt/SvVK1+B0oQiAYBMk2JBAEOzBiM3mkuwdaUcjKasqgcplVmVdZhZAzO2dvPfee++999577733ujudTif33/8/XGZkAWz2zkrayZ4hgKrIHz9+fB8/Ih7P20V59BsnKT2P53k209/577Zoy/zov/gz/6L/4m/90/+LP/of+M//qL/pv/rb/7D/4u/5k/7TP+gPeXxXvvRaN+118EE6qWbX6S8+r5bt9nm2KMrrRx/9ZF7PsmX20SF/epUXF/P20bKqF1kpHzXFD/JH6fhBvjicVmVVP5qU2fTt4S9JPbir9wDqA1lk9UWx3G6r1aN0+/7q3S/xcb0NzElVzm4N8du76S9Ob4bZG/zuwarVTup8lgYg974myH0LkjCuqmUAdVXnncE/X0+LWZaeVMumKnMFrjPzMF/4L48J4Nu8VgCKQMqESqXHVEjV5u/a7Vk+reqsLarlo3RZLfPDANRlXjf0VfqL9cWLOrsOW+R1XVFfSvZJ1bbV4lG6u7N612n3bpUtZ9mkpJGl3Z7Xy1lelwX1nvpI+zgvs8tr+n1dN/THnEAd+hR7fNdn9cd3VWz0T+b6yQUD+uyjq3nR5h/Zby2IhhA8evzt3aP/5A/68+7+J3/Qn/+f/z1/2n/5p/1V/+Vf9cf+53/Pn/if/V1//X/55/xh/8Wf98f/53/MX/yf/9l/1X/9p/3Z/9Xf+DdC5uZ1elXM2vlnuzs7v3uKCflsVzD+rClKIt/R47sEstfZfO8ofVwMCXJxhDHs0buMVO9tECk9z6b5Zx8d10VWjtJv59RZW0yzUfp5vswv6efr9fJ1tmy2X+UX6zKrR2mDv5q8Ls7TyPAnR+l/9Tf+bf/Fn/UnPKK+J0fffvPmZbq/s0/4/Bd/yF/1X/z1f+l//uf9Vf/FX/iXE6pECEF167/4o/6M/+oP+sP/87/hD6WP/rO/6w/6z/6uv+Y/+wf+/P/qb/8z/uu/+O++85//iX/jf/WH/v3/+d/5t/xXf8lf+1/+lX/vf/1n/2X/49/3x9EL//kf/nf853/SH/9f/pV/E331X/y5f9t/8af93fL5f/Hn/CH/xZ/5d/xnf9cfTy8S2anb/+pv/Dv/i7/0D6I+/7O/9y//z/6uPzb96tXz9D//u/+O//Iv/hv+s3/wzycw/8Uf+/f953/En02Y0SfUvDscojz9Pz7Mv/O/+Jv/EMIZIGW0d4tFdpE3d3d2xxfF+eDLN892pL//8o/+o/6LP++v+8/+wb/4v/iD/8ZH6OwXLifN6vCLYlpXTXXepuMXp2/SZ3W2yK+q+m0q7R/tjXfG93ce7D0Y3/t0595hevz6JTfsf71z/16v27tgEScBdyEC9CdxlRiXx7/r9jYp8O99u21Xp++m+Qpy+P1H6X/xZ/yR/9nfy9Pw1/9ZNOOGrvRr+vq6afPF+Lv5ZPy6JbmdPivK/NskiWVejz/PW/x5tjyvtl63dbG8SC+Lul1n5cusnX+3aOf4ia+JMeX71fy6IYblBsTAhMirvFmRgsvTWn+5c7vOX9bVNG+aV/kvWudNe7Zs83qZlVsASQoTyoYmiX9GAT7Nz7N12aK5gfgkJ20Wgo2BG6XHzfVyepKV5YQ0ajrVX0bpl5Ofzqdt2hCu8VEA2vFqVRIFQPoxYGjvp+/y6Rofvm7z1XjDO2dhS/kr37pVf9oYL26FcAjpfDVKn1RkaLLlL6SxLlZl3uaz1zTUeV0tq3VTXlMn29tH/w/D0fcvrAgAAA==" />
        <Entry handle="13" bytes="H4sIAAAAAAAEAO29B2AcSZYlJi9tynt/SvVK1+B0oQiAYBMk2JBAEOzBiM3mkuwdaUcjKasqgcplVmVdZhZAzO2dvPfee++999577733ujudTif33/8/XGZkAWz2zkrayZ4hgKrIHz9+fB8/Ij4/e3bwMPutf61f+mv8yl/j1/iT/8n/44/82/+7N3/OL3/zF/2y3+tP+09/zZd/wZs/57/94s/8737tF3/N0R/5z/2aL/6y53/qvzN+90+v/qS//8s/43/6NX+Lw1d/+n/3a774i8/+3P+y/Uv/nTd/9n/+E3/mf37+J/8zX/xZ/+2v8RN/7fpv/Z9/zZd/8Zd/5n/9U3/+v3v/Z/6JX+vFX/Db/b5/1a/x0e/zG/9ef8rbv/K//OLP+q9/7Nkf9fRP/6+P/oz/8dmf+9/+GveuDi7/vtmf/W+++tP+3Wd/zv/8a7z8K77zZ/23yfM/6/RP+c9+9+lf8zN/63/28du/4/M/7J/6dd78LWd/+n/923z15/w6X/ypp3/+f/Fr/A7f/p1mf+vv+6f9q9/74/+u3+rsj/t1f+JPOfuz/4ff6jt/6q/3xV/81R/3T/xaL/+on/pz/9Nf94u/4Nd89If85J/+z3/7z/mffo2Pp9/+s37FH/zX/YfP/6z/7vTP/O+f/TH/1rM/5/94/mf/l7/dT/1Nr//sf//3+TP+nbM/57/74s/+X7795/wPL/7c/+PVn/kf/9jzv/QP/Ef+j+Qn/vw3f+q/+uzP+eXP/5z//qf+gv/21/rib/7qz/7Xf90Xf/azP+G/+Y3f/CX1H/dPn/05/+2Xf/7/8vRP+59/3z/n3/w1v/hzXv0l/9HrP/Bve/Ln/ornf9b/cPZn/upf4+zPz/7C//j3+TP+k+d/9q/4w/7Ev/75n/7Lf83v/JU/+Wf8Rx//5J/5/M/5j+7Wf/+vufvTv+5P/GVnf+7//Fs+/ZmzP/2/e/nn/Y/33v5Vz/+Uf/7bf/qv/DVP/9xf5+Vf/LtV//Cv9eRP/HW/8xf81veLP+CP/Yd/o1d/zU//tf/TtwnPP+t/+r3/xH/xN/jOX/PFX/Qrqz/zH/01tuvv/Bn/86/57T/j2Z/73/+6Z3/mb/LyT/t1nv+Vz/+c/+zsz/3Pv/hz/sfRH/Dnffln/We/5u/1F37xZ/ynZ3/+f/zrJ7/L8Z/+v5/9hf/j6z/jP//On/M//4ZP/6SzP+e/fvJn/c933/4tv+azv/TlX/Bf/4Lf7y/7/M/6T579eb/y9/rz/5sv/5z/4dt/4a86+fP++9/8xV/ya7z+q774c/6b0z/vvz549ze++HP/6y/+nP/+13v9V95Z/mVv/7x/5cs/97/9zp/733/1p/5Hv/7ZX/zyT/4vj//M/6L9O/7P53/qf3Xy5xG2/+2v9wsefOdP+q9P/4L/5dt/6v988uf/N7/OT/51Z3/Kf/+bfPvP/vXO/oov/5z/4jt/5n/1m/w+f/7v8ef9by//rP/xyz/zv/vNfr+/6fmf+O//Gq/+ol/vzV/wGz79S7788/+Twz/wn/zyT/2Pnv/Jv+LHvvuX/Rq/4/d+rz/rf/q9/uz/4f/+v//vl3/Wf/l7/Tn/1bf/rP/+O3/uf/Piz/5vvvPn/I/f+bP++9/rz/xlv9ef9z9/8Wf/l2/+1P/28z/rv/ryT/2ffq8/9z9PHjV7f9A//xN/6q/+9X7yz/xFf+3/8f0/+7/5NZ7+1b/Xn/9ffOv6X/hdsj/v1/zyL/m9/uz/bvRr0ANZ+DV+g//71/jyN/idvv03/UX/8B/6G/yW3/p9/6m/6S/+R//I3+zHv/PnffsnPvob3vx5n57+qn/zb/j3/+5m9R+t/pN/bfnv/YN/6tbrv+b3/af/lr/8n/0zd6b/zJ939rf+FV/8Ge3/8TO/+tP/9s/6wx6un332a/zmn//Dv93J//WnfOv7/8y/9hfee/lH/DOj/+1//a9/y1/z7Nf+P/60/+pv+2f/iX/+b/wD/tG/YPTdv/mv+7f/1vm/+td8/5+9/I/+8T/udzz8pb/RnT/4X/27Lie/7L/59//Zv/Nv/Od+99/rH/qPdo9/o9/2T/+LftP2b/uv/tbz5//qP/md4//51/rbf+1/7sHOf/Fr/cNbf/E/8zv/3d//W/6PP+Zf+N7/8Af91//qX/X6r/39/vm/52//b//Nv2n6z/4FX/y9f8d//+/+XYvf/+9pf+E/84f/2pf/3T/3z/6av/4fs/UTD1/8cb/fv/D3/d2/7PWLX2P9z/zLf80/tn3vN/1b/s2/60/9sV9/9k/9Hb/n9f/9v/2ev+bzT3+tf/XFt/+Q//w3+fNHf+O/8J/+g6M//+/9B/7PX/2//bL/9j/8F//DX/4/vPkHfs2Pf6ePX/5Dv+j3rf+X3/2v+o/+kLt/8Y//WPqTf9T/8p07/+r+n/Tv/9p/UfoHnfzC//Czv+L3/A3/iD/p1/8nfq1f77969ev+hqP57/57/Za/0d7v/eKP3fkntv7TP27/35j/pX/87/lr/KI/5df5LZ7+xK95+Zv+bid/2K9/Nf9Xstf/zvzH/7Df6nf6o7Jf/3f+Pf+83X/kT/v1f99f9I//8f/s3/9H/ed/xu97+V//53/mH7D3Z/6nf8Jv8edNf5M/6Tf9jX6f/+xPfv67/92zP/XLZw//89/gq9/vt/8rfu+f+g/+6v/yL/iZ//W//i//kOn/9Y/+pw9/j/O/8g/9c579LX/1n/bnPn/0Y3/5n/bmp37VxRfXL376v/7L/6zzny7+oj/0L7j+Xf+SP2b818z+0l/05Dt/5V/25/w9b4q/5q/7O/6b/+av/Z9/0f/9U+d/8fEf8jv8Nb/HH/eP/Kr/6s9b/yN/zr/y1/wDv94n/93f9I/9Fb/bX/tnz/+d3+Gn/4Y/4Z/57f/qP/8f/rW+99/9bf/aT/7q//Jv/tt+wXdmf8k/+yf8NX/t3/pXPvlv/9q/7d/4M97+D3/3/V/w3xaX/8y3/pnyr/77/pLfYfvv+eX/xtu/8Q/5b37hf/tr/lpX/94f89f+nf/8n/Pv/LV/03/2H7z9n/7h3+Bf/NOqyyf/w7/7P/71/+P/8L//d3/Tr/tx+T//4z82/Wvv/oP/17Pf6H/4h37ZZPS//FO/wd1/7m/4R3/nX/s3+h//sV/nT/3v/pd/9r/86f/jzj/zm/21o1/0d/1W/+hf98v+hX/0z/nzfuE//+//A7/96u/7T/6Rn9r9F7/98T//V/5zf/uv9d//Df/87/LPHv4N/8qb7/77f+W/eFL/vn/rv/TJf/rv/S3/+h/wH17/w//Wb/vn/Wu/zh/7f7/5idM/4Sf/gv/5X7z/m/1Tk99o9+P/6NUf8+h3/H3/01/jD/vsv/2/t/6rv+5//xv+7vt/9YM/9PH63/qjfvHZ5b/9f/95v+RP+XfK3/8Pfp7+m7/dX/rH7f4pf9of8hvu/jrlH/AH3f/T/6V/+cGf/U/t/XvjP/cX/Iajv/1f/qP/zn/gP/9Pzv/Sv/7T/+z3/Pf2/vlP/uZf4w/9TX6b2R+QnY7+od/rP/pDfsO/9P/+Yv4f/XtH//z6P/5r/8Ef/G3/7b/0z/76v/g//Vv+xb/gP93/iV/jT/zn/offe+f12bf+57/voz949Pf+Vv/hnT/pN/4Nf8H+f/wTv+1//zO//H/6Ax/+4t/6X/0/Pvqjf2z07b3f6PGv+u1+sz/x3/8z/6h/5O4/9+v/XX/2X/3l9X/3+s//1b/vr/j7/reHq+Nf9hv+Y/t/1F/8x/w+f1H22/1mf9Afeef/+vjHft/f7D/6bX6d0ff/1d/kj3r0V93ZufhNn//Fzb/wX/xdf9bv/Qf/Zv/+j/9Bv9Of9Cf9hrt/0B/8a/xX/9PJ43/m49Ff8X/+cX/Y59/5nf/l//vlX/WPfPTH/BF/+PwXn/3Yr/cn/XoHf9uv/Rt9/z86ubv3N/3h/81f9B//hv/qb/Af/z3/yp/59/0W47/xlzzd/0t+uz/7b/1jf4t/6Nf4jcf/0h/3G/8Ff/Cv9xv8RtPf5N1v9msnP/iHf81f47fKft2/4o/6tX7TP/QPv/9XXu/+wSf/x7/z2/36d/6c3/3/+kd/3Z35PzL+9XZ+jd/zH/pP//jPD36tH/uj/qU/8bjMfpPfKv01/ub//a/623/FL/lv/7A/5Hf7y7be7v2Df9q/9Wv8xp/+Bv/Y+Pfd+Y1/u9/sD/g1f/pP+rWTP+Hlb/CTO7/Wb/UX/Fu/1q/xJ+384S//sD/pJ3+P//Z3+7V+j9/+n/qT/vj/5c/au/O7f+f3/QN+5/3f7B/6dX/tf+sPf/jH/EW/3tHv9Lv+Old/wK/zyX+y+rUf/lO/xq/xeueP/G0e/K87X/4mf3z+Tzz9Kx5970/58fzT3/VP//Tb//mvWf5Bf9iP/3P/y6/7U3/XP/o7/2b/0P/9x/4uL3/8t/3tf43f87f9pX/0P/DX/enNn/Vf/vKfevRv/tMv/7S/rbn8+Nf853+PP2DnD/q1X/5Wv87nf9HnV3/Yb/ZH/A7pr/Fb/b7/1D/2G/8Rf9Kvef+Pa87/kf/jx3f/5eu/64/4e3757/KTP/ivzv6KP/iP+FN/3z/oL/n0L/onf5ff79dIfqO/6aPf6eDv+ic/Hf3mf8Lq75r85r9GuvWd3/Sv+Vf+sN/hT1jfXRfP/+C/6O/4U/+tP+C33fm3/vFf91vf+bE//8kf+vvf/73/0E9/6epP/J9+g7/4t/lDvv3Tv+n/efkP/OV/xX/3x/5Fv+/8zZ/8q37z3+pPL36n//Tf+sce/w3ZHzTe+l3/lLPdX+fVR//RH/xrPU1/rT/iT/rjftf//eWf+Gv8Gn9Q8r/8Qb/2nT/jT/61P/uv/uJf6zdb/UG/87/wH336e+z+9dmd3/gv+bE/9t/+V/7uv+Zv/RtGf9d/e/D7/cW/4a/1G538xn/KP/eH/Vr/wL0/+x/9v/+J7Nf/7A/4Q5I/7Q/+dbcO/uK/5Qf/1JPzB//uv/3X/s1/+/P/NvmFr09/w+/+K0/+9b/tr/zsj/zxP+hP+pMfHPxFv+NvuPOH3zn/7f+Q3/b3/IW/1v/1H/26737j3/yPXPwG/8hv+2v8U88++U/+4N/oD/g15j/4Nx/9D//zv/fo7/rTv/W3/W3/0u/8n3/+B/1Hf9R/8+j3/E3/jD/6d/uxnf/51/rL9v/x3+w3/6/+0ez6b/63Hv8Gk9+w/rf+se1/4df4jf7Of/jf/Fv/ly/+huP/MPn2n3H04B/8S9/8jg//qb/5j776h774jf60g1/ro52f+CN+29WvufdLfo3TV7/nL/q9f+Pf6slvuP9v/SO/zT/2e/6av+cf9of9Nb/9X/z6Z84+/+RfGv+dJ09++f/0q3/Pn3n+m/+p/9vv/Dv+Qb/Gb/3qN/rjf9u/7x/6LX7RH/Q/Z7/6P/pNf4df/Af95v/IH/UH/3Z/xx/063z2G/xH/+RXv8H/8mv+EeXj3/hX/8n/99/9O/8D/+Mf+Wc//qd+t9/tH/41/81/6x/7hX/Dr/mb/tb/x9/+2/wZO7/Wj7/7n//9f3T8T/wuv8PLf+h3/kf+py/vl9mv+4/+Tf/ob/F7r/6Q32n1UVX+gt9q58Hv+/v/lZ/+iX9w+wv+8j//d/6bfs3Pftlv/1t85y96uv1P/AG/zsv2J+782J/wB/1xv/nv/Afv/GG/5q//u/1Xf+TdP+bX+DUP/6HswZ/xT+z/EWf/5X/xL310/bd959db/1U/9kf/JW//rL/0H1v9rb/Gb/Dy1/jjf62/7S/6dX+D/+m3/fV+6m/643+zP+wP+vXe7fzjv+7f8Hv+hj/15/1Fyb/5dz37K37Dg3/ku7/L3/t3/9PLr37tP/M3/vvP/9z/9Hf+xX/EH/m33fmJRXnxq3/y3/30H/sN/4Hf+Tf6RX/qv/vv/Vc/+Sv/pn/3j3v8m/y7v/Kv/r3+ir/zt/t9/qNf97//C/7T3+U//bv+iX/gL/6L/+DfZusP+Dt+s0/+oN/jb/uH/viP/6y/5Nf6Zf/3n/QP/e4v/7M/qv0bf/E/8Ec//J3/vN/l/yquf6+f+eO2/paDf+J3/pv+x/R/+0f/0/T3/8lf8zf6XX+j3+kf/bX/829d/N3/7G/7H/wbf+qv+T//+7/oj/i7/pbq9/vH/rw/9z/5df7M3/sfOfhf//g/5u1v+Gv+fX/nt/6h3+G3+B3/+I/f/O7Jxa/xz/0W/87uX/5n/ra/z3/x8q/8Vb/W4sWv+Gv+1t/z7/29f/+/92/7VX/QH3P0t/2e/8b/9Vv8vb/rH5f+Yb/O7/Qf/Zbz7x7+u5//T/WD3+P/PDz7M5p/7L/9v37Pv/Y//UN+3Zerp//i4fjX+fH/7ZO/efIn/p6/1qe/6Dep/7Z/9I/+3f/of+TZn/UvLBef/YK9P/nPfPTv3/n9f9Xf++f+Wr/t7/cH/SO/xegv+rWPfp3/+OTP/78fb/0Tf9Mf8Wv9bv/Rb/SX/x6f/c6v/sEf/Ke/xd/7H//5/8Of89/9Pverf+e7//x3vpr/I7/ep//TH/EH/nd/79/77H/7u/7vf3D/b7r7xf+R/pq/yeoP+m92/4Tvjq7/4d/wi2//nf/HP/npP3j1Z/2n/9flL/0nD/+G1Y/9hr/uj/3av93v+e7/+ld+u+0/6Dc+3fl1//Q/4Nf9Xf7mX/M3+QMuvviPfo3f+uWv+St/5W+S35v8Z7/Z4ce7v8Wflf+m/+uf9Gv/gj/qN/xff43f5Df7NX7N/z7/dX/h//yb/tV/UvLn/el/yGe/xa/7X/8Xv8Y/9xO/5N/4K/f/rb/yl/x7v/LX+1f+iF/rP/r4l/6dT37pb/AH/NL/6q/8pb/jH/zdj+c//j/+tn/g/3L1G//yB4f/6x/5B579RX/gT05+1yd/8K/xa/5X13/nkz/o3/o1fr3f4K/6g/7Lv+jB5fn3f/ODP/i3Ppj8dv/bb/o7/Aa/5u/0X/3B/9if9Gv/R3/Ab/pr/QG/xlcvf63//lf+pv/1n/SbfPJnJdt/1YPkwe+wd/CHfvv1H/rv/spf7+BgcfjbtX/Mf/KH/p5/1i/9bz//w37vf+T3+fj//l3/qNmf9elXf9Pv+F/+Eb/of/w3L//n/+gP/Kd/s19z+w/I/6/Jr/PsD/o1fr2DX/fX/wN+4x+cJ79Z+pu9/kM+Gv2eX32x8+mPr37Nn/iHPvpPd77/E3/JH/gP/8O/z8XL5D9Kf41f5zdL/sH0N/xHf9lv+vv/Gr/RP7Tze3z1K37TP+S3+0N/6W/3e/xB7/7Qh7/3H/WffveX/pd/5R91cvBHfvqf/FH/zP/26/3Jf9Wnf9rv/ev+Gf/Vr7v4lb/pb5z+Vv/0n/Qb/F+/5x/wF85/nV/33R/0l7/7Y/7qd7/WX/tHffQ3/AZ/7I/v/LG/3T/5+/+d/9tv8ne/+/X+59/sN23/gN/0L/7Nkh//NX6Xj//h3+ef+g3+hH/3n/rj/vnf7rN/ceuP+pf/t1/rP774o8o/5I/617f+sP/uu3/Y/Ve/9f/9a/w6l+cX/9aDw+V/9Ov9Qb/mb/j7/U+/6a/8bZL/61f+GtOdX++/effJH/Vb/3r/1j/0a775NX7N68vf53f8v9Pf7Cf+p9/kX3/5Gy//oV/r7H/6TX/ib/o1f+WDP/btyS/6g/7h3+ds5zeZ/pa/wafpj333b/pN//q/6Pv/4+o3/Dt/s1/3r/vDfqM/7z//k3+X36f5wb/8R/7GP3bvN334Rz3a+pMf/3bf+m1++z/sj/2j/vjf8Vf92O/8q/7ks9/sT/npe3/KH/Qf/7p/07/06/zK//XH/pz/7dca//a/1v/1h/zeCfkQ17/xD/6mH/ut/6Q/9eO/6Aef/ao/9fjhn3b6b/86n//Xv+7Z9a/3ez389NNf4zf4H/6jX+fP+4t+/f/wD/g1/pqrP/33+X2y3/fH/pTmV/7p2Y99Nv3t/+Tf8uEf/3u8+5Pf/tV/8v5v8Qf/df/Ur/Xx7uS3/QN+k7/ln/61/oT/6Df4g/7mX/M3/7t+rd/mD9ja/rd/uz/wr/41/5J/6tf86T/gT/3B5a9R/UEf7R4fPnz1W/x1/9av85v/b7/xr/17/kb/7OrX+i3+pl/r9G/6NX7wP/3Yf/E3/ZKv/u//+Tf58d/zN/nb/6vf4Nf6h/+kv/LPPvirz/6o87M/+fM/5c/4N/6sP/n3/lP+3H/hV/2mf8cf/ef+1v9Q/ff93b/OP/D7/Jrv/oDf9dFf9Gt//i//Kf/4b/9n/Wt/2Z/35/5Df96v/FW/xb/0Y7/O1e6f/5v/dsl/85v9WYf/0G/6H/xJv8Z/8Kt+7B/8A36N33HnL/jPr/+C//rP/t3/23/70X//+/wZT/6n3/Wv+7P/qN/un/6jHkz+1Jd/wK/15/8av/bp//Qb/9e/3q/5D+/8+m92Pv2vP/30r/iTaPp//cf/06/xnV/j13r7F/2af8Bve/nvvPyDvqh/jb939Wv9Q//Sb3L5a/yGf83/9Bv9ev/Qr/34L/r13v1Jv+4/8T/9umf/0a/7S/+hX+tPfPnr/oOr3/DX+c1+3b/lb/p1fu/f8zf5t1/+Om92ft1f9+Wv/W/9Qb/x//E3Jb/9o9/g3/41fr2/4g/4NT75h/783zD9Nf6NX+N3ffyX/AW/e/Lpx//O9+/8O7/WJ//Nn/Nv/t+/wZ97b+/X+M1+jd+QNPBf/z/9xqerX2M1TR794Nf4bf+lv/S3fflr/p5/zK//x/5Fv87P/EO//i/4l37Rv/Obvfu9Hv2pk9Vv/PemP/aPpb9G+wf8mT+58xv9af/Rj9V/01/+3/xPf9qLvygZrZJ/6g/67K9f/Yaf/p6/fvEH/Np/wO/5637rj/gN/o7/6Df67V7+2r/Hb/ZrPf2Dfu38b/q1v/wDfo1//G/6dX/DX+PX+yd+s7/qJ9OjP+yn/qp/8+rX/bd/2z9q9kf/Vd/6d/7Qf+2v+jP++D/md/8Xf89f70/5j37dT/6hX/s7f9Kv/xut/sY7f9Lf+Cv/mV/jd/6b/sb/88/5tf6D1a/97//tv972H/Ab/jF/zV/2O/xDf81v8h/9Bv/Yy+Rf/D1//fmv8Rv8w7/n33j0L/16//jf9Gv9en/S6f/wH/36X/1Hv9Z/ufNr/Rd/0tk/+Af8xv/oy1/n+7/nj/1uf9Bv8B//AX/Tb/cH/Rp/9p/0Y7/HH/Rr/9Qf9GOHO7/2T//ff9Kv+Tv9S7/uv/0H/Eb/yx/w6/7gt/4b/pPv/KH/2U//ob/Zf/0X/NF/z1/1333nL3zw6sd+7b/oF3+S/vr/yf/06/+RO3/7vb8p+Wt3fu3f+/DX/iP/pL/99/57k79h9Wv/vn/Ar/N3/AF/01/z5/xNX/wnv8Zf+TL5U/6gX/df/DV+gy/+pN/0l//vv/4fkv76//if9Ov+9f/Rr/Xw1/mNfsHv+Bv82X/bj336B/xGv9m/9Ov+Lft/wO/7m/3623/T73zwP/3af8zbX+eP/oN+7G//k36t9ezkD/pv/ta/8df4245/9R958vZv+M2v/7b/5t/5c87+27/k08mvO/uDfr2/Z+fX+aP/51//2V/0Y3/yb/brHf8av/Hf+uv+Mf/xn/lbPUl/nV+S/jp/9O/+e//mf8Bv+H/9J7/mH/Gb/Vn7f/ff9Gv9zb/mr/Xy1/zpv+k3ePQX/aG/62/2a/8B/9Jv8I//nr/mr/3wL/juw9/4b/mD/tJv/Ue/4aM/KPmj/qTfIPmbfuN/9y/6NX7JP/Tb/Tv/99/0G/8G/9Bv8Ef/T7/Wn/0v/YaH/+tv/M+kv+l//2s8/jN+8d992PxVd/+hv3v+d/8Nv+zH/p77f8lv9Jv/jr/BP/xjv9Yf8wf92n/OH/Rr/AY7q7N/+U/5Bf/Rr/lH/rp/zB/9m/36v+A3+/X/rr/27/07/5G/9x/4vX7d+S/+sY9JC/5Jv+7v9Bf92v/J6ovf9U/6sd9t59f+sX/o7/u1d/6kv+c3+3V/xY8/aH6NH3v0a/xaRy9/wz/u5e938Jv9+v/hf/tr/ju/59/0G/xLv/7dnbM3T3/NX+s3+53+o+/8Jf/T73X/f/m9/sE/cv4Pbv8zf8b+5Df+N/6n3+Q33Pmx47/kN/h9/6e/7v4f8Ov8vjt/x+/wJ/3j/+bf8dtt/02LX/eP/bHpH/QP/YVbv85v8A/9bn/Srzj8Lf6A3+QX/WO/+I/5l3+tv+8P+LH89/y1Hvyev+4fn/5ap3/Sr/tHfffXPfsDft3/6R/6tf+NP/c3+qv+od84+4t+06fpm1/yN335633v187+751/6Onv+et8+2/6df/Rv+j3+e9/s9/0H//df4c/4OE/9uu//sf+65/6B/+CX/wPfufxj//Bj36tf//ln/BP/0W/wdNf4w/6avR3/B0vf41f90+a/5v/6y/6/l/3a/wLf8CP/Vl/02989tds/WF/5Y/9en/Vr/fZ7/ib/ha/WfIPp7/er/3X/Ab/8e/5e/++O6sHq1/7zj/0a//xq5N/9df4jc7+oF/vn/mLfq2TP/k3On75G/61v/rXfvon/d5XL3/tv+Mv+jX/jk//gaf/06//7T/p1/wL/6Lf5/d++ev+M7/rP/bJ/m/y43/1xdZHv+G/+Rf9Ff/2b5b82i9/rV/5Z/6L//vf9y/+ygd/wsWP/1G//h/07K/+dX7tv/5fSv7gv+g3+pv+gF/rn/2bfqM/9zdLfuudf/H3+o9+3dFfdPEbr3+jf/Llr/tf/kUX/+Xq1/vkv/zzfsff7C/77f/t3/yjf/83+Wf/t9/0u7/Pb/nn/Mzf9Of9c3/J3/hH/+4Xf+pv8pekf9Ef85v9Ex/937/yF/11/93d/+sf+Q3/8P/p1/ob/qFf8/Xvmfxl/9Gv/zfu/Lrf+pd+8S//zX6dX/fl7/3X/XP/zPRv+o2n/9Ov+Rv+S7/B7/7r/tj/9Jv9Rsd/8m/0nT/o18z+ol9z+gfk/+blb/p7/EW/8a/7F/3Gf8dv9utd/UW/xj/x8a/1+g/6Y/6Kv+rX/x//29/2i//oX1j+Gv/iaPUbf5n+2O/1B/wa3/1u8n/8e//mr/rv/sUv0j/qz/+HfpN/9W/6Df/B/+k3/Bt/s+Qf+eSv/mt+z9/wl/1H/9Jv9n/+0t/qn3/52/zx//Lv8M//y3/d//ab/i5//K//u372r/xu//4vefJjT/b/5H/l2//tP/0nfOvH7/7O/+of/T//gw8W/+pHf+S/+hf/Fr/+H5e+er3z6/6tf9LD//pv+rX+pJd/ze/2ByVv/6J/7ffavpz+Qb/27p/0a9QvX/1Pv8av95fuJP/0r/FrffkX/8bf/z9/rX/z2U9O/v6/7D/+fd999Bf9+n/Fv/TX/xm/4t/4Jf/3L/rTt/6RP/n/fvnrNKvf+Pqnfp3f/Q/4tZu/5T/47/7+/+B/f/C7/7HNb/w7/kEPfp1f49f7i9Pf+JM/6df9r/6hX+uv+YuSf+XNb/3xP/TH/Kd/14uvftGvN9r5U36PPzv56g9+9yfs/Cm/y5/8W/z4L/yj/pA/6unWn/93/0vzv+3P/Zl/7M//8/6xv/J3/vG7//yP7X3xr/5f/9G/8zf9zt9K/qBf8xf9S//q5D/6NWa/56/x+vf8det/6Nf/A/+iX/fJr/Hb/0Uvf43f9x/6dX+P3+zX/uP/ob9v8jf9e//0P/Trb/9Hv9Hv8tv+2F/7O/4L07/2r/oN/qJf99d+8Bt89Hv+uv/F7/kbvPyX/tSk+Kf/l9/81/07f7P/YPmrftN/74/+Df7Iv+nXv/MP/aa/4m/6G2e/339x/kv/i1/9U7/p7/p7/Rq/1d/0a/0Pf1HyN/0av+G/+gf8Jr/G+D/644glful/9OP/9K+V/NLL3/h/+PV+0z/ht/jNx//xb3X07/w2v9/ftvV//zn/8W/9R/9j27/kx//q3/k/+cN/61/zd/v9/pPyD/k1/6I/4Nf51vjX+E3+px87ffnr/IGnv86f9R/9Q3/iv/zr/xl/06/3u/7jv+7+y1/nj/+bft1/7s//jX75y1/jd/krf42fWv1nf8enf8ff8/f+Z3/Wb/ZrnfxHv+HkN/vPX/9+v/F/W/7n//NffPHwL/n+v/tP/uKf+Z/+4bt/0K/xh69+73/h//rv/qVf+nv/g//nv/sX/UvXT36zX//JP/Tr/hl/wI/96X/zr/v9v+jX+w1Xv8Y/++v/Bn/wX3Tx8A/6DT/+NX6d6m86H6//tD/tJ3/d717/6b/nf/Tr/vif/Yf8r39B8rv8z//Rf5b+UX/h//Fb/GX//t89+vf/hj/hP/h1/utf4z/5a7f/kz/1xX/9O/8l//p//Hv+xj/9D/2azZ/0G7/5i36df+/0N/4NXv7af/Nf8D//B3/tr/FH/+N/15/1D/26h3/Tr/93/0m//tGv8Rvf/4N+zT/yt/4npm9/nV/vZ/6a/+M/+TX/453foPy//6Jf/9d/+TstV7/Rwz/ll7356j/PftE//enxf/d7/gH/3e/4B/z9f9p/tPhd/6If++P+ol/zD/nbf/nz//CX/yH321935+/9W7/36z35g37sJx//er/4f/p1Hj37NX/tlz/2Y7/Br/3L/qYf+y//gv/hn/tVr/6HX7r8vf+E//z3/Iv+y4vV//i//QX/4//2T/+Pv/N/8Fv83//Av/LH/TV/26f/y3/16/8u//WP/Y3/05/0F/9Tv8Pv+Rt/lP56//Cf9Jv+9M7v9Wv9sb/29l/7P//Ny7/r7/uT/vv8D/oN8vTf/d1+l1/nePU//+b/0P/y6W/070932re/2a/5f/wWv8m9nd/gz/jql71c/bJHd1//Zb/r7/Ljf/H/8OO/wa/5O/4Bv+vef/D9v2716//Lv/RX/11/4O/9C/6mf+iv+Bv++3/9j/l1PvqHfs3f8E/6jX+93+w3+P3/od/n1/o1/4Tpv/ryX73//X/7wZ/2G/4J737iT0q++o/+j69Wf+Sd3+7wd//st1z/33/jf/xr/om/8v7/8h//Sb/fvzr/P/+dX/qb/vZv/q1f/3f5h37NP/RP+k2bP+jXuvP2xw5+s78y+4f+t1/w+X+2/2f8Aft/32/89tf4zf69nz79V2af/Am/2Y//un/b9r/2l/znv+6fef/X/c22/qGf/PJP/Au+/Dd/p4Pf4Hf/jf+pz/+k3/X//uN/t9/nX/nP/uk/8D9/+TfM/u36d/v4xe/5H/yef1Hx1/zBv8nv/rvt/f1/1x/6D/2HX/5Fx3/4b/Irfttf8y/+zf+yP+vv+r2/9eO/wT/9Z3z06/1z//CftP4v/rk/+rf86v/6/t/1H/0r/+13/6bsH/8Tfvfv/Rm/+2/2+fyv3f+j/5b/+F/9d7/8c/+SP++v/kv+jj/mX39z/fqPL/+V/+yf/x3/5u/+DX/dv/83/cd/IyHx5O/7zf6Sv+jX/Yl/6v/af/d7/kX/9ed/yB//E3/J//E7/pv/9n938Wf8kn/1j/7p/+n3/CP/kt1fkDx9+Rf9Rb/nH/xP/c35//30D/pd/4X/+9f/TX76v3j55G/+Lf/Vv+N+9tN/2y/8H/6uX/cX/X6/+Uf/06/1t59/b3v5J/8Pf9vf9If/T/dP/shn/8Rv95+s/8q/ZOuz179J+Rv9ivF/dp3+RV/9If/Xv/PX/T5/+i/6HX/nP27rn/8vv/yFv2n2j/xzv8m/85f84X/Ef/pH/Y7/zK998uTv+oP/iO1f47f7y/70rd/7f/pP/uFf/um//Yd9lnzyt/1P/8jf8uQv/o9+46/+mj/4D/91f60/5j/6i3/j3/5f+73/4t/6t/2z/uE/5Dd59Of9nn/pH/P3/gu/xhc7/8hv9It/7d1//Pfb+Uvu/19/0J/z1/0t/+zev/vX/a2/aOfX+WL/xXcOt+//Wz/1i//6z7f+4H/loz/5/j/zX/1Ff+i3k99+enjy+538Qx//xX/Mf/qb/1W/yy/9n/7Jg8X+zpPf4J/+24rf9U/59s4/9A/9Gb/NRzt/yJ/zS3/m3578sQ//o9/8D/o1ir/k3/rLf8vf9l86nv7O7dEf8n//y3/dr/jj9v/pz/63/+zf/Yv2f7P/6+/6J3+D//Mv+eXVv/rFr7//a/2Rv9mv85tnf+yv+/v/ot/sH/kDf7e2/eonv/e7/7F/SPKd/+kP+dN++u/b+fjP+vF/55/6Nf6gX/fTv/kf/k32/qzs2W9x9Qfd+Yf/mt/+13/7l1CK4Hvl57/uX/J//Mt7/9zv9C/9cff+xd/3N/699v+V5ydf3P83ft8/dPs7W7/l2T/2G4wv/6vT3/KLv2P/L/tnf63f6te4t7X7l/7uf+pv8Bv/S6M/4It/+v/4Q1//C//3b7Xzn/zhz+ufOPnDfuaP+IN/z9/h1/tz/6vf7Tc7+87q459If5vtv/Zf/sk/8eH5X/Yv/FN/919+9Lv8XS9/zxdfPPz3/7b/4N/4jf7h3+1P/V33fs+/5M/94u/7vSd/9OWv8fqr7/15zb/xb/x20/Hf9Lv+SW//gL/oP/qjfvzVnzT97v1/7Tf7A4pPfo1f89f5Da6O/pb/5s9rlv/2/z0a/Q5/5t/+m/+TF//kf/eL/p30r/+d977353/vyat/uvpzf6s/8/fd+ouz8jde/CP/9T/9a/+mO/PjP/fX+sP+pf/k7P/6P37D//T3+o32t/6hP3T39/vVf/EftPvH/UV/6+//B/+BW39W8jP/y5998scf/0Z/0B/8BxX/yY/9Zb/O/tO/57e7+OMf/oI/8neqt/72dvYbfefTh//QD/7P3Y9+nd/h6e/55I/7vX/B7/tr/SZ/7sejX3z1H/zbv+M/9Gf9nr/eX/Tf/AZPf7Mf+11/y99l/ied/Mbf/guu/4nf4df/J/7mf+TP/y3+sqM/9L/ZWv7Y89/nvGp/8vO/8Vf92n/vv/P2j/7vfsnvvvyXz/d+33/g3/4L/vtfd/4b/c//0N99+D/8Wf/c8u/723+zv+SX/Nu/06/+HX/tX+c3+BPO/shPfo3f5J/4j/7CX/or/uPXv9tvcPwb/K//0x82mf1Bv/Zf+Gv8o7/BL/1Fv8nv+Pyfa2b/8G/31/7e/9D//Yf8nX/cf/S7fPfXeFb8af/Rr33y9Nf4g1/+77/pH7T/H/0jf+Hf9i/8Nn/2H/U7/6a/zV/0G37+l/3nv/Hv+6v+qV/1M//byd/4a/whv/Nf8Rf9Wr/byz/oj/ptt/6Ag9/uL/oj0l/r1/iD7sx+zd/oP/zf/vF/8Z/6jx/+tYu/8dk//8/85n/bX3b62//0j/3Y905/rY/O/oX/YvsX/vnF4n/4c//43+y3yH7D742e/pZX3/59f8OdP+h33vqnf8Nf82/8j3+XV39Y+of9tn/CH/wb/uF/6r/65/1t//Ef/ORfe5Lsv/xDf6O/5U/6jXd+s7/ot/5X/6x/4rc+/ke2/rxfsvOH/fjf94f82C/5i37N3/ro1/vO3d/td78z3fqFB//JX/RHfPJHPflN8n/kH/3lf9pP/Bl/y9M/9Df8jX7PX/e3+pP+o9/g7n/1J9yjzOV3d37XX+PdX/R7fvqX/SG/3m/3e/8tf+T//U/9Bb/N3/5P/ON/w7/93779A36j7/2qf+on/4lf/n//xb/57/vid/htf8fpf/rs4Adnv+W/8w//hZ/+Dn/KP3n3f/6b/9y/4Xu/ZXr/b/rdx7/VP/Qn1K/++N/mt/uJP/a3+8+e/Hr/+B/1u/2aT37zP6po/4c/5S/8V3/yN/lb/6Q//Is/7y9Nfv//6S/7zT76n/6RrX/5i7/kt/g//+j6T/tPf9P/5t968qd/9Gf92r/ub/Jr/KVf/H3/6O/0b/5Z//boi//9H/0D/rm/+Dd4+u/+5b/Zn/Cf/nG/ze/9n/y6v96/+1v++r/Nzh/1a1J2oTj7Y3+fv+Xf+Oxv+IO//HP+k7/0F/6qf+LZs9/nL/hFZ3/NT/z4//33nf1W1//0f/0n/cbXx7/Ff/2X/caXv/Vf+Zf8x3/Nn/lL/4n/6Q/d/tv/id/jp36zX+/P+6t+2b/0h/86W7/W9/6YZ/v/w1/0a/z0v/aX/ub/+O/9a/523/o1/tBf899Kf7ff5rf8vX797+Yv/7Bv/W3Jb/xL/qpf76NHP/HH/Db/+F/y1//R099+8tv+Rr/2b/dr/9+/3Ve/wX/97d/rB6/+uf/hb/gNKHv3mz35jz79Xf+ps1/z79j5x37Dn1n92j+xyJLyD/qD9/+DP+i3+dv+tz/tF3/vV/8Fv+3nv8+b3T+n+jP+7d/3v/npv+tX/Wv/1tNf8Sf8F7/VP/EbPvmPfpcHf/Pv9cf/r69+k3/mt/qLfpe/6Q/56q9L0r/291n8x7/mb/yX/em/7fb/9Ae9+k9+s9/41/n3/uNf8PSf+sd+k7/jf/p1fu1f59f69f7gf+uv/cl/4j/57uf/efrr/y9/97Pf6ug//qf/+z/sN/27nvya//lvOPn8D//yzzvZ2ftb/pw/4Lf6y//0X3t1+g9//58u/9Dv/il/2O/21+W/zm/52/yuZ//O5E/4jf+1//jX/E9+gycf/WH/0q//8l/6YpXc+Yc++6v+5l//1/irfo1fb/4n/eO/7vg/+TV+g7/vt/nkX/h1fnrxKz75c//n//x//XN+zzc//e/8OX/Pv/B//nq/zz/1n/0rv+fB3l/0h4z+rl/jH/nx//sP/p/+sF/1v//W/9vvcPYP/PI//h/5hc9/uz/s//hN1v/Un/I//5F/4O/4B/+Ro79s8g/9c3/fH/4Hf/JH/Ee/bvOP/8NvP/2xP+x3f/4f/ym/79/1a/2mv90//mN/5a+THGYP/t4/4lf/mvd/4W/2B/2aafM7/LZ/8B/0a89+5tf6Hf7Vv+OPffAnfPEn/OOfPvtT/5dPF//dr/2//Bnbv+S//oue/p6/40d/0++59Vf8yb/OxzsPf+zF5d3f+y/54/7iO9Vf9g/8yl/yD/3Y3/rHFeM/8T/+B3+fP+of+bN+w5/5w3/tX/aX3/17f8E//af+2z/z6sGDP/gf+a1/wdn3/oPsj/uJ3+0vffX7/gF//Nav+Y/9Pb/W//EX/ca/5rtf99Hv/bf90V+Wf9izv/z/+me+/K1/53/+7q/1T/9Vf9J/sPgt/5U/+Xdb/DX//F/9N53/yj/pV6e/1rdnx7/NL/0NfsXv8ec8/rV+/7/3P/vXftvv/O2/9n/z9j//yem//Zv9cb/J3/J/Z//nJ7/Wt/6lRz/23T/pJ/7Xf678m7//y/733+VX/V9/++gP/ey/O6h+z7/sN/32H/Gb/MzOr/fyl//D//b/9Wf/Ub/wL/n3f71f+Kf9Qz/2p3z71/47/s+//79/evL6r/qPf5P/9C9d/7lvmqu/9u/805ZX/+If+Rt9/pv/T+lv+Af/RX/nX3X273/3z/sVv/hf/99+57/rz/gj/7o/7w/9+O/7N36jj//pv+P3ePLor/vkt/wN/pC/+t35L373a/5xf+av89/94Lf7x7fa1R/65H/6S369//Wf/Rv+3N/q9/zNfuO/7tf8z8uXv+5v9Ret/oSr8j/6Hf62v+gf/zV/k9+s+R+3/53/+o//J/76f/7q//hHf8Ff+T//nUcX/8frP/hf+EO//JP+0F/3r/mv/tm//+Gf9ct/1V/z9/wz3/2l9/+6H//N1n/461/yu/3kr//k3zj7bX+Lv+Hq//zLfv/f9PDsH/r9/uDZH/oP/fp/1l/1a/5aP/Vn/Rt/59uP/t6tf/MP/V2+/X/v/oZ/33/75/+Pv/TX/5mXi8MvftF/+9v91f/WP/d3/+9/x9/9T/wTn/+Fv++/9mP/+8f/1v/8D/8zf+Kf829l//bf+Yf/acvf/6/4LR//U7/g1/g//7V8/3//h/+hv2r8N/3n//W/8es2v+6/fvF3/Ir/+w/47N/+5/+HX/vv/A/+4l/vZ/6+f/Ltv/HrJL/f7/nwJ7Z+3VfpH/7X/1k7/8Df+0e83Tr6HX/Hv++fWu2//amjX3DvQfvf/vW/y5969Bv9YX/KP/mrf5109Sf9d3/u3/TP/qt/xv/4ax/87r/Zwf/87/6Nv8Ef9Dv/Yb/h3//L/tPf7Vd87/f4X0/+2F/5h/6D/9vhX/2rpp/9W7/jr/tv/5a/3he/9+E/+l//g7/kF/3Vv83v+XA3/fX+3r/21/qbfsc/+Nf5fX/Pv+7P3v6zD4/+ku8c/aN/6u/5j739B9r/9O/+jf65f+Tf+rf+od9k9gf/pv/e0et/9PG3pve/+/bR7/3f/qHjv/QPfvYX/Vrfmvz9//dv/nv/FX/yP/Xo8vf8tdtf4w/7Pf+rX+e3W/3Bv8Of9g/+hn/UH/ILf+8/8rf4vf/I9eoP/s3/qF9rZ+vvnf1Pv+b8Pzr+N/+g3/EP/zX+8j/6N/g9f+Ef8Id+kf46B7/dH/39/+2P/C23ft1f892v9+v9Vo//nL/2r/hL/5j9pD1a/7X7289P/8Bf49f93m/2a/7Wv8Gve/k//dp3yz/kF/+lB3/Gf/UPJL/98b9w7+TyF/+a1e/9D3/v9/z129Uf/Gv/WX/Eb/6bPfttv/3st/0Dfv3z2bPfM/31Hz/9Q3/N/+0P+ewf++t+7JedpL/3r//b/sF/8O//L/3hH28d/onfe/rr/Ee/7j/yD/+5+9lv/PC//jV/4W/3h/2Sv+kf+96/9Yc//93+iHerX+PX/N+erv7e7Tt/3O/56nf6jV//Y0+++j8+/wN/jUff3vk1fseXv+7v8b89+d7v+2O/71/2J/2PP/6P/on/6T/+e/2lv+X4f/sbk9/g1zn++/7w//s33vn1mz/on/zeu8/f/R/f/n1Wv+bv8/Jv3PoNft1f66969uv/6t/g6n/7sxNa3v7v/q7f4zf4g/+x4z/q/Df8tX+Nv+XsZfonL/+sP6Ta+TUmB3/wL/y3/vCrP+vXO/+bfq1f/Oc9/Jm/7uEvGf2dzb1//Df8df6pP3D0t/xF/+wf8mtu/Zq/x86jn/lPP/0bf+9v/6//0j/+B/23f9/v9fYPPnj3B3/8e/+j1dZv1f5Zv97f+W/9QbM/7g8pXj7L/7Zf87f9m37N32f+h//+q7M/rdz5bY//iF/4G/xhf8E/90fMfq8/4lf/R7/Wj/9Rv/Zv+nv+k//O//a7XPxmv85v//KvT367P+K7B3/wrPx1v/9X/WHfOfjO1p/3G/8Gv9PpX/Gv/d1n33v8Vz3/x//I5A969/rXv/qr/s6f+te+80t+y5N/vvn23/S37T/6RaOHW7/Wn/jR7/wn/zV/UPJn/U1X7/7I7D9Nfp+dP+jlzh/+f4/+tz/io//tj/j7/o/f9eB3+6PXv+cf+u7f+nWbv+oPKv+kX/tffflrffQP/cHjX/PX/V3/pV/n//yX/sR/45/6M3+7P+kPnfxXv9YvePkH/5p/2691/r/9eq/f/Wb/3ON/+C/+t57X/+jf/Vc8/zv/yt/on3/z+/6hv9H/9If/1r/3bvsf/TG/+Pf6F/762Rd/4L/79/2Nf9i3f6/mj9v93/6gz/6nX6/6A36NX/of/fq/3rt/6bda/Uu//p//Mvkl/9Jv8u4v2v6L/qD/9Jf/rv/3//Hr769+rT/gb/qDf83/7dfb+b1/zd/51/g1f/BP/Tq/0x/1G5z8U//Cf/8b/dp/89/yh6d/1x/81bd/s2+/+3Unf9Ov9ev/nl/+3r/3H/Ir2t/zn1r9i3/u9OiX/n1P/qW/7F/8jf67X3vxe/86v8af9Yf+87/o1/+//rV/4DdZ/Njf8Ov88X/Eb/R7pL/u+OHuH/L8r/p1v/u//Rrlb/C6/N9+jb3f+V/d/XVf3/mH/oj9//PX+L/vpK9/h3//D/mt/61/6Zf9wX9T/r//UU//5l9zPf91f4u//A/78d/zD3/6b42/9+53vfyvf+zf3PpT/9t/5Q/5qd/g1/zd3n30afpH7P9mf9Af8Bv8er/3yz/8d/mN//Ff9Dv+Kz/2x335Gz5+9bv96f/A0d/0hxX/7h/y+3/7n/ix3+s3/Gv/7H/le7/Ov/QH/run/+sv/4UPf/O/7Df7Pf/wf+1/+7F/5K/+1l/2b/0Wv+nvmXz/9Lf9s/+eP/h33Pr1vvUn/av/wV/8r/7ef8vrq//t1/odV//0j/8Gf3D6G/xa2W/28OJv+sN/gz/gt/11/qB/ef6rf83f9G/6w5/ujI//pz/81/i3/pBXq19r9Ef9a7/P6g/9zhff+Ymf+fKjX/HP/Yr/+F97sXh88g/9ml/+AX/I9s4fdDf9xx60f9h/d/zVHz76oy/nf+S/8F/9sX/qX/UbTk5/0z/01/1DRv/bH/aL5n/kn/1r/lo/9j/9Zf/4t3/LP+gf++zyP/7x/3sx/41f/m9/0G/0F/0hV3/A3/Sn/EffzX7d3/jj1a/1a/5dv95v+Wf9ut9++Tv8dv/VH/YH/p6/zu/1B/0RT/6oP+UX/2+/5u/6R/1h8z/gDzv57f6w7d/s1/4vfuzX+w3+oT/k7z38I//U9M//U/+nv+Pj8l//i36N3/3k9/5Tf51/64+792v80Q9+y9/wX/1zf+pf/eQPfvEX/V5/4R/8B/+Gqz/4+3/Xv/n01/z1fo/f4Cd+7f/q1/rOT/xhv9nv+Tv/Pb/PH3X1z/9Dv+3eH/br/ga/xm/4e/8aV3/VH/HTW199/vIf+uQP+DUfrP7Qf4TW1v+3P+KP/lV/ePUP/aG/9T/0Z/2Bv/G/9Qt/u9873fq3/tDP/sQv/6k/5A9f/Ft/5OL+7/Ib/Jrbf9K/9Qf+Zb/3n/r3/gn/xrd/nT/+P/+9/8Tf/cf+pN/49/lb/6df+/fY+fXyP+vX/b3/oF/nF/xBf9Cv/Uf9Gk//rT/iL/+rft0/+//8g3+DP+i3/Mnf7g/9xf/VH/79//gP+pmXv97//Xv9ZX/OX/y7/5F/yfof+Yf+3n/yb/yj/6C//P4f8uuk/8Ff+dVvlf3aJ3/mX/RT/83v/kf+VP1r7v9D/+rv+fKP/AP/qX/sye/z61/9Bt/7fdJf41t/1q9TPfzeD/6XX+Nv//73/uu/9E9Y/F2/5i/8x3/tj/+i7/29//j3/v7//N/9jd/9Zslv8Ou2v/ev/2v9Rb/GP/KP/1kP/qe/99f+zf6t5N/+dT77g/62q//pd5v/S3/Ib/3q9J//2/+tf+H//Pf+hM/+6H/5d//+3/If/Xn/4S/6tX7L/+nX/a0P/pCn/9UfevRv/RG7W3/Y0z/pz/gNvv3r/OJ/5Q/5Df6nP+gX/2//+PZ/9Yd8tPqDXvxmv9+fmv7Un7rz7/ynp//M3/gvf/W7fvsP+vLf+jX+4j/8N//t/+yd3+Bw8ru9+E9+99/wN/zT/9mT/d/zD/34T/p1mz/pP/nyt/s117/dH1z8RX/Ml7/3r/n7v/s1fqtf8gf/Bn/T7/ib3xv9r3/8P/Br/U2/zh/4D/16//fHr/7Qj/6tf/d3+99+/T/+v/vj/qR/6Z/6nf6dX2P62/1Bv/HLX/Po9/w1f8E/9Gf92r/df/Rrvfj3kn/5D/2x3d/lt3jz9Nf/bX733+Dy7/1j/vPf99f9n/69P/6v/wP+1L/rD/iNfpvf8L/5g/+gt+mf8bv+Zn/kj2/9Oi//qD/0/n/0hzS/w1/+2+z8IU9/s19v+zf7j+//V7/ur3P8h/zWv9mv8Tv+Tf/xn/IP/cd/yr+U/acnP/UX7fxhzb/8J/w6f9ev97v+BX/X3/u//fo//pOTye83+Zve/Tpnv+evffmb/dO/4R/0a07/rT/o99/59T/5B/6Tv+/fmfzWB//yn/U7/fb/w7/yt+79Cf/A/f/pDzr6l36NL3+Dv+e3Xk0PPv31H/56P/bo8tdZ/1u/xm/38tf/Rb/Gr/lbvPw1/7g7v9H96R/9i3+93/DP+t/+qF/4d/0RV//UH/LJ2z/gT/mnf99n/8Hv+4f/Wf/Rt3+Tf/9P/ov+s+/8en/s7/V7/3q/wW/36x3+8l/3//6df88/+Kf+t7/py/VftfV3/9q/0X/1a/+uf9Sv/fI/+pN/rX/qD/ul/9afevwf/Rp/8e/8H/wn//5f8jv/C89/p7/3q//i//x1mv/p5I/9m/+cyfj8b/49/4rv/01/8K/9e999+mf9wb/9H/AHffab/fSv91/9QSd/159y8nv/4b/jb/Br/Ra/3R/6T7z8NX7z1//Z8n94OP6P/pCDv+kP/22//Wv+Gn/Tr9H8Gn/Ir/8P/9qP/6w/+1t/1K/1x/9l03Tnt/r+P/SH/vrvfo0f/E1/0A/+gz/oZ5790X/X//rH/JJf7w/5pf/Xf/kH/Ql/6r/2u/5X/+n8P/tDf+ks+cn5//7H/uV/xF/xJ/3pf+z8Kv31f8O/6r968g/9YUe/96/9P/xRf+gf/+wP+j3+m197+3/63f/A3+4PfZ7+mr/Or/lr7P5Rv/6f9hf953/Nvf/ge//Cv/IX/0v/+T/22/+hv84/9e0/5/Jv/O/+7mLy2/yxD8s/5C/87X+N/+TX/Fd/53/qv//3/oQ/+Lf/lxb/93dXf/j57/yH/gb/1a/9V/2vf9D//Wf99D/xveTi5a/x/L/6Iz/+a36Nv/F//bX+pt/m7d8yfvu3/UG/5tX/9of/Ab/32x/8T7/uH/fb/8FH5a/1h3z2n3yS/ge/zm/53/0Z/1Dy+W/3R/7aq9/w8W8w/+Jv+kv/6O35j/16/90f9nf8Af/IuPyXtv7gV//Tb/mH/H1/9L8w+XUe/6d/+JPVH7F1/I/+7z/xBx2++41/41/j1/3Ff8yv+Zv8Sb/mr/Ht//p3/IX/we/0C//7X+/pf/yX/5//cfrb/Dt//0//IX/Lb/KLfvPf9H/+J+7/3r/WX/VrNL/BrztNf8Hv9W/9G3/wv/1b/Piv8ev+Xn/TH7b6NfI/+n//S3+PV7/Jr3G8/Au/94f+Sb/237x699Ev+If+0N9079d9vfrL7/1D//xvPP+16tWv869v/5q/9dbh0f/0P/wpf9ez//n3+33/l0//x7/78sd+xfn/+Bv/Vb/GH/SbHMz/qF/vV/0Xb3/d/+m//b//2L+9+pf+8er//Cv+pFfpH5H9b3/q253f/zu/56+b/W9/03/+a/y6v9X/8Eff/X1+g8Uf9Wv85O/5ry3/9F/zJ/6i1Z/ymy1++fS//lf+jdXv97/mv+kf+VO/2e/yi87+zX/qt/j8T0x+gz/8N/6T/pgXf8cftn326zz/zX63k2//TuPfYPfkXfkn/hO/6D8/WP6C6u/8k/7YP3S8+2tV//mv+a3/6Q+Z7tS/23frX3j16/yW/9Mf8gf+WX/o3/L61/nWxz/2d89eXH37P5nc/TXb9Lc6/q3+se/8j7/nn/03/9q/3b0/8s7ftff8j/pDV3/UH/Sr/of/9p///m/wh/1+v+zsX/gfP737G1LC+Df4g379X/ev+00Pf/0//D999wf8X1u/06+ZrX6j3+AP/fa3/7Bf+l/9mr/9n/VH/kt/x//0U//E6uU/9+OPfs1/6Nf5DX6dX+v3fvYb/Jb/xCf/1R+W/V7v/vDf5Q/+fP7uj7x6dzV/939f/UV/wes/6w/9rbf+kB//qT+m+Zf/q7/w3e/6lx08P/hbft3faCf5y7b+uq/+x4f/91/1re+9/IN++//pD//rf+kf/nv8bb/m7zj/Q37Tf+Wf+of/11/rqz/o103/ol/rzm/6v/7Jqz/41/yj/sh3q1/r9zj45//k3/0H+3/SH/bP/+bP/orqB3/lb/vs1/99fq35H0kux//6B/21f/gf9if99PYf9wf84d9uvv2//q9/4q/7K1e/yx/7i+7+yuYP/DWO/qc/+PD3v/rr/8zf+B/7g/+O3+XX+M3+zz/q1/nu33T1E3/Xn/P7/Bu/8l/+yV/+G/2b/9Cj3X/uB7/nr73+7f60P/o3/d7v8b/9Wutv/8w//vv/zD/x3T/y9buf+af+wJ85+z1//avf8w+lhNgf8Xe++0uOPxr/Zr/WX/nip+7v/lp/0h/5l/7Jv0fyp/4e15e/7Dd9/u4P/tOv/vDf9d1Hxd/1j/6a81/r9/mrrpu/61f9Pju/ZvsP/aH/99/yl/76Pxj/0X/Uwz/tn//N/+Xf8zf4df7Hv/3XnP3ef9Xd3/uX/hf/96//X/yB/9fd/+nX/vwP+M3f/l2/3vrP+kP+8Z/8td78QX/Ur/j+bPEP/iZ/429afvq7/OK/9Z/6Nes/89f/A3/t3z77Ne7+uv/VL/2//qLfcf3on7v7P/81P7j4tf79v/p/+tN/6V/xZ/wT//lf+Gv8Bt/bLv/n/+RX/GO/719VjH+bvT/vz/jPftd/7I/6Lf7Unb/uv/q1fr0/5w/c+Qf+ol/0m89/kz/mx/+l3+/3/tb0nz75dX7j7Z/8G978ZtnzP/i3+e3O/5Df4qOn//A/82v9uv/H//zf/de/7ON/6S968kf+Fts//cv/q3/xz/5df78/4OV/VP6mv+Wv8fgf+Kv/l73Jr/Mb/jYX/9cvWv9t/9gf/Re+a37B73b4l/wlv9N3/4bv/nsP7+z+R79/+tvt/L7/3b/zK/7x08d/QPF/f/Xv/b2/7b//l15e/k7lb/Bb//S/8mv/Vsd/3P/91/3Y3/nr3fnP/qnP/vbi7V/8e/6pv/DP/9N+661v//Lf9df+069+2//j//q1f60/bP+/+df+mu/+rcv//n9f/7e/08P0n2r+gL/+H/61j363v+v0P/3rjr83+01/Qfvb/EH/9a/5a/5av1H2x/1d/83vevKb/nT9n3379/+7X/3l//Qf8RtX/8Hv/Wv8wZO/+jf/F/7k7c9/jb/9F/7Dv2aT/N2/9L9+82/+pv/H//a//Je/+ldN/u9/4P/8Pf+H8t3oN/+v/tnf6fP0D/mx3/bP+u2yX+c73/qb/7Y/5Tf7R37j/T/1i998/qf8qy/+lN/n3e/6R/z2/8If9o/+hr9W8T/9wXd/zf/pD/g1fsPf79f5X36vn/ze+j//DX7m9/+Zk3/jN3/8F/3pP/lb/O5/0b1f4zf6rf+sV3/Yr3n6h/0vf/yv+df/e/Xv9Vud/gPN7/annH30d//Tv/Dv/X2nf8LDP3c1+YMP/rT5P/zt3+nfmf9Jv+uf+Xv8xPlvf/7nFP/o//1nX/xFf/SzP6f4m/7qv/sX/rmLv+HOn/vZ3/73/8F/7vJffjr9s1/8Nn/HX/QH/3p/xB/3P/8jX/x2f9t/9Ad/cvJPrV60/+qv+urfX//bi3/z37+6+4f9lb/n7O84+Ef/2N/12e/2e/7DD36fP+u3+M6v+/LVy3/4q7/8z/nBf/PVb/1X/T3/zV/z6/xBf/DLrT/gd/pF/9hv+Gf9bv/Ir7v1C/6nf+S3vPgHip1/9bebvvuL/qM/+Df/p/6w47/p+9/6e/+6v+WTPz57+rt8kv1Jv+Fv+q2/6tf4Q3+X/yNf/7oP/5o6/2ce/MG/3T/063/2u/1ROz/+3Rd/U/pjv+Yf/Gf9WstP/9Jf+lt+57f6V/+9v+R3+we+s/df/25/2qs/5Nf4tX7sD/+tJr/B3V+w88/+53/mn5n/5D90/uf/kt/m35n/0r/8v/6F//hv/b3f6M8t/7aH/9Gv8ecfPf1Lfuzi+jt/x1/56/3mf9/OH/Gb/ea/wU//U7/+H/tP/Wb/9+lf8q/9Pn/kn3/5713/+n/Buz/pD/5bPt6atr/Gs9/mt/rj/pq/5uFf85f8oP2r/7q/5X//8V/z1/u7vpX+wrt/2h/8R/9mf9wv/81//b/x7/9ffuyv+5v+sd8hG/2bv/4f+9nf8ROf/M7zf+r33P6tkl/jd/s9/64/9J8Y/7uX3/s1v/tbzX78k8+O/rff89f9e/7vb/8h/8L+r/czf+gf+Tt9/r/9TX/Mgz/63/xX/+H/5Hc++L8O/rM/+ff6F7787C/43/6gP+oX/nH/3m/+6/9as+/9Was/6zf6E//rv+nP/s3/x/v/8z/+V/+1f8EP/on/9d/6l1/82o/+p//4b/6Fv8HW//SPTv+k//q3+vX+x9/gD/uD/tHf9Pf45/61f+TX/xd+1+/8Oe3eg5+695cdvE5+n9/ll/xBT/6jX/DRP/Uff/Hr35n/g5/9yn//F//fn/3Kf/tv/EN+g2/9Vf/YP/x7/a5/39/2m/2Rv9bf95/9cX/K6t7fv/pffrv/6+nqL/q17v2u3/u//8H/8v/8lf/hH/k3/9TqL/qz/6fJb01G+hf8Af/Rr/vbvPmLk3/9H/61f8Gnq1/jt/6D/rPf4PelBOp/9i89uPrz/ovf8vC3+CN/i63jP+R3/MPS3/Lf/beeHfxdf9E/8lv/LX/TH/77/l2//m/0d7/89cYvn1W/67/0j/zO/8M/9Mf+C7/qN73zF33v9/5H/5lfZ3f/zz9fP3v8n/y59X/0a/yb//D4we/2R/1jv/P/vvojf63/I937e//b7/8Gf8jHj49/6/8x3/3ev/bP/U753/rtL7619xf9T3/kr/93/U9/yG/2z6W/3uKP+4d/k0n6Tz78V/7mP+Hy7/tLf6fv/8f/xPPZr/VbfvfXTl/8e7/y6D9+93v+0l/+t/4u/9cv/zP/ul+w96f8Pr/Gb/VbTc//kj/4+dP81/21X/66v/bv/O7X/Q3OP/7d/qitf/Q33Dv+tX7jv+Av/tMu3v1jP/5//cl/wnf/q+y3+kt/jX/4N/1H/qDRj/9hv+v//Vv88X9f/vIn/5Jf8zf9nbZe/hn/8q/x2x6lH/0NO3/ZF1e/6PgX/2//yR/y8rf7g36PP+/f+icf/xf/8a/74M1f+jv88y9//cf/0R/89G94/Jf9wb/v7/rqt/q1sj/0wV/0a/7GlDnY++//0V/wx+78br/Zn5v+nr/5T/5Nv9Zv/ebHfutfsv+H/Pc/vfMLfqO/7I/78tf9l/6gv+nXefL3ne78wd9++u/8Xr/ln5P++X/4i//y13j9Z/0jl3/Dr/kn/g//3N9w+Xf8Q7/7s3t/zU/8vssf++N//9/yH/l1fq0/6Q/f+jX+00f/+x98fPRH/Mu/7v3f6df8rX/tn/iHfoeHL3+T13/B3p/+X/5Tf/DW7/tj/+yf/dtlv9Hf/u9tjdf/9O/14//e01/4L/w9x79emv22/8fO3/5Xv/g//5Hf49/5tf/1//XNP/Rr/FP/3j959Hs//Od/+nf6S3/7n/in/otP/+9/+Z//1up3T/7O3+AP+/v/LVq2+Jf+4N/kV/7fP3H+5vB3/Tf/7n/mV/wuf+Nf9Gv8dj/5e/66P/hL/qFf/5f8Vr/WrzXb+wt+m6e/52/wM//Jn7p6/K/t/cL/7h/563Z+r9/ryW//5zz+I/+bv/jHqj9p6/SzP+IP+mN/rb/9b/0L/s/R7NE/81s++UH6l/349l/9G5a/2Z/4W/xB2W/3O/2ev+ZHf1f2x/6x/8Tf9jv9Cb/GP7L4bevfcP33/Vq/6aNf8mvWf8jFH/Ub/EH/xh/4rTv/0Muq/vX/jJ2Pf+2ffvkLD//ST77/2/5mze/6+2Z/8I/9d7/GbzL9mSe/6b//V/0jv/1vsvqDfuGbX/O3+dd/g//2q9/sqz/8d5v95b/Vzm/3D/2an/4av+Zq/cf8Wr/P3/U3/pL/8a/9/f/PZ7/mr/df/N7/8G/5x/xmv9Ev+qP+sp/8v/6o3+bX++gv/S3+4//tW3/zL/6p8tf+Hee/w7/69B/7zX+byz/st/37/qHf7Tf8E3/tX+vP/uP/sF/r1/i9/73f/E/9u/6u3/l3/+v/7+Lsp/7wv+s3+od+vV/1G/wTv/lv9fqP/bef/Rq//u/6J91Z/qJf/c9v/XnTX/A3vPm1Vru/xuOT3+6v+8cmP/771L/s3/xrd3/mr/gNf68//795/Zf+zJ85++iXjf+U/+nX+m3+u1/jD07+q+Pf9Df+re5e/7V/9Z+w+Ct+5e/y3/7zye6LP/jX+x3LX+M3+iu2/tFf8L/+SX/Xb/LPPfxFl3/HvV/7t/ibDn6Hf+4/+vX+qt/zH3v1+/1m/9Cvc3L+5W/y6teYfPYX/d5/yN/w4//Ib/nrPfnD7/55//FvfPiX/KN/9r/+h/zC75z/Z180f88f+Zec/vjv+vrf+4d+w79q+jv8q3/Rr5O8/Jf+xN/s9zxJ7/7dv+jh7/2nv1x/+z/9Lf+n/+0X/Qb/x1/8B/9Hv/Uf9Hf9+T/5Z/wef+rv+2v/eX/bX/Rr/C5bv95v/d+82v1v/pf//Hf5e/+uf/z0N/gDftNffPBr/Mb/8x/1+W/5N2TJb/DH/Ue/zr/+G33ypz37v1/+Ob/F9fFv/af8Qf/wr/f8N//j/se/a/df+B9+6YO/77f/h/6gz36nj/6Fw5f/6W+495//ib/fnXd/5i/4A/7oX+s3+cP+yn/8b/lvfsu/8A/4rf+032L5mzz4u37X3/qv/qf+ph//nf6AP/g3+99/z9/wL0r/l7/x3t/wi/6AP/HTf+2jP/7Jb/0n/cm/8/f3/+B/6HdL/+Hf8C/6i//gP/ZP+F3/0L/59/vXn8z//j969Mf9J7/md36DP+RvuP7+f/bH//5b/9Y//uf8S7/z+ds/am//D/m1v/irlrv/+n/2a/3hv/fVb/uv/nZ/0OV/nv3h7/6xj/7dX/b3/57f+mt+n3/sx/+IX/zv/fZ/wR/+W/4mf8BvtPMXPfoNfpf/7Q/65F/4H/6Yv+0v/Pv/+8U/+et9+lf9zX/ob/qH/aW/0e/yH/0hv80f9Tv8mr/0j/w3/sNf47f9u36txy8f/8Lf6v/4j/7aVwd/2m/3S/+IP/IX/8O/+W/2H/2a//j28o+697/8ff/Ln/G7/DN/5U/8H//z//0nVb/Gr/fX/3a/52+w+0/9N//2T/9Dv8Hf9C+s/oj//g/4I3/DP+vHf8PJX/XwN/iZ/+kP/bX+un/4N/sN/q5/9D+/u//mx/+7P/ff+s3/qJPf6X/d+UNPfrN/8H/7J36Po//lT/39f+aX0iLL6W/wh/3Yv/c//QaPfqN/4nf69//1f/Tgn/jNf3Lnkzc/8a/+Tf/Ev//kyZO/4Olf9Pgv2vo9/vd/9ff/8+7/dX/xr/EX/Qa//qejv/i//lN+1b/zx/xT/+ev/M7+n/xHPf23/sV/a/yLv/2Tv85f9Gv8Kd/7I/7mf+i3Lv+Rw29//ls+/v1+g1/3D/7Nft/f6T//z/+CX+e/+A/+6Ot/79t/+L9397f7g/Z/5g89+NP+2Ve/wT/8e/4af9o/+xf/Bb/tm3/kv/klf8h/+w//Bf/dv/z7/ZrpP/nr/Hr/5B/8P/2Ci9/gze+y+oN/99Xx7/Lb/Vq/6i/+/We/0b/5B/+fv+Duf/dr/G6/zj/04O/7g7/1z/0jv8W/9A//Fv/6T/2Zi//7n/xf//jv/spf9I+Pf7s/9Nf8nX7NX5g++c3+ol/r//ztn/wu/9Ov82v85b/L/37/n/gd3v2ev8vf9Lvc/Zd+l9/hO3/Ei4N/6jvpP/R//cZ/5n/02yd/2W/8H/0af8pf9Gv+A//oL9xKf+1Xf8iv/eQ/+g3/r7/4n8j/gn/yl/yj23/Ynzd+82v8VX/Qr/G7/Fv/6m/4u/1aL+b/0O/wD/3UH/bn/8G/9m/wD/1as1/zd2x/zd/nD/o9f4N/7x/97eZ/0K/1P/0m6S/4w1f/3R/wN778zq/zp03+zKd/0G/y7/ymW7/81/z0l/8av2V6vPWP/SM/9qf9QU+Pf8/f5vG/9mv9dr/Gr/P433n01/3av9lf9I/+pZ/91Pp3+vG9Xzhd/07Zj/1F/zCZ1jt/3T/0O/1Bf/Bv8Rv9U7/xX/LP/yGzv/TT3+JP+Rt+1R86/n3+iV/2e/8Gv+i3+leez5/8+P/6B/9af92v+elv98/8Bn/VP3r3//hDHv1Vf+jxZ//G7/eHPfltfs//+F/6h3/Jr/Xr/Eu/5V//N/2mj/6Ej37P+qd+3eSP/Ku+Ov6tfrvf99f9r/6gj/6iJ3/9H/b5bzg/+TV/nT/4+a/5a5/+Wn/o7m/wD33c/qO/1W/0j/za/9SLX/gfvfjb/qjJ7/mb/OHf+jP+wzv/zp+4+tsmf8Tf9Jf8n//Wn/i7/mOTX+OfOn7w7X/od/81TtLZv/rgr/uHfq2/6Q+++5v8+O6f82znt/lP/7A7P/4Tv+Av/d3+qj/kx/+tP2j35e+58xv83t/+A36tX/j4j/3N5z/+1d/y6zz4Q/6Tv+Cv+8f+gew3+A3/lB//9eZPtn+D41/+9B96dP4H/ZrPf+3f6Df7h36DP+vfufsbnX3/7/vPx//a7/Dr/MQftP/mH3rwe/5av/sf9Y/9DX/ff/Lt//U/v/ixj45/i+x3/R3+s49/qz/+v9v5y/7g/+rVr/l3/b6/56/xaxz+P1/w1MD8OAAA" />
        <Entry handle="12" bytes="H4sIAAAAAAAEAO29B2AcSZYlJi9tynt/SvVK1+B0oQiAYBMk2JBAEOzBiM3mkuwdaUcjKasqgcplVmVdZhZAzO2dvPfee++999577733ujudTif33/8/XGZkAWz2zkrayZ4hgKrIHz9+fB8/Ij4/e3bwMPs1f52rX+NX/hq/xn99b/e3zP+2/+v//r9/g+/8MZ9e/V1/2N/5v//pf/u/c/ET3/tvLy5/p18/OW3/ht/q7Or3+nP+239z3vyRf/1/vXX5T/256Y//9999+1u+/jN/4U/+ce/++v/2e3/03/5v/pF/+m/x3b/6v/vD//T/4sHpv7H+I/7D4/2//V/55X/MX//P/+l/+3/9b323+Bf/jV/2W736Yx78cf/W3/Kdn7j+6//dv/ryj/3NvvNn/Ol//b/9txb1v/F3/evj2Z/5367/iD/xn/mVf93f+q9Ud3b/mL/9X/hjPv/ywZ/+7xZ/+//5g7/93/vvfvCn/y4//fd955Pdkz/9P/j81/71/+U/7S/7tPlrf41Xf/uf8df9c3/Ag9Orv/5X/Unz1X/79LT8M//ZP+ve8d/+p/01/86zZ79b/lf9rX/kn/5r/virp3/sv/tf//Qf8bd8Nft33vzk//TH/aX/7re/+m8+/+6z5Z/7X7/57p/8k7P7xV+5/4f98+2v8xv86X/7P//7/Ln//u/a/n3/1b/y35/+4f/o//BP/Nv/+/qP/Jf+2f/g7h/xt/56r/7oX/Uzf/of/0f+qX/Cn/G3/G6/z1/6v8//oFd/1X/9Tx0/+Sd/8vf+F/+H/+Nv+D0e/ua/z9/+e/1Wv+vf+E/8h+/+iV/5W3znr/gX/5q/56f/2v/uN8v/wl/12fH1X/PPPfhT/8s/4q//VR//4f/cn/7X/1e/6ttvfvpv/+/+tL/qHyj++v+9/K0++tv+h//7X5j+fn/r3/tf/jOnP/lPvvn23/FX/32v/vJ/ff/t3/lrfOfvaJa/5H++/iu/+jP++Yu/6t/5t159+4/4c/7xf/hn/uD/9ff5A//b19/+PX/xP/zqj/3nPv8z/6nZ9d9Q/h6f/eQf++/+6f/kf7z/Z/3zW3/6v/VrHfxhf/rf9z//9X/BP/7X/P4/df23/3O/+tXv99v9Sf/I+A//N/+3v/Gf/n3/vP/ix9u/+nf7s//ZJ+nv/G/+4r+s+Dv/vfFf/u/+mX/AT/4Xs8mvevPt6V/5z81/99/mf5//af/a7/sH/ml//f/+e3z3T/o1vvOXJ3/xv/VrfOfP+zVe/eW/7fO/9dd49ef9Gt/563/x3/4rf41Xf/1v8Oov/zW+86f+Bt/58/64v/0/+A2+86f9YX/7f/mL//b/8Q/72/+D3+w7f9xv8OrP+8P+9v/xj/vb/8s/7m//N36D7/zlzd/+K3+z7/xhf9xf/x/82Ct69//+4/76f+MP++v/g1/j1Z/2i//2/7L52//vX+PJn/KH/e30yb/xG3zvb/gNfuov/zWe/Hm/+O//v3+DV39a87f/j7/47/+Vf9zf/j/99t/5E37H7/whf8Lf/1/+YX//L6v//v/71/ipv/wP+/v/y9/gO3/Dn/j3/we/0ZM/6Bf//f/jb/bkT/gNnvyJv8aTv/yP+/v/l1/je39j87f/l7/hkz+v+ft/5R/29/8Hv8b3CNp/9hv91J9T//3/42//5A/6E//+f/0P+cv/teTJX/GH/f3/6i/6+/+LX+PJ3/AH/eX/0R/3l//Lf8Jf/h/9mr/vn/xrfvmXjH4NeiALv8Zv8H//Gr/u7/T7/J7pb/hr/lp/wm/w/Oy/+qf+5Sd/2G/849/58779N/8l//gf+9v9rq/+sPlv9hcf/9G/wf1P/7m9f3n69E/53X/8j/jH/qm/5S//Z//M3+j0H/nzzv7Wv+Kf/+N38v/g3/unf9nkn/rTP/nF/8C/dudv2/pnR69/wVb75k/4Hf+eT//v/+s//nPuj/+af/2v/b3/1p/+9/+Zv/2v/Tf/xj/gH/1j/v1Hv9fv89s+/cmXv+BP+7P+89/4D/07V//pP/Pn/15/5/jXfnn18e/897T/9B/2R/++f8vqj//nH/23v/9//I/8oX/jv/Gn/Na/9Z/5n/6Bf+/l7vj3+jX+tD/989/it/6ryt/ut/rPfu0f+yXrf/7Jn/d3/W3/9b/6V73+a3+/X/K/r/6NX/IP/HX/3J/f/mff/nv/QCJ78ut95w/6g36d37D9r9KdP+oPevVrPfobfrOXR9/+u1b/2T/15/8ev8sv/ZMe/Yo/9N/6i7/8Xf6BX/L3/K//47/3d/+2//fvMv7Lf/C//ff/9h/93/52v/+/9y//4H/4p/7yf+h3+cv+gL//D/kv/qVf9vv/i+O//x/8A//L//rX3foD/qBf/R//mf/hH/Tv/J9/5V+0/tezfzL9Q37TP+fj77f/0Ve/3S/4w//L7YPf9Q/5r//h//Iv/sP/5V/z3/pd/ojf+Bf8U7//H/U7/BV/1X/yh/0uf8cf9Z80/9tnf9df+Iemf8f/9rv8Ub/Tr3fwR9Xff/w//RoP/su/7V/+I0Z/yx/3v345/ut+97/6P/tT/tD//Nf6J3/8d/vt/8g//8f/+z94+m/+6b/3v3D/89/vL/qdftEf/ev8/d8+/7P+gL/3P/r1/uw/O9/7yV/4k3/Dn3z5U9t//Be/7r89/va/8If8Xr/5nzD7i/+hvyD5zf7N//Iv/HX+j+s/7xf9CY93/qjf7hf+8o9+Kvs7dv7r/+ov/ZOeJX/125/4y//oP+rXXv/rv/DX/AP+kf/jX51v/8Lf+z/+c/+KxbdX//Cv+69t/fi/+Ov+3b/vv/Tr/bV/95v/+y99Pv7b/o4/54/d+1v+lZ/64q//W/+N/+aTv/Gv/x9+h7/ur/+b/43kv/0bf9s3zX/3N/0jv86f9Mc+/mf+i4+e/01/70/++B/3t/zfb/7Sv/5P/Yd/v7928bd8+6/4j/+7v/k/+gu+8/Zv/K/+leSTv/Zv/St+8X/7d/9P3/pX/9u/8R/7G36vu3/TP/D3/OLq7/s7/47/tvoHf41/9Fcv/9r/evzn3v37/tf/5N/5a//hX/2/J3/D3/x//zOHO3/P3/rv/F7/3d/4yz797/7av+nv/nf+nd2/65/5m/7aX/T3/nd/xu9U/WP/1x8z+pv/vt/pX/zOH/9P/Mpv/XP/zd/w0Ze/071/7pf/A3/dzr/w+K/95F/82/7K/2HvXzj42/+1/+Tf+nP+lF/41/9tv/cf9Z//Jb/Xr/Fr/mU/8Y/9a6f/2u/5K9J/85/6w7/7Z/y+/+Qf/tv+Fj/5+/4WX/yOf/+ftfP7/KW/1x/5n//e2d/f/vTH49/2j/rNf8/f/OWv/wesf+Pm5Iur/+AH/+P//Tv/Qb/d4k/7ff6sveK3Xf5v//Gf+OoHv3X5p/5zP/nvLv6I0/v/7PLv/z8vf50Hv8Xf9gf/Cbv/9x/3W/7bv8c/8d9Nnv+Vf8tv8PqP/a//79/qN/63/+vVn3D69/zXq7/kP/iv/+u/+s9dHv63f/m/+dF//3v8I//Uf/L8N/5Nf7e//ff6Nc7+6V/7//it/p4/7X/440Z/5W/4t/7M3/Ivv/kt/4/f6u99/pv/Q7/2P/L0H73zB/ztT/+NO//KH/Cf/xF/187yo6M/67/72//Nf+F//+//u7/xdzn87/+W9J+e/epf/jf+i7/4f1/9D//Io//xz/8rfr0/9qf/xl/8+/+f/80/+ff+H//yePRrt//hf//uz/x7f50/4XTvX/iD/tQ/55/I/ri/5N+e/Db/yb2/8Nf7s9/8A//aP/yP/nZ/8H/7j/8af95f/Ff9LWf/0W+3+pv/kd/4P/joz/0n/un/4g//jf6kL/7N/+y3+PQfePrjzd/7d/0ao1/n9Z39X/Xyiz/lW//Kv/N//1+/+V/xV/1bv9Zvm/07//jf9tGP//bf//az3+7LP+2f+6+P/s7fsDz48d/h752f/Mv/zJ/yD//GP/if/9jf/83v++f8d//zb/Tb/zN/+ad/4Nmf/1f+wos/5J/5189/jV/4R/2W47/jt/utf++tF/UfUfypP3n+B3969Lf813/iH/Uv/6W/4Me++9v9Pi9/7d/21/y7/pHfapL+IauXJ7/OX/AbfP4bP/5d/5B/+o//K36b3+43+j0PfuHnf/yvP7r7a/wFf9Wvff+/2fn1f+L/mv7Ol7/jF7/+7/6ff/43/W17u3/jn/fmd/mXn/0Z/9R//BN/0p/8j/7uf/lPFn/Od/+bvT/zH/qNZjt/8D/9p//ef8tv8Sf9o//Hf/47/9v7/+z3fuGf+mf9HX/bH5N+7+yfP//BT/9Op4/+lf/sL/lLHv2+v90f2vwBf9y/tvdbXvzpv++/9Wv9NvP/9s/fG//ev2H59/2uv8Ef+Q/9hlu/wx/5237yH/3jf/joj/uLf+v/9Z/+v//FX/o/vP4LH/xN/+Xv/oO/+O//DX+zO7/t3/R7/il7b/7pf+mP2PvT/ozf6U/7Y6Yv/s1P/8n/7tc4+/7T5//tpz/92/1xv81f/9sUf9Lz8bNf9g+u/pxf/pf94b/jf/mX/1f1H/XvrP6Ev+yf+LN+pwdP84c7f/p//Uc1b/7y/T/0r/5X/9Hf7r/+Q579H3/1y3Xxu/2F/8n/8rv8a3/Wb3T/8S/6Q3/9/+PX/umj3/iPHP1uv/0f9Ff/cx/9Gn/7b/D59jL9Qx79a3/In/zgn/pvfu2/6X//E/f/uew3+df+pD/mz/9tfuroL/obfvPd3/bX+Wu+9w//Ft/9N/+uX/E3/Mw/98lf+h/9Od/9q/+39R//B/37byf/0+/wr/21v+/qb/xDfsl/m/2xf87n+f/yt/2V0//4bfYH/zH/1sWLv/WLPy7/r36H//kHv/c/9G/8KX/m3/C3/XXzP/C//n3+vv/1X/+b/6rfenHx3V/9r/7Fv+7f/u3f4K//w+/9CX/Wb/g//d9/8f7ZL/nn/5nf97u/5bebf+cP+fP/oH/4D/+d3/7Hf+KDv6/5Xb9z9jf8acnv/pf/Z//7f/V3/0u/4k/+0/6ok5ejX/ov/HZJ/sf9zj/+8Z/1j7T/5t/4p/ySf+3f+el/+Y/9/X67xa//h/zR/+GL7T/2n/4D/6H/5C/9u/7h8S9Lfvwf/Hf/nV/5D/x1v/mPL3+7z//MH/+3/qM/8C/9h5f/zb9z8Nf8+J/1H/2Bq5/+H7/6Pf/Z7/1G/8K3Hvx2X/16v+zR7/Bb/0NPf/e/+vM/5F/9z/6Mrd/t4rf563+Hv+KPOv6N/qT0jxulv+tf93/9V//Yj/8xO3/snT/q1/ixyX91+tv8DS/3f8u/7T+9ev1nnf42l7/mn7j9j5z9I8/+8H/1QbP7J/zjR7/VJ3/9P/o3/il/5j/3n/3Cw1/1T3/xP/xHk7/mJ/7QO+lf/PJf+efr9o//S/+98YMHf8+v+e1P/rR/8vl/sfdX/vc7//vbv3L8H/xDv9Ynv9N/8n//hdf/858y+8f+zb//93sz/jU//4eenf2X/+1f/eNn3/lH/rA/9t/76/+TP/J3+zuz3+xP/F/+3NNXHz/4w3/Hl3/jb/zfz//QveXq1/69f52/6Hd4/Qd9/088+6N+4+s/6u/6Lf6vg3/sx/+L3+wP+h1/z49+w9M/6Z/8rf+jP+mPPXv57/xJf/v8H03/gT/m7OT/mv7F/+Pf/p8/+OOz2T//v/7b/9w/9Jv8HX/TH/nFf/cL/8e/4x/5Y+98f9w++PgXfvrv/ttvZn/J3/ZX/vF/27/3z/0l/8A//i/8HX/HH/rX/8T/kpz8tr/Pv/SP/q6P/pY/6Xf4o37X3+E//+e/c/dv+pf/3Hv/0a/6h376H5tl/9A//Qf86//Uk3/kT/lnz//l2V/8x/70f/Uv/El/3J/8F/6rv9Hv80d+Ml//Nf/Tb/bsN67/4z/6zr/2H/1av+nv+Wu9+TX+1NPf8tv/0K/zR/6e/8jv+h/9RX9o+if9rr/VH/l7/rO/65vf9Tc4/sP+kt/gL/q/f88/7PEf9/GvufsH/No/tvq7/qD/6j/5+I/9Dee/7r/7Z/y++d//d/7zv+wv+NX/x3/5b5+v/pY8+94//u/9i+vDf//hv/Rn/gu//C8//te+9Y+8/N9+q7/il/5mf/nv+x//Wn/Af3P6S3a3fqPD3/b3/hd/4j9uHv6uv+6f9Sf/J7/e2Y//9af3f8H1H/7rv/lVv94/9vce/w6/36evfrc/6tf4H37TrXf/8h/y+R//a/xTf8i/8vv8bb/4n//Tf9c/4h/5Y3/NL7//m734dX+7P/vX/favc/xb/z7/0Mmd/2n12+z9Zn/Rb7j7W/3av9Py1/ifz/6nb/2hyz/l9/9DfuW/9cv/lT/3//rlf9U/uD35sz7/B/6v3/y/fn5690/97/7Ad7/wf/7j7/2Kv+tf/Oynf/Kv/mN/3z/rO7/RX/lr/V9/9R/zL326+1+f/7a/39/5O/19v+U/9/nv9vf/8p/4sc/+3r32u3/bq3/yP/o1P/pt/uDf4Besrv7bX7S+/tv/quP/+/5v9/DHPv/P/pDf4W//t/6+P+rtL/rDf8ff6A/5Nf+Ef+jvefyb/N+/zq/77d/1t/iT/6pf47f7qZe/6Xf+s9/1N/3q5a97/Zv9er/zv/Rr/TH/0K+9/Qf9gX/yb/br/G5/0a/1F+/8mn/o6jc4/Yt+w3/n3i/O/5Of+Yv+0d/zr/5XT6//sl/8C/63Pzj97f6Qv3i9yB789n/N7PLP+s9ffuuf+r3/so//kPHWH/KL/vDf+r/53X+Pv/Xe6jt/2y/8HX733+jX+cnXv/gXVr/9b/fF8/oP/oP+5Om//lf+hru/2W+y+s1+7X/9N/s1/uL/6Df6u/7j6vf919989Jv92v/Cy9/4d/4nHp/+p7/Rd1/+2L/+6yfFH/Tr/D5/0q/7u/7K3+h//YN+7Hda/RHpy1/3t/49fyz7n/7A3/k3+/W2/6I/8Hf6NX6t9r/69X+nf+jX+t3+oN/gr/mffoM/6j/6DX7y3q97/Gv/4r/7D/iN/u+/9Rf+Fu3v+b/8+Md3/64/6o/7t/6o5//3X3n4b/4Ri+/svfrxv7z9E9790f/uP/F7/fq/+2//9skni3/1N/yV57/bn/6n/Mz8D/sD/up/df/dL986/y9/o9/05W/4m/y2v/Z3f7Nf+9f8k37JevVr/+urX3v35a/9H/+Tj/+Fv+iXPHiZf/sf+lb76jf879Nf839Jf80/Kf0Nvv9r/Nhv/fLXfPsP/Zrb/9Gv//v+Gr/W8uWv9RMvf63f4zf7dX/9f+nX/m3+gF/z4C/69fb/oV/nJ/6iX+8n/oBf53f/g36tZ3/Ar7P9D/26v9Pf9Ot99Qf8Gr/i9/xNvv8X/Vqr3yz55Ff+xGdf/XbJ+W/9h/z4H/Nn/W9/4q/x2/9Jv9f5L/7Xf7eH/8abP+mPyL44n/xef8bWn/Sb/KrZ3/yXnfzLV7/1b/lvHP42l7/dX/63/qHvfr3Lv+tf/v3++P/lZ/6EJ7//l7/iqz/21/lNd3d+3d/o5Y+t/qev/uL/6I/9Ny4e/c3/yW/07N2v/e0/6Nf5237PT/6F//sP+EXbf+Yf9yf9S7/uf/AH/djbX+PX+p1+s18v+zV+vd9959c5+Zt+g4e/xq/92Z/0a/z77/6E3+H3THb+oF9750/6tf+yP+nXPvk1fr0/4OVvkP1Pf9zFb/Ab3fuTft3v/2bJ6tf49f+vf+PlH7/+rb9979XjX/4nLX/Vn7G68+Kf/de2fmb9U3/a+s/8I//gP/Ov/g3+sF/0b/+ZL/6LX/h/nxz8lmfZq3/tt/v3/rCf+e//1+Vf8ldm3/s7f4cf/9O/+HfaX/df+wPOvvsnffs3/Zuu/7r/7bf57stf/9f8zY7/l9/z97v6+Ne6v5r8C8QF6W/4B7/eP01/vW+9/DWP/6Ff+6tf49f6qf/px77zF/2a+3/Tr/U7/EW/5tk/lJz9Qb/G7/A3JT+9k/zd//Yf/3c+/BM+/ZN+7d/m9/y1/5m/+s/77X5P+iXZ2vl1fu9/6Nf9pf/Rr/9b/00fv/oDvvUbFR//8a/mf+F/+mf+R7/9X/Cf/N8P/4L/7Pf5C777u/52Z7/w4b//r69/h+tf53/5zX7J//6H/nZ/3o//0X/9X/z7/Sv7D9d/0S/57m/25/y+v/uv9Sft/Lpn737t/+Uf+uqfan7df+F/Wvxp/8Sv8W/t/Lp/+p99+q//Gr/+/fSP+Od/jT/+d/oD/rS/7G/6Df7uP/svPvub/uJP/qBfY+d/+rU/+4t+zU/+o19r5y/683b+puSf/LP/vH/2r/7z/oj/6M/7bXZ+nd/9X/q13q5+vV/wB/ymxzu/wR+6+jXv/0m/15+w+1v/wX/Ho//it//Lnjz6y57+1F/2/PM/83eeffWX/lfPfr1f78X3/rBP07/6d/iD/4qXf8HOb/irfvvH/9Z3f51/99/8Dc/+4cOPfo1f/+q3/bV/29/zT/32X/Qb7v36v/5v8Zv94X/6y3ff+ot+7f/tr/wNft8/6df6Pf6iX/f3+AN+zd/x0a/37o/5NX6Dv+nPnf5Dv8FZ+uv8+n/Rr/fb/Z7JL/6bfv1Pfs9fe+c3+/P+qb/7L/ln/+9f9ev+Dn/Ar/nwX/q1f/3Vr/EH/J5//i/6q36N33rn1/xf/qVP/+5/eet3X7fPfoe/5i959Nf8ZT/11/zJez/4/f7n7/+G519951/7C36L/+jifz77/X/i3/kdrt/8boe/w2/y/fu/4U999Yf/+v/Nb/T3/kdPX/5lv+Fnf8Vv+N9dTf7+l3/qgz/g1/pt09/oT3z5Y99Nf93FH/Mb/K//0q/1O/1Jv9Yf/hf9ep/+Gr/27/A3/ZW/wR/0V37vX/rr3z369X7j/+jX+uwv+vX+xO/8eb9d+mPjP+kv+Wd+1a/7+/+ev/b/+Pf8Wr/dv/TH/9i/9Gt/uvp1/tt/6te8/It+g5/5vX+dv+7Zx7/FP37yW57/Nb/O9/6mX+8X/02/3h/71/x+//Gf+Peufrs/5o/6s36t/2j56/0ZL/+53/a3/uX/xZ/1x/3Fv9HhT1/+67/Z7/G3rIt//7fc/ok/+I/90579qX/QH/Uze7/+L/xn/ps/6Lf+i36Dj/+gX/cv/M1+3V/8N/0GZ7/nr/3T//ef9Gv82M6v89Hf8xf/A3/3X/w7/j2/7s5v9ut+9i/9Gr/Dr/Fr/zvf+bV/4j/6tf6Uv+mv+iP+pl/3nyl+zV/27/zxOzvJT/9Pv/bDP+nX/k//q1/vX/3t/sh/87f/tX6L9NGz72a/weHfMfve+W/8+/wd87/3+H//p37hH/kP/wVX/8Vf8B/9Yxfzk7/wL/9F1Y//il/jD/7Djv+4Z8W/9Y9W9/6pv+h7X/2pv+bqD538Q3/Bb/vy1/mLf40f+/t2/siT3zP53f+jX+sv+z3/tj/nD/q1/9L0zzv6e3+tT/6hv/gXf+vX+Sz9837bP+bX2v+Dfs3xH/Rr/16/V/I//eDv+Rce/o1/zl/06/30H/RrP/wDfp2/8tf4tZ/t/Dp/dvrH/3r/0K/1q/+mP+ev+1/a0//lry5+9d/7D/2Oz/7hw7/v43/8b/pN/tjf7jf75Df79f6K3/GP+7P/4Iu/97f+g45/4++u3n73+JO/5eWf+tH/tPjbXmW/7Hf/DS9PftHf8H//Lb/hn/2v1n/ob/Zj2a/xa/2+L3+D3/1P+nWe/r2/wb//03/rp3/Sr7H/7/65f9af+3dP/6Bf45Nf49cc/0W/3q/4e3+t7/1Pv+7//jv+uv/Y9d/zyb/0x3/37/71/9I/9td6+df+mm92fq1//92v8V/+vb/e3/c//TrfSn+93+LXePHf/or2H/t7/+Hf6e/73f7qX/EP/6P/2j/8D/61//A//ltVB//UyV/5n/41f9Nf8wf8tn/t7/CX/sW/3xf/6G/3+/9vv8b/8i/9yfvf/VP/zL/tk7/1D3j5J/+uv+Z/v3r3h+782B/zH/2azbtf4/f4i37Np3/sr/2bp3/D+OXf/Zf9Af/gJ//Sr/Fn/bt//W/wa/yan/1Bv/b/+ff+ut/b+bXG6T/0rX/nb/j357/md/6jX+tX/7F/3j//8K/6bdIf+1//mz/9+A/4A4udT/6eX/H3ffT4n2z/vj/gL13/k3/ZV//kD0Z/zP/+4w//hp/4/f7oh3/zb93+Mf9+8U/+nX/n7/fot/6tf83/+zf7rX+LX+83/MPu/ZLX//nj//tP+kv/9t/6t17+m7/eP/E3/Sanf+pv+ORf+fWK9NdcvfwD/+n0j//d/6bf4Cf+pF9jJ/2x3+6P+XPP/qQ/98d2koPfM/l3f/AP/n1/9q/zd935dX71J3/Jb/AH/Hr/y7d+7Bevkof/0p/3P/4Of89//Ef9Q3/+4d/4fOfX+o3/oF/z9/+bfv0f+4P++n//j/q1ft8/4Nf4BS9/zd/6j/uNv/2v/KV/8q/32/zXf/fxX/Onfv5n/W2/4S98+QuT/2L61/yr//zf8x+//Fd+t+on//Y/5JOt6mf+sN/wH/zd/8X//v/4+778K/+mP/4XPf38t/rib/iDf7f/6jf64h//I/7FP6L5p/62b/2T/9T+0e/0G/xLv+vv0/7tv9Xv80ed/Et/xH/3D//Mn/1b/9j9P+s3PPyX/6o/+GX7i//l5+f/0nf+lT/pt/vTZn98/S/+dr/xT/zv/9s//8f8rn/M337/13j+z/zJv+x3/2vf/WXZb/jfvv5T/u//9Mf+lj/oiz9hlP17f+ivs/sX/Ya/+R/56/zLf9Nf1/4jv92v/I8m/92DX/dv2/lNfuW/9Ov9L79Zkvxmv84v+DV+rf/i7/oN/th/6df+4u/+DZ5+8uv8Zn/Sn/vffOdP2P89//HpP/S3fvIH/bP/xX/zD37vb/q1nv+e/8RP/Gb/3H//nV/7d/iHfp2/5JMf+z3+gF/7N/znfp2/44/+Nd/8QX/9nT/n1/7v5r/Gcfrrnv5Bv/Gf/7ec/F3/Uvb7/c//4n/xlz76n//os//0d/rt//PHD/+nP/zf+jN+nX8x+ztP53/0T/0Z//2dX/7vvf13f6vf5u/93f+lX/bv/aV/4J/+W//av+O//I/8ej/xF/2S85/+5f/yb/fZb/eb/c53fu//7fM/6u//3b7zy3/rxW//2/yC3/noT1n8Xn/5F7/dX//f/9Z//+Lf+f3+59/jH/jkD/3rf9m/85cf/3u/yeLod/v3/qXp7h/1+/2i8nd//Nts/Z/f+/b/+u/+g5f/yl9/7195+G9e/NP/969e/hX/1D9yOfpX/9Xf+QeTX/zyu3/5L/n+P/7V7/ZXfPbbH/6G/9PLP/Z7W7/W91/+2J/0F737Y/6kH/upX+PXPvuHfoP/67Nf6+D3/Lv/nrNf9w/8l36Nv3706/zDv+rXfvYX/bnZ9//W3+Ev+gf/2n/oz/vkf/p1p//9r/UP/UZ/+1/8G/7tv81f9Gt++jf9g3/RH/trpr/gT/htdpI/5Tu/9l+281f9sf/Rr/dTf9Kv9Sf/Rb/Gn3P1a/7mf9q/9P3df7f48X/x6d/xb//pf97n/+cv+96P//m/9a/11/8ZF3/I7D97/J/91Sf/2Xd/zdO/75f9+X/d08Vv9N//if/CH/bv/W9/e/N3//f/zu/6z33v3/rsD/nu/7D1e/wm//lfvfuff/8f/s//2f/z9/nub/Jf/Le/+3/xB/zN//Lv+e3/4s3f0P70//CP/PP//O/w2/13/96f+KfM/ubf7V/9r/69zw//8uxvfPr5H/5P/Cv/wB988Vv8S3/oH/fR3/H27b/0K/+Liz/y/x7/hs3q196//HXv/xq//m9TND/95sd2/4A/Zfc/+nVnv8+f+Pv8Tb/x7/QX/QO/w7+U/HG/2a/5x/1LyV/9f/zaB3/Qr/G9nV/vd/mT/uJP/4B/Pfnr/sq/o6QE44/9pas/98d3fq3fcvzr/OKXf+Xv//hv/B1+z7/k9/oN/83f+G/613+7X+M/+lN+6tf67f6hX+cvW/3pJ//Tr/2H/0e//r+7+g1+nb/pr/tzf/lf+vsf/6dF8/Q//QNefPa///l/1r92ePpPfD6/992/Kjn608s/+A//wx79zYvf8y/9M3/hn/6/fPbX/6P/0nf2Ft//N3+Py9/pX178B3/U29/rP/jJ/+E//8EfdvAP//1/x/mf8T/+vX/mf5789//Ir1f91v/4Fz/4/f6v//zX+/J/+s4f8fJf/uzO3/OPf/Hr/4t/5q9e/t5/1n/2J/9Jx3/Mb/nP/p7/5+P/IPuT/6UX9179+X/Kb/ib/pV///m3/oW/9w/6TX7b3+zR//0H/Trr//vlb3zn9/n1//T0N3iU/vp/39/06/2+/9Gv9Rv/S8lv8Gv88v/u8L/9Nf+GX/P3+uN+7f/uj/01/pQ/4Nf+d7/9t07/pl/36I/99b7zvb81/R/+ht/gr/uxf+r6P/kX/uxf+7/5d37tr67/3Of/0l/y/F/6b36PP+Bv/6t+xz9h62/69e/8R7/+8Z/06+b/9vQP+NWzv+WrP+fP+uW/3Z86/Q0P/6Df76/9jf/Fn/m/f+KX/oP/zt/wN1ftf/aH/u9/1u/zt/8B//6/91v92z/2X/87/8sv/bf++n//n//81/0L/uC/8H/6vf+Hf7f8/f7z3+uX/Y+/7f/4B//J1a/6c//B/+Iv/BP/3er/+vw/+8t+8Bf/hb/qP/nb/rc/87eqfr0/+n/8qV/z47/tH/sv/6R/ePkH/gUXf8hRdf1Lf4d7v91v/ff/l79R8Xv+df/6H/TrfDf9jSar33bvr/zsb548+uf+0980/32Se//Qr3XxF/0Dv+ef+Gv8Ln/Rf/PX/0W/zp//x/7aW3/TX/n3/993/vGdf+iX//p/03/8K3/H//bJ35T8H7/z3/Nn/b2/7pP01/nJP/bX/CP/mz/v7/r3/vF/6p/+df6H/+Zv2PqPfq0f+wP+9t/mf/p1//kf+83+iJ3f+2/6k378t/wNfpv/7jf4h/7gX/9f/L3/hj/wN//dX/xlv/e//J+c/nG//e6/8df85//c7/PX/z5/1+pf/9+/+8/+G7/J7/t3bP0L//s/Wf82n/9ZO/kvGv0+/+ov/Pz3+Vt/37/jP/u7/9W//K//fX7Pt3/K73bnX/4zXv7xv8XZ//C/f/zXfvT69/lHPvpr/rXf+81f8uVfcPa3L//zf+df/2+/+zeMzv6HX+ftn/zf/TN/3e/wN/8to3/37/gv//W/bfmf/wt/+eEv2v4n/t7ml/0z+V/7d/wN//Y/+Af/zb/eL3z+d1b/0p958t//I7/z27/5r3r5N4+++h9+h1/jO//Qn/3rfP78H/odfvp/+V2e/k1/a/07/xF/1dt/45/86b/1P/qj/67f4sUf9kf9jv/C8o/6s36Lv+jf+L/nv/m3/530765/zX/tL/vub/2P/GV/1F/yax5/8uv85r/Zz/yeO7/er/k7/LZ/6W8y+lf+ouwP/2W/3sEPfqedJz/9e/0W/+X0X/qH/qS/7aM/+s/+TX//v+MfWv3Fd379P/7u/vz3Xv3Lf+kf+ev9wt/mz/oN/ul/8Xf7h/+qX/BL/6E/6Md+h7/jZfXr/g7/y/f+sd9g+//4o57+Mb/Gf/Zf/+N/9T/yrT9u/jtNf/Bf/+6/7fSf+O3/yL/6N/wnf/Pz3/Y3/sX/9h/+V/+Rr/6xf+m3m/4P//Gf9I/+gf/Er/ov/6o/7c13fvOP/ozV//HX/cLfufk1F5//KX/Zn/IbPP19333rT/nLf/z/fvhb/G5//p/0t/3uf/mf8ef8ef/5P/abX/32ux/9zn/u07c7v+Hf+6b8J/7qb/03f+zOX/PRv/NX797953+j//av3/1Xf98/7ve6v13+q1/8nf/rb/Gn/vP/0v/0h/2rO4/+xz/vb/2S7HT7L/1F/9EP/uitv/RP+8v+7++M/tx/7tUf/Vf9Tv/3v/3r/o6k1f+jP+rH/6b/+K+78wt/j3u/3l/3+/5pv+pv/qt/37/iz8r/jl//9/stf82/4Lf7qfV/8Qf/jn/Fb/bsz/qzz//k/Lf9LWd/8X/xhxz/er/oD/9D731n6y/+E3/yT7v3b/zev/E/9Y/+w7/uf/NXbf3av+av89s8/D3/lK1f+u1f6+/73f6O3+wf+cNf/3P/6B/0R/zW/8C/dfJH/RajP+nLo9/qd/ubf81f/zf89f6Vf/H7v2Ny5x/+jf+3nZ3/6Y+tfux3mPwGP/5TB7/rH3Vn/Nv9z//i8d87+ZOf/jb/5J/9/Fvf+yfu/MtP/4qXf9hffvLbfPIv5JPfe/b4v/mnP/4n/+PVn/ntk/9g99Vv96//aX/MX/79n/k//rVv/xl/8v7/8pf/hX/M8x/b/fN/+i+uf9s/9zf/FcXzw9/wL/gNf+Iv/Xf+tn/m93r2L37rb935Q37Nf/dv/Rf/kv/0p3+r//ov/SX/w1/zXz74D//3//u/+Rv+8n/31/pW8Zf8+X/GD36vv/YffPHL/sp7xd63/ul7f+rf8uv+bn/BL/wd/6JXv+bev/vf/S7Zwbfa//yPe/qn/rof/ZXf/s4f/5f+9F/1V5/+YY8oT/Pr/Nt/0urZb3f907/ZL/xzfsPLP/kv+jP/qT/7p//SH/+xv+tPfvIHJ//dr/EP/1GnL//oP6B99uxi2c6z/+1//PV/q99h6+9/+Fv9Flv/2a/xG/4p87/h1/xff+lO9Ydv/+Tv/Qf//aej/+2jo9/o9139mr/eHzL6Pf/j7/+G/9rf9Bf/Or/Vn/XyT/yxX7z7v/0h/3uzvfOH/LF/4F/+J/0af8lP/N2/zS/+1u979Fvs/Zl/wqM//Z/8S3/5f3/+7/41v2H9r/zVv/u/+pf9df/2nT//7/g3fo//+//4S/d/y9/29/6jnv7u8z/22/9Y8u0Hf8Uft/Wtv/2f+rGz+vgv/lP+qz/+xw9/zz/626vdf/CjO3/p7/63/EHp9/6li//7r/0r/rDf6Lf5S/+V5Huf/um/zZ/5N+XVb/EP/8SL3/t/+z3/5Z/5hR8f/Fr//OJv+t1+w/zP2/no+as/4jf8+/+NP/W3/0fyz//SP/mP+vV+5fknv95P/eN/6C/+Q//jX/tf/+V/6W/3f/2lf+T//dv9xb/Z6b1f+C8d/Mt/1Oi/zn6jv/Xf+lN+/T/kT/zDzv/j/+Q3+kX/1p/2d/5Bz/7Q3/0//o+yn3r14OMnq/3f7Df6c/+sd3/E7/73/NX/9B/1m/46f/brP++3+wf+gf/jF/3hf+H/nBaX+0//j7Of+CPe/kZ/8ff/j//qt/g9fuoXVb/V//6X/GZ/4R/1+W97/kdX7/6+f+Y3/97Bxx/9E/kv/QP+uj/qT/yFe//UyYvf/PMvfup3/b1+5uCf2vkdvvXxX/WH/cW/0ee/9m/+L/wff/Ifk/3yv/jP/rf2vvPmf/jD/szsZ9L7sz/5d/v9Jq/+9D/48e/2Z6T/ysmzT19/8Sf/Od/+Df/Wvd/jz/6/nz79Q3+HX+f3/3X++f/tL/17/unf4Lf9rz75p+/939mv9Z3f51v3fouD7K/8zuVv/g/85q8//u6/9EePKJ/2azw//nX+9j/qH/6tlr/Zn/DJP/Qf/1p/z7/0h++0P/HH/36/Vfbb/rbzk9/mp/+lP+L7/9Wv9Qt+i9/sH00/+pt/099k9oesf5c/4Nf5+Du/7a/5X+z8Wskf93v+nr/Fv/Ir/tCfGP1aj/+l7/wjH/1rL/+oJ3/RH/Tr/Qb/1h/y6/1xv/IP/fX+t3/hav8P+oN/s7/q3t93d+v4t/jn/pUvf5Pf92/69f+Q3+43/Y1+j3/q17zzN/ydf8jlX/8P/WD/N/sNjmuK6/676W82+af+8D/pv/j4H/ifiz/px/+2/+TN9qvf8jf//t/0m/7CP/Kv+S9/7T//ye/6C3fv/G6v/ppf9x/dOfhL/+7f7+XfuPiNfmz0rd/gt/p9f88/6Tt/yt/zr/zRy1/3t/57/uK/cetP/dP+qf/gr/mJ3/BP+4ue/t/f+aj463ae/a3/xMM/5Om3f8vsL7vz+8zvf/eX/jY//ie2b3/Hv/Qve/C3/Vl/+B/6M7/Xyf7T09/8N/lf/rA/6uXv+899Nf9z//RfOPmn/9gf/w3/9HE6+ef+zZ/63f6On/jz/qjf5M5f9lv+S+3L/Wd/2T/xu/+nv9Wf/G995/Xf9Tf9br97u/57/51/981f+oce/vJp83u8/md3/+ndP+If/HV+1z/l35r87j/1z3/0B/2lz//t3+cv+HN/66/+nOLP+Dv+kv/xd/izv/2P/C//zJ/8J239YX/Db/cTv/1vu12//EOv/ud/+cHp3/p7v3jyL/2p839s+tss/vV/9umrH/8dDv+S6etP//MfP/9nqj/q8b+82v/DPzn5v//7yz/0P/3T/8ff7F//Hf/93/uf+Kf//j+6/V1/gzu/xe/1K17tvvgv/9279V/9d/07y1f/yx/ym53/J/9U/Zf8cT/xS3+bP/M7f/Y//S+t/qt/8lf9OT/xJ//L//fi41/8xR/w2/9z8z/i3qvs3/09/qc/4k8eP/pFv81v+hv8kaPJb/Zr/Ob/2D/0Wz74u36t5//Rb/4H/Y7/2F/0W/ytu//4b/0HNH/oT6X/8a9X/wVnBz/9i37N33l2/Jv/vr/BH/rbfOcP+ENPR3/Jr/lX/l6/ybd/w38/+V3/uCe/8U//3v/Yb3f0L/1Bb//lv+jX/wN+sz9j/c9N//z/4L/+0369f+NX/Rk/88dd/X3Vf55eP//N/prf4Zf+T+Pf4Tf6DX7tv+YXvDx+uZP8Gr/xH/wb/jH/0vFvPv6fftOLP678md/hH/51v/PnvPq7/6h/6B/5bRb/05/1N3316hf+3v/b//pH/Idf/RN/9A+yX+uP2v3D73380Z+88/wP++N/+u0/9dv//f/W//p3/Od/8B//+/1Bf+9v+2/8wn/57/on//5/4Pf5z3/iW3/rX/O9X+tv/NOe/i67O3/zn/gr/vrXz57+tev/++S3Lf6A/+T5i9/nxff/pJ/+R3+m+WP+7z/9N/t7/5S//yf+0T/6F+397r/58T/1p/2+W7/jH/lX/M1/1B/4R777Z3/pP/k//vXt3zv5jS72fsuDP+T8l/7+v9X1H/jH/lW/Uf7ffnTxK5az3/QP/K3+6eUf8a2/+/f4X0Z/xBe//f/0y3+/n/xnH/7Rv/9v873fvrn4S37iP/s7/73f9Z/5+w9+ryd/ye/7xxx956+9l/wOv/B/OPqX/s6/9C+Z/sGn97K/6196/Id9/w//s/7vf+LOX/39f+ov+Q/+zr/82//Q+o/+By/+18PPq8W7rV/yh1X/7d+w80f9hb/on/hn/+U/cvYX/bP/ya/16X/2Z3/yK3/hn/5r3fuXPv91L/+L589/1S/7zZ6d/nd/4ugv/wcudl/+uX/pL/noN/rz/vCd33fyz+z9If/jp7/5n/if/Ql/xW/3m//x/+H//tfP/uC/6N/+c/+WJ3/n//5v/vJ/95//ztPXv/B//OI/2PlP/sS/9OE//R/8Pb/P/j/w1Zu/Z++P/9v/0v/7yf/2O61/2e/yL3/7b/4tv/yj/oE/6vf4+//cu7/rfzl6/Gf83v/qn/hH/MF/4d0f+49+j3/0T975E/6m3/ZP/4n/8jf/3XaI1/M/7u7yrPm7/7s/7vf5x/6j5MFf9YeOjl792v/I//zLfr2/9SeaP+tfHf1a2X/26/3YP/U3nh78Y3/Sr/vwf/o1fjPKsh38Gr/Tt/8gSiq8+QP+hJ/8A36dZ7/nH/6fpX/1b/7bfeu32/lNfp2dP/HP+86vcbb1a/43O3/C7/Yn/ab/7q/6h/78f+TX+G//pT/o1/vf/rbf6Y/6Tc8O/vDLv/nO/Z0/5Hd695v+N7/P335Z/Jl/8D/1a/5Oq7/gJ779a/yOv/cf+ksPfp1f6zf4g37fg4O/6X//c37nl7/F9/7tP3z+a/zZf9rLXy//9m/3a/4Wf/Pf9M/+uv/JX/rk9/mD/vDfcvcP/qd3/+A/5y/9LX7jf/jvuPs7/Z2/+N7BH/qv/OGrP/XX+Ol7v3m282v+IR9t/d9/01/66T/6rb/rr/qT/rR/fvoX/T1/6e/4h/49/8C/vDP6837RP/g//ie/0ffOfuP/+7/51n/4h/yl//if9Hd/7zf/U/75//13/6+e/C2/6S8bffITj/+rX+tv+a3/lt/11/tv/9g/8Y/9037wy378n/1bx6/+7d/xP5yk/8bbg1/v8Hf7S37tv/Qv/6v+3MOf+YXf++3/+H//3/m7/q7f8vGv95f+Zo9+6q8/++hv+J1+n8PvJH/5q/8k/XX/3t/gD/xHf5df+Oov/slf/pf+47/5H/GP/91/1l/7V/2O/9Zf83f//n/OX/7vzsc/9b/8XR/95n/vP/zTf/Sv8b//Rp/85r9x/Vv89f/oL/77/uq/9sHyz/nL/r0/5nf//f6w7eQnPv2L/uY/+vDP+0f/qL/p8b/406Nf/L/8482f9tf/QW+Tn/qjH/wvv+XhH/Wb/X1b9R/zm3/0Rz/84z5bjv6YX/r4L/vx/+Xp7r/yd/67f9E//mc1f8xf/a/+ub/nX3L6V/52f9Uv+HP/+v/7n/hL/qZ/+F/963/nf/ovf/en/BWffDQ6e/iX/Db/7B/z9F978OSv+Zv+xT/pj/nXk6M7/8tf/K98+7f/lb/sN//Ob7T9O/2xf/0v+LV//B/8Hf/k3R98kpx9+udd/91/42/x7f/27/ntfu+/6k//qf/oF/4zf9Mf93v9yXt/T/Y7/vSr3/BP+qP+iJ/+p/7w3+Hgd/rpv+vX+unVr/e//bW/3h/4W/ya+7/lr/lrvbt3/T/9M7/Dv/SH/4Z/1Z/36W/3j3z6d/0au7/BH/Kt/+jXerD1B//mB7/n/X/rH/5d/qVf40948jtPf9Hv+bv+Qb/m/fnv/Ov8Q7/m7/ryT/jJ1R/8u/xRv9a/lP3hu3/AH7b77V/rP/yDn//5yW/7v/9Jf9jv8nv+BW/+0V/j19n9w37Bu7/gd/3N7v8hf9Ff8Fv/RX/BH7Lzh/zav92v+zt++5//if/t+Y//b7/Owz/oDzv+s36n3/cX/43f/0t/g3/qv/7DP/2z/qDi4Nf8tf+nX/e3+J/+iOK/+oP+79/2T/r1fr/5r/f7/Rp/xOzbv9757/3i/D/6dev5r/cHvPv1mv/t1/tF/9Ov+/v9Wb/eL3j3B/+Wf9Wvdf57vvgDfs8Xv9+3f73f77f78n/5nf7F/+w3+vKXP/8j/se/71/4z/+zX//X3vmDfsutP+I8/fV+/7/qy8lf9OX/8ct/3cnqD/pV/96/+Kt/+a/767/7I/6v3+lfLP6sX+83TX+9X/HX/YvnO7/GL/ir/pD/7T/7dSe/3a83+5d+s8VP/3W//p/zp/+5//DnT+tP/tm9f/S3vN598Z+9fPz0x5dPP/nWLPnbZqN/abrzP+3+vf/89z7daz/9rZrDiz/qd/mp//rX/fP/vL/8P/nF6Z/59unHf86f9PjP+61////j6W//r/zhf9Xf9Vvk/+3nP/OH/l1/SP3gN/lzfus//e/9l379v+aTX/W//71/2vHoT/pDf/w/af6Iv+r3/Jd/15/5/I9N/9q/59Xjv/fP/d3e/re/7vf/pD/yD/lPfqP/+3t/0tGf/vrxb/Xv/0X/6l/6N+3+n3//2e/wr/w2v8Of/E/v/sl/1P/0N/w+q5Of+kV/zN/ze43/3vQf+JumZ7/rH739P/2u/+Q/8688+Gf/nH/0N//t/87f8vtn1//dt/7Dv/a3+CW/7C9d/j1/54/9tf/Mn/S3/g2/z3/1h//0P/UvfXvvn/ref/2tvb/+79z6Qfob/8H/yt/09/7tf9xv9Rv/bX/cr3f9v/2Rv3Hx9/1Vf9Qf8XD0V92djP6C/Vf/TvNP/rGjv+p7//KD0VfP/v4/9o/41r/8h/9Nf+tf/nvv/VXf+zVP/8XkL/st/uinv9mv/dnf/7f+67/f73nyO31/57f9R//23/D3/vP+pr/38//63/k3fuO/+Lf+Z/7UH/+jfs/X1//bv/TH/E1/58s//de49+/95Sff+onf50/6I+c7v/nv9Nf/3f/Ir/1Pnfw3v8Gv+B2e/NN/8O/4d//Zj3/Tv+dv+WN+/C//L5J7v9sf9ev9if/T3/Jv/Vl//M88+bX+sd/89/q///T/9jf4XYp/9rfM/qr9b/+zx+mvWf9Hf8jv8pvt/1arX/A7vtz/3b/9a/36v9ud3+B3+p1/8t/6be7/SX/Y29/81/rd/6hf49m3f63f7g/6NXf+qD/k2e/4a/8Tf9+f8fbf/qv//L/kN/1P/+Q/7M2v/We++LWfP/g1fu1/6fe9/9/+ql/r5A/4tX6rb3/x19y//xP/7K+5/e7X/yr9g37D3+7Bn/7X/fO/7ckf+enOr/nr/09/0Lf+q1/jD/ifvqje/cG/bfpHFgf/wv80+iNmO3/Q5A/4Iyb/27/w3/xuv+Z/Xf56v8XOH/S3/ud/8G+y9Uf8p7/OH/GfPv/1/u7FHzGb/3r/+Om/95/8Vl/+k9sv/oA/4Pf9tf+rP+i3/Jv+3f/iD/sXLv6iP+icViF+jV/vX/gV/97/+a/9i//8v/8vLv6nP/xXPf19f/Fv9+Uv/qP+vf+z/YMW/9Gv+Qv+qt/3/Nu/3u//2/16y7/pb//k3R/0a/xdf8j63R/0B/5Vf/D//ev/VX/w7/B3/SG/72/wB/2GO7/ff/z3/yG/w8tf76d/s9/vv/wlf9Dxb/cf/Ee/8e/3H//G/8H+3/SdP/gX/X7/+W/8B/0af9Uf/F/8uv/Bf7T9h/z6v9l/+NGv8fv9tbP/4D/7jX+/3/Vn/qD93+73+y//8b/y1/8Nfr///O//g36Hv+h3+q//9v/gD3z3B/2+L/+D/2jx5/1n6//gf/3L/4hfY/77/0ff/w9+n9/uP/pvvvoPfoe/6Tu/6nf+dbLf4A/6/l/1B/8f239A/vI/+LFf+h/+hn/S7/8f//1/5f/693/86/7S3/+//3X/g+/+ov/wv7//H/wXX/0H/8G7P+iT/+o3/pW/83/w7//3v99/88//R3/Ur/Ef/w9//R/80y+zX/Xf/37/+/o/+B9+69/6V/7Gv+73/tv/4Hf4bf6DX+MP+rV/+tu/9n/zr/+Hv/7f9Ff+Gn/U7/+ff/VH/IZ/wH/8W/8Tf+VvOP8P/71//K/8P//PP3J/6z88fvkf/Mvv/qD1r/EfHv9N/8xP/VG//3/z1//H/+kv+f3+7+vf7j/8Nf6o3++j//X3+18/m/6u/8If8Gv8C//+7/qTv9+v9Sf94Xf+pF/3N/sb/uD93+4/+R2+/Z/+Dr/Z7//f/Irf73f9nf6D3/Sv+NN/5X/++/3M7zD7rS7/o9/z//r9/+PF3/G7/QN/0E8f/H7/+/Zsa/wf/me/9R/xny/+g//tH/84/5/+s+//Wb/fP/mrpr/dP/Hx7/Yf/Ie/8D/4D/633/U/+K//9X//1/+3/uOXv83k2eXvl737NX6trd/6N/4z/vNf6/LP+59/yX/4q/7z/+B3vvwPf/1/6j//D3/J9Gf+muzX+qt+zR/7iyY//Rv852e/zT8yHv9a3/tr/+B/8k89/x/+z//0N7j8D+78b/9+8lf8Af/j/T/4kz/qPzj+3/7T//R3/k+e/DZ/6H/2O/9h/8f/+eu//Mnsf/zT/6CP/qfZr/U3/Qe/2U/+B/u/3a9z8B/N/pvTSfmT/+Fv+tv8F//Ff/8f/JLf5A+f/l2/0d/9Z/8tf8r/9Bv9YX//n/obPPlDfv3f8w/5v3/6f/oN/q0/6Lf+D/6sP+TOt1//bb/Rd39J/ff8dn/W3/o3/DN/+D/1b/+53//N/tCP/6pf4zehhYt/6A/+PX7PX/fZu/3f/ffev5/+nr/Jf/eHHn/v3/7d5r/ub/e//cFf/d6/zm/1e/+a/8Xv+Wv8ud/6NX/8n/q9fof5H/Qb/m1//u6/9Gv8U8//kLv/0q9x9if9Or/dH/Vr/SHpH/7Zv/TP/Z8vf+0Hv+ev+Yt/1a/1O/55f+Lv9Ef9If/a4z/oF6x+zX/l7/vpk/TX3Z7/mp9s/Vo/9g+9/At/0d/49z1Mkl/j1/u1/4Bfb/c/+iN+7C/6g4o/6Y8gpi1+739h8pv9C//56F/I/q4//Nc8+JP/qN/x19hN/+Bf9X+8+P3f/RHl//aHT/+3X/ef+xfKf/4/KP/53++PmP5df/jv/z/9ug9X3yt+jT/i6i/6g/7p3YODv+xP+d7r//43z/6Ne7/zr/Fj/9QfMf2T/qBf81/6dfd/p7/hL/72H/fr/y/f/r9/n7/qHxn//b/G6m/6LX6nX/fv+yd/2V/6W/7Jv8Zv/0e9+c3+7r98a/33/8f/wN/58Pu/67/511LO/b///r80/pf+p/FfcPLXv/6dftc/9c/4g6Z/0h+8uvebf/Gn7/zL/9an87/p71j8t9/67re2f5ff5w949RN/x//13/w183e/xm+/+iNIwf6bf8e/9K//K3/4r/gT/qo/YPtv+un06Pv/0h/x6x/85ud5Mv7bRxcv/40/8F/6tf/7n/6Ff+Vf9Ef8af/zX//9tPqj/q7/6d/+b/+VX/T3/ho/9uDg7Lf/RX9P8Y/+hn/Sr/lX/V1/+7tH//ov+rX/yH/nF/wa2f/2W338M3/0X7Xzd/4a/9If+nt+dvDr/eB3yg7+5+/95b/1P/ro8R/23/zhv9a7X/u3/JOS3/sv+vV+7z/rox//7K/6/f6u/+F/+5v/lH/1x4vv/c5b/8dv8/f+hv/bv/Kn/arx3/aXPVn9Q5//VPZv/FF/6e84/3d/XVIa//f99n988e/9js0f/utd/QZvTv/4P+0n//A/4h9/+Ff9w9M/+ot/+zf7sT/o11v9Xf/yH/gv/Q2/+2/xR/y7v96v/3/+Gw8mv8Pv+kf9SX/Q/OCPeLvzJ/8N//uDv+LeH/xr/N7L/Nf9X37bv+Wr63/oF/1bf8Jf/7/9PX/6r/kH/Xo/9nf9QfM/4N/4XX+fv+dv+Gf+p9/37/9X/rS/+df77Q//yl//D/oj/qjf4cHZj/34/H//I3/Nv+rX/F/Of/K3/r//zvv/2h86/Yf+ze3P//5fcP/X/F3+q+b7v/tf+6v+4O/+5//DH375ux+9+p//rj8lvfztX/6rPzj8Z37jw49/+1/jwY//5w/+mr/0z52ufv39P+8f+Ym/5u/7o37vX/7gH/oj/un/efufm/xY9tv963/Nf/Yb5b/dH7n73/8Vf/B//w/8j5+kVz/4r179OX/4f/Fb/8G/w1/1h//CP+KP/+m/6w/+NX6zf/T3+bv/oD/+j/hD/80/6A999Af9xr/5b/eP/K5/3l/2f/+GW3/It/+mP5LczH/jV/3aJ2//oKPf+w/7df6uf/Z3/j/+63/1F/1DP/kn/fT9g1/wG+/82t/6zX6tX2f+B53+S//2b7H66f/wzl/9T/7MT/9T/96f8Vf/ev/85a/5Z/7mqz/4d936g3+nP+kX/MzffPxnfuef/++3/sz/+Hf9DX67P+DXepX+ug/+o1/r6j/6dy7/8c/+il/1u/6xf9Vvvvyr/qB/6O//df+B/+sP/y//u19vufVHTN79mn/vf/5r/t1/+Mvk5a8x/3v/pV/zN/j1ml/j15v8Qf/C8vf89Wa/wR/8B/wGf8Tf81f+4r//P/zFsz/rV/8D/+Qv/i13/uDf7Pf+g5a/969RHPxM8e6PqLZ+/fLX+Hu/9ROLf/If/pdP/v3f+94/9kf8mr/dr3H1siy3ftmf+h//2H/XnP3Mf/d3/lF3f63Vf/Wv/Mzs8Cf/+D/vP/4z/pf/4v/6G/7Df/UP/9f/w7/uT/1FH53/7r/kt/8ll//aH/tH7f9X/9j//fs+/sv+0t/tN1/9QX/E6u/9U/6Af/d3/IN/q1/vt/oP//Anf+Bf9of9YX/UJ3/VX/KH/72/6y/+a3/Nq5e/9D//C9d/34//df/ZH/iv/eH3/qrXf+Qf8Tv8Ab/kb/odX/9E/m/8K7/yX//T9g/+w//9f/neX/3g9O/7s3/fv+uP+IN+7T/5j/6D/t6/6Xf8Hz7e/snf7McOf4tf84+a/g8/+BX/+9/53/6Ff/0f+H//9L/+r/yKv/HP/Ot+jf+o/c//lK8++Td/jz/2t8u//y/97r/hn3f8/V////7PH737m/6T8Y/9k3/R2V908M/+Nn/D7/PrXf3Tv8Vv88Vv9+0/8tf7jX/yT/sVf9Of+Tf9Dv/S5X/+r/w+u7/t6Pf5m578fn/S3/x7/VnH2dbv9c/8Wv/Ob/jnvM7+3sfnf9pf/Tf9m3/D77f3D/3L/91Xv9dfOvob/5Hk0Z/+1b/2V/4jf9ev9wdP/vI7f91/8eQP/1vP/+vf4hc+/ye+/1cl//7//vv+O7/h977/5/7ds//7O3/67/U//Vq/z1/99/70P/3Hf/L8tz34p9/953/FH/+t//Qf+ed/w/u/5Lf4yb/q9/oLXn//d77+H/64f/ftb/a3/X6/+9Wf/cf9u3/3d3/zf+jX/w1/8k94+4/8+y//oqv/+5//Q37Hq3/o/m//C/+Cf2b79/s//trf6Me+OvwF//2f9xv+p//6v/Xlvz/593677/5aB3/Tq7/0+lf+NTt/7qftr3t153s/9dv/N3/z23/5H/vkD/vLR8uT7F/bGX/xgz/5dxv97r/xr/HH/Bq/1u/0i/6wH/s1X/3kP/t7/d+/3R/6+/9+v8Gdv+z5T/2tv+8f/PR3/lv/od/8ZOujf+0//o1+i7/3z/oD/pCdv/33zf6Z3/h/+vde/thv8X8//0Unv9Huv/e3/1mjv+vvouTg3b/tD/pHfv3f/Pf8g5PfYf4X/S/Hn/z1/90f/If+xmd/wt/yT330G/9Wf/Sv8a387/qT/rOPzv64f/jbv8VvME/PfuzZH/c3/SPJb/y7/c3/96/1yfSj3+yv+HV/8e+Z/mG/3v7fdvaH/rq/6Nkv+oN+x9/9X/qHnv55v+i/ePnkT/n1f6u/5Nf7Lf+I3+4P+TX/4t/uN/iXk1/vF/0Vv+cf/Wt9683f+t2Lv/0fmv2x27/7r7i881f82T/9xxTbT//7/+Q3/LF/6Df7Zb/Xg8nBv/THHSz/z3/1n7j7m/xWv/bze7/lt3/t3+jw1/+7//V/Iv9d/7e935hSs7/s1/k1/9Df7H/6df7mR7/ZX/SP/pbJf/UH/HW/1aOt9A//tf7ho7/2r/tNvnXwq/+x3+hf+Z/2fuOd3+I3+21/1z/0b/3zfus/aP7xnTd/yvbf9N999Jvu/bLf6V/9vX7Hb//Hf8hvfvZ3/WYPXjW/31/c/t53J3/f7/Xv/gH/2D/+j/2bZfq3P/t3z36jf/2j5w//ztHf+Wc+/5+WT/+kX2fy+578Zl/8E/99ffzkb/l2+if+Ov/Fr5j8Id/9W/+lX/gH/9i/NP/4n539bf/0f/F//6njv+cPuPeb/yNPf+Nf708f/TX/xh/wJ5/+Rnf2/4Xf49OjN//o/e/9x7/4f/gDfrv/fu9P+3V+gz/w7f8y/pv+tuwf2X30G/0Bf9zuv/lj/+kf9+VP/Yrf/bf59Ms/+uPf8N/8u3+nP+KPH/8W/9S/9Mfe+9uKf3zv9/27f6OdX+Pdr/yX/4g//vRv+Jf/+H/+q//lb/rv/83v/ycf/W3/6O/xu377x7/4HY+O/88/ce9X/nH/6q/38hf+b5/8w7/Gj//Hf8jv9eQ3/f4f8W+//g2qv/8n/8vsV/wnLz4tDv+zf/0f+R3+8Z/5n3+N7Ff/eX/GT/56Zzv/1O6f/u/+wt/r90/+5Z/8U3+j334x+53Ofr3f9Zf9szv/+R/0h/+K8eK/+0+eb//Hf9dv9Cf8Rv/WH/bH/9f53/0H/an3/v5f/n/92r/hP/YvfPsv+uLTX/g//WTxe/9bB//p8z/g7/8P87d/0H/5z/wjv/L3/q0evv6zn/9pxa/7Z3/5W3/1R/zfO//On/3nr/+NJz/9n+z9ff/9f3Lv7A/9Y3/xf1b/sb/ZX/SX/sZJ9hss/onsN/pF//1f8ust/uLf4OyfO/nzfp9f/o/8IT/1P/9p/9c/d++P/c3+j49+x9/vD/r8/5r9wff/+j/vX/zt3/zif/P7/8qT3/57f/ys+P3+1d/v1/vPf4s/7nv/0N/0ycNf+z/6O8//jt/5dzr6lz7+2/+gX+/g1/uT/o4/4j87/X1/w8PfcOdn/uM//Lf4RX/Tb/vR3/xvjla7f8lP/74fv/uN/uDf69+43P01Pvmttn7Nz/+kP+gXj/6W3/ZPefxffe9P+6P/2O3ZX/wb/Y2/7198sPvX/BO/cfsHH13/bdlv8fqv+sN/99Hv+of8Gm/+kt/io3/pHx/9FX/RH/tT/9R09zf7Z//wnb/lN/vD7v9Bv2vyG/xBT36dl8e/7m+w+rV+zd9g69WP/Wv/0h/6E3/Dr/Xr/fXffvJbfPSb/cG/9W/wD3/5O/yev8a3/sk/6Q87/Y/+ov/71//1f7Mnv8Xv8Gv8wjd/y3/y/Kf+kF/jN/o1/uI/7Lee/xq/9i+e/+G/7s6v8Wv/jn/V75os0z/8d/2fZr/mb/XfZd/5O36dkz/vLzn7tX/3P+nX+rX3/6fzP+/FP/wHn3z7d/2t/r0/9x+f/CF/xJ/0jy/+mj//fygvTv+d/+k3+v3+of/mt//lf9av8Tv/Qf/zb/I/PJ3+Wv/ef/Trfvbn/qKD5l/6zx79G//VH/7rPPmXfqN65w/9bX+3v+j3/DV/8l/5g3/L/+2j3/FX/Vn/5NHv9D/9sb//P/eH/s7/9l/0B/3av+9//Id+7+Uf8Du2W//QL/xP/uPf8Nf/+37t3+U/+LN+vYd/xb/8G05/3xfj3/B///X/7vFv9gft/76/52//z/xdv+f4X3n5h+7/Af/ob/iX/1P/xK/7R/w5f8T+09mf8Hf9W8Xv8E/96b/hT9Na3r/2d/30/R/81B/2O/xWx7/W6T908tW/+if9hn/+r5f+Gsf/7p2vfu2/6I/8y8e/4tcq/u/f7Nf+cv2d3/jinzr5jY5+sz/09/21/6Y/4Tf8o/7j3+Xs7/89f/N/7OWv/bv8Q8e/0X/2h5z8Dn/VP3z6d/4Zf/rf+G/9Ud/66h//A37vn/6T/tpfb7VzvPwN/qff6p/5L/617/2af9Lpb/4f/UG/w/Wb+3/dX/7r/je/9N3//mv8RT/5l/7tb77/rfxP/4l/4/i/+ot/g+k//9+8uf4d/qDf9zf623/bn/njP3l59Tv8Gj/9j3312/82v+Ef/uv8YX/NH/c3/ymf/Manv9mzX+Mf+5/+5L/mH/mL/7bf9587vf/0V/++/9Rv9Rf/No/++m/93f9K8nvv/kXnv3j59/8av9Pf8J2vrv+w3+bv/5vvLH6Nv+Yv/v1++t+a/JX/y3/0h+//Q7/Xv/7R37T+naa/9R/6n/0Nu3/QR3/SH/Z3fff74+JP/Wt+/T//nzn57X6fv/6nf+P/7Nf8Tf6i7/wav8k/+U89+83/pl/0O//af+B3f48/6Jf8ob/dH/Mv/dRf+61P/4b/7FtP/u/f/N/7Nf/NP/+f+XTrf/mjvvWH/bm/xb/2X/w9f/pf/3D71/p1/4K/+A/5/X7P3/pv/G3/pLtf/Zqf/KEv/6Lv/pXl3//f/In/4Cd/6O/7Mz/5e3z+4r9b/ce/xh/5vT/q+Ne6v3ybfe+v/Q3/4l/6R/wOv9Nf/K1f9O/+Nb/Rv/dP/Rq/w+/x2/x6L5vDf+//LEe/xl/4V//D9d/47/wb/8pv8w//9n/QX318/5/5Y/79f/c/+a3/5t/mef0b/xP/+0/92h//Gb/Db/Vffev3fft7/tuf/Ka/8tf67p/1a/3MX/+dSb46ePDb/mbPfvO/5G9+/df+Nv/7X/NbbmV/6B95+Mf+5b/NX/zX/Ot/0K//+P/4dX+T3YN/9K/5zX/N8fLP/S2m3/91/qB/5b/57+/cf/J7/sFv/63/9a/5W3+Dvb/7j/i9/obpm09/44O//rf6RVf/zr8z/a2Of9v76Sd/6h/+xb/+b/wj3/nH/tjxk+//jX/P6//lL/kV/9Tf+6dXv+8//n//T7/er/nn/cN/3I/9M//Uk7/vX/knfq9/+g/7HX77v/pk+6/6Nf/Ss/3//mf+jL/q6a/x+/1Wf8In/97v+ev8Sff+4F/nX/iXf73dv+341/oN7v/B82/9I/9m+uf9Gr/OH3zwB/0Oq7/oD/71fvk/9Ru9+e2Of+29/+CP+fXmH/2av/7/9u43/al/+I/6DfZ/zx97svqDf7ff5j/+p3/Td/Wv+wf+Zn/Ib/Gn/Un/82/wx/2av+b93+NP/XV/3/TX+dbP/JrP99M//M/9S/6lP/TJf/YP/2ZXP3X8L/yp+9/5rf6xH/vyt/sDfvAX/Fl/0q/96v/4A36r3/Ddr/XbvvuffoPfef+3uFv9a//R4T86/l+b05PffvF7/0F/1R/1P/9xf8Df94/8tv/8r/Hs+Pz4d/07/6h/7Nf/53Z+z1//z/qDf9M/4Nv/6G/7L/5bv96v++/9C7/h7/8bTX+73+rv+sf3fqN/6Df85X/TP/rb/oK/6Q/9tX+nv+k3ff73/Ue/7q/3Z/2ev8E/8w//xv93+xulv84v+4d+7V/z+cs/4Z/78g/6df6xv+pX/h//yUd/6v/+8Df+bX6vO//CwX/yZ/2Gd/f/rt/4v/q3/q3xX/M3/0mrf+z5b/cv/sVnf9Df8If+Vn/eP/3R9+v/49f/33+de7/J7/37/kO/3fg3/GN//9/uP/vFv+if/j//vN/t+J/8dS+P/9U/66/6b3+Xw/Tfe/XTx3/Bbzx58bv+2N/97/0mf95/9cf9s//2k9Xund/j8z/q1/qt/6i//jf/XXd+0YvT2ZO/+n/5A3+vO//DydXf9U/9+f/SL//9vvzNPn/y3/0a4//u1yj+j1/7/r/25aN/+5/4dV/+ev/Hw5P7L/+o7X/ut/7fR7/us3/v1//D25/4fUenf/nv9vKP/wOe/p+/6Nnd3+j3/KP/oT/s3/3D/tj/+0//I36n3/wnft//7td4/n/82nt/2K8x+n3/hH/6l/9zk3/rN/y1/4lf9+//i/7V9eiPLP6pJ7/DH/Dy//p9f/3/9Y87+cX/2Z/w03/X//3r/9///ovf/P/6j/7X8k/6P//uX//f/IdI/H7tX/evOL0/enX/5a/3bPRP/ba7X/7i/+NP+wMf/+HP/7Y/+Jf953/4X/6//brfffPs31z98f/DX37623308jf6I/7wf/gf/nXH/9o/8jv8wl/n2cun/8K/9Uf88//eHzf+p579/v/Rb/Zo8S/91N/3G53+V//i7/G//Qd/wB/167z8df+S//Z3f/mX/57/yu/6J/xh/+uv8Sc++e1+p8XLP+pf/NuOf8c/7h/9bf/zf+R/y/6lX/uv+f32Z3/hm7/qj/h9Hv9mf8+f/Ot89ebk//q3fv//4h/6437sP/sTnv9L/+zv+A+f/v5/22T73/sn/+7/6OX+/h8/2k/z/+3pv/sb/Hr/y+KLZ//Wr/9L/7lf63f73//1L37vn/iP9j/f+0v+0B/b+sfJNJ78Ab/Jr/XsL/lv/+dJ9viP+u3+5D/5D/6dfs1P/7Lf/A/99rf/pz/gj/nyzT/6a/9rf/Bv8PzX/LX/qP/7D/79D/7RP/of+4N+93/v9/wF//o/8mv/a7/nr332azz6zf68rV/rz/t1tn7Txe/7D/13v/zX/vX/uuP0//g1fpPnf9k/8Rc/+bV/+a/5O/xx/9CfNP+HPvrn/ujf+Hf6PX+r+R/0T/2S3/PX/vYf8pv9Bn/wP/Mv/3sf/+E/9pv8nn/Qb/jX/Z5/xj/2n/02f94//Ru8/Id/wX/3D/92f90/9Ov/Zt/Z/Yf/oa0/7Pi3+5f+oN/1r/s9/5K/6h/e+s/+oN/4l/+e/2r2a/wF81/jN/rP/uhfd/SP/IL/7cd+u9/sz/9dfp1f89d881sXf99v/pv+gn/+3/olf/lf8Uc9+x3bf/Sv2/9D745+jaNf89fe+Z3+sfF/8Yfszv7CH/ut/tBfc+fXvvcn/do/9s/9Mzt/0h9099f4te8+/od/ned/UPL81/iDdv/QP+A7v+cf8OIf+iT9L36df+sf/Q2//Wvf+5/+0Z3f7B96+O1f4z//5/7Rx7/Z7/k7zv7gHz948tv8bn/or/0v/Tq/bP///iM/+h3+sNNf55/6nf763+VfKv/5X2P19PDv+uc+2v2nsn/uT/z3sj9s9x/6tf6NP+CP/94/94f8t3/8yS/6l37n7V/rn3r+pz395Lf4/O/a+fbOf/AX/V3/2R/yv81//9/mH//H1v/QH/br/RWT5vf7F371f/wfPfkNfu31X/J6++/7D3+/P+A/+V3/iT/s9/3Pfq3f5N/4TT/64uP1b/L86q/6Bf/Y3/eb/9b/xtN/7p/6aP3v/CG/0T/zn/yrL//Cf+Af+sd/r5d/1O94/i//Af/ZP/9bLf/E3+mrv+RX5X/yl7/uv/hLVpP8L/uHs9Gr7+79Yf/Ry7/4+ct/6u/+DX78N/0j/tLRH/cL/qX/6l/4dQ9OftG3v/Nr/Q2/30/8btN/4W/658Z/1h/5qv0j/7Bf68tXv8HFP/dn/ZX/QPvr/6+rP/Hdt36d8b/3R/7MP/OP/WT7E7//v/bkt/1n/rG3f8E//vv9bf/pk9/tL/0jX/1Tr/6wk4O/7S/9tfP/+59/9m/9Yb9/+ewv/4v+1Mtv/TrXL/+J/+Zf/hf/8z/s1/2Hdv+F/3z2m1a/3vPf9q/+zrv/6+T3/7t+k7/ns7/oP1m9/OKf+vX+hYN/5dfe/vUWBydnf9wfOvrjfu3x/3T+R7z4j3/T3/kfP/z1ftNn/9bv9bv+wi//z3/uT/p17vxxb3amj/70f+7vP/hDv/33Tcd/UPZPv0v+2f/tL/jyH/rD9v65f7b+Xf+0k9/ud/3Dvn06Hv2n59/+i3/fP+pPXPx9/+nrv+m/HP97v84fOPr1/pz/5nT/D/hDH/9H//hf+tf8l3/dr/U7/Ut/1V/0v/wBHz//n/6iP+A/e/IXfOfOv/Rn/UN/0J/2m/8ho3/8/v/wl/wVv+c/d/H3/1G/wV/05d3n//BvvfN7/oOf/UO/8W/2e/7Ro1e/4291/Lv/e//Q7734jX/Zzpe/8b/3D+V/3/Fv9vLX+m3/rH/vT/6P/qFf83f7PX+t/+Mf+ugv+j1/7fK3+Nbv+Wv+wr/5//6dfuuXv+Zv9Pz3/V1m//Rv8Bf9wb/wP/o9/4nf9df4k/f/od/u9/yHtv6jX+PPfPdb/Fr7lAT4y36H3+nsz/29f89f+z/6Pf+8/T/oX/iL/+Df/g/4Pf/F3/xP/c3mv9Zf8O1/9V/993/sz/u9KSV09urP+D1/7P/4PX+rP+0P+m3+qePf7Pf+ff6+3/Pl3/MH/+7//D/wr47/uT/or/qf/pF77T/6yW/2a/+do9/03/nbPvo3/6x/6Df8n36N3/TP+4f2f7M/NPmXfu0Hf94/+uv8cX/ap3/Sf/3iP/tHdv6oX/ujf/v3+gN/u5Pf8ff9tX+nd8cP/qiTX/P/+LV++X/3a+/+c//Q4dP/4O8of6/f6voP+Ad+nTt/yK/1J+39S3d+7fE//kf9Oie/wcE/+pf/O7/Wg/bkj//n/qK//s9L/8X/7h//z/+9v+jvvf59/oPH/9ToD/tD/67/6Dd58wf9xU9mf/wfNvobfqcf+/F/jFbK/4w/7Ns7v/69j36j0cs/5n/4df7vL/6evyv/bf/nP+AX/Wd/yM6/8lf90X/IH/E7/tQf87/+8b/OP/vm1/vOn/fr/tt/27PD0X9Zf/sP/83/9X8k+9t+k//hL/tT//7f7R/7yW//Gnt/2smD0e/5G/8rXzxMT37jX+/X/mV/xO/5G2z9jb/Or3Pyyz/6tR/8OicPfp1f+8G/dLLz8u4v2/sfH65OHu7cffDmf/xf/4y7e7/v3b3R7/k/f/SH/tjv/T/+79/6H/+DX+8f/TXa//F/ffY3/oqf/Bv/18s/9H/5zt/4f/0Of96//6/8o//VH/4H/bYH1cPRr/HZn1f9Bv/W4pdd/o0/tlX9Bqt/9H/5R+7ulXcfPK5+9av/8b9a/9q/6l/5G/+XV//j//brnfzqy+rB7/Q3/Xq//j/6a/1Gq9/gr6oe/HF/wf/22/3af/nWr/38D/pdXv/t48Xf9i//Xu0fs/3H/aO/8hdtPf72H/M3/g6/9j/7n/3+n/9vf+Wv92v+S3/pP7L1h3zr//7HfpN/69f/3f743////OyP+i//iP/6j1n+Jb/p//4LPnr40cf/yD/yp370+//EP/ff/Jvrj39i9Yclv+sf/t+effvv+T9+7d/2X85G/+s/8eP/+B++92u8XBz9BkX7X/3X53/M1e/2N/8Wr/+Z9Z/3h/1H/9ffsP3X/bn/68vxf/e3/Je/w9/65/5++3/R//DX/Ym/37v/6A/+Q/783/S3efOH/Rv/1F/e/g0/87/8Lj/xJ6X/xX/3H/+vv9tv9if90uXOX/SX/vb/9K99+Df8y3/P37z7i/6xf/N3uf/0N/p9/6C/7dmv/cft/Iv/xH/2a/1x/94f9Os8/0f+/oe//h/3N/1Rv0H6a/4Wv86v8Tv9fX/wr/34d0u2fs3kl//Dv+m3/5Cf+AW/xm/yd/2ev/Zf9Gt96y/7tX6H/Se/zm9Q/hP3/6GPfvmv+Vv+bf/Ix79P+U9++gf987/78Sd/0a/1a6V/6+/wD/2ef8YfdPZr/3F/0G/4O/3Rv+5q9o/+9B/06/7yP/i3+Jf+73/oN/itfss/66/7h36b3/sP2v/bf9lHB9//c3+z5DdK/+nf9Dc6/md+kz/4+Dc9/k3+ul/zx9o//df+Ff/cP/dvjJ7+ymenv8HJ7/iP/dp/3Z+VP3j+Dx29+7X/vd/nT/5Vo1/n/r/25Pf9X/7Qf/l/+bV2/7t/dGdePfyd/tHt/T/3zrO/aNT+2r/um3/0+l/4k3f/tl87u/7v7z3+Q3/sf/rnP/3d/tHf/6O/4qfGv9XOwe/57I/6q3+/N+O/Z3f6y/6jJ3/Q//RfvNr6Q3/sD/py59/7dZ8f/EM76T/+6L/7Nb74ff+wX/7yT/6/8r1flL76o/+8rT/0n/qPf8s//K/8Xn3nF63+5d/nb/td/s+//Df/oy//hX/kH/vH/4e/6z//y/+Hv3nnH/p1/qVf/rv+2v/7P/Y75f/S3/CT4zc/8y/lf9w/9of+3n9M+j+8+KP3L//K+T9e/76/xvE/9if9ov/9D//lf9g/dNr+LX//7/vrn/w3//c/9OCf+4MO/qx/9G/4/p/16d/0hz6c/6O7L/+hu3/Tr334M//of/w7/36/5r/35Nf8nf6Du//ek0X1py1+9R/0aHTya/5vv2f5r/6vz37dq8V/+Gvt/hr/6L3f6OTT0cl//Kv+/We/9X+wO/9Ht59etb/Lf7D9G52sf8t/cfvP+l//49/4H703+rX3f6c/9OEfcP/wHzs5+s/+0We/9T/04Hf6lb/jn/Yvbc/+0e3f8+88/J1OVn/t5eqP/O+v/+8/5Kc//5XPfucHv+7f9I+u/tur5q/99Ncd/dq/6b/9v+78Zr/p5W96cv23/h0Hf9M/eu9f+mN+03/q1/uNrsZ/4He2/pGD3+XVf/cf/hv/0M7v+pf9/ge//G/6+7/9L/1r5//Yb/uT/9Tf+R99vv6Nfvyv+Kf+y79s/Jv+n3/2X/gLfst/4pccTP7CP+Wv/rM++uiv/R9Oj//j8b/wW338j63+sPt/11/+vce/4s8/r//yb//f22fpuvq3vv0r/uD/5D/933/6i7/oT123f+Wf9l+8e/b7/nq/5NHf8iv/6b/o7/nlT3+X13/M7q/xx//1v9vkl9TP/uuffPjn/LF/xb/3F/+Of8I/8S/89+mv+5/+a1/+6f/ib/j57/bPP/zbf//8f/vTfuaPGC/+q9/0N/npvT/oD/td/9DRH/7Lfkn9B/9O/9Tf/Uf/xb/L5Dt/0k/9UaN/7/fc3vnyN/qH/uDf4N/7Pf/d3+1P/LHf6nf62/+Y3/M3evNr/xZ/1Nv/5Z+qf6M3//tf9cf+Gr/4v/49f7PVr5n8bf/Irz86/ugv+kN+i9Fv+ff+wj/od9j6h/+pP/53+tY/9Hv+2n/Vb/Enz578drNf67fbGf1GW//wb/AX/Z7f+qP/6X/kf/2Df7ff6slv+vzP+/hP/kN+h7/rD/od/qY/+tf9Df7g8V//a/zG3/7Vf++/8mv8xr/d8W/3/Hf+O5tf/dv+zK/5W/57Z7v/8T/95/1OlOo5/md++vd88H/+eb/FH/R//xoPt36Nf/izn/4rn/8R/9fp3/YP/Lf/+MnoD0r2T37P3/zX3v2nfs27v92/9xOP//Ev/qw/aH/nT/t3/pz2V9R/6OL3+od/6rf6dc9Gv8bdP+wf+aP+sD989Bv9T29+/V/j8W/0e66//IN+23d/8O/8P/3aD+d/7Gc7J7/13/d77u7/2r/uP/dP/Mu/0fPf79f4k/6jvaf/xh/wz/8mf93JH/9n/KM//eN/6JfHf8q//Jv8nr/Wt9Lf4M/5C1//+F/8y/+AfzT/o/6I+f/2X9Z/8h/2Yv7P/Nb/yn/8O/zxf/Gjf/5f/tP/mL/iya/zm/zb/8ef+Et+k//69/kN/sKTP+zlP/T3/Q8fPfj2+Hd7+l/8Ouk03Sq2fpNf9vTv+TOvT/+Lv+sv+KP+tir5tf+LX+d/+kcOf7Nf+8f+gL/9bvsH/Zq/1R/6T/+Wf8Vnz/+h/b/vze7v9mv/nr/mn5b8fb/ng//p13r4W/3a33/1S/dGR7/nv/1r3/19/+9f8Df+T//If/Lb/tr/1etfuvs//SO/Tvtr/Oe/9j/66f6v/Z/eO/lnf+2Tvd/t1/4bn5/8+s//oF/zf/pn/svf/+i//W1Pfuv29/wbf7d/4Nd+/mv853/h7/lP/4H/zu//fx3+Hr/VP/rJr/Gn3f3v8ns7/+iP/Xt//v5vdfLLf/H/tf/tP/CX/17/6G/4/B/9Lf++P+anzn+P/+rX/q1+/7/md/8fftt/9Mf+pd/y83/wd777L+W/9Ztfuvcf/fkPfo3HL3/ZH/Lgr/qDfp0/7R/7H/6X3/g/3P+9v2iTX+PX+sP+pp/69/+CXzVvftOf/Bv+wL/9p//j//3B2z/v9/x9kj/9n/5z7v+z//Hv8cf/rT/9i/68X/HyL372+/wOZ3/Gn/en/14/+df/ab/tZ+P/43/7TfN//E/8Zz79I/6Pd//L7/7P/yl/07d/v3/v4E/5S/+JP2H0S7711/3he3/mP/NTv+Hv9V/8Jb/wf/nPTv7qB1+9av6rnb/s2fc+u3v+S36fP+X/nv0Nf+Zvs/2dX/fw9/qz/5E/+V//7S7/u9/g9e/6U3/K/u/z4m//xb/od/u3/sC/aWf5j/3pn/y3v8+f0969/J3u/IY/+Z/8Mf/3/Ndb/jt/23/7T/7U3/vn/fe/w9/zev4Tf/w//Nf9Br/Zn/Qf/Qaf/gX/90/+0n8uf/43/me/z/3z7//Z9X/+nT/od/zbl8//5d/9+Z/1h326+Lu++C1+85Onf/2v/3fc/dv+5H/y9/x1freLf+EP+6//kNdPf+u//LfaORr9Pr/Wf37yu/xWP/Gb/G5/0685/U1//Nlv/lH6F/0hv9ZXn/w63/mpP+jX/FP/6Se/9u/643/Af/RH/Uv/za/9h/2mv/Fv89f/Ke0f8Cf/br/Z75n+MZ/9AS//0F/vN97/m/6jP/HX2/+Dfo1f//4f8HvPft3f4ad+u3/kN3j1G+3+YX/Eb/13/G//yG/2av4P/UF/xE/+a6vf9bf8lf/Qzke//i8c/UP/0T9++m/8R//Qn/zR/LjY+yPO/+3v/N9/4y/4Jf/Hb/7t3+Xv/W9+91/w+/1x5X/x58/+nN3f4s/+/rN/53f/bf+LP+y/Pv1zftt32a/32/0Bf9pv9Ov92X/A8ledJtmf94e9+m1+/J//n//iP/PTH/zT+R/0az7/vX/hH7R6/nf947/tr/s3/fbpn/1bvvuzf+Fv/5v+Mdl/8Yf/Ju9++7/ij/go+ffzH/8Ll9/5a/6y1X/0B//Yn/GLVv/2P/xn/D5/16/6z//M3+wP+i3+iF//Fzz/h/7xP+N3/q3+ln/8L/7+5T+U/za/9+wX/Xp/7u/36/1m/8Wv9du//EPu/O5//G/15J/5hX/rP/OnnP52/8V/852/+rf5g/+wf/nbv/Bv3fvBj/3EH/vmt5hv/dN/0J//W//l2Rf/yj/1t/w9R//Jf/sXfuev3C7+kr/lF/zUf/O7ZOf/8Vd3/ohf8Nf8Vm9+3z/unz79tXYpw/ln//Z/0PXF7/AHfPvl53/4j/0R//Vf9MfM/o+//0/5nc5/oz/rj/jtf78/pvgr/u/f/g/4jf6Cf+IPmvwG/9ef+mf/Hr/7i3/iD5r9duNf7z/5bT86f/Y7/HF/7i/6i5Lf8/rf/iN/uz/wx3/y4F/87I9v/64/65Pf/fwX/ieT3++f+kP/vNm73zX7HX//v+yv/k/+sN/y8fyf+G2f/5H/8t5vf/7f/Ip//Lf9037X5e/z5/wJf2Xxq/7rz3bHz36HP/y3/r9+2XeKdz/xv/3Xf/mf/uv8wmz7j/2PH/wns3/if0h/+8lv9l/85b/2b/GP/de/+++Q/St/wD/550//pr/7iz/z+3/Er/tn/G1//8Vv9vGf9f1/4rf/L//dv/Nb3/9vfve/5Gf+tvm/9yf9Y3/Ov7H/+/22k7/jr/8b/6i//9/7637Beu+//Sv+1r/p1/qv/7o/8u/5zp3f9vsvf63f5n/+M37hH/JP13//yye/9W/z5/8v/8lP/DV/12/xP+7+tb/vL376K373P7wtfsNfsPqJ//Sv/kt+3//qP/nsl//xe7/pn3/1D/wv//tPfPxP/77/yh/zf+//+b9V/Vc1f8PkL/xjfnz3n/4Vf/Wf8YtGd99+8lv+er/G6R907/e89wd/fH71f/z6f/vi9/lrnv0ZP/2X/NH/8P3f/Ad/9z/0h306+7vT3/Zv+nv+oWry8te//uWT3/a/+s3+0eXz3+wP+qk/4OS3+7f+qSdbf8Ef9GPjv+gP+LHf5Q968uN/zj/0Yx+vfq3f+pf83qd/WLnzx/wuf9Ff9Gv+Bulv+msd/UF/yO/09C/5tf6i1dPf7Kd+jV/7i7/r9/yNf+P5r/vj/9dfRO5L9lv/9O/99A/6zf6iP+IX/F2/xq//a//U8a/9D/xBv8Zv/N8d/8Z/6fwP+nX3/uM/cvz7/sW/4X/2L/0af/S3nv6hv8lvn/0Gnx38nr/pH/dr/BO/y+gP+bHf7uWP/3H7v+cf+nuu/qJf6w/d+rXO6l/nN/93ft0f+xOvf53fYjz7Xf/g3370V//2/8pf9Wf/83/Fb/5r3f33zr949dv/kXd/jX/6j/3Wb/2f/i5////9Z/2r9/6yP+DX+mf/qH/s1/j4N3tz7xf+T3/5VTv9Nf+h3+AfGv0Lf/Nv/Ava/+h3/Kfe/RP3/p7/6A//zV7+Ab/db/Jr/Ll3/6s/6Y//3p/0a/x29/+m3/q/eNX85tP/7tf6s367v/s32Pvnst9k9m/9Ja/+hf/qt/r01d/+J3z/l/8nv8vf+yf9QT/27F/5DX/s1/nxX+c3/L1/zwd/0H/8x/5a5Ob/S//HbzD+DS7+uD/mr/sXfvJv+a/+8Ud/8a/zu0//ol/v/tYv+vjv/OX/xV/21z3/9f6sv/9/+913Pv5TfrM//B/66C94+Zf86V+u/uHf9hc8/BOqv+XP+g2+M/6L/qU/4r/Z/kW/5/VvMPqT/sg/5Xf+8/6Y7/7a/9Gz3+Dv+YN/o9kf9gf8Gr/F//SHHB6c3/sD709/x3/sz/o9/4U/5X/9jf6Af+i/+/Zv8u4f+VN+q//1j/ux53/Q7/hb/Aa/5t6b/+mP/81Wv/yv/C3T4299/C/98X/hb/Gf/c6/69ZP/98v/8B/+Df587711a/1W3z73/nyL330B/9m/8eTX/cf/pfuPPhjkj/u4rf7rX/7n/zb/5sv/+lHf+hvv7r/V/6uf9Lv+a/+fv/ybzr5jX7t3+G3/YP+0V/3jzj/W7Nf59f+He//U3/Eb/UX/MNnf/P/tf87/pb/29bv80/+OXf//N/iz/jr/ujT8jf4x3Z+jb/9t/g7fsffa/unH/xdu7/Rj61Ofqd/8eU/fO+v+MN+48Wf9B/9zvf+p9M/82/6n3+b3/cP+Bd/6S9c/ZGv/9H/+h/89Om93zf/VX/es//to3/u79n68k/8v/+uP/6/+tbeb/e3/En/7Z/wd//j/+lX/8X/8vf9rX/T09Ev+H3+mfrP/CM//wP+mH/h47/tB7/TX/Vb/en/7n/3K/6oH/8X5v/UwR/wD/+lv1/x3fbf+t5f9V//Xf/kb/33/gZXf+b//Xv+1mezv/iP+5V//x/2d+/82Hj5K/6VT/7yf+vy9/1HP7r7+m/53f+0v/MP+89+5i/4Nf/4X+c7/3f9Z/+rf8CDX/Tgr/pDf4M/LPsd//0/6z/6tf7RJ2/2L//h3/zdHzb9bX/bP+kfGv92B3/e7/gz/9uv9yf+SU9+3d/71/i1fvfZb5b80fN/5Hf+H/6j4/9+9Gv9ep/+Tf/wH/0v/U9/8P/8M7/Gb/07/G9/8K9x8A/9Wk//gI9+s60/6Nf8jX7f9A/7yT/tj/zNf5ff8/f8ZPUf/Vq/3W/wu/7Y7/DyH/3Tfq9/6Mlv8Nf9Ab/n+T/0B/929/+nP/q3+uXTpPyPfu3fbvQH/MHj5U/8Bj+RTn/sj3v5R/2ev1H2G/w26a/7R/8Bv/yj3+gPyn7j49/u6e/wr/ye23/wfzf/B/6r3/qX/w+/094ftPyT/tFf8Av+pD/id/r9snu/39/0n/52/9GfdNyMJn/sL3r8l86e/Sl/6D/3v5z/Ib//y71f58/47Z//+r/D+V+2+PeeJL/bv/Q73H32T//xv+S3+4uS3+p/++X32v/o1539Vn/A7/iP7vwWn/1X//Iv/L9//z/qD/01XiTVs/TBb/gH/Fq/7G/7R2f/5N0/6W/+tf+cf+ovff33/1e/190/7C9++Vv+Or/2L/xHVr/tr/vvPfu1Jv/b5Lc7+rv+iLz9n3/r67/i3zz7Lf6uX+PX+vJf/SP+1d/uD/34v/1f/sLPsr/lj/13/6s/fv93+zXP/9rLv/g3+gP+k2/9rv/Mt3+jv/63Sn67v+BP+s7f/8d/8seMnv+Zv81Xv+s//h/867/gtxn/Ncd/zp/2e/86v/i3+Rf/8dPsF/3BH/1Wf/Gv8bv9Rf/Qg79g908s/65/9Hee/E3/yv4f95d9+uv/Vr919uv8zz/94K/5A37T3+/dfzr95b/Gs7//D/pd3y7+vT/kd/4P/4A/8uFPntW//+N/9Hf63X7v//zeP/C7/jtf/Sl/0H/17b/0D3q49TeVv8///dF/9g9s/RW/4E/4iT/oy7/1P/0d/u1/6O/5fX7JX/wn/MV/zH/63/xZ//sf/nDn/q9dvfyLfo1/8l/69X7dv+UP/k1/v7/s//7vp7/wN/gvx3/E3/yXfffxH/o7/vpt+fv/rfu/PP9zf/y/evrd/+Nv+Qd/18u//ff4Bf/LP/gb/Dv3/oGj3/Rq9pf+Wb/XxQ/+9evsD8p+q//ot2l/6i9/+Bf9y7/hb/9n/UW/41ff+z3/0y8+/mPX/9F/8iv+7z/gxd2/5X/+4+vf+1/9Hf6gf/rXzf+xf/03+1//kt/97/ljfsf95f/29jf8m/+pP+R3+C0fJn9X/ff+1ov//m/+i/6Hr/6IX/yHt//OX7Dzh//d/9y/+Z+Ov/Mb/vt//6/zC//tv/43/FfWv+TX+f3+see/y2/7Z/w+/8Iv+Tv/l9/2X/nP/pCP/9P/44/523+93/jf/5ef/4fvfpO/+r//3j+U/7H/cvkbjl79I7/9u9Pf9/f+tX7bP+EfaX+Nv/R3+9tO7+//J3/mD37NX/Lr/Ee/wZ/wB/2SfyT/wX/06//DyY//Gn9F+mv8Sb/n3/uH/cW/cfrX/c5/0ezOn/KX/Db/zV/0W0z+ot/4H0t/p//7za/1Cyf/0G/xrb/4t/il/+lv/rf8Rb/Wiz/oN/yXfo3k8X/1m/x5/9EfevAH/5a/91/3Y//7H3T4g9/zj/stfo1/5nf4i37N7/yev8Z/9mv8Lv/bX/Rr/V3/0G/8p738Df6wv+if/h3+od/or/o1fq2f+jV/69/hH/qn/4D/6Nf/1/6i3/PZ7/lr/3a/5q/5p6T/zOgP+K3K/+jXePl7/tp/SvpbHvxFv9X/9hf9hlu/62/22/zF/0L9e/4W/9a/9Nkv/Yt+ndEf8PQf+I9+w7/vn/pj/4E/4Nf9yd/z1/7BH/AbvPuLfq0/5tf4g/65j37m1/rr/69f+Ce/qX/X3+4/+It/+3/tr/gFv9MfMfkr/uPv/yfZn/67/Rq/439y/tv+3svZz/zHv+Mv/Yd/nfFf8tv+0l/zt/vL0tX+f/K3/S//2C/4s37X3/E/+11/h7/md/11dv74X+enf8/f5u/5i3/7f+L8wZ/w4tf/pT/9u/xm/8Wv+/v9Ab/dv/Ev/M5/TvY7/PTvWf0z/8n//Xf87r/rH/RP//b/d/Kf/i5P/qDf+S/Ifs1/5w/6S1b/8K/5M3/wv1//mr/933Oc/CnPsj/tX/htv/Pr/Zb/W/Zr/W//8B/w5/zHv/2Tn/7+3/NHfvc3mf+Bz9O/5h/7j36nv+uP+Wv+pt/1t/vP/uC/7rf5j/7K/+z4N/p9/+u/5S/56b+0/dZf8zv8K7/rn/nH/DX/2k//rr/pX/s7/p7/9O/yj/8Bf84/9gf9tb/wr/2r/rO/+Hf9Fb/5j//df/Hv9Lv/RX/Vt1/9Wkf/zF/1j33rt/uFf9Hv+o//9Nm749/kz/jDfrs/6Hjx5h/6/X/wX/w6v9Mf9Ov8ZX/R7/jPZH/l0bf+ujd/0C/8jf+g3+XNr1H8zK/5P/wRf/Dv+Acd/07f+lt+jV/+a9yZ/a6/8V/06vkf8I//Ov/Xf/xr/fJnv+vv9g/98n/o+B/9X3/9n/w1fu0/6I+7+M4vPf4df71f43f84z7+R/+qv/63+Wt+zT/rH/s1fue/6D/+7S7/4V/n8stf+T/8K+M/9tf+v3+39Bec/0V/1c/8w7/j/335uy7bP/jX+tf+4j/3Tzj+bX/Br/WTf8vxb/UX723/Dv/Mu//pt/iF419j/D/tbf9Pr37lv/LRP/qPPa3+sONf89f8tX+nb7369f6Ns1/rL/iHf9vf87/+bZ78Ab/d/E/49f+gv/h3/J3+ot+ejOj/cvob/fQv+23+hu3f7s84/m1e/LP/e/vH/srv7Pyusz/4+f/+G/49f1v1L43/md/mT/uP//z/4Ow/+oV/89/9g1/nJ37wG/6nv/zX+on/Zfs/fvEbfv/d7/ZL/6l/8fN/7Nf5O/6Ij37Xf+Ov/m3/pj/471n+sw9/r3/k8G/93Xf/uLu/dPY/f/Jf7f0Ov1u6+y/+tX9f/dc++td/r+vv/JP/wf+yaP633+tfejT582d/8t//H/2Xf+HsH/7tfrt/5Fft/ac//ndMHv/46pf88n9+9a/8sZ/8B//JP/qnPPlt27/44Lf7DX7iN5r+Nn/Ab3bwu/3X27/fzq/3rb94+28+/rXO/6hf+2/6h36j//ujf+jX//P/ol//9/nlv/7f/Gv/ut/5j36Nv+s//TX+sN/zx37qL/5N/7bf89dI/uDf9Pf+g37d/+UP+A3+99/zj/zrfrNf/0/7m57+er/bj+3/rk9+6R/0T/1hf8Bvvv8H/Qb/xK/xa/4Of8Cv+wf8Rb/+L02TPy79sW9nv8H//mv+pt/6g3/TT//i36z+i/740a/x6z3/r36Nf2/6G9S/xh//G/yip9/+w3693+jXfFb/Rb/Z47/o1/oN0t/4P6p+zd/9f378L/+xf8nsd/11/q9/6tf+U7Jf67/5i7/8vX+Tv+z89/yv/qVX6eUf/Pv977/O//Sv/TG/w/nxL9j6NYo/5Pjf+ev+xMlv9A/9Gv9F9gde/sO/4W+T/pa/9h/w2/49f/Div/mLf+d/6Xctfvqv/x3/gX/41/yj/uCf3voN/9zf6o/4Nf6T89/tT/s1f9u/6jf9Nf7Av/q7j5+8/O6dX+ff++P/kp3sd7k8/gW/1X/z2279R7/91j/07T/o+Nf8g7Jf7x/463+b//s3/oN+wbtf4/f6mePXv+Uf+uP/0y/8HSa/7u/wF/3Hv8PP/EO/fvIP/fr/1a/xX/9Pv+fvOL77C/6tP/gn/utf+Dv+Lb/mb/pvpb/jP/KbvP77/offa/kf/3b/6/1fvvyD/5d/7Nf87f6t/+E/28n/h//iP/4d/q0/+E/+137NP2PrP/rt/qZ/4df/M37rP+Pby9/uxfL3/xuz3/4/+DV++Z/xK37H2T//3/4by9/u6M/4X569+PeefDn9RX/Df/63/DrZb/VH/LYv/qFf491/9Ov8Oce/8+/0D/2lW7/n7/i/ZP/2X/AH/zp/zn/8Y7/wH/q13/2a2W/1e/5GW4TJX/zb/31/8e/092S/xm/2n//k5T+8/Sue/ba//Nf4nf67xa98/uv/jn/Tf/xn/+D4N/23/qH/4E/7N87+jy/+nJ/5Lf6Qbz35bf+q7e2Pn4x/0/n/+JP/5O5/89f/xv/O8Y//E3/H3X8wmT//Pf+TfyD7tf6r7Nf6G/7jj/+j/+h3+Hf+sH/o//7z/rK/v/1v/6Ff5595d/lf/0O/yV935z/5/C/+c/7RP+XfuPNT/9qTX+8nf+x3+rte/Vp/1m/9pyXpb/dL/+Df7l36m05+67/8j/iDf63/6tdoq1/zl/9df/Dv+Pz3TNr177z1rX9w9Zf+5K+R7Dx+/Rf/e3/tq3/iHz9o3v7K/+sPfjX653+7f+fX+A8mH/+u3/5PftUfMnv3h/5hX/6rH331D/1aP/Gb/e6X7776+/+N//Z3+zf+8KM/8C/7C/69X/8X/nHZn/8//BFv/pr/9st/+5/97f+ji//97/pv//w/4Mnv+ft/9Dv8Z//wr/O//rd/z9/1r/7df9l/fvkn/MY7v9Uf8zO/6q/9yf9t/9s//Z//Ln/d/3r9O/0nf+Bfd/zwy39068/7H1c/M/nk8nf9h/61P/LX+nf/y+3nv/a3f/ov/vX+pF/j76izf/+3+wOS//WP/Kmn/8mvN/k9/9B/9/f8tf6x2YP/bvt3+o/S3+m/SX+9X/C7/oI/5D/6jf7vvyn9tf6Mv+jH/qK/6Nf/8/+AP/xv/Et/87/oD/ojTv6p3+h//zV+61X57Pf/j3+95//wb/X3/EXJn/byn/4fTn6LPyD9NX+bX/M3/EXpH/kTv+Yf+Xec/Aa/w6/xT/5j/+jxX/RP/Xp/yX/0m/3LL3/tP+4P+I3/nj/oN/qn/qLf4k/6h37T0R/wx/5mP/HH/zaz450/4Nf9z36rX/vpP/ab/QN/wL/w7T/4t3r1e/7Wf8tf9Bv8B3f+nr/n7/zFf/o//Nv87/Nf738Y//b/zV/8a/9Z//Hv/yf9x3/Lv/AH/yb/1e/5O/7Svd/+L/z1/usk/R131l8+/tN/nX/tr/l3Zn/x5E/5XS++//rP/ad+zd/u7/iLyU37Nf+C49/p23/A//6Df+K/+4OO/9RH6W//26Z/Xpv9jr/dT/5W2ye/9Jf8Z//3T//Hv/gvffDbrf7XH/vLaHp+z60/+B/+M3/r3/Pf/M75r/W//26//e/3D2fJP/Fr/H5/8O//C/+g3/af+oN/nZ/5s3+N//vX+4P/zOvf59f8y37PX/OXHv9av96v8Tf+ev/Qn/4f/eG/42X2/cs/+Hf8R/7l3/Z/v/j+v/FjD779y367v+X49b/9X/9b//s/9evM/vjl2Y//eX/fX/kn0trdLz1+/ff/qd/9u179j//r+vFf/df/tm325/wh//H5L6n/yn/sL5r8Ab9w9ugvuvhz/+GXf/6fvfgt/vnf/0+qf9fPvvPr/gX/0K/x7d/4t/sz/vXf6Y/5NX6Tv+TX/IOf/0W/wb/wN//2H/0Xv+3f8gf/zn/PH/Y7/mP/0M5f+Qf/qf/4X/Qb1L/rrzFOf+Px7/lXrh/9xr8W/fn3/JW/qvwrf9H//lf8oX/OX/lr/0V/5dtf9lf8Mb/nr/VX/a6/xk//nr9R++jX+I/Sv3L9v/+Vf/nv8Ff+qud/7a/6436H+n//K//kR7/xk9/z1/32P/Q7/n5/0W/3u/1Fv8Gvlf4af8lf/NUP/uJXzfFv9D/8Cdm3f8/f6E/L/sq/+dVf+d8/2vvd/7fx//1X/ot/47/6a1He4X//q/7ig7/gW3/N+Pf87f+q47/x1/yv/vbf7ff+jX4nAvEP/9rnf8Cf/h/8xZQT/r3e/AF/6R/7D/8af9Yf/Ds9+gN+h7/sL/7t/6/zX/M/+2Xf+k1W9dZ3fvs2+7X+mX/4N/xP/olP/o/f68nfefd7v+fpb//L/4bf5b999bu1v/6fuP2X/15/1X9/Vf/Bl3/c9p/zd/2uv92/8LsWv/1/+rv+Ub/hX/Tv/JZ/4uiv/G0f/SO/67/zB/yVv8GrP/F//r3v/nN/9Pjfffo//jrJn/3uD/vu73bnt/u7Hv55f8P/ePQv/7MHv/+TP+XFq9/23X/+9/3Xf9X/9Yc13138w3/RH/oPt3/vv/F/P985/gf/81/yb/zu/9DRf/ob/AZ/3J/wg3/y7/4t//OP/ojp71b/w//+5fGvs3y0+yf/JX/x/sGv9+/9Lb/x1t/6Oz/b+TV+6T/6W+39b7/Zb3b8mx/8Qb/h7/3bJX/GP3T6S/6mR//3/Lf7x3/8L/pNV7/dH/l7/AG/+avf8zf/Df6h3+K/SH+XX+v4x37vrT/ytz/+Lf61X+PX/23+4t/0T/k1fq2/6H/7tf+o57/F7/a7/tjL4z/8t/uDf8s/5ff8sY/+sj/uP9j5sT/jn/oNfur3/K2f/sO/xaPf9Tfc+4N/q3/nr3qy/wf9cb//7I/9+/6of+G/+Nd+sz/rDzj+s36NX+cPSX/Dn/6H/v2DJ8Xf/O8+/A2/89v8en/Ar/k4/Zff/Ee/7rf+iYvv/zm/43/1F/8af8X/8Fc++jX+pB/7W/62B3/NX/Vn/cXJ/3b8O/8zv2vxa/6hv/3vd/lr/QG/zfwPOv7bfue/6Df48/7g3/Enz5Lf6i+5aP+AP/fRH5T/tf/Rr/v3/K5/3n/2D/+af8R//Dv8Ez/5U3/Fb/on/jt/yP4f97v+mSf/7W/7R/zBv/O/9bv+Xn/e8nf5g37NTz/7h/6FH/9df7uH/+4veP5HTH6nZ/9N8h/9xr/TX7TzL3/1byx/199u/1e8ePJr/I7/99+S/Xb/1e/65/zg7/wd/4jsd/mZX/N3/v3+2d/uf12Wv2b9+/+df/dX/8bv8/w/+i9+x+QP+uuzyf/4t/0Wv+PWH/RrLbNf46/65//+v/G3+ff++2dHf/2/8cXfdf0X/oXZb/tn/u2/RvlXZH/NX/Rr/0v/xW/97h/+NZNf8Wf/2f/xb/1b/PG/oP7nP/7H/4Tf+R/7g//zX+eX/lo/Wfx9v/Kv/PX+tl/zd/gz1r/zb/1L/8rLb/3475z+bf/t6evf5d/8ycvf9M/6d37HnZ03f/5/9gd//z/6bvV/LH7lH/a3/tZnL36t/+x3/XO2nv+2f9adP+ff+QO+85dd/srf4Q/9mR/7bX/b//3jf/iv/sW/4y85Pv+d/oDfNvlv/qA/7D/+1j/5j//O/9A/8Wv8U3/xb9/+Rf/Rn/SP/Ha/xe80/vN+x51/4/QHf+5/sv87PfltH//1v8bft/ziF/z6v/Df+V0/KT76HX7B75j9Wb/r3/qf5f/R53/3L/sNfr3zR3/Q3/p//52/8Pf6mf/4t9v6U3+Hb5/+7r/D8pM/7D/+jf+5//i3+2PS3+G3+Jv+oZ1f++rf/TXevPnLv/9n/Me/zX/z2+3+Vf/w7/B//W0/+ff957/LH/Mf/bZ/w3/82/0D9+/+1B/55/23//qv/9Hzv+N/+i3/gl/vj//Vf8R/sr/6N36n/dPffvnb/onNl0Ss3/5P+If/lD/s7331t+W/8j/7j3/jv+Ef/pMP/7f//Q/45Nf443+Xb3/rr/vBf/VX/ra/wa8x/WPT6i/7yz//3T7/u36tv+ovOv+Pf63/4B/69X/Pf/Penb/mL/5tfq0/+2/5x7d/m/ZXpv/SvV/4N/1af+Sve/xj/9r6r/qDf4f/5O/8D/6Y6W/7N6S/0/IPWv89//idv+of/jN2/5bf4deY/Bt/wx/4t/wVb/6Y3/zkH/uNP/kj/6w/+Lf7X/7jf/RP+d1/z7/o9/59/5V/7OwP+91fftT+Yf/LP/zjv9XHv8t3Zj/4X/6wf/Yv+fV+l5en8zv/2K/7J2yN/++f+Isnv9U//Bv9YT/55n//5cfZX/HVn3L6E//a37Xzt8xP/9Df+mw+qv/Vv+T3+jNHv/Uf93v/3n/zH/Lr/fG/9W/3d0z+o+/82r/2nb8+2/2j/vuf/qP+2N/pq9M/7m//s3/31X/01/2B7X/77/z9f+yDv/E/+PvXi3/7t/htfqPf+95v+n/8Z3/fzp/0x/22f+Nv9m/N/vX/5Nk//NvuJv/8o7/vP/rPj/+cP/Lx4z/m356e/0O/4O5v8Vv84D//U/7w3+t3/nUP/t7f6uX/9On02ePlP/tr/Vd/yG9U/iN/yPIf+IP+69/ub/oDfrvf+df/V/6gv/3f/er3+jP/xvN/+wf/9H/7u/+x1ff/rr/9p//Pf/b+n/Bn/Fjy5/4xv/W9X+OX/tTe+ce/ES18/rH/9v4f8K+++93/01//7/m39ut/6Bf+ps1/9Af93veq/+Dbf9Jv98Uf9+hf/MP+oN9o7x9O7/1Dv84/+Pf9rb/n3b//D/i1f6e7/9k/tXv8f9/9F/67/+TX3fu3/qzf8w/4Df7BP+pf/eP/4H/41/llf9Ef+rv+Yf/Sb7T7G/wZl+neb/Ff/Snpzn+w/1s+efDjv969X+PBv9ee/KbVP5C+/k3+4H/4+ct/4df5h75974vdP+Z/fvLPHX35T/3H//z+L/uf/5U/7rf6LVevf5Pqdxv9TX/Q3X+6vfcbv/vntv6KJ3/y7/lH/Et/8K/5z+38oT929x/6k37Pf/j+f/Wn/Rv/7K/7j/xrf8gff+/fevqv/hMPf93f6uRf+ME//Pet/5x7f8tv8Jf+s3/+P/Lv/dm/V/23/lOv/vn13/I7feuPG/0Rv/Bbf9y9v/3fu3P6a/5uj3/ZH/vr/N1/3E//1F/e/vk/+c8WP/ixv/WP3fn7/7B7f+xv+2/93hf/7MHf/+v8p//Uvf/+t/6DXtz9G/6Hj/7Z3+Tv+u/+pt/wwX/xP+988ek/sv/or/5r/ooX/82fNfq7/7Pr//j3+LX/5a++v/0v/yt/+B/7Y//U6N/84/7vu7/2m+Tf/D3+gX/mL/njxn/rP3Xv1/jsHyv/1T/+b/y//7k/5fc6/EcfN3/sj/39/8ef+t+s/+Xf7dt/yK//r/59/9Lxb/Br/z7Ti/Hf8Zs9+aP2/tB/7W/9p3/Hf/G/r/+cv+1vnb/999f/1ne++2+Of/X/9eN/3OP/7o/6W/+Ch//WH9D81Ph3+mXr+favnT//7r03/9fe8V/wrf90r/on/5hf8z/9DQ8PfvrPWax/wS/7vfb/uXf//OQ3/Bd+weEf+huO/5Z/6W/5Xe7Wv+/fVP/r7/7jye+181v9ST/+zx/+J7/Ry99w/Lf+Uf/+Pzv+F3753j+0/Q++/J9+wz/63/xX/vFv/X6/6L+8/2/+vv/GP3z/zxz9/b/V8R/8S//tf+rHn+//Kz/9z/2N0//jH/glv+3oW//39I/9fvaP/tbP9369/+lf+Yfv/lt/2H/6e/+l7e/6xy/+7j/mf9z7NbZ+rd/gT/qHfvNf2P6+v9ff/Xf/Q0/+zP9775/5877zG//rf+j/OHk+/if+u9/i5Hde/2Xfqdq/8vu/7+/1Oy5+g3v/5q/7t/x7v9kf+rt/9Ob1H/9bHf92v8Y/8pv+Ftt/8rd//I/f/zV/i89/h9O/6E8+/c3f/Tr/wNmf+2bn10n++r9t8vrX+aue/pp/6E/8Lr/kbzz6HX6X3/Nf+j1/7V/yG/zBv+cnf+xf9Rf/end+4rf7g/+gX+93+4t/zd/h9/7HfrP/5eUfM/6P/tBf/+Rv+oN+vb/lT/nTf/2fPv21v/9jv+Hvs7P6rX/DP+kf+c3+iH/pH/kNf5PjP+jT3+7H13/L7/kv/L5/3R/x5Lf61j/62/wLv8E/8Ru9y/7I2W/1l/7a/9z/9Hvu/SnZb/L4n/qLfptf/7/5jX/dv2P3ZPJ/XPwOjw9+04fz3+6vyg5+rUeT//af2PlnLn8TWn767f7n3/vX2Pvpe7/h8v/4Q3673/LP+j0f/zontGr1B/1af8Nf9Gvv/EHZH/KTD//Qi39n9Sf93+Nnf/j4H3j58frv/rs+/x2f7/xGv9tff/bFH7P75a//4uUfd//OX/3b/St/0j/xY//Kj/+F/8kf9s/+tv/+/Hf77K9qn1X7f8vv+Lvt/JP3/rY/+Tde/FnTxT/4Z/2aO//Q7/qHTn/Pk9/hz9j9NX7dv+h3/bVXs+kv+CcP/oh/5y/4RX/jL/4//5Pf7n/4zX73/X/of/5jf/8/7I/9nf/O3+A/v/sP/Mm/8U/9IX/or/OffPs3/7Gf+UV/7Pd+p//0dyh/2T9+72f+4+e//x/w6nf8B/+Af/Lun3D9Tzz5Oy5+l3/sr/ry3l/2D/+Gv9tx89v9Vlv/0L1/8b/6DX/93+if+DV+52//pn/6z/zFv8lvMfu1/6yPt77c+yv+5T/u2Uc//uv8wt/uD/on/6D8zvf/ovK3/S3+ot/zd/0Xf7vf6Lf8vS9e/9O/z5u/7W/Ld//b/+03WW7/tW+2/7xs6+I3+k9+239x/4/87f6SP/Wf+P5/9Z+s/+7f8084/eP/72e/2U/+3f/Ni3e/1u/4r/wTxy9/rVn2R/yqve/+2/UffP+v/MP/o1/nz/+ff8/mN/ndt//Rr/603/8f+TV++2e/6R/+9/xFX3188ff/nr/5/i/Jfq3yn/u9fpu/9d2f/M/8R7/WX/pj/9HHv99v/0nx4O/6Xf/gX/QTf/r4j/53/uSDP+sn/rjf9tu/9m//3/9Tf/jeX/KPHvwR//ZHv9W/8g/9kQ/H/1H6p//Ff8zvv/OHnv4Tf9gf86/8PX/TH/Po1975J3+jb/0av9Ff+PDkq1/nT57/Af/jq1f/2m/+x4+n6z/17pNf98//837RnzD+e18+v/cX/M9//K/5n5391f/G3/On/vu/8K/9M/+K3+eTLyev/4jdP+d3/d3rf+lf+Klf52/+N6a/+9u/6+//1/6av+lf+ZN+7Z3zf+in/ubf568t53/vr/vr/hH/82/4S37rv336z/7lf92i+MV/5t/zr//ny7/2t/5Hd179On/C/A/4Qyd/+5+//E719z76v//e/f/hr/llv8Pv+YPf8x/9E36frz5//cf9rb/uv/JX/aN/97/7K560F1t//o/93v/kv3L9b/8jv936n/7Hv/1frv/Q3/Lf+BP+wW/9ob/146e/2a9x/bd957f9rf7a3/GX/VV/8P7v/cf9oet/5af+jN/uL/sDftPfZPUf/Rqf/ld/8O929N/9x7/2t3+tX2/nt/uff81v/0a/9v/653/0j//EH/WP/Jq/dJV8Mf+1ft3v/J6/ZvJL/4Dpb/Wn/UW//k//Q3/wr/fpv/Jb/gl/3t/4m/5Bf9Zv8K3f4Q/4te//Rv/xr//sb/pnPqp/zz/md/q9/6Hf4OG8/k1+m+wP/uR7f8A/+/C/qn+TP+Jfynd+8d/9z0x/vV/2O/wb6R/1m/0xq99p9Q//VPIf/n17f97/+eO/3b//R/1h/9mn//Ov9Qf8bn/pX/A7v/sjP/1L7v2G5R/2a3z2g6Pj3/rdH/Br/IK/7z/6df/pd//wJ//N7m/8M5To+4U7v+bhb5P+wZ++/L9/8Nv+9wd/9o8lf9Gv9YNv/56/4+/2Z/1Jv+a/85f+Gsu/6/c6/8f/rV/2Y8nv+QdXf9M/uv+7/Oo/8t9a/cmPfvLP/ot+51/4G/x6D/b/9f/in/gVv9Zv/6+kf9Yv/oOO//Li8e+6+/f9V//Er/Pn/K7/6I/9c//T4zf/yT++/5v887/h7//f/SPT3+9f+lv/nK30D/6bHv1Bv8m/99v9nr/jm5/8Y/+Q/+vX+u3/gX/n0we/08u/8M/83X/6t139wS9/g7/lP/5b/4k/4Nf/bYq/6dnvePkH//EXv/Bf+9t/kz/lD9/9rf7I32jye/+9f/Lv+hu8+g3+uL/tF3z29/6Rv90//R/9mr/pmz/p5PJ3evMb/Y1v/9Df9Hf6i36tP4DWKX7LP+g/v7eV/gkXj6e/1oN/5I/4rf6e7L/f/V3/3F/nn/oLnn32p/0633vw5/+i//Kf+v1+i7t/x//8x/1j/9Toz/sf/6Rf73f+r36N3+Tq4E/9nX/Z3/Xr7v8p//Y/8zP/2V/6p//ff/cvPx4f/+HrP+GnP/tv/6L61xj9ub/qN/z1/4//5G/5F3+jX7z3R/7Bv+/lb5X+mf/OP/Qv3v03/oJ/7q/9ax//mX/T//Ab/9gfdfyLaFnkr/5df7P53V/6i/7R//w/+1/+zn/24Nfb+Qv+5N/06m/a+x/+7f/o9xn/gX/x3/H7/jXbv+M/+Bc9/s/+5D/2+p9++/st/rw/8v/4T3+Pv/D3+i1+Zvrr/Yt/3287+gt/8O7iz/k//uyv/qQ/9GD/6d/8h/6p+7/dP/AX/a47/9i//M/8p3/Fb/Cm/gsP/82/8zf5mT+12f8dv/UHnld/XvGbvP1z/tD/5V/8vf+Jvfrhn3jxO/2h/9sX/+Af/pv+EX/xp//Zn/B//j3/6ei//E1/5e4f926c/jp///zP+09+q49/zT/n7/2nf81/6Zf/Z//xH7j7x/23f+ln/9vv9H9+9ldt/R6/0e//T/3CP/tX/VG//j/+L3771/+n/vRf8j89uPyHfuW7b33+e/2ZH/9B/+zv+X//+v/xH3b503/rb/w3P/s1f8E/9Bv+Fi/f/DMvP/29/9Xf8D/4W37j/+5//o3/oidf/Ml/5Nlf9Pkf8rt/+w/5z56++Jee/kb/wJ90vf3tP+jf+fWv/+nf7Q+9N/8lf8PTX/PvfHn1L/4av/G/9D/9hv/zb3byL/5Bv9HfvfMb/v3pr1n/wQ+qe5+2v/lv9JM7j/7yH/81V/mTP276237r5Df+c1//2n/ry8N/96/4jVbHv/Hu6te9n/6mv9HLX+fvTX/Tv/13/8P+lj/oN/v23/pk+Zf/hn/LX/Qb/u3pr/eH/gG//u/wT/y6P/YH/JE/9hf9ej/2B/3aP3j3R/7iv+uP/MG/NT34m5L/415y9ncke3/wr/1H/1V/1OVf9ev9Hv/Sr/2Lf7Pf/Cj7Lf+43+z3fPMH/Xp//B+U/Gb/0+/x6/9Dv8ez//jX+gv/rl//F/9Fv95f+g/9Hgf/0vSn/6bkL/mvfq3P/qE/5q//DX7tv37rx37BT07+lHTy0a/3f/96v+JP+j3/kelvVH766R//a1/8g3/WT/0df9Jv+O/9Gov/9H/+tf63X2PxK3633+U//z0f/61/0W/4T61+rX+aciD/2Is/5vy3//t2Tn7H7/46p7/Zb/qtl7/O5OWv84f+Zn/C/b/pjz/6k37df+D3vP4H/qff+dN/8jf8rf6mH//f/+Ff8F/8ol/rf/i7vvxf/qStf++jT5v/+Df6v3d+3d/2fyr+86fjv/XX+A2/d1D+j//Sr/k7/0W/y3/7a26d/J2/6Zu9H/+H/qHfqJj8Gv/Hzum/9U/92l/9Q7/RP5q+/M2e/Cb/TfZr/KO/2U/+/Tu/0398/hu9+d1/w3/qD/p9//3V7/o3PPnj7vwtv+Hf9B/9Rv9T+lO/7H9J/6k/6Wd+yd/5J/4zv8Zv+E/8R7/N3/0f/br/0tPiv/6D/uC/8sfv/Jb/0+/y9+38mo/+od/kbzn/TX63nV/7P/gDFv/131z+8y9/3f/jH/oN/8Wd3/R3TX/jf/zX+I2O/6tvTf6i//vXeP2Hlf/Kv/Qb/aOr3/13/Zt+x//uH/qN/9D/6Tf4J3/PX/Nf/Jea/+VvvvfH/K6//u+c3jv5J5vDf/M3+sd/u9/+n/6LVnv3fuM/N/2Nv/vRr/cv/Eflx7/F8o++82v+Ub/98rsf/Zq/5f+0+pN/7M/+U+/82b/rP/Qbf7f+sx/Vv/uf9Xf/2f9e+uv9BT/2k3/enV/zz/6xn/zL7/zZf/bf/Wf/U3/Hi1/82/72r/6kreIfLX/XvfrTya/14w9+jd81/eTH/vYv//e/7ct/4PLHt1+l/8CdP/ef+od+43/s4Uf/3urP+wf+6D/vH3j40ad/yG/0n/6Zv/tvuKpP985+xT+8+n336r/989/k3j+0/Cv/kj/1j2l+w3/xD/g1vvybfo1f/pv9Rv9W+mv+8b9b/av/sN/od/1X/oJf9z/5C/6Hs/R/+VV/wf/w+6T//X999qf+Z6t/+F/6Xf/0n/zz/rt/+i/89Sa/1qO/5Mf/gf/i23/NP/zj//hf/X//9L//F/1av9Xq2W/xD+3/3//RT/3fv8Zv+Af++r/Rb7VX/24Pfulv+R/9hkf/0G/8X/5FP/0//T7pL3v4l/yP//afe//Jb/r7/ikv/9PPf9P/6e/4NX7d/+bt4T/y4//o9V/49/7R6d959hf9+N5f9N//z3/Jf57+pf/+r/HuV/9Fv/Hf82v8hn/LH/Tdv+MvInH4Nf7Dv+iX/q71j//qP+03Pt35C9t/4y9oz3/8bzn7y5Pv/Hnf++k/+0/9137j/6b9y7/6Y/7yv+XOX/oP/qo/9z//l97+w+mv+Z+nv+Y/8bf/+P/xr735Df+k3+gX/Bq/0T/4m/3Ov8lHv+3f8dt8v/mbf8N/OH30a61+nb/iD/39//V/+OEfe/KbXd77DR/8nr/tv/wX/Ua/1S979n//Rb/Z3/PyN/5NV7/26ctXf82v9dv+Lf/Qr/HRr/FmfXJ3sfo1f9u/6Nf4V36NX+sP+M1+g7/0D/gj/6pHyV/1gz/yr/9v/pq/9q+hxbu/5g/8g/7vX+/H0z/mx/6hv+Yv/Zv+yL/0f/q1/9jf89f9zV/+eud/06//G/xJv870H/oNRv/yr3/+N/1af8Vv8GtfHfw62a/x6/3LP/Ub/Kv/zB/94//Sr//mT/qj/vp3v8av//I3uPvpX//v/zN//fjy1/jsX8r+8Pmv/elv9hv8vn/Rb/AnvPzD/p29n/rVv8Ef9z//9G/78b/2G578mT/5Z2a/4P/4j+4/evKb/ev/0W/0z/9N8+89/AW/9Pf5RV/9Ziejrd/u7h/wN/2v/9Kv+b/9T7/hf7E6+T//o19z/+LX//gP+O1/q51f89Xf9Dv9Y//Tr/P6TfnHPvtN/ru/7G/6Zf/Ts7/pH3r0d/9H3/pNXn169fTX+Af/pN/xf3jwa/zuf/avt8x+rcW/9Bv/Vn/Ar/Fb/oa/0f/8uz2984/80n/pb/sz/7GXJ7/57/Mb/bvpb/+P/UO/6ekv/7W+9W/+jo//8MUf/St+4/9uv/7vftVq72/5NX77vV/j8X/ya/7Fx8Vv9tH//Wv+l3/Qb3y8V/8mf9FvcvTvfPkL01/zvy9O/6md07/3d/01//5f+NGv/Qf8Wr9h+mc8/i1/r1+9+xv/zv9T8uUf9OIfWj39nf+m3/HHn/yCj/+kv/kfePnrfvVrLP7Xv2j17/9Fv8u3dupXf9GvUV89+4N/nb/r+09+zX949Ztkv/uv99//0eWPf/6b/hlF+rs+Sf/7f/s3/gW/52/yl2SLX+9/+rUe/0u/1v/xa/xG/+POb/zP/U+/1j/38m/+L3/XP/6P/Ssufvr+33vxu/0Zf/8/+/f+If/z33v9Z/+Z6z/2d/tTm2fNd5pf8bv9xv/Zb7b1uPnd/vD90ydvftO7Oyd/8J/20YP93/hv3Dn7517+utc7v/E/+73yX/mbfuPfZPXbvXr97f/t+Ae/+L/+BQ/ak3/yv/iFy3/kH/hHPvkHP69/tz9s/+979+AX/ik//sf/Ibunv/i3H+//lb/Jk//s19w7+fV/qz/o7/iX/4D/+/G/sPr4b/mPfpPf5O/5E/7Dnd9o/5/8jf6V3+CL1fW7x7/sb/3t/7wX/9I/9kt/h//jze/4e/2if+Xv+o1/t1+j+k//41/wm/xJv90/9etV3/uj/5HH/+XZX7D/u/7h/9if/mP/7J/+P65+t3/4N/uN/81/+Tf8l9PfNPvVv/E//S/9Rv/bn/wH1ulv/If83f/Af539Gr/DX/eP/U5/3z/8m7z8my/+sN/33t/0Y5+++enqt/9Nv/Vn/uCv+jNf/GN/0O/yj/2iZ//iv/QP/n3/0dnv8XTnH/iLfulf/A/f/6N/m9/090t/o+x3/+rfefXyH/gDFhd/WfMf/cSv+3cd/oPX/97f+ff96t9l7x8tfzD6+/6j3+2f+o9/t9/1v//N//Tdq3/yH/81vjjb+4f/kj/ywa/1D28/vPc7/8zv8Gv9gT/9+/95p3/Vq3/r9//PJ7/zg51v/e1/66N/bfVr/2u/2W/yt69+7X/9H/rWv/ts9+L3/g2/u/qJBzu/7t/6e/7fv/Gb092/6K/5Nf6bv+nX+wP+oL/20z/p1/jP/pu/5h/8jf65/+NP/TV+lz/g1ztIf52/9n/6I/+Gv+ePnP9Bv94XO7/WfOf3nP5mv+bv/S//Gr9B+nuM/6Q/8rM/4Nf5u/6af/bHfo1f7w//k36NX3+VfOcf+ud2Vn/Uf/b3/PX/6d/z13/6a/wNn/1Nf/3/8M9lf927v+HP/o9+/f/zf/oNJn/A+M/+S+78T9/6G/+X//0n/+5/6df7Fdlv+tf8s/P/NPs1/sL/5E/4Lf6a3/D/Sk/W93/hf/Y/JX/ff/Rr/Ipf5x9Lfo2/7T/4RSe/WVP/y3/Wb/Tf/PLf5MHs1/jH/6A/45O/6tf6Tf6Aky+L3/53/j2/88f+r7/WL7n6nX/tf/oP+Hv+jN+w+Nd+w5988GufPviN/4GXf9ji1/gNF//Sb/Iv/Ue/9q9Lq+h/y+/4n//dv+POn/nR47/ld/zXn/3d/9Dv+Zt++efPP/6b/rbn/+zr65e/7r/ye/5G/+LOr/2Lf/L//p3+oT/s1/9l6a//v/zJv/d/8Xt+8V//yb/w6OW7v+HNr/GvXvwmX/66v9f87/+Nfs+/vv6n8t/kV//Hv+Fv9R9959/+i57/my/fHf6yX/hX/psP3vxaW/Xv+Ztc/Zvf+yN/w2/902++/C2vn/3O/xDlsX/BP/Gf/cb/7P/8G/9W/9Ev+XX/p1/4Hxz//X/9T/4Zv+5f9Pyf/Z9+vb/zH/oH/4U/7Pctf8vr7/2XlAj4l/6QP/kX/JF/xq+//R/9Gr/mr/07/Fb//G/4R/5r8//oD/vj/4Pdf/QP+uea//GPLf/B//7f/R9/xxev/pdf+Gv9p7/wj/o1f6N//D/63r/0p33xPx6enj35+/+g2cmv+o9/zf/11/iH95o/+Q/703633/nlb/SfXv5Jf1D97Ff9ml/8Xn/Kb9f81H9w9OAX3fnrmuvf/t/7p//+P/0f+uKf/KX/3S/49f6he3/Q2W/yb/8bv9F/8y/9Rvuf/6Lf4r//Nf60v2PrX/41fpN/+6vf+G/f+b9/jVd/07/+H/yi+j9M/8lf7+U//M/98/e+/M//4d/j7/2Hv/d//MN/yl/84nf+83+j0Z/1B/7R//JP/yb/0S/4H3/D/4Qyfv/L9779H7/5nf74f/43+h9/z+bf3/k1/ped3/Y/evkb/wN/yJ/xz/9BP/ab7PwD/8B/9Bt/fNT+p//wb/T89/2Pf+u/4R+7/AN+/eUfcvk//09PfvXb+rv/3d/32/4JV3/DH/Sf/sftP/wX/Odnv/Jvnv+X/9hv+L/+nt/+y2a/xu/6m/1Gf0/68pf9Gr/J3/offet3/T1/rV/5y//df3rxm/46f+nf8w/9GtXv+9998cnf9R//7//yF7/j//Xi93v1u/wH6S/6lb/bH9/+D7/7n/Inf/QHvvgv/4d/7ae/86f8bv/9H/y7/QfZt//7p3/Gv/s3/ekP/9pf659K/+LpafU/3v8bf+bv+cN+rZe//1/xaz/4P179Vf/q8VdPfu9f+9/c/c0Wf9Sv84+8/I0/+s1+7b/qZ37tv+bxt/7VP/3//m/+pp/5De6//J1/zd/zL/7vV7/m5E/6dX+9v+jX/Y1f/npPf41f99/6V3+df3T8m7/c+c1/y9/8N//if/ot0t/81/wDf7Pf/Hf6NX/do3/4t/gn/oFf5zf/n2kx5Nf94/+hH/vtf89f5w/8i37NJ3/zr/v7/s+/7u//8teb/gF/3W/wN/26f9Vf9Fv9Xn/zr/t7Hf/av8M/lPxx/1Ay/Zt+rd/hD/gff7s/7Lf+/f/n3/p7f/Fv/fv+xP/42/1Fv+b3niW/3Z/0a//Uv/RrJb/Gr/+X/3F/+HL3N/k//71/8fh3/w3/gD/kj/9j/45/619Nf80/+B/+Df/t9Nf8X9/9Lhf/2K/9f/xLv+af9g/9vb/VwW/8r/73v8bZP/KP17/ZL/xdn/xFv9/vWf+2//tv8pf85Xd/xz/q7/vdXv66/94X/8E/9Jv9Wv/9V68mf9Of9fG/8u3v/2Onf+I/8e//q3/Rjxe/+k/7W/7nv/yPOW72XjWf/y9////4O/4bv/jX+cd+8Cf8Y//Qr7H8tf+g//vT3/rsN/mt/qP/ZP3H/2mrV7/Gr/0npb/JH/Cb/CW/7n/xd/4nv+H/+D/9Jv/uH/Eb3/m9/rC/87f4jf7B/+jX/tP/it/wH6j/3H8o+91++qPf5Qf/wC/+9/+n3+iX/fV/0+N/9Mu/92Xxt//X5X//L/+a/8X/dLr+zh/29/5B/8g//z8lya/xGz348gf/1Gn63+382qt/6Ldb/mG/8e/3m/1Fv/zX+OIveftr7f6SrS9+xW908bu8+hv/1f/pH2p+4rf6R1/95T/za/536a/7f/5Hv8b1P/Ktb/27v+Hv9x/9un/Nv/cb/qf/0J/6f69+03/if/rk3/3PP8mn/8c//g8u/rFf8eU/9is+yX98+xf8sl/1L/7y3+h//o9+xb/wE4d/7Vcf/dr/8rd+7dVv9Gv/nr/G5D9Kf+F/9Lt/vPM3/36v/vjf9X/6jf7gf+TXm+x86w+qfpMHf89i59fe/pd+rZd/6pO/+Ff9/v/3v/wP/9+/xu/6z/7Zf93v9y/84Ffsnf/f5Z/55I/4ey/P/qDL0Z/7dzz4B/+Wz/7Z83/h879j+ncuf+f/9J/47//tnR/807/Rr/Hj//N/9/v8fRf/3ZNv/1G/zeI3+52XR3/InX/2d/9nf7tHv+Vvkv3D9d/1e/0Zv+df8mv/8b/Nb/13/V7/5r/0U7/Wb/zr/VG/8Pmf9df9Ff/3//Xwb330x/41X33v//7p3+f//G1/+e/yr//FD/Mf+w3/nn/2z7w7+wf/nP/5L/mf3v6nf+NH//f5f/1b/K9P/p1f5/JP+DP+hb/lr/nr/tq/Zf6//Em/4HT0L/01Jxf/wh/w2/+1//nzP+TH7v4W7X/96N/6vf6rf+kvefaLf+Nf91d/+W/+Db/f/9J+f+fT9B8b/41/zz82+0f/1j/o9/kjv/if/6Df/L/9l/7hf+jX+mt/4d/2G/+G//Ff+lf+zZ/+tv/Ob/+3/hV/3F/3t/4Vsz//weJ/+NP/uvav+Uf+kl/3t/un3vzqX/YX/9sPm//rwVc/+Tf8vu+++LO+/Wf9hn/+H/p/n//yNz9z8pO/9N8Y/Ru/7L/8W/+F5N13d17+Wr/O73bw5Nf6vX+bv/bX/Zv+hiev/4rf5vs//U/91b/NX/3Tv+cf8uf81PI3+It+h4vlu9/zD/l9f5t/59f9M37f/+LvffmHjf6zf/jX+wt+jf/iz/rd/8xP/52tJ7/+d/62+X/+m279UfO/5NnHR3/V3/xH/+5/xv/2B/yTv+my/LW+/Ttdl79Wcu9//49+89/6F/z4//Yf/aG/wV80/3X+mN/415j/I7/Rvf/1f/tPf8Pf4e/4h/6AP3bvN/uDJr/Rm5fHv8af/uv9E//HH/CH/3q/w7f/kN/8J3+73/4v/YN/63/tX/s9/9Df7b/4fX/XHzu8/2f9rX/w3f/hz/tXf63f+Nf52/+gP/a3/Fv+oB//836t3/J3uPjz/qVf8Ifvvzr7+M//rXZ+63/7f/6Ff/Zv8vu9+4N/+/M/ZvcP+IN+zXd/8smf+/u1//D5n5X9zK/5X/w6v+D3+69+z9/kD/hzil/4Zz//U4s/4rf7v4s/5s/+h37N3++P+bP/iD/z4pfe+YP+kN/+3/qTfr3fLv+bf/u/6M/8Cy7P/orfZfIL/6q/5Nf+8k/Nzn+H4k/4Vb/+n/GL6uLjv+T3/wf+5//8t/9F/8a/8/mf84NHf9Wv9W/9Wsn/dpr8om//URd/8K/7V5z9wj/74vc+/cN+p/yv/DX/iN+2OP81fuHvXZ9P/4vf7aeu/+Y/47f9/X/wD/8Vf+av+Xv/7X/kb/vr/8Lf7vf8c3/fj3+D//jPnP56/9D5H3L+z/32f9Fu+Tcd/xO/7R9yVfzav+P3f7d0+z/5A578T//UH/b7jf+t3/3P+Wjvoz/rzyyO/vx/4nf8Ld78W5//Tr/oT/vX23/1/C/4s/+6j3d/5t1/8ef+If/0f/zVH371B/3YX/Hb/jbf/11/4Z9d/GPF+b/6Y7/w9/yFv87sT9r9L3/73/qf+Z9/re3v/2f/80d/1t/6917/Eb/O+k/6sV/vd/6xv6L+l3772V/wL/96f/7v91fs/Rf/8v/9T/wtv+WzP/On/pE/Ob/4rf+UX/Rr/I4Xv9Ojrcndv+/b/+xv9xf9FnvP7pXf/i3/ieZfOv0Lf9/f5i9+8Xv8s7/8X/vFP/b2t/0t/6b/+df6sy7O/6jf4bf/s2Y/9nv9GX/Ub/yX/Myf+Wv+Q3/yH/RrXP9uq8vf7osvf7s7/923/prf4B/+bf/gf/sXXfx99dn/OvmDvl//z//MX/NTv9Nv9Hv9Wf/T33H3f/rkv/vDf9H/9Mnf9Pdd/Qbbf2S9+0f8n3/gv/M//pI/6D/+9X+zH/91fvU//3f8hb/jj/1uv8Ef8TvOtn67Zw/+rF/0h5z/USe/+/84/6N/nV8v/Y1+7Dea/C7/3l90svN//cF/7P/8/Nf7Pf76vzX5VZc/8Q/8xi9O/9Df5NHv9ev/w3/nb3jx9/3xf9gf/df+uuPzv/nv/1V/0+q3+Tv+oV/3f/vp3/y3+h//5D+x+kt/4vcf/0H/8J/x+7eL3/Ef/Jf+iQd/y0/8Ov/dH376O9x9+Qc//A3+750//Vf9Hyc7P/mLfr1f9S/snfxm/86f9Mc8f/6bz/6GX//P/qnfafZrLP7Qf2v8L706+l/++D/pF/8Hv+FfePL7/hG/8Z//h/0Bv8Z/dvbv/Rr/3v/8x/5mf9t/+zv/Om//if/ljzn+E//A/2zya/yi439id/+3/NM+/c/+k1/rb/qTso9+67/727/Nox//bX/it3r2Y7/9w7NP/pI/ufqjf8c/cfT8H/rjP336n/5ai3/qt37wW/1Hf+hv9sv/k5O/9X/6BX/A6n/+q37h//BPJv/Xw3/kN3++8xft/QN/05/4B/zVv+7/Wv+iP/zX+M/+kePf9M/6R37rX/A//Rq/+cEf+mve/7v+4X/+0z/tN/xNf83zX/z6z/pDfo+/YfWHrnb+o1/v9/y7f8Hv9Pf8nj82/o/+oOSLP+jX+K3nT//wvf0/+M/7j/6wX+O3+qf+6T/68F/a+s3zb//hv+Wv8Q/90b/Rr/Fr/Ma/16/xez568Cf9C7/wL/qDf8s/j0KdP+jX+DX/79/g//iDk1/8e/8jv80/8Tf9un/EL/2x3/r5k9/z6W/+P/2ae2e/1a959kf9Q8lv9i/9Gr/x0z/gN/oNfruT3+J/+NN+nd/hb7rz5f5vVvwF/8Wbv3L7d/uDf6vfe+vZb/sf/QH/wK/6nf6oVw/+8eLFr/6vfqPv/WV/6O/8D3/rj/grf99//Dcqfvm//Ov843/JH/R//jl/8V//2/5Pf9Cv/9XOP/RTf9D//OuU6z/o1//1frM/+8F/dfxr/gHv0t//F/xNf+Sv/Xf8zT9W/E8f/fb/0J/0R4z/vP/tN/3evzX59f7Hnc8f/ja/5x/3B/72/9Cv8fjbv97dv2bnD17u/4lf/fMv/4z9v+LX/Nbf+r/+o7/JP/5r/Hq/7p/wN/9Gn/1R//Cv82vv/Jp7ycu/dtn+ob/jv/8X/fq///Vv/jf9M//CP/PX/dP/0x+U/D2/6NNf/Kt+w/G/9yd97zf4K7Lv/kuXJ7/uvYN/+Mf+iuM/4Wd+4p/7Tf6k3/GP+LX/1z/8r/9t/7P/+/h3/tYv/vV/7A/6iV/j1z+4+71/5ds/ee83uPxz/86/7n/9dX7sr/1Dfqe/5g/4N36f3/ov/e3+5n/9P22O3/7kr/3un/k1/o1v/RH/4P+2+/1/6E/5PR/849/+9X7st/s7/r7f5H/6R3+TX2/nj/4r5//u/d/0X/trfo1/9C/6gx79UX/zzu/39+V/9a/1y/7sf/F/+86f+Cf9Yb/bb/dLTp/9/r/pH/d7/K1/9B/8a325+q1n/2Lz9//U7/sv/Ib/QnK88wve/oN/65//T/6jv8uvt/tH/c2/6C/4zX/x3/WP/Zd/9p/9Y7/JP/cb/9I/7w/6bX+9/+qfnP+h//L+b/3r//g//l/+yf/Q//33/Me/wT/54vR3+gv+k69+g3/i1/uNfv3f8y/7Hf/pd7/m3b/rJ/6E//HTv/R3/A3/ptFPf7f8bf+908//yr/4VyXt3/DkT/uvfoMf//j//oP+rfyvO/kH/rz93/wX3/1lv8Fn/9rxr/l///nbv85/92d9/u/+T69+7fmf9R/99v/3v/8v/eE//vv/EX/Cv/jFfz77Hdvf4Nf7tT+b/xt/2T/+L/22f9Q/sXf1i37N7/9bv/fyn/rtfo2/bPHH/SefH/7vZf1b/um/zt/0m/9G//p/9M//Gv/rf/Vs+ff+xdlP/JKT3+jfvHf8O/7vvzpJZn/xb/sv/dX/xLvfav9Pf/Jv/j3rv+MX/sX/SfKf/HF/wei/+bXmf/N3zld/5D/72+/9+r/H8b/8z6Vffvon/M7P//Df7O/4k/7xX/cHf/Mf9yfe/0d/zd/vf/ud/pq/5df8Tf6Nv+3k1/pr/pJ/8sEf8rv+1n/1f/SP//Z/63/0+/49//rf/z+s/85f+/5///ak/rc++x//kdN/ZvSf7f6zf/fF3/wn/D6/UfoH/Npb/8j9v+Wf+B1+3//o4k//g37N3+u3/MP/4d/l//41/qlf59f51m/2vZN/9S/6HR7/np988Xf/nr/xX7H6NcudPyD5X/6ufyn9RT9Z/Y3/2q/1C/6k3+z0d//Wf/x7/UN/WfZb/Dr/0v/9C3/3f+EP+rV+z9/sd/3Nf89/6yf+5D/m6Y9v/Rq/ZnL89/yh/+Kf+y/9Bh/t/1q/wfE/+I/+zv/M//TLfqP93/U3/zX+rp/47ff+pX/ht//Tf83f4A98+Yf8hn/Un/QH//W/5T/8+Rd/1O/50V/1m/2ab17+wb/5J7/nyW//0d/06/wGT/+0pP5Lnjz9J1/+en/yq9/1x37jv+j4k2//73/wn/zf/Pm/3pN/6LdM/q6Xf9zJP/fLP/lrft///E//rf/G/+1//j+mv9N/sfVv/YZ/zL/8B/9bv81/+us+/K9/lwfJv/Rb/D0/dfSbfvm3/5Fv/tw/eefyd5/+Wn9f+ms++CN+Yud/+/V+w/p//JOe/X5/+v0/6ae2pn/I1T/37Df4e/7l3+gnf58/83d5vPPf/oZ/za/xx/32f9N/8zf+4//Wb/03vftFf8js3/qD/6pf99u/4o/8xX/x//773vkN/6C/9vf4b7/3a/179/+lJ+Pxt37Vb7vzd/zHf/Lv/7/9I//Lr/3XHf3Y//0brX6tov2Dfrt/7H86vTf5c3+jyct/6Lf9337Fr/HX/TW/5x+SpVd/5G/yT23/9//qb5j/23/x//Yb/gN/2L/8p333+g/++37wG/7ev8/v8df+N3/Df/7P/pl/3//+p/2Wf9PfUJ79Ed/6j/7gPyD70/+Hya/3b/+nv+75f/Tr/9r/0x/02/yrv9Wv/Rv8NT/zi/6gv+87f8R/+2v/dX/QP/3bVr/Bn/EHHf8N//x/8zee/95/a/a//bq/8//xh/+C3+nP+P3/rl/3T/+z/sgy/W1+/z/r1/gFB7/m1erX/11+71+Pgs3ffvVHXv9Tf+Qf9Xf9un/iH/xHXP8Bv37zazz5E/+jf2T8y/+R7/1Bv95Pf+/X2/n7ft3d33e094f9EfThxd/0a/8Xv/ofmv1b/0j+J538if/VH0Vf/S6/3W87e/kH/Vp/16/72/8av/7v/3tvn/92P/a3/ie/7uRP+oOm/9O3/rPmD/q1vv3b/UF3fttH/9A/+q2/79f9e/+3P+Y3+b//njv/0D/09O/9h/6Wv+kP+E3+iz/pL/6b/6i/5A/5k/6gPzj9XV79a//Y/7T687/1n/16v//qD/rN/qNf7289/iPe/UV/6Vb96z36Df+I3/+/+iN++uXv9Pv8Gn/2v/hn/8X//p/9u578lv9E9vx32f3oL/sP/uk/ZPbmn8hn/8R5S//+er/pX/Tr/8Thr//iT/01kvSjv774I3/mJ/7g7/3ef8l//z8//S/e/WV/wO/2LCv/uL969Uf8Fn/vn/gvZH/87/sb/Pj/8k//BX/Fzt/xj3/7j/2Hf+LHv/83/eG/6Lf7Y37nf+vX3KEg/Nf4I/+AP+D0/Ff9kb/hX/Tb//bz33n5a/xFy7/oD/pDv/07/dX/0oMf/KnfXk//wvbtH/pH/74Pzoq/72/+h/783/fbf9765e9a/ld/46+Z/kHlb/dr/Nif9Rd99e/84X/Ok7/r//gN/tg/4N1ffm/1d/1G/0vyvW999N//2b/ub/4H/Gb7H/1Bd979Gtn//ff8wb/h8R/yO/6ef+z/8k/90a//lD/8zm/w6/7mf9SvefAb/Il/3u/2nd/t7/o1fuzg1/nOP/SH/Ha/69/zC/+iP/l3+o//mfR3/UN++1/z1/qdf59f63f+p//kwz/q1/6df80/7G/+5x5u/W+/+dbv/Yf8HvM/7Ae/1q/xUfqH7P1Zv8Wv8Wv8Ib/x3/VX7v6uf+pv+kf9Vb/en7X17Nu/1t5v/1v+0f/K1h/9nV/r1/mzfsvfM/vn/vHf987hL7qzvfMHnfxmf2j+t/yJf8bv+/f9c3/Zn/bf/9d/6Y/9Bn/Wl7/P7/EfffKt3+5v+XVP/p4/6n/4d36rX/s/+nW3/th/8Kf/5l/71/+3/vQ/4Hf99X6LP+rXefW7/vqTrT/yN/ub/ux/8nf4g37sL/pDF+mv+bcd/Ab/6r/1p2V/0N+S/VN/xH/2z/16f/N/c/wX/sm/3s/8Gn/W//CDv+G3TP/IglL+f9fv8fv/Zr/2v7r6S/6OP+TXzf+lXzdJ/8jf9/iz6n/67X/vv/nxP/1//7t/2uX1X/OtP2v7p3b/6N/yv/qtXvyq3+p3+5k/+L988g/8FX/Nr/XiP/6Dv7zz6/3G7V/z9/7gb/gr/5k/9Ft/wNH//jul373+a/7X3/df+sN+4l/6LX/v36P8t//Fb/1Tn/yt/8xv/F/8vb/n3/u//A1/UfKtJ//cb3u4+tav+tv+vi9+zd/m125/jV/rtxoV/9PdP/hv/vsmf9H4t/qd/7q/6A95+V/8of/Sz/zXv8Mf8Af8er/f//anf/ljx7/zV8eTb/9Zv+1v8Oec/1u/3m/9L/3Lf/H8D7389r/y5/8jf9ynB7/pH/4b/K7/xj/1t7z7y/6Vv/H3/Eu/9Y//K//Uv/UX/NW/wR/xM7/5b/d3/Ha/wd/4B/zx/+h//Pxf+ZN+/O6/dfDX/Ha/9flf9Wf8/n/Q3/dTZ7/ej/1vv+53d/+g4rf79ZZ/0V9b/l1/xPTX+PV/4eNfb/Fr/EX/2J/7m/4+f9Gv99f+Q7/u7/sH/a5/bfqb/gv/8282/e1+/c+/+vWmL3+9P+///u3+jt/nz/rX/obf7td/uvhrf9+/6Q//w/6o3+qX/dif/wf8RX/Q4e/12/1Dv9Zf93/9L7/ug//kb/vz/+tf7xf8U7/25Df75Pf/u7Z//b/oq//0D/7Xf8vf/R/6ff/1f/37//pXf/qv+uQP+KuIx/+MH//WX/t3/l3b/9Kf8jh5/tv9tr/kH/53/6k/89/6R379n/kN/uCLv+gfXPxFX/3kT/ya5btv/7Ov/+Dff/Xr/K+/6rf5rZtf4w/5n3+P3+/+d/P/+Q+v/qO///f9h//8H/zi3/V76a9z/uN/2O+8+tO+/1/9Wf/5r7Xze//Gf9av9fv+0a/+pH/lt/pb/v5f9g/9jT/52R/8O/8tf8f/+Lf8oct/6y/4NXd+/cvf89e7+of+iH/pt/v1/5U/73d79pck/9W/9Qv++z/oT/hj//rf+7f/e/65P/HX/X3a6ac/+O//8E//vT/8d/i9f70/90/+g36frYO/92/6E3/Dn/7d/4hf/Sf+Gr/9n/Q3/VEHf+5/85f+Wn/wn/Sv/dW/7u/2f/8Gv0b2b/1dv8Z/9Yf/jv/WwfUf8Mf/hvO/72/8s/6Qv+jv+4N/xz/oj9z/PX+t3+eP+jV/8//qox/7zX7tp7/3rz3+l/6g3+Mv+pP/xv/j7/4b/7W/+9lf9ZtvrX6t9I/6LX7n4rf4nf/gP+Qv+8W/xe/++/xaW3/Qv/s7/8d/2N9+8uumW3/oz3zr197/t/6gv/fX+YP+vj/8D9n9j//kP/qn/tTf7bf7tf/Bf++v+kf+vr/3H/vz/qrH2W/5D+3f+ZP/kH/v8D/+Lf+pv+3X2P72H/GPvP1Df+XDx//cv/bP/Qu/5E/7a3Z+vcs/4DNKQv9rf9of8dWTf+33fZnO/qjtf/rP/fV+079q9Pv/T3/Qv/LL/qDi3a9Z/1G/zm/xP/1Bv8/Dv+Rfe/vb/Ba/4a+5u/o1fus/6w/6/f/UX6P4a/+I3/av+vV/i39qlPxbv8uP/Ud/xI/9Rb/+d/+1n/hbvvXJ3/rX/Mu/03/+h3/8e/+Gd7b+yB/7vf+Y3/uX/TZP//RfY/33H//2/3f5R3z/P/7Tvviv/6D1H/xb/zP/7a9R/1d/4//5v/xp3/2v/6DfsP3T/+nf8K/58b/mD3n8H/1Wv7z81l/503/wf3jv1/i1f/d/Kf2t/4H/8V/5h/6v//4//Pf+pT/+t5zf/Y3/j/G/9Of8xr/3j/0Zf+Hv8wt+8f/0a3z5N//6/+Ov9bd8+U//yz/2/I/4LX+741/wT/3G/+d/+wf9RX/0P/i3fvR71lt/7R/02/91P/73/AG/1Rf/wB/2mx//pv/X7/l//zO/zf/9n/1LD/623+6XHf4Nv+9f/Gvc+bP+iCL9Tf/63+dP/psPfvuPP/sj/9P7f8Q/9ov+qD/uT5/8cX//v/XH/um/yb/wj/1bn/wZf/G3k1/z9/9Vr2Z/wG/yD/zRf9w/8R89/6P+4T9i+nu+/iuf/ta/U/5n/tjWr/+D9Onyf/vD/97JH/Hbbv0aj//yX//bv+Vv/Zv+jr/Gv/6X/nq/9Z/zJ3706M2/+zv+sX9z+pv8rz/xR/xn/9uLf774tX+fb/+RJ//En/9r/t9/86+b/95/+d/wX/1r/2T68Nv/9I/9uv/7r/enzH+7/+3Hf82/53/5w7/73/26d3+DX/f3/ef+0N9ma/xT//wnP5X/5z/17//Fv/enR7/PX5H/fv/nJ3/1n/KH/ov/zCe/7Z/xxW/+T/w2v/P3//rf+PLv/31+13/xN3/xR3zxD/2Rv+6f9Wv+jX/NV//BP/tvzP+mP+kvevUHX6z+sF959kdd/mY/Vv1Jv3bxP/22/+kvO/+p8z/9l3z/d/j9/6V//5f8W+n/+g//gt/33/o13/3uf9j1+k/7J//3X7f69n/4S/7x3/p3/s8/+9P/gD+yepn8+v918m/+xGdJ+m/9z//er/f8t/uHZy//rd/3f/pDrv+3X3f2T/0R3/1vf5vPi7/2t/tL/pM7f8N/8kf/E7/3H/tX/Fd/3B/xJzz/z+Zf/HP/2Kd/1x/5O/9Z3/0t/6Zf+/Dg3/5euvtbJ7/hn/Eb/fF/1i/53X/NP+p3/y3/oT//p/6bP+ajnz773b79h/7P/9Bf8Mn//U/9ur/53/Vr/In/2h/+a/wGv+lf/S/9Rv/jr/r1f/P5v/Pbpf/pr/97/lq/+R/wnYs/6df/LX+zX/u3Xv06v8mf9Gv/jr/dH/7rfPvX+B3/pZ/+G37Br/s3HP0af9N/8dO/48Ef9BMHf8jf9OLX+O0O/qBf52Drt/2Hfs3fafUH//V/xx/8C/6mX/N3/JN+nfsvf+3f9n/7Q/fSX+tbv8av8Yv/kj/kB9/6Q/+Q+tf8DX6zX+t3/4P+4K0/6g/5Xf63P/gf/xN+rd/qf/uDX7/8tX73/+0P+j1+zz/4n/0n/rvTf+m/O935Q/753+/X+Q3/pf/uX/htFj++82u92vm1RvM/+PPf4Nf4Zdkf9ef+8n/v3/z1fsP/fOcP/m//+U9e/tM/UfxVv+nv+wf94f/KP/ZHfPrP/cv5H/VH/Pf/82//M3/Sr5f8Rb/2f/bH/PqXf9Af/Yf+Bn/w9bd/nz/j+//lH/hH/RGf/kV/6P/+7/x6yT/1yb/53/2Ri//qj6j/p1/3L/vz07/9p3733/vv+iP/wP/79/3s7S/617/7P/0az/+3P/zBH/Rv/Yt/8R/zW/81f/hP/10Hd/+sP/h3+0P/xv/kD3ldHv/D/8o//8lv8Dvf/S1/6d/wPzw5/gWf/bX/178z+rf/2M/+2U8+OX/52/yt/8p/WPxVf+5Xf/Yf/G6LEuZ/5MU/dPJrvP4z/uS/6/f49X+Nv+jf/bd+4tf+q37r36r8M//5H/yxf9if/fv/b//siz/9n/r1Lv+u3+BP/4Py3+rf/Jf/kDv/2O/zX/81s//oJPm9/5yLVf5f/stHv/5f9Nde/Em/83/y4//L7/zqj/y1frc/+MWvl/5Hf8hn/9kPfs0f/Au/7W/83/1Bv83/Nj7ferX8v37s9/kNfr1//9f49S5/sz/y1V/1e1Rbv/7rv+Vf+96j0z/s9S/76+b/9adf/l1/2NtPdn7H7MXZv/5T808+/5f/gj/qN/w77v2CP+iPb/6S3/fv+nX/lz/t1/hdX9/9/f6sn/zyJ/6M/+Qv+kt/3+/8ruf/zq/7p/3ff/ev+x//Y3/cr/iv/9Lkz/mz/4B/6O/4NX/P3/p5/Zf993/1r/c/nZ39dpPf53t/1/Pf/r9Jnv756a9+97v9h7/rP/Lr/lV/5Ozv+DP/5f/lD/72r//H/g6/xq/fpr/+b/EP/Xr/09/8x+3+73/kH/Uv/4n/+CfP/o3f7jf7737Rn/8b/kW/xm/1j/3pv+3P/BE/9Tf/l3/nn/Q7/+m//egPPv7un/6bffY3vvr2H/A3/Zm/2e/9B/1mv93v8Buf/ZGfvvxtfuuDP2J88Phv2/mDy//pD/6n53/k37T6lU/+1N/q4s7+8t/69Sd/wO/zZ+b/9m/zz1z91pM/+3D0a/3Yy1dXf+qv++vW385+g1/z8T/1+/4vf/Af/vv/q3/Z9/6pX2/2T/22f+udP/IP+LN+jd/i7/rD/8WdP6L5p+4u/65f97/9i3/X3e+cPf3sX/uT/8i/+E/++FedbF//yb/tr/qdX/6Xf8rV9Z/2R14//e//qz/733x6d/Xr/b6/wR/Z/t//x2+V/QZ/+J/2h//ZR//Ib/qr58U/9Hv/Xf/Xn/Vv/5E//pv92v/w3/L7bv1rv/6v8T9+/8/5Q36N3+Av/n1/z1/4m/7gL7vze/5aX6b/zu+z+iNe/l1/yG/3Z/3hv8Y/9OtevPuDfsff7A/+p3+zX/vOX/Tr/Gb/0a81+vavcf9f+m/+rn/zv/kb/4a3v+PBH/ITO//tr7Pz9u/7J/6bn/iXfp0v/qA/+LN/6Nf8G/6MX/x3/Ym/1tk/9Af/dr99+Yu/9Yf+vf/8H/QbbG196zf7tX7Xf+rtb7v6Nc8O/qBf8Df9zG/7L/3M7/p7/qG/+W/2a/22/9avff/f+rX/5f/wZ+7/Qb/mb/cn/Tpnqz/4X/sTf63fbl7+4//XH/yP/Qm/1nj1h3/+B/2hH/3UH/W//sH//X/wV+7963/+r/nw3/oD/sK/Ofv3/o7f8E968xf/fv/VH/kb/Io/+Ddc/RE//b/96R//Q7/+7r/1R1z9Q7/+b/E3/fn/ylZ++Xv/yp/4O3/dn/4D0u/+TZ/+Gv/3n/fv/9OHv+bhf/TZ7/+//brZyz/it/1T/phf87f/Iz/9r37dP+av/PXr+Zf/9r/zR/72f+v1xT/02/9Bv8HHf+1v8w//Ib/ff/L3/1d/wP949ncu/7E/53/e+4dGf/av+fv90+NXj3/iD/8j/+Df5MtHO3/q7/3H/fZ/Y/H3pU/+tq3f+N/6dvGv/Cm/9a/9v/4tv/ev/2t/8o//qr9k5z/+d3+d5X/55A/7j37hX/xr/93Fv3L+a/yzv+r3On34R/5usz/i+b9R/tQ/+d1//xf+Vn/uT/7hv8vfuPwNf+GftPqP3h7/3b/ZP/XPfXTyb/xNv+Pf/2Ovr//8/+x0+Q//Wn/a7/6PP/+L/su//Xd98EfWo//lz/mb/szxf/z3/PN/zvb/9OgP/u/+sL/iN5z9M7/ot7/32/9Ns9/my//pP/qT/8p/9Md+7d/qzf6f+kf8ht/9G45/wR/8j09/23/xz7z7W/wDz/+pP+dX/Kb/5j/47/wd1X/6L/z1h3/n9u/7z/xfv/H/vfPyv/vHf8M/4B/+6T/xd/zu3/tv/J7/9v99+d8nv+iv+zf/tN/wb539n4f/5n//1d86/Xe2Hv+nv+7oH/s7f5Ov/qnP7mX/yff+pj/4b/8b/ss/5V//5Nf5w3/f3/YH//Q/+6//Xv/WP/gb/t+z//5f+b12/s7/o/6NDv6H3+Av/Q0//Rd+q3/s3xv9uv/23/KbLP7SP/7TP/YP/02fHPyx2//CP335/e1/5A/4U//4T//9v+uXv3j8X/wf/8s/u/N3/k/f/d5vvPdn/Rq/0c7f//f9yr94/M/96//J87v/1m/25t8d/4u/5q/6S/+k3/O/+Og/G/8j/8f/9uX4//7t/tXf6+6v/Vu9/I2++5/87v/5b3j3H5v957/mzn/y2Y//pc//vr/u1/nn7k2Pmt9u97dd/6f/bPY/P773ax/+j3/V//Sffrb4336tPy75t5//xO+1+F/+7NU/u/0P/23/6m/yB/5Lv/EPfre/+I/8C6ZPxv/In/Wb/XG/9j/2+/5Rv9df9n//Ov/8R3cW//e3V//c9uR3+3f+ifG/9Wf/QV/c/S3+q7/lj/1t/4v/bPL8T/g3/qH/5cvtX3L+W/5aZ/f+rD/1n98+y6d/yO7ib9v9437t//y3+gN+rfYf/R/+kovq7/+P6/Jv+We/9ef+dX/LP/W//h0nf8vh4189+lv//v/+7/hzf53f71/7L36jT7/63f7Sf/a3/mf/rL/pPyz/xbMfLP/m//vN//777vzkb7B69mt9/mf9S3/Nzp/27/wlf9nit/n1/qbf60/+W/6xP/If+wP/9v/8T/m9fo3f9D+r/9Kd1+lv/mv/Fuv/bOuf/Y3vp3/zPzv61979Fie/+4M/7lt/xK/1O/1BL/+oX/jX/nfHf/hvNv7v/uY/8nf45E/8Q05+rU/+2r/5n/zWZ3/Xy3v/zKf/1h/0R/xmf9Dv+Tf9+r/Owa/x39e/1k/8bn/QH/ob/l5/0a/5a6bznT/+1/vNf8ff8296+mu/+Y9ePvldP/u3/qI/4jf85D/96369f+H//vX/oj/gj/jNnvzyP+kf2sr/0z/ub/+NP/vlqz/oN/71/6Ff8nv+rvXv8j8l/9726k96/tv8679B8zf+VY/Pf8e/6z/6Q3/Zp3/s+J/69vT33Lv89j/6G977hb/9yz/hD/wnfp0/6jf+9Df7zf/J32//Hzn4j45/2//uj/qP/6Df6Vf8UX/o8/2//v/6S//Z+7/un/eH/vH/4N978If+Cb/OP/tf/WZ/yD/82/5WP/FrH/yDv9XOl5/+Vb/rvX/o1/i3/qX8J0/+vk//9X/+N/rn/6i/+h/9Nf7C/+J/+QvGf/cf97/+iweL3+5P/b1+x3/45cs/7j/53f7p/X9l//6/Pf2H9v/xP+5fO979B7b+p9/q4SfHf9hvfu/jf+mX/yM/9mf98e3/nX+88/o3+r//lX/qD/6dfrd3v97e/z77E5Z/1h/0O/4Bd/6hu7/fH/BbVb/G9Nc6vvP5935h+pf+JX/Y7/a7/69/wD/xG/5Dsz/lT/qf/pHf8cs/+J/9P/6al3/4//3b7vz483Xyxe674z/12/9T9Ut/vf/qn3r21/yev9Ef8Hz6e/0rOz/2+/6+/9Rv+Cf9T//Jr/Pb/pp/3H/60Ue/0/mv8Z/e/Q/+pj/yP/2XvvvH/Za/8C9L/rn/6B/+P+Z/ycGv/wf90b/tb/Ly1/xF5Z9899d69wf8Wn/BH/MvPvy7/uHf4ftb/+iTv/Of/jd/j3/rv/on/p2/72/+41d/3l/6O33/d//jpr/9P/pbX/5J/8zO839oPJ3d/f1/57/lHz/4Y/61v/L3O/joN/5P/6SfHD//i36t33/2B/9a/8lv8Gv+Jif/0290OftDf51/Z+fZ7/An/OZ/3O978OOf/hrNH3Hvd/uT/vjf8E/7Z85+jV/9+V+bfPoH/f6/23/+2/6ZT5/t/CG7v8aP/VPT5l//h36Tv/fJzh/0mx381b/trzn5V/6Uv+XP/Pt/33/uLzn9P/7q05/5Pf+1P3b68tf47X/h//yPH/0Rx3/w4uUf8Nv9rr/Zv/5rPPmf/7j9X/V/T87+jn/61/0d3/6lv+vZ97f+/P/mzfTR23/tb/jOv/6f/Fr/1sE/ce8vS59f/Aa/9uHf+9v9nr/5P/eb//Gf/lf/ycO/d+cffvgLf89f89Hq5LNfe/GH/ti/k/56f1T6n9Lo/8mdn6Gcw//2eya/16/1n5+++Z9+o8//u1/rt/k7fu9/7df4W/7j3+TuH/CX/g7/7e/7X//hf9p//I//zn/Af/PR3/DX/ON/wp/3nz36r36z0e/5D/9N89/8p/62P/Qv/Cf+yb/87/rtfv0Hf9u//Js8OfuLfuPD5J+4+7f8zb/G+c4f+sXf+U89e/u3HH/rLk3Hv/9n/ZO/xm/3u/2xv/hvfvvb/BGP/rXf+0/e/zf+wPTOX/8v/du/6d/8z/03P/m3/CN/+u9d//mf/EOrv/kP/W8P/qFf82//u36t/Sd/+b/x7/xL/8TD/+JP++fHf8ivmfyav8Ef8Pv9FvOv/ub/4PXnzX8zSf6JP6n8mf91/4/9Q/77v+Q3/r9/2z/19H77E7/x7/Y4/fV+zdU/8Vv99M4f/jv+8kX64I86Pvjtfo1f/7f89j80/aX/0JPf9Q/4i/6w33z+5Me+83v+mtVP/EU/9sUv/1//zq2X/8idP+af/Xd/8v/4j379P3bn107/uf/o3zv65X/Hr/Prf/vXWN//A/6Ivd/z9yy++EN/zx//LX7NP+rol//H57/+/3b8W/0zf+6/97/8C3/9b/YTv90//Bv8Ab/Gr/13/e3//a+x+Fv/4U/+nd/mP/y7/vXFsv7Fv+5/8Of8yX/4b/jv/V6/3eGv9Tv9x0n5B/x7/9Kz3+53/at+/XuPf43f8g/4s37T8T/87vt3X/7Xf/if8vf9Rb/gd9v5gx8f/Jm/0a/7j/2jf9E/9rv+Ab/0//qLf6Pf53f6R3/9f+9fOr376vQ7u//bH/Rr/Yd/0h8+/t3S3+j6v/ro9F/43j9072/7j6eP/7g/+nf+L/6pv/a0Ov41f4vf7D/9nf/5g9+w/DOu/+2f+ocmv/7f9PL//if+hv9j/Rv+/n/ab/ozj3+js8//sye/xa/9F/1Nv/a/Pfvnf+LvePNn/7Hf/sMOftk/+hs9/x/+zD/u/p/46/w1zW/+F/0+f8gv+o0u/6e/4df4B36zz7/8w378N/4tfrc/4tf5R1/+kb/21v/0J/1L/9bf+Gv/Q3/QH7C38xf/V9vXd//wf/V/Ov0zn/wjf9xv8j+dHKz+6j/l7h9T/wN/wr9VffTyv/89z/+XX+M3+i/+7tUf+Q+9/OWr//27v9E/S1ney//qP/5NP9/+bf/M53/47/S7/8V/9P/+7k/6k37LP+uP/EP/hL/1n3vyl/3Hv+Gd9j/6df+Of+t4/Bv8R7/G7pO/8k/+936NX+/H/oxf/hf8s8vf4E/4W/7pT//Ov/O//+8//aX/7h//b/1J//j82d/z+eGv8Yf+Jv9wOkr/7b9r9Hv+Nf/lb/Ovnf2jv9df+h9/O/k//pPfcfqn/F6/wT+3+wf/bek/evR3/lc//cv/rDu/4e/zB0x/jX/y7/oXf93/+w/4+Df6De/82r/t//In/xq/7ta//xv/9s2P/zr/9sEf8fjP+93+uPlv9d/9R5M/6488/Av+sH/mo788+ZO+9U/+83/PH/OP/ye/5u/74z/5C/6sf+Kr3+qf+uOz3+jk1/qHv/13PfhX/7Xf6P/6P9q/6e//fV794b/33/Ov/CWv/5knv/W/8of/Icv/+Y87+BX//G//ncmb3/zf+kW/21/9P/4lv/OP/Wd/xK/9S//hP/4P2HrzF/+hB3/07/53Hv+myz/qL/6daUnnN//jss//2Xd/2q9x9bednv/6f9Ef/6fu/fv/1SeL//TLLPu1/tm/66/8K/6SR6/+2L/g3l/z+/97f8lv8Pf/Sb/u6L/7e37t3+f3/vy3+VW/w2/2N/7gL/4Nf8u/bXr8a9ff+t//hY/+4N/s+e/5O/26v92v8Sf86v/zj/t1/6aTX+sv/sf+5MV/8e/85N/ybzz5G/6R3+nv2/nnf+on/5a/Zv3X/Q1Xv+Tu7/vn3M32/9Ff+2//q45//1+3/L+3Lv/8//bTnx6N/r5fZ/Xr/OBf/yf+6V/1W3z89/7S5vnvszU9+wcf/m9/dP5b/hq/2x+V/hp/Uvqf/8Y/+Yt/7Yud7/+C13/VH1r84f/yH/Ffff/3/AWn8z/id/m1ftc/+jf+NbJf+3f8p36N3+x//01/nY9/sz/4//73/+Hf+eAP/i1/tycfjf7g3+L/+DV+4Z/0B2/9AU9+u7/oH/ot9n+t3/x5+lsd/MH/9l/1D/8G+//Qb/GnHf/2qye/5S//h3/Br/Fr/db/3q/5W/1mv+av83v/Ab/2n/XFr/UP/Z6/9u95/OvsH/86o+Pf5Q/7h3/sl/+hv8vo13r3Fz/5LX6349/lL3rya//y41/7N8h+7b/oH/rNPv2Dfr30P/7Nf/oP+s1++g/6Hf+2f+gX/mZ/0K/zlyV/+K/z7//Bv0/2B//uv+Gn/9yv8Yt++a/9n+7/Jn/Ab/VrvPs1/tGffHf6xzz+R/dn/87+X/Vr/L7P/9Bf/+/7Q37nP+vz3++Lk+/83k//79/6X3t673f7Q3/tv+/X3tn5zf+sf+kX/FO/+a//9N2v8Zu+O/3eb/SP/jp/0clv8Kf9oQf/0Z/04P/4Q/6Gp3/290//qD/lP3rzl/9Lv/Nnoz/o1/rn/qH9rd/z6e/5r3/nr/pHf//f7df+TX/3P/Sz3+nf+TN+uz/ox/7gX+f//vt+avd/+3P+xj/56d7f9wft/10fbf9+f9gf9/wP+73+qn/p1/glf+hv97f9w//l+g/9tb74PX/9//kP+ex/+vL01/i1H/5Hv9lX7z56uPojvvg9/7H9/T/rj/v2H/qXn/2jh3/W53/W+o/4Q3/nX2/nD/vtf9P/7Df7ff+1f+yv/UW/w8OXv97dN//w//n8H/ux3+3pZ3/fr/Fs/9f+3/+zj37Zn/dT/9Pv/of+Zl88vfeb/aG//tlfmv8a/8Sf+xf/iaNf+O/+kf/0b7f9v/xav8eb41/w+/5DB7/Rr/Fr/nN/0G/y9I/9D+/8ifvf/jX+1z/6q7+5/af+9v/6n/5Df+9/6tm/8Uf933/By+/8iX/Y7PjNn3jvH/p1ftHf94/+Gn/f53/Nn/X6X/ns87/0N/rzfvx/+/wP+vd/rW//Wb/pV3/STxEJHv86f+hHj36rH/t1/tNfKz15uDr5J/7qP/zu3/f7/9WP/7zf/c/5t8Z/2j+682v8o7/l83/oN/7+7/Q//k6/dvk3/+u//P/4Q1+1v/Z/9R//49/9Q/7zX+dn/vNf50/63X+/P+ov/73/mj/o197/tT/7p/6oX+cP/g9+ncf/6N03v9uf8pv9hw9/73/i7/p9/qnf88f+tb/p3/oj/t3/84/6/fd+7E/6Nf6KP/F/yv/aX+OP+8Fv9+az//4P2f2T/tzf65/+tX6Pf/4P/Qd/o5/c/tf+rE9nv/be6Nt/5P/x+W/8H2UPHv+jh3/SX/7dV3/Qs//zj7q38y/++e0f/K/963/EH1T+vv/jnV//D/hH/oo/4OjzX/7my52/6MtHv+ZP/h3bv9fer3jydPvX/XSU3/ld/9Hf8Q/4R3/dP+DzP+oP+t7/ffDmn/o9/qx/aO/3/YX/55/0u/8+41/j7svf8/Rf+EN+7P/4tV7+Nb/2P/A3/xGnv/cfkb87e/fH/JPv/pzf590/8+3f9E//K//MP+m//MGf89tf/zn/5S/+c/7Kp7/n07d/26/xe7w73vqT/tjpv//sD7jzF5a/wR+a/a7/xt/3v/3Jf+LBTz78s18vfo1/5eBv/r1+5m/7Nf+Af//X+C3+vT/o8cHJ/X/t9/zd/7U/aP6v/yG/wdP/6jf+dX6Nx//ak9/h27/GH/RP/yGP/7Anv9n/9mv+tn/Xr/F//8e/y69xTsud//Cv91v9R//3P/4H/5azP+i33P+10l/jD/n1fqPj3639Q7benSQ7f/BvX/4av1X7Z/6Wv+fxv/wf/UG/8M/6h3+Ln/k1fuu/67/6Df6j3/NP/R3u/FYvi1/nL/qD/tk/7h/Z+uXHv87fl/5Wf9B3f8HqH/otn/5av9mTX/Nbf9uTT/6iJ79L+gf95p/+Q3/Ob5L9Fjt/8W/2N/xD//dv/us9+Q3/qj/kN/n27/n3/vH/xG/ym/0jv/X//lf/R+9+80//qF/7F/13//Kv9Vv9ur/v3/eH/Fbf/ofv/Wa/9uff/kMPXv6ev+Y/9Uf9mv/TP/Rn/Fn/2OnBr3Ha/kG/8x/wE2f/2K/7m775h/f/s7/41/6dft0/4Nf4R3+Ng3/6v/3Nfv3dP+kP+nP//D/s0X/3a//O839098/6R3+j/T8h+a3+pT/l/3jzh3379/2T/7Zfu6E48b/7Q36d3/PX2fn7/tC/6o/4dbY//UOT5//Qb/k//SG//r91svcb/Hp/wO/569z7t7JH/8Bfmv++/86zv+o3zb998mf9/f/QX/sTv97OL/8TZ//UH/VbPf+D7v5hf9Cv8+f9ob/OX/Yb/LoHv8Yv+rv+sF/zN/iJsz/vr/zL/9d/8S//l9/++n/dr/P7/n2//W/yxz/9/E/6Q3+n3+yP/D//pb/2zW/2h/7p5R/9t//kH/xnfvs//fY/9oe9/av+6LP9X/s3/d/+xc/+kumv/6/9YX/V0X/7f/+qv+1f+sFv8jv+/T/4g45enP7kL/+XfrPv/zr/2P/65ZP/6Q/55K/6g36tv+np7/hfHP/Wf9ibu7/Z7/lH/fP/yKOnf/aPpX/o83/o2e/3U7/j/7L4y/7a32DxL/8hv9u//Au2v/1bPP3D/6z/bPX3/UP3/qr/bPTb/dr/ze/2O2d/9h/0T/zG/9Bv9Zf9w+v09/30t/uHfp2/6suzl//Nr/Mb/aN7/9K/evi//UG/6W/2h/7aj//Qf+DP/keP8z/04W/wOxz8Tv/on/wb/eSv+K3+jZ3/bvLg9/zWf/Jn/0O/xp/1axyU/9r4N/pH7/1Gv/aD2cmv+W/9M2/yk//0/B+9+8+dvP7L/6mdv+zbf8xv9k/dO/iHdn6zX/t7/8uv9WP/xx/y8M/6R/+sf+ov//f/jV/j7/6Tnv5rv99/9hf9Bn/aH/D7/Mc/9bufjX+D/3b8p/3Ep3/1H7T7fzz7Hf/4N3d/q+PZP/Jrjdrf7Y+a/75/3eifevbPPPuNf7df+//efXf+W/zN//S/+9v8Qb/dz3znP/yb/ojkbzr5bf+9Z3/p//GP3P/l/8jBb7f123znn/k1/rhfZ/mn/KnN6L/8PX75L/xj/qrf8+7Byef/15/y8Jf/Wv/Ur/lPPt76/ODNH/OH/1N/yI/Nk73f4F/+jf6x/3znH/rDf+3VPzra+kc/+VVPHvwGf87d3+jX/gV/yX/39/89f+Uf9y/9+Gd/zce/1z/1dG//X/gzfqv/9q/+s//KX/sfvfj1/tyL//t3uvtjf9Sv/Xv8ef/QL/kv/sryt/qx/+X7/8w/8Jv9G3/vP/bH/kHP/sO//Yu/8A/5Y/7VX/c3+OP+wf/sTy3/pT/il6THv8av82scP//nfuOX5/ffnPxG/9iv8Wt+e779+A/6DdKzn/nPnvzmv87xb/0H/Rq/UfkP/avlP/Q7/xrHv94/dvzr/XvHf/x/8Gv+5i//gN/y4A9u7hz/ro//4K1/7MnoH/s1fsN/6/jX+fTX/G3+3H/4T/9P/qDf4Zf/mv93+pv9w7/GL/2bf+M/7sm/8jO/xm/1M3/Qb/S//sO//m/wB/+zf9Xxr/0zv+cv+Pwf+vVHv9bv/if9Q79bevyb/W2/5yd/03/9Zz/7h367v+jX+rWe17/bX/prfevbe7/W/G/5hQ/+oN/mzR+c/ma/5/kf/VuOfvk/9Rf+OfXyd/tjf6vf7eQX/E9/0Lv/6bf7B578O3/tr/hDf83vjvf+pf929X/8Wv/Ab/xrn/5hT9d7f+Qf9Lue/Lvj33Pnl/8j5b/1j3z2e/9L+3/SyWH6W1b/zvFf9x//S3/mf/WX/ll/2z9x9s/9oTu/ffK//utPDv6+X/93/eP+0N/23a85+tv+4V/j4OkvmPxhP/H3/UO////x8sk/9eNf/Um/zpt//jf7Rb/3s9/6n/qDV1t/wsFvM/rff7en9/63f+Qvv/6D/vb/4h/+33/vf+o//+tPf932n/6zfubX/rE/6x/9O/67P3Lc/qN/9fWvvfe7Pbv3B/x6D/6A3+0X/WO/9t5v9bv/30//qX/48K/6J//Dv+HX+V9+vT/qz97+Pf/uX/5H/5MviOX+tbt//q/7l/+aJyf/1F//8M86/YN+s3/0N/mtT7Z/1z/00//pk7ujX6N9+ecePP61H/xLv/bey/Hh//av/LJf4/nO/h/2q/6qP+jxr3H6G/y+f/ibP+oP/nW+/Qf92B/1j/8Zj0/+/P/oD/0nfuE/Of7N/qA//1978nf/97/Wg3/pH/vFv/zZX/ML53/t1q/93/wf/9Tf/19d/MG/+a/zu/7rf8S/+g/8Q//x+I/8pb/en/JH/Etvdv6uP/THfrff4qe+/x/89X/Sr/EX/+Z/0tPRP/TgP/ref/6ty//8n8h/359cfrp1tvN//qNf/vP/yK/xz/1Bf8qf/1O/6f/8h/7O/9xf8ut89qd88oed/36nf1L+v/1Db4p/ZvufOzn63/7o//zV+D//X36TX/ff+0N+7X/uD7pbjn/Zwa+x87v9d7/xH7/8g36jP+TX/tN+2R/8H/x6L/7mP3b7N1r837/ot/3rm5d/4b/0b/wjv/wf/kP+3vE//iem/+r8X/rTfrv/48mfsvX7P3j5P/w9+e/2B/1W//DZX/Zjv+/f9Ov957/gd/yD/qd/snjyh/747/Tf/95/5T/1a/xTf8Qv+jt/5S/6I3/rn/rXf723/8e3/5a/699f/t7f3tn5k5L0L1z8Tv/up5/9Bnv/3B+6+/v+Bv/56J/653/7+//b41/77/vf/5Hf6N33/5HVv/97/2/f+U//rz/k7uwfvff4f/hPf+of+6t/+3/77/3W33H39/11fovv/yt/76uf+pMe/lt/1m/1P/xZf9l/f/dvOnn7b/3Bv/PBuz/mT/vf/vCLf/Tkf/u1Pv3+b//ut/oN9v+gk0//oX/81/iN/pHdf+4//+7v/mN/4F/yN/29v9NPTn7nP/jX+c3+qt9h8Tc+/LFf+x//i/70f/D3/P3+yN/zP/iNf6Nf5/6v8w/9xm/+0d/q1/j4t/8NftFv9Bv9IX/Xv/aP/FZ/1D/0J/8az8f/0PFv+Yf+Q7/pn3b8f/9Wv+z3/51+jePf6eUv+m1+2z/gx8vf87fc/zV/nf/oJ5M3f9Dv/qf9z7/11q/xG2z9wb/9wa/5a/45f/Bv+Gv88b/D/B/5Nf+D499p9Y/8+i//zd/g9/w9Kav5F3z+xe/yZx3/Gf/Jr/GbPfuH/so/8Pf8Tf6jk9/mj/o1fret3/MX/sw/8uv/Gv9x8suPf4u/7cmvs3ry5yx/zV/4e/0vv3u195t+9A8lf9nv+ev/nv9IOvs3fqc//X+58xv+6vI/+rV+zd/77Se/9k89+cXl2e/2Yu/ve9L+73/Qv/m7/9q/aftrTPf/sV9n9u/82O/51//D2clv8J/VD36zX/ZT/+6vtd2e/Ia/9cnh3/XPrH+jf+gXLP7pX/381/7H/40/+rf6o37t3ee/xn/9+/yCn/r+r3Hnv/z23/Kb/SGP3x3/NQdP/vC/N/srfuqfGP0b/+jfe/gv/6qn/9jf+/rX+Rv/6V/2V2Y/9T/9kpdHf+Cf8+fM/7r/5J/76/7viz/pt/gffqN/9Nf4q//Qf+yv+TV+n9/pV/whv8Gv/fs++cNe7n3rN/3zfs+dx3/e6Df6J3+jX+cP/3d+4X/6a/1vT3e+/Q/9wq1/+9f5jf60B//Zv/Rrffsf+qt+3z/0N1z/ng/+tH/0X/zei50/7w//9f/Ef/zX+pP+oQf/WLL33/0jv+7oH9r/+36Nh7/ZP/T3vPo1Hv5Go1/rV/wh/8t/9nTnt/gV/+X//qf88f/nH/nb/6r/dP83+H2O/qyTv+kn/svt0cm/+Xvs/7J/7Z/+Lf+832z0x/2j4//qD7r79/0jn/6Jf8Tur3Pyxc7nv+OveXG++wvu/x9/5MFvnvzlv9Pv/fv+/n/Mv7r8R3b+ol98/Mv/zu2/LRn/S39a+xv9nh/923/IzsHJX/gvXT4o/9H/+g//w373L/6gX2f27/3Xv/7pf/OX/tLv/hF/0OFf91/80n/t1/rb/4DvPP7jfrPF7/WX/vqzP2f/b/uj/4GHv8bv/Bv9S2f/2z/y6/xWf+n//dv9S6+2f91f++A/3d/+RX/oT/1lpzv/2z/2Vfr7PPjz/rHJHzB5sP+H/pu/69ndb//Dd9uTX/AXrFYf/9N/xOPf4H/5+69+1d/7x/zB5//uv/J3/Mm7f8A/+vg3+rX/wN/jd/qb/9TqN3/zYPW3/rP//P/5h1z+hv/9uH3we/5P/82zv+T3+TuXv/y/+kV/6V/00Z+58/v8PX/Qr/n6F/2zP/HX/4G/zRe/zq/+FZ/8Y3/dH/gLtv+Q/+PdL5p9+3v/98t/43/5z9/+m7/H937BT/wl5W//r/6lf/Tv/1v9Zf/Zn7L+i/+Mv+53+EefpP/qV3/tT/4Gl9sX//w/87f/tX/mb7v8B/+WP/zP+snyDz5e/oZ/0OLw73z72z549A/8ei9+g9/mD/ne3/mbXfzu3/6PPv1df59/+Df76X+6/vF/94//c3/93/Rf/YWj3/MX/pp/9r/9m/2GT57/TX/mPzf69//Wf+/f+fNOP/2Pn/4tv9n5P/sX/On/3h//3f/73vLf+91+uz/vf/o7fttPf+xfffcb/wbrv+6729nvdvW7/5Lf/pf9pf/k9//hv+43+M1W/9kf9WN/2m/y9p9/9Gd/8gv/x9/3F/wuz//k3738N3/d32cr/93/9Yf/7a/3Wxzc//N+bPonffLH/gbZX/nX/1F/10+8Lf7n7//d/9nv/J/8+v/Ib/yb/bJf9Omf9fGf8rue/HkHf/Sf9g99e+f3/+d/we/649/5rf6T3/Ov/q3+2OTjX/ov/WV/4tEP/qHf9df8nY7mv9Yf9Rv9GumTP/qr3+Jv+o9/q/url//JH/q7/zm/96+VbD37i5788T/xB/xLv84f/lv8Q//Rf/THJX/QX/y7/SnP5//bf/SH/h6/xcuT3/i3+t/nf9Gv+ebP+KP+oN/yxUe/3a/9x+x+9Hum/9Sv9/IfevInjH76f/sT/va/7Pd++6/80x//xX/c3nfy8p8+/Y3u/B2/66/32/3gF777Q37bf+Q3+tYv/O0nW+9+4Z87e/e7Xvwh5//3n/K7/pF/3vmf85v/kX/Y5I/J/ojf9g/4hS+zP+THfr8/+x/6g3+t/+Wfe/3HHX/8v+392Z/+A9/7a37j3//P+Ym/6Hda/k47f9Bvf/4b/UV/wJ/9O8z+7dPfrvxL/ul//PXbv+r6j976sX/nT/oDfs3ir/h3/rK/4Ld99Gf9Eb/dr/87/Vl/xL/+W/41/9Hv+md/7zf+j/7yX5uw+4t+7e/8g788/bOL3+gP+Nu/u/un/sXtq5PD/+gv/u1/vz/qP/7D/5Dsj/mPs39zfv03/ev/UvZn/65/xm/78G/7y/6i3z759rt/4rvFu9/11/ztfu1y8V/82Rfv3v3Bv+3v97/+z//Qv/Ob/H6rf+i3nXz7Tzr/7i/9md/1+N/+Lf+1X/Hr/lm/yYt/6s/4nX6LP6L4J/6jf+Z3++v/1t/u9/vv/u57H/3Bv/HBX/zVH/AX/Pd/0O9y9kt+84//7d/yF352/Op8+Sv+oN/uF/85v+t/8f3Jl3/Rf/s7Lf+FP/sP+le+9X//Fb/rH/lq8gf/2ce/5u6f8dv/bh/9iX/Yv/wP/7a/9fk//Ief/ZbffvlP/vY/fflX/S9/ye/zR/01//vf+Qeu/ul/57f5fV/8KX/L2V9y/tv/l7/L9F/6mePf4dHfdXbn7/yp8//m7/ltLv6QP/uv/G0/H/9Df85/+wf+YPcv/jO//zf9z3/Ibzf5k/7sz/+QX/Mv++t+8N8v/4Hf5w/4g36zv+nv/uP+3D9g/lf8AX/I7/e//IJf48/+/f+I3/6P+HV+0d/0J3/+h/z+f8bZ7/XbTf6Uf/hf/W1/v3/nb178ttN/57db/nmf/lH/zZ/z3/zU6ifOD37sb3j4C/+s8z/od/2H/9zf/nf6Nf6LP3f6n5399J/xO8x+g1/viz/t3fSP/+TP+fv+hP/roz/2n/gPfvc/7Pf/r17+xb/7f/B3/Q3/+K+z+0uv9/7M5R/xq3733+4X/sSfk/+ZH/0Fv+t/XNf/2Z91/Of99ucvL36ti5d/z6/xZ83eHPwVH/1rf8H/8hvOvv1//41nZ9nv+H/9Qf/wH/v7/W2/8BeWf+7Z//7Tv/kfVx38nr/u3/O//ZH3fvAX//HZr/Fr7/y9f9O//5//cX/x/q/4Jb/+b/MLf+9/YvdP+oN/4R/62T/62/4rf9I/ce9f+TN+wz939mv/9v/mb/BP/Lv/6x/xx/9pv9vFr/Xv/EvP7p7/ot/pT/nL/sbf9lf/W3/ko3/mX/4Npy+L3/a//9/+yJP2+Df6/X/vf+x3/Rf+qj98+584/q3+k7/v9/pt3/ylP1WcP/iDfsvf5A968Lf8Qf/4r/HrpX/cv/AX/aG/3T//X/3j6fIP/uP/7N/sr7x/dp3+qX/Yb/4bvfynfuGv+flvcPz8D/uH/7K/4Xf9K//gf/T6D3ox/ov+1D/w9/3vf5d/7e/6g3+Dpy//2J9+/h//Wt/+q45/jf/sb/5jf+rbf9Gv99Ff9UeM6l/0Bz/9P//S3+D3efmP/Q6/23/86/x6f/av/xt8kf4hv/h/+M3+yN/9N8iOfr1/5B8mH/mP+F3+tvSX/t9/5B/wa/76/8ef9Iee/ll/8J/xy/7pv/y3/B/+pD/4N/rjf8/f+Df/U36dP/x//ZPSrf2/+Df6vebkV/4Bf+hnf9Hv+Wv/xH/05Lf+F/6hX/87b/6j3/pk5w/9Yx//YX/oT/xH/9Bv9Gs/+TW+9dv95r/m9b/wW/4Fv8Hv+Q8lL/+kPyRtf9ezf745W/4Gv93LP/if+Md+m7/p3/rDf53/41/7jX799h/9A7Z/r1/vr3v3D/9Gv/5v9Jf+jv/UX/X83l/2H//B7a/5l/7x/+Jv9k+++W+e/iF/+m908sf8Tf/Iv/e3/tJf9Mflo//0J8sn/9rv8Rv9O7/eH/C/Pfk1/73f84/4tX/h7/5XL/+s/+gX/BP/0j/9a/xuf9Jfffp//ZZ/5H/1m/2jf/5fdvwn/OCf+o9/3bv/0tZ//W/863/wT/35/9Cv/c//T7/Gvf/u+E/4Tb79p//2v+Xf+6//9X/W//xr/dH/57d++1/v27/eP/3f/Wm/0W/6r/03X/3pf/b8t/5rVn/Ib/kP/dG//vZv93//q3/9R3/OL/yX/rt/8Q/4R/+n0//iz/nHf8Pi3a/92/0b/8p/dfcf+IP/xp+8/od+wW//j/6Zv/5P/lq/0d+894/+2vf+/Dd/40f/yO7Z7/PH/rb/wP/2R/y97/7JP/bR7l/61S978q8+/+f/8T/xW7/dP/Q7/os/9dv+pr/wV/xx/+fv/sf+tr/e//Zn/dP/3e+5+69kf8lv/1+8+/Xu/lH5n/hr/Xt/yK/16/5Nf+abP/d4dPhv/9q/3X/2F/2Rv12S/np/wN/3a/9p/1b6B939/bK/788p/9Bf57f5g//x3+Snpn/XX/DH/WFv//M//Md+zT/6f/lN8z9u+y/5xw9+x7/kr/n0H/uL/52/5Lf5+3+D40//kD/5D9//h9789n/T//ZH/jr/67/xR/yaf8D0d/iHfoM/+PAf+z3/ro//6T/kB//UX3364C/I/oTrP+g//Y3/zt/uH/sieflr/G1/+1/62/6ep//Evb/pP/tjL/6rX+t3/LX/pX9i7/kf9Mf/fv/TP/Jr/o+/92+583//O3/wX/U//nb/6f7i7/r1//X/6+Hh7/uPPf0F/+TBH/Hr/Bf/+j/wpz/+Q3+tf/s3+Ms+/+lf40/4A37mzu/+xQ/+g9/zN/z8s+nvffd3/PztP138aX/E3/nRH3b3l/zfB//C6O/6iX/gl13/Zdf/7W+5u/fP/a5//H/9L/xDf+m9l//wu/xv/j1+6//tL/roN/q/Pv/up3/IH/fLfoudO/9ytvPH/sEHf8qfNU9+4T/9V//jv8ZfsPsb/RF/1vlv9m+nv8HOn/Af3/m9f+bdH/23/gb/5J/67/6ef+T0D/uH/vaPfuE/fPhvPf6H/sA/7z/9Hf+drT/y0+f/0W/0+7x88a//13/u6W++/JN/4/Qvqf6ov//lH/kP/F3HT/K/7R9+/R/+9n/Qo//1T/4P/po/f/bb/Au/we/+j/4N/+lv/tXf+N//Lr/w3T96/9f653/HH/t1Tl7/L7/d7/k7/vo7f9T0z/qPHu392O/2byT/1e/wb/0G/9Fv9Ev+tn/+t/xT/9L/+8/9i/eqf/9v/7P+kV/7t/m37/z5/9Mv/J3+lr/rD/kN/qrdX/f7+3/lb/DgN8v/kvFv9hv/D7/Of/Rr/bbzX/+//b/+3D88Xf1Bv+EXL/Nf74/6m/7gZ+Uf9Bs83flDf4s/5+Ff+Guf/kM/9j/8on/kt6j/oV/3Z/6n3/U3/Ad+75P0xR/8a/9Of9Wv+Wv9Lju/9u/w1/yqP/I3/eMmR3/t7/kP/4LVv/Rr/7Z/0X/0a7+hLMSf85v9wZ/N/tbf7A//p/6xe236LyR/2T/0G3/nD/jD/tij3/Mv/qln2W++/4f8Wn/iy//5D75+9mskv/F/9Y/+mv/Gyz949K8tfvBP/EH/y7/9Y3/V5E/79h/0O7f/zl81/7P/5P/q6g/+T3+7f+s3ePZ7PP9ff63f4rf6Nf/4v/2r3/PeL/yL/vLzv+of/W1/q4Pvz//g//lvuPjnfu3f9F/6Nf7Ju3/Bf/zHX/xGf9Gdbx39kfv/01/8a8/+sP/ot/mzfvE/8Wv9bv/RH/7T//df9St/t9/3F//Roz/tT/4Nyz/tt/t72j/rn/k7/6V//PzXeP2b/Mv/QfrX/xPt//qH/A1/yB/xe/+rf9av9/f8F7/i1/qX/qX/+tf9x/+U/+Zv+N3+87/2r//Ot37TvzZ/9gv+l1/jj/v9/6Ff+xeWv+Nv8t3f7Tf7jf+Zv/onfq2/5w9Y/+Zb//pf8/v/Vf/sdz/+NX69v/kXfnr37K//O7a3f/z7u7/Zf/GP/DV/x1/+1/4h/+dP7/3ev2L0+83/tL/jb//D/8Df5x/8w178Bfnv8L//xb/dP/bf/Lr/03f+pn/gH/8d/7J/+O//y45/k3/sH/6dxr/r9rf/ud/+7/uD/vv2j/hr/pw/+DdJfs/f98Vf9Kv+mv/o1z3/A/7K5ynFWL/tR9nv+Pv9xfm7X/u3b9Pf8c0f8Otf/kUf/1vnf8mn/+Pe//5r/baXf9BPt8e/7T/2a/wO/8rnf9gftvUX/Su/V/lP/Mc/+e/9hou/4p/8aPSf/Ak//Q//D/9F9mv8V7/e2z/g//6Dv/Ny8vef/8f/zh91/Gv9e8e/3eM//N//wV969kv/0zu/3X/x2/1F//Cv+Zf9U8//pj/yF/zSH/9tf3D8ayW/56/7G/whv90P/pMf/Ft/8KrOXv1P2a/19x3/Tr/b7/mn/jZ3/tifzn6nf+43+d1/vR97Wx7/9o9+7W/9Xb/rH/Dm9/yNfsFP/Lp/wX/82/wh3/nt/ry/+Nf7E/7i3/FP+Yt/uz9r9Ued/8f7v87iL/rX/sqzv+6/+hf+iv/uB7/Vf3/w4tf+hX/T8W+0/I//4N/pozv/1H/52z7/g/6Nl3/Jb/AHHf9O/8yv2Tz5A17+ev/5b/OX/Z5//L/3P/1ev/Af+c3/sF/zL/rjjn/8nzv+136db935I/7Qf/g7H/86/8Af9wv/qr/yt3z7H9/5c45/8X/2u/4Of9tf/N3v/Pq/wV/9l/2OvzT7nf6W/+K3vPhH/rCX3/7r/9df57f4+D/6HX/m17j8+/7L3+6fy36Nn/k1/rjf5k5RZr/+Ovtnl//wr/On/N/T3+1ve/vbnv8xv84fcvz3/1+/5t/3f/y3B+1//Nv/B7/rg5/8iTt/0slv89v84X/Pv/Lf/9F/1x/x03/S8e+4/Id/wz/hH/0HJ09+m59c/P5/yz//Oz//A37h/1H8k//rH3f2+03/xF/nL/oTf7ff8xf+Q//E7/57/9p/2r+y+FN++vf8bX/BP3TwZ/wjf9Ff9ey3+aj4bZ7+Gj/2J6W/xt938qeN/6Lf9u/7mx7+Jb/rP/GT/+XvMv6Dfo2P/uFf4+/6g36DN2d/+taf8J/8eb/Gb/wbPf1Py1/j1/2//qL/9H/4h/6Tl3/Rb5b+mr/Ft37PX/O3+jV/o9/3D/jzV3/Rjx39Gr9Z+gclv8Vf/F/+9G/y6+4f/5a/76/x6/0df/Wf/8/9Gr/Zp7/On/ub/EO/3h/3L/zmv+Av/g23/uPf6B/5j36r3+E/+k0/+ot+67/vb/izn2W/1dbs1/nff43f+j/7p0//kD/s84/+ol/zD/uPfo13v+evufVf7/9RH/22yW/+3z//ZWft/338C45+rX/5n/qL/6G/7w/+lb/RPzT6hb/GvV/v81/rP/trfu3/Jvvt/qDv/Fr/0tNf8+/4i1/+Tv9Q9l/9xb/jb/MXHfy9f/Bv/wf9w+mv8Z/+Wn9p9mv93n/Ur/P89/wFf98f9I89/zV+l9/v9/x1/7k/+O968wf9gv/9H/kNf71f4w/8ff+Q3+EP+F3f/tTJb7Oz9Ttu/UG/1q/3D3/33/trf7v6b/4d/5Jf8x/6K/753+n3nH63/Rt/7X/nN/y7/pVq8jP/YvmP/fS3/o7/5tf9a/6iX/vZJ5Nf77f6PX793+rv+F/+ol/wx/zHv/0/8hd//Df8p/t/wz/6q8d/wP/69335x/8N/+mv9Qf8sd/9C45/xz/oD/7tf72/7ejj/+LX+VP/4+mf8Z//Jb/Ff/Xr/Ea/2d/17/wjv/Z/dvqb/HM//X//vv/aiz8q+x3+rdlv+fE//uK/+8N+2//t+G/7z/6h3/Ff+853/55//K/7qe/8Dr/ff3T/X/wX//D/4D/+/pM/qP6b/uHf/i/4137D/+r/bn6H53/F7/iX/UG/yd/xF/91f8s//lOf/q6/zr9w/Gv9A//x3/lXZL/LX/YHXf0pv/Zv/xv8Q7/TH/MP/Tb/1R+79fdMfrt/5F/79f+V5rf7H/6J/b/pP/61/qFf83e/HP2zv8PzH/wrb//+f+r89/sX/orfef/OP/A//HX//p8z+QV/yB/8p/wGP/3r/1XHf/+flv02f8k/9Wv+fb/G7zT+h/6QX+u/ufMPHP/6z/+hX+dnsr/4/PWv9a/9rouXf8lv+4f8mh8f/bG/Xfu7/rZ/w8e/4+/2e3787vR3+IW/5+/wFzVbv97uH3t+/Nv/E8f3n27d+QP+4u/8Yb/m8+o//kd/5nf9df6ZX/O3/5OyX/OX/sG/xR/9j3z86/xVL+Z/0u/2p/wVv/v/3v5Ff839R3/NP/mDf+s//m3/mN/zT/3Jv/nN3/kb/eBf2f51/pm/8rf5leUv+bPe/KH/1a9V7z/5jS7/4d/+Bzt/yZs/6Df5v/7Jj/6Uv/mX/Vm7f9H//s9977f8v+e/Rv3jf9STf+Sfrf/Rf+Gj/+q3/aP+4j/k7/vyd/yz/uDf5ff7h37bv+Yf/u3+jG//Tv9k9t1/9B/+XV/+Wr/zn/nH7Yyn51v/0e/8R3/02/0tf/CP/0V/8MeP/5H/7u84/yfr7J/9O/77n/gzn/7C8z/ot53/yQ/+jv8i+VOf/IJ/7Xf/+3+7/+rHn335V3w7vf9r/DO/+5/1u/12f9sf/Gv9U/O//9/4vX67P+0X/ra/2x/06/xRv+tv97f99//ebPLb/i3lP/lr7Bb/Q/nvnf+lny5//N+//EPv13/xTz/9h37L9nf9Nf6k/yip/+Lf+bf4p3+7v+sv/W1+wX+UPCr+vh/8rn/yP/Djv8Mf98Vv+1/8Gj/25L/+td598fF3it/l3/g9f4M/5w/67A9Kf/Nn/9Cv+9PF0V/1D/3Yn/MP/el/0B/wa/82/+bj3+J3/fWT//jX+OP+gN/82e/5W6a/54/9S//RJ39u+pv/M+lv/uf8Q7/Rb/T0t/gt/rEf+/P+7//o5F/7p3/sb/gTkj/jD/ixoz/gN332H/8af8nv+Vt+5z/6NT76XX+LP+4P+rH//Q/4sZ/6j3/Tf6f4sV/vP/sv/oAHT8q/iNalfu2f+od/7KO/6Dd/9Wsm/9x/9Gv8Xelv8Dv9xb/Bk3/ki9/4f97/mx/8Rn/3X/Hb/lZ/0eRv+Yt/p1/rT2z/rj/+H/5H/qnf5NOf+B3+gz/o49lf/Lf/MX9x8q1/6MXPHP+O/8ef/uB/efY7/gV/8e/4P/zFv+tfcvz3/13Z7/gX/EW/1rd+z+//B3/wT/zy09/x70t/2+d/4z/4p/whv0P9F/+Df9W/9Ov8Nn/kL9h7+/v9NT/9+/3Cn/41f/kv/G3/jl/40z/5xW/0f/wz2e90/jv+Ff/4L/oFp+M2/Q22/qPf5mf+oV8/+Yd+/f/jn5n8Tr/GT/0W89/hz/o1f8v/6ad/h9/pD/jr/7c/+Hf8bf6qy588efu3/BP/4N/xC+/8af/wR+Xv+mv8B3/583/o+Nd78mf84X/E7zqr/u//+Ldb/sG/81/wH/+Ov/Qv/jX+oo9+x2X2x1Z/8D/1H/zuf8wv+e++//Sf+/Un//yv/+0/4Hfc+St/5tPJ7/PgD/m7/oZ3P/5bbP+OP1P+9n/E7/ov/xHHf0zzR/7h/8pv+Tf/Lb/d7zD7A/7+/+HX+23/kV/zt/1L/uJf493vmv1P9/6A3y7/v/+Kf/jX/oeOf9vLv/g3/g/+ot/xz/lvZo//gL//P5j/gj/mD/rNfoN/+Lf/67b+lD/7/Hf4O7Lf8Xf6PX/n5Du/3fP/6Cf+jr/ud/s9/pH9rb/yt/8XP/lt/6T/qSQL8it/oz/ko63f8W/6h3/zf+U/+rFffPzxn/KHfpEf/1r/6z/8m/zC3/M3/cf+gDu/yd/+u/9df8mf/ef+qn/hd/uDfq3f6ff8NX+9//LFt9e//rf/ot/xT/pPf63n/9Hv+Cb9Bct//DItf72DV799+a/943/BX/zb/xY/Vp7/w7/L3/Qr/vTf9F//Xb9973f4Fz768//e3/V7f8zdj37y//72r/X8H/34T7n4/f62/+qf/af+1n/2z/mff7N//Z/4e/+H/+4Hy+Nf9/f+tX/3X/wP/9a/zx/6Y/9w+ePJn/LP/Vl/5W/w13zrn/uP/rO/cevXaN78Qf/mR7/Pv/BL/+Hf/G/6j3+X/K/6ZX9I9gf/Ab/9v/9//ce/zx/yH/+z9fT8d/yr7j9PP/tDf+K3pSj63V+U/EG/62/3h/xbv93v9nf8Tn/mP/Jr/R6jX/Db/J5/za/33/5x/+Hx/771N/62/0j529/5h36d+g/95M1/+rv9en/Ar/V3/Me/4z+T/bbtH3zwF/w+f/z/8I/9mn/IX/zH/Gd/cfUn/KGLd3/l/l/w/B//wa/5p/y7f9Ff/R/9tf/A5R/8m/2V5a/55Nf77f+nnT/sbzv/bZ6nB3/rX/+7/On/2R/9U9P78z9k/sv/qD/x//gN/qTJT935zr/6L/30f/zr/RGT5K9If+M/4bf4y17/J3/yr/V7/jp/xH/6H/4Dv/af9uv8jg//nT+g+om/8Td483//Rb/W//J7/gb/1++5+mf/oV/37/hffs8/4C/6TZ//nT+W/hq/xtaL41/vt/31/q4/6Nf/pb/Gr/vP/Rq/1v/6Dx39Vg9+7f+s/kW/6F/4dcs/4MeeP/i1/7D/6M8u01/rt/k3f2z0N/ydv+Uf8Fv9vr/n0+/8R7/1P3NGIjP+7f/gZPVrfP7P/UHP/pJ/6Pf8Qbrz/d/z1/7Pfix59Rf/5i//4l/zO3/Qb/it9Lca/wH/4F/x6//u/9gv/MV/64PXf8s/8eu0v8YXB5Nf67f73X/7/+Mn9v/q81/j8X/067zLfsu/7fi3nf3Fv8Mv/WtfzP/yvX/rL97/jf763/ZvyX7H/+rXnPyR/+nv8u/8Q1/+Tn/R9s9kv95/8Gv+xr/2X3H2x7/7nf6a3+yf/Cee/fZ/S/nb/j3v/tCDX/gH/1Z/0R/y8Xd+o3f/1m/3d/x6v80/9sv+ol/j/3h98gf9gp/5h3/RX/TH/uH/6uvf+bf5Q37HR3/7b/wv/Mef/Db/0Yvf5P+eHBz/p7/17/Crfp+f+vX+yj/m1/ynr56Xf8uv99v+E3/qP/s//hPv/pU//u1v9Jf8JTv/1G/4f/0lf8mnd3+7P+Qf/nV+o//k9/7Xf+aX/UnH//y//TO/7O/Jfo29ya/xG/0ld/+1x7/d3l9690/6h/+Kf+Kjf+FX/r7jf+Yv/ku+9a1fJ/2z/vlf9ve9/kOzX/Stv2b0J61/2f/66/0Vf8fP/M5/1d/xOyZ/bfLvvf51d/786b/0u/32s3/oN/yL/+Jf5z//A37Pv/D3fD7+M36Nfy/74vC3f/zFf/Q7/Rm/w09u/fTby+N/+cu//Xf7jX+D6m/6j/+Mv/wPO3s3/W3/mf/i7//W//Jn/MRvsfz3sl9j67/+sV//97zz5h+9/EP+4Z/53f+A335+/Gf/2X/2J3/Uf/rv3P91f/XWH/A7/k6nv9ZH/8lf/qf/wl/0e/+nv9Nv84NfjxYMX/4hf/E/9w//hpe/5m/zX/y6X/567/7gf+gX/rZ/3T/10S/8P//Nf/L/fnvn+R/wxf/w4Ht/0t+6/bf9Z7/t7/Zr/IE/8+Sf/gf+sd/hv/8j/qJf/7/56Md/h4svd2d/7H/049lf8tv+AV/8vn/qH/L7Vtm/8W8sfttf69f4jf/rP/jXenP+Uzv/5K/5l/1Bn/wZT/6F/+r+L/wn/+Ff53+6f/8PuP5H//Bf87f7x/733/8P/ZfORk/+kK2/6vWvl/52f8s//tv+If/x7/6n/cO/3Z+U/Xb/xD/82/x6v+pf+KP+nd/p/A/4Nf+c/+bHfot/8bf9y37P//3VX/eL/oNf97dPfs+/5n/8665/vyd//Jt/6Nf8C/7i9M/9sw/2/vA7/8if8+/8Nf/wn/r3/0O/4bf/kt/2oyf/+l9w8a//4Hf9U+v/+K///X/P6t/75Yf/xB98J/3vfvs/6fiP/MnPH/wzf/Nv++/8U7/OX/C//sH/w/O/9894+u9N/tJ/72/7bf79N9Ny/p88+Ok/+HfY/9W/3l/xB/y2e3/1b5z8C39l+wf/Dn/Sf/Tr/Vr/0Oun//df+Cf9N7/4X/rD/uHf7vH/8mv9er/rb/if/Rq/0R/wH/1WL3/P3+Lv+C1+/Z8Z/+a/xh/8G/wFv+NvkP5Dx3/b7/ib/cw/+Bv9Of/Rb/pn/J6/5Zs/4X89efCb/0u/xm/2f/1Fv+lPvvgt/qU/6Ft//q/xG/wZf1Dyg1/j13v2D/1Gj/7O3/SfS3/zv+jX+PX/sH/o6H//PX/sp/7i33rvP/pNfr1/7Df6we/4G/++f9n1n/sH/eb/1x+U/G6/6//1m/5Fv/53fs9f+/K3ffcT6W92kP6Gf8yvkf4r/9n//uCv/cm//vv/d/1v/+//5N/0F/+jf+Rv9uPf+fP+rd/st/0b/sDFb/P4P/7Xf6N/72/4sX/0T/nN/9hP/9vfZXzxb/3gd23+9Of/zm/U/FOv/pg/9bcp/uE/rPgtf+b//B3+ot/r9/4bfurv/5nf6L999vK3/Wd+v9/yz/mf/5xny3/ir/jt/7u/5Vf8O/m//Nv8Db/vP3L5T/8tf/lv9JPju7/2H/KL/txf44/7N//ob/37f83/3e78RX/Hb/e3zv6+X/j4t7z3K36t0fT3a/72P/Tv+O/+rd0f+4f/tvyf/SeWv9+nVxQE/3nfKv+aP/r3+3f+rT/83ac//uvszf7983/u3f/63/22e3d/v1dHf+yv/Bf/gL/+T/sNfvP/696f8cf+7f/o7/Pr/vX/w5/z7/+1f8BPln/Lb/ebzP6oP+V3ffv7/Au/w59wePBbf/rf/dt/6x//f/+5j773Z/z0H/NP/17/wp+zKP/M//n3+X3+wt9x+ne9/em/8X/8W3/rf2fvP/69fod7xf/2rc//+Z/8hz7/g/N/7+85+2//iv/039htTt/9mj/+d/23//Dj33rxx/2nf9y93/2//5v+0MPf75/6W/793+P3+8/+0ReP/5Vv/7J/4d6v/cv/k5fbf/efvv8v/Z6/+0/88t/y03/170v/+d/wH139+B83+rtG/9i///Zv+eW/1p/wY6//ob/53/s1/u5/6Nf6d3+PX2vynx7v/Zb/Xv0Hr3+d3/7qT25/nf97d//3+g3y+7/sN/6xu3/fH/T87m/zf/4r//zBP/Nv7f1ev+M/+V/9Qy/2fpM/6w/753Z+1bu/+U/6tX/1z/zav8Wv+xv+C5M/dvvX++3/03/nzzn+a/7uP2nn9/s/9n6r3X/++b/0xcPfdbTzx939936de3/Qr/PqNzr5TXf+sX/qD/nzx3/3X/RXTU7+xZ/45b/D01/vv/71fq/f4H/4P179Y7/Hv/1b/9u/12/+b/5Xf8qfdO/v/c0OfsMH/+B8+muV/8Kv+sk/7Nf8x3+nn/rnfq1/f/QH/Nt3v3XQ/Eu/xx/14uWv8Wv+I//a3m84+r//rNU/d/d3/b237jz9Hf6vX/uP/bX/oV/+0fPjX+cv/6/+peYX/nv/yx/7W/1x/+s/8hv/mb/uXzT/ibu/69/0p/6xe//3y3/03xn9LX/bv/zd3+Cf3vlLLx788n/h5T80/S1W936jv+Xv/LNe/rE7f/yfv/W8+Lv/qF/0z+792v/QT/5eJw/+h//kD/q12//7z/qX/ojR3/07/bp/7N7fsvWf/kOf/ob3/rjs7D/92/7nP2H/373/9/4V23/LH/Y//V6f/q7/2a93cfZ3/XP/ym+4+/f9WS//se3X//Vf8e/8SX/jn/63/V47f9FvkP6ev9bn3/6H/vy/6Xf/7K/5c0e/5r/3m/2ev9GDX+PfW47/3r/tb/1nf8+/+8f+23/19/wX//O9f/bX/nVe/ae/079+f6/9g3+7v/jNP/SP3zn4j/6kX+M3+fTv+ov+sN/+/Hd79Uf8+28O/uV/7Nf7o7f+5f/1W/O/6Df/h3+XL/6Pf/ny1/or93/zX/PXufoz/+XP/92D+b/y6//mL3+N//jXSX/JX/Uf/yG/2R84+puf/rt//G/2L/+Rv9n45X/85Hf5zt/2n/xj//mbl//zP/xb/NGj41/313j69H/6h3/9v/4vSv/prV//d/o1fu3f6MfTP+iP+e1/YvW7/vG/yel/9o9kf/m/8K2//7/7Zf/S7/H0v/s9/t7n/+kf/Gov/RV/7K/9j/3fv9HsTx79Pf/Uye/5e/zTv8aP/5MP/s7fKP1NP/r72r/oJ3/ffyj9Lf+5P/q3mja/8a/7y3/fP+y3+PQX/lW/55Pdf/XX+Cd+4X/yN//Rv9nv9nv9dn/T33T6O7z89O/4U39J/mtMfrt/YufP+c3/xm/9T+lv+uv9Ac92f6N/6Q+evPs1frvf7X/7I367+V/2G+Z/wOi3XfxRf8Sv83z1m/yWv+/Jr/Vr/wbHv9Gv/z/92b/ZfzX5NX7N//afHv87/9OfX//z6S/4F3f+yIfP/tY/u3r5e/5Gqz/p1/+d/rE/6U+8+O/+kf2//x969lf+zMlf91//5v9Y+rf82f/8P/QHffQbff/+7PDv+IeerX7y1/5jf+rg5Cf+0z/gt6yT+s/7H37vv3L6T/2a/9bvMfuXd/+of+7X+x3/jT/5Xxj/NX/qP/mf/vL/5Pf/DYrf+F+//JN/i8cf/ZGf/MLf7tnuu9/1j/81/53kd/yn/oDf9Tf8Jb/GH/edo5Nfa/JP/d/PfvO/7B/+Yx/+fn/Ab/bn/E7/5MEft/cb/r6/3X/1G/8vf9dPnf15f/Af9e7vm/4OP/6Lf729v+Iv/5v+4OvFg7/7zm/xJ3/n1V/+8N948tv+cT/zax59+w/4tX6t3+c/f/Y7/i2/xeUfd//X+LV+g7/st/0t/qLf7uSv+d3+uF/zd/vx3/53/bv+iN/uN/tLfqPL9V/15/6buy9+g3/q1/zjivKP+J1+59/gD/51/oDf9Y+tVj/+O/+T5T+5/WbnT/xv/+Nf67f59/+3X/fwt/jL/rjFwR/0a33rL/qDfu159lvc/43/yt/m9/7Vf+SP/S5/+G/Y/tX/0+/4D/5Fn9978r/9cb/kr/5Df61/8T/6I36dX+PHf92k/UN/u3/sD/gzv/wtJn/y7/j93+0Hv9Gd4l/5rf6Ov+kP/89+rd/x3/67Tv+X/+tf/i1/8uwv+g1+q7/o1/sVf9WDnd/n+e+58/e//Nd+p9/yf/kTP/rH/trf8X/8j/7wX/oXHP/Eb/3txW/7p785/jX/79/pf/4n/7j/89f+nf+df+vsWz/xz3zrj/iH/pDf7jfZ+TX/0p03f+kf+zv9qT/4m47/ye2t9Nf9ff6pJ7/Wb/XtP+LX//X+pz9x/d/9R3/9b0grc//NX5P+m3/bX/rZv7H/a/zYzxz/wdkf9Z/+zr/Vu+d3/6vd3yhJ/9Lf/7f7Y/6IH5v95qOfXv/yu8f/Sv7PXf7H/+If9af/Rlv/y7f/o1/3j/ufd/6yP/vX+W3/78l3/6nz/+lP+Pv/kWe/66/3U9/+DSinN/vb3vz2v+2//WuO/7w/9OPf8jf6T36HX/jb/Vl/67/01/wVv8lv/09f/MN/0x/yL/0Jq1/nt9z5z57+I3Vx8ps9+g1/t3/sP0o++s3+4V/7T/o1/qZP/7m/4jf+637ii/F/+9v9lb/jwR/6O/x+f++v8b/t7f+xv++bk1//9/mPfo3f9u/6l/7Qv+Mn/uHf6A/8305++/T3/MP3fo1f8zf47X+NP+QXln/Ar/0fnv7ByS/+tf+Q3/7f+zP+71/jW7/nX/wb/Rp/0K/x6/w5f9Ov83/9Pb/Gb/x7pU9+p//k9/x1Pvo1fs1f4/zf+ke3frDzh/zuv+cf/Fv+3+snv/3qbyKp+hd/oy/+oF/rN/p9/7hf+3f/5b9msrv8tX6df+lf+iP/nl/xF/+mW//Q8f+Y/MuHP/53Zb/xH/Xtv+D7/9qbP+cP+bt+vb/85R/xC+6vfs1/+jeZr36HX/Ynff7qn/l9/ppf8Oo/+h1/k7/pD/01KcP1C57/nr/ulzu/xt0/5V/+jX7/32j6a/2DLz+/99uc/SbND/7SP+Wfn/8R+3/Mv/wb/aZb/8iv/fHO77n3d/zLf/Zfs/48+9dWv97v9Dv8pX/sT/9Gf8Cv8Z/8Wb9m9u//e7/95eMf/x0nv9mvffjb/Bq/0e/fnvxG/8P/9if8L3/I6es/5D/7S/7lz/7+3+4f/63uj/7UN3/07/3b/bm/7j8x/pP+9P/8tzv5ba6yLx5s/d7/wPm/9Mf99uQU7X7n7/61f+v/+1//wYP/++Wf3P7M5fZ/8/t8fPp3/Ro/fvLo/Ld+9Hf8aV88/fv/hd/zX3n6J/33ozJ7/gv/qb/00Zu/5Xf8u//pL/6d8R//N/12f8uf9If8WT/x3d/5n/3jf53/4B/6s9/8x8e/4LNf9Mm//oP/+TcuRn/Qr/Urf4t/dO/N6otnv+Uf9Dt/a+cP/rH/7A/+c579zX/x7/Tdf/X0+z958Gv+LuVv9cf9Hekftlz85r9x9l9Nftvf4t/6x3/d9u/6Y/+72R/56b/1a/wXf9Rf9mtu3f0Npsd/784f/Dv+9k/+7V/zl3/yG/4vBz/x3fInfvxv/Jf+6D/kP5/8b19unf8OP/FL/t79v/y//vV2/ph/+H+5+J/+oF//f/hz/+Gd3+lf+o3//PHHv91/+Cf9Wj/2Z+1+98f+pX/0t/2ff+8/6Md+vb/ot/oD/qR//Hf8r36N327978z+uPE/8mv9Nn/Jo9/86m/6Xf/g3//lH/Q7/oL/6J+692/89F/5vW//R//3f/r3/FW/5sGv9x/9Qed/29/52/7CP2l09eaX/Xb/2cH/9T//CX/h/9r8Dr/ln/ev/Ub/0O/053zrV/0af8yv+p9/vz/q+Hf8nf/vf+Gq/rUvkj/sL5r8S//d6f7lT/xhj67+0F/rH3j36/26f8Mv+o0/+51Okt/ur/kjxj9z/If8Cb/FX/Tkf/mvDv6ax7/lv/envP2f/7d/4sv/65/+7o//Kf/jf5U8/hf/7D+++WO/+jX+oN/vr/+dft2tX+PBb1b/5tnv+af8zv/9f/Vjn/59f+y7X/KvX/7zy7/hHzj4c/7kf+uv/UV/6K/1D/5H/8TeL/zeb/wnHf6lH/89q7e/5x+4+2//Kf/dX7P/L/zHv+E/tPMb/cP/0W/9T/8TW3/3P7z1p/9pv+Ov/ROf/1Yn93+tP2v3N/xLf4d/9fVv8lf/Ib/Rv/AXPd7+LX7jv/t3/Y1+4V/0W/3a6a978If+Zv/96R/yT/zPv9ODj36j3/PH95/+lr/Wb3z8e/3T/8Vv9lv9p7/R//3il/0aH6W/0es/4Nf9W/6AX+vv/p9+/Df4l3+T/3v1a/7ev+y3/Ozeb/jRy9/wQfpr/SV/yh/8j/wh4+Pf+9f5df6mX+93Wv0ai1/71z7f+bW++M0O/6Df89f9zf6j7Pdc/frL13/Ar/8f/Vp/2N/6a/72/9GDH/uTfo3f5eWv9/Ivyn7Rr/HrfPJH/HpP/qDf/4u/Kfvj/6Zf8+p/+zXf/E2Hb/6mX+cP+7V/nd/xP/p1fpd/aTLeSf6gv+nX+X22fp2DnaT68V9n8UdND/6AX++P/O0Oz/+iH/vpP+DX/sN/z9nfuPo1fuof+rV/8k96/Pe+/N3/ib95J/8t87/i27/51l/yW/xOf9nv8t/9Qb/Rb/k//Sb/2b/0G/0Lv8bOfza5+iX/xm/6m/9a5T+98xv/Xr/oi9/iX/vx3+1vOv8v/+Lf5U//w7a+8zef1//4r/0P/a87//5v9mv9B3/6b/1v/q6/0b+cbv+V/8Zv+Jt+tP73/qJf49H//Bv9Zr/ub/d//6m7v/a/8j/9Rv/+zq/5y9Ltn/qT/+Df/tuftfvp0//8t/6v9j77DX/Nt//VR2//uzc//a882f1n/qff8Zf/TT/+T6d/0L/5W939R/6KX/jb/Mflb/6LfvPHf+vrv/4/Lv/p7Df/bf/m3/Dtqztv/5Plf3f+u/+1//Lnf+t/9Av/2uPf7cf+6PZfOf6T//H//Df7R/+O5X/5afnx/Df69f7k/d3Xv8OvXT/7nf/T+//Izm/wrT/g9/yn/qDqs1/0m/0+u9X/9g8Vkz/g1/ot/qbf6PT3PP4Ff+Rv/FOvfp3ktz39D3/Xt//Ozq/xp/3uv2j7X/n1/qv01/w7/6Hf+B/59Df5u/6iX/SP/xG/4W/xm/3Gv+0/9Nv9PX/Qb/znvap/n7/48g/4q3/D3+/X+I3upr/+n/sX/Sa/PD39a//nP/2f+pt/x3/pX7v7J/wav/4/86/+Jv/pyz/xn1n99O/3H/2a/8pv9mv9svTX/Lv+4Je/3eQ3+9f/oWf/SP1n/d8P/uGzP+V/bR//T7/W8r/4NX75zufVb/0blb/ub/Rv/vLf+e/9X3+j3/B/+p3/vq3fZPZr/kZ7363/+uw3+49Of5//8h95/df+r7/pb/Gb/Vr/9m/2B/6r/9CP/5bpb7P6M44++u5veD/9tX+L3/M3+gf+pN/xP/zN69/3T/2d9z7+PHu484/+qj/9H/mtR//k1R/4z5zcX/8ld/6V36L+qf/4Dz79n37Dvzf9Rf9L+pO/wf3f/p/6R7Z+bVri3/0N/pVf4zf6Xf+j3/C3/Id+4/Zv/uLV/3T1r/1Lf/p/8nv+Wr/mn/7r/sN/0W/42Z/8G/7D/9Bv/0/9SX/6P/pjf8b//ldf/hq/7Bf9Psf3f9O/9OhP+9d/u//mt/4Fu3/m7/Bv/y+/4b/7u/1Gv+s/9JP/5b/0G/5+J6///r/p1/if/6Vf7xf8m7/hf3D67f/x6jf8p/6jX/Pg+Ded/su/8fK3qf+e1W/y6/5Df/E/+Td963f5M+vVv/SL/rx/5cf/zt/sN/q//4Ff/lv+2n/o7/z3/p6/1j+0uvtrZ7/73/oHj/+F3V/7H/qDXv5rJ3/Yl/s7i1/jN/rn/6T7/+rxb/1b/T5Xo+bZH//Rr/nb/kG/69+782t857f+jf7QP+kv+Uf+8d/5bzr+k3+jP/T3/WfWv97Te7/k43/lL396f/Fr/8G/zr/wP/0ar/+n3/RP+IN+nT/x7/zz/pQ7v/Nv/E/t/N//0W/0Ov21fqP0N/z2X/SL//U/6O2/+od9+jf8R7/+T+z8Wn/0v5R98Sf9mm/+oF/v6Z/0G/xBfxHZoMPPVr/GT/xND//A3+zX/zX+oQflv/rpH/gn/Zq//a/xa/yiP+nX/HP+pU//lN/sD/iDfoM/4Pf8g/7q3/73/HX+oPTX+fF/6OHVH/RX/9+nv85v9jclf+lO8kt+jd/gd/w9f53z3/PX/cV/0q/x0//Sr/2X/kG/1tYf8Ov9kj/pN9j6L36dv+CXPfpddn6tn14lf/bf9esd/0e/welf9Pv9I3/TL0yy3+xPrv+Y//vf+29+s3/8z/gN/+j/7Df8B/6jt5+Szfllv/M/9Wus2r/o1/6nfo3f9o9rf60//u/+bT7+n36t3/nXePKt9Dd5+w//2l/9Q79p+Xfs/vM7v/Gv2PmN/9Xf89f8b9Jf97/7A36Tz9tf8y/7Uz76J/6lX+83/rN+w2/9Zav/avUb/Zt/0S/5LdI//n97tvsHJr/h3/UH/Mb/1h/wm/yqf+nuX/STP374a/yG/9of8Gf9Tb/5b/Iv/Ee/6f/9v/yV/93kb/l9/+M/8Pf4RX/g33qQ/g7/1tYf/6f8Xv/pb/Yb/UuvPvldX37yi/+LxX/7k28Pf8Xv9H//mb/Zf/g/n76Z/m6/7fH9L3+95f/1d37yT9y/893p5//+7/Cb/xN/+O/07/7Nv3PyDy//pX/i9/xN/6o//ad+4nd79uTP+GX/0cevVr/Jv/8X/Vr/yv+U/IJ/6Tfdffq7/Cd/0a/1n/9Lv/Gf+Ondf+rX+I1+w3/oN/7lv+dv+p//0b/Rr/eP/Tk/U//2v9/v+Xf933/hr/nb/cxv8Rv9mb/mb/cP/0t/15/wyW/z7/1Bv9Gv/Xtefef4xS/43f/u7X/t7/ozf82/6+//zX6j32L1m/xxX/0mf8LOk9/87a/17/1mv9b2f/br/q7/0B/7Sx/+mr/em9/kr/zFv/2/9/I3+WO+9/f+L3/ob/Tv/Ue/xj/6P/06/+6/dPHxP/QbffU3/eZ/37/0G9/77X+tX/4v/cZ/3/+U/LIf/Fr/yU/9Nocf/UH/wc5v/Ofu/Jp/3m/19/4vf+nf9fv9Ras/4w/+Tf7h3/Puv5de/nv/09//u/5Hv/Ef8dHf8L/8ob/x7/pr/L3/+c6v+U/9Qx//4X/L2//mT/rT/8p/9zf+5f/T3/WHTH77//XP/Qf/11/92/2qt7/9L/yDfpPHD3/N3+1/+o1e/QG/1j/88jf5k/+wv+tb/9Fv+Pj6H/qH/6TRr73za/49Z7/pn/hH/IO/we90/Jv8Zr/R0V/08R/0i3/7f//P/Z0Xv+ev9d/8T8k/8Bf9Gn/wJ7/Nf/4v/Ub/zd/0a/wFf+0/OP4//qH/+4//1b/db/sv/aZ/X3rya/9Hv+4/9sf+vb/ef/d3/cn/2m/4N/6dv/G3fo0v/qxf9Jv8BX/v9a/3f/yt/+LqN/mb/9p/7Hf9l/7+v+HX+C3/gT/i7/33/qK/4/X/8Rf9Fv/TD07+4l/yv/xLv+F/+S/9Y//5ztYftPtrfuf07/vj3v6D//7q4t4f8Hf+/X/Rb/jH/bMf/67k8f1uv8e//xf9XX/y7Nf6X/7Wf+D6u//En/Wb/zbZ/7z+h37P3/SLf++P+w1Xf+Gv/G//4l/7T/rL/8B/8g/6a/7i3+n3/85nnxzsnzb7/+1fsf+v/0+/6ee/96//a9z7dT/7vX/b3+u//YW/039y/+9++nf8X1e/7t/68tf+9stf+9nur/tr/kUvH//uxMy//l/4F/06f893ft3f/n/69X/zv2jyB/0av8HB7/nr/vr/06/92b/0a/+Vq+R3//X+mj/7f//0YJX8X+tf/x97PK3+01/nr/1zkt/x1/ijqv/t9/8D/6Zff+cP+vX+gn8m+7+/+D1/nRd/wB/903/Sr/GLf43f4I//NX6dv+Qv/XX+wfLX/g//vl//N/sDfr3f6zf7A34w/fWe/AGHf/3LX+vTP+nX+AP+od/0t/49f43f/s8pz7+6809d/u3//k//hocv/5I/8D/5Nf75P/fqn9/5jX7Bb3fxW/1H/8Th3m/8r/xP7T/+H/02//T/9Gt99T/9Jr/no1/7H/+Hfu3/4x/6tb/8n5Jv/Ro/+Tf+TT/2K37P87/x81/rz/jNf62/7T/eWvxLv8mfdvp662/7jf7Z1W/8T/5mv9Ff8at/u//g35z/Hn/yb/gbk9v/W/ymR7/Zb/S/rH6jg4/+peO/ZfnH/Ce/0f/0F/2G53/a7u+++9mne3/r9C//5Pu/2xf/yp/2m3360a/5n/w9v2n6q3+j7/zuv/Fv8GsuP3lV/1V/9+knv8Xp77z37X/yV5z+hk9+vz/0x37zv/d4efHP/PX/9+/7t83+3N+s+qP/5G9Nfut/+ifLo9/8d/pt/pTf+jf46tP/+3f/XX+jf3vnN/3z/uNf8Fv9S7/RH/Wn/Eb/5+o3/nd+z1/rT/lff8P/8H/6jf7Nv+kn//n/6Tf8L/6i3+offPlr/EN/wG+6+6f/xr/VH3T9X6z+pn9w5zf9qz77TX/Vn/Sb/lZ/0W/8+9z/7f6d3/PX/Hfq3/Bv+/6/+1v9nr/mr/xFv1H1B/3YH7f9G/83/9Gv8Tf8kt/on/09/91/8OW/97/+mr/xP7L4+A/8U37jf2f1G/29L3/xb/af/9qTl7/Ou7/ozX/3m/3Wv+zlr/GPf//f+3e++Pf+1v/zN/zb/vq/92/6L3/D3+Qf+o0+/peOf42/7M0v+4N+/cvvnv1B/8Tx3/xPvv2n/6C/9I/74jf5zf+VX/Py49/ub/vj/51ff/rvffxTP/GL/8tf+/f/My7+pj/y4z/rJ3+df/LlT/yj/9Nv9AdnV//oH/DH7a1+jz/81/0P/vZf8hv9O0/+47/9z/+Pf4cX/+6/9Df9x3/nP/Sb/IOr33jvv/+1/6j0N/l3f89f89/+Nf7t//A/+m3/zr/oN/6/f4u/7N/d/gd+8jd/8Wv9d//lb/hH/c13/+o/5av2P/o1/rbtX/xf/EN/zm92+mv+S//QD47+oTev/87f7Xf7j36To9Vv+Fv+On/ZP/mbvf4Fv+A//0sW//G/9Bf9+od/yre+/A9++4//mv/4H/yD/r1f9G/83n9n+msf/NLf8Og/+m1/mxe/5u/6n/3a/+xv9ov/lr//J/+vf+3P+Tdf/xq/xZ/0S/7401//V3707/y2+dNfN/21/6P/6Tc8+of+vX/nf/r1dv/2H/+H/qNf48vf5D/47f6F/2z/f/iNf7e/6Df+N/+h//LoP/p33q3+rX/15W/0H332G/2243/13/mDfv1ns9/0n/6D/t1/52+5+z+sfqO/dPw3/Cc/ffXn/8u/95e/9PdY/aLfsFr9xu1f/gf/a3/qn/Ib/9jyN/6zf99/9l//ff/Ff/yn/5XT3+y3av6wb7/8Df+X1a/92/5m9T/88ItPJ7/Tk9/6N/8H93/d09Wv/ff8Gj/2YPXr/uu/5+i3+31+nf/7t/6LfoO3v9mv+5Pf/nXy/+i//7t/o1/7x3aSp7/er/3HTR/8jr/ZP3/xv/21B7/Gr/lH/0sPf41f49f4E/7RP2r0b/w6f+Wf89dU73793/5v+jX/oF/j1xz/R7/Wj/1Jv8Ef/T/9mr/Vr/cbPE0PD/6nv+7fLR988T/9mr9Z+mM/9gf90T/2m/26v+Rf+nX+vNUf9X+sf/3f89f4dX+XP+jX+sf/0uTXeflr/8s7u7/2vd/k8C/6jf72X+M3/cW/zr80+r9/y594+mv8w3/V3/g7/0O/9h/3m/xd/+l/82v/tn/Qb/wvp3/D3/d7fvJf/sNn//Tf9Df+vn/lb/U7/GO/4X/wL/1x/9R/9Bv+Zv/8L/2t/6Df5Ff+Rb/Rf/wXbf3tf9Mv/N702f/0B+3+I7/nb/r3/Ut/1uO/6Hf7r17++O/7ax79bf/Wb/hfvbw//SN/0/ov+iW/ZfqbfPmXvPy9p7/RP5N+58Vv9yuPfoc/rP3bftd/Ye83vPpVW8mf/Hv+3v/h6R//h/wm//ev+z99/N/++//BP/Q3/cm/35/70X/8u/0b/+rvPrrza338x/yNv+Pl3/O//en/yu/6f1381r9psfjJv+U3+/j6x18f/ub/8V/xye/3Wy1f/4G/+V/xNy//jOrZ3/tk9Ptmv+Hv9w//7ft/5m/4661+rS//p18n+Yt+jS//o9/47/oDf/Wj3/PX+Dv/wd/8H/qffp1H/9Fv8Hf8jb/2o9Wv/nX+p1/jH/wbf41/8l/8P/7O//v/+Ht/0//zH/iX/o9//l/81f/Cb/p/Jr/nr/EP/N//xz/+N/4ar/6A//Pf//3/z7/9//51/qdf+Zv8z//Tn/PFP/Kb/6F/+vGX/9Fv8M/+3//nf/bH/5//S/V//GP/96/+E/6i//Nf/gv/z3/iT/zVf9dv8Jsl7Vb6e6/+oj/k+Nf5C7dWb17+R//wH5r8Nv/Oj/8X/1K2e/73/WO/6ge/3m/0b/1t5//A0z/lT9r6k2kSv3z3G/++v8FP/Ef/7B+8m/0Df9v8J77zD3/8G/7O//X8V+393xcnf87Hr5P/49f96/6jf/7PS45+kP7Fv8nv/bcWv94/9pv/+PFv8mf9jX/4b/j7f+d//ic++a+f/9lZ8dv8bv/R1l/5m/xtv/Mf+a/8zEf7//WLv/43/51/wS//t/6V/+73eviPn/9R/+0f9eWf809W/8l/d/1f/Un3/5Pf8vf/df7jX/iv/5r7/8k/9O07+Z/xM8Xnn/zDf/Af+vIX/HF/22+Wn/1tj36D2S/5U/7wP+De75e8/M5//G9/+s/+jr/lP/J//fO/xd/x3/6Hv8fv+7dW/+FfcP+//Qv/pj/gL/p1foNvr363f2yZ/e3n//af86f/s//Wf/f7/O1Pn//m//Pv+Y/9Zb/f3/+Hff83+zPefvev/wP/ptWv+h/++1/8K/+H3+fv+bXSP/tv+Wf/nt/g7t/yp31/9Rf8Xn/IH/LtP/iX/ke/58kf9u1f76Nf4y/+tX7936k8+Id+vbM/Z/6X/HHPPv230l87/X3/od/11/xtf4vf9df6tfb/kz/qD/0N9n+L//u3O/3jf9M/79eY/GO/+f1f5x/5o3/j32L31/4jf2K1Nf2jf4/0L/pPftPf8A//t05+4/t/3vyj3/w3/HP/t1/71z0rv53+mr/jH7b1l/7Rv/uv8Wv+Y3/cb37vf/tL/8Tf5eCv+j3/mN/w35mffPq98rf/J3+bd//Q3/rfP975R3+r5vneP/nn5b/txR/2L//uv+Pv/1f81R/9id/6a/6sf+LP/P3/guu/4nf8sX/nX/51f8ff/3d698/8Qb/lX3b9F//Zs3f/0T/8B83+gvk/8Qf9cd/+307/vOzb/9Ff/tv9/v/Vf/1X/Jmflr/qr/xtXvyin3j22/w+9Z/8l/8O3/9z/t6/6Nc4/2v+o7/41/79tv6k/+gv/EX/xK/+63/bi8v/+vQP+fTfufOP/JFX57/df/Hn/brnOxd/5n/5f/3Tv/tv+3v/Kz9x/uf9ouUfmj/I/68f++q3yWa/6Lf5fb73l/zpv81Pbi/+6tPf5mL2X3/xayW/0391/gf9mk/+7//qn/jx6R/z9//Gv+3vW/72f+OD//wv+bX/1H/1P/hPvv+b/Af/wfLwz3jwX/1p/+lv9fh/qn/tL19f//o/+Sc8/H3/p/v/4uO9f/gf/e9/l+rP/6v/8d/+j7nY/e3+g3/71/s7vvuvfnH3/7r4bfO/5bf+G3+f6V/xz+ezX/pi5w/6bQ//4P/5T/9DFr/TP/XxX/hLf9//+S//7f+Av+zv/s//jNmf8mv+wl/wB/wFf/B/8Tscvv0rftlv+1f8s+v/qHj0O/1F0z/r4uC3KH67P+G/+z/+8BePDv+TX/Vn/qV/4Yt/4rd99Pv+2dkfUf11/+t/9a2/4g/87X/hbz/5md/1v/gdk3/h1/sj/szf5K/5Pb/4nX6LP2X3D/jt/py/cnn+5/75f+Qv+ov+xX/0L/z03/tt/8Tlr/rDf9u/4PoP/if+yGnyP/3hf9jiv9r5L3/bv+R3/p/+ov/yr/uD/+Z/9E/47f+Dv/gP/U2SP+I//t1/+0c/89v9EcWj/+WP/iP/kO89/b+/80suqj/nF/1D/9Of8Ac9/D/+sD/uz/mr//e/+t/7G/+aP+fP/Nf/3F91fTH5J36bP/ov/Uv+oOIX/+C/+St//7/vX/xv/8K/+C/6Nf61f/pXvf1zf/9Xf+Df/wf9a7/zy6P/4x//Wx/+etd/4sFf8tfM/7o/9s5fMf9fr3/hr/fjf+JP/oX/8NW/9m/8gvM/9y/6n5/84Pkvfvbn/0a/9+/56/yC/+m3v/cX/avbf8Yv2jr8m//R3+nL//gP/7X/rD/i/t/xr//Rv+jve/kXfjv5p37zX/9f+43Ws7/0D/381/ju/b/rsx//Bf/Ln3v8ePxH/olf/B9/+K/1D/wBb3Z/o7/o8K/4Nf+kX/RLvpXeffEn/Ua/3/Oq+N4v/nN+7f/on/iTs3/pD/7tfpP/6o/69p+S/fp/8uN//sf/vek/+eD8P/o1Dn/5X/riH/2H/oBf8w/8h3/h5L/6E36d37H89Xa3/qc/tvo//pDf/uN/6Z/4Hf+2P/iP//4/9WTy9/5X313+3//Avd/x8Nf7R5Nf6+DkFz3/n/66n97+736Xf/wv+eN/pyr94+78Y7/nb/sn/F2/5t/+h/2uf8ijP+wv/Y3/3n/qD7//J/zW3/pf/rTPH/2rv+if+LWXv9mvffFf/Vo/9vf+Xb/G3/z0/h/70X/1F/1av9O/9I/8Bv/Xzq91/zcqvn3w2/2av/lv8Wv+Gunv+Rv8Br/jb/Avfeu3+D3/ot/0d5v82r/bt07+2K3f7Z87+I1+2fEv+rd+919j/9f5Nf7vv+ov/vV//Ze/9m/15/1Hf+Ev/DX+4JN/8Pf9w3/h/3Xy63z8e89/7T/+9/xDf8PyD/iLfsE/9Hv+2B/0m/3CX+Of+Zv+yN9q9Wv85t/9zf7QnefpX/+D//rXm+T/ycXv8X9e/47fO/uPfqe/ZvpP/Ib/zd987/DP+4t+e0r8/LZ/y6/4E3+/x3/ob/sTZ7/evZ36D/ktf6v/9Nf96/6crbu/3y/6tX7TP27x2/1bv9lXl//Zf/47nv/tf+xv9of9Q3/47/T3/0v/9x8/efMn/xr/83/1T/7Yu5e/7sN/7tf4E/6Jf+bF3cvdP/j823/pL/iH0n/4wfJv/mN/z4/+09/+3/67/ojx//UX/0a/9+zHfpu/+Lf40/+x/+v6X/+Tf+L3/B3+ld/gd/hL/4h/4zf8D1a/0V87/d3f/j7/7E//jt/71/+K5z/5Kz4ePf3b/5Zf8//4te7/dr/zn/vbjX/PP37/9/2Pfq0/NP0jvvgD58e7/9ZXf+O//nf9nvd/o+/93v/Yb/GTf+Mf+/f/Qb/O+OUf9q/v/jG//T/2a/wTv85/9ou++9Mv/9C/6c/863+93+k3+Gv/rX/xn/lP/9Z//X863ftr/qPv/v6r//TXKv6iZ1nzE3/uv5Ouf9u/9Y//8Ve//fd+47/oT/lPf53f+df41/b/svT3/jd+k8u/7Y/83f+H+Xc/+Y2/yv62v+hf+bverv7H//3f+zf+jsu/+V//p97+fvd+8e/yB/x5f1HyO/9T/9Tdf+w/+r1/+p/7/NO/9Xf+fa7/5T/nN/z7/+9f7y/624vf4L+5/GU/+Rslf9Tv+tv+a3/Qye/32/+1/+Z/81/8I//AP/+v/7W/3T9w/If8tr/dH/T3/n2r8tdY/cn/1j/yO/zKv/UP/+dH69/x7/1b/75//Md+u0d/1//4N/9Lj/Z++i/+6rf9jf6FcvrVn/ngJ8++/I3+wl9RZr/Xv/f7/Ba/y6e/8SfL/+7ev/fr/H1/89l//I/9Bkf/8x937xf/p7/h8//ot/9jJ3/E6fX//Bv/2Ld/z1/wH/7pf+TV3uh7P/Wv/ye/97/89/9DV3/57/lr/gG/d/sP/a6/WfmH/s6jf++/PP+zj/7D//PZvVf5H1T8Ryd/+yf/xl+X/bV/7e9z/e1f+bf8Jb9k+Wv8bn/Tf/rn/oK/5rf/1t/0ydt7f+y/9lNnf+3vn/7a/+rB1sM/6LPf4r/8DX6Ld//G1Z928jf/sq3f59Gv+Rf9Cz9e/Ut/7B/7u/7Hv97fk/7uP/jr//C/7pf+83/J7/C3/t1/8G/wN/3EH/voj/qH/u/f/v6f9Y9s/bv/8q9X/MRf+ttMXh7/ult/8a/7u/9xf1DyN/9pf/nv9mv8xK/36//nv8Xv+ff9Or/OH/xb/E1/5E/+aX/wb/DP/G6/1l//9//Yr/NrzP6h41/0T/0av8an/9A/d/Af7f3mO//V8ej6v/51fvP7//CfcfBf/cG/4R/wa/xhz/6AX/xv3vkd/uA/+F+4/jW+9Tc1v/Zfnf4jv8Hf9vI3ffpvfXX4X/6u/+Lifyt/8mf+0LM3/9Zv8GznP/g3fs0//te6/5f9fS+Pf4O/73/6q//NP+bX/u3+gF/vTrWb/E9n//Yf+tv+gt/7x+89/pf+uB/7A07+hF/4X/26b5p/dJT/Z5O//J+of73f6T/55b/R7E/78V9w+T/9QX/xP/U//wnTv++rw1/4Bz37Nf+If/lv/Qef/xq/89/7b7XjJ3/Tr3H1O/2nv9cv/Ff/jPG/8qf9j3u/4i/5Ner083/pr/hd/6Hf/s/6h37qH/inf+N/5a//pes/8N/5K/60P+3//u9+3at/YPaTXxS/4X/8L/4Ov+e/8xf8Tf/ET/66/+jvTynYH/+Ff8Cv8Uv/vdXv+I/+Br/eo3/oB6OL/+w/mXz7D98uf/Gv+Xn5rz37Bff/qr/qH//4v/lj/4B/7I/4/f6Rf+lP2Pk1/sd32V/2Y7/jH3z1M//R2b9U/5F/6l/0F/yDd2Z/10e/yz/5n/1jf/Nv+9v/EdPFv/Uf/8a/+Lf7h17+q//Tr/Hv/6P3//r/8Hf7/Lf7W//MX/Lfv9391f9u+eSrP2X713v4P/zZv+Mv/md+4fNP7v02f/tf9af/sb/Pn/V7/vrv/t7/+jf+/n/+Jv/zzn6bv/13/u0Xf/3d3/H7f9Vf/Rv/J++e/GGHO7/xL/rb/tHf+z/8qX/71/07fve/5j/8fdM3P37vy7u/3v/0G/3Wv9Vf+mv/fb/us9/gB3/x7r/3K//PBz/zH/6DOz/TjL7/Pz34/V7+6X/fT/zBF7/d3/9v/zF//X/9O/72f+Of+uv+TX/M3/dT/9Kf8fvu/N+/5r/+b2893P3x3/I3+Pv+ld/w8V/2n/ye/9Sv/k3+43/1T/v+//Rr/aL/6Xf9D36L3+F3/rd+3d/4r/v7vvxXf5Pf5C97/F/9RX/m9/7nP/y7f9If8Vf9Ab/eX/gn/0G/2c4f/Gv+Sb/+/q/6TdJ/7Tf5qT/5x//vX/tP/O92/uDf/0/6tf6z7E/7bf+jP/w3+z3/yD/pv/2N/72/9k/8D3+73/Kf+A1/za3pn/abvPs1iz/r15j+nn/GT/1Vf8RP/UO/3nT+Z/y+q1+v/J9+43/iz/37/p2Xf8uv8X/s/II/4Nf7pf/Tr/db/02/8fO9o+t3v8l/9pf+Wf/e//Tb/Pu/92/zP/4Gf8J/fPCH/Pjf9Vf+h3/SX/qf7/wZv+yf+nW//5vd/83/qt9m9+/6Nf/Hv+rX/fV+sz/49/m7fo3vv/tr/8C/+Fu/6M/+dX/zP+gPvZP+7Z/8XX/IT/1dv+brf/Wvff2Db+3+Br/ub/F7/6HPf7s//Pd59Wv/rt/+w36jP+rvmP2rf9L8d/zNf/c/60/6id/z//5Df/Pf89f+1r/0J+29/EN+n9/h17z4Vz49/3d+99/4+jf7v/+pv/w3/7f+0B/7i/+Q3/zbv85v8Af9Qc++/Vc0f+uvee+3+yu+/2v9Wr/lv/1r/J6/9x/+C367f/LXPvg1zv6lP+w3f/mHfPkf/RrJ7/lr/a4/fveX/0t/5S/+R/+ev+Xf+YP/59/gTz+e/xGT3+xP+7H0j/ilf8Bv9TN/0h+8/2/9luXv+Uf8kv/oDz/Jfr3/6R99+Ff+p394+i751/6jP/zHfoNf78f+pF/33b/9j/4+f9Gf8Sf/z7/W3T/q7/s1f88/4k/6X37dJP01fsv0z5z9UYe/9E/6tX/m7/pTP/6r/qDkP/p1/5n/5Lf/g/7QP/VbL//+X/Dn/nq/49+XNL/BH/Fr/km/xv/y07/27/3tP/QX/Vu/5g/+tQfJuz/yr/yHfp0nf/aveflX/VN/4L/9V/4lf9x3fvC3/VO/8x/06/703/Tr/s//0sd//V/34H/59p/wX239iX/cH/dnvPjP/rRf+Wv/ER+n//evf/on/RHVb/cHvfpVf8avufp17vxDv8Hv9/LXT1a/9V/20T/wR5493fmr/55/+0/6E3+HX+PX+03/rD9i9mf9EX/Oj/16f+GT/T/oH/lrpv/Tr1v8Ab/eT975NX7ZP/rxH/tn/8Zf3PlN/4t/6bfb/av/1N/+z/rTir/pjyl/uz/op/+Af+z3Ofh7/to/5k+4+Lv+vj/6B39M+Uf9w3/jb/lb/n2j3/T3fvlHfP/lH3T+D/06/9Fv/+f9/r/Br/edH/w2P/hHv/1f/Ut/5+/7F/8af/q7v2f2P/0R2fyP/Kf+j9/jFx3/A//5r/Nb//LD3+b3/q/+hN/v7/p1f+u/63f8E9M/+A/4zX69f+Dv+43/jv/mX/h3/6bfJl/9EZ/+WX/xb/nb/Z7nf9Yf9Gv9Tb/xi3/5N/4Pfo0//d/+u/6y3/cf+vW+/3f9bd//PX/93/b3+tN/2z/rT81+jb/2r01+2/9m+vf+Ce/+xr/5d/01/rr//bf4+/+6f/H3f/kH7/wvf9DOn/Jrfue3/NMvHv7ff/Wfuvfb/FV/3x//7/x2v8biT/q1fot/6OzvT3/N3zL9s3/53/TbTv+gX/c/mH2y8yf/uj/2T/16f90//Rv8AX/Ar/+rHt35Y//m3+YP+33+xS/+5L/0r/7kT/z+H/Cn/pV/7++YbP1a3/ln/vhf+lf/GX/lH/Lr/pG/+Z9V/dP/1MW//If/Zr/ZH/Yf/08//p8d/G2/+K/9dX/6T/rDf/3f7h+v/u4/5N/+V3/d/3r+u/2v/9uf+e//Af/Cf/Wb/Zq/+V/1a178Br/Gr/d3/VoXf9cf/Ov/UX/wq5/+Q//e3/LP/O//pF/rq/kfvPNr/Nq/4x/0j3/1d/3tv+/krziffjp7+3f+2NkfdLT1a/+ef9AfNP3v/qRf5+Uf+nv8UX/H//3y7/jNf81f4/f9d/7y//uP+kN/vz/09Ke+8+v8enf+0O//MX95/ev8Or9F8af8vr/OH/b6t/v8BzsPftv/6tf+4h/6tX6Pf+uPfPlXffyXvfrHfvCn/jM/84/+4WQHv//b/Trpb/Fb/WMH//cf/Hf9qb/eb/8b/EHf/5d+3R/7A379P/o/+SP/1f/k1/0t5r/e/5j9EX/m2a/3r/2ev3Fa/xrL3/PXL//uz7737T+0+oef3v2Hfr2L1R8x2tq++D//iF9//of+AX/Rr/Gb/ke/7vRP/yOu/qo/50/6wZ+999O/3r/27g9+sPun/Sa/xkf/2Z0/4ir9NX/r32zvt/w9/8ZP/64/aPsP/nV/yZ/0r//Jf/cffvV7/0HLv+jX/8P+8z/83R/1l9793X/vP+r00U//Zr/pP/eX/Xp/yT/2rYf/zm/8P/1Xf/wXv/ZvuvqxP+Jvvf5Dftv015/9xr/m//Qb/Pr7v9uv8Tv/TX/Vn/Tb/XqL3/PX/7d/79/+9/2L/oh//+96/l/8Gr/90Y8f/SNv/4jmi1/vF/4nv97fNPlNfu+/+Hd7evJn/SWf/dT3/q4/4g/9z37d+m/69f/H7/x2f+K//S/sZn/CL/qzft3Zy7/rj/5H/uHzf+rX+7F/6Q//O36dP/PP/f5v8jf/xv/u3/Tv/99/2u//XyV/9K/9663f/aF/+n/9x/+V/94/8yv/spf/4f/2W/3YP/VPnv9vf/He3/Pr/oXtb/KD6b/47umf+LL4I6t3v9Yv/nV/LJn/ob/i7Z/wd3z19Jf8K3/G//R7Hn3/v/rDy9UfVvwaf8Rk/uutf4Nf7+Iv+iP+53/r9/73/6ff919c/An/7t/0u/2WW7/Gj3/nsz/r8V/zb/41L/+T//Q3vvizft2f+pf/3j/5T/6DftO/9g/5VcUf8fvv/MF/87///b/lV/zxP/UfHf67/9Sf8Nf/2+Pzb/8R2b/0a/55v+I3/ou3v/f0L/3x67/5x3/sL/pDP/63/sg/9i/9Deb/0D/27/5Rv81//p9//C//1r/eb/R//uG//d+U/P2/9+/1y//S3/av/V9+m7/jr/k7/8M//ffdmv6FF3/So3znt3vxT/8Wf9X93/QP/6d/v+/8pb9j+mv9EbN3v97f+7f8Nv/Vzj/w+/5Rv//v8Pf/xn/sX/1n/hn/y++39x/9+O/xa/1uT/+1//tP+zf+8xdf/nVP/q3//df/ZX/tH/5r/Ga/5u/2V/0R/+k/+/TlX/3rnv34P/47/l1/8Cf/EC3k/5qj//7X/d3+p9/klzX/wn/1l/4Rv/67X+eX/ke/1v2Xf8je33R68Y/87ufN3/G7/8HPfqe/6Ne6l/4hP/6b/yfP/qRf53f6k/6wr9I/ZPnm1/ri9/61ZtNf+Pv91K/1W/12v+Zy9Gv/Tr/3r/s7/Wa/1tZf9Cfv/UFv7q1+zd/pb/6Dj/6tX+P3rf+Kw5d/x+/749Pf9k/6w4pv/Tq/2f/0B/326a+x++4P+q//0f0/aPdPvP7j/q29v/rRX/j7/nr/1J/8Z9/7qb/kN/s9f72/4zf8g9/9AX9kmf4ayX+1Xf1df/j03/qb/7M/+deu/q2/5tf9vf+gj+c/8au/92f/Z//Wr3n9iz5Z/t5/5h/65g9e/ke/3vJ/+w1/3f/oj/h1/6c/4t//W/79f/C/+vV+/X/q1/4F/9EfOfmbfv2/9u/6Y87TP/jf+6P/7z/mz/nP/si/a/pv/H1/953x7/tvlv/b/j/5x3/nt/yL/qB/4TdK/+PrP+Ifu/drXjz79T/7E87/lp/6sye/4I/8ff+m8/IfOF/8E+dXf/ef8Vf+MX/En/S3/hkvf9c/c5H+acXqD/qxv+uv/M//pz/h+3/Xr/trfut3+K3/o1/vx/6p32T6V/9l/8mP/5Z/yWd/47/yu/7Bf+v//OvO/qFf79uf/Il/y3/zh3/0D/3Tf+Xf++u++dW//sV/9ev+CT/zJ9z9Xf+dP/n3+bP/yH/gN/6xre/+o3/24fI/+rumx3/Xb/A/fPwHLf/Qj/6Av+evvPcH/4Z/029X/k/Hb//uv+mX/TF/xG/zN/w2//Yf9O+3f/Nv+Yv+t19v9gf8s//U3/rb/Fvf+Yf+nT/n6N/+R+49+/f+8F9z54/87dM/+N27P/Jv/z9+k+3f+Lf+M86f/sRfPc3+qD/i5V/8t/13f9KvUf5Hf8Rf81//Lr/Fb/Br/h37f8bd/+6/+d//p//mbzj6A37if/6/f7+/+H/9w38m//V/y9/gL/+3/pbf+D+e/rd/wB//9/9xf/5vnP9Rv175Z/1B1b/1N/8V/92v+1d+65//l3+n3276b//hf8Df9Tv+en/MH/Fv/Hd/5a/9T/yZf+zxb9v8TX/Jxc6v/1v/V7/un/FX/PW/wf/1j/w3f+jnf9t/8+v+gjff+hPfPfpFv90f9Jt+9mdU2eN3v9Hiz3/21/xG/+1Z8z/94X/0n/Nr/s5/0U++/JP/yOUf/uP/zN/w6/5ff9xf/+f/Nf/l9w9IrJI/4Lf79WY7/9zf98+++oP+hz9hPv/3l5e/zXnxa/+eb/+V40/2f+b4+R/4R/8mP/17/iG//Df7I36H3+4v/7f/99/mt/ht/uCf+rv+kN/6J3+P/+H3/EN+jflfdu/v/zWvf7PqN/+Xft3X/96jZ//Hr7/7x/3zq9/g1/3qn/nDfqvf7A/5hX/Qm//j37j/7X//D9r7PX/tX+sf/jV/93/r2bf+ol8r3fq1P/krfrPf7rf79OK3/EN+l3/g//7L57/jX/Fr/sO/5tmv++vM3/zav23xa/32/3H2xd+0+m1/z197692b3/fv+0O/X/9Jv3Dn1/7tdn6zo//oD03e/SEv/6E/4vNf9nv8B3/cV8X/9Ve++1W//l/4y//gq9/vD/rN3v16v+y//vV+9b/7h/+6/9av8+mf9Uf+Af/VH/F7/8I/8tf9r87+sNPf6n/9hx/+1n/Vr/9X/H1/xE//qt8q+7d+zV/8p33xu/xdf+6/9w//5/V/TBb0N/jLf+8//e/7Vb/hZP53/2G/1d/0J778I/+k/+i3/1V/8snved1M//g/9bf9s36X3/+f+vWu/6i3f/Vf9v0/cf4LJn/R6Lf4k36NX/CPlSd/3i968vFv+S//4f/68R/yh/+iP+jXnf5Nf/hv/v1f/uwPbP+BP/+XX/zR//z/9Bv86Xd/p1/jz/mP/+3z3+4///1+z9/m9/0Dst1/6uz3/w1+zb/+F/7lxR/9/D/5W09+2d7d/yX5g69+z+/8ot/gD67/rX/jB//z//3v/+R3/+vf9/+m+f81/7P/+S/4A36NP2D/l/8hv+a/9cf/zJ/wX/2yv2en/ZP+y3/sL/6D6n/re7/Giz/7f/nOf73IfsXdX/R7/HP/15/3V/6ef+T+b/+Pzv+3//Z/Tq5+n63/+uB/+U3+s9/xH/1Dft/0t/infrr8k/6g1fVf/z/+b3/Ab1aepL/Ob/r93+zkH/r9/qLf75/+b/7Tf+tP2/+v/4S/9w/7q/7m/+Bvqv/D3+Sf+jP+oPp/+xt/j//1f/7bXvzy3/yXvHv2J777o36Pkz/8H/js7u/56/0W/9Gf+79P/9mf/qN+5Z/36X///A/765fbv+nbv/sP+gN+gz/4j7v7F/2a/9Vv8jf8X//tn/Er/4Q/43/8s6q/+tf94r/+dZe/9597sfWX/5l/5x9/9l/+qv/y23s/vv71/rCPf/Lw+O/+G/7V/3b64H/9Z47+xj/5Hy5/7H/6RX/iv/VP/rrf/vvu/qLf7S/833+LF7/mk//0n/3Bb/2X/Yq//X/+w+vf7v/+Nf6Sv//P+sP/r7fT/22/OP7Wf/8n/aV/xeU/uHx3kfxXf8R/96f98f/2b/nk5V/8b/+7/9I/Ovl9/uztP/v7//Fv9ms82f/Hfs/v/GP/xp//Z/yKl3/L93f+1d9w63+Y/ub3X/3Zv9avN/9Nr/+nf+dF80d88kf9wZ/8Wzu/8W/zR/z07/2b/oa/zZ/+G/5Ff8KvP//1l7/Br//uN/jDx3/Qr/Ob/Ha/1tn/9of+RvNP/4+/4x+//FP/8s/+qb/8onn2+zz5Q8//k7/8d/2nX3/8V50u/pI/5Pd/Ml39ZX/IV3/Sb/a7f/uf+H1/y//ru7/dr/vb/V3/8U+9+fTXmP86sx+fLl79Wju/xq/5m/xLv+adP+nXyA7+sn/7D/rD/8j/+d99cvdP/X0Pnvzu/93v/3f/g7/u+E/5g37N/+iP+L3/zb/6T/hnf93/7Hf9g3+v3T/4L/q3f/3Jf/VP/l2//m/w+/9DP/PZn/t7/pd/xh/9/b/37/rT/9NfmD35W2eX//ef8hPz5g/+qb/+N/xfHv19q//oj/3u3/qtf/w3+vYv/sl/6Omfu/gFf+EXn/wTf+1v9+v+lv/3//XP/+//5ejX2fv9/7k/5f7b//WLP+5v+H3/7j/tH3717F/7N/6EP/s7f+be4r/50/7qv+73/Ud+qxf//v03v804/33+wvq//29+xSf/1t/0e13823/NX91+92/8NX/hv/C7/qm/52/68d/yd9X/5b/yG5//m3/Dv/NrXv7Nv+5v+C9f/Z5/Z/UP/Tn/83/yt/9Fv+Pf8gf8Wz/4s/+ow1/zt7v7W/xD/8zv+hv+x7/tn/9H/35//+/2F/2Ov9k/8rf+l//Yn/7Jr/87/vHl8Zf/yL//9/yiv/Xtf/Ir/tt/4C/9Rf/KL9g+/O3+0eKz69/1P/0jfvLTvd/y8vTPHL/4d/7G/M/797f2f/zXK5/83X/Ar/27ffu3+5d+m1/+X/53/9bf/N3lv/ob/lv7f8A/9vzN77LzF1c7//F//T/+Nb/t+Nf8H8//mX//Z/7l7/7ff/DBL9ppr37lL/sv/8N/d/zgT7z/n/7GO7/8l/8Tf/zv/4P/OP8zf51f+Ff97t9f/+PrH/819/7aH/vP/r1s8Rtf/E5/5D/2f/6Tf/zq1179q1/8ur96/+/8HR78BX/33/HRo9/8j/iDXvwGv/Af+tf/gOI3HP1Df+xn/9Bf9bf+QX/owV989ef+/r/nX/Hxn/n7/8LVyZfZP/1X/Rp/yZ94/GnxZ/6Jf9ff/Hf+gr3f8p/7/I+7+1uO/oDv5wd/8B/xH/y+/+2PPTj/w//z3+Cf+mf3f9e/7Lf7jf74/+p3/S/T3///+LHfdvrwdx39nr9R9g+9+bN/v7v/9u/+6/2Ov/j4f7k+Ln+j//jH/ri/4M7f8Vf8tosf/PdPftdf+o/+wc9+wR/3G/46v+sf9Gv82O/0u/6rz/+Rf+3Vn7r9e/3nT/7V0W/6z736Z/+qb/9lv+tX47/l3/uPfqPH3/19f9df67f4e3/f9I/buf/7/kd/3G/w3T/sb/1nf+P/5b/7v/+TP+7Nv3DwW/zpL7+d/qKT3/G/fP4Tv/7vtHrzN/16v83O/3H86/wav+Ov8Wv8nr/Tv3v+e53+Wj/2H+38I3/H7zn7m45/vSd/3J/yB/1u+Z/35y5++4Pf7W/6Y37hb/9v/bm/5m/+m/1Tv9c/9nf/jr/bR//Yt3b+qt0nv94vKv+mX/M3+x3/uD/oH/01P/27/qU/7O/4Rf/Yn3z8j/z6v+Pv9Plv/535P/yHHzz6o37RX/sb3Pvj/5rf6Iv/+1/76Lf5Z+7c+9P/2Cf/6tm//Bv9Jf/+r/On/vF3f5Nv/0H//K/zp/yaf+g/P/5b/o9/9U998Bv+Ub/mH/9r/yZb//Zv/Nk/+r89+Yd3fsHZ8a/55D/4m6//hF/n1/mFr3/5pwtaQR/9I3/f//Tkd/tHf7N/4id+/d/9q/ZPSF59e/f57j++84/+Xg/2/uP/5a++92/8qvoP+TX/+b/qPz3Z+Uf+j3/1r/nJv+mP+1tP/qpv/ZH/+l/z1//Lv8GP/7P/9L/2f/zff+jv9fv8Xb/d0cP//E/9T/f+2N/n/976137D/b9z/st+w1/3t/z3/pff8L/+y//cX/q/3/1Lf5df9s/u/vV/5/gP/vSfnDW/4X//u/5J/9FvmP3Tf9Cf9sV/+x/N/tLf+Nf9rdLf4c+++4/+nn/9H/+b/ke/74//w9v/5j919OWn/9K/+Mt+r0//i5f/0Z/w8F+7+GW/4ex3+V2/8/v/N/9S++JXb/+7f+6Xn/3v/+V3/8Ivfs0/6S9++M/t/id/44tHv+ov/xN/6e/x3/7Xf+aL3+Wf+wf+u3vHn/4Nf/If/+D3/bXf/St/7C/4tX7T3+Dv/69+ovrt/9k/6de7++s1v+Znf9f08rda/Qfbf8Kf/A//Rv/E//Db/HNvf+f/fvJv/t2//2803fmPfq9//+6fcXz0G5//Zn/Y79D+kf/l/rvf6D/69/+SX+O3+s1+g51v/0O/4X/6G/+lP7P7p/2ev+b+u9/4d/nfVtf//OGzX3P+3b/n4vf9o36df+wP+B3++3/j4v/+Te68+kV/zL/9G05+2fIf/tvO/7df68vf5Nv//q/3t//N//B0dPJrHf1R//7e+YPf4z/75/+kX+sP+e1ffvlLs1/rd/kLqvX6n/sLf73f68Hhv/OrPvrtq1/8n+z9Lxf/wP/yl/+Jf9K/+mv/+G/w+a/8Y3/sX/vn/sB/7H/7nf7r8195+G//8//iL/3b/tTs/1w9ePwH/Hb/42/zz87//fv/09U//b/9zas//Hf6nb7/Yz928pslv+c/ev0P/ru/4L//nd7907v/wT/yO/9Lf9ev8dv/7X/Xb/wH/G7T9F/8305/zfPPT/733/nk19r7g/7yj/75X/83+bHf8x/9I/7Fv+tf++3381/r9/4/pr/oL0z+9b/qz/pDHv6pf/Q/962/+zf4Z0b/0cs/8s4f9Xv+dqs/6Y/8W/6kv+iP/Q3/vb/o1/vXf4N/6Df+B65/zT/3b/vpv+Anf+Kf+K3/iz/o1/mx/+7X+i0e/Aa/7u/0ZPc3/U3+oPTX/c7LJ7/93/aPb/8a//dvlmX/8V/y5Lf/u05/3Y9KWll79A9967f4M/763+j/OP79Dv6lX+fX+at+zz/8F/4aT36/H/un/qC/85/7w3+93+mv+2t/o//jL/lD/rFf49f4o36d3+nX+PXO01/r9A/+Nf6wP/yf+DV/gz/o5R/yG/9d/9Ef/Hn6H//k3/Iv/br365/4U/+57b+9frFOxuM/8s8o/6r6/m+182vc23r56NG3/6Hf5l/7705/nT/6+Ndq5n/or//xn/RPfPKb/bp/3D/6/C/6tX6XP/uP2E//1j/or/hs+ttR7nL3L/uf/4Tf5jdOf4ef/ujX2/31st/tf/iH//Tf9t4/9U/8h+1//Bv9E49PHv99f9E/lP5pf/Kf9nf/2I//Dv/sn/UP3/u3/uPf5OKf+kd+0U/84b/Tg7/wn/nTf5+nf/qbv+xv/8cvfo/vHfzLf8vf8bf/KX/q7/tX/mHZr/Ub/+9/0a9x9PKP/Mmf+Cv/3W//fn/or/U7/3O/3n/3X2z9vf9L8Y/+37/O/3Dw7Df4pf/zb5T9gn/01/kb/o9ny//6wT/x9G/4E/6uf/s3+If/x3/rJ/6Bf/2r3/YPb/+3f/zqjzx++vo/+PKX/O//7u/3u/3Vf+ejv+L0f/m7/u5R9ev9z3/WP/ir//qdP/Ef3frzf52/5X8+u/rffs8/6N/eufsH/Z0Xz/7n3/gf/d1+q53zX/fP/Jf/w8/+lL/xH25+p+lv/0cfHP4uP/Nr//2/8V/wl/+3n/5Xv8l//J3/pfltf+mv90f9hceHH/0hf/Kf8WfNftc/5uKP/j3+1e//Kb/WP/x//OGf/k2/4dm//x9M/r4/6+/7H3/J9/64f/jtP3d5Xf1vs9/h1/2j/pFf70/9k/7on/oV/9FvUPzXf3f5Z/2ef9yv+Zf9Q//dd/69R//Kb7347X793+f7/92T/+jhf7jcWf/EX/E//uF/4D/8x/9af9Jv8vf8e//+8r9992f+g//Kn/93/eF/+dPf9b89+qsn/8uv++N/+GyU/6H3/rrf9xf+GQf/wC/7v3/Zf/aH/7LRP/Br/rV/0q/1d/3tv8tf8Pf/Tr/Hj/1lf/O/+O/8sj/gD7zzP/1GX/0B33n9W/xF/8X4p//nv/oP/Ov+jDsf/7Vnf+3/9Qv/2N/wj/trfouPfoNf49duf9c/7nf8jX6tH/t9frNn45/+j/643/GP+oP+wn/k7/rqfvY7/+l/4NN//Bc9OHh6/z/7j/+4cfsX/1b/yX/0B/82/9qv8Qf/YePfKvvFO3d+h4/+mb+++Yv/4O//KQd/+Ivf9M/4g/f+ql/z1/9rD/7w3+vP/Zdefuuf+md/7Nf9c//X3+D33fljfu3f7V/7/n/+v5/8WuXqj/nqZftr/1b/+b/xjx38PX/kH/9vH/+axZ/0+b/50z/xG//lf9JfN/v47V9PEc8///v9Vb/27/YP/FfPHv5r2W/6a/9W/9C7n/7pP3L3T/uTf8PrP+gP++3Ipzv8hf/QH/r3Hv2Vv+Ov/Sf/Rr/w1/ut/oLiT/pP/9jn/+4ftv/f7P7GP/PP/Rq/42/xVx3/3//dL/2P/7Hjv+0P/h3/+P/8D9//rX7P32Txt/01v8O/8Cf9Q7/7r/Ov/UZ3/oDf6W//u1Z/xF//M+mf8Nv/VX/Ar/Ev/Fl/+OjyN/vX/5byl/1Hv8Ff+GO/T/pH/t1/0x/4Z4xmv+rRv3Pn4n/9W/+7j36Hyb/0Gz74TZ7+mX/3v/mf3/tXsj/19/tfXvyu/+1f9useHH/n97r73/0jf05y+t+Mf9N/509cHzV/3v/1a/xRv+AfXv19/+lv/w/+rr/p+q86+MF//Rt/9hv9br/zP/HXnf4vf8Hv/7L4zf7QP6v+0/7J47/zb/5N/ps/+U/+wX/7p/0Rv/zv/7dOf4Pf4R/54+d/2h/5O/6X/9vf94f+ez/+5/+af9tv8Hv+y3/0n/L95W/6v/+9/+UffvxrH/xf3/8XftEv/pd//D/9X/+bX/X4l//Kkz/v//zffvfxH/M3Pv6lP/Vb/rl/7+9053+4+qNf/n6/07/2l/x7/+1//qv+ld//9/zDf7Pf8jf6J37m6NXv+u43/U93/+8/8W/7N/6jf/zsX/6VP/Pv/eLpb/9fffm73P2z/+A//lc9/AV/0S//J/+c1R/xX/+Kf/J//cf/8Z/+j/7JX2PvP/rB47+o/T9+//3f7I9Z/WV/4e/7v30++a1+bPo3/Qff/8dO13/Sr7/8vZO/4nf6h/+KNvlP/7zvf3r/D/99/rg/5l/85/6Q8T/35Df+fX/Nv/7X/YMe/3X/zq+b/ppbB3/os9/3H/q1d37PN3/Sv/Nv/FN/yL/Yfuef/rv+mN/gzcmz57/W1m/1D//4r/Nr/gZ/2O/197/7Z3+D+ZO/6z/6NX6dX+P47/ztnv8T/9Gv8Zv8Q7/Gr/MH/LN/x7/3e/2df/2vlf4f//Dv8qcd//Z/3D9EjPK7jN78dq/+4a1v/yG/27/2e/3Df9Fvlf6ev+fv9O/8Gsn/cfx3/hp/0N9f/hrp//EPbf11v+av/zf9Q7/bv/YH/XZb/+i//l//Wv/WndP/4i/781//63/Yj/0Bv3bz3/1mn7X/6L3/6cmvT0nV//vbv8Z0/sdf/Bq/9u/x7vf8PdJ/6qvTP+LRn/QHJX/V7/kv/13/yK/zL53ce/d77v1dT3/9X+PkX1/8ERe/2a/9+dN/ov6t/6G9gz/y11r9o7/W3/SPffLm+Bf8Af/6zrf/yL/y26d3/6mfHP9t/+iv+/Iff/5f/Vo/8X+c/MRv94fu/m2/5nf+vj/iyc/8Mz/+0b83+Q3+8PP/6Y/bnf8L/+1Xv+7v9ldMf7f//Y97ufWH7/5n/8jhP/Hjj/+Fv/TxP/OPHP5ff/z9P+GP+xfL33j0nz0p/vR//OCfe/pXzf+8l1tPX5dfbLd//Oh/+ucmf9S/8+vufHT0J/w2D4rf4T89ONn+vf+yewd/6O/9z/0hpz/9LxxO/rN/+h/78U//gF/7n/m3nnz67/+lf9V//OO/4b/wj/3T/9sXv1f9p/5ef8yf81f+Q//OX/Ub/KGnyck/8f2/7L/47/6zf2P0L/y67T//b/zef/j94t/5q3f+hL/i//6d//J/evQn3M//nb/pP/tDTr/1l/2Vv1P+xWz27N/4x37ip2fb6V/2k3/OP/eT49Mn9W/8b87+8+e/3cnv8Sf8oy9/+Y9/9i/8+N/4O//u3/vfnz/5B/7z08t/fu//+uKv/dd+rb/hf/vjn/0Jv+4Xf9w/81f+w3/If/r4H/+rfp1f+Df+0//Ip3f+8b/yz/uNHv8Z/+mn//q/+pv9FX/RX/k7/+7/6Z/1x/0V//mT7716/Xu//M/+6Z/5z1/9af/pq5d/+PH/9cff+6f+0PF/94+M/qe//OJ/+Ef+k9/uF/7U6NlXb/7x4qd/k0fnf/m/+Yf/1Bc//Ud88Q/8FTu//A/5L3632T/8f548rP+Lf+P/+EcP/q0/ZLf89bbe/NSPXf4zf8X6z/n9/obf6K/5136Nv/4f/2f+un//9/zN/6B/ZPzr/Lpf/Tq/xt/yG2T3/+W//NUf/fxv+ff+oL/m+7/nb5Me/+a/0R/ya/3yX/u3mf+av+X8X/v1/ro3f9f//Xf9QX/br0k89hv9ts9+zd/oj/s9n/7Ff+zv8mv9Gr/tf/Jr/A5/2L/27T/9T/u7/q4/9+/8A/65rT/uD/kdnv9W3/lV2e/wN/xaf+9/9wf/ZrPs7/j7/srfcPUP/w5v/qAf/4Oe/DZ/2x/8+z87+fQv/wOqv+Yv/Y//gH//1/2H/qjf6rf6J3Z+q39r5+/7PXf/oH/q1/jlT37Hg19r/5/6PY9+jX/0x979nv/yn/Rv77d/6J/xV/2hv/bzX+MX/kv/8E+/+4eOfrc/9HfZ/UN/zfYf/bXe/SUXf9jvee/v+z0/+6f+4D/x1/v1H/1Gv96v+y/9mr/ln3zy67d/0K/ZFr/p3/2PzpN/9M/66T/i3/iLft2fTv7w0W/1O336d/zBn/4dv/aD85/K/pI///wfmt79n/65f+M/e3LvW7/OT//SH/+j/6//+rt/3Z2/8ZdcjP+hX+v3+QV/zV/8C7/1l/zgTx39Q//Ir/vyT937g+Z/1e9z+lf9Ub/z6M/6w/f+ujv/7P/9901f/g9/2X/46/x7T/6NJ3dX/8bjX/cf/w//uycPL3969Tv8F09/v7/srz3/3f6Z9j/7s3+/v+z0F/4Vu3/cf/biH/nxL/+vL/6an/4Xrv6X/+Y//If+kL/oo3/2r/lDTv+Cf+PJy60/dPef+rX+5oM/9P7WP/qf/EW/sPzpP+Grrd/kP3n6j88++m//6r/pdz//R373v+ov+WP+k9Fv8p+++2NOf8Hv9NV/kX/vB//MT53/F8u/5e1v9rf8Z3/PP/KX/Y2/zV/zE7/3H/r7fOuv+UvqT/7O7/wXP/GD7/ybb/7Q/+Sfe/rmd/qt/4bfKPvxj85nf8qfcf/bf8Lf8Lf8Rn/Tiz/gr/3j/pm/+t1f/mDyl1aTf+Gv+o3/mj/nL/jW33T+5/wD3/krxulf/BOXf/g/+uvl3/tb/trXv9W3Xv8F/9z69/s97/5Vf87fcPy7//Tf85f/Q//FL/z09/zzy738b/t3/vL/4tf4z1/+Lz/1xV/3X6+TP/TX+b9Xv82/sPe7//T/+hv9zf/Zr/VH/Q//WfWtp0XyJ+z+d//Ir/F7/8G/xtN/9a94+afe/4v/o9f7X73+P09+o3/qD5j/5K/9a6f/8K/97/3U/d/uX3/w1/83f9XLP/UfG/+69//wk+2/7g+98ztl+7/RP/Ljf9Af8uPpk8/+oF/jN0nf/H1/1G/42/8F3/s7fo0/5Hf4w/7ZX/C7/Vrf+RX/8d+x+h1/2//mv/z1/r1f89f4037Nv/s//od+l6fPf7tf69f4Hf66f+TX/J3+oN/s//g1v/Nv/47pf/J7/qa//Nf4TX6NP+Tv/jX+oN/+H/o9KaT53f+jk9/2D/u1frc3f8izf+fJ7/D8+P7+Tz998bt9sfPxX/To1/3pv+Pbv8HWr3F3649Ofqtf8/DdH/o7/Xe/1vVf9Qcd/r7/6N0/7B9q/rxf4/f4zf7RT/+lf/iP+oP+yF/53/16f8ov/LUf7vyhv9dvdfJv/0a/3u7v9o/+2L/1Dz/9NU5+xz/qvx39d7/WP/t//8Vnn7W/573f7h/6sT/v1/hNf7vfc+83+0eP/rd/5Lf+536tn/jTvv+MlMSzP338B/zar45+k7/yx2Y//pf8+3/Hb/GP/Cbf/su3/60nTyb/wn/+f/wNv+4v/sP3/rjv//Rf/PzJ3r/wY6/+i7/j7/hjvvgTfuf7v9l/8W/98X/Or/9bnv/esz9h+5ef/8d/WPIb/eI/ffcf2rn/2/83/9r/+tO/1j+6+k3+x9Vf9c/91f/0H/f93/iT81/rkz/8N/lk9R/P/opf/y/9zk9c/k3/5h/8h/8Tv+i3mf/zT/7h3+9b/9af/Yd/9Rd8p/hDfuqf/g3+8Pwf+eurf+Hpb3t4+uv937/2P/0f/SH/4u99/utc7fyVv/Vvcn/3T//07/9Fv+UfuP16+08f/UZ/3l/4h/yih3/E3/zdf/jX+l1+/f/yz/tT/rj/+6d+0cX/Wr78Tf66f/TRf/eb/ba/ye/zJ/1Gv9E/+tv81PyP+Idfvf0rHv4lv+HV6V/zH6x+z//7tzj9o/6bnY9/8T/+O1/9LbPfJPtNX/8VP/5n/HGv/7jf+Yvf6b/4vdt/5x/7pf/Ob/qvPv31/sjdf2b8N/2bf8rz2d8ye7b8dx782D/6a6S/Vv37/dTf+4d859/8M54Xf8N/+1v9Q//qf7Lze/7m/96v8Vv8ez/1m49e/NPf+Z//id/kv/ht/sy/4tUffvI7/95/yG/w1/2WW7/3P/y7zY5/3fLX+m3/rl/z1/mZX+Pv+6d/w7/r+p/9Ox7+a1v/0B/0B/8Pf9rv8jf8Vr/tX/IX/51/2r/2+Jf9l7/Ln/A3/Ma/21/1ty2+d/rn/yN/z5/3Nzz543/P3+QP+Id/h3/tD/3W09/rd29/zb/m3W/9W/xGf95f+Yf/G7/uL/51f/rRH/VwNtn9l453/qg/+OEf9kf+G3/Tyad/16/9h/9hv8av8+f/Qy+e/xoPVn/o53/At/+U/+rF//ziH/29dv7QP/M/+bXv/vI/+Vf9rye/x//09F/8me/8Df/Zb/38D/yN7+78oz/2f/9uJ7/11pMHj//h37L8Q3+jPy4Z/3e/56s/4Hf+s/+HP+Sf+I9/rdG/N/qbf+af+c9/Zvr7/J6TJ7/Fn/BX/Iq/4depfofyi1/+6/6Hf8s/9A/8Nvf/sH//3/rr73/vb/wV3/tjyl//v/wbfuLV7K/615/82G/7n4//1L1f6/f6E/7NP+e3+S9+s9N/7R958hv+sb/zTz/8nR//Ob/b5K/8iya//28y/VP/jOmDy5/8N/+xg9nub/MbXhz+Bf9Gsfu/vj39TYrf+Rf+nT/5n41+u3//x+rfuZi+KKb//u/xV/0O9/+iP+M3/E3+m9/u80+/9z/+OT82/evefnL6R/0r+Y//4L//m/6S/+XVb/Ti/r/9n/8mv85f9uN/x/1f9Ns++N7F3/4PZ7/J/d/ir3jwt/ztf8O/83eskr/y7E/4df+J3+bf++3/xX/k9/83nr78T77zN/yv/90/9Ld8+u7zP/33/0eevMn/hfEf8Ifu/Hb/0+R/+a//yv/71/g7fvvmd/h1/8f7v9Zf+59VPzX9K5LTv/ZP+8N/6R/55//MP/hn/P6/8v7sL/0z/orr5Pd5+WuP/qU//l+c/U+T36L5t7MXzb/5h/2Hj3+TfzP7n//Qv3H9G//qu//W9Y/v/ur1X3r+rZ/4X/7b08nvPPqT/urf9vf+63+NPyn9K8vtTx/+439FNvovfp3f8zf6df6hX/uf+ld/49/3+Nf4dX7P/ee/5m/xN/1G/+zT6b/05Fvpr/6fnv9rf9Bo9gf/1v/ef/db/2O/52/zh/0hv8l/9Wv87qtf47f95f/Qr/n4zW//axw/3f53f5eX//E/9Ict/46/63f9Hdp/9+/67f65f/jXePKf/wv/5d9x/c/+ev/U7/WHfPoH/5Z/1G/19/1Hf9Dv8PT41/rznvxW8yfJn/dr/oa/9x/8W/1O/8iP/2G/xq/95/35j3+dP+g3ePlXTH/6T/0f/5Rf8Z9++0/Y+QN+0+w3OvmDHv+j/+Zv9C9/+vjXfPH3ff5n/N9P/oh/7i/+ox/s/9qf/U4/lv0Bv/W/9esc/7p/3A+aN7/n7/bmD/qr/sQf/Lr7v/bD5yff+eS3/SW/3Z/4e/5Df/of+/Bf+o1+5h/9tf6lf/TX+t/+kId/1em/8gvy+0//pu/+17/wb/mz/pa/Yvd3//v+it/o7x0f/o/1X7bzb/1av+vf9dc8+I3/2H+6vP+X/N//w4P/5j968189ufff/BW/91915/C/mR7+EX/OP/vi761+6g//6/+nn/oN/9r/4sXRP/7wb/hX/44v//E3b37LJ7/Jf/xX/Mu/+O/9W/+yv/Pyr/2JP2f9cvn6V7/65Itf5/f9K+787m/+i9F3/60/9TdLTv/OJ3/FP7D3Yvw//ZY/82/+Wtfz3/hv/U+e/J7/w1/6V5V/5W/wV/7Xv9mjd3/lZOefnP631ed/0z/4bzz5da4ufsu3v/D3elb/lX/fL3z98tf9s5OT/+FfePzmW3/Zq6d/+dO/8+/7/pPmD/gj/t7f7P9+9uv+daftP/aX/Od/zuTX/of/3d/9H/4t/tl/7jf8tf/j0T8x+fN+8j9+/of/Z//e7J/6d/6y8R/109vp3/9r/sp/5B/+n+/8w3/y7r/0ndN/5cWv+y/+Z+WT/yL/5/7RX/jVb/fX/QX/wV/9d/6xf9y9/+if+dcu/4uLT//Kv+L4z1/+M9Pf+xf+Zff/5/H3//d/7u/6Y376H/hN/74/INk5+jP+0t/7t/nHD+a/8d6f9Xft/+f/R/1P/B+v/v1f/Vf80b/nb/SP/Z4Hf9n2b/Gv/Z6/+erv/a1/nd/zr/+3vrP/rV94mLz99OHf8eov+y1/j/z4N/o9n8y/8w/9rr/nH/JrbT35hX/ZH/Tb/GF/7C/9C/7ZX3r5W/0m3/5DfrP9rZN//q98/Bf+D3/H7/TH/Y//6R/0ZPGn/Z2/2T/8P/67f9Dvtv9rfv7fX/z2v8Ef/Dv8Vce/6T/0B/1u8+PkT/q1P/r2P/zjf9g/+Ns9/oOO/vs/aPzL/4Cf/mP+uH/o//70f/7b7/3jb3/FH/Lb/lW/xh/8Lx3/6f/Yr/35H/UH/1j7j376N/2jv9Wv+Y/99T/27/0F7Z/0k9XvsPP7/fN/xMP5n/HH/bb3fu1/7vfb+VP/i9/1t9/99f++d7/9/H8t/4nDP/xfefcb/6V/0V/yve/M/v1vv/vFf8sf8If82I8t/pPPfvF/8Xv9e3/cxT/8/L/7d3733+vPuvf7/K3/13/8vz/4G/6Nv+H3/c4f+S/8Nb/ib/sz/rq/8v/+q37yb//Bv/7Tf/0f+FN/9/JX/Dv/+p9978kf9ud9cf/8r/3v/sHf5+3f/Hf8/d/6Fb/L7/t3/9R//D/8Mb/6X/wbRn/f1S/7V37F7/grq+//A3/or/hf//b/5vW/Nf7+3/Nb/Op/77f+7fb+gL/m7/7l/8Q/n/+qn777F/5p//f2P/+3vynG3/ub/qef/vd/9/Jv/Pf/2r/yt/9vH23/Rlsv/96/9a/8Lf7173y1/tf/qpd/4Xf+8//+7/1r/sW//ukv+g3/w//md7z+H//vf/8n/ujf/z//8/73v/Bf+iv/lX/23/hLxr/15d/4+/0dq4f3/+V/9vf+G/6Wv+vbv8vf8K0/9n/J/5p/pP33L/+b3/p/Xfydb/7l3/+//+l/9rep/o/X1T/63/+HX/0tf+Ef9l//up9m/9kn/8Kf/Qf+YX/wP/9n/7p/4uv/4e/4z/+zv/UP/9Zf9Qe9+pf+ln/2W9/7TT+b/he/15+4/1/P7vyGh//rH/TX/OGf/R+X//Cv9+f+fuf/8Z/w5C/86d/nn/3t//E/ZG9n67999rct/5rfcvef+8MP/pL6F23/1R/9Lr/4+ZO/v/6fV5/+W7/g5I//G/7AP+6//sNPf9u/+m/5df+qX+/3+A3/h7/t3/urfvo3+WvGf/n+X/H4r/rL/tM/8eR/r//j/+Zv+/v/ht/iX/m7/sCtf+1/2vu9/7g/+fQP+QP+ut/sP/rjfp0/YecP3t/61/+b/+73+mvrn/gjtv+Z/+b3/Et+h9/8p//u//jX/PwX/72/5h/9Z/878//0D/kvfuFf+39/6+//ff6IH/w3f8Sd9Df/H5PvvP2D/8k/e5T+2O/+G37yO/1Fsz/tF/wlv132m/6u/8zW9Nf57X6Lf+gP/mN+4a/xv/3Wv/ev8em/9Wv8IT9xuT39t37jX2P+hyS/0+q3+1//zd9o7ze7/EP3/qp/a/rd3/X/+qf+gF97f/mv/25/8Oo3fPiH/onpL/iXf9ff6ndb/lF/8W/zu/0Xq/0/86d/+i969k//qv/u7/9t/8Of+et/6u1f//v/Qf/xX5xcPvmz/qBf6/f7g37s1/yzJ3/W7m/3ly9/p1/jr/jtf+3f+3f4L/7MX+t3+p/+oj/7j/ordt/9rpP0v/mP/rBv/UG//Z/9Zxa/0bd/vfzX/wv+o1/vt/8tf99nv96fffFv/cu/ZvZnffzuv/htmyf/1m//2//Yr/fb/Z5/yG/zh/+C9M/6A37yv/krftvf8tfb+TWzH/tn/uu/+z//A/6g/+Evn//V1//JP53/RX/tL/yp//bXfPIb/Bdv/7A/9tO/eF7+Xb/r//3v/Fc/9if92F/x5/5Nf+Of8Vf/N3/Jn/wf/xX/1d/4T5//4Nf4q379g1/99q+++hv+ncXf9Cf/2N/7P/75f/P//O/M/+E//n84/LP+0T/62d/1Xyx/vd/l71v+Q//t+ON/8e/61f/X7/MX/CX/8v/1O/xXv+ZPPf97/qvH/+Xv9+cu/6b/8X/4c3/Hv/L1P/i/L/76//y/+IW/zt/zT/8Z/9HhX3Pye/7qX/TP/sP/15+T/93//v/wZ3/8Yz+4/vd/5T9z8r+Nqz/sv/6vv/df/X5/3y/4+36nf+ef/TV/wX/3d/3Tv8k/8cv/nD/z6mHxN179Hn/en/vr/jZ/0u/02//Fv+n//YPVf3fn4v/46T/rv/79/t7/6e/67F/88/6X/+63/w9/6S/6s/7NP+Onfq3/6r/6w//F5//RP/hP//a/8S/6e6f//v/9h/zBD/+CP++PL//iX/b7/QZ/w6/8PX7dP2Txa/z7f9V/9J/9B7/ywT/8r/9Gf/D4H/0jfuxv+p8//Wd/1xd/4B83/Q//j29d/IP/3f99/Mf/4ul/+jv8D8k/tfe//u075ewP/X3/+Ufz3+PP+Jf/+t/xn/5rf+rX/N0//jv+wr9969f5I7/3H37nD/gzPv7d/9f/5A9Z/6W/S3L9tzz+NX6T/+hn/tBf9lP/1a/3T53+pf9weXX9p/x+P/Z7/Vl//0d/yP/89o98++f96//W3/EH/Tt/8Jc/+If/pz/kX/sH/tbfMPkv/uj5//Ub/sH/4u/28h9If4Pf89f4pX/KP3R9vv/b/6b//F/y+v/+i/6JUZv9ud/+/q/55tt/0K/9i/+13/oP/c7ffvwbLf6tf3z0j2S/9b/yn/1av83f8hf9m7/4p9Nf6+CfOvntXv9d//Bv/ddkf9Hv+Ge9+gX/y8Gvc/iH/EW/wXh1/Fv+Zr/Zr/Vb/zO/xm+w/99969f8zv/01e+095v9kX/An378G3z67V/j7l/8t/+a53/18W/8z/xaf9Df9lf87n/d7/ef/EO/98H8yW//R/2ef/hv/GtMfp1/5vGv8Rsc/Ee/8e/85j/6v3+zP/I3+Id+q//oF/3hD/+9P+hP/gt/4tf7yf2//O4v/g/+1u3/4x/5x+/9FT/xh/8mj3/t3/5/+c3+yX/ib/vN/5A/6o/7436d//Dv+qOf/Dn/8h//6/5vf8iv9Q+mz+79Nr/nb3L+/C/97f75+T/x9HeZUEIsnf72/+kf/tmLP+M3+v1/s+lvd7T1B/2mf8L//Mf+Yf/Xf/LbfvpP/z7/wr/1a/6rf9ZP/6e/8f/wd/0Rhz/4i//Y3+8P+rV/p3/y7/p1n/+R//NvNB/9o7/zP/lP/RPbW//Tb7x4+uav/jf/oH9i90/7b/6E7/2+09/+n/y9/4jf7m/7Z/6V781Pfsd/cusP+Sr7c37jP/fP+dP/muLvP/29/sjv/MG/1r/V/lVPvvhrv/pb/+d/4+/8v/6T3+bf/pP+2lf/87/zb07n/+lvO/nf/vBP/6y/5jf+28b/+l+XnZa/12//5/7xf9H4V/zV5//8PzH7W//kf+0f/C/u/47/4s4f+eQv/M3/5b/vv/jX/6Y/6//+5//b+7/Zr/59/rEn/+nvUP1F/81Xf+YPfsN/9rc5/vWO//5/fPtn/qXv/rn/yfqvfpL/9O/31U/9Yf/2//Xb/F1/z2/9333/zv/0706f/4pf67/43z6Z/bEvf+rv/7+e/NX/+D/+3373zp/0Gye/2f/62/3ev+Ifvr86fPMPfefqr/qPv//f/v53dv646uU/9Dv9Tb/uH/kL/qFf9Mf/t//I/t/46/5Rf927P/i//UP/vv/rP/kdf7ed/27vL/o1f+Pdf+o/+m3+i9V/9/v/hdnv91v8Bgd/9d63/5tZ9lP/7l/5W/w2f+Pf/uuOf+kf+6v/+L/8H2n/9vrv/9av+3d859/61XuXf/3bX/e/u/u7vf1N/s2f/hW/3X/0Z/03u/9c9if8Lf/Jv/43/eBf/28f/1U/tfurf5t/6O/8Xf+N/+b+8l/+D//pP+cP/bX+h3/qj/iD/tbdP/Gf+Rf+rr985+//bxd/+v/+H/9Zf84/+jdlX/y3f9rp6Nf8936Ly7/5X/jj/6v/+0/5T5Pv/86/6Ve/0R/07//1f+Q/+IM/9qO/73f9W6rf+G77F/9e+Z/77E/7m+7/6X9z8R8f/vu/6R/4q367f+Bv+qPP/+9v/Wf/zKv13/I//J53/6S/9Sf+sP/u1Z/+T/z07/zfLX/XX/3Vv37+4J97+o//97/ob/xdf/K3/51O/uGT//PX+6M//tX/5p1f+3//7f7F/+3ZF7/x4b/53/0zv/fv+C++/PV/3b/j3/0P/6Jv3f+X/8/tt6/+yEe/93/1V/zkb/QP/Ee/Rvon/k9/5e/52X9++upbby7+qL3fMB/9L7/LX/OHzX6Nn3z4h//0n/bH/NtH//Lz/T/rf/ld0/u/xZ+y+5v9wfd+vdWv/Z0vftc//cEf9Ot8+rulv+bv9jv9J7/Wn/Dy1/3dD36NP+T3fPof/1bjf+u3/k3+tN/sr/v9j3+v3/s3W/0ZD37N3/PXzX7Nf+T3+bFf4w/Z/+//z0/S3/f3+i1++T/wW/86/+tv9uuO/6c/+Nf+rf+pP+Q3+d3+7/R/GP1TT36d3T/q1xw/Xf3a/9o/9eTs+B/5L/+ps9/vT//0v3py9x/8m/7QX/Pd//TH1n/VH/Db/a/zP+I3SX69P+4P+1t+7b//F/72/8TTO3/E4X//7f/oN/5l3/5Lftu/aj/9sdnJH/CP/FG/3m/8J/+u/9Yfdf5rn/9+/9Pvc3f8L/2xf/nbj6/+7l92vff4P/o1/qj6y9+u+O0+/4k/YP/P/rV+n+//47/2v/SP/7rt8dbFf/aX/J5vfuKP+FP+lV+7/t/T/+V3+TX/pH/4r/hjvvitnv7m3/lt/qN3v+U/+F/9ln/+7/tP/Rrf+UdWlCuY/a5//8l/def3/Hv+uP/sT/9Fv/1/8msUe1/8MX/Eb/Q3/Mu/5T/5d/3Yn/y3/p7//H/wn//Vf+bf/eXR/3D/9/zn/5s/8B/7C37dbPqb/WDnLzj/Lf7W3/bf/as+/5/O/u0/8/VfMEl/+8d/wMkv//P+5NHsN/utf/m7n97+j/+n3+oHv/wPefd///K/6Dc4+bP/yd/rP/oz/5Vf/Pf/c7/Wb/NnHv/xf+Xsf/qVx9k/cO9v+pf+uJ/8/k/+1vk/9OTf+dtf/qb3Z3/Ar3ryW3/v5B/5k47/0N/zxbt/5l/7/Lf9hb/ZX/PP/n2/ztVfXv7n/9O/Nnv5m/ynez/9e/56v+ff8L/8B0+3f8+/4bf5Y/7EB3/R5H/+pf/Dv3L+L+7+FtP//ved/rb/zq/xO8x+zz/18nd9/I+cfGf/dxv9eX/jZ7/Dv/jgd/inPx7/nv/4v/N7/jb/zh9w9uQ3+/X+zr/k//zLnnz2r/0hv//5P5z/Df/wr79/8tv+H3/jvd/p5M5P/8e/1v/6m3z6H734lb/V019+9J/+Gv/qya/55/6lv/o3+6d/+d/wj2z9aS/Pjv7pl7/BP/5r3D25/4fNXv5R/+iv8Zf+Jd/63/+E7dXxr/V7/zW/9tXv+quPVr/XH3f8a/0Jyf7/8Os8+J+e3Pmlv9b//Dv9Yy+3/tH/7fk/9Bv94f/o/32y84fu/XHZb/sX/cO/9tV//H/8cce/8b++89f+KX/Fb/tn/Ul7T05+m3/nH/7rfr0/6L/5wb90/9f7y07/149+27/qePuP+0v2Zr/mb7vK/oc/7Nf8rX6Nf/rL5+knv8V//if9Bn/4yzpL/pv/9Nf7S05+nad/QDL+PX+7v+Y//tP/oz/gt/3d/qBf40/6j36ty//41/rvxn/ho//0Jx6Nf43f+z/79f6zv/g3+GN+z9/mT/qL6Jdf7286/nV+k1/zd/zPjn+t/+z41//L/uJk+WO/Yf0P/T5/3u+e/HE/9mv8UX/09/6QX/c3/l//oO/+E//zf/g33fk1f4O/4T/6o37sN/61fpNf65/7i36j9A/4dY7+4N/w30h/g7/g9/x136S/zpM/+Nf4a/7i3+E/+Mt/i5/+XX+bv33yv/wh/9jr77z4Xf/7/3r/vyh+u//tP/51XvxHv+3flf1af8SvOf2vnv2uf0F28eQv+iv+gn/4d/3Wr3H+x/wRv+fvlv7Vf9M//H//hr/eP/Tb/01/8Ge/3j/0O/9bv+Zv/+f9xf/N0X/5O279F7/t//rt9o/79T/+p7/4Bb/eH/Xv/WH/8Lt/6jf+6M/Jfsc/4g/++PIv/vXG/+jW3/WXHv52/+nv8oM/+HfIf43f4eXZb/tb/GW//p/+4v/8Pf+G3+HRf/q/z/7jX+t/+LX+x18++Q3+/V/rV+3N/sf/Nf81fvsvv/Wb/Ga/1u/4Nz748/7hO//Ay//z3W/6G/2Hd3/NP/Kf/9a3ftFv+5f9Mx8//zXu/zt/2G/5Z/6mv9NPH/+2f8Dx68e/7ukvf/Lb/A3/0X/6nz351m83/T3/kj/41/iH/uP/5rf7T/f/oCff/u3+0P9t9If9mn/7XzL6837X3+H81/ydfvrX+Lf+nn/p1/uzf/x/mv3Fv8Nvd/LJb/G33PvTfpP/4d/5Tf/3v+wP+TX/7N/0/h/xm/3n7dP/4Z949X/+Jn/jX/DnnPw2v8a//Ov8Td+594/8i3t/zfJX/WHH/+Pv/Vt+8ssnx7Pf83f/1//H//t3+S/+BUod3/13/qC/6X+r7v/Sj8b5H/Q//U3/yNYv/U9+zX/nf/xt/9q/5PH/8Cf8fr/W68d/0R9ydP6PXfx6v8bv9O47v+3v9hd9cfkH/zu/zV/2G+//pf/gL/1LfuO/7B/7tT/7x36z3/Ev+zV/l//pzr/zh/7KvdVv8Ev+gDuzf/jX/id/nd/sf5z98l/4N/73/8i/9Ov9mc9+07/h+Ojf/vHf5Df/Tz9uf9df49f6ZQf/yZNP/+4nx//u3/jr/Zcnv/3sD/odtv7Q7X9t8hf8PX/o1uVf/H/+WX/J03/0X9r6G7O7/80/uv3L/4ZPTv6Gf+uv+7V+5//9n/112n/41/0z/7Hf7J/+y36PX/wf/11/1X9/7w+bfvqt/+nX+A//hv/+b3vyP//yv+S3efW3/bZ/xq/5O/0h/9pv/nv8oWeP/tLf+M/4h3f/hz/s23/s33b8J/63h+Pf8+y/PTn+l3/8t/0D/pvDP6z973/yLzv96f/xdxn/AX/yL/9DfsvDf/T/3vqr/pFf59nf/OXP/MYnydm/9Q9Ur/+0LPmjfvzX+On/OPnpP+jf/kf+kH/7T/qLfufxf/Rr/WPpm3/ob/nkF/9tT37P5fGjF//uT//Bv8aT3/13GP8av+Of9Af99uss+df+8/29v/o3+MvS3/D3/ov+/YP01/xH/qFf79k//L2/5q/+j/6of/z3/l//gF/nTzr9fX6Nf/h3+v5/9B8ky5/69D/6tf+w9Nf8TdJf8y9Jk/rX+HX+qf/4t//N/uPfnFY5ln/p7/Db/Rq/7V+R/no/+J/+9L/qb33w2/4r3/ufT3/wg5/+7X6rP+S3vfwvz5/REuhfMvutfo3f/b/6g3/b9A/5BX/P7/r7/b1/8O/4/A/6HX9p9tv9DR9/+S/9xb/f3/0H/1p/x+/6R/1LWfVq8mvtf2v6T2W/w192/Dv8B//wH/BbTaYHH01/uz/md0r/ib/wF/4lf/E/9/lvdPn5T/9m/2X76i/5nf6e43/xv/qPf+bv+oP/79/v17/4XX7zP+J3/FN+0a/xj/0B+S/7x/IHr36tX++/+B0/rf/Ey194/qvnv9av95cQ2/8BxR/50S+6+LX+oD/jd/y7jn/nP+Iy/UMu57/sD/sd/7H0y5/55Lf7Iy6X//vW+eLy4j/7g8/f/hk//Xf/l29/6R98/tN/x7/3z/zxv3j56a/zD/zFF//I1vm9T7/8+34y+WcWf+Lyf32b/yP5z/yGV//Ab/Pxv/3p/H/dmv79f8fiV/9Rxcfpb/dLs9/sT/k71r/en1n9Ps9+o63fc/GP/UX/9U99/hvNPvryH/uDfvEyq/7Xv2PxXz/7tX69j36d5D+qv/gDfq3/6bdZ/ut/RfOHHv/OT/6ixdbfcvno71z/dX/G7/j8o/k/+mcs/uFfb/3r/xW/xqPftnj74NdJf2X5Dxwv/rf5H/Sv/B3/3n+Wrbb+iuZX/hvLf/2PyNvf9rf/E/6Oy9/g6tf6d57938k/9elv90f8tue/cl6c/Ee/0y/9h4s/69+4+HX/zn/v78r+jv/1n/p1/qzf5uof+49+rdnkD3jya/wVf9P/+tMP6vSP+I/f/np/yZ/4Sy9/0Z35r/U3XV38ZVc/+PgP+gW/8D/6Hb/9v9Z/5N9xOaEB/Hp/4x/1Zy7/6//1svqH8z/0J3/6e3/k4o++/CP/iKufrn5y8Q/8wb/gL/k3qz/03/hD/rE/6PIX/kW/xr/0G7wt/sg/5KvfM5n/kecf/13nf/fxr5v8Qb/fr/9PXEz/zfk//mv+ol/5V5V/8/Evufon/r7f7ff8jXZ+/T/43/8zfse/4fgP+5P/jfz7l8Uv/AP+9fGf+Uf9kb9defJ7/s5/yt95/g8/Kx/8Fr//P/pHFP/xP/GL/sF/43c7+Dt/49/tL/qZ3/TPWv7iZ7/gDzr/A/63/+rtb/sH/Trf/p9/g1/vxx4kf/ST3+DX/VW/xd5v+W9Ovn1+/Nuc/p6/7V/zD//fv/2f8D//er/bH/Cbffu3/rGn6W/8h/3Fv/O/82u+/kd/s//hd/rd/9Pf4C86fvoPJX/Ni9/u2+vkP8v+/Genv+Dv+Lv+vTe/52/97d/zN3n3a/yGf9Pv+RuW/9Fv9Zf90z/5h/66v1b5a/z6/+uv8Rv/RX/5b/TP/Rq//m/xD/26f80f/Tv/pb/7r/3PpMmzf/jX+8Ff9Ov/bf/Rb7n3F/9a3/o9kz8m/TN+q7u/7eQ/+vX+muPf5q/4A5K/7Q/5Nf6j5a/89D//3l/423/yx7z4BVu/xm/3p/zFv90f8Rv9Fd95dv4LJ7/D3/dr/nZ/1K85+Q/u//Z/xT/8a/9Rf/Cvk/wBf8dP/7V/3y/9i/+uP+MP/juSv+h33fqL/pV/4A/+qy//ht/+d/ozftv/7C/K/sc/+7f9h3773+6/+4Nn/9Of/eOP/qBf/zf6A36Hf+oP/nV+5g/+K/6W47/5T/iHf+f/6U+fbP2ev/PyP/mF7fJf/bd+1W//C//Zf2T+e/1G5//tb/zuj/vb/4Tf5P/+m37fv+6v+BeSv+efS/6BP+eP+bX+jYd/yR/xu/59/9K//Q/8Vr/3f/kf/PZ/1/lf+2v8M//tX3Hxe/1ayR/0V/77f83f80vLv2Xy3/1Tf8wf96/+Lf/tP/zyd/gH/pM/5i/+zRf/1H/wD/3jf8vxb/SP/Rq/6d/wa/6m/9Bf83cd/V7/3Pnbv+ejv+43/hv/4H/yX7r+7f+23/B3+GN+jb/9r/pv/tK/9Df6mx9t//XL//23/e/+2F/r0f/+2/wR2W//L/32f36V/eX7v+1fUPyzv9t/9+/8A39C9lf+9v/73/nop/7OX/rf/iP/zf/+V/y2v9fv+Gf8x79xQssD/9xfsXz0lyz/27/j3/hj/oLD3/Cv+I1+49/hW//a3/+tv/evTv/dv2LrF/4Nf/xv+Dd9+5//G/7E7/xa3/rn/9E/IftXf/J3+Nu+//av+dv+nL/qJ3+H3/93/3P/juqf/cf/lOd/y7fLvyr5Pf+m3/fv+fv+tr/nr/gD/9l/4Wf+o7/qz/iLf6N/8C/+y/+tf/gf/wOS//vi/J/5e//3P+bXSv65v+GrP+cv+O5P/c7/we/5G/1zx+d/wV/z1738Hf7mb5e/3Ud/zmT+v/wdv++jv+L5r/U3/mujv+sP/Gd/8d/46K97/vYf+Wv+2X+k/NY//b8nf/l/+9v+Az/zH/2OP/3H/g2/6dU/9i/9hn/Fn/Gr//Fv/0Z/xfin/oXy7T//t/3Dv9s/88nf90//vX/jT//1f9Xq17tY/rn/6tYf+3f/27/qt/vH/qG/9qd+r7/rd/nr/t6/7Xf9K+7+t//IT/7UP/9bHP61v9EXf9W73+gvffjf/7U/9dP/2D/2G/2i//7P+VuS/+g3/r1/z/81Sf/en0n/vn/1+q/5M37Xv/bJH/cP/kW/6+/4D/yav+nzf+h3fvaL/6ZXv9Ffs/7j/81f41//PX/wt/16n/263/47/pRfdf5r/tn//bufOv2Pkl/vD/5vnv9Fv96f9Gv8W3/G5Pf4xb/8f/1tpt8f/56/4H/5s377P/w//rV+4e/6G86e/IKX/8Nv+w/+Tj/2C//i//s3nh+/+o//o+Q3+I9+4z/kD/ot/q5f49f5qf/o1/gDfs8fe5b+6X/wr/sbf+fhr/m//kW/0R/y6/5Hqz/gt/7Dfvff+y/9y3+j/ePf5x/+g37tgz/od/qN/qNf58/5i3+LF3d+45958qf9Vj/2Y3/F7/knp//xr9f+mj82+Y/++//9N/k//psf+3P+4oe/7T/1l/43f8r5v3H4a1/Vf/Bv8/YX/Zqv3/zJR7/2r/6r/uCdP/zX/B9Wf9nv8Dt8+ct/m9nH//l//Df/BX/M3/WtP+LP/59/+i//Y//Zv+m7/87f8O8mf/7f+FN/19tP/r7f+R/6d//VP+af/6k/9m/55X/MX/Mb/LX/ytG/8zfePzn6bf/lv/IHP3HnZ5Lf4A9e3fnbXh3/lr/2/rf+1m/99F92/Led/ILL48Of+st+mx/8rv/Rr/906x/5S47/s9/1dyAB+EMmn/4O//K9/2z1H/zfv+Z//Of/w3d+8Xd+u7/k1/8df/I/e3DvN9v9wV9850//Xf/v/X/n19z/2/7R//Bv/0f/sy9/v8OXf9npz/wx/+5v82v/ju1//J//oZPf7a/+47/z0//Af/Z//pLf9s/LvvXVq9/2P/k/nv7g+Lf5m46P/9E/5LPf7uTwd/pbP9v5Lf/z3/yX/q8vf+lv+7+9+oPqf/k/u/gbd3/pP/LffPZLj3+r/ftvTv7Lv/p3m/9tP/7oN/rH/sOf+BfGL/+F//S//CWfvvrx4vf9hVf7P/7b/hl/w3/2+T/2V/4h/8Xqr3r6rT/sLzj9dWa/yV/8a/+W//nOf/B//9J7f8Xe7/A7/GG7v8Mf9p/82ke/+9u/4Dt/1L/wG/4V//J/9WP/4PH/9Q/s/uRfeu93+JN/1daP/+pv/6f/x3/yp32y+/T+//Unfuuf+qXHf9bftv2/ff/X+n3/0v8+eXry5Y//p//mZ8Xy//rPfvG//Mt+jT/w3j/zHxw//8Me/dZPP/33//z/9b/8zfb/kt/1t/2X/uHf9v/+pXd+jb/59/r0zfHf95f939/6pf/Cf/MT/+i36t//t/jqb/lt/6u7o7/iD3zxe/0D//XfPv09v/37/Vp/yfEv+Kn/7L/9/snWn/abfL71D+z+V/v/21/30b/wS/6K3+LP/ltGv8X0+O/4p/6H3/gv+85f87v9L//3//jgr35x8Lfc/R1+jX/k19n6NX+t3+J32v2f7/7H/+BP/a2/xX+x97/+jX/xP/L7/q2U/PuXXv7k/d/8X6//8d/sF/3af+4f9vst/p1f/vf8rn/tT/6Tn/735/d/5s9++W/8xr/5d588an7hr/Vjv+b16Z/0/Ds//h//ITvZ31P/nyd/yJ/222z/lv/IX/OP/xqn6Z/yR97f/rv+gH/5D/u1/8k/au93/DV+jfRv+emvfq1v/UF/3w/+zz/1qy/+iL/hd/y3fq1/6+U/8Y98vH3n4F/73j/6nz79zQ7+4p/+sR//r+vf5m/46d/u4t//sz76jf7p3/jib/l9v/V/fP4//83/2T/9p33yvX/g93342/51f+DfNfuz/+/f7t/e+TMvfuxvmT38LX+b3/z89A//Q37RV3/d+s/5Rdt/xN/65fS//cO/+G3/jl/z3/pDfteTf+M3/u3/zt/sP/+7ft3fMPvz/tz/+Q/49/6kP//1Lxg9av/jf+5f3v4v/43t3/vv/O///ee/0W/wC//jd+3sX/6zf/3f8Q/4T/6PP+jX/C3+kj/7v/rX3373//j+L7/6p3/6l/2J/9n4t/wVv/pf/W23n4//kX/qb/ljx//3f/eH/A4//bf8Z5//aTv/wn/0V/y7i3/rH/r1/t3i7/nH/oo/dvkv/FO/7C+69/cc/x3/7B/8t/x26z/gj/qF/8Xf8s/+EX/PL/9Lfsfl35X9q//xH/Wb/cv/5j/76/7Pf/H8j9v9ex//a//stz/6h3/lb/szT/6RP/N3/HTnt7n+c8f/y3/2X/wBd//AH/vxv/iPffbP/J2/4R/38j9o/9Q/9Ld8sfW9P/V/+eWT7/2hf+W//rf8S9/+7B/5+Pf/0/6tN2e/+x/49/9Zf9H3fvHJP/7x//0b/SG/9m+x/ovu/e7/xh/9U3/My3/kwR80/i3+vF/4e/2pz36bbz3fP/nN/67/8g/+sYc/9hdeXfwbf3T6J/+V/+ff/jtWf8C/Mflz/sh/If2z/pPf49f7X//pv/Iv/T/+7n/71/vL/69/+bf9Hf+M3+Q/aGd/+N91nf1lv+1v+jf8V+lP7PwzD978+b/O3/Cd//AP/pt+u/v/yR/15z780/6kX/K//tZfvflbnv3h/9uf+Nf8On/Koz/71/nkr/i7/tLxnX/7n7zzx//4Xz//6/+0v+vXffi7/E3/11/8e/+V41/7j/nJ+V/8f/9xf9bvcvaf/1p/7Ed//OKf+u7dv+nX/2v+2D/gb7n6e37H//FP/YVkIP+c/+a/+MmtP+N3/g/av+Ivao/+j9ndX/vbv0/xF/9Nv+rs4g/+l/+Rv/blH/hb/MqPvtz/X/6qf/bOX/zr/g5/93/wTz19+OO/6x/35/4rF3/y6NH/8Nv+J3/rv/cbtX/E8S8s/4h/p/w7/o9f+//+l/Pf9Omn/+xv9Zv+OqvT32j1t/2uv+a/+veufoff83f+hb/D1r/ze/1W//pf8ttN/q3/7Jf/GpPf9Pf9j37L17/Wd/6x3+fgX/j2P/Tn3vuf3tR/6K/zJz7+S/6hw9Hq1/i1foPfd/avnPymP771F//Rv+Gf8h/9R//Ib/AH/h/HT3/7P+d3+4NOfq0/8E/7h/+33+Un/qGdX+fXf/sH/U1/xK/5p/1zf8Bvcvgn/WH/yZf3H/xL9fH0Nz++/IN/g/t/VPJj9//23/flHzn61/64f+F3OP9b/sUXh/nf+m/9Ib/X//B7/N9/6689/rs+/t3+5T/oz/r3/4V/+1/8Pf7DP+Hv3f49/sR75R/wJ/zby3/27d/6l/9p/0r5u3/39/jt/+3kd/5vf7t/+695+Ozf/a/+hL/7j/jFb/+G3f3f8H//bw7/xs/+p//h9/ov/t7/+f/+p6rH/8vf+U/+jY//r1/1yV/4O/zv41/1f/8ef+bT6g/6h/7U32V88Fv+5v/O7/3l//3RH3z2x7/9BVt/1m/w5E/6mX/sF/9zv+x3+08Of50Xf9K98R/9H/4fRwe/53/6q/6FP/SXf/L7/c/P/qi/9zf/c+5e/aZl9utXH//Dv9X/9T/szv6YP/9Xf+t/+7P+q/x/+oP+9l/7P/g1D3+73/y3+Vv+pHd/79/6B/zyP+pX/qP/zt/8m/5B/92Pf/Qb/IW/9z/40T8x/qUHf90f97/+X//kX/1fF7/od/0N/+wvftM//c/6Lcbj3+yX/IZnv///8Ov8qU9+1z/jb/yZ//o3/AN+y9/x4PG/9bf/yX/0H/xrpr/9f/gbfP7v/Ov/0h/y+5a/wW//G/5Zf99v+o+8vL77B//Fv8OD3/v3/E1+YfUH/r1/7+R3uft3/b2/2b/wJ/5Jf/Dsj/81fvxf+af+3X/+n7j+N773H/4av96rP+nHv/0XTWc/80/l5//zH/RHvJn+Nqu/6I/+DZ7+AX/I5R/1Dx/9rf/QH/0b/BX/05/4G/6+f9DT3+qf/nX/9d/vj/51ftN//9f4LX7B//1r/bu/2+/2D/1W2V/2z/whf9Of/dt9evDmj/wdf6v/+Dc+/pf+4F/r9/6D/sT7f8Af/Bv+e+0f+lv8r//Rr/UP/cd/wG/643/QH/Twn139Mb/O7/YP/br5/3by6/05v+ev/Qt/5tf6Df+07/2jv8NvdfwnJLP/+Df7i/+AP/feb/dr/LGXW3/pR//6yz9i9Fesfu1f+4vjX+df+Iv+id/40f9y9G/9kl/0l/xW23/A//Bf/Jt/0u/8l+1c/lt/72/0W/+q3/af+g//z3/ut/vz/rLnv/y/+DfPkr96/y//Nf7U3/nPfvPj/8Cf9Q/8bX/io6d/6f/wb/yd/8DDv+Jv/CN/7af/we/28b/9J/1nv3H9V/36j/+j3/zf/av+1b/s1/vqDzr+4p/6HbI/6h//4l/5k//Q3+Jnsl/nx/+of+gv/85/8ZcV/9pf9N0/9tHv8Zf+FjvXz37n2e99PP9X/5JXL6/+kIf/8f/5D/3Um7/i7/iT/si//d5f8/o3/7t+4s6/8C/c/2vO/tP/+zc7/Wv+/v/9T//b/8j/+i/941/8xv/sn/S3Pvub/8rf7m9//uWX3zn8PX7yX/zB93+31x9/8t/8K6Ofumx/8e/2+ife/jUn/8Kf95v/tg9P/7oX+V/5O/x53/rX/6bl/n//u/zi3+6f+LP+kTe/62z7d3n2P/6Z//rf/sf8r3/47/Lmr/tdd7/zb/5b//DsT/zbfuO/JvnD//d7v8Vv/Gf8tTv/3ux3/nt/73/y9/uD/pff4Nf/j//tX/j5tw7/5X/sd/ttP/qjjn+jy1/0a/4Z/9lf8jus/6w/fPwn/SG/zl/zG/+Gv82P/yX/xG/1J/1Pf9BvvPsf/Xr/y9/1h/w94z/g1/3dnh//Wlu/xf/w3/9p2b/0+/xBv86P/ba/2cmv8a/8S3/EWXr8G/0Jq6e/zV/3D/1av8Uv/0d/0//11/mHf/uti+wHf8Ef/Gv/Tv/Ryb//f/wBf+Qv/XWOf5N/5S/6R3/8b/mLfq2D53/xb/Cn/kF/2G/wrd/8T9j/9/7S3/hv+7P++L+x/r9/4g/7HX7f/+h3+ZMO/rHj6uWv/ff84Df9W5/+G//pH/ZbvPpHX/wdb//Wv/XvLf/F3/vvGf9R3/59Pv+n/5rRL7p3+OzxX1Ed/5n/8Zu/7b86+asf/cs7f/B/+nv+GT/x7b/tqz/6p/6KP+GXvvkDsl/93Wf/5h/zJ/6ur369P+fP/29/34t/9l/7tX7qT/yxP2f2R/zh/+W/8z/v/d0/tvtH3PmDn3109L1f76O/5h//6M/9/f+b03/s0d/5S05/8tvbv/yn//Hv/JO/1V/33Re/wU//O3/Vf/3f/ffL3/sPfHbv3u//v/9XD3/hH3b9V/yCf3L0T2R/7L2Tf+Jf+tt+6R/11//GX/z0/f/w5c/8Fnd+2e/xM7/xf/fV559+9J9u/R1/c/bHl9/7nf7ef+rv/gt+5+d/4eeHv8X9X7z3Z/0Vz3+L33zxX/2Bf9137/17L37yHxz9xtv/2h/09/5T81/4m/8Nf/cXtO727/yrf1LxIK/f/Bf/9+/3C//N3+4/3fo7/+Lf/7M/9n//p37we/xF/9pv/xv/zs1/9c/9Ux/9xn/JX/1HPP9H/uVHv+XOP/87/I5/9691f/Y3/15//N/33/5zf/cf9U+M/qT01/rX/rlf55/6X/6uX/O3+M/+49/lP/6/Tn77v4Mymr/vHuXdf407//K3VxQa/5q7v9Vf/Bs8+q+e/G7f+ov+qJ2tj/7L69/g5Lf+a/6SP+o3/8V/6a+b/QYnv9uf8H/9YcnzJ7/Rn3jw9Df/TX7XP+L4+T/82/9ff9Y//sf9j7/oN/0dT36v3/Z//D//yHt/w8s/9Kf+tf8o+Vv+o9/11z754y//kH/6F/5x/9a/ey+f/ivFH3L9Pxff/hvKv3d/+hv93v/Vt8//6T/ml/+223/uf/7g8l/7/m/4x2z/2T/4my/+2N/5r/oj/t6/6G/7O/7lf3/xh/9dv97f/uf91n/pf/5//t7X/9zv8ff+S3/n//Azf/3/+X/8dqe/xz/xp/2ff/hv8x988WM/+Lf/+v/7V/4N+b/wL//1/+3v+79fPfxr/sHf7au/vvgP/75/+9/7ePVXFn9n9jv9zr/1X/Lr/rr/4U/8vr+w/Ccnv+0/8G999/oP+Ev+yv/jr/pd/8C/7uP/5pf+FX/P7/Irnv5p/+d/+9/9p9//H/+9f/Hv/ZV/+7//vf/yT51f/QO/8P/+m6o/8zf83m938m//Tb/GX/2//Cv/4t9398nvf+9v+41/j/M/4Tf4sxfV3/t//R7f+/v/r4//nd/s1//bfsmf+Hf+9n/uv/wH/s1/x7s/9T++/HX+0N8+29/5E/Z+8Jf+l3/gv/PbvP2bXp7/tX/nj/8ZP3Hv8NV5fvnq7975TR7+Wk9++3dP//d/45f++h/9Zr/Wn3TvX/+tt/M381/09Df+Nf+j3+y76a/1J/3Jv95v/9v95r/p6tf+C3bSf/0v+g3/tn/jt/u7f7Pf/u/+j37bP+Z/fvm//Bo/9r9/9eO/7a+x/Yf/Vr/lr/0rftNf8+WPnf4aP/7g5a//f/1Nv936t/j9iv97p3m18xv8of/Sr/sn/U2/6W/9P/0Gv/XqN7j4u778rf+j3+BP/M1+nd/kr/i1f6P0N8jmv+6/9x99/w/4S1d/wq/xm/4LO7/h4i/6jX7Xv2v31/y1fsPVrzH7m36z5Df9av8H/8rv9Sf8m7+4uPit/tk/dP6//pHXf9bv+vhvO7/4U/7kxf8yPb6b/d5/yz/+R//Xv/arP/Uf/pm/+j/+xb/Fr7v44q94O/1trv62k5/+1d/96R/bXfy7J3/YD/6yvPrLfrN/7T89/Uu/+zN/y391fmf9+/wdf+sf9Q/+3rNf/Ntc/F5/2Zt/4uL8H/plP/Xtf/zs1/zlP/Vn/em/+O/7L/+Yf/+f+GP+ode/95/f/t6/4R/25uG//nv+sr/yD/z3/4vf4y//z5999o/9sf/p/3b5D289+6P/8uLP/RXn6z/yj/krDx7/29/+475z+sf9qc9+77/1t/sT/8O/6vf86/I/8d//LX/P/yn96l/IP/td/5PHv/xvvvi//+9f9pv+w3/Ar/vrZL/ZX/qvXX3xny//tP/40V/+F/9Gf95v8dudZr/LP/Mn/Z4P/qb8t3/w0ZPf+3f4W369Tz/6g37j9X/yi/713+w3/oeffPQv/rq//R/8a/763/2Pft2z3+7X+L9+jd/0wb/08O/9k378v/8DfuPPPvr1nv/6P/an7vzYb7nza/6R/9Onf+Rf9Gt960/6dY//pF/3t/zNfq3f4uWP/en/0W/6f6W/5r/3a8zu/0G/zt+282M/+R/9iX/7r/Eb/uCv/I1+7Mn9X/N/uv9//0O/xuuXv/Gz17/hb/dn/4b/zG/22/9Df9cf9d//lz/911/8qX/SL3r8J/6uj37wk/Prf+Piv/31T+Z/+R/95/ybn/+BD1//mlu/xy//K3/8Dy/+1Nk/+vv+Sf/5n/C3/JbfS/6p03/sr/yD/9TjP/A/+m1/yW/yE3/QL/83//i/9sEv+TMufp9f/V89/h//kT/2p/+MP+bt//on/mfv/tjyj/5zfqv7P/Plv/pnV3/Zn/jH/N//2/jv/rf+rP/4t/09/7rjz/+5P+vzv2jrt//jP//t/9xf9dv9un/WH/gfXfy5/+nv/fkf/Ov/Ca9+xfGv91ctvvdP/3n/3PXv/dd/9ef+tXd+8b/y8Pf5z/6r3+jv//bsH/h98n/kt/1z//2Hf+6f8U/82f/x3/1n/6U/9mf/w1d/3t/xR37+b/3ef8xf9a8//Tt/7M//z/6qP+5//LE/8Vf9WX9686e9+o1/+f6Xv+z3+Ht/s9/oX/3H/5B/5E/6vf/i3ce/82//m/93/8rvtfvLxr/tX/xbPPiffo2/9zf7Nf7wO3/YX/IP3/n1//Bf51//PX+rj36NH7uf/qaHn/7Z/2j+O/ztf9Fv+hv9Qy//4Z3f4Nsvf+2/YPVr/z6/2a/1u139+X/vf5b+Tb/nb/xX/Es/dvRPf/QfrH/tP/Zvfrn78sdWv+dv+Ltnv9Hv93L9a6a/1vrlr/3gX/oN/6+Xv/7qb/qF/8yv8Rv+3Sd/UX7vt/z9Hvy6f+uf9Bv+T3/Rb/hr/d1/xl/9f/8+xd/5Y3/w3/sLf/P7+9/7l9bf/fP+9d/zXz8o/sw/7c//E//pP+FPvzj71/+O32z5O/z03/Rjf+6f8+nv+2f/yj/zT/2f/5g/+594s/pjfvs/u1he/Rmf/XnvvvPn/1V/+W91/6/80/7nP+hP+/i3P85/+u1P/dH/66//B//bf8f5H/6D4q/7bf74f//3/u3/4F+Y//E//Wf+K//EX/3r/JZ/wvqvvP6b/47Hf8G/ef1X/9hv+Yf/N+Vf+b/9MX/wv/HHvPvf/+q/5rf9a//2H/+rf/835Z/6m/8hv/wn/9qPZ5c/tnt957f7zm+QFb/Fb776O/7S7z/7Nf+if+Zfepc/+A3/yT/lt/iPd/6y//JX/BqL3+wv/kuOf/N//NVv/Js8+nX/pNWvPfmDfuMnf9Vv+Nv92F/w/f/sN/rb/qH63tWv+Xf8Q7/G7v/0G/wvv8Zv/o/8p7/Xv/6b/eZ/yR+QfDv9Nf+X9Ddt/oAf+zv/te88+h1+7f/r5W/xK3d+k//r//6L/si/9eWv/4v/jt/rwcsf+/7f9Ohv2flNfq3f4M/5L+/9+r/mH/Qb3v+J3/GX/q6/+C/9q/6aX/FPPf2xv+v6Z9rFL/rJP/CX/Nmzf+Pf+uzqH/89nv4bP/FX//SrP/5XnP6Hf/ff/Fv/53/mv/ZP/hW/5oM/+y/99X/zP37/0edPf8/f8l//A//ph2//qr/zr/pDHv3Vv8vv+Lf+6T/51939ve/9Gn/XZ7/R731y73/5k77z3/4xn3/vt/+TZ3/2b/V3/fb/82+z/+/9r9d/x19x9YP2r/513v2tf+tv81f8Cfkf/A/+G7+k+HN/8Oaf/Tt+4f0/+/f9xW//lL/7t/+bf/3tP/33OfzTz37wSz/9A3+z7DvN27/zn3yws/WH/JLTX/6b/d3/+1+V/eeH/9hPf+8f+s5v9sf/t3/Xn/gb/t1/8id/95/6e/3df/rbv/vP/GP/7j/7r/27/9x/9u/+8//bv/sv/A3/nr/4k7/nL/29/p6//O3f81f+sX/PX/3X/j1/7T/79/z1v/l/+/f8jb/h3/s3f/L3/q2/19/7t7/9e//63/E3+zUO/x/rKanaLBABAA==" />
        <Entry handle="11" bytes="H4sIAAAAAAAEAO29B2AcSZYlJi9tynt/SvVK1+B0oQiAYBMk2JBAEOzBiM3mkuwdaUcjKasqgcplVmVdZhZAzO2dvPfee++999577733ujudTif33/8/XGZkAWz2zkrayZ4hgKrIHz9+fB8/Ij4/e3bwMHv5a/z2v8Y/9mv8Gr/m1vrXvfszyad/6G/62R/7Wz79U3673+vP+Z1f/cW/6+/zV//CP+Bv+tbF33V3+Q/uX/6TB7/kX/jsD/s3nvyx//6zP+U//73+7P/u//6//+9f49bP7/qrfp1f89f4NX7zX2OEP9Dnr/Hr/t/p7/YnzIq/YP7X/A3lf/sPrEb/Yrv4D9/9D4/++P/hP/1N/6D/6OIHO3/CP/Wf/qb/cPnRr/Nr/KF/6j/9Z+3+Fb/Br/sH/LP//v/19/xHO7/G7skf9tv+hv/Yr/Xwt/uZH/vL/oi/6OP6t/sn7//6/9HO3ndPf63V0a/x63yWJL/xr/lrfvUb/Jq//m/0bv/Hfo3f8Jf8Gr/pj//E797e/5N+7NdZ/dG/3q/95Df8mU9/7V/zdzv/3f5kgvxjn/5Nv8lf9Jv9Jr/er/Frzn7q1/vzf41f9/PP/qYf/5NmP/43/S37f9I/8Ov82n/3Tzz+NX/DX/dv3v+bft/Vr/NrfftP/bE/8KM/796P/Vq/yW/48l/+6Kd+w9/011ru/Ybf+w9/7X9n8msc/ca//n/15It/6Tf5O/d/rfKvnnzyY3/K7/voL/qNX/5Hf9Ef9HuOf8MqPfg1/qC/KP0t/7r64H/79X6TJ//E6nfOf8+/5a/6Nf7YP+Snf6//4Sd/n4+O/7s/87T8/u/5V/9hf8DT/+T5n/jge+O/9jf4h/+NP3rx49++85f+z7/5x//sn/vR9C/4l+q/+d/5l/b+13/o3/qf/rE/6Bf80b/23v0//h/a/63/2d9q69Pf4bf6Q1Z/1D/28fd/vb/rtzj7l9P/7N/5O1f/6T/z5/+7NKrD/wed3E3E2QEAAA==" />
        <Entry handle="10" bytes="H4sIAAAAAAAEAO29B2AcSZYlJi9tynt/SvVK1+B0oQiAYBMk2JBAEOzBiM3mkuwdaUcjKasqgcplVmVdZhZAzO2dvPfee++999577733ujudTif33/8/XGZkAWz2zkrayZ4hgKrIHz9+fB8/Ij4/e3bwMLv7a/y1v8av/DV+jad/zv/8a/7Cn/zOn/XffPHn/He/xu/y1a/1xV97+qf9F7O/4r/8o//F//vX/OIvfv5n/Xdf/ln/5aft3/j9P+ffff3n/HtP//T/dvFn/Qu/xsu/6Nd4+df+Xn/Gf/38L/7f13/X//bmL/7l3/vz/pNfazR7/af/p6/+tH/v1/iJv+C3+s4f9cWf9d++/gv+l/uXf89v9eRnqj/p7/o1X/wVX/zJ/+7jP+xfTp7/ub/jmz/35Z/2r734M/6b3+vP/s9+jYd/xK//xZ/6/M/+r7/40//zX/f5X/x7/yX/9W/6e/0xv9aDq9/q9/nLfo2Xf8XZn/0/nPyR/9TdH/wTL/+M//roT/2vzv64f3X65/17T//s//r0z/of5n/qP/Nr/gYff/6L/upf68Vf8PzP+T9/zVd/+vpP/6e/+HP/+1Hx15796f/FT/w5//Vv/Oovnv2p//yv8fpv+bEv/uJf/7f45Nf8rX6PF3/+//hrfPnn/MRf8N+f/QX/w/M/699JXv65kz/9X37xZ/yn3/6zf/nLP+s/f/Zn/We/0fM/4+zP+O9+jVd/7rf/nP/u+E/9Zb/L7K/+NU7/lJ/+c/61L/7M//4X/yP/50/9qf/a7/Un/xs/8Wf/d7/r7/OnnP1p/9PvWvwdZ3/2/3L2p//Hz+nfP+U//3XuFbM//T/79p//y0//7P/t1//OX/tjr/763/KLP/vVn/2f/Bpnf37xZ/zLv+7Lv+DVn/dfP/9z/sfnf9b/8PrP/i//2H/kf3r9J/47v/ef9t/9Wr/nH//rvPjLz/7s/+nX/M6f9dWf+a9/8Rf88l/vO3929Wf+iz/1Z/5b+Z/+jyW/5x/0a33nL/o1f+y3+yP/pL/jN/59/prf7y/4Lxd/7f/41V/w37z4s/671d/6K3/tl3/J7zb9C5/9ef/jr/Eb7/+6z//s7/8p/+hv8vRP/XVf/Hm/yU/8qb/pt/+S3+vP+1++8+f8L7/B7/UXfP6n/Ec/+ef9h7/mmz//1/7qL/o1vvNXfvcv+C9+3Vd/5e/15/5PL/60/+bbf85/Pfvz/rnf/8//t978Bf/Dr/Pmz/vtftu9b/95//FvePrH/aa/w7fO/rz/9vHqr/3JP+s//OLP+29/rz/zv/w1T/6IL//c//bFn/Nfnv2Z/8e3/+z/5jd5+hf8Gp//pb/G8z/hxV/0P/263/mLvviz//vv/Ln//e/15/yXX/65/8PzP/U//HV/r7/i13755/7mv/Hv/ht89Zf+Xn/2/3D25/x33/5z/qff68/5r7/9Z/333/5z/ocXfzZx2n/ze/1Z/9N3/pz/8ezP+eXFn/qPf+fP+8+//LP/h+/8Wf/953/Wf/WdP+c//fxP/1W/xps/+6f/5H/2t//9/8bf9uUf950/97959if+B7/oT/hnfrPf50+9U/19T3/JP/j9P/M//o1+l6Pf6Nt/1a9xt33xp/4Pv9Pj/Lf+/p/5a3z3L37+p/0Xv+brv+zXOf0zfo0Xf+PVX/8f/gF/xr91/mf9qz/xx/0X3/2z/8s3f/b//OLP/l9/o9/3L/ixsz/y9/1L/91Xf+5/Wv6t/+2v+eVf8nv92f/d6NegB7Lwa/wG//ev8X//2O/07b/pL/qH/9Df4Lf81u/7T/1Nf/E/+kf+Zj/+nT/v23/zX/KP/7G/3b2f/vf+qb/5L/0n/8T05I/5nc7+lr/sn/5Tt17/Nb/vP/23/OX/7J+5M/1n/ryzv/W/+Gde/Av/6+/7F/8Tf+ifdO/Jb7p6+Vf9Kf/wf/n5l3/+//pb/af/8z/x8W/6G1Z/1X//T/9D/+i//fkvOPtrd/7bf+0vef537T3+Bb/v3/23/Iofv3f+3f/1D8ubf+wf+eP/+u/+Nb/Zf/I//+a/xp/427z7896t/rLf9Y/8u//AX/u3+dve/bL/6D/9cx/8Ib/xb/dX/c+f/xO/5ke/3p8w+jV+z//+P/21f41/aXX9P+38pid/yee/zcv/6B/5dX+Nf+jzJ3/WX/zbZ3/pH/p7/o6/c/lH/fa7/8sf8Tf8k/t/+uHTt3/yH/Z7Pjr8Df+Qv/k3+CN+9fQX/ft/1V/1m/1Dv8Yv/DNX/8mf/tmjP/d/vfvP/Rq/1b//Z/yO/81vdnb8N/3Xv8s//L3/+/N/+eTw6n/8jz5Lfrt09Qf9Qf/Lb5f+Gr/e3/d/TX/JP/RTf832n/kv/gef/eI/8e/4Pf/SP27vev5r/oW/66/zW/x2/9Hnv+Zv8nv/R3/wj/0Xf/Nf9IP/4cd+z3/s1/mfjnd+p1/yf6//tr/g1/htJn/Xf/hH/F//9nf/4z/8t/9T3v2Ff+THf8xv9xf+Mb9z/cuzP+rOr/eP/sV/dPqXHPwlf/zv/urP+kv/2N/hf/m7/pI/bvvfePeX/on7/8O73+2P/T1+h3/7x//Us39ga/bH/Y7//F/1l/5pv9dv8W//ZX/Klz/92+d/0u/zk7/P7/Znnvwxf/fv/md8/8/5Vb/7H3fwNzzM/9zv/iF/9l/x7Cd/rX/6F/4pv+g/+LH8L6j+k+LiL/zF/9dv/wv//Olf8vv8wr/44p+5nj9bP/q7t5798X/K2e/+lyx/k39m/hf/MS9+UPwlP/jBP/1X/uW/3Ve/6DT5R3+dv/k3/uhX/9d/yT+793f/Uf/MH/Jr/U3/zf/9F/+R+//KP/Wtl/f++ae/27f+6r/iL/kd/sK/5q/7e5K/9tf6W/6Vn/5vf4+/69nv9s//Dn/j31f/Mb/Nv539AX/Ur3X9903++b/l1/qN/6q//u/4rbN/9K/7W/+ln/78L/rb/63/62/97/+O3/r3Of7nP/l3/rV/5cnf9kf8e7/ZH3//3/ir/txnv8Mf/Os8+bV/43/2l/+9z/+e//bv+NV/w+X/8q+8vfsP/O//y39bnf4ab/6QL367f/Mv+kt+/5/57tPJv/+b/Onv/pD/6R/4v/73wz/g6W/8e/xOf/Mv/TV/z9Uf+o8//QN+pvoHfqerv++f+yd/s69enf12f9Vf9A99p/rn/uf/9E84zJ/+zb/273qx9Zf+43v/4H/3N538kzu/x2/16/4m2b/3+tfb+vv/4PTLg9/mT/tF/9hv8rc8/j3/qN/yp/67v+X3+vQn0r/++dPf9Pf+j/6p3+D/+Jf+5T8y+ZsOPvrDf6s/dP4P/SG/+bu/7Q/4dXZ/7d/ub/7jdn71//B//7l/28nFf/SnHt/5P/60f+R//Z1m365/z62/7d/6Q36vf//X/C2O/7F/85f8q//T1cmD/+1v/jvu/p3/1F/87R//D/6t/+kf+TX/xD/vi1/vd777h/2rf8iv/+v9dX9y9Q/8mffak8++9c/9oudH/9Df9Wv8U7/7k/9s+k/8+n9Kuvo9f5Pv/p6/1nd2Xnz7l/0g/ZvvPv29fqM/8H/6U37P3/l//N9+2b+w9b2f2f0jf+yvfZP+E7/u7O9b/bq/42/z5/2i//Hv/y3/6j/pxS/8+55P/pjf4zd/+jf9w7/NX//P/Zq/9u/+1/5Rf/DvufXw7/uH/ojf5u3B7/87/Hr/yh/8m/wGL9Nf6387/d1/wa/xh/9Gf9w/fC/9354+/tP+ol9n+Rsc/wZ/zp/1h/0e461f/+HOX/Rr/Q6/9x+0/1dlv+4n/9Nv+N2/8X///Nf8Tf+33/T3/Q3+8t/iL/qXfs+L3/Mf+oN/i2//nr/Wb/33/Ue7++/+4V/rn/qDf4tf/zfIdv7vxz/xj/yWn/74H/5//j2/7b2/7F/+NX+bP+jX/g3/0fk/8ev+V//yr/Nr/VZPfsu/5N/6PX/N323nD/3t/7d/9Hf5g36Nf+z/+BN2//Av/rw/6Df5h8/+0L/nj/uj/rF86yd+h9F/9Xt++rf8z7/hr/nL/+If++If+j1/7Bf+yf/4r/Vb/UV/7O//G/2nv913/6Y/+nf40/6SXzf7j/7h3+HP/IOf/Lr/x8n5P/cH/H6//m/zN/1B5W/3B/x2X/1FT37LP+s/Sh5u/cW/83//v/1jH/8fv92v+Qf+br/Gb/bgt/q1ftffuPh1ft2DP/R3KN79E7/H7/17/l6fP3n1p/xp/8cfvvMXvfyNvvh7/pHf+n/+k36Nrd/jb/7Dfq1/7C/90/7K5//5t/7rP+A3nLz7tf6Mv+Uvy5O/+/f84rf+bf6kX/fx//RTv+Ff9Qf82Ozv+kN+2z/o3T95+PS3/4PPyuw3/D1/jV/n1/09/uRf93f7z/6i5O9YPUn/hX/kD/+D/6H/5nf51/66i1/zz/23/u8f+wW/wX/6G/x7T3+9vYM/+df4RX9M/Wv/F0//ykd/+t/0h43+qd/z1/6fft9/4tf+r4ovP/9Npr/dr3XnL/o9t/6gP/TBP/WP/E5f/E1Pf8tf69f4tX7vv+v3/HXqd//Ib/Mn/Jq/zm/+Zz358/683/PXevjt1a/72/x3/8hv/y+8+yf2/oj7f9Ife/63/dq/VvHb/Rq/4A/4E5b/26/x2/+X/9Dv+dv8Zy9//d/8j3vyWx3+Vse/1n/2T/7Yi+e/5m/81d/0e376S/+XP+jP/w9ep9Pd3/av/wP+9Z/4Eyb/8G/+y+ZPRr/v3/yb/CZ/1h/yW/0nv9sf/rv85zt/wi/66/6j3/Rq59f6rf6R3/zX/Q3/o7/ot/m1ftV/83v8I3/NH/c3f+sPGD/5iZPf5Z/4zf6Q0z/vL/2x3+lP+kN/g4/+pD/oN/lf/5Lf9vf7q/7gX++/+49/kx//zf7hH/tjfvM/YufX+m+//Tf9KX/5H/aTv8HJr19nf+zWX/bRb/3r/UF/2K/36fWf0PzfRK7f83/6fR//Hwe/4fPf++TX+AVbf+hv/n/9x7/O7/XoOP0nf4f/rvi9/qqf+t5fdfzb/NV/0h/+6/5rv+cf8Zv9b3/Qj/0d3/9D7vyWq5Pf85978lv/QfnJ7/ZH/QH/9O//f/wjv8Y/9a//o7/n1o/9kf/rP3L8mz74l/6h36D+id/wLz39XZPPV//oR5Pf/Nf4vX+r/+S3+0vmn/86f9D//If+rn/bv/lr/9Rv9gf9ln/Bn5Ws/qxP/u7/bn33Z+7/Zn/M7/uX/UP/wOHqn3z8v/67v//v9hs8+Q3+vW//nr/rL/0DfoNf4x86/g1/wW/2B/2av/R3/Q1/7V/jJ3/7f/oP/3byO63+/V/jH/qPfuw3X/3Bv+Ev/JN/jV/vr5v8mumf/Yv++OrP+09/51/5v/2Tx3/F7m9Z/nHT3/mX/Vv/5O/5f/1Rf9Kf+Xz28e/y8J/5BX/23p/6x/4fs9/t9/p9/unv/R17f9qf+vg/+4W/4/U/9/uP7/2Zf+Pz82/9uX/3//3P/t7/wx/1Z/y1P3N+9+K3/+faP6L5c//R3/e/PGhm/0J13vw5//7fd77/H/4+//zk7/hb/7z/+Xean1z9br/tH/Bf/EO/3ke/xq+T/mn/yq/3l/92/1j66Nm/82v+9//t6Df/g9s//uFv9g9+5/Vv86/+Of/FL/89/oD/vPgd/qDf4aO/+y86+eP/wf/5D/vvXzz5dX6Xv+vX2P6v/qY/9g/863/we/9Df8Ef9Vf9mf/cH/xX/z3pr3nv27/n33D/P/qDfumf/Nv8W3/I6bf/8289+IN+o9Ef8m/92M5/fna68xv+zr/vf/y7/DV/xL9+9Of+U3/IH/b8763+sb/p073yz/vvf50/72/5Nf7WP+uf/Dv/0b/+D/pF/+r/kv6Xf8Pvu7+3859959f+T/60H/uzft3f7s/5m/+4i8d/ab3zx14e/y///t/5S37/P/ef/ieP/vLf8Nf5C/6YP+R3+fuqH7u7ePJH/U9/4i/57D/6+F/4m37d7af/zq/3S36n//Q3+bH/e+cPT589/03fzqa//f6f9ev9xn/eb/4b/Hn/0V+b/9jv85v+Jn9e9gf/+s+nv8O//Hf9Qb/pn/LX/ImHz5/8oVf/0j82+qv+oD/895/9ob/eX/kP3fld/6B/ZO8P/89/37svd36N//aP+onf6Kf+s91f78+dn/7Oz3/ijzz86/6gX/PRn/SH/A7/zad/8G/yz/0T3/tVj/7Yf/jB+A/6sd/sx//bf+y3++s++3d+jT/k6Z/1+Nd8/Ov9I8kf8zf9Mb/tX/YfJf/D/BeO/5DdX+M//+f/1N+++Rt/p+O/6Nf843+N7f/oN/hDfrOnP/b3/cU/9rf+jb/nb/bqzz/+sf3f9df+Hf+w/+TX+NsOfp3t/Zd/3Gf/0a/56/7+67/jP/v1X13/5L/1n/yGv/9v9uv8Fpd/4R/38Sz7db/c+cN/g/OXv8HvNv/ot/9d/qk/+Ncb/09/1Od/2ke/U7l18t/93/d/8R/8b/0jv8Ff9/If/m3/jJ0//O6f9mv8gu/8Uf/k//07/0n/0W/6m3/7L/o1/vDf+8nf8uD4j/59/rTpL/jnr/6wz/6J+g/9hb/JX/a//99/1j/0u/xf/9Ov+5/+/n/Jr/O7/02/zm/1p13fW538Fn/Tr/OH7/zaf8Xf9Gvt/Em/wX/4B/xav/Dlb/KnvPw1H/2iX/sX7f9mRye/5vEf8Gv89B/w65/9R7/977jza//SfZKt01/47g/Z+t9O/6G/6df5H3+zX/OP/wN+7V//H/r1f+YP+rG/bfWbHv9Lv+7//Qfsf/83+3V+4vf89S//o9/hb0qTj37vX+NP/zP+kGfzP2T8F/0Gf/Af9uv8/f/4r/9H/UW/5n/zF/2Gx//Tb/qXrH/T8vf89f/i/+h3/Jv+pF/3r/+PftN/4g/4jf7n5g/7/I/6df6MX/gzf/8f8Gud/kXJz+z8Bn/Sb3bwf/9Nv+E/+AclD36NH/sL/uTf4Hf6k37d7/1Jv8Y/8Wv8Br/5y88mf9Yf8nuufuz3/91+rV9359f/D/+AX+9/+YN+ja9Wv95v8z/9pr/e//2b/Ua/bOc3/U1/+a//P/1Jv/R3/DV+nfHq1/+DfvkfubX1G/w5f9Ov+cf8Taf/xK/xm/7vL3/t//MP+jX+8n/o1/u//4Bfs9z59X7ZX/Rr/0u/9h/0e6W/x+/1F/3YP/pP/tFb/9b1X/o//Sa/dPYb/e7/02/8p/1Nv+lk9ev+8Vu/xq/c+XX+jN/z1/ij098g+92++nLn1/0z/4Bf+ne9+0P+h3/jj/y/fs/kL0t//T8k/bX/u9Wv8er3/PX/1j8sOdl59UevfuwPSn+tf+E3+ON/3YM//tsHX/3mL/+g3+L3TP6cv+nX+k93foPfZOfXIvR+6W/2a/1jf8VvUK9O7v1Nv+Ynf9Ov9eAf+xN+//aX/tjf9Gv+Jekfdi/96vXLX3vyH/0av+q//PWfvzz9nXZ+7C/7Nf6kX+vsT/ot/oA/6f/6g/6k5J/+k/6rv+vX+l3SX+/j/+k3zf+jX/93+vV+repvP733m/2aT1a/0S/9z/7k3+C//k3/+n8p+VP/71/4a/6il7/B7/fy1/z4j/61fvt/6Nf5vf7X3/gf+j3/qN/3bzt+svOn/nrXv/T/2vmxf/Jv+nV/x5e/9PDf/lP/0P/pN936i/6Uv3n1m/xOL3+DP+g/+rV+rz/pO9/7zX79X/Qf/cm/49/0a/4TL3+NH1v9+vl//ZuO/6Rf9/dLf+wv/oP+lN/+N/sNn/+ev0b6H/3pj37yD/pe+utMzv6Mn5r9Rj/2a/w6+W//a/4xf9Kve/o//Qa/xR+d/Iq/6ff/4g/49f7w9Dt/4erk3/ubft3/6g/6TX7Bj01+3fTP+Cd2fo+/Pv0Ndv6hX+PXT//k/A/4Tf+4H/u1fq+/6df5C1/+Wt9Jf80/9ff5s//MP/tP+3OuX/z1/9Ov++f+T7/mX/yrftN3v+f06F/6ddKdX/sP+peun/xHv+H/9R/9Kb/gz158/9f59u/5L/2Svd/z1/rtd37fn179Wn/c71mv/6Rf48/Z+XV/21/nN/gD/7U/+Rf817/pP/lfn/6eq1//d09/7R//v1/+un/X//SbPvvNkrP01X/5a/xazb/0R+b/9p905+/883//9s/7v36zP+rb/9Gv+4//nn/B//1r/Lo//gf8+l/8TX9u+if9uv/TL/sLfuwv+g3+oPQv/P3+tdM/7e/44/+znV/rF+/8vi9+jeRP+oeqv/1v/03+yT/pL9r+s37p//JP//l/+dPin/zNHv1nD3/NP+Gf+r1+h3/oN/g3//Bf88v/6Tf5/i//Tf7U/+nP+g3+99O//PLXv7f+dX/6T7r69l/86776g/64P/e3+rV30p/5L3+37/yOP/2H/Id/9m/06e/5a/3Lf8Cvcf1n/np/Qfpr/Dvpb/JnpH/aYvUb/pd/1au/8rf/y37/9te/+p/+kL/oT/oN/67/6Nvf/59+vf9j5zf4X1eff/S3/yZ/9stf66//n36d//u/+JP/1L/oN/j849/g9/5zfqM//tf4df+jv+gP+LX+p9/0v//Pf42/5uI3+V3/gB/7M1bU7Df48k/6jab/5Z/8V+z82Hrnx67S3+CffrX69f/AXyP5B/+AX+fX+4d+0X9//9f7jV/+Dn/x//QX/s1/0K/5Z/8B7e/wn/3J9/6kv+ov+yt/7O+6+A1/wZ/0G//5f8Cv+ZP/8q/7W61+gz/0D/q1Vzu/wb/+N/3+/8Cf/Bv9nn/S4hf8qof/4R/96/0H6V88+osmv8vnv/av+Wv+Gof/D/067YVtEAAA" />
        <Entry handle="9" bytes="H4sIAAAAAAAEAO29B2AcSZYlJi9tynt/SvVK1+B0oQiAYBMk2JBAEOzBiM3mkuwdaUcjKasqgcplVmVdZhZAzO2dvPfee++999577733ujudTif33/8/XGZkAWz2zkrayZ4hgKrIHz9+fB8/Ij4/e3bwMPtXf42/9tf4lb/Gr/F//Jv/7J/zJ7796M3sf/8f/5zzP/Nf+BV/1x/3v/y17X89mfwf/9W/++T8T/iT/rg//qs//d89+8v/13/u7/ib/rs/cv///pX//d/2Ynzw5/wvv/H4qz/9k99mtVj9T//Wf/9v/zHf+aMuV3/Dn/rHnf5xzb/yz/wt/8ev+ruLf+qv+c6f9e9978Xob/i7/oX/7Z/8s/+Gf+7f/tX//D/9X//RT/+Mqz/yv/t3/p1f/T/+nf/63/ZPvfqzfuX/8Hf9a9/5vX6vf/2v/zP/j1/517z96sv/4X/8a9Z/5B/zf/0P//uv/mf+nv/+7/3r/7n67p/4N/+N/81/81//7//m3/N3/hN/9x/3p/w1/9x/+8v+hz/34m/+G/740d29q7/vr/lv/qyv/ukX3/r7/95/oCpf/Kp/5q/69X6dX++//+f/mf/jv/ln/6V/7k/9l/+sv+Nf+BN/+v/83//p7/4Z/9y/90cePF8t/of/4c/5b/60p8u/+k/9HT4/+O/+2b/799ob/XHLlxd/xt/z7/zb/86/sPetf+5P/5P+2he/zXf/jL/7v/tv/t3/7t/6537Db9396yajf+qf/qf++//+7/xv/4//89f+Tcf/+6/8c/6tP/WfePWX/6v/3j/7T/6Xv3j7b6meX/4Z/8Dq3uhO8uv9K//ef/+3f/Xk219d/B312//5r/jen/Ttu+3Wb/rf/NP/7p/y1/wpf/df+Zf/1X/2X/LH/8R38j/nv/nv/pm/6q/8K/+qV4dPf/U//+/+H7/63zkpvvtnfPs3ffPH/nFfbP+mv/rf/Gv++//uf/8f//A/cv7H/T2ffPRbfv7r/9pXf/Rfsf5j/t7/8X/7O//pf/bf/h9+5V/1r/+X//Lf93f9Vf/Ov/PPLF+d/yt/48+8+zP+in/rP/sb/od/9+/5yT/u3/nv/4//7r//7/7p//rf/iu/+uP+22d/3H/9v/33f9x//6v+meQX/GZf/W1/RvWb/di/80//mz/4K//p7/51f/k/9e/8k9//4/6Zv++v/Tv/0W//tvM/46/4lX/ud3/hb/XRf/Wr/u3zP+qv/mf+nX//L/+r/+6/+u/++/+9z578F3/xv/Q//Mo/91f+Gd/+zp/5z579cf/u//wX/jX/Wvk7/mkHh3/M73/+v/1xTz75w/6QP3768L/6o773P//i3/nv+v5v//2//H/6O7+a/hV/71/+3/+Xf8oXv/Mv/OqP+5Xf/uN+1dkf+89Wv336nT/vf/zOn/cr/+//+//+zp/3X37nT/sfn/x59L9f+epP+y9/5f/4l3/nT6PPf8X//St/5Xf+tP/y1Z/2P7768+h//9n//T/+5//3//g/0hdP/rT/8Vf+G//G7/Hn/d+/8n/863/lf/Cv/d//41/+f//K//v4z//Pf68/7//+v+nP//K/PP7T/vNf+Sv/1//7f/zr/+//4D96/qf939/78/7T/5va/2m/8vf90/6LX/lf/pf/93/5l/zUn/Y//cr/4D/8qT/vf/oV/+P/9Cv/7//1V/yXf8n/+l/+Df/3f/k3/sr/8T/7v/+LX/YrCdqf9n//iv/yf/6//43/8Ff+G//B7/Vn/3ejX4MeyMKv8Rv837/G//1jv9O3/6a/6B/+Q3+D3/Jbv+8/9Tf9xf/oH/mb/fh3/ry/6n/6t36P/J/5dT49+Tf+4pNnf0x68sf8Tmd/y1/2T/9R/9RflP15l3/LX/7P/pk70z/mD/sjfqPp/T/7oPlv/r3fvv63dy9+7b/24fSf/lv/qn/5L338Z27/tX/Hf/cf/s3F//InfefP/86f/p/t/lb/7B/0f33vj3jy9l//G/+Af/S3+Od+g9/41/3b/9j/+2/6D36rf/bv+Ovf5P/kz4z/0X/qT/+r/t2/990v+uiX/aq7f97f8vdc/9q/4fj6r1v9vn/sf/xn/K5/6+Hf9TdP/8g/4s8f/4b/5W/16/6n/+Sfde+3/Pd+r3/zv3z9t/05J29f/NG/+Sf3/tj/e/zH/n6/82/36+6//Z3/pt/m/Ff9yfd/74t/ZvXf/gv//O94dT5vpn/p7/nH/81/1X/8Tz3brb/3J/xz//a//Xf933/dr/r9/qY/6Ne8t/yN/oqHb//NP+Hv/Ft+3f/+T/uj/u+Pf88/6I/51v6f/C/8pb/9X/6H/T1/z6/7b/w2z//WX/g3/Tt/29//h//Zd37D//JX/nZf/Dm/Vvan/eb3v/inf6vvvv4Df8mf8a9lP/Pb/+H/bv3vpSd//L1/6f/8T3+jX/Ifbv9m/8L6N/+L/qXf5N2/+r/9Jc8f/ml/1V/6h939x3+39B/+Y37fP+w3//V+29/iN0h/zfV3/qp7v+HP/ANfvP7jP31R/KW/0a/9q//kX/ef/5N+zd/m7/znfp/d4we/zx/y1/zWX6Vf/gsv5795+W/sTH/3e7/W7/yH/kZ7f/iP/VV/2p/xO28df/t3O/if/qJnv+sf9F/95v/Yb/Xb/gH/0S/89ZI/afUHJ49X//Dp7zj/zXaSl9/dWz2//6f9c6/+vZ/8sa/+t9/i9/3in//H/7LFb376Y//8n/Y/LeZ/+e/5i4vXXzz8V/+zP+I//D1+w7/qb/1Lkt/qD/ib/pBfb2//N/vDf+O/6tf6g36Nh//zt+/9ielf+wf93//Ks9/ut/jj/pPf6xf+5B/x+k/Ye7L+7r/7p/5Fiz/8z/m9fvv/+S//q778Yu/P+ZO++z9dt//57j/+O//4b3L4G/2+sz/+/l/6F/3Fv+fv+tP/2x/8h/2a/9Ef8r3f89dM/6mXv+dvtPcX/Td//O/+H/xHv+U//2v/0//a6tt/7Pzl8R/06N/4m/6zP+f41/ot3vx2f9PdO+ufmCTf+nf/pJd/9z/+X/53f/o/cPZ7vX74G/173/6Dfp3s5a/xY7/bo//tL/pHf8c/6bf7Nf7pvyv9DX7XX+ev+at+mz/49/zN/7d/bvri0//9D/qf/+E/5gfj3/N3Tf7s3+g3/K2qX/v/PCx/r9/+t/6F/91f8uv9Hn/Yf/6TdxZ/9n/9h/92/3z9+a//b/xmv+cf9Wv99D/0Nz8dvfi9/6M/9J/49f6+3/V/+Lv2foM/+PPf6E99d+/Hfq3Z7/+fjj/7p/+le//ib3jyP/1Jf+W933xn53f7RX/or/XH/at/8m/7a/7O+yd/5Y/93//Z63/5n/2H/oo/9/Gf9vLB7m/6a6bZH/xb/vjBL1r/Ez9VbT/9p/6qP2LxR//T/+bjv6je/y9+tz/1N/rNtv+EV79x8yf+K99/8y/+Ntt/9H/3H/xGv3Pz7zy7c/zjb/600d/9f/2mv/uv8zu9+qN+/W//d3v/yG/wx/7+f/3f/Jv8x7/Dzvjvfvcb/OZ/1G/8n+7//k9/8z/7v/1Lv/z0P/r7Dr/8HU/+s7/7D3r1/B/+6jf56ct/9nfb+f6v+7f+Cf9S8c+l/+o/9wf+xKPpX5g9evUTu7/FH3P31/yZf/1P/G9/z//j30h/+Z/46//T/8Fv90/+st9s50/8r6/Hv8P/+Gv92r/uP/J7/kGXP/NPX/xGW//k7/mP/JP3/sq/7Df5qb/23p/wL/5JT9K/+/E//jv8jz/x6+39Y3/wH/d89Hv+2J/82/0jv9Wf9x/9Yb/7wR/w6/xef9Pv8ht+/hf9Hv/nb/8vvku3fo1f8Gv95r/271hmv9N/8C/9Wr/W//0L/qdfo/iz/tHf6X//iz7/9Cf/jN/47/iJP+jX+I/+63/o9/iz/uE/6Nd7+GPHv87v9ds8/xN+/Lf+6Xf/8r2/+y/+E+7+bX/wb3T57o/6NbK/69f43Ua/2T/6H27/wz92t/21xuW3/74/8Zf8c3/gP/u3Hv8af/h/9ZuUj3+N3+kv+GW/76d/y0/8od/6nSa/wY/9Qf/ir/Wf/CO/+7/2vz37hX/Vv5v8qr/tz/rz/oPf+3/53X6v3/Vf+z3+rH/jD/59Vn/pb//nPfnHfvxf2/m1D/6Xf+TX/Kv+tt/lW7/Pn/UP/p+//Z/4+/5nr/6C3/jX2PlNtv+5X/t3+bP/01/7N/9Tf80/4XfY+kt+vX/7j/onaPR/+OO/+uTO7/vPfO9v+x/+iPTv/+I/P/9t/5U/vv1Lpn/xv/OHzZ58+Yf8i3/7b/eb/cF/4N/2a//GJ3/RX/jr/nP/0R/0+u/5zf/032T1a/0We88e/ye/9X/0p/+fv/av+U//Gn/RH/47/Ee/9p/59Gf+oPSv+Zv+71/vv/7nT36rr37v9Hf9i37vP/7v/3X+qd/hT378p/26f+df8hf+Rr/g1/3xf+Xv+5P+uf/kt/zi3/+957/bP/cbfP5LR3/In1s8/YN+x3/j4A/7Xf+FP+AP/g//+H/o1/xff6//+lu/z/Xf/k/9w7/lr/PuH/pH/+p/5H99/F999g/9zl+9/MN+m3/uN/+Nf/DmH/4Nf/f/6c9L/pGdl7/WX/wXffuzk1/v3i/7L17+BbPf7S/5V/7k3379l/2rR39e9ub3+CV/67+0+7f9w//8b/K3/cO/9tG/dXr2/fnv8af+Ezt//k/+lr/f33X0k7/Gb/+HlX/Ff/A3ff6b/x1/0R/86737i3+9/+i/+n1/+//l5R9+/Wv8K7/T/T/oX976j/7h3/aPe/ef/S6/4x989rv9iV8d/TEvLx7+jn/0b/HkV/6nv/n13/ab/mH/ePpr/A6/2S/6DX7rv+r3/E0f/09/XfKX/UHJi79r8Rf993/wF3/F+H/5Lf/sP/pv+u1/84Nfr/zz/pU/7vz//jX+8r/jPzn+g8s/4y/+8e/8nv/81cf3/9Gzf/ns3/gP//Z/6Rfd/+/+rL/rD/gdft3f9R/7i36dv2zrD21/x3/oNy3+rr8m+T3/p3/k8a/1Xz/8JVu/1p/86/xv/9Qf9uf9wX/Is//hr/vdf63f8d8qnz358893Pv9bfvzVr/fk4//mN/pv/raTZ7/F/B/9DX/qJ/6Q3+Lv+k//wf9h6w/+6Lf6k3+N3/7Hfs/f+flv+Sf9if/Z7/o7/4mf/qG/5r/zZ/33uz/9yZ/27/wWv+eP/Q3X/9rv8bf8pb/Jm+fHf90/8n/+zo9+4s6/97f8Lf/ST386+oP+jX/ib/9D/8Z/+tf4tX+r+e/52/97u3/iu1/jd/1Nf8+/6vi//FN+17//f/hf/pTf6jf6y/7Z0X/2E7/xb/Un/cTv+F9un/3NL0/+7L/i1V/2+//tf/ufsvc/nPyWl//Uf/qH/T47v+5vmmS//u/2TzW/06/xX1W/2T/9i/7FP+36xW/+G/5pv8ZHv9637l2k1//37/Av/SF/6387+kd+x7/wX/s79v+l3+7bD+tf/zf4nf+0/T/99/qb/qC/6N+e/yu/+vf5j37j6l/6h9O/4ff8Q35R9gf9On/iP3T8G/0Nf9Gvkfw6f9Fv9D//Rb/2r/ff/Ed/1OzPOvkd/r1f0X76X/3Pf9D8r/o9f63Z//Qb/No7//Pv/n/93v/q7/7r/iP/1A9O9/6qrXv/6O/wn/9Bf8TB5We/4e/zJx3/Wr/vuz/41/u1fvPf4J85zX7Dn9o6fvz3/cG/xvZ/9J/+mvf/rM8//Yd+jT/i5F/66d/qN/yL/rHf40/6ie3f+Y//9u/1z/1Lv/Ef/q/9m7/RH/en5ek/82f9W7/VD67+jd/uN/l7/rKP//Df9X+a/N73H/xb//Fv8+v+Qf/Y9vL41/p1f7PjX+/XnP9j2/ur3/jit/xFf++/9+//ot/9H/qDfs/f6Q87/m1+g3/9J15/9Hv+ev/M1r/2h/4zf8Af8ace/yG/+f/1G/xjv+TOr/r1f83f7C/+9e//V3/Jr/nk/975PX+T7H//29/823/Rb/DPPfuH7s/GzUf/zT/67/xa/9S/+iv/pH/4N/or/v3f5k/7837q1/gXf91/5I//Df69X+fB3/Tw10nPd/7QTz9d/kv/4D96+kdv7/y6v8W/959872L1j/74t/+mX+vbz//iX/e3evePJd+5/0f/ev/Y7/Rr/ou/9Pf83X/P3/mn/4zTP/Q32f6vfu3f9H//h36d/d/ob/udH/zgV5z9Fm/Sf2b/09/tV//N/9vv8Vcd/6nP/6I/+ddv/6Ff+3eb/UF/5K/1/F/49fZ+6+O/5r86+/TPufgb/qhv/75/6K/x2/12//B09l8++Wf/qr/+9/x3/to3+d/1K0e/7R/yx/86v9Z/9Gv/hv/cX/TbPv8TP/tX3x7/4nu/zu/wm/yJ8z/4X//3/oBf8fnP/Hf/8sHBP5z8Q7/NH/43XU9/w3/zn/r3Hv9mv90f/3v+Jb/xb/Rv/1l/6m/z2/wmf8Tv9Af9JT/5Z/1P//jov/ot/9Rf74v6d/vXvv35//1n/lX/6vn6N/u1fv2Tf+kf/7t+vzt/6P/6n/7Fb/+x3+8/+N3+gN/v+s/++C/8o/68P/U/+A3/rp2Xf+Lv/XTr3/0rfvdf51/+/f6OP/zHf8Pf89f9iV/7F//kr33ye/1mv/jv/5/+oL9959c++oN+nb9n9Rtu/0O/3rd/jR/7e/6i9fdXu3/sxfhJ+mv/Kf/lb/wLX1//j/XTf/pf+pl/+k/6jT/+zYpv/2fFf/Fr/Cb/0V+UfOdPuvvt3+a3/Jm/8vf7Az/+zf/r3/M3fvzb/i6/y0e/83+T/hp/XvqtX+9v+j0Wv+KX/o/fLX/8l9X/wf/0h/2v/+Vv8qve/PQn/9TeX5v+mvd/g4tHH/1mJ3/Jm/nxH/Rn/u2/xm/xF/3iv/8/+vW//y/9un/Tv/ns710lf9cf9Bv+cX/rr/NbvfsN/8R/6df95X/or/Pd1a/7H/5aP/afT8bpb/Zrf/aXff67zT/9F/+OafGf/rp3/6Jf43/4h36vP2j2/f/oL/pNf+z//ot+nd/+4jD56nf94u/4Q3/zf/irk//k9F//l37NX/+v+rX+8D/g1/wdf9mv9z/u/zH/2X/yexzu/9hfdfAH/tp/2a/75/yhf8j//mt8+1/9W3+93/Nf+vV+7Pf8dX/nXyP7zq/7W/2Wv953fvs/5Df6/m/+u//rf9Cv94evfr3v/tonf+N3/4hf+if9cb/3H/RH/N5/0K/79/9Lv+6d/Pf4K1fJ//5bPvwnT8Z/5auf+QOeffq//WcPf9mv8evcffnr3/+ffo3v/Dq/5J9Of+P/6E/6jf+i9Nf4W//x3/o/+bV/57/l/I/+zX7it8v/4F/rz1pt/4bpr/FXrX7dz/+rV3/jr7P3u/6hv/6fufqxP/UP+LE/dfWb/jX/W/kv/xW/6a/7W337j/k9k3/7b/r1fovf89f4W3d+41/6v/ymz//mP/a3+eh3/s7v+vv8rb/nb/D45e/xyy4nk7/9N7y3M1+8efV3/U2/4Zs/9ff4j+vH/9yf/q3f/d1v/C+nv/Gf8LL4T/7vg5/+DZ4u/u2/6I9K0l/j9/k9f73f/i/+3h/zu4+O/uRf9Dt+/Jv/6t/1N/tP/qXf6J/8i36dP/Iv+vX+2z9t9/P/avfuH/14d/2tP+XX/zV2vvuH/Avnn735r37d3+83u3v98tf+1h/0633nf7r7d/+uv/sf/mse/kv/0I//A7/nr/H41/j1/5f/4snWbz3/h+5V/8Oz+X/2p734R/7W3f/kDznZWf/YrzHba//yXyP5j37dP/8v/U3/gpPf9F9++WN/wR/69Hn6a/zjf9Ldf+HX+E3/p53f6GDrt/21/uOrP+0/+81+6a958d+lv8kv/m1+vV/zD9r9R//T7/xlf9Tjn/iX/pzfrflNf7f/6jf+p69+47/zzU//by9//d/zT/qNfupfSu7/Sb/RH/AH/eH/ZHr89+xmv80//Jv8t/d+p99jN8l2ft2/eefX+kf+9O/8If/Fs+2/7c/8a/60F3/8f/pr/2vf/uN/wY//Mf/Zb/EbPPsDfu3dl7/Or/F//0W/ZptO/4c/4Pt/8D/2Z312+pv++b/2r/P4N/uxP+xP+unf40/+s/+nPyD9m/+L57/VX/zjf8Nf8Zv8kX9Q8v0/4Nf4yXt/+t/wy//E//m32tv9PX+d7/1Nv/GX/9sf9r/9QZf/4m/zG+f/UPEv/0W/7p/wPxV//utf97f4A+7+hn/S7/jr/su/0e/wX/6W/9zf9GvM/6Jf7w/8hZOt+5Nf8lf/mdNf8ezX/KmT714//oN39n6NP+DX/on0z/1nfv2fPvw3Hv7Lf9Jv/If8T7/Wb/Gb/divs/pd/+y/5df4q3/h6R/zj//Zv3r37e/6H/+G/+pv9pv8Rr/Zb/KP/0u/3g9Wv27xn/8ld//pn/wnf3zvsz/tL/rbnn76P+88/XX/zV/j8D8a/9Q/9BsUf+pv9Jv+Sw9/1z/oD/8bvvrN/sJf/lv93n/Jb/JHpb/u//RXfOfvuPpLfrf/9ck/+PpV+VvNi9/9L/on/tbJk99z/Cf9k49/+dVv/EfPn/7Jv/2fXf7f/+iv+0emP/4bfPq7/Bv/0ds/5LvHf9rW6C/8t3+zP/sf+q3+79/z1z34A36Do51f62/+k35y+0+f/4Lm8fKrv2j3p3/t3+Dhp/MHv+lXf9D0n/6fXv8hf9DT+b1v/0V/xa+x2En+jZff+23+4596+/v8xv/xTvL4T/r1Hv1H7b98/Wr3zU/+Nfu/790/7Dfc+s9/nf/+D/t1Lv6i3/B3Phj/rv/b7/Gnn3z61/1Rv+njf/zyv9j59X/fX+PX/bv/pV//5T/06z7+l369v+4v+g2++p9+rcd/0q/xh/1Pf8I//5f9Zemf/Cf/U7/Gn/L6N/trXvxNv+E/8p/+2j/1h/5hn/waf+r/+eN71//an/4nvPz1/oTVd/+LX+PXeZD+Bl9t/fTv9bf9IYvf89f4+5P2J36tn/gd/5zlyZ/06/1L/9Yf9Ave/r6j/ZO/a+fXWnz7b/nd/t0/Yrv99b7/N/1xf8//tP37/qfv/p3/5g+bX13/89/9ta//73/o1378P/36n/1Nf+tvn/4af8y/9Kfu/Vm/8cHf9Ov94y//tN/ur/xF/8tv8Jv/w3/xr/EH/Ue/9uXf/Rv+Cf/qq1/7d/ib/qY/7fG79MsfvPm1/oP/6Nf97f6h7/7u/9Ov8X/+7d/f+g3u/vm/9m/yl/8Xv8HLP+infp8/6df9X//lX3OW/ib/9X/0G81/jd/gl/wzz+79Ab/eL/3Nfv1f9Cf9cb/0b/rjLv63v/Pij/p1/55/6Y9b/Ut/5/f/gF/zP5z88ek/+u7X/n3+pP/2oz/88/bXfv4P/djJP/RjL/+lX//L/+nX+e3/pV9//+WPPfyTfu1/7c/4tZPf8zf9P/6kb9//R36L7022fp/f4jd/+G/9ti/+5L/6r/9T7/zO/9CvvfyfLv7rX+dv/xObP+zbf1b16Lf68h/7hb/W7/AX/br/8x/0Z/2Jv+ev/7v/Qb/xL/uDfuP/6rf/9v9U/wnzP+c3+tYf8vt/5w/Y/p3/pN/kX/o9f+yv/TsP/uB/48lv8i/94LdZ/Xr3/u/VH/Ezh//AH/gb/gO/zd/0G97/y/78P+aP/dN/nYd/4K+c/VF/+M6v8/If+nXaX//X/fP+oR/7Jf/Sr/3yN/u1/sI/99f+a/+kX/v5zp/xJ/xVH/83/9KP/3pfXZz9G7/Zb/2//JKPfuI3+df/oCe/KJ2Pf/nh0T/0nfv/2Z/4+/6Wf8hP/EG//scvf/3X/9Kv8T//nr9W+/LX/+1e/tr/w+q6+Gce/rG/wx/6X/yev+nbfyn5Y9Lf4M95kPzff9Fv/F//2r/pr/MHJb/iP/0r83/8D/qFp/f/+H/14F/9sc+/aibb//mv/R/9K7v//b/5S3d3fpOP/qPfuP3Nfp3fd+fX+X3/pV//z/+Hfs3f+4/7x//i9Nf8i36zX+vX+pd+vYPf7Nf66/+hX+dumvzyv+jTX+vX+E3/1fa3+/X/5H8o+ZP/0LM/52/7Tf7h3+o7/9Cv/fek//APkr/9b955/Pv8ofP/+/f+NT7Z+Zl3f8A6+YN+zf/hP/oNfrs/YPo//99/0G/8b/1Jl//KH/Tp53/b9Jf9nr/mP/SP/Vmj5jf4df+7j//ZX+M3/cf/ol/rl/5Hv/bW7z7/R37d6r/83Sa/0V/16p/935+N/vNXv+YnX/7S3+7XuPyHtv/wv+jX+iX/0I8d/rn/+O/97/3Yr/VrJPM/6Ndb/Em///N/KHn8lz+9+yd9+3/8Rb/LT/5hv+NP/me/2Wf/6tWf9ei3ePSP/G2/23/bpv/tr/03v/zj/5Jv/+17q1/37/yDfs2f+M1+7b9z9Wv+NvPL//P+n3v+h/6Bf9Gn3x69/rWP/6Xk13/69L/Y+fHXf/pv/q+vfv8frH7NX37yt7z+J59Nv/ozl7NXf/XsH/vff9nus/TX/uN/s19j+x/6tf+8nb/ht1/947/Tv/Rr/+3/x6/z2R/0z375a/y6f9HqX/7+P/cPPvyHfoP//V/6S7Od3/BPyY9/v4Ot3/Ev+9v+p9/gt61/Zuef/AP+yd8k/X3/jge/1j/wt/4zf/Fv8GPviCTf/YvWv1v6a//il7/+X/zqL/jd/6G//k+/+hf+i9/zT/jkL/1N/9q/6Nf6u//pP+s3/Yd+/f/i9/y1Fjtf/U2/62/1d538Wr/gT/r1yt/zxd/1D/0lv/Wf99f9wtN/5q/5rX7Dv3mV/F8/uP/tf+nX/Xt+s1//D1/9g7/gH/q1T/6nX+fv/uP+8cO3f/dv+ef/45+lP/7b/fe/4e/0m/1av+t/9Osm/9Cvnf1Bv97/9pf81v/U//zt3+cf/+ee/dj2t3/Dv/c3/I9/o+/s/HHnf8Av/n3//b+x+oP+seUf9Gv+iX/Qr3n3t/k1frd/6df6R//NX+O7f9Ov9R9QruZv+nV/g9+s+Tf/oV//z/z1f/o7/9mv+63Vr/0v/Op/6t/+l5Ls1/hNf/vjZ//Fp0/+vX/p13yz8+ucpL/RH/Qv/Vqvd37dX/NPOlj/V7/e+tu/x6/5H/16F7/Zv/fVb/wb/Hv/CLkvv8Zv/xf9rb/T7/lr/3l/0m/4d/15//h/+b//G7/p//nr/L7/9z/0Y8//pF/jD/yLksVv9g+e/Ga/3i//Nf+Vv/o//q2mv+u/dfLLfrO//r/9s3/8N/9d/rI/7Tvf/+P/3p/4c+fL9I/8O3+zv+m3W/2af+LOr/vdl7/ev/s3/bo/sfPv/PLf9l/7336dn/6X/6Bf+1t/U/IX/Hq/SflX/ga/7x/06/1pv+dv/0/9S3/H3/vpn/O3pL/Hqz/o13z98jf46Df5DX765X/y03/Ab7D1J/wnv/vyN/j4l/4nxb/ya+2Mf92/+Lf+db78PX/tw3/3197/Pf+Gf/uP/8d/+Z/7j//2f9Jv+B/+9b//8//pn/0t/qJfa/sv+jX+ut/s1/u7f+I3/l9/0e/yf/9Pnz34Lf/E5e/7m//KP/tP+82zX/oH/Ue//t//H/1xf8vVn/I3/5G/zp/2Gxd/5+rXffZr/Nhf8pf8kb/fyV/66c6P/Rp/0R/zcfMb/2f/0+fX9z++/2v8ev/dP/17/dN/U/Lnpb/GH/pbP/jff/Pf5Hf+l36TP+tf+k3+tN/z1/2P/vh/7ff7v/+hX+f53/RrH/+eP/WHp7/u9r/0C/+o//oX/sarX+s3+M6/s/oTfuOd/+nX+BN+z1//7m/26/xtv9Ov8wf+T7/Wyz/p13zwm/yb//u/++v9F3/M3/Ctv+jX+BNW/8Qv/zV+yX918K/9Ff/Er7v/x/1mf+On//nf9Sf8Zb/Dn/6v/LN/yu/4F9T/5PM/8o/4Tf+p9o/6a3/y0d/0H9b/ya/3a7791sPZ3/67/aP/xS/8Qx/+Uclv8tVf9Gvd/Yeezv/QP+H3+4d+3d/qL0qO/5kv/oZ/49f8n/6l3+TqX/pN3vwav27zD/3av+e/lBz/GkSd1dPf7Df9r37P3+S/+pce/1d/0G/y+/3U9f/8H/0m/9n/9Pv/b29+7K9Ok3/oN/s1/ouf/hte/kn/049VH/+yw1///N+bFn/p089+7Nf+l/+hf+1v+eLXqP67u7/Zv/zP/fm/6p/78s/4HR/+db/h7/a7/8NPRz/5N/y2/8D5wR/8P/5jv0f647/XP/vjf8Hf8FOf/iv/98tf/1u/Z/LP/ZsPP//Lfo2T3/PXfPAv/QaL3+xv/CfT/+o3++g3+Vt/z1/v9/2ffv0v/6Ff+8F/9Otu/0W/Vv43/br/899UPv2D/qLkr/nb/9mf/LWS//0P+x/+oF/jf179xv/z7/mb/NN/5K/xP6w+/cv/jOSP+49+g6/S5Hf9h36DP+4P+o2vTz/7j/6ip8/+sL/gX/k1fu2/4M/4Q37qH/qxv+ov+m8/+oP/sq2//t/69X7NL9Y/8+v90l/9B/0Rf+Kv+5/9sZNv/133//J3f/s/+8t+j9P09/ynrn7j/Pf8NX/bv+n7//J/NP4vv/2b/lb/0K/9W/2ev+Yf/x/9ugd/0q/x+t/4Tf6nv+l3+s3T32T2J/26L/+lX/vLv+jX+uv/p19z+w/6NX/3v+nX/Tu+/HX+3b/oL/q7/8ff+Cf/71/xz/0Vv+L//Be+9Z/9Gv/rH/JHffkHvPyx7ee/6W/4+W/6X/1T0//o1/i1L36nb/8bf/if8Mf+U3/Bt3Z+nR9c/Wb/9l/4P3/+f7/9z3+jv/nP+F2/+g3+2R/8nX/iL/k7f/mn/8Zf/r//jX/jX1Yvfus/6Z/9tX+NL/+qb/2n/9N/+Dv8R9/6/F97/ff817/PPzT7Vb/xr/Gb/Z5bv9mrB7/X77f7a83f/Un/0b/8+a/5W/2Cv/7o5d/1N53+Y5/+5r/96a/xb/16/9D3Pq9+jX/il/xx/+W/8J+dXf1bz/+cew++/Hf+vl//l/1P2b1f+R8d/y1/1j/9z/3Bv9dP/tW/xW/3g3/6L/mN//mf/K2e/x2zxR/xf7z+N97827/HX/VP/mW/4A/96X/+t3/z1/0+f/vkq7/jv/u39v6q//j/+p3/3L/jX//rfp/8u79t+qdMsj/61733i/7M0W+/+4/8Ib/lb3i9/t9W/8t/8cf/Jr/2H/wb/kbjX+PXepo+fleOxnt/wz/8hz/7N/+m//hP/fTNxV/w5Lf9U/J7f+Z//2v9zulf9+ts/cl/5x/wa/7Bn/4xv9XZH/xn/ZE/9skffPxP/Oa/5q/xB0z/72d/0n/Q/qW/4x/5D/2Ov1b9P3znT3v3F9X/y993/Yf8Sf/o/sf//fE//2f8K3/Zg1//v/wt/+qXf8kf8sf8Nn//zj9WvP7rXv/Nj37xD/6N/+O7f9UXf/+fcf8/PPrr//VPi9/pX/tP8j/it/0bf/fz3+m/+l3+4z/sb/xN/6H/4w/5x/6g3zrZ+QN2Hv+e/9DJb/C7/ja/7K/6NX+jnX/rP/k1r36zf+jX/11+8FN/yR/066ff+k//0r/qq635f/7rJb/ZTzz5sW/9O3/Sr/1rf/ZH/EfHv/bv+FP/0H/0N6f/xj+8+HPXf9S/9V/8pdt/x53s8/Y73/pD/5Anf8TLkz9873/6RX/kn/f2f/mTy1/w2/1N//FfefBP/4J/6K/8u/+i/+ov/iM/Xv1Df/KLf/b+7/cb/PRf+dv+I6u/4td++9dl1eh//r9+0X/x1/yvf8d/k3yW/yN/8k//8wf/+c/8q7/9L3i8+o+Ofs//8q/5Z3/NX/9/+WP+8R/7nUf/2//93/5D/1D62z//I/6R3+bN8z/iN/hLf89/6O98+z9d/0F/4vwP+o/+kD/yd/iH/ug/4vVfunr5H/3aP/m7/XZ//K/xx8ze/KN/7Lf+vr/5L/0Tfr3/Zv5r/hq/873/ZP47/s5/5C/7hX/B4u84/oN+k9/oL/uPftff9Dce/0d/8R/39m/4sd/k16v/on/sn/i7iz/2T/0j/vLf6G9//lf8Xn/Bn/Iv/y2/xW/9B81/7HdK/pHf82/9Q4u/7h/+a/7s6b/1xW/6Lzz+V3/H3/Cv+wP/sZ/6H0e//G/7S77z5/70v/LX/xW/8y/4Nf7tu+Nf/Rt8Ov2xj/+83/Pf+vV/jfW/9Gv+Fv/Qr/M7/kZ/2Ld/87e/xp/47/zMv/rkj/3k7V/0B/wGyV929uyv/JP/+Tu/z9P0F/zYyW/62darv+NP+u0m/9Z/8Wv9usv5X/br/s5/9L/1T336m/99v+t/8uP/fvvHfv6H7iV/9ckf/Bv+9F/1l/zh33rz9/wTf/7zv/lP/o1+xz/3L/uD/+9/+Hf67f6yX/uP/AvK/+pf/nd+p1/y9/wZf8Qf+bu++ad+/M/99J/7db78D//m/+T+v/jJ3/Tn/D2/bPQ3/h1/yU//de1/+J/9rn/83/U7/d5/yZ/xB//Yn//Jf/x7X/7P/2L2a/8a9/6nf+iP/q3/semf8nv9Hb/Zj/0av87f9jf9Fr/dm5e/5uQ/+1Me/sp/4897NP67/uH7v/VP/U/nf+xvsf8n/Vp/6Prv+In/6NdNl8t/6NO/YPEb/q//65/4T/zRH/+F/8Mv/83mv0H61/xdv+dP/1X//p/9Y7/jf/ZX/9J/6Kf/i3/+L/71/7jrP+UXFX/r3/Df/kn/yJ/8W/wx/8kf/Ef+Jn9e/e/+93/lf3T07Lc//x9+yff+w7/3r/2Jf/LP/nXf/UmTP/q3/5v+rP/4X/xDf8Vv+cvHf8Rv/yf8W7/n57/zn/4P7/yT//YfdPkPHv9Bv+2bnT/st0n/8dnvdu/3+Y3/kr/yt/zTfuI/+rX/8Pmv+a/8Hcd/5P7T7Dds3/06v9kf9Jv937/Ob/T7/jo//jv+19/+Ey//tr/0F/06f+Wvm/67v9FvmvzFf+Kj/e3X/+af9fnv9dfNfsvmzR/yu/+b/8lPfvmXXez9kq0/5Nf/6u862/utfvNf79faP/3+f/6rfr8/7794evdv/pP+81/8+nf9Z/f/rV//N936jbJf795/dXr3p//mX+fJf/yP/Jo//j/9w7/B5W/+G/4R/+c//ut/+2/6h377f++P+sN+rT/4P/oDn3z7j/uN/5KdP2Gd/kW/5ie/zm//5Z/38d8/e/fH/Za/1V/1a178V3/xr/Hr/hr/8a/7W2392v/U1r/0h/yi/yr7df/dP+rJ7/j423/Ib/g//fSP/22/+X/8Y3/ob/Obln/d//Rr/cJ/9B/+zf6X3+zbf+V//Jf+Eb/sL/p37n8r+1N/o5/4K3+vf+Uv+ie/+Fv+4t/0+Hf6vbb+t28/+7P/qv/pz/+Ff8/27//f/Mn/yW/1X//jRxd/1V/6m/0Ff9Uf/ts/2/lDD/6x7Nf6pf/Qr/Xr/D07f+i9//uX/yW/4b/7y//Q3+U/ojzC7/1r/NgfN/3zfqfps1/n1zn46Df9Jb/dr/XxwT/8h/5Xf/Zf972vfs/T3/G3+j3/5N/hj/vrkj+jPP0d/73jX+vNfvob/+I/6Tf/G7Z+jd/he//zH/On/m3/6m/+L/0hf/gf9HbrLyr//D/75N/+U/7i32J7/+3e73j6H/wvf8F/+vhP+hOef+93/49+zd/kH/kjfstf8j/9nr/G3/IPvd7583+DB3/Fv/VX/1n/yK/ze93/6/6S3+Q73/41f+wXXf8V3zv/l37d36D9LX/Dk3/8H/n0X0z/hX/od/vXf40/4Vt/3G+W/GZ/6NZf9x/9Wqc//fGve/Av/1GLX/WLZr/k7/o995/9r7/Wb/2v/U2/3m/7V518svUHffXm2//xb/PR/B/+Tfae/CFP/5S/5Nf9+G/6ox7s13/vb/mdv+E3ydN/+Df7I/6iP+j+n/TFr/tv/iOfr/6pv/if+c8+S7/z+/yjf8Yv2/vPtn/w7g/+v3/99b/1J7Tf/s3/iNGf9B/fedv817/PX/Cn3P3F//z+i9//T/5n9v6D/T/21/3d/oDk17v3j/5G/8XkD/7N01H2Y7/sD/79f4c/4uCP/q2f/dp/4p/8h/z+f/Gf9Acfrf6S8s87+yOODi7+hP/+f/6Dfq2vvv1H/Fr/zu/5a979Df6zX+9P/pf+uKev/6Q/5Dec/xq/xqd/0clv9njrx//C7A/78b/t3/4jfuz3+C1+jTsv//W/8VvvPn7+F/0bo/o/+/GfGu3++v/6H/A3Pf6vv/2P/l6/8Bf/wf/FL/+L/8TR7376a/2Gf9avd3H47/6CP+uf+eJv+w3+ryT5Z/6UvyL/DX7P3/bH09/ul/6+/+2/83f/Rn/DePav/S7L3/gP+8Pu/EN/8F/z1/3EP/w7/eAf+sOPfvlf/Fv/+H/7Z7z4W37iN3jzG3z31/0P9v6MX/b0T/v1k9/tL01O/q5f68d+rb/pD/+z/uk/6Nf6BX/fP/Tr/ifH/8G/09af/y7/9+/6+Y/9bf/QPzn9u/+rv+QXZr/Fw3/qD/77fodn/+TD32f6F/zyNztPf0n719776367X+t3mP3F47/id/q3Hv/HP779q/65P/Pjf+UX/Ku/w2+4+iN+nV/wB/+an/7UP/S3/zr/7Or3+9//0t/j1/rr/6Pk9fzX/Lf/jz9m8h/9PX/rb/rlb/Zr/Fbzf+mP+Jk/pvyD/5Vf/fY3frn76/wzv9bv+pv+H3/+H/p7/ln/7q81/qv+49/mv/2jfvtf4w95+et/8Xf+Rb/O99I/5D97+gf8I3/AL/ndfu/jb/05v///+df8GsXBf/87/L3/7K//G/3gl+R/7j/347/Dv/Rv/+SPv9z9t/6Sx+nv8Olv/of9Nf/Z7m94/5/8b//o7B/+c//df+zX/9MfbP+eP/ZH/mZ/xM6vcfzP3/31/oTx0b8/+W3/j9/s1z/57Z78xj/9azz9Dbf+pt916/f8j3/sl/yeu7/Vb/Xv//r/+Ud/yt/9G/46v/7Hv9Wf9Mf/1v/LH/S7/+qjn/q/f/yPeP4nPvrfvvpNP9q6/+v9Ab/+H/bb/El/yb/+t2X/1d9w+eOjq9EX/8Qv/Gtfrv6c/+y//Zn/6cffvvlj/4j/vH31h37+d337N/vxf/XX/yuX/8gftrOV/Zr//V/17G/7j5/fnfwdf9tnf/nv/Cd+9df9y7/m7/Ob/Ud//h/+BzxI/7i/4I/Y/zWe/HZ/+NYf9lv9Zf/Sr/XnZH/Qb/W7f/uf/vx3/s1/7Gd+jz/417v7Bzz5pE5/g9O/LfuNv/oD/pCt7/wZr37B7/aX/ta/9N//2178c//xr/tf/QN/0W/yL/9Vf/DqJ/7kX+uP+Hd/z1/7t0p/3d/sT/pt/sRf8B//9Hf/88/+40//kN/qT3z3z/34L8j/qrvf+Qv+jD/mO7/vP/pv7vxBf/BR/XeV1Z/0B/z7f+O/cvfVf0VrD7/Gr/lH/0Zbf+S9fydrfuXv9nv/FY/+wO/9+3/Wn/LfP7qT/Vbfmj/98T9k9Yf/1v/ZL/gt/u4/8/i3P/q/f/M/8Xf4n6a/4P/4jz7/zt/2m/2mv/tf/b98/Lv9J09/x3/of/o/7v91f/CPPfgN/s/f8Pfe+1v+xP88+ydH+3/2w8f/xm/w9Kf/6F//9/3tnvwGv2b6a/+OL9M/+Te7+2v/tf/4Xzv7ff7EX+d//h/+qj94/9Wrx3/Vn/yX/hZ/9erX/6c+qa63X/5B61/2a9z5l/648X/8x83/ql/n9/otf429/+oXvPuLfr1/7Zf9ddd/8d/x4OQvfHf2V0xe/pG/7l/0a/zk/A//bf6uX+t3+n1+/d/8t/qDP/vN/uhf9G/9ye9+gz9n+/f8g/6D9I98N/8tfumv8Uf+Ni//4N/21/hDv/qn/uDf7H/7Q0/+pn/4N5v/ofOdcfNv7f4V07t/8PfSZv6HPv4N/vy/6H/bG7/8k7f+rd/g0fzX/E3/kl/jt/iffvt/90/6nf64nb/xt/zX/vzf/y9+dJX+4Xs7P/br/zl/5Jtv/7q/zuqP/LX/uj/42d/1h7d/7q/xf3/vb/p1v/yXfq0/f+dv+Od/s19n/Cf9Gn/twa93/u5P/Q1+5nd89BN/xN+9+xv+m3/snzrb+42f7/y5v9nfde8P/M1+zYf/1B/12e/96/8af9Qf8u/8T7/ev/+7/pG/14/9Dv/RH/Xr13/QH/wo/d22/oA/5Pf4zX6N8f/2h/5O/9Qf/JOr3/hf3P0jf+3/5A/7w36vv/d3+Ut+/eSf+kOfvfs1f+pbf+bJb/CH/nr/1q93+Kf8oZ+//DXu/lO/9p/3q/7sP/bv+pN/79/yD17/b3/UvdEf/du8/Nt/+vo3OXr3l7/7n/7eu7/jH/Lk23/og9kfevAH/KEfJX/u//2f/Jo/lv46v9afmlz8VX/30b+WfPrLkgff2/nrfs8/4vg3+hP/6l/jN/xX/54/ppj/2r/TH/T3/ob/0G/97/xLv/3v/G//EX/K1h/86/2ef9mjP2jri3/t6a/zT/2Rv/7LX/MP+JuOkz/gD/lt/7c/6Hf63/6g3+y/+od/8s/622b/06/1vd/x1/q/76R/w9/46g/6yX/pj/v1t37b13/Sr/Fb/95P/4S/6bf+6K/9tf/e/+aP+u4/+tcufrsfGz/9+9KdP+Vve/UHX739gz//l37t7OXf2f6xv/bv8Tf9Wp8c/EG/9urXvvM//SHlv/SH/Eb/8t/4t/3Fv87bf+nX+/X+qt/xF37r87/hD/qrf/BXf/q3/kG/3uXzP/F/+Ys++mv+qr/6D/yzfr3f6R/6Nf/Bv/fzj/6oP+Qn/9Pf+pf+br/WH/SP/FO/4fzX/Owv+kO/f/JrtH/An/Lr/1n/wHf+qV9z54/6B/6oX+fXffmb/Rq/8OVf9J/+Wr/W937xH/yf/je/+7/1F/8aD/+P3+71P/WH/K7pr/lr/FG/5sM/6tf/rb/9lz36DX6tT/673+B//tazX/XLfr2rP+rXf/Mv/aG/zd/1t/2xv9Ov9eY3+/X+spNH3/8D/tDf5df4Z45Xv/Zv/Qf82L/0l1L65Q/e+T1/nV/rb/r1Zv/SH5H/VX9E/e47f9Ufl/x5f+5v+W/8ocn//YO/+u/4md/n17j+9p/56/52v+7TP+oPO3n3a979m/70X/RP/QY/+e/+9n/bH/dP/xtPk1e/929T/lF/5O/1i/7IX3/+6/zWv8Ef/OqP+/a3fo1f9xe+/Buu/6k/Yvlr/pH/w6/9a/05P/MX/fPzcfJ3/cG/7V/1axV/0a/xYwd/8q/zG/zav/Hf9Cev/62/9N85/Kv+pPnz6b/2m/8av/ev3/5Z97/zO/36V/d+/T+w/IMe/11/0NEf8Oizv+nZ91Z/6PG/9Yf/2v/Sv/TJ3/Xr/hZbf8nsN/t1/u2/79f+zl/0x6x+jd90/pv9+v/q5I959Iv+mL/21/hjpwf/8vT3/PUu/qeHs/mv9zv949/5q/+A5F//a3/Pn/mn/5g/52/5I36fl3/q7/PyD/913v3Bv84f8If8pn/Uk1/yu/0hv8W7f2Tr4M//E4s/+Ld9+Qf9zP/+h/02f9Zv9p/9oVvFy1/jF8x/7V/zN3j9E7/VH/STv8Yf8xf9R7/TPztN/87f8q/+vx/+Zn/yb7v1B/9l/9Gv+bu//CNHv8Gvnf1Rf8jv9G//IR/9sb9z8h/9br/jw5d/33f+pT/5f/vjf9HLX+Pz3/MX/NK/6MeaP+APe/bu1zn5u/6l41/jO7/x97/I5r/Gn/8n/RHf+o/+kH/7d/p1r/+Af/l/+FV/ZPsH/Xq/wc/8Mb/lOvkN2u/kf8Cf+dkv+iN+x3/+X/43/9V/9F/8Q/7JP+/eb3ox/1P/hqd/xL/75/0Rh7/nH/rpX/WHfvzr/Bq/8btf59XBH5zOf40/4l/9k3+79A/5N/7tP+I/+Fd+7cu93331P/0hX/7ev8Wv82v85T/zD735dd/9Or/wL/qDHv3ev/bf+Yt/7H/d/0f+hf/6H/hT/ua//ydf/kHf+pd+/R/7Pf/Q6a/x6Nf6vf/s//Av/cs+/4t+7Ve/51+2vbr/0b/1h/7HW79m9R99Nzs7rv+lP2T7j/q9Pvlb9774g//gH//N/ojv/V2/1u/2e/5aD/6uP+STb/+hn6/+hP8i+bX/7x/7s/7wX3r8L3z2F/96v9Xv+Qfn/9G/RUZi9gf9EX/gX/RnXha/3vnqt33waz79nRa/3u+c/xH/0x/1O/5Hj//Yv/ZfOvlr3pGw/bazv+qPmLz8dU//o9/6t/+9/+C//5/9tdO/6w/65J/6DT76l3773+Jbv/b9X+MXNFu/+/PmT3j3L/0hf8gXP/bb/Z7Jais5/va/+tu83f1Tftc/+7/99q/36n/6G37bl7/O6j/6Q37/v+XXW/9bf8fv+i/9oXu/wZ/xW/5Hh//g6z/oX939JxZ/0q+9/Vf9Wv/Qf/vk1/kN/ozv//iv/wf+Br/JF+Vv80t3/sjfaueP2P/fft0Hqz/099/59T77Pf/If/r3/l1/7K/65/+Uv/0v+bObX++n/6I/gmLmf/5v/2d+yX/06/21/9wf86f+4z/x1/xV//KfsvjXr7I/4n/+s//Mn/69f73zP+v3+Vv/qp/4nb7/5/6N/9C/nP/ev8Zv9B/91r/R3/SHfvSf/pq/7sGv+X//ZcU/9/E/91v/5ukf8nsd/o5f/VZf/Jn/1j/3H61+/V/1v7x4+df8Fn999i8uf/Pffv///Kk/5Q/+e3/w1R92/0/6g37i9/4j/rzPfr1/+zf8tX/B//aH/cd/1a/9W/xdf9mj/+03/81/79/oJ//V3/hP/J9+4y/+vT8kufNH/+7/9K//X/7Wf9g/89f+mr/un3X82X91+tv9UX/E43/pza+Z/k2/we/5+/x6f9Af8yf//T/xP/1vv8n/9A/9vhd/0B95+Wf9AT/9Z/3EL/+7/9y/6u/6t69/nz/i9/njv3/xD/3E//IH/THF3/UTy9/s1/+1/qJf+6Pf+w/+3t/0a/7m/9Kvcf+3+1t+5/kf/Or3+nee7f99H/3Fv8Z/+Qf/1O/7j/56//D69/uFv+bv/nf/c3/7X/sf/xb1P/4fLP7j3+FP/VV/2G/4Px2e/m+/xu/29/yZh3/Rr/XkN/i13/xFf+i7rV/zt/ir/tDf9M/6ox79Tb/xr/nv/FrVn/WH/Un/27/5Bxz/fe9+z1//T/2n/sj/+9//j3/94/l/+p0/6tf7mX/rj9jb+kP/td/n9Ku/6A+Z/FV/xPl/9Oud/2Z/7B/4N33n8vf8I16t/6O/8p/69y7/oT/sZPnr//T815v9Zt//n3+D//h3/vN/z9/kj/j3//r0N50d/BG/w1f//l//9/2Ov/1v9gc/fvlr/M7FH/a3/Nn/yG/9R/2af9m//+v9Rv/QX/ZX/M5/yLf+qV/vjx39jr/6kx/73a//xl/59/wRv+O3Jv/tF6ePfqff/l/4Df7UH/z1f8i3/65/6984/TUXf1HyNv21f+w3+EM/3fq1q7/rD/rtf9c//G/9tf6+n/n+v/FLf88/8rf4q36N+jf4LX6bp3/QR//Sr/V3/WF/1Z/2N+VXB3/R+uQP/yv+9F/jz3n9R/wrf9bf+rdf/6kP/9tfY+8ferh/nfxO+ed/7Z/0E3/vf/zH/EbnyS//j/6j1f/0L//Pf8C/fv43JX/6v/8vF//U91+lv+bv8lf/oU/+o9/zH5w+/83f/SO/xX/3L/3fv80v+pN/6f/yyZu/6h/85/+yv+X/ePvb/PF/z2/zZ7z8F/+Hv/Sf+od/p9/+9OAP+yf/pz/k07/o13r0O2azf+rf/k3mv/6v9Q/9muPf8w//Nf6sX+fX/TV+41fpJ//Bv/WHfvZ3/fmfXP76f+Dv+ev/Wh/9Rb/ov/qNf50/6ce++H1+19/i1zj5N//sf/7yD/hd/vbT7bdbv+nVH/Ff/ib/UZL/V3/B5X/8Rzz7hX/i6g/6fX7D9rf8j/+05NNP/u3f5Og3/bf/8z/iD/yb/pjLv+uf/3V+77/9o7/3D/lt/qRf6+n//mv8Du/+sL8sP3j92/wZz/6W+7/17/33/q6rX2f1b/1X954f/eRP/9h/9e5PyH7ZX/ri7/uDftu/69f443+3P/s3e/cH/5N/1a89/r1/jf3/9OSzn/l+fvAb/7Gnf9nj/+nX+snf+y/7Lf6tv+Hf+c3+4Xu/yZ/xv/6t/9hf+Sff/Zn/6Lf7mb/r1zv8NX6d3+i/+vX/0D9s+iL9g/6q87/w//51f88/dfqb/ZG/5Pf8NX/i70/+tH/+D/hTf8m//xf9qb/Gt367X/fP/mV/+P2f+Cf/jn/7D/htft3/6q//s/7Wz/6CP+LX/Zd+z9lv9uvv/0W/xh/3m/1t3/uffo35P/Br/q3/yB/0i/6oP/sfePZX/gP/y/bfcucP+9//0kfVuz/nz375u/9nf9SP/e8/+E3+gt/stz/+u/7gX/sHf/Cv//f8A7P/7Q/6bb/92yT/0a/1u/9Bv+W/cP5HHP0mv/7bl//CyR+1++bv+jVevfx1fou/6Nf47X/PX2P6Wx2/Of+zf5v/6df4M/7uP+jX2/qD/+n/6A/9T/6sXys7+Hd+q3/rD33+L/8hn6Z/0K/7V/16/+tP/JH/w/Gvd/mb/fqT3/PXvDh4cfkH/EG/9+lv+nv/97/GeOdf+TU/+aP+vL/+0/9g/+2/sf7+d/6NP+b3Ok8e/ae/3vLgj/jpv+sP/XUPfr3F7/1r/Jp/0eenf9UfMvld/5Df5g/4w3/Hf+rf+PHp3/Wf/ON/+v/97k/6q/7Y8ovi9/z7/uR/62//0/6g3+Lhf7j35/4BX/6LP/Fn/O+/4b/7J//Tf+hvu/WH/jb/1n//N/16//Hv8NXqJ3/rX//89/z18vTX/jX/pF/jq5/4w0/mf/Cjv+rX/Mf+0T/iH/h7/qDfev6HPfqHfo3vffvXzv6nP+x7Lye/6a/4dT75o/61X/sv+nUPxn9w+u3x77n6+MUf9Iec/J6/9u/+d/2hxe/9613+ab/+82//Ps9+6Z96ufMbr3+zX+MX/Em/9kf/0K/x5rf7ddcv/8h/47M/ov6rHr77zf/j/V/9x5z9Hf/D7/F//TcP/9T6k1e/1nf+rtm73+4PP3n3h/2X9d+z/g3+oKc//ev+1vNfI/1j57/f//zb13/Rr33yya9z9+/a+mt+r7/43tM3v92f9NuM/9m/fXH26/3Jf/JfdfkHjv78v+jX/yXv/vxf7z/6NbfSP2w1/9e/Wvwxv/O/+etdzn+9xcs/Yv+f/kNGvyfp/9Xv+i//vpPf6Lf7Q37D3/PX/+g3+E3af+vX/qm/6dc+fPngt/iXfu37/9uv+92DP+h3+e1+nZ9692tsv/z4t/7Nft3f62/6dX7jv+sPfvjy1/zib7/89Vb/a/YH/fq/3r/4Kz77s//unZe/5h/3V/1Bj36zX+M7v/cf9Ae++1/+o1/+xd+2rP/lP/53/F++/W//Xn/HX33/r/4jfpPVr/ed3/MP3fmjfq358tdJ0z/4t/mr/uC//x/4jX+///g//vV+jT/kt/iLfv3yX3r+P4z+4L/rX/vHnp7+BVt/85/zn+/+2f/VP/1rv/5Prv7F//ovf/wH/OE7v90f/uv+Bv/Zyb/4x/xtf8Bf+NN/1R/xP/3Tf8evO/+HfpN/6Cd+9z/gl+/8R3/Y7/I3/+dbqz/01/6j3nz3z/o1Pkt//d9+59f57v/0T/+pv8sf9lv8Sb9e/dv9kU9+jV9n97f7g/6AP+APrv63X+vs7/o1Xnz7n/tN/qtf49d796e+/J1/n3/1d/wn/8Y/6X/7v3+93+6fffftP+jwD/pFiz/rj/h1Ln/Lb3309vf80/71P/DP+B/+st/ld/kr/6F/+T/+G3/if/rX/3ny/Z/8R3/IJ7/3H/n61/5DfvJf+kOf/U+//V/+u/8h//b/9Jtf/UV/xm/x7eP21/hNLv7ov/G/f/4X/N0Xo+Kf+iP+sB//w3/x3T/7L/o9k9/kH/vy13r56/++v+4fdf5P/ml3mv/1b/yL/vZf91/96377p7/m3/jv/CG/7t/y6A+b/kN/3K/xu76eUyzz5Nf5h//Q41//r/uT/rw/4K/8h5Pf8y/4hf/Hav0fJXd+u3/3N/vb/qed/+j87//BL/wH/rLf4nf/PX/PP/I3+Wf+moe/15/5m/wOf8uv+y/8RuOTP+I3+Cd/3V8j/85f9Tuc/tP/zt88/b//iju/+u/87/6t7/6h3/9bf/C7/2/rf+cf/Nt++l8df+/v+F//w93L3+jf+p3/1I//jn/v9138N7/b42/9xB/5a/1mafJTv9lv/rt+9Ef8Br/GH/Fv/t+/6o/97uT3evxP/Vd/x9/d/Jt/1T/2t/8Wv+nf8P1/9HLxH/zazX/xp/zB9z7/g3/L3+wHf+l//Qf/Xv/Foz/3b5vdXX37t/t1f9N/9d/4A/+FP2H37T8x+uRv/Q//1T/jLz74xX9c9vce/q1/3m/+e/5h/8Vv9lf+lr/B7N3J7/nP/taX3/3LH//dv2j6R/1lf/qv/Q/+Jr/Zr5mePPuL/4Dxv/Hv/rUX/+O//7f+4Hf8Q1Z/zNPTP+P+7zN79LuVF1/89r/fX/P4D/mDf+On/9Qv+g1+h1/n9773x//kT//Bp3/Gve9f/+d/xu/zT/5Fv+Inf+o3fvZXPf/Jfz79S//53X/hzR/62/xB/0k6/Y0/+qt+5i85/Q3XpCp/w9/u1/jN/vHso79u+p9++u/+Y//p7/34T/2T/9U/6hf8tn/a7/kv3P8ffrM/+jf+U/6Sv/u/+HV/07/qze6/M/8bjv/rn/qNf6vV8W/wa/4LL09+45/4nf7Xf+I32v8nn/5D//c/tPtn/1P/6m/zh/33o9/zj/7+r/OH/ea/3u//6g/4zX7d2Ue/z3/8z/w6f8FvN/n27/BHPP+PvvPu1/+NPvpHrotf53/6w3/DL/6tv/W/+sUPf8mf+o/9xovf4A/44tf/zn/3Vz5/+jt+68d/zV939x/7A/6iX+cP2/qbf4293+f7v/e39v7Znf1/Y+9fH/2jf9zeRXbwyV//0+vf89fb/09mkz/+1/mxv+jkn/zx3/jX+JP/yN8q/+3Of7vf/N8t/+Tf7tf4Nf66v/XF4z/9v/6D/5hf7397/Hv+CZTi+jO+PNr5g14/+w3/qt/oJ379z/7t2V/6J/7d//bf9eynPv1d/rA/+Df4Nf/J/+y/+cmDX+d3/kN/reSf+j1/7fTev/fu73rzZ/7nf9XJ6e/25/1Gv+s//pt88c9d/bO/4Df4x/6mf/bu75b9tn/k7/BLfnn2N+38Hf/WL/oNf+y3/ct+zX/61/u19//lp5/9j6N/55//S37h3/o//eG/+a/57l/6v//J3/BP/rMmyT/8J/9PO3/Yr/8TT//kP+Q3uPMbvP4Nfoff5/f+9j//e/zfX/yld/d//NG/9ZN/+G/7b/zvf9tf/7f8ZX/o8/u/81/0m/96d/6v3/cPOv4Dfqu/bTXNvve7Hb74W/+FJ7/jf//jP/iP/rjj3/6n5n/wb/pr/Vf/3U/8kb/gH/kN/tV/5Df7/f6yv/fv/Hv+o//qT/2NfsvH6V/yj/0ev8tf8vJP2PuP/7C/9Tfa30r/9V/z1/7n/6Yfv77/v/xzex/9Fdlv9A//o7/Tnzua/CMPt/+SP/QfSv7e3+nX2Lr8I36d//npb7r/V/1Ff8TOd/+rv+Sf+HV/4rfK/sV/6s/515rf9C/9H//tv/X3++j3/5nsD9l68C/9nr/21l/09Mk/+pv9Vr/VLzz5je78Y6t/5Nf9Lb798p//Pf71l//of7j7v/8lf9Nv/dfm//hP/67/2n/+u/xlv9GD/+7PO/hjfp1v/U8n3/kN/7I/6T85/Q1/q3f/6U/82L/77k/7v3/8//5P/6I/9F/4df+rPyi589/9079dcfAX7Tz+m3+LP+Xf+kd+s//sT/r1PvtTfvM//sde/U+/5j998If9On/WP/xr/Hq/2T82/l/SP2rvf/tPf6O/LP3Hf/v/47/+h3b/mT/5W3/c6g/5LY//pl//v/pv/uK/Kf3v/qPf4elf9Id/+8V/mUz/ol/r1//sv/qHf5eD419z9fj3TH7Nd//Er/Ef/MV/9B/wN/1Bs1/xm/3b/9R/8Lv+4z/4df7SHxu/+yc/+xeyP/FiNPnN/+j/6B/9dcfpH7L17i/b+af+nt/zt/ub/rM/7j/60/7Q3+Pf+O3+1D/sH6r/pH/8T/4Xf+bLH/+jDv6cv/iP/+nf7Nf6zbOXx4//ryd/zE/+e+mz7/1bz37sj/rNftM/8H/6TX/q3/3t/slHtFb22W/10W/8dxz8Ab/Df/QXnf0Gq38l+SP+rn/81/7Ldv+cOaWOfibN93+r3+zX+9bv9jf8Tv/x7/3PvPpvfusnF7/3r/1//w5/97/y623/oU9+4d/0d/3Rv/4f/zf9Y7/tb/Mr/rjl/u/6G/xB/9KTZP67bv137/6Q6Z/3B/0jv+XBP/zrrH6Dv+TX/W3/rd/zn17+K7/Oj5f/0S/4H3+DZzv/2G/2x/0pn/3NP/Zrz7/8p/+en/gTf8VvUP362//S7/LH/w7/0q/14B/7i36j3/p/+4N+nf/hP/qN/titf/R3+L9+o1//3t5/9mfk+//8n/Dl29/w9/2r/uM/7vA3+4OSbP5r/x6/4Bf9wb/e/h/ym3zrN/g9H/9Rv9kf+js+/A1/jYf/zm/+6O/4i37dR3/VP/zb/Ke//T+Wpr/GL/hT/qHj3/jBr/Fr/3b/3O/+G/+Dv/t/Wt39Df7Q3+JP+zV+m7/k3/uPv/VvzJ/9On/Ab/1b5f/Hf/HbPf3N/+Xf45/5XX/Db/1O/91v8Tvu/D4v6v/kD/kD/q7f6Nf+jf+uP+R3/O9+jT/q8R/36/1Ov+1/+of9+C/4l/6QX+N3+0f+vP/ot/oFv9uvtfqx37L8n3/hq//7Zz5/8Vv9ir/36f3j3/LP+e3+oYf/01/0G/6ff/nvebH3L538hv/Et7fe/GZPftd/64/9DfZ+rX/mL/7J37z9mRf3tv6IP+l//vunL//S3/lPe/lr/db/0r/0uPr3nvyaDyijNGlH/+iv8Q/9jv/u//RPfPSf/sF/4vY/9Hv+usXv+V//mpPD3+JP+dP+kd/sF3z7133+z/+6f8K/8V+d/C6/1bvv/jZ/3V/8G3+/OPs1fsOXz+79zG/5m3zn1/0vH/zOf9YfcfdP+Wd+jfUf9hf/pv/rwefp3/Dn/pZ/2t+d/uZ/7L/1D/9mv1H2R/4P6X/86yZ/1ZNPv/Wb/zq/9Z/2u/4G7a/xX/yWv/7/9Bv9x4t/KH/3b/1D9/6hhy/+rr/hX/0Ff9Rf8t/+Fvd/0Z/4e/2+f9Ef9xP/0B/6G+//Rb/+3t/zB/8m67/rL7j3d/0h/9Yf/O7XHf2zf9Wf+delh5/8J7/RP/bb/2m/58n5/f/lX/rW7/t7/pq/5/z0//7kp/6iX+MP/M3+4t/l/zj87x/9Gjt/wp/9J538Jn/nf/Un/I5/Uvpb/J7ff/Ub/zGrP/7v+Nt+3T+h/IN+V1qC+cPu/jv/1F+Yb735Nf7xP+kPH/1pf/Pv/u7lP7r95H/+ze79Fce/xuvf6Hf9Df7Dv+uPfPPv/tr/5vLXOfmjf+2dP+Q3/w/+599492/6h36Dw9/g9/zNfq3f7Nf4PX+df+g3GL28+C3/gT/p1zn7oz76rf/Xv6r6Xf+4v+mPPv2N/4A/+ifb4ze/5S/5E3+33+r41/7t/q0/5Hf6p367X/u3/9P+418rT/+Q36j9m3+/p//ef/zJ2e/3x/zUb/ZTL3/j6X/1+/2+xa//C3+Lvyj5sd/g1/jNf+mbP/gPmK8mr17+Qb/OH/czf/ODf+PX/Kd/0X/3V/0T//5v/4f9jn/GH/3xyf5/9PtWv+HewW/1u/4ao9M/LD0+/jXv/wk/8cdN/rPJR//Tt3/9P/3Hf/lf+Bv8bv/rb/cb/ke/1q87+r//59+4Tv7Ef7D66j85/L3/pD/1z/2b/qE/9o/e+Ud+9/Ev+hOa3+2/+e3/xdU//Dv9If/QH5b+dn/x7/hH/xr/2G/2a/0Bv9Zv8+/Nfo1X//wf/ff/i//wH/KL/7Yy+QX/0snv/Ef9TX/C1ru/5jf6E7dOfvvyN/u1f6O/6Mmv8acd/BGfJpPf9if/7p9Of/tf+Ct+6rf7x/743+B3+kt/57vvnv+G/8Hf/t/s/Ed/0W+yPvg17/wOf9Gv8Xv9vdPf8I/777Z+jf/r6qfqP+0P+k1e/12/59XyL/4jP//vftff5fov+oN+/b/uzh9f/kXHv9Zf83tm//tf80/8hb/vT5z8Nn/3f3X8az3/k//wX/d/m/z2/+pf9es9/vP+4t/k4g/4M37942//Iw/+g90/6Fv/zt/+z/3kP/c//la/1+Xyt//018z/11/wZ/+Gv1v2R//Ov87xr/0L08c/Psr+sN+1/Bt+kz/+T3r6m3/0J/5Bv9vv/Yf85n/Cn3XyO777NT7+v//bv/+P/g0X/9Tv8Bf/Sb/nZ7/F/h/wO/415eer3+rXf/IH/xZ/2p/wJ54+/H3/r3/5N/pF/8df+ju/3Dr5rf6JP/gP/ep/3f2NXqV/8B/9+z/9I3/Df+0v/nX+53/rj/jj/tz//Df9A/+x7eV/9Xv/kb8RpWE/+e+y3/Tv/D1/3X9sfflrJn/VP/Tf/Dr/1a9x7x/7h3+N3/KP2Pmd/7E/6Y8c/UX/06+fvvjWb/nme7/e7/7L/+s/7tf9DX7PX/dnfo3mYXPxP/2KP675H369f/NXf+/0X773f/wL/9Qv//N/91/nD976vf+QX2//H/lN/r0/6Hf73Y5/s9/oD/67dn6/3/Xd7/mb/Wu/TvpbPfkN//Zf8w/5zX4tymz9rn/RH/x3/WO/yR//m1Fm7/f8HX6rv/DX+NtOHv5Ov/av/Yf92t/9w76c/vm/03/3f/6hL5//o//2P/+H/Bq/0z/y6Z/2D3/6Ox3/dk9/rd/1b/oX/9y/6vf85Nd59uNbv8aP/Ut/8P/8d//fJz/2p/1Bh//Yr/1v/3G/9sP/7Nd++Hf9o7/2m1/rsz/tD/4dfrtf67f47/7gh4//oMOtJ7/dX/Vr/VE/8Wv+1lt/2Kd/2h/6U3/RH3TwR/0Gv/1v8Hv+pn/YP/LlH/Zr/fazX/N3ffpr/bZ/2K/5m/5Wv9Z//2/92v9j+2v/Jf/193fm/8jfv538R3/377nza05+q+t/9bc8/dcfPv9Hfttf59f88fmv+Wv/C7/mb7z1l/xuf9Uf/Gv8Zn/QX/7yD/4Vv8Gv8dv/V58/Gf1Df+Df9h/9nlv/6F/1xz35tf6n7Hf+mX/k0z/qH0r+q+Nf8Dv99pRg/E+2/vjf88//TX/jf+T3+z1+1z/0j/qnfu3fYfVr/nq//C/6Pf693+rX/It+zY/+gD/pv3j5e/6CX+P41/6N/sPtnd/193jz6/1av9uv9+hPOvmt/5M/9N/9l/7R7b/qH777j/1DxeLZJ3/Zb/67fvvX+PO2ju//SX/4cv9f2G9/z9/mN/g9f71ffry1+oNG3/6//6A/93/6iz/a+rV+5//uH/qtnv/Dv/tf9af+hn/WH/QfFE9+y9/ot/ze3/0PffTtP+Sj/+DX/h9/tz/mwT/8pz/8z/+xv6R88pv9c3/w1h/0k7/e3/bko1/ny1/jD/s1f83ZP/zqN/+Htma/5m//x/0lj17+Mb/Hr/lHffKH/0kff/pHJr/RH/wL9v+g3/iP+jV+59/o1/wd/raTX+c3+MP+8Dd/6G/0j3zn7l/y573c+sf/j7/6d/4rn/8Ov8Y/9jv91v/bk7/8N/uDfo2/7+x3/I9+z0+2/pFf/+Xv+Tv+a7/mJ3/bP7T97/3ev+G/9Q//1v/Zr/3b/D1/6G/z7tf6dX6D5Dv3v/9r/0bHv+4/8/v8rr/R8e82+zV/7fkfOvlFv8Gv/af92r/96vh3+ed+zd/09/yD73//H/rx+e/+O//yP/Q3KP/R5Pnxb/nrnvwWf/4/9+vN/6Ff99f5h3/33+7P+a3/9D/u+E/5jf6H3+oPeLP+Q3+355Pfb+/412j/0O///Sfpt//vf/XXevMn3Pu9f5tf++mv8eTp06d/2X/2h/xlv9nL0z/o/tbxJ6/+oN/2b3qy+K1e/DW/57/7U//Uv/xX/ev/0XH7ex7+VWf3f7c/7Hf5y//g3+w3O/7t/zbiqD/7t5gd//NP/5Bf53/6PX/Hf+7X++Sv+jW+9Sf9Q8nve3z5H/wh//4f8A9Nf98/aOf/+Ed+0z/rL/+Nvv2PfvztP/jXK/+RX9j+Z7/THzRbbf3av/7f/Lv9FbNf8+P/6R/6Dd8d/9b/1B88/Zlf68d+g1/7x/66X/s3/32f/GaPT37LP+pPffHn/aN/3u5f8Dv8dn/wb/fb/WfpP/PnH/89n/+af86/+n/93f/QL/z2P/I7/QF/2e/+b538Qb/kH63++OQXjv60e7/bn7n8l/6UR6Pf89d/+uv8ZPtP/Xq/z8nub/bP/fN/32/4a/5Hv/BP/c3/+N/of/0rqr1f+/Bv+rWfjn7Pw4N/7dctf80/fv57Pv9r8t/1t/q1ftOtf+h3nf/fv87v8Jv9Wr/V/Pf7Dd/8mg//oF/74T/2B+198Q/9BX/AP7T9l/3Dv+mv88f8Jn/Z73n0z/2hyfwf+uxnjj9q/9Afe/5r/qYv/+BHf9vp7u99cv/XmB7+T3/QL/jj/ox/4R/7PX+rP+uP/K3+sT/q1//v/qFfb/TH/O6/96/1681/v9/ur0t/23/u1xz9H//hL/6t/p1fPP9HDn+n/yz9e37PX/qP/7a/4f/0u/ziX+cfORz9fr/N//Zr/VG/2T++8+a3X774TfZ+t3/jJ3+7f+zV1r/2B85+3b1/6h89/tt+85O/7if+0H/o1/3D/66/oDr/9v92/Icu/7et3/pv+4P/pMlP/a7/0p/06/2+v9b8P/6DvvrOr/HbfvsP2vsFf8iv9fjX+m2O/qHf/M/7NX+dP+CfvPvb/aN/0r/1h/xaf/c/8pv+d//Ij/1D/9DjX+cf/q1+t1/zLxl957eAifgv9v6y3+03+amTw9/gD/qdnn75L/57d37Bb3T+W/17T36zd//3H/Tr/3Z/8I+N/opf/zf6NX/b3+nX+l1f/iNbf9av9Vvu/8Q/Pfpj/tLJn/z9333yi3+n/+wf/nP+ud929If81n//P3n4Z/0av+3v9g+N/rR/5j//jX7tx/PTv/qP+m+qv+zXHd350/6oX+M3+LV/o3/yV/3yP/XP+Nf+8z/+0U/+9b/NP7/8P37t3+pvevI7P/61ftM/79f4i/+0f+jXffcP/UP//r/96/1nf+2P/Xd/9m/+6/zBv95f82v+r/f/oUd/wB/64N/6o3/r3+4P3f6NniT/xx/y8d/1j/2a/9I/8qg8+bV/uz/5t/ub/vUX+7/mb/jr/Jq/1V/1j/zK7d/2j/mL/pHf7nf69f6C/+C//suKO7/eX/cHfXTn9/xd/7tf43db/Vq/7V/17/+iO3/oaPYP/0OfJn/JL/mFp7/wz/kfHk/+kv/81/l9/+g/7qO/49f4+Hf6R37qN/v8n33yG1f1t3/nX/Vf7P92v8793+Af+vX/oF/zx17+Q78g/Sd+m3/s3374j/2RL0b/9z/zov3uR7/b8Y+//IN+h9/o+Hf4fY9/7T/pH/1X/4w/7OP/4x/52/6dX+vyN/hjLn8q/Q3/rH/uxc/8w//U//QP/07f/j13/6Tjg/bXuP/tP+gX/He/5i//r36jf+ffOf5j/7pf49f7df6gX6v8g3+tP2/8m/5Ff/CrP2ty8O/9x7/L/1H803/dH/n9P/n1Z//YH/kP//u/zuR3+H1/5t3/8Jf+Fn/Vb/g/Hf8av9Gv+dE/9tO/aPQ//HXtP/7dn/l1f+LX/d3/6jt/6KPf7A/5tf6y49/1b/s9f8M/6Tf/J/7wP+jX+a3+kd/td3ty9bv+M//o0b/84N/7x+6Vf9Bv/r/9rr/so9/z1/wD/sk//92T3+nf+jV/0//p9/wd/q1/+Ldv/8jf6tf4tX6L3/gPOvn9vvvgP/szf+z5k1/j9zz+51Z/9q/13/3B/8K/9Qf9Rn/Wf/QL/rzf8zf8837PP/0H/8xv/fjX+nV/o1/zt/yj/rJP93/tf6D8TX+Hl3/Q3/MP/9Z/yb/+W//Fv+7//T/833d+0Wd/3O84+fR452d+zXc/8Qftjf6wv+4fqf6Pf6H6qT/s1/59/75f8M989Yf+Jv/F8a/9T/1D27/V7/23/Gt/cPJb/XG/VfuXffStj/7NP+Zv/Jntv+zX/6d+jV/2a/1D6ezX/3X+qx9LX/6e/8L/8Ef/rn/VH/w7/FN/7j/8P/8mf+D65N87/QU//vQP+TV+u//249/sH/6DT4//4L/s1/ix58d/0r9V/vJ/7ovfbvWH/Ft/9T9a/Wb/6J8x+jV+63/uD/5tfuc/7yGZjB+M/6Nf+FO/xT/9J/3Mb/wX/fhvdPw7/gb/+B+S/la/zZ/553zvf/pP/tN/4z/6P/72f/h3+NP+oN/jX/qHk/+o+AV/26/5u49+jV/9W/0jv/H/9Af/7n/dr/+X/MV/3Ge/1T/8P/12v2b6W/0a27/vcfKP/TZ/0T/0a6Zb/9Bv+ov+oN/vv/g1f+e/6ONf68Ev+rP//T/3N/yL/rnf6nf/R369P+DXSH+zP/jyP/mrf6M/6tfY/rf+7z8k+33/4K/+43/4L/ujf8/f8Df4h36X3/P429/6g+/+Vn/oo7/o1/z4f7vz+y5+4lv/4W99+u/8o//3P/7rP/qt/52/5/hv/od/9z/4t1r9w7/o9Df4Q/+1/+V7f9y/+Nf9Od/5Z3/y5PA3q367f/8f+bFf4x8affTk6f6/9s//On/w7/7b/U9//vY/89v+e//Cb/vPff47/Ut/yBf/7Z/0yW/3j/yN/8Kv+euvfo3fauv33PuT/pHf5H/6NX/J7v7v9l/9I//Mb/Sffe+f/zd/4W/3B/9Wv9nxb/g7/Zp/8R/3m//YX3aclP/oL/jT/uHf5Ne5N/l9f8/f5Zf/Glt/00/9Nn/ZX/Uo/bV+q+dP/uG/4U/9L/+Qv/Ef/tt//UcPf/nJx7/5b/EH/5b/9G/1B//6f9gf/Hus/6FHP/3Lf+oP+xd/j9Xf/H/+9O99+q/947/Wb/aP/Lr/2u/5W/9Vv+fu1ovVH/YbrI+Pf8Hjr/697Cd+8R/wW/6G/9WT3/Xf+7N+x3/ob/hv/qX/+/f8HVfHv+mv8+J3/z3/o9/2937y5d/2a/34X/Zr/To/+Ic++r2fPHkyGq0Wf96v+9v85n/AxW/4f/yl9x/Wv9X+73n0ya/xW81+jd/qP/tHfsv/4w/+NX7PX5PyCb/Zn/eP/l1/dv3mV/2H/+Hf8fn/9gv/nQf/51/49OM/+ceepn/M7/D0v/uf13/V/b/h83/zW/f+vldP/6LjX/Dm+Hf+2/7g32Lrxcvf/PTk9Nf6F/6tf/vhy79j57M/9Md+zz/kd/3t/tDd/+qP/l0Pnvzub/6R3/A3+DX+uacnv8Z/9w/9wr/sD/kHdn/N3/K/+4Ou8r/oN/+t/uEXoydls/27/W9/47/+Hzz5td/9Q79b+Q//7r/T7/zb/+bf+Y1+jT/o37z8tX6r3+D33Prlv8av/4f9IXf+p9/z13j8Lx/+Xb/Gk9/jH23/xX//+G/9X3787/nbn/yBf+P/9uK/+9+/dfzr/2//yP4f9Btc/S5P//B/+e69X+fTWfF/v/yFf9Hvefi7/UM/9tcd/46/2ZP/7F/6LX73snz3z/4hv8W3f42P/6p/6Dc+ePdb/Ft/aPqDf/PX+7t+z1/jvyLp+kN+8+fHv8bv+4c+/Pt+z9/1j3ryazz/h3+93+k/+i1HT7717/1BFw//p9/sr/o1f62f/EN+m5/5hx+mf8Vv8/v8R//C4g+9/1//i7/bX/cH/Ub/1W/0L/5pf1Ay+z1/vf/sycf/2ZMvm3/ot/z2rzn6o/7Vh7/xf/L3/NcvfuZ/+jf/vS/+s1/5V+x978v/7tf9jf7gV+WvW/06v+p4/j///le/6J/9Q/68g3/v1/srH/8jv+tv9mvcm/+hf8/f8Ws//td+91/730t+6z/r1/qtVn8IeSu/yb/2hz76xX/mb/g3/UO/Xvl7/hZ/1h/0Y+U/8puU//zv9K/9lb/Wn3fy2e/0F/1u3/61dn6Nk1/w7/1Dz3/9P/h3+HX+3r98/at+rX/0N/u1ft8/6Hf5/f6dv+DTf+g3PPkTs61f4zf95f/3H/SXNr/nePZ7fvkrj3+zl//Vwe7+w9/63/nWH1j90j/6b/wv/6+HP/OP/dZ/7NU/+r9/6/Sf/se/dfXP/ubjX7z7zzz8c+//e3/wryh/x3t/3l/1vz/9vf+6n/n2Xz36h37nP+Iv+dbLP+jXePkP/eCP++f+rt/41/gN/7Vf+Tv9U7/PX/7v/No//uv8wb/bX/aP/CZ/3+/z4//eP0rO7G/2L/1xf/PeP/wb/0cnv0X5D/3C/+O/+93f/Z6/67/0B/82W3/QL/iTfs+/5L/9536b/T/o7/qrfq3fcvYP/ab//H/6j3/7Dzn44/+4//LZ1Zu/uP6r/t3f8R/5Jf/nX/Xn/kP/+9/wO/85O3/fs+aX/06/5Oqv/y3+sPv/3K/1u/8Bf9joza9z7+nT6h/6r//Ef/EX/FF/1eTbR//k7/o7/SO/4erXevD7/OY/89v9vg/+tj/3t/3P/4df+Pf9nr/G/h/y6/1m/8Hv9mf9Q7/7//Rr/lbf/jXIxv0mf9Pf/e/+63/27/b7/t9/CH30T/7Vv8a//xf9I8kf9Qf9xv/R8S//a36N3+R3+m+/+yt/z49Xf9A/Xv5au3/0P/f3/OF/z6/89U7+y1/rZ37mT3r+V977RX9P9g/9Zn/d9//0/7ze/tX3/4Df8Pf4Z/7l3+Kndn6N/T/qp45Hv+6Dv+w33f/L/tDHf9ToeOvF3/+v/bGP/73j3+7X+Ed/vdEf8sf+py9+y89OfsuzP/kv2froz/t1f81/cPGP/J7/xr/5m/1bP3j37/73f/rv+Mmf93/8Yx/9lr/Gr/ntX+Nb6Z/0u/5jf/DOr/GH/VpPfou/6zf4337t8jf5TX/8V/x367/2V/51/8Hf+2v+j3/O/t988Tf+B//oH/Cb/anPd1/9Z9mf+sf9+O/6J+z/5n/AH3X/YuvP+D+bX/VbnD//s+8V48N/49Wf/bdM/8m/4l/+5Q//1X/718r/7z9p++Qn/vj/8m/76f/+z/tF/+nf8Zv+un/b83/hr/mNf+Or+7/TH/qb/DN/3k/8KTsf/99/8m/4R/773zr6xf/Gf/Zv/71X/+Lv+zO/6k/5b/6IrWd/7ujf/tV/yrdf/Xa/1n/8Z935c8//+F/jt34yf/5n/yV7P/1b/cE/8Wv/kb/db/Fn/BN/xp//vR/8S7/ZP/OP/OG/5X+R/rn/wP5v9Gf8z9//x/6Y33b33/hvf5t/7j/4y5/8gj/l4Omv3pn+03/0aPwb/T5/09/yn//Nf+Hfe/Wb/u3F69/+3p/72fX/+Df8r3/in/931b/kr/zie3/Eb/T7/AvFP/PXLfL/6ct/92/J/7W/6qvmvyj/nOX1X/pr/U3vPv2H/oI/+um/+N/9+3/rf/lr/dI/dfkfPvlbf+9/7R87/ex//+LTd//R3nf+/N/kT/jeH/EH/z5/3k/8en/487/ve7/nj/1Of8T/NPu1vpf+Q3/Jb/Ub/EfzH/8tfqfVwR/2pz75c/6A3/Uv/WP/np94+9f/Mb/dPzP/g/6A3/t/e/KH/85/2fwf+8P+j1/v99z9237w6/1Bf9Sv+5se/Nn/xP/92//0n/BP/9V/V5q/+i8e/Jn/yK/6Iz/+XX/Jv/JX/9m/8Ppf+bE//M+t/5K/4Q/9Tf66O7/+P/3Tf8Zf/ev9ln/6n/cn/5O/+8W/tPWbfvR3/lt/z3/5C/63f+2Pm/8e/9u/89dWv/af9hv83n/Ar/m7/bl/7bO//C/4a36fv+jX/t3/iK3Zr/Ub/tv/23/8R47/o9/gx3+jX/BbvMz+qN/509/uD/p1f8vxX/1f/ilX/8PD//J3+r3/p7/3r/oFv83vvfNr/Wa/0V/yd/9Dv/Zv+eLe9o9/MftrL37t3/Pgr/5XP0//9D/vV/zCP7P+Hf6EX/h8J/uD/sbVn/Eff+d3f/t//cW/8Hf+r/6sf/uf/jfu/Ol/+2/9V/xV/8ovKv7a3+T/Ovv4d/7pP+03+AN+7V/8Lxz/ol/jf/v1/qt/4w//Y/6e3/Wv/aOru//7f/E7/h2/8Pg///S/+sG/Mv7z/6p/7Pf5J377X+s3+Yl/9Lf73q/33/+6f8j4X3n5h/4hv+m3/qS/9Df7df+3fyn9v3+NO8l//Bf/Znfe/E/pH/UbXv5df9kf9dFv8av+kd/g1S/7iz7/HZp3f1f6W/+W5b/2j/391f/c/LG/5Y9t/aK/4tF/df7Vn/JP/dSf/mMXH/8nsz/kn/yz679l8lf8Do9/n//hT/4d5n9R8V/8WdM/+1d9/m/nf+Sj/+kv/C//lT/4v/gn53/lL/n0N/z8x/f+2+/9tn/T//WP/OG/5j+2+of/gl/4j239m39/9Qt+cP5b/oLf4K/6I37n2Z/z+/3T//b1n/4X/2G/4f3yF+Uvf4PzP+of/ZN+/Nf5zf+z3/LOb/UH/GN/6O968GO/1h/66/1Ov8/f9yf/Gn/Ib/CP/Np/1I//yv/o1/q9/pI/+Nf8nX7Jt/6jf+zX/vHf+7f7Pf/U3/N/+LG/4o8+/X13/uHf4MVv8nef/Pn/zb9V/Bf/efpH/jW/4i/88V/05//Rv/2v99f8qrd/xl/xFz77I377f+CP+FP+9b98+hcd/V8PZ3/u5X/93b/s9//p//ovPPrd/60/+P/+w6/+hb/729v/3ckf+kf9/b9857/5L/6S//aL//ZP/M3W/8w//U//Ob/uv/J7/E2/Xf7bpOlv9Humf8D0l376H+38YX/au+9snfyJv+FP/6s//pv+m7/Gr/8b/fJf8w+dffvHf/t/+y/69T/75/7h3+Duu9/1t/7lf9XT/d/sz/qHyn/tD/r1T36DX+t3/p/+4L/ht/qJb/3Yb/Xb/Vq/5l/zt/0a63/q1/7B3/zJiz+5fnXvz3n6B/2ao+/9QXf/tj/0D/krf+v//tvf/h2/8z//Bb/2bzz73/6lP/LT7C9Y/tJf93f7Xf+vf+Z3+M5/9Gv9bv/D7ke/cvYv/oLf7QfPHvw9n/8O/1Px1/6u428//c1+t7/oD7uz/oNe/Bt/159y96/5Xf/Y0V/05JeWf9Hv8js+/kW/4R/4p/3Hv+Wf9Gs//V1/hz/4N/0//+4/9Hf5ZX/Qr/l7/PLd37T5s378d/yD3/xF+3/Jn/zH/fq/2z/6O/3Yv/b5p3/JX/wHPfmN/uFf+3/8v3+DP+Lpf/bL/vAnq+Mf+9d/n9/z8M/4XX+T3/p/+ScePPhVf/LqT9n/LWf7f+jnf/sf+3v+On/OH/wb/Q9v/srv/CM//e/s/iW/xW/9V/3Xv94vPPyXf5N/5c86/9O2H5782Hf+oD/kd/v05W/6d/5tf/n2v/+//Tbf+w+av/p//YO+fPtv/7f/xK/3X/xDP/at8i8/+41+7/x/+kd+199w/y968hv/0v/qHz/4t/+A3zD7p/7jX+e3Tv/g3+HX+Mk/OPmZf+TP/63/qc8ff+sf+k1/6W/wUfNP/xp/5P4v+DV+k1/y5/z47/Br/vl/wP7/9Wf9cbM/6aPf6Bf8V89+6d/zi36T3/g3Ov6x7xa/3v3/6Cf+tC//kL/l23/73/pbfvEn/cO/ye///Mc/+WvLX2//r/pd/9H/5r9b/RlPfvXv+q/NJv/yH/g7ffv3/pd+z3/43/2ndpKtf+iffPNP/mH/4m/7Z9z5M/7XP+8f/ex/2v1jf+pf+Jd/49/7v/uDfsP5n/Tr/t/3fu+/+otfb/8vvfsv/Gb/0G/2r/wav+Yv/RX/ya//T/xvf/jvdPQH/8G/61/0h/wmX/1v/9jv8J/9Ry8e/kU//gv+1//s1z84+j1/zV/3X/s1fsf/mzr7tb/zJz75c05+lz/qr/s1P/7r/o07v/n573rwz/9B/+TOP/Mf/9N/7P/wR1z+nd/Kf68/c/c3vt75o36j2d/1z/zNv9+dZ/lfvvMLD/+1P/qL33vyW/6+v9Y//dv/kfNf83f5By5+07/jL/rdt/+rsz/xd3/5y3/jv+3Nf/bs3zz593+zZ3/xb/Rf7f+vv8s/+y8n/8fjX/PXv/9//QG/9J84+Ec++RPS3yj789Jf95/+009+nz/7e3/I7/AbfPTr/Nif9Gv8Je9+jV/n9/z16j/5f/+9/4Df8zct/qmn3/qHfu2/4t4f/Lsd/K5/0OX/8eO/1r/3ex7/afW73/vP+cd+o4/3v1c+/73/l1d/41918rf8zMNf72r5j/7pd/752bt/YfoX/MQf83//Lz/+O/9fJ7/gt5j/uv/bH/NTf+Kq+Oef/Y+/xu//a/xRd/7kX/NP+xt+3//ib/n1f7+/6/f8g/6s673Hv+fvcPrb/W5/2z/x+/1b//Bv8ze++8d//Jev/pAv/7zf8zf5p7/6G36n7/xJv2n68i/6jf/I3/PX+ejdb/ZH/K5/1a/x6/9+f9Xxp7/N2W+6/etQHvb5H/Hr/MWrH/tty7/o0z/qr/pTX/8n//hv+yv/gd/27F/6W//9n8n+kz//l//xT36t3+I3+zV+69/gD/jjX/wtf+hv/0t+1b/8z/0Zf/hf9lNP/tPrf+1v+s93/61/+Nf4C/6oX/Rrvvrf/rmn6V9y/1cdzH7ts9/g1/r4r1j90U/LP2h78at+rV/8F/yiv//s23/Ab/Xm93l5+Nc9/St3/qJf69f6w771j/+m/9a/9Gtlf9J/8lv/bu/+8R978Rf9J9/9y/6Av/vO7/2P/g5vst/v1/4/n//O//hv0Px2/9if92v8mn/bH/wb/jH/0l/5e/zD2Xf/7+Zv+4coc/trfvxb/KVHv9Vv9Zf/Dl/9PX/Ll7/3X/Vbjv/BP+zzf/Xlr/9r/gb/0K/7X/82/+hv+++kf8TBH3LxyZ//t/+q3+XJ3/of/15/VfZb/S4fnfyOX37nP/y1/pC/6Q/+jf7WP+DX/p//g39o/0/9A/6wf+p/Pv6tfs3f4A/6zf+CP/mPevq7/cf/9OjX+OW/26O/7/D53/aX/s6/4b/1+tf/Lf64P+aL3zKhZPAf9ju8/EV/2G/5e/99/9pfcfS3/07f/ot/rae/2R/ya/w3q39i9L/+Zb/O7z87/q3Tz3+jj978w3/oT/5Bv/Z/0fzln++Nf40/+jf+n37Pxa/xU3/Q5X+V/+X5b1r8Gf/Q7/qX//N7f+1vNP/t8t/hO3/SP/Qb/l3pr/mtP+n4x+79zO+w/4/9x//In1X+ldf/7b//J9z/R37iN5n9nn/47/AH/8F/yG/+W/zLf9gfePHH/VrHL3+NX29n9Wv+1r/vX/RbvPvj/4hf7xf8mZd/3t/5f/8Bv8ny7B/53f+v6R//b/+f09/h754++/Wflb/+/Sf/0W/7rf/o1/qt/4o/9g/9Lf+gf+df+8v+jF/7N/ndVr/+u9/zn/+Ff8pf8Ed8+if9rv/En/LoL/2df53/7Tu/36/47f+pP/uT3/O3OP4N/tHdf+wf/o0/+e//s0f/2q/6VX/S3g/+souPP/mj/pnf4Plv99H//Efu/Aa/54/9Lat/4l/7iT/pdz78J5/+Xv/a7/nnPP9nv/87/3rpye9EOdHf4m9Zvf5tR//If/DT5LX/L3/RH/RrbP0Bv/4f9xf9kb/LP/xr/kvz3/sf+c1/h/k/9uP3/6xf54/7r/Pf5vG/ffYv/1l/8W/87/+yf+g3+80v/tF/8PlfnDz9237X3+jbf9Bvtbf81179Qb/Ov/Nr/OYf/cb//t/xl/0OP/j1//0/6y9+9Kf9Jb/DH/MHJ39X+lv8LX/wv/n8T/wvkl//N/7zfteHf93T3/HP+ot/p8n8fz3/6G+e/BH/1R/wn3zrH3jxO/3f/9iv+dvPjn+NX+cv+vX/rvTXnrz8Z/61//jT/+x3/Xd+vz/kO3/d05/6mX/6t/9r/rLv/J7Vb/XRH/xb/kG/64/9Kb/nr31w/Bt/+/gv+Pfu/C5/yZ/0u/wBv+dv9r/8wb/L//Xt3+zyN/6dfqs/+Fe++Y9+3f/tP/q1/q9/9Lf97f6i3+mX/mW/07/wX/52R//Mb/+P/HHp7/YX/c5/wx/yyX/0V/7G/80/9J/8Qf/Rr/3m+Nf6Tcbf+n3Pf4fn/9Wnf9XxL/hHjn/7g//xd/k1/tDfcJ7+Dv/F8e/wB/wJv2C89Ye+S3/D/+wv/h32fs1f/+Li1/y9frNf+B/9hsV/9smv+/t/9MmfMv1d/te/+Jf9Lb/nr/G//xrJ5G/6r3+3P+C3ebr8I/6o8cd/yenv/W/8sb/Dn/YXU5T+P/5ds9/q7/o1ktFf/B8c/Mdf/gGjv/vXO/9N/5N/+i/4A9I/+Zcf/2Y7v/6f/Ov8R7/un/Uv/AcfHf/Yv/Av/QvP/qXf9l/Y+S3/7//kX/q/L8u7v87f/Mlv9mv+1n/E7/nb/WW/52/68tf8NX/sD/ot/rPj3+nf+o+/+7//Zr/+P/hr/2Xlb/in/zb/0d7yH/qd/qZf83fc+/X/pL/mP/q1fr8/6Lf80/6i3/n8H/5tf7s/7Df6V/+5fOdfvp5f/LOPdp//IX/Sb/Sn/cP/7d/x9L+e/08/dvAX/ZYvfuLXeP67/oZ/S/qn/nl/8bt3/9If9Vf9Wn/G7A/+NX6dXyP533761x4d/7p7v0by8tf8Df6uP+avffEf/Tb/ze/5G/5fv/B3+Zv+4l/vd/qP/+6/7A/+C/+rv/g3/pf+oF/jN/uLfzOsH/4av/Fv8wc8+jWq/+z3/vUfnf/B/+0/8gf/JX/PH/Jr/ll/8da/87v+mvPt3/kvOPkdf4d/6fCf+Yd/27/rzq81f/Z7/TX/6B/58tf4BU+//M3/gDT5Zf/wb5eNf8etP+hX7j39J3+LP+nXePbi1/+N/5fr2T/xb/9W/8tf/of9Jb/2r/M3b/1Bf/X//n+Tfbn3H/2mP/iPftNf5y/6Y/+1j//S8vT3/tP+x9/zZ17+Gr/FH/RjP5X+2Ke/56/7Py1/99/9f/wtj7Lf8S/5j36tf++P+a3+q1/j1/4v/qLk//r1fsdfkP4O/9Dv+WtdPv81Hj39Td/8nr/Wv/bxP/sPzH6bf+d3/ff/vv/0W3/WH3LnH/k1/5p/LPutto53/4of/6lf+l/8du0n7/6sP/jgr3k6/zN+zV9Q/6Lf+F95tf3PZ3/hzj+1+rt+jf/yr/hr/9g/a3L9G+39aX/Y/3D5R/xhj2anD/6849/5b/k9/7nn//Fv+helv9UP/qDPfq8/+Tds/+eP7v0pvwZFkfv/yh/3V/0ayX/0+ne/Tn/rp//wb/XwL/r1/5e/9Td/M/q7j45/82+lv+kf8Xse/9e/Z/JP/67Jr/iDf+vVr/Gb/2H/8G/zN1E09kf9xr/G8a/7LLv6B37tsxf/9H/53/0pv/3Or3nx5/3Dv+Nf+w/9zn/Rzu/yf/9lf/GvM/6HfrPf6B/+O/+j/+g3+tf+qeSPy36D3+z4d/5D/tHxn/xX/K+fJv/QbzI7/2P+y7v/2h989L0/9Tf83/+h9MmvefbFX/wb/0W/52/9f/2ef89k59d7u/3b/l//0c5f/B/9pn/Wr5H8QX/w7/Kr01/7B//Qb/UX0e//0L/26vf8zX+r//i3fPd7/nb/2u/56/5v//Cf/5/8rtu/4h/+T9/9R7/NL/2Lf///4V/7jX+b//Hg8d/2lz768qd+o/rjP+/XvPhX/uLf+Jf/Rb/e3/EX/Vr/0q/5O/5Rf9Cv9e73TH6jv/E3/Lf+ot/wo/F/8t/9nr/dP/IX/dr/Svn53zr6ff6B3/Kf/ZP+s9/uT/pdj//X2b/zu/1Fv+lf8Bf9pnu/9tn6J55P/6bf8uDX+MmT3/W3/QP+9F/7L0p/7b1f496f8Lf9pv/7H7Bz79f4rX/qD/jX3vx3v8Gf8sf+Or/bf/Sb/SO/56/5v/zFv9af99f+en/Fzq/xr/0av9m/kP6rv8F//j/932n6G/8jf9GLR+vf/i/6Z8ZV/lf8dce/1i/IfuPv/EG/y3/2H/3mv9Hv+pv8TemrP/Av+q1+kz/xl/5N/9Bv8zf86b/G3/a3fu/3+aN+yz/wo3/o8i/Z+t3+5OM/6m/73Ra/4sfe/C+/11/4e/62f/cf8JN39n7bX+c/+mrxt//6y19ByP36v9blRw//oF/v7/qPfptvZ7/Ri//+P/nPfs/f9Df5XX+Lf+Qf+rHf4/g3+Tf+oN/lb/qDf50/4tf4zdrs1b3FH/9L/6Lf9l/5g37DP27v9/lz/ojf/g/4K7/3z27/lr9N+hut/qJf7+gP/nX+oX/6N/l70ld/5fqXbv3Wv98f/7v+Rs9+zd/yT/hDDx9+9Zc+/q1/4eV//Q/9TSe/0x/2X3zr3l/88V/xB/8bW3/Qj73403/t7/zJv/Zf8Af9bn9/+9Ev/j1/jfov/i3r3/XX/gP+9l9/60/57o//Gb/hH/Ef/Qb/xB+w/CN/r3/8J3/Zb/buD/i7/9f0d/nOX/Sb/N9/2e/5G/8rf1H+G/7nT/7Nf+rXfvlrnrUf/Tef/tjZ0/1PftGf9Gv8EX/Qb/Lf/EW/2a/1Z/7GP/iLf6u/6Vv/6qd//W/7X/2Tv+kvTH/jP+wP/jsel6//3H/+v5n9I1t/Sv63/tL/qvjt/qDf/d1f9jv/Zr/rb3TwB/+W/8ZP/u6Hf/Bnv+i3Ti6/ev6L08Wv+af95MP017780y//0T9g+V9fLn//7Df6yd/yN/67/qNf69v/0W/zC46zv+z3zP/Aty//sP/17/ylv+dvuvoDLv+9j/+bf+fX/DN/o9/i3V/1H3/666Q/8Tv8o7/Jf/fL6z/4j335+14++eg3af/1v+gfXf6l3/tDl3/aX/S//u4v/qd/8G/6w37Nv+I//pkf/BH//Cz7ew6y7xZ/0mef7P22/9qf8ZN/7f7kL/yLfuX//g/9k7/bH/Trv/kDfqM/6e/8Q37/v/g3+cl/9e/6V9Lf5Bf+Ab/WX/cP/TX/2x/+r/56f/hv/J1/+A/7/uXe//0s+3XWf+ij+T9957/7W/7SX+MPTcZf/MaPf9fq31r/8X/dt/6T3+AfTx4f/MZ/RPprbv3Fv90/9Jf9fr/5v/L5T/ybi3b+nb/iL/4D/9Q//Fv/1l/3a/8t/9Bv9eYPuix+26T+XX+rvd/zDy7u/1bf+Vv+mH80/av3/rDf8L/6l/6Qe//rr/Gb/8O/2a/xD/+dO/v/6t/0x/yrB3/9b/XTv2vzY//4b/ebHP/Yv7Q4/4v/4z/8N/5Tfsc/6S/+/f6q3/P4V/yev+1H/8If9skf9uo3/beTX/oP/aH/+h/wG/xTz/+zT3/Fr/M//7Z/2u/3J/82v9df8+7yL/kHfrtfZ/dv/i1/Yr74Ux9ml7/uX/Tb/WH/ye+y9Wv+5r/8P3r3yd/1h3z5B/3jv9E//Nv9wl/jN/wr/vTv/7u/7d/13/yRv/S/+4do6eLX+g3S+e/7R//4H/9P/t7/3Z/ye/02f9Bv9o+kq9/1L/qT/vpf4zf5TR7+Gb/rP/Rb/27/2B/6a2a/wf/9L/0BV/9F/vn9X3T+4rd9/H9/8ltmf/Pnf9J/9nsvJ3/W7/J7/c6/2X/88b/8a/zGv93dH//qd/0tPvpd//N/5p87/B9+z1/r2+mf/sn/9hv8Cf/Qb/av/Z6/3aPf+8/4d//M+d/8a/wm/8of8Gv9J//Qb5lkv/i3fjH/u05+/z/yF/7M7/Wb/fKt3/XX/CN+z+Q/+o+az979Wt85fvKtf+03/ehf+G1+8G/9ob/xH/zr/w1nv9fO2//1/PN/9vzs7q/7m397/k//mf/MX//v/Qm/9m9y/D8e/lWTT/6Ql7/nX/EX3/38Xzic/cV3D3+Nf///+Lt+u9/g1/iNf/kf8Bv9Db/nn/7dP/vX+rP+pd/uX/kVv/64ffVv/3a/yX/0eyZ/1z/0p+a/6y/5a/7j3/Wf/lN+/Pjuf3zwr6R/7R/8W/xLf8Bv8K+lf81nf9dv9Qc8fDL6HX7D0e/Q/qu/xp/2Y7/Gb/lTv+kf8Z3f9u7f/vC3/HX/59/9D/qjfve/6w/9/f7vn/4jf8ff/H84/Dt+rS//ul/zr/wj/9XD3+Tp31L+tT/9V1Z/z9Zf9Bd88nf9Jr/811j9p3/An/0H/7G//x/3b/w2f9w//Jv9Eb/nSfvP/TV//G/x6C/Kfru/6z/9PX/PP/HFH/Zn/xbP/uC/pvyD//rtf+e3+Yv+7L/+P01/k9/u4W/xX9S/y991/Of+N7/ywf/wK//Xv+LTf/bpH/27z89+v3/s1/x1j/7F3/0v+vG/6+LX++T3S37Bf/QX/3v/Uvk7PPs1f/2X//Cf/hv/x7/5n/Yr/6o/8Q84+fHvJt/6237D/y1/+Vtd/1p/2e/za/zS5rf5p/6AX/NvO7vzV/ynf+6fnP9eyb+S/ra/56/x353/Rd/7d/+BX/J7J3/E7/lr/S1/0e+8k/12f8Qf/Nv9Ub/+b3n/J/7SHxz+9B/7a/3Dv+S//q/+ld/1t/pj/92Tf3Txl//S3/13+t3+2l/7r/g1f9321/11/7P/+K/+R8a/0f/68C/6Nf/jv/ns9/xNf8/f5Lf+y/6AX+v//j9+jd9w/O/+pb/s3/5P/4ff84979Hv+Nn/AX3Xyd/9af/if8Aef/3nZb/+X/Svjv/Iv/p1/t1/jtz568Psd/53/wGf/1m/3x/y+f8cv+7s//j9/4hf8X9/79X8iefkXf/43//J/5c/8bz75ff6nn/oz3/wnv8u/8t/93u1f9a2f+fxf+L9+12997zd4e/Fr/sb/yce/yXdGT/6G/+gvOPuPf4N3/9Fv8oN/7J/8Zb/7X5r/u7/dv/Yf/co/5j/+TXb+j9/ut/uHfofzv5jSp//XT/+X8z/vH3733/0tv/Zf8Rv/1uVf/Id+78/9F/743/U3fnL1G/xff+jv8Add/E8/8yf8M3/3v/r7/ff/++/+b/xef8XRb/ibLKrHv+nv9s9/9B/9C7/JX/bxv/HH/nblf/LvPvoDfq8/43f9h/+I3/Pv+GP/jj/vX/mPfpud/+g32KK44tf8BTu/5m/+r/1Dv1n6j/2Wf8ZP/a1/5K/xW/yXv/Vv+Xv/I//Xm1/rD//LXv1p5ePf6a/6Q/7y//vvev1jz37N3/rxH/y3b//U35Ef/lu/7M/+4p+//u3+jj/9t/+n/qHv/G2zv+LP+Tf+qN/9+vN/8zf8he3P/Jo/8zN/SXH9Sx8d/Cb/CoH+j367v+/X/i3/uV/5rzz6fe7+Gn9u/kf8I3/kp/e//dv9Qb/zX3H8y18e/6a/4Pv/8V/+e/52/8BP/Fq/xR/wW//rF1d/0j/87nf4e7733V/rp/+kv/ju3/qnFL/uL/1X/9V/+K/9v//g+b/3R5J789v9H//RH/b57/3H/wv/0G/y7tf4jf+ck1/wm/wmv/m3/6Pf7M2vkXz0a/5nf9Z/cvgHPZ0//gse/Df/3e/y7Nf8zX/BH/z3/P5/2r/7E//xb/6bZL/Nf/WHvfjB0z/zT7t4/Zs+nf85T/+93/4P+NbP/F+/+x/yV/7F/+P/+Uv+iv/2X/7v0//kZ/7Y7//13/ntVv/Rb/K33P+z/ra/59+b/9ijf+/X+yW/X/Lf/oF/yR/22/yev2Dr+Lv/2V/8tPmFH//fq5e/5H/5dd589hv+tye/4vN/5Hd9/Ef9dv/tv/rP/Sf/7PHv/If9B3/Wv/zVX/Rr/+f/8b9Fztkvufpr/uDf6A/7E3+HN08+/nfO5+0/9Tv8bb/b//BLPvrjfsFv+B//77/4r/hrP/p46w/+r//s/+Lv3P4Hij/31/vp/+mnfvpvPvr47/pD/7Y/PP/yD27+nke/z+/0Z/4+3/+3f8/kt/iTfot/J/tXfsl/9dv9bX/wL3tRfPxnHPzyX/KX0ELU53/ar/nX/uW//+/z4v/+ZX/uX/qL/tbf45f/hp/9nf/XX/yf/pJ/4H+989f8ZX/P33fxH/yRyb/0H/1m/81/9Jv9Q2e/3aj9pcvjxer8t/+3/uM/4y/4G//Sv+g/nv9Df/2v+hv/hb/215z8OX/LT/8zj37v139F+efcu/jXH239bT/53/+F/9gf+E/+wp/6+/6o3b/0n/jj/pn/6/iv/fYv+nf+iT/5dzvb+w2/+yf/Ofcvfue/ffvtr/fH/0e/1nf+p//7txn/Bv/oj//Gv9PB9st//n//ePznP17/recPv/c3/Wa/65M/+p/8s/70n0nWP/5g+U/9Wb/r4S/c+93+8b/mn/sTtg9/8hf9Dt/J07/0z/nP/63f/N/+J4t/8qO/4Je8/ZP/7Nd/9G/41//Nv/Uf+Rv923/b7/Pf/+9/w+/7B239cX/xwW+Z/M8vX/3G/87RX/Yb/mv/51//T7xK/+2/YfXJ7/Xn/zHPf8d/64/5A/7v9eLf+BWf/LvT3/mf/amjP/Z/+mR/9n8/+gt+6R/7x33vbf7rn17+r39M+Wffu/74z/8T/pQ/6Ft/3K/znd/oo7/uT/t7r/+S//af//N//8Pf/9f483/3n/oz/tm/Ye/ql/42/92/kv9Lf9H2P/4L/vQ//+/6t//Z6rt/5H/x3/3+B+f/zB/x7x//Yb/2v7y1/o8/+t/+nF/42/6q/+6P/v3/wT/n1/u/f5vpWfaX/Ua/17/wn/3jf97rv+HXPHh1+nv99f/Fv/+H/EZ/wp/2LzQ7/+zvNPuNX/9ld05/4uA/Tp/+O6N/9I/7o55c/bN/29/6ex7883/dt3+ft7/FX/wP/ft/2J/xR/+tX/5+//z+f/7R9/+1g5M//rv/5j/9G/zpb//9X/P3+Vd2dv6WN3/OH/qdr/6zv3jvP/8/fu3f/uRf+Mv+1H9z70/723783/xj/qL1v/YvX2/9Zj/27x7t/Pv/1lcHv/q//7f+0/N/9g/67f+z3+On/+7f7jf7NQ7/H7h65SyOWQAA" />
        <Entry handle="8" bytes="H4sIAAAAAAAEAO29B2AcSZYlJi9tynt/SvVK1+B0oQiAYBMk2JBAEOzBiM3mkuwdaUcjKasqgcplVmVdZhZAzO2dvPfee++999577733ujudTif33/8/XGZkAWz2zkrayZ4hgKrIHz9+fB8/Ij4/e3bwMHv5a/z2v8Y/9mv8Gr/m1vrXvfszyad/6G/62R/7Wz79U3673+vP+Z1f/cW/6+/zV//CP+Bv+tbF33V3+Q/uX/6TB7/kX/jsD/s3nvyx//6zP+U//73+7P/u//6//+9f49bP7/qrfp1f89f4NX7zX2OEP9Dnr/Hr/t/p7/YnzIq/YP7X/A3lf/sPrEb/Yrv4D9/9DX/mv/hrPfh7/7Q/9Hj0O/zx3/o1/6F/86d/jV/nH/4tf63f86//qb/+W79e+h/9AQ9/rV/jH/uTf4N/7Ys//sf+oH/44Nf4k36HP+zv+p1Gf+af+wv++7/2T/+b/tw/5W/7DX63X2f54z/1a63/qF/nD/jdf5PFrz/9Df+AX/+X/GEf/UF/yJ/+m/2Zd/7Q6k9JftPqO7/e4+/vv14v/sjmz/5zt/78j17/Gknyvbz4Nf7U3/0P+I3+yl/jr/5y/cf+4dm3/qbf7Nf/Nf/+36z4NZPFr/n87/01/tm9X/qP/cE//k/+OT89Lf/sv/jHf/2vft3/+OqvuPdv/hn/+L/z1//gf/yzf/w3/EP/wX/9J/6p/+Hf/ujf/alf5zf4v3+NX/tbv+vf/A/9Gr/duzf/23/1F/2Rf1PyD//u3/odRr949Sf9M3/Q01/0a239c7tbf9Ef/Pv/Wvf+/Os/+T/6Pf/QP/nj/2Tx3/1vv+KP/Pf/gef/7u/3F+3/xfUf9ofu7f15f9I/8kcU/9iv/Wv82v/KT/ziv/03/7V+u2Ln6Fvzv/o3/fIvv/Njf9gv/J/+if/oox/73Q9+/4Mfe/lrvfxDf63f4H/5o/6i3+4f+p1+o9/nN/hjn+z86skf/M+u/+C/btb8tXd/vTd/zU826fpv/m3/id/s7/jx32H293/+d/1N//E/Onrya/wah/8PCExgB/ABAAA=" />
        <Entry handle="7" bytes="H4sIAAAAAAAEAO29B2AcSZYlJi9tynt/SvVK1+B0oQiAYBMk2JBAEOzBiM3mkuwdaUcjKasqgcplVmVdZhZAzO2dvPfee++999577733ujudTif33/8/XGZkAWz2zkrayZ4hgKrIHz9+fB8/Ij4/e3bwMCt/jT/g1/iVv8av8eiX/hMnf/S/9vRP/g+O/5B/5jt/8r///M/6737PP/4/+uwP/1ce/SH/0vM/+79+9Ev/6ed/1n9x9Ef824/+qH/7+I/7tx/9Yf/K7/lH/1tf/fn/3U/8+f/9oz/i3/6JP/u/ePMX/y+/95//33z15/83j//Y//j3+Uv/50d/9L//6s/7b17+Gf/Z0z/+3371F/xPp3/Kf/bZL/nHj/64/+DxH/xPP/yD/ulv/8n/0bf/1P/s9/mL//vP/uB//vSP//e+/Wf9j1/86f/J8R/+L335Z/7Xn/7Sf+rsz/ivXvw5/9V3/qz/4vmf9T88/3P+xy/+nP/myZ/0H7/8c/+7L/+8/+Hbf9p/8ubP/a++82f+lz/5F/33z/6U/+joD/vnn/6J/9HRH/NvPfvT/vPP/pB/6fEfQ2j/T9/5M/6zL/+c//bNn/1fPP6j/r1Hf8i/dvZn/PeP/6h//fEv/ae+/ef+t4//wH/iyZ/47z37c/7nZ3/2//DtP+d/OvvT/vPHf9i/8ekf+i8//qP+7Ud/xL/64s/8T0//pP/49/qz/qvjP+bfe/ln/1c/9ef9l9/5M/6bz/+U//T3+GP+3Ud/yL8w+Rv+98/+mP/wyz/nvz/+4/79h7/0n3v+ZxH+//Vnv+Qf+f3+4v/u8I/4N7/95/wPj//of/fTP/ife/Fn/hcP/6B/4exP+y8f/+H/2uM/6j/4/E/8936vP+O//uLP/O++/af/l0d/zH/w5E/4D5//mf/Nqz/3v3z5Z/23v+9f9N/+nn/cf3T8S//Rgz/oX/jyz/rPfvLP/y8O/qB/9uiP+Tce/1H/2tM/5t96/qf9Fwd/2L/+4s/5L36PP+bff/Hn/Tff+TP+k9M/6T/9zp/zP3/5p/57v9ef99+/+nP/2xd/xn/z4s/+736PP/bfPvoj/tXf68/5L3+PP+pfO/wj/72zP+O/+Ik/6z9++DP/2PM/5T/6/E/7Dz/7Y/6d7//l/+OLP+d/fPSH/LMP/5B/4eWf/z9958/977/4s//zb//Z/+3v9ef/Lw//qH/z8A/7F779p/3XD/7If+/3+tP+oxd/3n/5e/3Z/+3zP+e//73+7P/hO3/Wf/t7/Vn/zRd/zn93Rv/7s/+HL/+s//I7f9Z/8/zP/K9+rz/nv37+5/x3X/xZ/+3Zn/nffOdP/y8++yP+9Rd/9n9z9Ef+G0d/9L/z6A//N36PP+rffPLH/wfP/uT/5Is/4z//vf60//Tbf9Z//x2avj/3v3/+p/9n3/mz/vuf+HP+67M/578+/hP+g+/86f/Vwz/i3/jsj/43T/+U/+j3+rP+p9/rz/pfPvuj//2zP/0/Pf1T/pOjP/zffPon/6fHf/y/e/Zn/ieHf9A/93v96f/N7/FH/suv/uz/+vf6M//Th3/oP3fwR/xbn/+p//Hv8Uf+22/+zP/syz+beOa/evzH/4cv/vT//OEf/q8+/3P/5y/+3P/i8c/8o49+5p94/Wf8l0//2H/v23/+L//2n/1fHfzR/+F3/8L/8tt/9L/4e/2p//mXf+5/efan/je/71/xKx/8gf/04c/8U8d/7H/0e/xh//p3/tz/5jlR48/+737XX/Xr/Bp4RvgHMvFr/Ab/96/xf//Y7/Ttv+kv+of/0F9//X+e/Bv/zX/41/7hv/Hvf/Yz/9Zf85ec/rG/9u/46M0f9Tf9pf/kn5ie/CF/3//2nT/zn/5jf7ff68/Z/1X/0l/8j/2Bf/2f9Ef/eWd/619x/JMHzX/y1331e/22n/y+n/5Jv+u/+uv+s3/hT/ylf9Mf9k/s/Q5/7Z3x73v49m//287+9r/m8z//0R/+JP/H/9Stv+4v+b/+gT/md/4Nf6/vbv95X/4+f/rf9s/8HX/97/nXPfzn/4df/kf/cd/+G3+/v6P+z//xP/ev/W1/87/3B9//p/7P3+df/os++e7yt/wD/7A/9l893f6rzn/RH/6vHF78mf/5w7/j//jOn/QfZc0f/xf9Xe/+jT+k+O3+5v/kX33w2//6+X/+n/zaf/y/eTj5J3+bq7/08m//XX/D3+KP+1f++3/4ZOt3fPlv/iaPf+a3+9v/5z/4j/t9fvud3+yjb/9R//mv9+fs/+bpH/BH/l3/7d/x1/6S7+38N7/uv/Tyt/7WH/Z///T9X/G7/KJ/9Z88/gW/4vM/afL0+3/jv/O3/T5/0m/423zr1872/7B/+B/6+Nf5C//vv/Hv/yP++V//1/m//oD/6Ddd/75/yq/92/yG/9KT49/89Pf+m3793+E/mx//sb/H3/VX/cd/2G/5rz7/U58kf9k/9bf8Y7/FP7fzh/6pP/Hr/lZ/0L/zg1+n+HVeP/1n/7bf9cVv+r8Vf8DZb/ar/8+/cvoH/Vq/ybf/o1//1/uFf9Y/+mCx+o9+k4en5d/8j/+CR+9e/xu/5Yt/6F/9j0d/3D/10Ud/9C/8W/6Qv+SP+a//9v/tN/2Jvzn9T//E3/B3/+V/0D/168w//Yt+zV/vt/vD/qPf5Xf5Z//r/+0v/DWv/rXi9/xNPxv9L8c/9rv/Bn/Er/sb/m1/1+s/7MEv/L1/s3/41/0t/q0/9df4jXb/sfRP+tP/pCc/+OgXf/83+d1+89/77/k//qB//u6bv6j4sfsHf8t//V/8Vb/ry+l/81f/Va/+0H/qt/uZf+9f/kP/4D/zz/q//9U/4i86+JP+0D/01/2Fs//oH/4N/7hH//uXf9mf/OKP+XdGf+tv9of9ab/HP/WP/Se/1qe/61/3L/+ev/az3+43f/qb/Q7/1W/7R/y5f1T6v/yzd//TP+4f/Yf+zv/o9/vx8a/9n/6ef9Lpb/Mv/st/0195b/Rf/ce/8W/yd/7UH/APP/7eH/en/LNb7/6h3+Ifzf6x3+Lt7/7iH/1tDv+ln/jiv/5Hyl/7P3789o/+3f/1F//t6jf7l18d/7p/13/4nex//sdf/XH/7O/5a799/G+e/Ngf/ns++YMfnP5Hv8Yf9YfN/62Tf+w3/BV3/tHqH/y//5bfYudv/rV++/z3+q2++8f9w3d2/oi/bPJH/zk//Wr6T/4Ob3+73/UX/Q7/0K/xa//6v9Ov/+1f8x/7tX/Pp9u/4l/79X+nf+iPvfsP/nH/8j+68/3/7skf/E//NlsP/8Vf92D+J/+Gv+Ddb/C7/vH7/9c/8+o/+ed+rd/xqz9k581vN/kNdn6LB88Xv/Zv+Hv83794/1/8I9L07/qPln/XL/pHPv0j/tS/+O/6T/7QH189+K1/v/KvT379P+t3+7v/8B/7hb/v//TtcfOX/f2X/271F376x+7+jf/Yf/ab/gtv0v/zf/sdftNf/z8e/SP/4l+R/Z3//j/0M9mv/u//jk/+ol/9P/w9/+1f+if+D39h+jft7/9Lsx//TXZ/6t/76T/it/+7n/0aP/YL/vP9b/2hv9FP/gl/1L+z+4//HXv/xe/8D6Z/fvs7vPnN/voH//K/ePTLnv8rZ7/X7/tP/+//3d/4D/5av+nv+T+t3v2P/+Anv9kf9Tv+Id/9iV93/4s/6eVv9Ov/wj/387/h+W+WPPqX/uKf+Bv+ov/gT3/5r/5Jf9N/95f8+v/wuz/o1/mD/+Rf73/+q89+7afNT/4Of9Kv9w/8/u+y3+hv/Lf/sN/g82//Gr/Wn/QH/Rr1f/V7/u6/8A/+NV5uHf/Yr/FH/a6/xq/1m/8Gq/QvSv6k3/LZj330B/+hv+EfMP61f+Ef9Wv8hv/3v/RnfPQTv2dy/zf97V//pr/01/z1f+zoD/pD/rq/9N/4236/f/PX+KN/yf/0m3z3v/pHftNf594fM/7B//yb/oF/0a/x6/51f9Gv9Vtd/kO/5ie/3R/0G/wBv8Ef9DP/2R/6G//Sdx/9bz/4j/64x7/vf/QnPPqn/qC/4b/6k/7Yj/6Yf+SP+qvu/DHbf8Rvfvzr/E5/QPHVn/UH/Xp/yB/0B5/+9J+U/IOr3/O3/CN+4tf6df/8v/yjf/offvJr/RY7f+hv/7v9Gr/h7/2b/Z6/5a/zi/6gL/+m3/zXeP6b/Zq/2Yvf9df9DX55+tv/1L/1e/46/8Vf/Plv+Z8d/4b/6+QP/41+u9915x8f/eW/zu/z7g/6XX6jf/o3/P1+tz84+ePKv+w3/z/+iz/88I/6S3+HP+s//t3efOujP+en/43Jn/rn/3N/xbL+m37st2r/0F//+R/w5Df6/A86ePDt7Hf6H9Nf89cd/0W/9j/3Z/+ev/7v+Af82ePrP/rP+e3/tf/0d15t/U6/2W+y83//2K/38g/+Hf7LP+BPffzX/Fd/+Plv8Bf9Dg//rS+uJv9w8t3f7I/9zX+zP37r6b/+F/8m/93f/eS3/2d+z1/raf4n/9q/Vpv+8b/k4B/97X/PX+PX2Pvz/qDf5c1/dLL7Z/yif/J69OWv/7/+Taf/zqM/7HcY/b5/8G/7j/57H/8ev/0/9Ef/Zr/Ob/Vr/y//VfFbHr38jf+Hv+8vOrz7B/xVJxe/5h/+Vzz5g7/z8j//z0e/yb2//+Pf8x/+zT/9305+/L86/hN/zT/sT/vLZv/Wr/ebjbJf57f63X78N73+Nf6w3/7Rr/n6z07+4L/i/t/8p+z+Cf/xb/Zn/U2T3+SP/w3+oR978T/9QT/+2/0h09/4N/hH6t/3t/21yv/j9/xd7/6iP/mrP+7Vn/Wn/F1/0G/59/2ef9Cv9e/8w3/C0S//j3+dX/83+8d+53H2h/4Gz+e/4Z//bz25v/qbf9c/9/f+o3/vP/pf/8d3fq1/6Nf+df+nX/Eb/Iu/53/R/Bm/5a+1/r8Xf/Pv/lv9ot9w+h/+qXce/p5/wK/7nV/jD85/69/s82/t/6W/yT/97/5av8Of8fZP/Kl/6B/9sb/ib/8t7vwLf8tv9Yv+sP/o10n+qT/yd/3L/6Vf48Vv9x/d/+f+4n/4N/1nXv09f9Sf9Fdsnxb/4ifln/Qb/ha/2eTX/Xd/jV/z7L//I3+N/+uX/Nq//ul/9Yf9uv/WD/7oV//S/b/hb/nN/vH2F+3+aeePp7/jv/u//Tq/x994/If/Zvu/9t/36/1vv+cP/sU/93u//B/5R9J/6jc7+R1/g9/sD9r/W37tX+OX//V/yO/26T/8B3/03x0/+e3/qn/4t/zXXv6W/+rv+Yf/qXd/sz/yN/23/qc//PV/96/+tv/A//SH7Pxav9V//E/+cf/Eq9/6/J/9w/7df/WP+e3/rD/01/jDDv6go6f/zK/z6/5Bf8hv+8Vv9k/+m7/0z/qDf9d/7C/5x3+t61/0a/0R/9If9q1/6X/7Df+IX/7r/jp/2//6a5Z/1e/12z757f/5p//Mv/rb/KW/3dP/+7f967/9h/2Cv+4v+qN/jfLkL0v/hOn/fPAP/cH/XP5r/C5n//j/8nv8Mf/LH/Lr/lPZb7H/6/y6v9Yv+DX+yP/kV/xHyZ/zv/9Bv+G/8tG9P/Rv+rO/9Xv9rr/BT/+Gf+tvVf6+/+jfkv5vv/Ov9af8Gn/8H/os/bWu/7Vf89f9db74037bn/lLf+3f4J/6PP1t/s9f4/f79l/yY9/9g375H9T+5n/O7/XTT3/8z/w7zl7vb+/8qf/YP/Lrrf+gPyj/t//kP/q3+bt+19/5v/6D/onfeP6b/5qHl3/Ir/2H/BHH43/m9/yDlr/Or/VrfPRnPXn0p6Q/lv172W/39/5Fx7/JH/aP/Onf+T//0X/+1/6v/83R7/DX/oa/7V/2E//Av729vPedP+k3/MX/3k//puO/+tt/0m/843/S9/6zJ7/573xwekSozD/+h3/NP/G/+Hd+078p/YV/wd/1O/4Hv9af/ODvX//LX/3Mf/o//pr/4n/0j/2T/8Dxr/lj//Rf9vf9Wv/3T/x1x3/c//Jr/dTq3a/zV/1W//C9/+vf+ePGf9pf9Bv+o//RbPQH/K6/+Sd/97/7r/y617/uaP/4j/ot/6md3+yX7vw6v/Xf8gf/xr/Ff/jTj//hZ7/BP/vvpr9++rf9xK+z9+Wv/fH8H/ort57+rr/5vd/gn/1LZ//zL/uLfv8/59e6/q2Pf6Nf9h//kXf+jz/9t/xN/qSTH/+n/uNfc/2v3f/dnp39nru/03/06/0aW8e/zvNv/95/2K/a//X/od/qL//o6O7f+5f/Jv/In/MLf6f0j/jo4Nf8tf6gf/n7Z//U8W/9k//bH/97/U//w5/46/xOf85v9Et/23/41/hH/uZf73/+M9Lk7/6T/qDf7w/4zf+Kn/zdfr//+Xf+r//p3+Rb//Czr179Bb/ln/J7/pq/5pvsT/4zR//Ef/SX/p7/8G/7W/2Vf9iv+RuREv6rTn6T+k/63//1f/IPedz84Z+9/jeaP+03/v6v9esW/9k//Gv8Jr/P6e9y8Bf92r/z6h/+v5/8D7/0t/5D/8E/6Df7pekf+mv9Mb/Hr/HTf9gf/OuN/63Z7/8//SP/+93f/h/9H/6Yi3/m1V/1m/7lv85f9Zf85r/Gv/Ub/Dovf6PfoP61//GXT36P/yn5jX7z9Z/zk7/G6Pf8Nf+jf+zX+Rcuf51Xf9KvN/09f61/+h/6NX+rP+nX/xP/pZf/yx/xi37Xf/k3/ed+z+SfSH/j3+p3/3V+49/1N/yf09/wn3iZ/OW/WfIrX/4m/97v+ev/e//Qr/Un/UW//n/xm/3Yu9/s1977g36d3b/pN/y7/6df7+/+i/7Qvd/11/5t//LfaOc3/7Hv/FGf/skvf41/4R/6db8z/7V/3T/o1//ij/r1/4L/6Tf9W/+jP+g3++1e/JZbv+4/uPr1//Hf8zf6Hb79a47+oz/4//y1/pD0N/9N/7n0N/xb/6ZPv/0H/Tq/6X/8G9Tz3+jL/+nX2fsDfs9f8Hv++p+u/tCD3/s3efcX/UZ7v9mv/Re//LX/mo9/vT/5H/p1/6n/KfnHftdf+zf+g3/93/f/fvlr/L7/0W/07k/66E/9p37dP/WPSv6C3/MP//QP+sN/6p/6tf+qf+3X+g1Wv86/+Sf9up+9/I0W/9P93+oP+E3Ovz2a/2+/+d3/6Y/5v/6A3/NPfvlr/707v/7fufvr/F+/2W/5D/5pv+Hp6W/0t/0Bv+vfv/Pr/x5/0q/9n/7rv+5P/E2/4d//a/yG4z/oN/pPfuVHv/FP/DZ/4R/2695Lf83/+D/+Ne/9Sb/Bp3/Sr/1H/03pj/1Df/Tof/r1/4KtP/gv/qd+jb/s9/6N/rY/6Nf+13+9H/trD37Dv/6/+s1/w/Q3+ed/s1/rV/9Lv3b1H/1GP/hFv/Z/+Cf9Gv/xT/yan/5Hv+n9nV//0c6v88/+nr/R7/Z7/lq/+86v/3v/TX/i//Yf/Zp/x7/06/7tf/n1H/tf/qZ/8z909hfMfu3/+Hf9Nf/o9Nf88/+2sz/zX/rjf5//7Y//j/+q77/6h36N6erX/af/pt/oN/8Dfs3f8eUf8Xv943/Mn/bRb/Hfrub/5S//Tbb+oF/r1/w9f4M//f9Of/1f52/6jX63P+nX/VP+pN/4X05/jUfpr/FH/hlPfo//+tf4Y9If+1N2lo+e/tr/xh/wa/8e/9Nv+fIP/nX/va1f49/8l3+dfz79nf+U9DfZ+Zd+nd/w5W/8W/xPv/Fv8R/98T/5m/0pv8HqxdW/9Ov+bf/Tb/BX/hm//uhX/cF3f/vf4q/9j773P778TUd/0G/yj/9Lv+Z/8Lf94l/4D/1a3/+bfu2TP+k3/nP/ol/7L/2Lfq36b3ryVfpr/Ll/0q/53/5Jv8ZvsZP8vf/Sr/sb/0u/0V/8m/0OxfEf9/1/6de9+yf9Bn/0y/lv+D/92b/Wb/Yb/0u/GWH1a578T7/W7K++fP4Xff/f3PlNrl7+Wj/1P/0Gs5Nf87/5t/6U/+63+zPTv/g3+Lf/o1/3u3/Rr/8n/kW/7uLX+KV/4a/xSx/9T7/BD36NX/tPe/n4N/+ffuO/9G/6sf/2T/2zvviTfs38b/qd/53dX+d73/01761+w7/zD/p117/Zn/avH//pD/+ms3/r//7Tfu3v/0m/8e/6L/3Jb/7sP+ev+tN+09/zX/pzHv1Wf+7/9OSP+G//rT/hd95NDv+nP+cHf9Gvv/iDfpNf82/6M+u/6Nf+9O/6Tf603+w3/uLX+PXyP+A3/bdXv8a//yf9Jl/8Sb/xo7/pN/lvX84//+r3/q3/pN/gT/g9f+z3WP36v8f1y9/ifzq79wf82j/2N6W/xf/0a3//H/qx3/lbv+bv/R/98X9g+mv92f/Qr/O3Xr747m/26/5tf9Ov+dv8Qb/2T/5Fv/4v+6P/3N/lb/4t/sY/6aMf/Mm/8Z+y8xv8Iatf97f+l/6w3/gv+w1/z4PkP/mb9v+BP+jX+n76a17/5n/+3Z1f58/8PX/tv6j9sd/iN/u1fux/+lN/tz/g1/2d/+Xk7/k909Wf8Yt+k7/rL9n+3/+S//Q3+0v/tfNf8z9Y/aUPv/NbPv5df/Ojn/4Nf89Hv8Gfkv4av/Wf9NFv/Ov8hv/U/C/8x/+x3/AfXv36v/Xv+ev8Hemf9of/Eb/u7/Efnf05/9mv+2/93zu/wb/9FyW/+R/0m/3lvyxZv/z1/9S/5i8Z/Td/ycWf/Vf8vX/Rr/tXnf+l1fUf8ei/+c1/+i/69f6xvc/+rz/o1/3n/6Nf+19Mf2z/P/o1/+B3P/Fr/cW/4d/8J/2G/2j6x/z1//av/Vv/Sb/hZy9/47t/wG/7F/5uf8G/8Xs+WP1Hv8Zf8yf9mv/lL/oFf9C/9Yd+e+ezb/9vf/L5X/NX7/w7f/Vfdflr/uTLP3d19lv+k3/QZ3/rH/TX/E1/0m/81/03v/bf+K1f51f/Jb/Rv/h7/7V/bPrHzH+fv+x3/z1/nf/wD/ht/5Xf4Ds/9pv9Wv/on/Tr/cN/0otf+Cf9df/Y3/zXvfndf+1/8af+ij/7W3/Kf/ov/dp/7x/0pxz/8l//3/rWX/Pv/DGf/ZN/0F/zG/5Hv8Yf+jf9Hl/8R7/m3/yb/dp/6evf/OxP/g2/+5v9Rqs/6Nf4+/6kX/dP/Jd+w9/i9/x1/qk/6zf82/6Y3+rtv/Tr/hG/xq/5P6a//i/8n37zf+Dzv+I//O3+pj/3B7/+r/t//46/5v/49M+tHv2W/+4P/pq9/+g3/U1/w9/4N935DX7L7/3N/9gf8jf/U3/R3/w7/+pf4x/+k37dP/xf+rX/iW//9r93+if/Xn/zr/fZH/AbTH7hr//b/0e/+dvfpvo1/t2/5N9Z/zr/afob/cR/9Ff/WX/p3/p3nP2Fv8Gf/O6L3eQ3/Iue/JX/0m+8lT79wR/wu7/+o3+j//W//vX/ov/p1/jT/6Nf4yf/pV/z1/5vf82L3/I3nP82v83vuvPrfec//Q3/77/6z//j/t2/60/4a//8/+Dbv+b+J3/H9OXf8Zv/Gk8P/qS/aXz2W/4tv2dy9p/9psv/9tf493+zv/N3/j3/zmf7f/of/Qf8hb/p6tf4i36N5Df7i376D9/59X773+zH/u4/4Nf+Z+e/xdWf9Ou++Zv2/8f/6Tf4E//bv+vP/8f+rv/7N/u1f5Nv/4a//n/07Beuf60/9ff8Db71D/2aB29/rW/9nr9h8qf/hv/XP/SH7v1Jv9M//Q//Xv/ut5K/efXmN/mPfo3X/3f6Y7/fX/SDd7/Gr/vH/Ue/wa/7a/zaf//v+Rv+bv/Qk//65a/7+uWv+Wf+Gr/21c6v/wf8tr/D+j/6Lff/gKR4+fx3/ot+rd0/6Se+/Rf9Rn/8k7/v1/2L/rDv/Fkf/aPf+/v+yT/3N83Wr/7h3/PX+Bf+2Ie/4+/5a/6r3/v7/9U/9O//437Nr/7W9Df8i3713/Qf/be/xvQ/+jX//t/z1//id0/+67/3H/jvf/Wv8VX6G/zGf9Kv+Xfu/NrTl7/WX/SPJee/efJP/Z6/9p+38+v9Jv/Qb/jwt0/+gv/ox57sfPZrPv+j/9R3/9B3v/33jV7+eo//pN80/Tt+44/+od/0P/2Dfq3R//QbXP9tf+2f+6+9/CN/11/nye/5W/7yX778m/6nP/s//B3/gX/kL/rBv7fzaOvP+7X/oCe/1m/6ayS/+l/9NX7Br/Fr/0b/y6/19/9Jv+E/+7/8mr/X//xr/8//1a999Gv8mr/Z3/Qn/8N/z9lf9Oa3+uI3/4W/4T/3a/2H/9JvvPN//5W/xm/wC//x3+dP+gt/wZ/0+d/9J/3j/9jv+ht///Fv+fuXv9Xf+7t+5+xP+o0/2/lb2j/on/h1/6eP/7vv/div/y/9I7/wB3/835X9hn/H3zT6Pf6jX/Nv+6lf/196+ev+2+mv/z/+nn/yv/2H/fG/4W/xC49/18vvlL/uJ//Tj/0af9KP3W1/5u1flP55f/Bv+hv9wX/4T9z/6n//3/+5uz/+m/0nD5P/6HdYTP+hf+bvXv1G/0Sa/Mn/08eL3/PX+iseL89+jV/73/zf/ti/53/+PX+tP+DX/pt/s+THfs9f+3f5007/3L+ItFfy1+4k/+Ff9Bv/jf/bH/MH/MqzP/L/+PV/zVXy/Pf859KdX+OP+M1+k6v/6df+o/+jX/O3/o9+zb/kX0r+z3/k9/rjfo1//l96fu+v/5/OfsP/6Tf+j/6cX+co/Y1+z2//Ov/N3/TP//u/0Y/9Oj/2a/6Vf92//J+s/vhHf9Gv/Qt+s9ff/YuWn/5Fv+HDnV/7d/+Pjn/3//s/+jX+5Ze/3u+Y/pq/YvRn/Pl/96/xvzz6tf/Iv+83+Z3/il9nO/m1nu/8ur/6b/21/+rfNvnt/6XfKv2zPnr5O//rr/78j/7C3/Ev+ddXv/avW/zOv+e3/6g/+r/6Te+9/O3/8d/z16r/oF/ri9/sd/zX/6Tf4Mf+pN/ob/uXfr1/+n/6s//qf/M3/Nu//Vdd7fx6/+i/9Ov8uf/Tb/xH/gG/6f/6N/3263/un3m384f9yat/6n/9l37Nf//3/Nd+jX/oN0l3ft2zP+nPal7+2j/2J/2af/3f9Af+Orv/+p/2G//rf+E/++f/J7/nn/bZ3/Rr/1qrX/fl7/jrnvzEb/X3/ma/7u/2B/1ad978G3/J7Df+59Nf//sv/53D1a/9E//QP3P/5a/91z3/q9b//q/5p6S/wZPfIf8n/qzf/o949+l/8T//pu3/9Gv9NX/Rd5//R1/977/Zb/CX/V6/1rf+gM9/+9/s1/yp3/M3WvxFv+5v89Ff8G/9a2d/0e/2N/4nv+q3/ov+sX/mf/m/j//93+ZP+W3/uj/v3/+N/pKXv81Hv0vyt/8av+qve/m3/Z6/4ee/4tf6HX/Pv+rP/p//7P/s//ytf+L7/9Cf8If8du1O8teQAP8av8b/8qf/e7//6tf4Nf+lX/P73/k1/6e/7Tf6B7/97/9tv+d/8O/8+V/8Zke/9hf/8tnVr/kf/Ef/52/7B/7Df/Yf8Gf+i3fT32WR/v1/43/1d/yFD/+T/+V//o1P/pRf4+94+cf+/b/nf/hvL/7Dl3/8f/h/p7/xH/mLfsP8b/qxH/znh//0//ljv+j3+g3qv+jX+t3/zD/l0R+w9e63+qf/3N/113z4xa/zrelv+jv9A2fX//Ofvfg9f6OX49/l7/mXz37VX/c7/oW/6jf+O3/N//xf+T//4ye7/+6f+wf/9J1//8Xv+Zd9/mO/57/9v/3z//jv+zv9p3/k7q/9v/5PP/3xH/Sfbqdv/8qXP/Y7/56/xrf+pb9v8o9d/OQf8Ot+d/s3+fO2f+d/O/2df+M/5zf+D//bX+P3+49+3X/3/37y+ODv+K/+4V/jNz76h37s7/or/7Sj3/Px2cv/+uwPmv7jv9v5v/qn/Lr/yB/wp2dbz37H/+03+BP/pl/zd9z5tX+Dn/lvLv6E/+L3/qd+r79s59fO01//1/+bDv6jVfLr/0t/59Z/9Hv8zdc//Tv+Sb/+77j6NX/JZ7/+T6yafzT9jf6x8W803fn1/sv/5e//zn/9T/7D/9J/9w//R//kz/x1f9q/8i/8k3/qb/Ib/+n/w2/4Z/9f/91P/xa/1u/9W/26P/k/3b/60/6UP/IP+bXv/5pf/fVHye/2L/2av+Y/9Jv+mjv/7f+x/2N/+n/0T/4D/9N/95v9TUe/2R/wX/2Rf8J/9ef9Wg9/1d/wP/6DO//9P/fif/yXXvz3v86Xj/+xe//1P/8//JO/2W/2G/30f/I7/S5/6a+V/WsnV+2v+Vv9QYv9f/jNy7/o1/un/qTf4Pf/fX7TP+f3/LX+nb/oN975NX7th39R+vA/+o3+hT/gt//XV39s9S/9L+Pf/08c//6/VvV/p7/sd/+b/pdPfv/f6OD3/41+xcvf9KD6Zd9d/I5/+0/8jicvf+N//E/6jf6x3+zf2Hq5/V/+Q7/+v/XyN83/p/v/y29x9/p/+vX/oVe/4h/6Q/7wL37Fr/PX/Z4/9u/9x7/xb/Pq10v+9H//x/6AP+rqL375Y3/Sbzj/C//X7/xZ/+tP/y4/dv4f/gf//T//a/1BH/39f+5+8keufoPf7y/7HX9y/O//bS9/o63/6Df8q/+k5Hd4+b0X/3f6P/1av+v/lv+6P/kP/m+zv/Pdr/03/3N/1m/2q/6Af+3X+7E/afS3/w4/9qv+6X/js8NH//bre//ax9X+69/sv/2X3/w7v/g32vqdfsP6N/2xf/r3/LV+s1/j1/+Nm+Uf/g9dHPyev+Zf8N/8mj/28jfc+4d/m+2/efT4X/rVf9gf8B/95Pmv/elvlvzJv++v+T/+Ov/73//Ll3/hb/q/f3L1W33xp/9a/1j9G/0tL3+N/yv9lf/F7/lr/Sar3/g3+J/+93/0//7NfvXP/BO/5r2f/rV/7//ot/zqN//Nt3/R7/K//Pjb+//El/d/+7/07/49/6jf4m/6jf7Zv+i3/etGf/Jv/0f+H//nR+vP/+W/+y/7NX6zv+z3/pu/8wf95f8RJSt+k8fv/qLjP/R3/rW/+53f7cd/8q/75//Y3/jeb/Eb/R//5r/8n37+J/2un/0dP/2f/ycnf+dvuf1T/9kv+09//V/zd/r9/sE/bP1n/6t/7bM/7Dd4Wv/bf8t/fvcn/8nf5/gP/01+61/1L/6HP/EH/i2zP/lPuf83/QF/wu/yxZ/yB/1a6z/gTzk5/Jn/4ff9Xf/lv/2f/yN+2x87/48mX/1rf93n3/+/v/2Dn/nXsz/lL/yZ5Lf6o/6jf3h6+pdf/Vp/3j/+t2TZH/sfPv4P/q/f8zsvf89/Y7T18s87ePjH/lb/9R/3vT/5Hx3/Qb/r7/nqT7/zF/0rX/3Bf8Z3Tv6s3+zX+43+uN/+X53+m7/RaPzT25/94p/87iez/7v9+/+bv+qf+ev/79/x1/3v9/L//deZ/RZ/WPmP/r7/2yf/y9Wf+Ef/Br/VP/dbH/15737R9J/8v85/z3/gT/+P/t0/fn62U/2C/b/qj/kvd/6ik9lvf/Jb/u3jn/zrvvfb/pK//c/4X//Bn1r/Z29+rb2/5Hf+o37Nj369f2/9e/6lv8no+R/zN/0Bv+nvPPqj/oBf+3v1w5/++/+rP+k7/9HxaPw3/xW//d3f6Pq/+LN/vb/qL/pL/uBfb+d/G/19v9n/8Bf9mr/NH/hv/O//5Z81/Tfuvd3+t37q+vTX+uQ/+w1+zz/s8t/6NX/X3/IXvvg1/pHf9tc++qv+0N+p/mP+of/41/oN9/6pP+Cv/HW/9/Z/2voN/uK/5w9NTv6Vf+pv+oP3/5W/6B/5DX+jv+U3+vHf4Nf+m/7qf/R3+b3/g1/8j/9Zv8+b/V/2u/y+9R/9a/3hv/af9mv8mr/O7/in/0///B/5m/0T6V/82/3UL/i3/4B/8Tdu/6X/+PdMDv6j3/PX3cl+1/956+Q3v/9/7/82s/oXnf92R3/V3zz7tb6z/Rf/Eb/DH3n0z/4vf17z5Ff/rtt/4h/1qPns9/3ob/7Df40nv97ql33xu/9Tqx//83+9v+/3/I//hU//tt/72Zd/3urv+TV+/d/vT/6j//N/8/f/k5/8wj/t5Z/0B//jf/ijH/x2X7z6vf6cv/0f+w3m9/71f+jkj3zyD/0Tv+6f9PR3/tv/9p88/wOOf+sn717+nj/2u/9nP338B7/+Tf633/2PPfx7/qh/5Lf53p0/6bvf/v1+0Z/0F/16s//lN/43/vCTL/6Sf/gPOvjzFp/+Jn/Ir/0LD36jP+R3/ul/6KfK7/2qf+q3/qO+/2//HX/7v33+L/2jya/1a/1Hf/Dv+3f/Vv/Wf/Fb/jp/yf+R/3GHf8SdP+K3O3794t/+C76d/Ou/7r/9mx79Q//Ff/ib/SOf/G//xR+y/Uf/+OM/7Hf8l/6iz1/+h//t1uSP/vjT3+u3z+e/7PM/c/7yz/p1foNf96dePvl1fuGvsfq/f+1fM/1N/qB/6A/+ff7U//nRn/3w8jf/xX/m1ne2/uI/dvw3/cP/xa/9O/wPO+mv83f9h7/JP/ybHI7/8H/jjzr/H/+Jwz/q8Jf+VX/4j//JydY/NP9b07/iv/83f50/6nf9g/+k3/K3+jX+o1/0a/wff9fv8Af/+u9+7Nf7tX6rl3/SH/qHjf+5P+EvKf+2v/e3e7b4Hb7zD/6j//2f81//DX/un/P3/rp/w7/2G/wu//ff8Jf/GX/g5Nc+W/0jf+yf8g//6X/R7/sn/5q/7e/7N/1Ni1/3N/89D/7S3/TX+OV/8ts/97f8BX/SRz/2rX/jH/qDXv/a89/u/M/65G/5J/+BP/JfPf3Fh3/Ur/eH/N7T3/g3+Wf/xT/pj/nWX/2bnf92o3/nn/xPtv6jw9/iZ/6vf7j5TX/sP/mL/qT/63f8Y3+Pnd8v+4P+0/zJ9T978g/95n/Nzq/5F/7Tv/avnfxOJ7/N7/Tt3+Ff+YvGv8HqN/xDfr1/4uIf+F+KrZPpH/XkN07+kP/7D//t/7M/9rf+i/6S3+V/+O/+zO2/+GeeFr/3f/XkN/iNdv/wB7/9n/hjb/7c//jH/pX7P/b7P/9Dfs3j/+g//t9+5n/7R3+XF0/+qJPnT36Lv+TX+eN/s3/pP/r1/5qH2f/wt/3rf/JP/h/f+W1/l51/6Hf49f6lX/8g/7V+jef/0X/yT774RcnB8//kd/jtRr//wT83/yf+ly/+kW/9hte/52/91/yef/iffP1jn+XFX/Iv/yEf/Slb/8SkWP9vv+bv+of8oj/m9/yrfp361/jt/uHf4O/4h/++/+IfPv6T/5j/7PTHf+df9U/92n/T//xrrv6qP2XnB//Tnb/wT/rL/4TL0Z/67d9puvXFb/YX/dp/+q/xn/2n/8uv+Xf/54t/9Hf/Df6A3/3k9/2vv/OTH/0av9Wf9of+oXfT3/Nv2frvfq3f5o/7Y37dT+Z/59kf8If807t/686z3/nf+i/+8G+l6fif/vHv/i5/1n/0R/zT//irP+df+XX+kd/8L/uTfr0/+y/5ff/j3/hfOPjO7/bRf/w3ffc3+I3/rP/1x8/+0P/hf/tNf7s/7ff8Nf6w/+qfSN6lv9bv/q/9Vb/z7C/6+Lf/qX/lt5j/LXtv/+T2L9r53f6W3/Dx3/bP/S7v/qE/9OCfvH7yp/xu/9qP//TLf3T0J/zHO7/df/fkd6p/z1/zd/21dn7s6h/4X/70P+4/+8Pvjn/9X/Nv/fuz3+R3+0t+/4Mf/4V/6B/6F+z8eS9/+T+1+6/9Ab/R9K/Kf72//92vuf3X/QG/7nH2a/2Wf9t/VHx5/e/8en/h/9r+Ju/+qdPf7Zf/3r/G4z/rT5rf+RXfplTr4f8DLdwwx8UdAAA=" />
        <Entry handle="6" bytes="H4sIAAAAAAAEAO29B2AcSZYlJi9tynt/SvVK1+B0oQiAYBMk2JBAEOzBiM3mkuwdaUcjKasqgcplVmVdZhZAzO2dvPfee++999577733ujudTif33/8/XGZkAWz2zkrayZ4hgKrIHz9+fB8/Ij4/e3bwMFv+Wn/Ar/Erf41fY/nX/ff/+f/9fy/+6n/1j/qb/qX/4//4b1/9Gf/9+Z/+X3/5l/8b3/2z/qlXf/p/8X/+X//LF3/Gr/j3/+//+9lf+l//rf/sv3by5/2n53/Gv/36z/3v8z/jn7740/+uV3/Of/57/en/6b/+f//fv8+f9nd9/pf+b4d/1n/zK/7vX/FX/+3/wu/15/77r/70XzH/0/+af/qf+9f+rv/y/zr88/7Xr/6y//qP/rP+xn/7v/4/X//p/8F/8d/8nyd/7v959U/873/KP/ZvvPpz/4P//v/+FSd/+n//L/xf//ef9W/9X3/X//5/v/5zf/l/86v/u0d/6X+3/tP/6p/60//9P/av+Du+96f959/58/7P7/7x/+Xv9af/+//kf/V//V//6//1z/zb//vv/cf/O0//9P98+Sf/uW/+sl/1d/17/+fv9Wf8H/kf9888/fP+/b/+7/kfX/9p/3r7V/1d6z/zn/or/9lfffZn/9P//a/4v5o/8+/83p/2r/0Jf+4//Vf+m//nP/P3/Wcnf/ovP//j/67Xf+6/Nvvj/71f8b/+X3/1f/V/P/qz/p3v/An/xd/1j/+nv++f959/78/79//If+L/+LP/uf/9e3/af//8z/vX//Nf8X/93n/cP3X1x/1df9bf9V/+s//mf/Vf/df/3f/1v/7yf/Pf+69+4k/9P/6L//tX/DF/9//+vT/3v//H/q//+90f+1ed/Gn/was/7//8I//e/+yv+Wf/i3/j3/7fz//4v6b98/7t3/fP/xX/w3/wvzz/0/71v/Of/t9/xf/6y9o/5p/8q/7N//zf/2X/18mf/n/+WX/nr/7L/sa/+/f9c/+Vf/o/++//wL/8P//nf8X//b/+9//bn/Hf/l9/5j/1n/9R//h/++0//t/9u/7d/+Jf+xX/9z/6y//vf+s/++/+vf/1v/2j/63/6x//J/6T7/1pv+K//xW/4u/8r/+Hv/KX/V/f+1v/tz//n/iHv/Mn/K//4//07/zef/yv+CP++D//P/9l/8sf/lf/b3/uX/d//Rv/1694+uf+a7/v3/lf/iF/3n/z9E//1/+DX/bLf+8/4//4p/+R//XP+7f++3+fBvA//Xe/6I/6N3+Pv/jf+d6f87//+X/Df3T2x/5j//x/9G8//pP+q+//Rf/gv/Yrf9k/+z//z//i//0r/s1/6b85+3P+xy/+nP/y7M/5ZWd/zn/7xZ/z3/7K//v/Pvtz/stf9n//37/6//6//0f8/iu/+DP+my+ozZ/xP57+Ob/sv/2//+8v/pxfdvrnUCv65T89/XP+x9O/4L8+/XP+m9/zL/gfz/6C/xLv/N+/6vgv+GVnf8Z/ffzn/Mpf+av/79O/4H/8lf/3r/5lv/r/fkEN/pz/9Pf8C/7rs7/gf/w9/8L/7Zf937/6mHr8M/7nL//C//ZX/+r/++wv/I/P/oL/9lf/37/qv6aWf+EvO/0L/rezv+CXvfgL/8v/8f/+1S/+wv/4+M/5H/9HgPplZ3/Br/ziz/lV//ev/lXHf85/8+0/5b958af8Ty/o37/wV/3qX/2r/tv/+1f/yl/9q/7HX/2/f/tP+Z9/2a8mOL/qD/3D/qbf70/8S//hf+Kf/L3+7P9u9GvQA1n4NX6D//vX+L9/7Hf69t/0F/3Df+hv8Ft+6/f9p/6mv/gf/SN/sx//zp/37b/5L/nH/9jf7t5P/3v/1N/8l/6Tf2J68sf8Tmd/y1/2T/+pW6//mt/3n/5b/vJ/9s/cmf4zf97Z3/pX/PN/7kHz3/x7//Tf+lf+i3/h7/mHJr/zd/62v+pf/ku//ad+6/v/zN/2V/+rf+XLv/Q7f/53/va/5l//a3/vv/Wn//1/5m//a//Nv/EP+Ef/mN/59/o7/rp/+2+d/6t/zff/2b/jr/93/87Vf/rP/Pm/19/5N/z7f++7X/bf/Pv/7N/5N/6H/+Af9Gv/hr/g+d/1N/3H/+gf9Vt+8vv9c3/X3/yf/pN/0o//Xn/B87/7b/nP/9k/697b/+Cf+7v/1v/yX/yLTv7YX/DF3/O3/df/6l/1+q/9/f75R1v71e/+nd/tF6/+h3/rr1/+O3/bV3/Ub/YX/yF//db/8gf8V7/WxdNf968vv/Wd3/sHv/aP/V6/zvf/gn/oD/5P/6W/+H//Q379f+4XvPvk5X/0792f/0NP/oD/+5/6iyf/zG81+6f+vnf/9R/0T/85f+Jv8GMHf9nfu/fHf/+32v9L/5r/+2/9M9Jf6+8r/snf6R998vAn/q0/5Tf59f/Nf+lf+SN/s53f7U/6zrf+ud/zD/0nfq1/5Xf9R3+t8W/+W337H979t0Y//of9Zn/Xv/aPPP9N/v77/9A/94c8Gf1Lv+ev/fBPe/nP/lpP/qL/+R//nX/9v+xP+RMP//1/62/5g7b/8d/q1/4Xfu1Pf7d/6Z/8jX/DX+fk6a/98Duf/9q/8e/865x8+eAf/D/qP/b+P/x/7P3hv/nv/u53/fJP/Yd+g9/q+Z/8G/5uL3/D8T/z+N0/+Xj+F/3Jf9zeP/5v/S3/3P7v9ev927/x9r+69Vv+4Xf/jv/o1a/1G3/67vifvfe7zn/Zb7T9X/5uf8D81/yd/7v5b7j9z/xhf+pfuvMv/muvfq+9t/9B/c8//M3/j9/iH979B3+r9I/b+bf/vcmP/Q4/9q/t/omP/6E3/9Lv/2v/T7/bH3Dy6f80/79/4g9J/qh/6A/4DT/9V3+N3/Kfu/fbraZ/7G/+vce/52/4F/xZ737iH/lt/8Wn/+nv9eBv/vef/F6/zv/S/qt/wqe/6+pP+rXHf9dO8+I3/an2X/qNP/23Hv8a/8If+eRf+lP+obt/x//2a/0Lf9Y//ObiN97/l/6k3/L04b/4+C/94x78GeXDf3H3v/7X/pHf+erv/KfSk1/r7dPf7I/7Tf+23/cv/Q3H/9A/9F/9sXf/tO/8Di/2/s7/4/XvufNf/xe/8PmvefDb/UPf/3V/q//j1/qNL/+pP6x5/mv9SX/AR//Fb/wTf9Uf8PTX+mt+g9/8dOff+H2/8+scvP3n/tD/+Y88/Fc++uf+kn/9t/6Pft3x/z36m/6g8T938Hv9hjt/+//2P/2xh09++T/8J+x8/LT5E5Lf+p/7V4//0L99tfqNtv+Af/W3+I12j2Z/6W9y+Ov8Fr/2b3z9T/5rv9Y//xv/409Pnv81/+C75o/d+2d+7+aP/ct/47/s//5ffs9f++DdT/xDd//rP+wv+Wd/xye/9+TkN/0n/6vf4v7P/Mf/wH/7xW/yt/2eP/7lr/n7/07/0Y/d+w3/rn/0d/51r363/z37o/6U//0/++LX/d3/uv/5H/q1/8mf+fV/nV/vd/09/9Q/6Hf8zf+m3/NPfPw//3knT8t/5vnf+o//ztXv/Yec/s6/+X/05Gn7rTd/5n/1H/6m/9s/9D/f/8v/yN/syaOr57/o1//sX/2P/qBf93f7S3/P5o/9K36n1b/0D+3/I0//52d/zu/8f/wlv9ev+Vv/Q3/pv/Dwt/qzfsvT3+ofefkX/ke/8S/55/7T/+jX/Ef+hD/kj/j4r375623/9B/8N1z+bn/QyT978Af/Zv/XL7rzX/2f/8mv+U/v/P5H/8HqD//1Xv5Bv9bf/id9/p+8+Z/+8F//i/8p+w3/otM/8f/6yV/rd/yP/saz3/Tbp3/Kq5/4Q36d/X/6t/k7/rfTx//Lb/ObfvLFX/zr/Lq/wW/yG/0nv+tvtvPr/qW/zY/9Xd/74//vv+PX+LX3f+/J7/CfNb/ur7f3B/w62/Nf8zf/x3Y+/7f/mD/4r/wD/7F/+jf8k/6Vf+LH/q6/+I/7U7//Jx3+huk/8Zf8I7/5b/K99g/9Hf+9v+oPH6fffvb9N3/Rr/UP/gYvf53/4l/+Ey7/rv/kt/kvf9k/8vjNb/7H/Qb/0x/5a337+R/02/y+f/If/9k//dO/5ujbv97jP+Q3/43Wj//S3+kf/HN+rXt/y/Fo+rv+t69/w60/+Lf5W/7hP+SP/c//01/v7/6Tv9z+6C/6jX6X8i/+9X+/v+nXffw7rO7Vf/Ynv+bO7J/YXf3EH/Tr/mX/4+/yn/1Fv+5nv+/v+lf94vUf8Fv9L3/VyW9y8Hv+Q3/gf/3kD/gjJr/bw7/uH/6Nfpd/7aPf7t//pz5/8Jf8Qb/xu3/tL/m13r76J36PX/pr/vNbv8Z3frt/+G/6NX+T/+In/qDf8P968vQ3/a/+/d3v/EE/9u0/6r/+dX7i3/pHfqvfIv0T/4W//y/+bf7N1T/6P//vf+v/fe+32/7Ob/e3/U2n67/vD/pD/8D/6B+Z/3P/0h++9+f943/bb7D//Dd48Af8mr/ei9Wvtfqt/prf5H/5m36d3+zv/20+/Zv/8b+0/Gd/s1/vwZ/xK37D5K9Kf/3f/4998q//Pf/y53/yf/2XvPgXXv2nf+Lf9It+3V/7P/qDDv/i3+wffvjb/AE/9tW/9Q/9ev/13/RP/MaPv/sH/9b/5z/yO/zWf9Nv/PDX+TN/k9/9D/pLf81nv+Gv99u8+Yv+8Lt/+R/V/u3/09mv92f8x7/hD/6oT37nb337H3r8P/xNf/j2/j/86/89/9vv/PD3/jU+3f2jjn+t7N1f82v81Ms/9Hf5jf7hX+8/+Kv+8MP/7G/+7G86/vInf7uXv/5v9Ae8/IMevfmPfpPP/6Z/6Lf75f/Tr1dN/qPkO7/GyUfnO7/Ot/6tP2D1z/xBf8RV+y//Gqs//S/6tf6sv+e3+HV/33/rD/4Lf8Ef+tv/LX/Mn/y3/9TBv9D+zPGf+cWv/eeO/7z7v/Gz//tbf+jBb/tn/UG/1W/2e/7ayR/wF//av+dv8E/+2n/Eb//H/5Z/3jT5bf+Af+S3+U/+5T/y6LdKf82/+Vf947/Hwa/xmyT/2e/5O4/+qD8o+c9+7R+f7EzP/uuXz/b/kn/pN0n/rj/41/qT/qdf69f6zf6n5Mf2/+Ff739OP9/7m37z3+Snfrsvfrt/+tv/0G/1+F/6TXff/Bu/xhf/1h/y8Pf+h/64u39U9puc/EF/0G/8r/12f+Py+fTTf+7X+B3/rr/gF//Dv9N/9h/9Dv/Mb/bsT3zxa/wdf+r/+cce/th/9Cc8/jt+t9/06t/7PX+7f+BP+td+5vUf9Rs1j/+j86cHv8av9aelv+6v/xv9oT/2W/xD/9C91X/8veS3+j3/3t/9X/tH/pR/5e2vvf34P0r2vn36J/9p//Bv9O+e/9q//f/88vi3/N3SP/jj5C/9nb73d/1Bv8741/iDf+Ff9w//Dv/I3/SbbT/50/6gP+k//rX+oj/lH5n971urv/W3SP+R//vX+812/pDf4m/4RX/cd3/fX+PHXv1vd/7x3+Tf+TX3/6WPfvt/JfutH+/9Rdu/dfkf/5W/x6/7NybP/5n/6jf8d/6gX+vTl39w8gtmf8mv/+bX+Et++V/0F+78br/iL/7B6X//6u85+Yd+nf9999f/NfePf51/49/6LX7d76z2zs5+uvq1fs1/d/9P+l3389/t1/7t/9W/6B+/e/Dy1/p1fp2/69f/4k/9E3/9/2LnD/5d2//oN/6d/4Z//OQP/z1/k3++/p9+w9/pf3q2U2/9iXv3/tPfYfv557/JP/S//6u/wR/wH/8u/+XOk9/u3/mHfp3f9Nv/0K/3G/5FW4//puyv+h3/gH/ot/7t/6293/jvWP0rv/8/9df99H//Pz37Lf+Rf+gPy/6P/zj/n/+iX/fh3/LLfo1v/+u/4e/43/6Gf8SXf8Yf/AdP/rTp+rf5L37j/+of+Zv+8D/sz/gDfsN/+Nf4HZNf6x/6g9I/7D8+3/oDTn6N53/xr/07pn/I7/SP/d9/wJ/4Fy7/49/4wX9X/Pb/zR/06/02/8Xub7r9F/1Dv9bv9Nv+Y7/j//7yNyl/s//4tyx+u2f/wq/72/6J30u/+G3/nt/g1/909O1f81/6Hf7j74z/tF//Nylf/prn/95f/OtUv/cftP5D3/z63976XX/nvyF99vt98tv+CX//7/qH/sl/Z/ovfPTb/UO/xv2Xv8Zvvv4Nnj3+k/6C3+Q3f/rjv8PTf+vX+g3+rb/oD//9/6X/9Nf5F//4L3ZWv+ZvUn78B/2C/+4PGv/6/8Cf9NHkX/tDfr3XL3/Ne//ML/pDJn/Tf/Q7/Nb/0K/5m/x+/9Af8dv8Tb/mr/VTW7/G4//iz/2NfnXya/72v+o/f/Ib/lt/wa/zrf/oL/qx1//TH7z9Z+3+2N/xyZPf7Mf+oX+8/H1+zz/u159+/o/8W3/RP/T4p/6qX+s33/nxf/Qf/6v+vu0/67/4T//A3/33XP17//ZP/Zc/8x//Mb/VL/5Pf82/tvw9f7358R/W/L7/8G/86/8G1//3xz/4m//E9Dc6/h1/+9/7d/x160+/+q3/rT/gbP8f+sf+tb/95T/86/+qya/5b//dv/en81/z1/nev/cP/7rHq1/ze//RnX9g9ev/Wn/Tb/Db/E+/zhcvf61/6B/6tf6L3/M3/Zf+p9/095ydH/2p5//IH/B7/e6/++/88C/6dX+z3/MX/f47D//Gf+nX+m3+oV/j1/iPft13zcv5v/Rr/h2r7z19+cVvt/Mbf/cP2P5Ff8r8r/sn3v6tv8Xv+PF069PV6K/+NX7P57/w1/of/oAfW//yO3/eL/x1fsW/8utXO7/TX/xr/CZ/wt/0g9/ob/oNfo3f89f5M/7VXzP/hb/wb/jJ3/DX+uW/6e918vHfdv6H/J1/xtt/8A+Y/0G/2a/3xX/2Gx+tfpNfP/1Dfpv0N/jxP6P8Tf/2H/87V7/JX/w//bq//5/0m/ybv8Zv9PB3O/ixl+/+pz/5N/k/6vWf+dWv8b/9Or/G9s5v9J/+Q7/GH/kH/NqHH2/903/Qo//t//7xX/CT/9Ov83vXv/5v9Qf9htXv+RP/cvob/dZ/0a/32/xFv8Ef8Rv8Gv/kb/Yb/UOr3/Bv/Z9/jX/xD1j903/Rb/jVf/Jb/um/7Df8/r/0G/4nv+evkfxJv+Gf/Bf9Guf/0G/4B/xBv85vkf66v8XL3/A/SH+tu//Sb3T4B/xGf+DvWf2if+k3/E//pt/wL/oDfu3v/Um/9m//B/2axb/yG//tf9Cv8QvS5L9Kf4OD/2nnP3v5a/7t/9Ov9Wv+Zj/2P7789a7+8bvf2fmxX+f3/DX+0T/p1/m90+3//Df7Tf7jH/9d/rXTH/tb/qXf8Ku/6df+H9M/7p//k37D//2f+rX/u/u/xm/0B/2m13/Rr/E//k+/yeHLX/df/5d+w1/zL/r19v+g333/b/r1/sW/6Tf6l9I/6rf6nya/9s5v9NXLX3fxKw9/p1/n13y18+u/+pPu/OS/9Gv9b3/Sb/ji9/x1/41/6Nfa+a3Sf/D33P+v/6Rf41u/WfLr7/z6z/+i7/2CnV/zF/xHv+a9/3vn137wR/+psz/oN/kd/qRf7594+ev+6j/pN/wdfrNf+w/e+TV/q7/oN/zT/pU7d37L9F/6g36tr/6n3/hf+ZN+3U9/s1/z3/w1fpP/+2/69f6gP+DX/E/T5Nf8l37dqz/p1/4v/6O7v+LXOfk7/qRf+O/tLv6N+3/kf/xr/yZ/T3rnv539Ovu/xm/yz63+8L/0d//k4N/69D/4PX/tz/6g3/Df+I9+6nf6fX7tv//3/GN/h7/o1/zXX/7G/8Jv9mv/p7/Gr//b/kO/3u/1N/2Gv/pv+g3//p3f6JO/6df6+/+l3/B/S3+T//E/+o2++j1/rf3/6Tf82/6l3/hXfvxr/1v/0+/79Pf8dX77P+k3/i3+ot/gT374azz7l9pf4w9qfs3f7Nf49t/06/1Lf9D+fzbb/1P+lj/l+b8x/rd+jfndv+XX+Dv/oV/zL/+Hfo0/+H/6tf+M9W/0X/5Pv9Zv9Df9hn/3y1/nzZ+0/0/9nr/hf/cv/25X9a89T3/T1a/3a/2aO7/R3/sf/Xl/ysPf6L/6v/+l3/A/+rN/w7//b/qNf4f0N0l2/th/d+fPTX7PX+P8b/p13v2ev+5nf9Iv/sXNb/hP/5W/8T+7s/jtf7Pf5J/7k36TP+If+jWu09/kD/g9f/2DP+3O6r/+6X/rD9k+/yN/wd+WHvx0+xv+U//R6PUf8Bv8mn/Rr/17pL/m7/qP/Jp3f7M/+9/9k37dN7/Gr/3ZR3d+2z/1o9HqD/7Hfo1f+3ff+XV/g3/pN32e/nrPd37te//1r/l7/E+/9m+586c+/49+jf/y7/61nvz6v97f93v+Br/un/0b/rU7v85Pvfw1f/uXv9FHf9Kb5Z+U/Ef/0K//B/xLv+Hj9Nd89hf97v/SP/Rr/cUf/Vp/3R/w6/42/9Nv/B++/HX+qt/z1/3b7/0B/3b6R/1rf/jv/PF/9Bv+dX/Wb/yb/0O/7n/6m/1Jv87L3/jv/gN+vV/nf/qNZ3/QH/Qb/Z6//j/5H/16f/lHf9y/8vLX/c//5V/rZ/6k3/DiP/rB/p/0m/yLq19rnv46v+o/+o1/1//7V/35Z3/Ar/0//EO/1u/xpxG7/gZ/986fdPwv/dr/5ctf89f6n36t//Kv+rVPfrNf85f/Sb/mT/xJv9H/+C79j37PH/tt/qXf8J/Y+eN+nb/71/67/6M/b/Y3/X6/1m/2a/zd/9FvdP4H/bX/xP/0G//dO7/Jr5n+Br/VX/lr/cz/8if95n/37/pX/j7J7/n7/LrHv9kf8Lv/Sb/J7/5r/Fq/0R/wax7/T7/hzstk+2/6Df+3vyn59X6NP+fOw9/rv2x/o7/2F/5af+rOH1Je/Jrbq7/ht/mT/oby4q/9+/+mX2t39Zv+fX/Pb7r7F/0av+af9Ov81v/Rb/x7/T6/xn//W6Uf/UG/1n/4D/2Gr//uu0//od/o79r5Tf/If+jX+Ef/pd/wF6W/5j/+T/6av8+v/Wv/xr/ly/mdq//p+Nf8G37332X5Y3/m7/4H/DrP/qHfaP1jf2b+2/yOv/vq+J/8l+r/8de/++/+E7/ub/Ab/nq/1+/5p/0Of9Jv+K/8Rb9m/hf92n/oH/Rr3KX53/7Vf9l//ztQhPQb/5rFr/d3/0d/9s7qN/w70l/nH/iDfuNf+/Wv8eVf/u3Vb/Zr/EnFr/lrpL/wN3iZ/Aa/z9/4y36NX/vH/vBf9+1f9OdO/5ff8J/8I5/8xr/GZ3/Hr/Mb/0f/0K/32+z8Rv/oX/Tr/XH/6a/3p/9Dv8bv9Tf9Jr/bH/Br/P4//nv+d79o93/7Zb/rq9/21zv+l/78f+G3/2v/zOs/+3//q/7E//DP/gv+hf/oN/r7/qTf8H/4u/+Cv+8P+vX/qt/z1/51/6Df8G/7Pf+Y3+qru//zb/Zr/tur3+Q3/Y9+vd/mp/6u3+0PSn73P+nOf/mn/UW/z9/+F/3GyadP/tJnf9xv8Xf/+n/Tb/A7/ba/xvQ/+gXf+jV+/f/kt//b3vxPv+GP/9TzZ68//5d/nV/7p/6iH7z4r/6yP+YP+Bt+o3/px/6Rv/Y3+Pv/pt/kv/rNfu1//+Fv9Hf/Tb/2P/Jn/YZ/QPobPPvNfs3//uVv8j//Sb/Gn/mv/Bq/49/5G/7Yv/vrPlu9/uX/98uH/8af9Gv/Qemv8du8/HX/vr/p1/mLVq//tj/o1xz9T5/97avf6Pf4R36jf3z1ax/9xb/Rb7r69bde/l3/+n/06/y2v8av/79v/cYXf9Nv/F+lv/HvuPo1P/qbvv9r7/y5v+av8Wv8IS9/4//67/01v5P+Wvt/0G/w2/1Fv/F3f43f5Kf+gF/n1/8df+3/5Pf8tU7+oF/39/yf2l9/9ev/jTu/wa/5J/16v82vQd7Fr/Nr/0G/yd/98te9k/6a239Z8jv/R7/un/Xyd975m97+Gn/AX/vP/wG/0W/0D/1DxZ/06/29f9CvX//rv9buH/Bn/0b/3N//H/7Rv/hf/Z9+o98w/U3/xb/oN/lX/4jf8I+9+jX++N/zNz78m37tP+T3rB7+Rb/OX/ib/Rq/MP2N/5X0N9hf/Trbf9Kv/yvSX/8Hv9mv9x+8vP+n/S+/6T+08/Gv+z/943/qb/Zr/AF/02/41X/01/7X/84/+Rv9Sb/hH/Yf/Ub//Mu/4Y/9A36NT/+j3+/7/9Ov9Zv/3//RR3/k//Kb/rPpzr/1a/wav+LP+g1/0eo3+u3+pt/on335G/5m/9Bv8Mnv+Wv8Dr/nr3/673z0W/1Hv+5/+eo3/Kf/4d/5H/yTfqN/J/21f6d/6Q/7Nf+jP/W//a9/o3/tP/o7//7Vn/XPp7/x3/pn/3p/+tlv/If+0X/c//Lb/6YPVr/W3/0n/5q/xl/0l//7P/br/dd/9m/4J/4av8H+H7D1G/wBv+75H/Ab/cH/0K9z9Wv8qev/6v6v8Sf9ev/V3/Rr/XGrX//X+1fHv/Pf9Bv9W3/S1tE/9Bv9Tju/7p/zm/3Y//5f/f3/7Xd/rfYP+DX/3t/zN/4Vv+ev/8Wf9Gvv/Ga/5m/7+nf7X//2X+NP+1fGf8e/cTj5tX+D1d/0a/1XO7/Rz/yev+6/92v+Or/Bzm/w7/5Jv+F/+D/9+r/Bb/zy9/tH/9xf65f/ev/SS/JF/5S/9sEf8kv+vX/5v/l3/uX/9nf4NX6vnT9l9d/8+r9eeufbv/7f8Df8K7/OF//Rb/y3/UO/1k/8S7/xL/81fv3f6P/+h37D//Af+rX/qj/p19j5NX7jf/Vf+vE/+Vffe/zjf9S/UP+G/97/fO+PeLL/X/x7f9uv/DX+/iz9jX67/+jX+95f9Bv83S9/0/OdX++3+DVO/uRf/Bt96296sHz5a/73f9Mf8t301yj/oV/j5N/7C8p/8tf4C/6u3/DPSf/sX/MP+Bt++p/d/tZ/9GPf/TXIOD/64rf9c37JP/Zr3vv1fq0//PBP/81e/pr/8e+Y/Pp/yuu/4H9K0vQ3/rv/pl/n5H//s/+e/+Xu777e+z3+89/yP/41fpP/evUbXP9Jv/7f/fLX/i3+p1/nP/09/4kf/81+7d/4N/51/6CXv9O3/oA/9f63fs2f/DX+yl/4D/2m/9K/8ev81G/2a+39Q98Z//iv8Rv9Rb/G7/A3/YZ/yN/0p3x58Qt+251fo3j5a/+fKRmHX/Of+HN/wz/nX/r1fqPfq/mT0t/0T/qXfs3/5ff8jf7Bf+iv/m3+pN/wn/89f4P7j37tH/8Dkj/j9/l1/s1f/9f4W/7vP+nv+yd/1a99719K/rO/+zf9Q9If/Hu/xq/9O7+8+6/+er/x//Jrtv/av/Qb/a3/Uv631r/Gn/An/Xo7v/o3+Oz3/HX/xn/o1/tP/qPf6PdKf73vrX6jf/y3/icnJ7/h/V/56/7hv+dfcPEP/aYPr//Uv+dX/CV/zn/0G/0T/9OveW/n17//cH2S/pp/35/+a/+l662/6w/6jX6tPzX5Nf6A3+if+D3/6eWf9Bv9pr/Pb/iH/Ga/xr/2F/0af/3v+Y/+pX/7i/+sffFX/nO/8z/9N/1G/87v+ev8Cf/SH138TX/Br5P+Jv/J//Tn/9hf+yf+E//Qb/i3Fr/p3/vH/aZ/yvWfffpr/Nof/0u//h/80a999C/9Or/lzq+92Pm1foe/6Nf4e/+kX/e3+u75H/QP/Zvn/9Cv/1v+Rb/Wf/0XPfyP0uKjv+k3/M5/8Bt87+Wv+fv/K7/mr/sv/a7/+l/8G/3G/9CvubXzz/7rL3+932LnD/q9/6Jf97f9m379X736TX/lX/Qb/IF//p1f9n//Tb/Gv/8XffLsX/0Xf+fVz/ydz/78Z//Sr/X3/Hu/4R/4mx38oX/or3Hnb/oN7779td78Sb/Gf/af3v+70t/9z/vLPv3d/6Jf51/7u/7Ugx/7j/+af+G/Ofyz/9Tl+tf7m/+c3/CX/p6/7uJP/Vf+0vzXHn3/1/pn/oDf5Hz/X/01/6ff+J/4g/7VX/ab/ZqP//yf+c6P/0Z3Xv3jv/jkN/z3st/wH1n9a//3H/Av/HX/7G/4r/1Nv+Zv8Qf8Jv/eX1Td+Zt+nc9/k3/k3a/16bf+gN/x7/yX2v/+N/t1/+3/6Df+F8vk5O/7tf7Uf/03ffhf/xr/0a/69T/9a/Lv/Z6/9u+++vV/49Wv8frJR7/gN/m1/9jf79f8r/+gX+O/+NX/4e+182t98Xv+muX6N/mP/9bvf+cv+nXu/J6/1p/9L/161emv/X//Gr/g//61nv6e/9jHR3/zr/Grfo3f5I9M/9j/9uWv/cdf/9m/2z/0m/7B/9Gff/En/Vrbf9Nv8p/+Tb/pf/U//QV/7//98jc+/VV//q/zJ/36//wf8Gtl/9Cv+eDX/k3/0//51/pv/+5f+3f8n5Kf/I/+jn8i/eO+99/9Rv/K3/Sb/P2/xq/3d/0Of+1/ePYb/w5/0G/63//2v85vsPo1/qe/6Df6736NX+cP+wP+k9/tb3r0b/wav84v+7t+7Zf/0+vP/6d/8r/9zX6dN7/Z7/job/oN/65v/Qaf/hq/6b/4H43/59/zN/rP/qY//g/6A37dv+D5b/wX/UXb/+H/nPyxf9Nv+L//Q7/+i7/pD/7Wf/Qb/K1/92/4O/5Fv+7v+tt8/jv9Q1/8D3/Tr/ETv+dv+p2Xv8GP/V6/3v/xB/3av/X/dPjrNL/+b5smf/cf8Btd/Ev5/zb+nf+9P+nX/Dv/p3ff+5d+l//pH/mf/qXTX/u3vtP+6b/nr/ub/UVnf9Af8Bv8V8U/dPjb/6W/R/rr/parv/T+o1/zt/iXfo3f9Nf4A/+n//Jb//f/8ktH/+ev873xb/LyH/re7/FbT/6I/+XX/S9+0f/4SyZ/yPr3+TX/zdVv/Pv/3+mv9a8ufr2Xv2fzh/3Wv166+mPTx9/6Df+gf/TP+jV+oz9t5zf5M3/q1/sb/+j7f/C93/j3uvqNR7/Gj/22f9Fv8Gv/Pr/uL/01frPf+qP/KPk3jv+DP+M0+a3+s3/mo9/119r+bf6lj36r/+rX+I1+n93lP/yH/Jq/4T/xxZ/1m/6ev/blH/2vPvj2H/L46n/5A/6jP+Tv2Po1fs2L3/HlP/+X/oq/6B/ez3/3+dPf4K/4437yr3/7t/8W737Xn/5Df73f+Hd89uc+/zX/sr/k9/yDf4OHb9K/6Fu/5tO/8ff7e/+J3/N/q/+63+aP/R0f/CV/flr/8X9oknz69/1bf9A/+gf8Wzu/4GT+8uDX++P/8t/8x3+rj/6u//a3/Ot+z+3v/1Pzz37jv7n8T+4mr3+Txb/7T/yx/9if9Bv8I+Wv+ef+nf/56b/x+/6O6T/39/7Hn/yTf/Ov90//Nu0f9Vd88Xv/LX/ppz94/MUflH/xZ/2a/+hv9Z/9oj/jn/2T/u9f83f6/dJv/13/03d+7O/6LX7sH/qv/5L7f9fveZj9M//Qn578Tb/bb/vH/NRvlf6+v93+i3/nT/jd/97/tVg9+6t+n79x/9f8wU/8s7/sX/i3/p70iz/gl//Xf+l//4/9Hv/b//yf/4t/5e//H/5fv+T/+BX//n/+e139Ub/GH/z9n373h//Gv/jyHz75jX79X+tPOv+xk9Gv8eN/7S/5rf6d3/23/en9f+p/+AW/7l/zJ/2hf8Ldf+jX/C//7OJglX168e2/+x9Kfr1/ovgr/uzf+af+vT/4z/x9/4l/+z//86/+h387/23b/+lf/j1/7V/ya/0G/8lv/Zv8TX/2+e+Q/je7f8Rv+1v+gm//Eb/Nbzf7t/Nff+s3+pt+11/3tP6T/4nf9Df423ae/JHr/+AXPfuTfsHOP/R7/oLrP+Rv/i9+25/63X6Lv+gP/53Pfs/TX2fePvwvf+tfb/+f/sN//c/e/FO/6+/8m/9a7/7YX+d3+De+/Wv8mdN/5U76Z/26v83f9H//5X/u3V/42/8Vv+3eP7aT/pq/9Zu/6i/6tX7819n5y3+H3+93+OnJ+KO/afef/PO+t3P/oz/4+i/6VR//+r/5d/6mX/Pv+DUuf+wv+i1+g/m/9Gv95r/nb/Nv/8vf+Q1/kP9Bf/CvMfrt/rJf99M/6Ks/7Dcpf4eDn/59foff4m/6j//qX+tP+7X+st/wN/4NXv4aya/zJ/3g0z/41/ot/qz/5I+9M1/96Vvnf8Nf/Rf9GfU//Jv/w3/I7/sX/XV/6R90/d/8nr/Gr/M7/Krf7j/5jX/X/+y3/3V/i+d/wF80+7N+3//mzsnv+5t89E8t/pzf6Bcc/JG/3Ve/7x/wB/z6F89/uz/kD/n99/+bv+jX/vH/43tbv8b97/xF//jv9PZv+pP+yj/o3T9356/8neb/wR/16/96y3/mX/7H/6hv/bLf7OLX+LHf4r//gz7+fV/9SV/8wf/kf/NX3fnt3/0Vf/Nf/IddJ3/Xf/7bPPzkP/ptfv3f6Y/b+0f+iF/nj/u9/5o/+j/6pXf+77/oD9v+Nf7i/+YPSf+Wf+WP+WPu/vT//Ef8eUd/ydYf+de1/8o//Q9/9Tuu5v/tX5/+8j/oL/q1Hvx9//Af/udt/x1bv+af+TN/0O/9H939T/6k6//mz/6NPtp69Ifc+f3+pV//L/zn/oitf+i3+d6v9/o3+vN/33/jd/2D/5hf6y/5i/7Iv+HX+4/+6z/gD548/3N/vb/6F/zC7d/h13v66/z2sz/z8W+19eN/6o/9Vf/Tr/VH/sLfc378B/3ar35s+Xf9J3/BH/OX/M75bzLP/rzf99t/0a/x5/xOf85ftPxti79m5/zPy/6qX/RP/Fnf+u9+7O6f8vu+u/74T/x9/5A/KP1Djl4c/K5/2P/xzzz4v/+P/+XfPv6Fv/Vv9W/81b/wt/34Wz+W/uov5v/Rf/KH/6J/6H/7df69747/p7/ot/79/qcnv8OXv8Yf9pt/5zf7E/+A3+B3S/79v+v3/vX+rl/0a/xWv8Y/+2v9uf/UH/zgt3j5a/41P3P86/7U7/2P/uZ/0P3/+zf6Lf6rv/jXefVvP/nLt17+Ib////GP/Pr/0Na/ef/pH/DHLP6zf+TX+dv/kD/o1/xX/qbf+N7v+Rf/2G/27X94/M/9AX/cn/DV//StZPXr/RZ/V/0b/ZK//tf8Df/tf+qfuP+P/Bp/SPZ//JG/5a/3T/0an/4L//Ifdu8/e/LH/vRfdPytP+VP/o3nf9Af9Gv+u//WH/5b/lV/wK/9F/1mF7/mv7/6I+/+Pb/oDzr7A778TRZ/1j/8m/7SnT/0t3/3B/x6n/9D/+T4r/qb/+Bf+vz3/JN+yz/pH/l1/qw/4J/8rX7vv+g3+Z3/q5P9X+Nf+kO+9Z/9Jb/tX7LzR/yZv9XflP7i8g/4tf/bP+nZH/fb/Uuf/Ib/x3/zp/79ye/5C178zb/O7/Z/PPnt/9Xf+9nen/aL9n/q3/pLfrt/4Df79fYe/zq/yecv/9Hf7uV/8muMDz767X7//+3X+p1IGf0OyR/0G979rX7P3/5/+qd+zV/3p3/RH/fr/1F/0a/79/5vv95v9Xvv/rq/9f/9/PjH/vD/6g+/8+v9y3/ibzEvkou/7A/+NX7h3/br/Jbv/uHf4Td+93v+On/Rf/xr757+xT/25/wr/8lv8U/8Ab/22//qH/n1/7k/6M/7Tf+V3/Wf+Olfd+s3+qlv/547P5P9Ju9+3380/c/+oGe/5n92/Bv+vmn66/4n/9JHv+mf8z/9hj94+g//+f/Izj/5W/1Of/tvXJR/wG/w6X/0X+3v/EW/8Z/2R/yjv+Xrd3/4r/8L/6DPd3f+4V/73q/4g367f2f1r/72v9Gf8mP35n/ob/WP/Eu/xm/+++afT/+if2R39Zv/pn/kn/DRr/n7/1m/5+9x/s/8Or/wjzr+jX7Hv+mP/PV+q9Wv9+jFH/BX/LZ/1+/5O/7SlGLJj37B3/5rJPf+jL/5j/tP/rC/9Nf8iT/oePsf+ZP+kN/v7/tLf/vjv+jJ7/LH/Oa/5tN/7Nf+Df6tX+Of/A0f/ce/0a/7x2W/wds/6vNf56d/19/+d7/zR/91f/dPnO78Ff/yr/G7/75/wP/9a/wx/9bp3V/rX/rDm9lf9Gv+di//kd/8+d/8x377P/pHf83Jt/+he//wb/4bZ7/bP/M7/E5/1+/50T/3B/wRv+/vdPxr/UH/0Wz0Dzy68zt++2/7bf+A3+4P/vV/jd1f98f/sv/0N/kn/7cnj/60nT/88Ok/lP5Lf9Ov97//eb/63/tlP/af/vZPf89/OLn8id/441/nyfGf/Gv84b/mn/YX/WG/yx/3H/2Gv/7v+Wt88uv8Q79e++/9pb/g4t3pb/l3/E1/xB//5/2zv/NPpH9q+0f/T8lf8NHv+hv97b/n01/3v/mfkl/n+R/8a/9Rf9Ef9Lv+Wv/RXzn6o/7hX++3enn86B9Y/ZHnR//4n//P/FP/8K+99Zv/oT/2J/8av9abv+gP/o3vU8pl/y/+sT/6t3v2x/46f/Mfnvy+v/av8/eunv2CP+/X+IP/tn/49/wFP/btP+j+n3b8a/4af1f++V/0Pz35rX/HX+MPqr79l/4Of86f9Xt/62/6i3+j3+4v+wP+uE/+73/oD/3Ttv6iP/Zt+4f+dmU7/Uvrv/mP/e9+jd/rT/uLZs9/8qf+p//85S/9W37df/C3+MnfOf1Fv9bv/2v8nr/N3/13/ZG/8F/KfqOL3/uT3/Zf/6/+8d/lX/qX/6zf/Y/7A369//PP+kN/wX/7e/9Tv/3Wk9/1d33+D33re3/0b/R7/zv/yG/7j/9Nv+7en/UP/8G/9sHkt/17/7An2//XP/yb/1T643/W35P+wt/hW//THzs7/7V/g/9y6w/+HZ/+R7/xd37vP+B3/uf/oCef/o9/0R/ya//ex4+3/6x/6N/5K/6mP/wX/Ev/0G/wa/wBv9OfsvqP/tBf/2/7W3+t3+4P+vy3Wv5Nf3j6G538Ln/3H/CH/YJ/6Y/aP/+X/pLf8e/8n/6wX+f3+0v+4N/3D/qDf5Orb/8av9Hv/S/98bPHf8BffPTb/fb7f9Df/At/vz/gX/yxP+iP+oM++a/+4d+iefof/4arb//a//nz3/PX/53+rV/r1/5nf6N/+Mf+tv/41/7ND/6Q3/j3/21+9//7zz75rz/+Z/d+jX/uN/kdPv81fs9/6Q/65NfJftuT7Z/e/ij9E//Y3/3X+HV//1/42/za/9Cv8Uf8Ef/sr/fv/qe/3e/+T/7a/9AfNP27/5Dfafav/7oH/8JP/Xm//v/2D/1O//Bf9Y//Nr/Wzm/yO/zZu6N/8I/6g771O/5Jf8yvufN7nv/MX/Rr/27/yR/8x/7U03/4d/qPf5O/8+W/9tGfuPyH/tJf8/f/zX6Nv+nf+Jt/wz/nX//ot//q6R/86z7/m//Eh//jk9/kX3j8TxSv/95fY776i7bPV7/eb/8npb/mbzvKfuc/4w//tf+Lv2n1a/5mf1D22x0l/9Nv8w/8SX/o7/QH/ae/4X/06vjX+qf+sj/2v3jy3f/5j/0zv/y1fovmN/ify7/01/tzfu9Pf/uD539o+5v9mr/Ts7/rH/pNf60/+M/+fZ9+63f5H/6if+Q3+8v+oT9s+7f6h36L+R/0h/3GvwMlBB7/of/EPzP/g37Nv+0P+A1/l/Qf+qubP+qnP/lr/u+//A/+jf+247+mnf0jn/xx6R9y/9f6S3+t//J/evbr/n3ZH7z4+/7SX/C3/d1/8v/6l/3Pf9SP/UPZr/vJf/Xr/tgf8hv+Jl/+Uf/zP/O7zU/+wj/yP5p9/7/6T37rP+av+rVIr/zxX/xHv8bv9F//Xb/Gb/r7/bN/7O4q/fXr3yFJ/60/6Y/4rX+Dv/ov+elfI//Nfr36D/iD/4A/6A9+92f9Wr/Z6o/4wT/1h2e/99/18nf4W1/8NX/It/6mP2j3N/yDfpvf4N4f8GO/xukf9Af9Tv/b3/3Jy1/zd/qLfq3fYP5r/hP/1q/3B+78Gnf/pD/ot5r/Ou3f9df9nr/Pr/3b/Ve/xj/1d//hf+Bf9ev+Or/dH3aU/MX/wa/6df+Wj/7a3/tbv95H/8eP/Sa/2Z/8q/7qX+vV7/1HXPxRv1P+7T9i+Wv8EW/SP+RfLP6gX+8P+vXm/9Af8cnv+Qf9mf/7H/xLD/6Q3yv9Nf6If+mv/u6f9Yf9Gv/Sn/zb/V1/y/5v8Jv+4t/7D/6/f/p3/YN+8Cf92t96+ev+U//w39Wkf0i784cc/Fd/+C/+zf7IX+O3+zV+67/rD/0tvv3r/yZ/1x+R/Ra/42/+J/0Vf/4//Yf/5n/SH/QL/6c/rDn4I9/+U7/xisL93+7Xvft7/hq/xV/6R/y+3/61fu1/6tf/7X6Nv+Gn/q4//Lf8zq//5e/5mxf/0a/7d977Q36Db/9Bf+Cv8SeXf9cfurP16/56/9av/4tWv97f/af8ZX/nuz/t1/h7/pY/9df+Pf+hf+fX/S2+/Qc9+pf+4Ozf+s1/j3/o11z8UX/E5X/16/3+vxktyP5Fv/G/9w/9/r/5n/j7vvyjfvf04elv97v/hv/UH3r+a/yhP/ZP/Xp/2b/86/6N73695Z/16/3U35VWB7/e3/ev/iXf3/q19r/z61XpTvI//cEX8z/o9W/1mxarv/cX/le/+x/6e/4Rv/vf/Gf/g3/xr/Hr/E9/4U/+3r/m27/61/rxv+TX/Ov/5z/o957/+eX01/g1fs8/7Hf8zX6X8//t1/+/k2//Gn/tf/z4J/6pP+b3+w2e/pq/2Z/4p/7iX+v69/5Df4N/6Q/58T/qt/77/9U/+A/4q/7Q32Lr1/zt5n/k//pn/RG//rt/+jf4o36N/J/6Nf6Jf/fsH2/+vj/uN/8Tf9G/9Wv89J/1J/0ef9Gv9Wv/Bk/P01/r1/i9f50/4N/+w9f/0l/y+/2ev9Zv92v8Ib/gN/i1fr3f7g+982f9kT/xe/6hf8X1r3H+Z/166//ozyh/g1//6c6v8VO/xq/16f/0p+/+s3/of/jv/vo7/9Ef+kf86t/t09/zD/51/qS93+7v+tOSf+nXTf+rX+e3+bVHv+hP+pMf/wZ/0egP+rU//aOJQL/Gb/0f/Rr//H/7h/wav/ef90f8t7/13/Ov/CF/3y//Nf+p//QP/8Fv9uv/ov9o9zf5DX7dg9/g17j3b/2av+Wf9Gv95gd/5H/+ya/xO/1JW7/4P3r68A/6NZ7+b9/5p/+gX++n/qPf4Pf8m36tf2fnD/70N/jd/sxHn/3CnT/sF/9mf9F/8K/8pYf/y5P/+/Gf82vv/p6/1l/za/6Rv97BH/Ry59f4tf+kX+PT3/sP/u3+oj/iN/0DfodH81/zv/2JX+fX/A3+0H9j69e4+q8oK/6H/xf/zj98+Mv+4X/41/hH0t/pH5n8SX/cTx38hp//Ub/17/7P/UG/8C/7w7/3Bz35A/6qf+xf/g0+/f2/89v8tr/B7/7yf/8T8z/32W/2d/1Bv+1v8Gs8+Nd+jf/+9/5H77f/6P+9+vUe7vwaz/+uP3j52/3Gr3/DP/x3+lv/yO/9cb/2nb/qT/stvv38o4M/8tf/l/7wn/qrfo3t3+7X+Inf7I98/Vf9db/bf/UHtwe//tODX/87v9sf8uAf+sN+nZe/9utv/9rbT36tX/s3+0N+3T/rD7nzP/0Rf+Bv9kf9+G/1Bx3/TX/K97/9L/8Wf9Sv8fb3/iN+o2//EX/d2a/1d/5Dz//uP+WP+P6/9Y//fv/Rr/vH/Cm/9R/w+/zBB3/tr/c7/0V/899w/Cz/4/6Irb/pD99694f+1M6v9Qv/q3u/x5/6rf977x/69T/6Z/6Q3/w/+vsf/S/pf/2n/to/9hf94atv/4MXP/j1/uuP/vHf4ODXf/AHPf7vfp9f6+Pfeydf/drbW79m8j/9eu/+oD/y1/6Lfsv/4r/+x3a+/ev/vju/wZ/3F/3h//Jv98f/Af/Ur/nJt//Z7N/69X7dv+vX+aX/0q/9W/5793+9b//aP/ab3/mdfu9f+/f/7f7C2W+W/LV3/qBf9oM/9vf7t36Nnzz7tU7f/VanBz/27l/+tX6z/+jX/kue/iG/1j/0a/2O/9If8u6/+iP+5+tf7/v/0p/7H/2ef0TxH53NT//C1bf/iOQ/+kN+1fUfee/3/pN/99/u1/id/rf95OUfcvZr/N2/9q/9h36+8wd/a/Xr/aI/4Ne681f9Yb/WP/4v/BZbv8Zv90/9kd/7j/+g7f/p15v/V3/wr/NH/UHlt/+IX/tv+k2e/Ft/8I/9Z//E7/er/sFf/Hv/yV/9Qb/G7/jm1y//gD+i2fqDHv1R5Lr9un//f/tbf/If/+H/995v9+v9en/V7/QL/qI/5Nf5n369rX/31/p3/+c//eW/8mvR4u73f7M/+MW/9Ov8Dr/oj/j9fo0//Bf+nn/Qd/+AX+e/+qd/3Uf/1R/86/9Zv96/Wv45zf/0a/5mW7/7xR/1a/8G/9BfkfxFv+Hf/3v/np/8Wb/Z6Z/0a/09v+cf9Gslf+j1T/wav/HWr/1LV7/17/Bv/Vo//m/9Wtv/1K/5x/9Gf8Q1rakcPPko/UOK/+nX/PP/4D/5d/+n/pC/7N/6tX+9P+oP/sXf/kN+zf/tx3f/pF/jd/ir/vC/efZHHL77w4//rj/yt/4N/uKT3/zX+p3/8r87/d1+g9/39/zj/tLVH7y/+vW2rv/y5Z3tP/7bf/ib3+wPmfyev97s7/rtfpf/6Y8Y/wa/++n81/x9/rfflNKGf+Lv+Ov9zr/Br/vq9/pj/r0/6NepDv6Rf+SP/TV+lz/oj7j/8i/5A/+nX+f32v+Fv87/9Ae9/ud/7Wn6637r9/61f+qf+iP+jt/nx/+MP+jX+b+v/6Tk6T/1N/9de3/ot/6jP/S3/7t+je1/6A/5W//kL+f/1h/y1/yrv8ZP/3Z/5Fe/3e/wWx/8Eb/rn/QHlS9/vd9x59f4XdJf/6P/6Nf6T37XP/q3+pN+jX/9n/r21e/9ly7/qj/8d/qP/uVfuPMX/Zk/82/+Wr/Z7n/01/yGf3nxh+z8Gr/Ob/B3/dq//2/8B/3O//Ef9pf89N905w/69WY7f2T+d/3U1V/za6z+rj/08E/6df7nv+nX/0v2/rxk5w/6rf6nf+78P/o1f7ff7I/Y+s1+o9/h5Lf6ff+gP/P6X/q1fs2/6Y/87f6jP/x3f/mH/ob/yF/03b/oN/wdDn+r/F/6df+pX/zr/7r/0B/5Wx38Qe0/9cefXP8xz//UX/O3P/g1/sjsL3j9T/0x3/4Dfp/27/pbf/e/6G9Nf4Nfu/x7/tC/7rf/Y7639S/+J6tf5zf89q/9G/9Hv+70f/tN7738g/6n3+wP+gV/0B/8a/1df9Bv9Rf9ef/sX/KH/IKXv+bv/u1f5z/5q3/N//vNP/Rr/r1/zK/1U//TT/2+/9IfPv/z/9P/4zf4O6d/07/x3+3+ib/zwa+9+1/9wX/0//Rn/Ia/3R/8a/+xf+in/9avMZ3/ev/Ob/CH/EnPf+1f61/6NX69v+gPvfrTd3+9v/ZP+23+8D/nN/gDfs3Vwa/x6+7+EXv/0F/6Z3/rd/tz/pc/6OnLX+O3+X1+3Td/0q9fv/wj81/jj/yp/+0Pf/QH/F7Z6B/8XQ7+kN/926d/4F/1a/66D3/tV//nH/4H/l2/3tudX+s/+JPu/PX/yx/0d/9Ff9Bv9cmv8+v9S7/G73D9R37/N/t1foPf8w/6S//+33zvt/ur/4V/+Nf89u/9r3/v7/r1ftMn/+Yvevlr/zoHf8T0j/o1Vv/XH/7yjzs/+rN+jST99u/5b/2u/+Wb32Dvz/p3fp2/6af+/j85ufhXfoN/8ODJb/oX/+HFn/SH/X7/1C/4I76d/BV/2IuP/6c/9Pf9t/7IX+Pbv9bv8Ff9QbPf4I98+/LX/Pv+/V/vp9O/7Tf5n773f//xv8E/8lO/2b/3+3/7D/pr/vs/5B/9w3+L77/8I2jp4y/+j36Df/JX/OFHv+fnf+hf9Oue/0m/xp0/6q/+sW//wb/dH/Vr/qJ/6tf6C/6Uv6Y9+PUuit/xl/7df0T7V/1W/+Rf+uv+Ln/R7tVf8/T3evnrjn6NP+z3P/vit1z9IX/2b/ZP/tt/8B/86/5J02//V3/Qb/zVH7z9B/xar/+n3+L3m/9d4/kf8msd/MG//J/7I35q69f8K/603+8X/GZ/6N+99Qf/8X/qH/SXFn/u937v7V/nN/jDft9/6df/RX/ArzH+BX/OH/vH/vpX737t3+Wf+oX/0a/16/xlW3/fX/ln/Tl3/qc/5o/+zXb/+n/7Dzn8g/6S//sv/0MufrDz9p/6I/6tf/Vvn/7gF/7WO7/WX/GP/TG7/9Af/Hv/93/wv/Dv/Zr3/qRf+7P/6Nf7z/6uX/d3+N4f9Af8b//Rn/QP/KG/7d/1F//ig1/73/6j/4STP+DXrv6pby9/7I8gRfAb/gZ/2NXOH/p/f/8P+IN+7d/sD/47/un/+Nf6i37d7D/KvvwNzn76T/lXsv/oD//F/9V/+WP/8N/ym/9Jf8j630j/oz/kz/n47/hz/pPf8w86/T1//fJX/xGjX/rX/9b/1q995y/6g5c/dvYzv/cf/Jfd/2cO/6xf5/f+Pf/In/67HvxOB3/w77ia/oO/3emjf+F//N//tz/8r/ibf/Kf+J//yN/vf/vXftPVH/T7/Uu/xi+az45/u1/r9/w1/tPvz3+9i7/oj1j8dn/E9/+uP/L3TR8tf9Ef2vxJf/CXf1Txz/zTf+i35r/e3rs/oz34NV7/Rb/Zsz/pe3/V7/Pb/Oa/46/1t//zv+4v/kN+jdUf8Ov9Nn/Q7/T7/0G/3p92/9d78jf92j/zz81+y7/rbxn9T3/QZ//RH/zpH/Br/dif9Yf8Tv/bH/6P/CV/UJP+kb/wv/qDi50/8vf/g36Hu//WH3rvn/t1f9Ff9Uee/2+/3vGf9AeRmfxT/q0/8jf/zf7Qx//Lr/Hw//w1/8z/5Q/6v7/zJ/0R53/A3/us/CMv/6Y//A/43/7w3+n3/IPOfo3f87f8j/7I3+rP+oX/6O/0R/ySP+vg1/4Vv8Pv8fB/+sF/9Ose/Z5/yPY/9ev9I//wr/vb/UO/zrf/rD/ky//q1/2HPvqDHq/+oId/0q/xT/9uf8N3f+8/7Hf8n3/PX/Pgd/3jP/1Dfuz3/sP+/u/9Oj/2b/0hv/+3v/zN/vpf9xcf/Tnfe/eX/xQtd/5P/+XotyMh/xP/wW//QR+Pf5PfJv0j6//oj5j9Q3/En/kb/WPXf/O3tv7gP+43+s3+iL/tz/qd84M/8lf94uQ3+a/+mKd/evJbr37td3/AP1L8Guenf9Dv/eN/9t/66A/9q3f/zW/9wvkf+vJv+EuP/4Bfo335G/xav8Gv9Vv/Xf/29/6gP/jfqP+hX/ff/vTe8g8Z/2+/9b/7y3+tP/Af/TU++rN+rR97+Yf9df/SH/SL/6F/6ad+7A/+zf6kP7j4p/7Nn/qf/uDiN/sj6j/q1/ut/6Jf8y/9y3b/77/9v/qDfp3v/Pq/8r/5u/+Av+jXOPsD/qBf+uv9R7//1p/2W6//0O0/6vd5+O3/4C/41b/+2//pVz78S3/tv/Rv+zX/s//uD/n9/q1f7zde/UG/+e/9h3z+N/2a9e/56/02B3/kT239Oetf/tlv/Hv/mr/hX/SH/rp/6h/z8W/2m/7EztFX/9AfNvlr/vBf+w/4Z36bf/Y3+nX+JhLgX2P5D/0aZJOaf+oPbv6hP+Q32PmD/pV/+M/5Xf6oX/fX/if/yJ9++Yf+Zb/3H/pj3/51fvH/dnLn3/qLf6N/6Y+Y/Cm//j/2i/7gj3/PX+MX/oJf86/7NX7XN7/Zn/nd/yn95Ph3/+fu/Nu/dvoHZ78naYc//NM/69evf7tf+K88/z3/zz/h//jf/qg/6C97+Wv/2L/5R/4e81/3P/mj/+B7f9bBn/Uf/bov/6A/6Pf5jf6gn16tfvr3/oP/2X/z19/9g36N3+mv+nV/8//pD/71/rc/bP+P+oN/63/pjzz5yX/84uEf8Wt/+w/9v3/sj/51/u6//G/+S3+zv3nnL/pDP/7t/pXfN/1r3rz7NWYv96/+ol/3O7/Br/H7/Vu/5uG3/8g3/9Mf9mv/QX/yL/qn/pBf82/6g/7c3+unfvff7Nf87f6gX/Of/GW/5oP/6tf8DV7++uv5P/7o5R/62/wGv0b7L/2RP/l7/nvnf9GvfX/1x377N/v1/9lXv85v/Dv9rfWv/xv8ets/9Xv/AS//+j/71/p1/9H/6jf4Y5/8Rs92kt/g9/vL/uXf8w/5/ZNPP6n/+//mb/8N/8Jf7zf++5/9r8nO6E/8Q37xV//Qb7Dzj/wn//b+29/7zfE/8x9P/sJ7v9av8+f99b/hv/Rr/UN/3/Rbf8I/9d/c/+P+sT/uzm/1W/x1d37N/+pf/0t+jV+z/cP+7f/l9/q9d7//t//0r/vf/uC//W//zZ/6r3+n//k/+dM/+WP/mN//71r9ur/6T/+D/pHtn6qL3+c//W3y3+cP/S1+6s1/9pv9Admf+7f+zi/T3+3P+jf+hCe/6e/06/0t//dn/9E/9Bf/nn/w3f+6/tP+ot/zL/51/sjmN96Z/VO/3h/wm//av3Hy5/35f/Hf8fbf+pt+jf/0t9v5m/6jv+fXffsb/k3bv84f8Cd99Bs8+nXPX3zxd/2yP+Df+euv01/rj/pr/85/7Mf+9F/w+/8Pv0H626V/5o/9Tj/x5A/7u36tb/9av8XR3/1XFTt/+uzbv+lvtLeX/rF/0Z/x5/0tv9E/8M/81X/R8R+evL77e/9nv+4v+yv+kT/qNx/9F7/lt/f+8z/5t/zW7/yv/SPHW//Bm51//Hf9V/673+L3/G1/7Pf+tX/j3+wP+O/+lH/2t2hfZr/nb/pvPf6ffp3f7u/+z/6VP/azv3f0a/5We//Iuz/15Nfc+dde/VG/3n/y1/1NT37j3+BPe/mP/DYf7fxH/+HRn1r+wf/o1vwv+oP/2N/i853VH3Pv79559+v/Dr/h43/0N/70n/7zXv/BD37z3+2P+I9/m9/3b/sD/sU7v8P8X/n1fotPf7edL3/DX/gb/6v/95Pf9uS3+5f+oXtH/8zrf/KTv+7v+1f+sd/mW3/Sn/zHfvZrHvzB/8xv873f4H/6tX7t3/JP+Iv+yF/zx/6AP/kf/W1f/HF/6L8w/k//p1/jD/1Nf9M/4B/9gx98//+8d+cv/9N/6gd3/oo/+6f/njt/xT/3B/2nP5b8mr9871/4DT7/ddLfuP0/fqef+Jd2vv3H/WZ/6K/3d/9xf+k/9Zv+8S//1l/7d/0X/rh/6Olv+dv9ef/Qk8f/0K/xF3377fZ/9lucjev9f/jXPPjo9375x+8efvv1H3/wK/+w/ed3/9vyP83uHf5Wx7/uwb/6G/yu/9iv9ev+ZT/+B/1a1/vTP/J3/Dee/p7/5G/xr/xP/8tx8tv8ZX/tb/roX/nN/pF/9vDRnf/pxWe/0a/xmx3/+r/qD/iJX+N3/Bse/k3/5MH/ePDLjsd/01/x6/0TB3/vm791+3f5tX7rdv7ZV7/d3/oH/Bp/7O/7h/5ej/+X3+0v+kee/nX/8x/0nd/91/yfXv3fX/5Or37Pf+nX+Y33/7R/6RekX/wae//47/Y7b+/+Wr/Jr/vr/KP/1U++/vsmf/Af+b/85Ot//PD8z0r/id/sDzr4k36ve//EX7X7h/06r/6wX/MPHv/Tf98/8uzbj/+rP/js1/8H/q2/5U//l37Df+u3+O7v+72/+j/6Q/7Ii3998sf+2//Iv/W//F7bf+q/8eoP+m0P/qO//0+f/tbv/ubPf43i+X/15S9cPP/Nnt3Z/sOe/sZH/9ZPfu8P3/9v/7jf8k/59f7RX2f3H8sfHvwW57/139f+xc+Of93f+Lf4g45+pz/+x3/H33H7N/pHfs+7//r/9Lf8Yekf9Hv/23/Ir/Ob/3Ov/6Dkb/z2n/Lyt/6723/4+Fu/8T/0H50m/+h/9w/9hj/W/p5/0smjf27/T/oLdn6N32jvxfj84OQPSf+6p7/GyePf6rf7l3+nP+D6zzr+g377v/rP/lN+vb/u3/3rfrN/ZfyL5j/xz/7a/9Ef9C/9hvf/vtWT//vX/fX/6T/tx/+5/T/g1/gNfrPfaPrb/gG/xq/92V/0D/9Gv/mf94/8dv/hzh/8Gyd/0x/0M//RH/IbpL/BH//rXf7Nf+w/9D/9Gr/Wf736tQ/+hV/0R+78eX/xb/+//w7PftvyN/s1/4D/Y5JM3/32d/+yX/MP+ot+91/jN//nf61f/9d/+pv9wi/+uj/gt/2Z3/PJb1nu/Ka/3ezkt/9XXz779Olf9Ov8pv/af3T66/1Gv8bWX/UH/fa/yX/00a958O0nd/8nSs79U7/mj2UHzz79j37Rn/B25z/9bf6Zgz/yt/iP/qU/9nf/n/6T3/yv+Yd+zd/4d/rN/6D16Hf9bX+T3+4f/g2e/sQ/9J/s/6XJv/YX/RH/6E/+y39Y+3v/+K/9j/x2v8Nf+Vv81f/U6S/8W37p73/wh/2BP/iPf53f9L/6A37sT2v+kV9j/o/++r/zm+Nf+9f5m/7T3+g/+Zt+rV/y3/0Bv/4/8Vf9+r/Fr/Gb/7qLf+ujX+t//od+zd/ib/uFv8YXf9Yf/n//Rv/sT//kb3j5L//1v++3T36n/+Q3+Ke//fQ/+13v/VnZb/2b/Rq//vb/nv46+//cj//6f2H6B/1a/8bpb/L7vvk1fr/8f/48+e3+ol/jF/1jf8D3/onf+8kvaOvkv/+j/5Pf8F+ixZ//5g/6dX/Tv+0P+E1/wb/1az/6D/7n3yT5o3/hb3bvzzr+HX+7v/lP+H3/o5Pf6Pkf8If8+r/09/wjvv8//Se/1R/4Lz29+0/8S3/i937vX/s3+J//oX/kt3n12/xB6X+V/dp/0x/169z9n/4hcoD+4PN7P/1rffvP/Yv+sLM/7j/9g17s/EOP/5A/+Tet3v2hv9bV1j/evPvt/9H/7rT5rX+LP+jXGP0mr/6I3/U3+o//kN/o5R86bn/Rr/E3Fb9nOftL/92f/EN+1+Pv/Ut/yOLv/Kv+8X/3P/kzft3v/0v//PIf+Yf+8bu//H/9DX+np6tP/qXV81/nv/kD/uA/5r//8d/2D/ir/omD3+Z//mPGB7/JL/3x//svfvYLJgd/wvoP+3V+l7//N/hDfp3f4k/6gw7/vezX+oP/oz/89/jddn6dX/jPZb9W81f9wb/uu+PfeO9v+4t/l9/2v/ojf/0/If31fuI/m1y2v+fv+Vv+Zn/Q3379r/3Fv9Zv9e741/hX/vHf8Bf88j/o3b/1F/3hv+1k9zea7v/av+l/9BO/5q//R63+8NW/9Gv/gp/6Pf+R3+e3/Ft+w5Pn//Cf/h//pf/wJz/1m/3aH/3m/+pvVOycne7/Zn/or8x3fpPP/qpf97f/H//Mf/D//BV/4u/4L/4B//Dd/+gf+jX+9f9u8uv8Q3/Ab5W8+83/zXu//Pf8Q37V3/RP/Lbj/+3oD/wD/unf7tf8zX6dX/9vOP7D3v5Vf8BvfvF//hG7/1P6B/8G/9ev/dv+Qf/S8S/44/7k3/AP/OV/0a/z6x782w//qN/z1/lNfrv/+Lf+Y979y0c/+JN/nd/h3/oDfuOdP+AP3vtTfs0/8W/8BX/Ib/y3/N7/8KeX//Nv8Lv9RX/Ir/f225//31u/9Nf8tX+H3+jP+G1/7Pf5I3+TPyf9tebpP/ob/7K//dmn7b/8O/13f3b6W/5+/9Ov1fwBf/OXv+Uvn/wu/+vv+ev/9P/wH/9G/8ZP/xp/0vmv8Y/+wv/hT/qNsj/t5NUf9/ft/Rm/9Z3f6Pf/zf7j3+y/+Xf+8N/y1/hd/6D/8tv/6O/y+fwf/vR/Ov517/9tv8mv8ea3+z1/jX/oH/oN/43f4eTX/gP+ra1f91u/xq+d/k3/0G/46R/w6/1m/8w/88f+Pu/+4l/7t/72r/+7PJ78Wj/2L/2ev+5/9G7/N/krV7/mn/W//Ce/41/0X/3Dd/+Qf/kP/k1+qz/g9/wL/6bf+3/6V/6h33f+X3z0Y5/9S3/IX3X5u/76n/1hx7/e3t/1e6Z/3O/6B/z6tK78g7/+9/x1l3/9Hz7e+kd+++vVH/Jb/na/2R/2W/x7x7/u7/4nPb1b/8Sv+2u/TH/rv/rv+oN+kz/j7/gTf2z1H/12RJvf6vfN/tg/4Hf7j+78Nv/Qb/ML/rH/e+fX+/X+p//kF/w+v9kf+lv9Xw//4N/w+T/0a/8Pl1cf/Tn/8m/0W6b/8W/yH83/oV/7zzr+g/f3/oDf7nf8zX/9u7/R1r/wuyS/xu/8t/wOv3b6+/4av+Gf+M/9I7/em//pj/3t/5y/+b+5+y9Nfs3f+V/6ZPYv/Ut/8B/wa/ynv8t3vvg1fuPfN/0fz2d/8K/3J/0+v8Y/8/e++o1+/7/u9/2rP/6vfu3f8K/4g3/Nxb+U/tj/8u/8E5/+dz/xW/zV5a/xaz57+Ye8Kn+NP/h3+8N+nd/o/r/1a/15f8e/NE9+qz/o1/3lf9cffPcP+4f/kL/+z/pDf93rf+ef/V1/rZd/4tU/9Wv+1n/S7/2HPvhHfvPk1/iDftefyn+zp78WLZT8dr/Gj/8uv+Fv8E/8Nr/Bn/LX/+m/5D/+DZ/+Gr/+b/zr7P5Gr36Lf+S3/Ojvevbpb/Ef/eHX/1H6u/z7lKL9NY7/pHH60S/4B/6n01/zoz/pD7r7v/3jJ7/bn/Vr/Ev/4F/0h/zfh7/Zf/wb/k4Hf9Bv/Ufs/gm/+1/3j/yGO3/Ar/fr/55/0m94cTD9jf7ZV88e/jG/6Df+sT/pL/qDPvmP/uDfavVr/qF3/7SP/qG/+4/6R3/nj36N3/73/dee/Bb/6MGf8bu++4f+nU8/+oN/vdEf9Ef8Bv/Wyz/3j37ya/yWD36zX2v7j9r5g36//f/0dyRD89v8X//yn3C5dfLb/23/0+nv8h/8Tb/uo9/sr/0Nf79/6dP9v+jLX+f3fPqfn/72/96v92uO/+SD3/Sf+wN+k+f/26/x6K/7PX+jf+zX+Et+t3/3cv4P/RZ/26/5a/1Rv8av/y/9Ib/Zv/d7Pv7LTtK/6J84+g2e/Kbtv/Hr/HN/0I/9T//IT/9Zf9jRv/drf/5fPb1b/kOf/FW/31/y/Lfb/7d+478y/+1/w7/jL/rL/7Y/dOc/+4d+1zf//C96/g//Vlu/1m/37X/0t/jzfvtHT3+trf/oH/rk73vy25W/Vvnf/SH7+ye/9i/6x9I/7Pg/+z//7z/kk3/oD/qPfvdf+zf7y/7gP/Kf+jX/7d/pj/ro3a9Dqwa/+T/02xz8a//if/n9X+M//vbJb/0H/SG/5uzPefx7Pvl1fs9/8+M/4Mvf56/7NX711h/0G/wTv+ZvPD/+5N2v89ulf/Cv+U/9nr/270vplePf+s/6PX/j/+lP//2yP/jBn/Z7/lpPf41f9+/6NX7tv+kv+C3TX/Ov/c//oN/gn/v26D97cv9P+oN+zX/r1/jN/7J/5JOnf+6f/Dsdb7/5h/720z94+1/6R3+tl7/nb/kb/NGf/1Z/8N+1pszeH3Lnb/r1/ubf6NfZ/k2e/hr/3T/09/2uf3Dy7/3O/8Dv/BvMf6s/6ff4o/7Q3/3RH/Q7/56v7377H/rof/otf+yP+jV/rV/jD/np0T/8R738NX/nf+oP+e1X//5vlv6p/3j27/0Vi99pp/3H/+C/+vf8bf+pP3f38R/yB//Wv+ev/5f9vjt/0+/0z/7YF7/Ln/drbD8/+Q1m/9Df9O1f+/7f9+Xdv+3//kPO/rU/4tf40/6h36o8/k3+rd/zn//+P/ubp7/zL/23fqM/5h/6PX+rp7/mZ7/VH3r/7zr+dd/8zr/0tzv+sT/tyY8/oqDvD/k1/4Bf8284+0u2/qd/5O/5r45/7A/4h37Zr3vy4O/7NX+j8tf8LX/FH7L1X/3Dv9nzf/i3/bv+4N/gX/o9f7M/6x/568t/6Lf6zf7gB3/XH/w/XR//mr/ZP/o7/l2/5j/zN/27v275az559mv+Vj/5e/6Pv9E/8of9T3/wb/VrfP9v/oNPHv3M8dbW8X91/Y9963/75+//zPFv9tf9Bbt/1+/3f/9pJw//s1/jt21/nUd/0clvnP6av83v+Y/+Vr/3H7z75z25/8f9w7/tzp//uDx9s3r6G/9xx//Yr/snpr/dr7n9J538Jn/fk9945w/66Nt/8K/5e/4jv9Zv8Gs+/M2Of7M/7g/9+/74P/i3+j9PTmYnn/5L/8hv/O/9nr/Ln/Z7/nbP/6Df6uUf/Nv+SycP/48/5MF/9X//I/ef/8G/66/zazR/+B/14q/7NX6X3+ofu/zt//D6r/+DPvujfq3/dfQH/3rlP/rof/o107/qH7r/e/+jv/HTX3P/D/tj/qqDP+jPfvMP3f3z/oXf/umT3/2f+zWO/pcnv9sf9w/9Ln/Uf/RrPP+Hfo0/7h/d+0ue/NjTX+Oz3+AfTf6e9Or8z340+kN/75/8Nw5+o3/ot/ntfs3f4L/7Qw52nvwB/8XxL/iXjs9/1z/ot/ydnv7rf9c/9env9o/s/GP/0F/0P//av86f94f+tb/zyfbo5T/+F/2hv9Pv+ev9+n/fk4//oH/rd//3/tTf7t/7V3+j3+1f+HW+/Qf92v/dH3r3//yLHv5Of8p/dv3b/O5/0R/zmyz/zN/8b/n9xv/RHzz/qbM7/+c//Ov8ZX/Ib/TmHzn4m36bX7DzO+7/nn/Ib/vyz9/e/85v+2f9F5/+Br/Wb/JrHD/4z+Z/wr/9x+z/W7/mb/17/9q/y7/yF+5/+x/9z//xX/sv/If/IVq5eNz+33/Ox7/Rr/Hf/Xd/yO/w7X/o1/vjfu3/dvuP+gP+jj/i7c7v+U/8bc9+jTfH93+zP+S3/M/+9R/7837PT9N/6Bf8dX/Qvb/vD/1N0l/zr87/4d/un/pDfoc/7Dj5dX6Nv+7pT/ymv+cf9Fvv/J6/w1/3h/6uv/wf/bOv/7F/5q/6Pbd/5h/fXf1DP/lPnf6p+2d/8S/4g37DX+dP/bXnf0Hyv/2Xu3/Uf7E3+kfvPf61f/PHv+fun/aHPvzd/tDf9K/6PT9595ft/m9/zv7jJ7/Tr/N73v9tfs1f580f9JvunByU//Bv2f6H4z/oD/nNX/6ev87oH/qNf41f8+Ho1339B/zB//Hf/Gv/ev/Yya/z7h/9D9p/aLX1b37r5a/52/3Zv/Zn+//Qx7/Ryf3/7Mlv//g3/TXOfsHOH/AP/9qPf439/+of+UN/o39593f6Q/+nH/uj/ypaRSmPf50/4A/+NX7Xf+jXef57/pb/3K/9m/1Lf+jvuHPy0R/xa+0V//d/ufWPnfy6/9uve7f8TX+Lf+gf+rV+s3/05J/6Qx//Vb/Wr/sH/UN3v/qHf72/7vjX+Z3+0V/z3/tN/8H/7df8jf+1J7/Wf/Z7/lp/35PRn/UH/1rfPvnNfoOf+PT3/EP/pG//obtbv9bv/Pz4F7/7o3+blz85/plf+9f4w45/m5/8S3+P/+rX/N1+nZPtv+sP/qP/kz/ot/09f61f+Cf9o/e3/uFf4y/7h/+OnV/r15r92g/+tF97+w84Hp39w7/OP/aH3v/DTn7tf+s/eviX/ZGP/r3v7/0Bv/a9f+3X/B23nvx5//qvd7z1j7z99/7Rz7Z+8s8Y/yHp7/lr/Fq/xu95/N/9q1/+db/mb/MfkePxm/0Tv8mv/av/sj/4X/h1f43f5R/6p3+/3+xP+k0++od/uz/qn/reX3Dym/xrx79p+w89/t1+z790/x/af35y9QvHP/5X/6P7f96v/dv+Zf/Czm/0e/71vzG5m09++3/t9/wND/7RO3/Xx7/Wzl/yM//7//2H7v59/9Sv8Sf9mvf/qD90/0968tv9a0/+wJ/8h+7/Ub/nP/7f/Vq/6e/2a/yPv9Pv+XF58u2/6Y/4M/6WX++3+9+e/lm//A+5+2N/yG/8G/yhO09/v1/rX/tDfpu/6A/6+/4zWhH/h37Tv+34F/5Tf+r+b/UHP/i9/9F/85/6cylV9hv9ZX/I79be+V3LP+S3ffN7/jq/5z/y+/5+f+h2+4/u/2G/9vPFP/rZb/Br/bq/5x+6/W89+dd/4h85mv9B+//UH/xr/mO/9qf/1K/xa239Iw++/Y/+Af/7kwc/828+/pkvf8nPHH/6x/8x6T9V3D34Q3/7g9/z//7nf43/++/+HY++WH30p/3hP3bwD/9mv9s/9GN/2D+0/xf9QXf+un9o/hv8Ib/lP/UfP/rHfs3f4jc6/i3/pV9zMf89P/mvfs1f5/f8PX/Tf+03/Onf6Mnsb/6Df72//vmP/U6/9l/8O/z0dvrf/Gv/xe/46//M8V/6gz/s1/6Tyr/sf/8v7/9X//ev9env/dO/wV/2ax08Pdl9/If+pu9+7eSP+7X/qZ/8Nb/zP/1av9XOr/lr/2avf9nTP2i880/8Nr/bH/z53/CHpuWv+YvGv+dvNfo1dt78Qb/Nf/XVX/yrfq0Hs19j/7f7px7+On/o4z/sj65/11/z1/n3fs2Hf9W//2v/zK/1a/9P/8pv/xsd/zrP/9CHf9ev+eu204Pf7R/9qb/rD977h/6grb/iH3315/0JP/2v/UG/DmVI/6y/7Df/u/6h37P8h3+H2Z/74PE/dPfNr/G3/mnf/vX/qX/08cvfs/n3/tCD9if+lN/s1/4N/6I/9XH7a/zGf9Af9Ov9T0/ul7/G7/bPnfxmP/69e//TH/K7/PJ/6Hsvf8/tf+jX/Gt+i9/zd/uf/ue7sz/0/j9X/NY/82t/9Tv9Q7/zy9/71/qjfs/f53/+LX6N3/Mf+u3mf/JvP/o1f4vf8x/5zmdkoY5/nV/+x3/rHzvZ/plf8/Q/+n1/41/j19r+005+vX/r//5DaGx/wEe/5sPf8w/d2/lDf4tf49f6zf++Hz/8g37t33z+ex+8/IN+nT/qD/7t/rY/+LdKf81s9w/Ofudf8x/69//Q3+P/+IN+/Z0/+Lf6n36rNP2D/qTR8S/4V/6hx3/dH/wb/94/9tf8OX/wT/xN/+Jf9cuf/E6r7Df5z/6g3+T3/pt/7F/6h3+73+17d/+6J7/uv/bkx/6tX+M3+q/+ya3pr/04/Rv+k//rl/8Vv+e3fts/6p85+Nd+z9/x//iDH//2f2j6C/7CrX/u9/yN/7tf+2j19Nf4l45/42+f3v0N/pBf87f6x36LN3/o7/Cf/RoPP/6Dfptv/ydHf8Bv+Ns//d3/8z//T/8j/6Djv/nf+uh/+E/+xN3/6R/57crjR1v/6O84+jV+wz/pZOvv+od+9Z/3P+R/wK/5a/xxv/Zv/mv/I7/zr/GH/A6/01949DN/0G/1Dx3/Of/LP/JP/AUnW7/Zr/nr/WG/596/94f8Zn/XP/p7/Mzx7/TL/5Bfa/5r/E9/yf/9p/7G+7/mf/7H/xMPZv/wX/1L/ttfd+sP+ftG09/yX3uy9y/9IX/z3/+P/9q/26/9j775F37Df/QP/nXnf9Kv/X/8Gr/sf/j0D/07fs1f9nf8Ib/293d+63/oH/pnT/+g3/pf+icOZv/wJ7/GP/Qn/eSv+Qt+35NHv9FXn/196/F/9/pf/a3+hf/lN3vyV/9hP/Zr/25/8K85+kM//ff+oMN/6dca/2YnR3/Xyb929jt/9n+cbP9Of+hv+Pctf5vf6vf8K/7xP/Tf+d3+67t/1z/+n/3lv/Yvnf+av+7v9Aef/5Vf/u5vjn+X41/z1/qnfuK3+AN+m9/ib/tz/97//h/+7G/6N36Dl/u/5/d/z+W/8mT/N/hDH6V/6D/wTy9/zf/q1/r1Hv9ByW/w5Nf81h/yG7/8h/7S9a+9++/9w7/r3/ZH7f9pv9P+/A/d+eW/7fj/OPnLk5MHby7P/66T3+W3+4N/1//oDy3+p9/zN/mH/o3dN//Q4z/o2e/2r/2h/9a7//vX3J79Q/v/3G9w8Jf9Wp/+Af/o7m/1N/4Jf/Px7/DL/5E/4E/4u5KfOf4tf7t/6Be//DV/g9U/Of7r/pB/Yv0H/cbl3/hHrv6QP/O/+uqX7/5BP/an/Tm/5m/1a3/27/0jv9U/9Gv9623+Y/u/xuN/7x95Nf81H/1p//idOTlef8Gd/+gfHc9+zd/66e/5a+//Q3/qL/tv/rO//x/5Nf/HJ7/Z7/lrfPnqH/ptf7tfc/4f/6FHf96vmf0Dx7/Lv/SH7v1rv/yf+c9Pfs0/7df4jf+zf2j3H/o9j37PP+jX+e3+jV9z9Q/983/VP/Txv3YyLn/tX/Cn/aM/9p/9Gr/O/K/4M8vjH9t69mPf/mj/d/sP/tvf7k/6qXu/52/78g/+jbf+4N/i4Ff92r/br/G7/He/1qP5P/Jb/XF/+e/+f/3Dv83v/Y/uPz3+Xf69f+jf/f7Jb/Lu5I/7tf/2v+v3/86jf+sP+Kv+qP/g10uTX/t3/Ed/l3/t9/zH27/o89/p//5j0z/q+A/4c34dWu7+j/+gX/P3+O1+jV9/5+Rv/cV/xm/wG538Yf/zH/TxX/aH/ha/we/5F377D/2xf+9P/Xv/9n/3s//67/i1/7xXv+CP+4N/89U/tP13ff/P+3t/5a/+z/6Rb/1GO7/3H/oPf/vgH/oX9n/NX+d/+oP/u5d/aPob/SN3/rk/9bf8z377X3//9/wN5r/2p//eH3L3N/iH83/yHx7/Ub/e7zw/JvfpN/7Hfiz53f6w/d/uT/2r/8J/tPgr//bfbv8f3v2d/uV//rf6G//Bu0/+luOXv+lv94f8uu/+sV+++O5i5x86+Pbpr/Fvnfxfv93Jb/03zXZ++a/56/0Bv+av9eYf2fmfjn/HP+rP/vve/Jp3ft9f++B/O/0n/6x/fPzX/dq/9h/7x/z2/9Hk7/0jz36N3+0P/o0fn/wG+0//j9/8H/21Vv/7//YvH+z/bb/yN/sbT36b3+0f+pdGv+ef8B/8yl/y3/7ps9/uD/49/puXv8Z/9TT94/7vX6P9DZ7d+0v+3F/n9/6DP/rNfp3t3+8X3ft1/qC3f9uf8BuWf/De45Pf6pM/9Cd/z3/i8e/9h/4Rf9Uf9GN/yd/2z/9Hf9L2P/QP/VZ/2h/y8Z//6/7G/9I/cu/pP7r91/2643/u77r7axz/Ln/Zr/3r/2V/4W/zt/0a958+uX/wD/82v9Vf8+D/+Ed+h3/pH07/tNP7v9Wv+dv8Ab/41/t9/4m/9LNftTs63f7vfuzRX/YHf9Se/Vpb//BvWx7/pquHv/Wv82v+H3/dP/I7/nG/1p9d3f1r/rc/+M/8NX6dX/cP/htH/9ne8V/5+d/8O/6dL3+df+pv/0N/s9/5x//pv2n3k9/z1/w1/oFf/E/8BsW//b/8M9/5c367//T5f7T1a9w9+UN//d+6fvlHrf7LP2j06/39P3j4F0/+0l/jL2n/oF/nn/vLLqvf6Df5XZ/8Pf/y//KT/+2z3yr9X/64f+nl8e/6C/64X3j8U7/Rb/C3/+VP/+i7f+F/8J//O3/6X/5/f/m3/Qa/xm/3X/1Nf/Jf9Iclv+PB3/Hyr/rq1/yX/9rPfs1nf9z8x0//ud/s1/701/idv/3VL/riD/pFf/dP/fbHuwf/5q/3O/4Nf8uv+nt+0Ue//+Pf/O/5937PX3312zfn//yf+/Dqf/0//uzm17/+dX+TX/f3/lf+ud/7b/jtfvWv9esc13/YP/x3/u6/1h/ye/9Nf9O3/5A/5e6f/oP7b/+Ov/qP/DN+2/W/8ebbv9l//Hv/zfU/93T/P/nXn/8Jf8dvufyv3rz99XZf/7m//S/4he/+qT+t+Cd+01//7373P/8OJ3/4s1/n+t//W77/8A/43X+Nv+f8xR+1+vbHf8g//Df9fr/Jd363P+nXP/k1fsMXP/Fr/Pm/37tf9Qv/6F84/4v+oD/mF/xJf/Ef/mf/1L/0e/6hf8adP+U3+AP+zMWv8w//w3/Kgz/gf/p1fs1P/pp/6vQ3/w2e/k+/5p/zG/xmf8D0z/pFv9Vv/5f80b/Wk3/pF/5Zv/9P/9Wnf/iv/Tv9Nf/J//0b/dif8wf9o7/WL/of7nz55/zOv9XqF/6Zv+9f9Rf/EX/For7+L3/no//qzzr/Hb7/rX/pD/lDkm/9WRe/4I/7yf/tv/6Tf+pfePgf/dGLv6P4g3/NnV/rX/qDk9/9r/vtzn/b6f/xV2d/3n/7x/xL0z9m+l9ln/9hf+dv8Qf9rn/I228d/JV/yPTf+N/+kT/86p+b/xN/4S/81v/2uyf/efkX/7q/bTL/i37Xv/oP+Nb81/h1/92/7Pd58of92pTC+3M+/zXupL/L/u+w9Yf9xr/eb/cb/EN/x+/7v/xbf/Gf/Wv8Wn/AX/Tr/oa/77v/5s/4Xvsv/+f/xK+T/EX/5R/x5m/47dJf496f99t//icdjX7zb/9t09/338r/zN/v07/oD/lD/sA/5C/O/+Bf6w85Pv9z2v/hv7r7a82/9Qf9Q3/w9/+p3+sP+WP+wF/6V6d/yPf+vf/t1/oTfo0f/Mu/55/62/8af/Cv9+v9Xs/+57/kD8r/mn/tD/9t8qd/wI//33/8L/6tdqa/fvHX/Pbnv933qt/4P/r27/eT//A//Ot/+Zv8SbM/6/f9a/7nf/QP+nX+oL/4D/91H7yZT37DH/w9//A//hv8mr/VL/or/trfbf43/Xp/9sVW8lf+Cb/GX/Yf/+W/0W/wV7z8j//U3/bf+g0mv8Hz/+bv+t1/x98p/a//01/v9/+jfo3Zn/j7/k8/lv7R5R/0F6d/8KP/4n/+g3/7g9/uf/rjf7OP/4j/6df8Q3+jnX/qr/w1Rr/Nu7/0d3z707/rf/IHffc/eXn1Y3u/21+U/w6//dHv+h/9+b/zX/Q3/cN/xK/xO/7Lf8Cf/xv/Y7/n6W99vfyJX+/PvdjZ+iP/27d/1L/1j/wGyZv/6ekf/Rv+bjuk93+d//oP/3c+f/N7/q5nxaffTn/93/zJb/5v/Pm/7vzv/s9f/Uuzv/DPv/y3//P/Ov2DT/6I//gP/5N+j//l985+21//j/iT/oBf4zc8+tN/z1/r0//1z/o1fs3f/eV/9Zf9md/6c/7tP/b//vW2y9975w/5nb71R/0lf175m/xN/+Vf/Pv87we/6+/0Y5f/8+KP/Onl3/7P/yHf/zeyf+jX+p9+2T+V/9a/wZv/7V/983+jf+jP/kv+8P2/4/f5J3/sW7/BP/5Lfr/7v9Gv/1f9Rb/GL/uT/slf97c5/jUuXv5ev8Mv/O1+rd/4j/ubfr1v/UeUTv1TfrPf4Q/5n//w3+3f+kd/wSe/2a/zWz/Lfmz+l/2nv8b26vf+zf6cX+NPaP6u3+vXKH+Df2jn3a/x47/9v/xX/Taf/ie/50n9E3/45/vHv9adP+APOvjH/uHf8H/5mZOf+L3+nT/i1/vlf+tv+NOj5Df6zf6gzz/9s37iD/7r/rWPfq1/8Pc++bV+jT/p1/tF/9k/8rv833/Vr/tr/Xp/0x/yW/9Of/Hvspj/2r/1X/Vr/FGvDp7+Dhf/1h/02eXf9Ice/va/6+88+qd+zz/st/iT/tFf61/7T36H/+Cv+oN+z//hT/qrTj/7tX6tt3/Ur/Er/5ndO7/v7/YfvfqT/+9f69mv8wtWf/hf8Af9ouSjf+npb/oH/t5/0E+M/qPkO//TP/Sbfvvf/hP/qt9++uv/+D/1h/365zu/5o/9Gn9J/ff/7//6H7/1B30r2/+PPvs1/6Df4jdN/6Bf73f9u37d3+J/+aN+z9/1X/vqt/zW7/Yf/S7/XvJH/J1/xe/6G335B/zuv+bf9Q/947/3f/en/4ZfpP/wr/Hv/1mzX6vNfuPfPP09f4u/91/6gw5+z9WvWf9dv/ZvOf81/q39P+N//uSn/qWP/vBi9U88/m9/1z/+9/3jfnzyV/wGf9AdSrD+um/+4t/g9/uffr2DPy39sYP//R/+9X73v+jXfTj/Xf+QP/X+X/w7/gN/0D/x2/wFv9mvcfGfZb/zt/+s337vX/uD//jiD/tDf4t/9K/6I3b/md/z1/3rf+Y//q1/2z/rH/rN/r70N53/e//Ib/hnHfzBv9k/8yf/cb/Gf/zjSEVv/0V/8q+R/Dq/9q+3/LV/nd/gz/ld//7f5w/7XX+tvd/g+P/+Df6wP+kP+nX+vt/1F/z7f9AfMf4H/qC/6n87+09/wd9PCuEv+IP/+C/nv+ev+Ut/2R/yG/91/9Af9NvN/4Df6V//j/7hX/e3/YP2y9GP/w4f/01/xO/4Z/3Df/Cd3+53/fX/yf/tyb/3+/1Lf/ivt/6Df+rv/bf+of/qr/mT/7Lf+E/7i36t//pd8hv9L//zr/fdnZPfcP+v+vdnd36vv3fe/om/4R/6i/6I3/I3+5/+8F9v9gf9Tr/G3/J7/taXv+cfuZP+Gr/Z77lH/t7v+Wv8fn/WX/SH/LI/6B9+nPwBv3H1a/y15Xd+s1/jt/v24W/4G/xGf/DHf+M/8pv95n/0t//U3+30H/mj/vf/6Z/5heV/9Icv/uXp33j/9/4nf5M/7nf99X+DP+vkt9v5q/7Rv+q3u/+bnu//Rb/mr/hdn977X36Nv/U3T//hX++3+t9+3cX3j/+Enzr403+t3+GP/UP/+svjX/932Dn5bf/Ll//IL/jBn/zH/u5/1R/8a/1Ov8avPy7/7/8p+fW2HvwGv9nf9U//HX/Ib/7H/YH/1X/yWz/6h/7rnf9o9UdOf4O/+ad+0Z/05Lc8+Pf+wt/iX/qLfux333nyW/51f9Mf+0v+p7/41/uH/7vf89ev/6Tf5Df6q/7RX/8/+LX+oaP6d/3jR7/VX/Rr/FPZ6W+5s/PH/wa/2+/56/xLO3/u47/pL/p1f/y3+0d+rd/s8Df9Hf694z+x+M/+o9/kp//u3+o/3/rf/uNf+Hf9RY//uOQf/cv/kjtf/L6/zl/7e7z9r549/If+4t/i/h/0B/0m5ye//v36f/4Nfp0/7B/5nX7ifzo9/Ft+g1/79335W/1Gf//L3/M3/jX+5F/jX/69n/wGO3/AP7279Qf9hv/m73ry2//mFEj+B//Wf/jTv8Ef8uv9l3/As1/2V7wsPvmXnv5hv9lfdPwH/g5/3H86e/Fr/47/3j/0B/2mH+38mr/FX/XJr/FH/Ga/za/7V67+yDu/73/0W/91v9Mf8dv/c3/Ab/TxfvY7/F7/+B/82/7Mf/zH/t9/wLtf80/5Nf+Sf+LTb/9Dv86P/3F/1489fPkHJz/Y+dP/r+/8o7/LyZ/16/96f9jv+mO/9n/+h/yWb/6uf2L7P/qJ3+Qv/5f+kt/mv/6zfq3f4j/5l37Dn/n2X/rb/5Evt/Z/h9/oT/i1V+nf+uN7x83hr/HHffKb/cG/1tu/6df5Hf6i49/wDypOfsc/e/p73n/3d/6av9vv9Ff+29/5p36n3/Lxyz/0t/ud/qrf/tf+PX+NT/+F/+I3+Wj/P0r+2X/o1/jsB+kf/Hvs/8m/5k//nr/Ob/RH/ea/0W//h/1t/8TL/+1/+pt/23/41/iN/7i/NXlOSygf7fzxW0//41/vTzn7I3+L32/319z949LfeP/P+Cf+/D/hX/q1fuO/7B/+dV78V7/mb/vf/F1/6G/81/3Dv+Gf87r4tea/66/92/9m//Bv/Kf/6//7v3H/D/2Df8u/6w/5Df/+3/uP3H+W/sF3f9+/+Nf8p7Z+zz/oj/tFv9lvkP4av+Zv+2sc/xr/0F/0a/xaf9r//Qf/Lq+3fs0/IfuffsP5v/dP/Y6/1f/95M5v9PSv/eL3/D1/rV/rb/rXd/6l3X/hB1t/0R/9vz7/Le7/Nb/mr3f/r/vDf7v/8d97+Af+kj/0j/xdf4N/9Hf6h3b+ob/qP/vD/tDycfpbP916+lu/+49/o1/rP/uHf7tf+l/9w/v/6U/8+m//t/SPPPrH/73f96Nf+Ef9wr/r+Nd5+r89/VN+41/r19z+1/7K3+bXPf817v/y3/zX+fTf+YN+m9/4crX9+/3Lv9Z699f4sX/mt5n8gf/pb/br/Z5b8+M/48lv/xv/Gj/xn/x+v84f9GN/1m/2z2+9+ZN+7W/9yT/+x/4a/9XvPf5bfo2/6dd6evkb/lOr01/rb/uDfoPf9087+Z3/k1/z35r/Rb/V6A/6hX9G+Wv+3r/Gb3DwH/0m41939df8db/O3/EH/Xp/x1/0G/7e/+Pv+Jv91Xf+nud/zk//x3/yd37P3/Bv+ot+x7/k1/hP/6bf4HrvD/otnh//Lu+Of5Pf7A9I/u9/6x/+bZd/wt/xS3/XX/BX/Ec/9nte/HbPfg1yxn7tP+zX+I3Lv+zX+XX+kl/j7/mLf8ff7L//zm/yB//Gv+fFb/sLst/g7/g1fodf/sf8ur/5f/Sb/H5/0W/7T2S/05/0B/wGf8Nf+ds8+ut/jdWvWf1Nv+uv/Ydlv8Mvzf6Hy+zHfq1/+Nf+L37XX/Pl+W/48g/6jf+d3+yLy+Of+A3+4F/nz/mDfpvzX+cP+MFf/2sn6b81+j1/l7/qD/51/rK/6Ad/zq/xm/0FT37d+a/xa/0hv0b7D/1Tf9k/9w//tn/dH//44B/+9f6EP/i3/1v+4//iL0l/7T/hD/61/5z/6Mn//slv+0/9Ab/Bmz/ot/tLPvrt/qFf83d6/Lv+rcl/+xv9Rr/Gr/+H/MG/3R/yJ/5a/8Vf/If9U7/m7/DoD/gFf9vv+mv/Fb/G0X/yn/1G/87v+Zv+Temv9Tf8kb/x936NL/6Mu7/pu7/4F/w2v+avefTf/sa/zX/0O/1L/8Nv/2f8wf/pt/6Z3++f+IN/k+d/2a/1f/8Ov9HvSPP/C/7jX/MP3vpNJv/QH/zTv+5v8qf88b/TH/YH/97/1//wm/whf8Wv+1f9Zr/zv/QX/w5/zV/8G/xJ6W/waxHjpb/hL/8D/uv5X/7b/+Rf/Ov/Tf/Rb/aH/cSv9bf9nr/9X/cn/Pa/3x/13/4mf8vf8g/8nr/uT/+av+6f8Qc9/vP+o9/l1/mNf7M/6w/4sZ/65Nf7n/7h3+jP+z1/o1/4F/3Y3/V7/ua/3a/xW/1Gf0Dyp/1HB//A7/ljf8Qf+eutfo3f7i/Kkl/4B/1G88lv998d/wX72a/z+A/4TX7mD/s/fp3f/Nf8M/76H0v/o3/r6Df6NX+3f+g3+Dv+o4t/73f9Xf6xf/7X+eP+4d/un/s1fo3/4ff8Xf/cP+C3fP5r/s7/3D/0u/xGv+dv+I/8QT82O/4L/rn/6Ku/43f99f6q7Md++g/4TX6/f/g3IMH/D85+g5/5XX/r3yT9Df+a49/lN/g1fqv0H3r1+B/6Xf+Pt7/235T+zf/Qf/zblr/Gb/I8y/6nP+jX+79/iz/gF/0pv+vv8Bf8x7/98nf9dX95lv3e/9U/+t/843/U7/QHHD7+Pfc+bg7P/6Lf+J/6h6b7/zEh8X//Bf/wb/wn/MW/9v9y/Nv/ab/r7/Svpb/xv/QH/19/zn/02+6lyX+Q/i5/1B/8O9V/0W/zt6V/45v/6Lf7O36NX/MX/kW/0Z83+7Ff49f45Du/5x/1++W/7X/wN/8O/9pf/lP/3se/3t/xa7b/3b/wk/V//Av+gl/2C/b/op/69/7mP/L3/DWuy3/od/57jv/Pv+k//jV+8vf8u9+lv/4f9R/9J3/f7/lb/7v/2a/xm/1Fv96f+Qf9Dj/9H935K37P3+wX/0W/zkf/0Z//Vxz/9v/BP/vr/UZ/AGnun/mn/tFf9S/9Ab/mn/QP//r/wn/8O/3SX/O3/en0t/jvXvzmv8bv+uv/dce/7Z92/Nv9Yf/w9/60P/i3+Xv+4l/7D0h/zcd/0W/50R/8O7z7h3/X+09+p7/m9/xd/qXj3+UP+PJ3+l//4//jd7v72/4nf8Cv9X//S7/2n/23/a6/zl/xH/+a/9B//Bv+YPL027/Gj/0D/9Cv/9v8Ab/BP/q7/jP/ye/6O/5p//Bv/C/8wb9v+Qf8Bn/AX/wPvvtd/91/4df8nQ7SX/8P+jV/vb/j9/zTfq2/+Bf8cf/x//Fb/HG/1p/wu/7F6V/8a786/jt/i+Pf6Rf8U7/m//Iv/RaP/qNf8xf8R7/dT//D9//mv/jX/N/+8F/7T/s1fpt3//Fv9ef9xckfl/3YX/YX/7Z/xD/8u/747/rb/nN/0G/23/1WX3zn49/wD/jLfuyP+zX+2L/uP/5t/o4/6Lf+R+78pv/N7/pr/Hr/0G/w5tf49cs/6Nf96g/6Lf6YO7/hKv013/wav9PfkP7W/9o/9Gv9E3/wL/xX/qPHv1n2G/9Hf8Dv/Jf/mufvst9p+Y9/9df9R7/17/dr/iZ/3h/2u/1Xf9GPbf0av+4vP/kd/q8/qP5f/6Bf8/dc//Vbv8av9zf9Rb/2b/an/N5vP/9d/8Rf89f974of+/P+ot936x/6dX+79Lcd1b/ut9/+Lv/3r/cH/6N/1n/067/8NX/LP+c/+jX+i//4t/0r/qNf43f7i37D3/Mf+vX+uj/4dz/+i07/hb/xt/jJ/+gX/Hm/5k/+er/rb/R3/EH/6J/za/wPf8Yfn/w5f0DyS3/L3+wPe/Xr/iv/yNbf/2v+uv/D8e/wH/zFv9H4P7r4HXZ+7Hn22/55//Dv8m/8I28f/Zq/83/wu/6mP53+Jj/5e/7af9p/+5P/0X/0G6a/5m/5L/0vv86r3/W3/p1+ja/+x991/If+p1+9/Jt/4z/oj/+1/4X/+J/8L5bZ//FrvK5+19/+p3/h7/BfNb/Z//rLf+d/4tf4tY7+ud/s1zv5Hf6IX/OX/luf/3bf/8e/+lf+mr/pn/iPf4M/59f4Hf6uP/h3pAzsb/MX/dp/wC//nf6u/2j/9S/7bf+cs9/gp3793+HX+a9//eb3/Le/8xf92G/zD39y+Q//Or9GRgvWv8lHf8Wf86f8Ywd/8p/0O/xZf9Tf/lv9Rz/5G/wJv+0f9bZ8+8f9tn9I+hv9bn/Qr/dn/Oa/xf/9X/zHv+bR7/rr/X1PfpM/4df8nV79i7/h6g9q/prk1/xT/oDf6a/Kf53Rr/9v/zm/52/4X/zHf/5v9t///X/bP/Rr/NSvcfKn/Ge/0T/2ByX/Upr8V3/x0Z/75ne8/oNJsH6D3y39Xvsf/za/4G97lvzC3+UPSH/Bf/EXf/Vn/G5nf8p/9gv+lz/on/87sl/3P/iDf7N/LPsdf63s1zv6gw5+6+Nf42/4m07/wl/z2W/63V/jzbd/h2//Ab/BP/AX/TZ/z6/56/1Jv+tv/7f9Rb/O6j/+bf6RP/i3/9+/+k2LP+C3/O/yi7/ln/8d/5uTX/cP+jV/w2cXv/C/+Yt/wQ9+zd/mL/uHfo3f7JOdv/1f+/d/o3/4L/kFf9Wvt7z4x/+o/+h3+g8++up3+DV+xz/k/u/8+/1Bv+ZH2V/w7g/+FfXv+i/+Tq/Ofrtnv8P/9h/9+v/rf/Qf/0Z/yE/+xF/xa/1F//Dv8Nf9mr/Gv/UX/Zb/0D/02737i3+93+0/+k1+i19j9XuvfsP/+9f4h/6of+Af+TWSv+gf/x3S3/p/+D1/s9/z/m/8gz/4i78t/TX/oeK3+8v+4d/uz/ldf4vL3/XX+Ok/6Mf+svQv//t+4W/7bxz/Telf9Os/+/XfXB1/99f8i7/6BVe/9fN/5k/9z/7i3/tv/O32/5c/6TdY/oqHf176263+41/3p/6iv/3yD/r1f89f64vfKvud/7F/+Df6D/7h3+63+sc/KfNf93/9g9/8PX/Rr/P3/cO/47/w3zz8bX/N/K/4NX6d1X/+1f/6D//R/1j25/13f/XBP372a89/rb/uv1v+Tv/Rf/Q7/WP/+a/7H/yvn/z0H/xr/9Tf8Ldf/q6/8P/+h37N/f/od/6//urfvv01fq1/7w/6tZ7+Qc1v/frX/IP+rZ/63p/12/9uv9Vv+Vv8rr/GT/4Bv+Nf9zf9Fs//4l/w5/3Df0T10ee/0d/1O/xzf9Hfvp9S1vz3/kOy3+H3/YO/s7979Wf+nn/pX7D76/5af9Cv+Gv+gB8bpd/9I/7lT/+Qf+M//7//ql/zN/rH/oDf+Gf+gN/+z/iLf//FH/Drn/yev97Lf+i3/+k//rf6m/6h3+lP+V1/+4M/6Nf+C37NJ98/+J1/33/o1/pX/qK//Tf4j/7IX/V7/sbpX/Rr/fQ//Dv+Rtlv9h/9kfNf/W//hf/3b/8X/dH/xqe/xfNf8Af9x7/T3/Br/per41/nt/o7fvt/4T/69X/tf+y3+he+8+3/4PJ3/Kv+4j/qXfbb/uR/9Jf8e3/lb//f/UU/9tP/8W/zT/2aT3+H49/pT5j9zj/1j/4Gf8YvoqWtX/e/+od+refZr/vbPPs16+O/dv6b/Ha0Nv2H/Jq/3T/wv+39zD/821BS9r/5y//o//k//j/+t+I3+3v+o+f//p/66/1Ff+Pv+Kf9Qb/xP/FP/3bnf/GfuPx1/rK/9u/5bT76y36b/+s//m2W/9lv8/f97r/d3/MP/zZ/2O/6O/xDf9Jv/1f8Ab/56Nf4nb73e/2af0b6a/wTf9Gv/8/97b/W03/oN/iz/oBf9VN/7K/4Lf65X//3XPz2v8Zf/Jf83x/9rn/yxe/wG9F6w9//B/+6f9fv+jv8E//7n/9b/I5/xN/+B/zM529+zf/ux35y9Af9xn/PH/Tr/Q/f+b3/lH/6d/ttf9cf/FPvfq1X//Gv+Wf9Gb/BX/EP/eb/0uw3+/V+zd91nv7Of1T6Wyd/8S/4J//rk1/8ux7/Fv/Qb1P+x8e/9D/+M773B/xOf+fv+bv/Jr/nr1NOf7Pf5j/+NR7/x7/J35b+Wv/eH/AbvvqH/oe/Yv83mP29v3P7a/66o8vf9h/7i3+9/+MP/h1+8g/47X6rP/g3+ef+ll/7b/kd/ti/98+995f8I7/xy/Q3/ig7KtPf7vf7j3/d3+A/+i2+ffyb/m6/51/epn/9b/Z7/8Sf8If9Dv/TX/2n57/7b/Ff/Ju/4+/0F/+CX/Z7/tpp+vv9ub/n3vY/9NV/9PR3+aP+qsf1v/lH/2V/62/7nZ/6Nf+DP/jX+YX/0K//N/yav+5P/Z6/y0/+nr/lP/Z7/jp/319898s/+Nf4K3YmP5n+er/Vf/Rb/Tn/8H/0f/8Rv8Zf+Mf/R7/WP/GH/hr/3K/xu/xvf9CP/W5/wL/5Z/2uv/0f9gf8Vr9F9ttN/oBf97/6iz59dPxr/i9/0b+1/Oi3+ivSX3f0B/xY+2f/Gvvpb/aD9Df9g3/7X/Cn/Jq/4J/6tf7Kd3/Yj81/jV/7Lzj+o/6avyj5W/6AX+e/+AN+k1/4r/7af9kf8Gt99Pq3+J+Of+1/6Nf4sR/8Qb/T3/J3//6/5T/0G/5hv+fv+A9c/47/22+V/N5/0C/4536ff+gP+49/+9U/9zv+D7/Gr/nb/Jp/wX//J/y2/1D6m/xmH33vp4+TP+sP+LX+i9/zX178KT92/gf92G/3/d/o8R/0H/8df+m/cufP/9N3/v1/5Vf/w3/6H/Fr/Bb/3n/7a/7MX/zbzbPf8Pkf/PhfSH/9v+0/us6yP3r/D/rn/4zZn/dPTX/Hf+kf/iX/51/7l/6dv8Zv/s/967/5b3Z+9WN/0e/wT/wBv9ZvlP6C/+Uv/h1/mz/gNxz/R7/BP3H8j/22v/D04f/yV/5DP/VX/t/X//vv8r/8wb9gK/2N/qQ/4Dfb+ct+2//rP/r1/7aT5E/6+Mmf9u/8ev/Qn/P7/X5/Q/IP/Jq/xv9w/df+m3//X/N3/jl/7fEP/uzfofw7/skf/A6/w3/0m/xWv+lf8K//4Lf9T/6hz1/9Zb8NRRu//a/xO//U7/U7/YLj5B/5NX7to9/wd/wf/qPf4H/7A37b/+Uf+h/2/6A/OP8XfoNv/Rq/9t/1F/92v9nh31wc/+7f+YN+kzb9bf+7F3/6//CP/NrjP2Br++/9NZ79en/5Hzb/9Z89/c0e/66//S/4/N9788/8Zr/Nr/lj/8g/9L/t3/+tj37X33j/D/41/rG/+Lf7xb/mj6W/599x8ef+Nnu/9e/7K3+bX+vP+YNe//uLX+sv+z2TP+IP2H7w1/9af98//Of/n//0b3/0a/zYv/EX/XZ/2PFv/+v8tr//n/a7/abt3/fX/9u/wW/57Nf8lX/f9/773V/71/sDfo3f6dm/+2v9b7/nb/bP/cO/ze/wD/2W/9Z/9GN/269x9H//nf/Rb/K//Qd31n/sb/xT/9Ff92O/03d/g8e/wd/xD/2Orya/1k+9+I3/vj/41/r3/qLfZvS3/To/+DV+s9/33/nqN/jzfslf8tt/9w/7k/+nv/Af+g3+ln9468lf/O4P+YN+kyf/8W+4dfxH/NR/+mv9D3/Qb/j7/eG/5t/0Ox79+D/06/97/9Dv+PQf+hf/+t/zt/u700/+m9/4d/wb0t/hD/qPfuwv+H1+4/ofevPP/lr/5L/yH/+GT/+j32Er/Z+a//zHVn/AL/jWr/tX/U//7W/zR/2av+7v9wf8Gr/v6a/xg/TX/Jnf89f71u968nf+mr/pL/81fq//46/6tf+DP/q3/wf+o9/kf/+zfs1fL/st/6mHf+7DP+Df/qV/8G/zJ/3Hf+4v+0N/zT/lD/rtfu8/6K/5Nf+Sn/zbJj/2W/xjf+zLX+vpH/vb/Da/zf2/+Cf+gF/wN/wB//Pq/vw/+i/+nb97+lttvTn49X6L2V//U7/r7/Xn/Ea/z198/Hdd/4Yvfvn16k/4N45/zV/z//4j/vo/92//x/+oP+gP/zL95Vt/0H/7Z+zl/9af9u9/9J9sf/83+ei//AtGP/iH/rk/8o/6nX6tf+K//w3/opNfK/3x5R+U/rl/xu/6hyS/5x/7213+Fv/a7/b8Dyt/4r/6t/+SP/w3/Df/wT/w7/yTPvtP/47f6Nfemx+tftXW8fGdX/83/53+kF/3r/3T/6Lf8w/+df+O+md++3/sD/iXfrM/oP4vf+of+ON+1V84/v6Pf/4f/CW/7n//2/zhd/7Y0a+zk/+aT3/L7d/8Z/6l6U/8sf/ob/Xbbv9Wv+5v8Gv8xX/YH/8b/B1/yR/04vf8T3/sH/3D0/H+7pN/+Nd/+N3fc/7vf+uP+rv+je13/8W/93f/Jf/Qf/zHJj/4B+Zf/LMvst/4D//9f+dHv92/8St+3X/4o78u++P2f7O/I/1dfpvke3/F83+7/vjX+uP+qL/4b/z7/6Z/6E/6db/89r/09Nf6236DX/bbjP/JX4PCkB/7df7V3+Szf+l3+5/+pf/7t/ne7/Rr//O/42/4a/yn/9STv/PX3f3Hfq3R3/b6T/jN/6B/6B/+l9Jf86f+pdPf7u0/9ad+efib/m5/6u/zx3/6H/xR0z/h4b/wW/6LD3//X/7jv+5vefIv/SP/yP3f//dNf83feL88/kd/5//ti1/0B/2S3yB9ePwnvXq++jV/y1f/0j/0/Nf+7b+d/rp/1r/0x7W/0W/zY3/d8a+d/ha/7+ov//WX/8B//V/8Or/3P/NX/+W/1ff+pb/kN7p39c/t/sO/2W+2+pP+/OTe//Gbnb/4U3Z2fo3f4q/901/+hg//jXe/5R/zR/8W3/6X/oLf/Kf+qd/ynzv97/+mv+m/+NN/6nfbyf+s3+8f+2X/+G/7t/++f+of9Jv/tu/+p3/m1/39/rr/+J+4++v+a7/5n/A7Hj3+bf+JX+dnvvVTv9bDf+a/+13/2eTvne0+/U1/7F979Xvu/M7/0uQ3vPe3nO38+n/hyT/1W/7je//s6i968mO/7r/0h/xGn/7V/9y/9Ef837/VyT928uLi1/rN/7Rf4zf6Df7qbx3/6b/pn/4//Ya/0T/8e/6rP/Vn/pf/Vf3P7z78y05efXv2F/w6O9/+57Z+7S+Ofsmf9yf9cQ/+s3/q5Nf8NX6jX/6n/Ia/6Xf+ht/+j/jJz57+Qb/h9n/8u/2ju9v/5c6f+o/u/kd/2JPPf7unf9J/+hv/Nt9K/6bju99+/pv9er/O9/61f+QPefgvps2/8Hv/xX/I3/2nPzj65c9+w9/3T//X//F/4d5/8/zkd9v/l969Pv51/+u/6k/6tf+iP+J3/Sv+rV/rN/zX9v7x3+nbf9Tv+GvuPPr9/o4/++/+F36f//Rk+1maHv+Ozbd/z9Pf8u/d/vV/nYd/cfoH/UG/66/5u+2dLP+nv+Vf+m12/upPd4s/67f9PX+zX++X/p2/xu/6G/2Gf9v/0Yzav/0PuPcbf/Y//Ff/7Y/9+qPfYPon7D3d+sN/g7/ld/7dfsd/bvf3/6vu/OG/1dFn/9AXR9U/tPrn/u/f+X/994+Pf53zZ//TH/vgb/99/6C/98/7037pH/PHbv8jo1/6/Nf6t1/9Rae/7v/8G/yWv+5v9rD8l//Rn17+R3/Kv/hr/Uu/05/95Nf4Tf6o3/Uf/rV++epf/Rf+mT/1xd/zt/8Nv+X+3/zs1/wffoN/9df443//v/Ff/KW/+s/4zX/LL7f/y9/o1/sXdo9+jf/499r9l1d/6K/56e/965z8Jj94+h//Oh//U7/n/j9z/Jv+vn/aH/TrfTH/Rx7+9B/869598w/9+r9tdrzz9/zHv0nzZ/2jv83f8e3/8Nf+G/7jP+Kn/qo/6Nf63X+D3+/4t/hlv+Hvfvzj879tJ/t1/pPsT7j82/7T3+lv/uQPevhX7P7G3/+3/qBf7zf/g/6J/f/ob/7L/rPZH/rr/kt/07Pf9xf+Kb/x7O/6Q37BP/QHPfud/4v/+Df53h/wnyb/1Mtf78nkt/0Ty3d/6G+w8w89+a2Wf9Jv8ps8TX+tX/ev+sN/g8f/86/xg3/vL/pN/7a/6dn//fgP+Ylfs3r3j/4O/9nf9eve+7N+0R/3U7/GX/pH/5t/0h/86Df7g3/tf/wP+It+zd/03e/56/4hf/OvcT1Kf7vR//QP/zZ/28tf68/4205+u3/2D/j1Lv6y13/s6vf88V//Wwd/5P393/tP+gP+rb/kt/t1/upfd//f+4f+tuZ/G/2Ov927Z7/en/En//Gr3/fHf/2/8+/6dXeWP/EH/13/23/02/7t/9HvPn72v/yJv/9v0PxZ/9jov7j7D/xHf/T2y9/zl37r7/q19/+r//hPaX+7X/M3/l/+t9N33/mTfo0/4+/7j3+9j3f+yH/yoz/g1/4d/7Rf4zfc2fkjP33yB/w6v8P+P/Tr/0v/1R/x6V+w+/f9Bu/+09/mX0r/yf1/7U/+NX+j2e/52//bv92/+vD3fvmbLP+0v/QP+s93/sntR7/sz774DX7813/77X/o7ur4N02f/q6/9n/3F/36n/31Z3/wr9v+Gsd/x//2+a/5S7Pf+O2/9Gv95n/rqxe/+k/7v//kf/Q/+kW/26/5D/0Bxw/+qOPfZP5bpb/Ww3/pH9n9pb/mHz/6W/6h3/hP+LX+iMkq/U1/rWd/1W/zxeGfMf5b/uNf+z//i36Lv/yf+od+z929f+lf/rV+tz/o1/qXftUfd/+P+5W/V/UfffQ7/iP/0a/3h/z08a/5O8z/4d/mN/yL/vF/7dt/yh/6P/9Dv8Zf8hv8N3/Q4//sb/68WU3/kp9I3z74re79if/if/Rr/Q6/96/x5Nf5Q/7hf+Qv+j+nv9vvt/UH/aZ/zh/zB/+Wf9F/3Pzt/9E/t/3v/Zp/aPLyH/od/6V/6p+4m/xah7/JX/af/pp/58ufPPr3st/unz76m36bf+MPevbP/2u/5p/46/1d1d/+1/3tv/kf8Mlv9uf+Tn/Qf/o77P+ln+/+M3/xv5j/Q//Rb/s//1fPfqu/5Pgf+i2f/sO/09O//eVv+SdN/tD7/8eT3/b3+2d+vd3f5jf7Ey//rn/kt/n357/Gp3/Rn3L3l/zp/9Mf9rts/xq/8Xd+jd/4/85/nb/+1/qxP+r3/LX+q3/5N85+g//0t/sv/vFf6zf8W/7kP/in/qV/6Nf79f6Zf2j/z/ruH/zl3/Pkt/+7frNfuP93fOc3+Y1/h1/45/5j/9U/sf6Pj3/D3+LVX/Q3/g2rX/vgt/pbn5XZL/tL/4Jf45/8tX/ff/mP/B1/7//0t/2LP/v81a/6tX6T33z1R/x2/9g/9Z/f+wv+5j/if7n+XX/t3/TvWm7/afnfvsj/0l/nN/zr/tFf6y/5n/644vFf9Nv8oX/9737v6d/1hye/2R/36/7Ff9vp//Wb3fsnD/6Ef+zX/1f/o7/w0z/jT/41/4U/7y/9C//O3240/ut+8z/4p375d//Z3/c3efYH/oP/x7+084f+9r/tf/Q//Tr/3Z/zV/zOP/XX/c2/6b/zX/9DW+Pf6z/4df613/V3+fV+yz9k5zf5c36Nf3/2W/62o9/gD/70j/ub/vBf//kf+jv9Y+8+/nX/uD/pD/pb/s9/9HcYvfsjfr9/4D/58z//VX/Qb/OP/0fP9v+SP/gPnv9N//d/9Bf9BX/3H/7kd0z+xj/wb/qDft3/bueP3PmT/uV/4jd4+bf/2n/c8W+2ffTf/Hp/45/8m/96f2HxH+7/af/wb/9bfPTr/bb/2Oqv/h1/y3/oT56++TWmf1v6+b/0p/02f9zv/0/9pb/GX/M/3Xvw++7+d7/BP/Y//zbP/4Jnn/7S/+6v/Y3av/23+zv+p+Iv+Kt/6jf8L/+PX/u3nf7y41/3/zr+Df/wP+Onjvf/hz/i7m/zT/+zf/Iflf6Z/+Bv8FO/1R/2F/9Zsz/xp367327+R979r37zv/AP+Of+0ref/GHH2//JT/xj/9A/kv9uv+zlr7u99w/9xovf4Pg3+F/+q99z++/7h/+4f/KfOfl3lgdb+//VX/vrPv3L/tHf8p/7s5794//+r/nv//uv/oDj/+Af+qu3f++d3/if+tsv/4t7f+cf/vAP+TX/uH8s//Hf/nf74/6gxz/zm//h33v3n/79u//5auf8d/gT333xL/2Ov+n/9Ef8jr/vb/7HPfinfnz6f/9TO//kX/bX/5p/6IP2D/oLz+6T+nnyG/0Bj3/l3/2rf/O//O7P/Mv//Z/8b/yuv9/f/yf8I3/d//bg1/2t21/jNx7/mv/0r/Uf/J6/4fe//W/8jv/zr/FP/IY/vvMnZv/lr/E7HPz67x78dcd/ym/76//av97//dmv/xv86dkf/1v8e3/xr73+oz7/nT75NX7jP+B3+id+x3/yj/r9/pZf/ff+I+Xf9Vv8Xf/5X/XX7vzrv+sfd/3PnexuffHr7a3+4p/4a3/s1/wdf5Bd/MH/9W++/yfs/cLf7r/4bZ49/Ev+4j/+8j/6T/7S/+q3+e+2/73f7Ld+/fv99r/t3/Xi17v3j/zHf3wz+wW/wz/2m935/f+5P+aX/EN/w2/2X/57/+bf9yv/3j+x+bUuT07+of/oP0vyb/86H/17f+9f8A//Qf/hX1X9+b/R6r/66N3/8j/9Iz/zG/4af1zxB/yeZ//kwa//2/wnv/nLP/a/+I3/7b/oN/w7/6Tf+H/+NX6PX/4vXf3xf9n//Rv9B7/Zb/LnXJR/5+/5m/yuf1t9/Yct/5tf8eyXfvc3/H0+/S3+pZ3f9md+7fbgj/zpd2Qc/qff6N/5h37jn/wnp//dyXf+/V/jN/pH/rLf7s/+/Df87/+i3+Tjv+I3+bGXv+bbz1/8WZPfbver8o/5R7f/g/S3+V3vtb/dP/R7HP7jv/nR/3T2e3z7N/mf/6ef+Pva9N9ZFT/xD/1G//fv+dVv/jc//3t+s9/0J/6j3+T//K32n/zBn//9f9hv+D/9T7Nnv/Zv9G/8QT/z5Pg3/FP+1N/03/+HXnz3F/6Sf/S/fPkb/N6/ZPqP/F6/6Tr9O9Kv/qed3/hf/M1+rf/0zyz/6z/1N/pX/6dnv+gv+w3vHbz8Jelv9FseVP/3H/T7PfiTftPf+M/6zf/Of+k3/tPnv/EXv9vlv/97Nn/uf3V09/Pf6F/6l36T/+LX+E3/6V/jt/ut09/07/iXfpN/6S/6Db/9t/62/9iv8Wv/tQ9+0++/OTz6h36jo3/0//6Nfnn6m/5nb6r/4n/6/WYnvyD/z3/tf/s/+sP/4P/8D/lj/7Zf4x/7i367P/2/+g3/hmd3/6XVt/+h1eVfczX53dOrJ6udy48/+uf+otm/lD7/R//Kn/6X/47v/mP/0W/y7/9Pv9dvvfpNDn793+jf/4++/Nv/q1/7W3/Ar/M3/m+/4W/+H/16v/kf8Bv/+7/Zn/i7/mH13d/ut/2L/+Df6L/7k4p/J/19//3f8/D/+rt+8DfSSt2v8xv9df/ET/8P/9PJP/N7/ib/9//0qvqTf/Es/w3/4X+prtfFP7Xz/B//Ow/+9j/pN/5N/6Kzz/6y/d/+n/yN/uk/6O3f8Yf+0X/2r/yT/sy/6/Pt335/8uv/qdnHf+runct/6F//jf/nX/PX/oP+kfk/8vI3+o9+jd/kH/hbD8bf/k3+/d/zN/mn/qbdf+73/N4f/Qf/2p/9Rb/uL/vNfqP/5i/6TfZ/YTn7x36P3+8//bX/nv/oN/4Xdv+0f+30N/rHf/L3evI3/9+f/0XZH/R3/UPXn/yT01//o9/of/lHsr/7L5v9ip/8E5/9F7/hwT+5/ef9Gb/GH/Lb/KJ/7x/6tf6Dv+g3/O9PvvNb/6qfeP0rfsP/+/f8TUZ/0K/53/xNv9G/+GuUv/ev8Rvv/AG/4H/5Q5r/+R968u/v/MZ/0/Gv+fDX+O3+9r/oN/rr/7Hf+Lf4s37y//zH/ti/7Q/4Tf61X/kT/+c6/RdXv9Y//pu1f8Cf/tud/9e/8X/yb/3Of+x/+jv907/n936vZ7/Jv/gHbP+L/9Pv/2/+Tz9z/K/+xpd/+Ls/9C///JfvvZ78tr/pv7Hze1/9Wbv/wF/62x38bchm/6q/aPw/7fz4P/03/S5/+7/0W/+df9Kv+WDn9/yJP2jvr3rzvX9g9Wt/+x//jf6Vz3/yt/joz/rvf6vf6M/7q/6C3/8fHf1OT3/D3/B/+sM++fzJH/03b/8Lf/Nv/2/+R3/q0Y/91v/Mf/SDf3Xnq7/w+Cc//zM/T//k3+6/+DUf/RG/+Z/RHP/fv/Bv/kW/0cHV7/MfPftt/7y/Iv/nJvf/6t/z1/nW3/Tb/QM//hv9un/z83+wffm3pb/OX/aHXf6R//Fv/7f9Zr/xv7h6+edcjT757Z7/Lb/Fb/QfURr+P15+/Jv9xv/Nr/ht/ot/5Lj5n//wfyH7vf62X+M3Wv3Dv+TXzX7tX/fl7/3P1unf9nv+Fn/PH5D9kf/VX/BH/sm/3V/yjx3/a3/7r3H9W+3/k7/Bn3v9r/z2v+ev+u3/2F/+8N//08u/5Hf7df64//hw+sek/03+V5z/Dn958df8FcU/86f+N7/1/t/zD/1Gx3/ot//hv/S3+13+97/0+uo3+k3/gOyf/p9+o3/89/w9f4Mn3/lH/qff6J959Zf/hulv9B//Zn/p9f5v8Xf9Rdfnf/n19z79av8nn/wX/8pv/1v+wd/+h1d/7j/3v/wFf9Ts/q//v/zW/+zOb/zVv/H94+y3+levX9a/6i/9q/+bv/Sv/Wv+mr//7/7Fv+Vv/lu92/ut/oz9/3vn3/tT/oo/9vWzP+h4+pv9rp/8pr/u71389G/36v5Xv+7v+tv+93/16vN/58/93/6R0T/+H/2G/8df/ft9/B/9hn/e//wTv9O93/if/oey//O3bn6nH//q3/qXds9/90/+wz/j87/zfzr8t9pR8sf8dv/sL0//tP/iN/z73vy2/9Qf9Bv9nf/T7/XH/4o//R+cbf+Nf0b18OIv/Q3/y5f/4F/0a/1B9W/09/+jv91/8Y/89H979jc9+Ff+gt/pb/v27/K7P/lN/pLf7vf/u377X/Vn/4Xpf/03/FN/0G/3T7/8y//pvb+o/XNGv/6/81f9fr/2n/d//iO/5p/z2/5Gv9M/M/3b3/zVv9Xf82v8R7/nr/PmX//p3/HRV3/+7u/9t/1Jv8c/9+/8xr/bt37n//q3+Y3/6b/o3W/26Lf9+//33/Bv/cd/83/4P/oN/6E//W88+Hd+4nf6VX/6X/foN//Wn/NrnPw3v+5/8Wv+Rr/nv333N/2Tkr/wL/6r/67/6OWP/UuHP/H3fPvHf/P/e3/21c/83o9+i9/gf/kb/tx/5y//p/+R7H8s7v9Ob/6K2Q/+ivnf81f8on/27/jH/6O/4m/7A86+94Pf7rd6+Vd+9Xf8NX/86a/zi/+dv/LX+c8O/7K/7OXv8NVf9Y/8Sb/RP/mb/aV/+p/zJ/yH/+bv/+b0yR/0F/9Vf9r//pv+EX/zt//sP+Zv+vN+6if/609/43/2L/qN/sZf+df//te/4e/0p/5Gf+Ufs/xr/pi/56/71t/6P/4Xf9Xv90/8pdd/yse/7h/107/Tn57+G3/ZX/sf/ut/7a/7P/2mv8e/8+f+2Z/8df/oT/11/8P1X/cb/Cu/8T/z07N//A/6jf7pv+j3+8dXv/Y/8weN/sHf86//p/+n63/pe3/9P/0n/Xa/6b/0azzLfvLH/9q/9vp3+/3+kd/zb/hk63d+81s//rv+o+U//vJv/vf+l7/hH/ytfqvf/6/Of8Vf89v9xn/sn/EP/rK/6x/5dbZ2/5jlr/nv/va/w1d/0//5x/72v+g33/9bXv0av/Pv+Z1/4cFv8Vv+k//3L/m3ftvf+6f/mr/jd/q1H57/us//x+I3/L//kr/qP/1f//bf6T/7a14d/oU//j//3X/+H7t/fPJ7Pv2Hfs2f+R1+77/qz9j+Nf6bv+Dv/S9/p3cf/VZ/+e/4m9zb+0O2/4+//Tfc+UWP/5if/o1+p/0f/5cP/sI/+PIf+kN/u4//tue/4b/0G/8mf99v9INk6y8//M1/7T/uH/qHf7O/4s/5/Ku/5R+Z/tEf/87vfpvv/Ad/8G/0H/1J737/+7/3f/V3/BX53/6L/+Vs/N/9s/n//Oyvzp//1b/ff/Trfv5v/k3/yf/+p/zhv9vOH7n1t7w6/eN/3b/4b3rwOz7/8b/57/hH/qe/8l/4K3/D3+Dv+Uf+hu/+PX9T8dv9kb/oN/wj/6q/L/nLX/6af91v98nf81dN/qnf63f73pP/5rf+B3/n1eV/9ts9/vHdv+m/+0f/qZ/8Z5/8T3/NP/rH/+W/4S+888/8ZW//9v3Rr/N7/NRf8Q/+oX/Zv/GP/V7/+K/Mf49/5u/4H37V//13/VtPv/rWX/Rr/f3/2t9+PWv/jsf/0D/7O/7Gv8OvePiLdn/bX3X+k7/1j/3Df3ryi//8P+Y3qr6X/4uHv/nf++v/Rj/5h377z/yHf7uf/N9/0x985yfnf9Cv9+O/4daP/8u/5Puf/I0/8edc/RntH/XH/qf/4H/5G/1Df1v6D/26L/+hR9/7De//Rr/3//z3/UM//df8xG/yx+3/bn/M8l88/Yf/oTc/U/w5//Bv9Tv+1X/Bf/wP/w/JP/LxP/Rr/ke/5z/yuz//47f+ub/93/ru7/V/FL/VX/rJ/PFP/ym//+EvevI//fbrX/QP/yN/7F/26P/4DX+Nf+d3/kPzJ7/TD36jP+4f/gv/2X/or9/5Z37NX/tP/cd+3b/pH/vJv/Qv+U9/4tmrP+7PfvPn/Q3/6h/0G2XvfqN/4Nf+W3/93/Ev/xv+97/gD/h9/+rf93/9vWblP/H5f08h+Pf/3f/lt/9H/qDlP/c//RrVf/eX/jP17/Ob/Cl/+5//k3/3u3/vp3/xn/d//0a/5Df6vX+PR3/PP/29t//uX/v3/v5/9L/6R/11/8znf+Zv96f9Dr/tzr918Ml3f63kL//t/vOf+Kd/77/3H/yd/6Wjf/n4t03+y3/6X/6bf/u/5J/7C/+y53/xkz/o1/v93/4VD3+jf+Jv+D9e/k2P/4of+0N+u5/863/n3/jRX/nn/65/0bf+pF/jn/3oN/q1f/Pp7/kTv/2v/fv+c/l/nmd/3d/97/0j/9xPXf4+v+XxT/6Lo3/+zzz+k/PT89/j7N+ap1/9+39d/u/9+v/Cr/tn/RX/2e/7L/yXP/Mv/C6/4rf/+2a/3R/8U3/HP/Qr/oKf/t4v+Cf/+p+of9Vvmv03/9Bf/ovbf/j3/Dvv/zd/cXL1V/6T/8w/8sf+qeU/9mcuL3/X/d/pV/ym/9Yf9Bt/dX7/X/9z/oU//e0XH+//47/wr/1z/sJ/+M2/8A9P/46dX3Rxcf9v/63+1de/9W87e/LVj63+qL//zr/yx/zK3+v61/m9/8F28j8++jv+wX/0/y6Kxf1697f4rf/p3+v//GP+kd/k/i8Y/WV/4p/5N/8lf/Fv9I/+q3/RP/N/bv89/8Y//+TRP/Mf/xvf/81WPxj9/r/Xb/if/8Hp7K+7/uOy3z791q/zq/7TH7z+jX+j3eT3vv7Lrv+UP/fX+Ef+2f/gL//e7zX61/6W3/Pf/jt++1/wO//kP/rb/Y/Jv/UH/3n/ye/09J/7b07/9V/3f/rt/9W/7p/+Y/6Zf/r3/GeyZx//Z9/6Ez7+i/+9v/Bf/DV+5rf/5//SX/Zf3v2L/7zpX1P+C3/2Hzz6o/7nw3/nj/33//R/5vh/+Hu+XfwO0/q33z/7+779X//T25//Ob/kj/iJvzT53f+Lu3/3wd+f/N5fvfi3L64u/+G2Pf5P/4Y/7xeN/oi/+eBv/9f+3F/2f/wVf272t/99//0/+Gf+5//Bs4//vX/hP/4rf6s/5tv/5B//7/3Ob+//8//+7/P5b/vvv/glf+u/9s//xz/9e//dX/5Zuw9+2W/0x/6hv+Gnyf/9G/2bv+7f+Bce/ca/zZ/3X/yDf+5/0J79mn/hf/yDH//f/oP/+f9c/oa/53/447/XP/Ar//r0V33/9/rXft0/70/5nf/Gf/LX+If/rp3/6Nf/G/6ZH/+b/7nzP/0/+onnP/lv/FZ/6fOf/g3/+D91t/53fv8/8z/+N1/u/lH/+n/wJ/9uf/N//Lv8D//x7/I3rH7XP+G/+m1/31/w6/8Wf+Mf8+v/Hb/q8S/6537wdudv+Lv+62//Fi/+vu//Tp/9Pb/54m//Df7bv+IfnP5Pv+e//Sf/G3/b3/Eb/p7/2W+2+Jv/jn/tv/jBnzX6536t3+V3Tj959+f+m//57/Cf/5a7//mf8cl/Vlx8/n/823/3P5L+4Z/8H3/6n/c//+c/88f8x7/z7/fjf//+Vxf/wj/96d/7t/+Vv83//Bv8hn/h7/9//ik7f8V/9Ucs/8s/9Hf6jf7sv/6//Cf/m/v/9t//9/5B/8BftX30X33+K3/D3+MH/9Wjf+9v/qf/g9/4T/gLrv6k8e/9p/x+f9Mf8S//A7/53/9//wu/6a/7W/z+/9u/9Lclf+Wf9r2/+7//ve7/uv/S3/1v/Cf/9r/9V/6Jk3+jePPH/E1/1y992v6+v0b1J//Nv37y8Hf41/+Z//6PTn/f/+s3/df/un+++TV/73/vt96//uV/2e/83//jf+Sv+R9d/JPHv+5v96/9+D/8G/06b8gv+q3/9O/9Zu1v+Nv+MX/x//a7/cW/1l/yOy3/nF/0G/8N/+Tf92v97//CP/AH/UP/4H/0N/yD9/7NyaPfYv6b/RW/y/f+3T/qb/uv/rzLl2f/7H/5N/09v/w/+pW/5O/+Tf/yf+MP+SPrv+a3+29+3b/xb/lffptnf3bygx/8hrS2/61fY/p3rH6jv+cv+s9/xS/7C/6c//K3+D3+id/+F/y6f+g/8q/99n/uT/zd//Cf9B/+Sz/x1/0n+W81+S/y/2r+749//z/zn9758V/1d/wa/8bk7L//U/+Tf+vf/Ev+/j/nz/tH/qE31Z/8N/3Pn/zff8Hf+jcf/JN/xa+R/bO/zV//B/4j83/5rzn9v//j3/vXSv72/+tf/i1+4V/3b/1jP/W3L3/n3+rbf9xP/k2//9/1+P/61X/kH/dv/PV/zG/0B3729Bf+Rn/23vnf8+2f/Ove/c1/7u/5vb+z/YN/7V/5P/6bf+Ov9WM/838lz/7U32b8Z/1dv8mfMPqL/6ff+2n2L/4W/9pP/U3/0b/xe/2lX5zMv/fsn/0v/7W/Ov3s//prft1Pf++/6a9K//m/4PTP/cn//qf+jsW/+Sf84/e/+rff/AU/lvxH//v6v/u3jv+Gv/On/q8//L/+l97+TX/13/7f/TZ/1t/x/Bf9+nd//b/31/wNf72/7j+d/ZG/TfU7/7Wnv9d/9If8BUdvr/+x//xv/T1/zT/4x375L/gNf/IP+O/2yt/5t/nDfsm3/9X/6B//Y/+xv+QvOf6167/0y7/3N327Pfo1/u2/5K//dWe7f+D/+p//Xn/R+Pv/WLZ3+Iv+kn/rb/31/7n/69f9ZXd+0X/1X/1nf8fqr375F49+++an/qE/6+M/9yef/1N/yP/9+/9Wv8X/9uh3ffobfD67U/zxl4t/9runv+v8t/k/fsPf6Lf9W/6Q3/Wv+pv+rL/id/ivt/6AX+cf+w33fv0f/0P/p+N/6td59Rvd/XU//1tP/6zv/U8f/fO/zexP+TX/y19ztfxd/4aD3+Tlf5v+VT/1DxX/zZ8z/aN+9a//Zx29+Jf+8j/jd/hHv/UH/JW/1j/y1/xRf/d/++Q//eP/kD/hF/w9v+6f/b0/7R/+5J/+A36d0f/4V/2l/8j/cvaP/fp/ym//1/9dF3/Tb/8vbv9tf9Dv8wf9GeM/9O/+E/7KP/+P+y3mv0P+J/3boz/rN3n2i7/1T/4x/8abL+7/AfN/5uVf9AvvP/+n/rY/YvKn/lEf/bP7v+Vv8Lf8br/oX/7n/6k/5R/5a/6af2D2p/3V//Nf/mft/7l/9V/x59b/yR/1d/46v/TP/ldf/CXf+t//87/qD/wT7vya9/6KP2z3j/u7/uRv/THbv8PiyT/1z9z7G/6+j5LRX/RP/e9f/l7fq/7x+9/9J75/9Z//7d/9/f9AmqTsj/zd/47fe/onnn76++R/Zv53/D4Xf+Ef/ulPFX/lX/53/NTbv/Ef//R7i7/zP/87vlf9g7/ug9/3F/2Tv/vf+fs2/+Lpg++v/8387/z+1X/4hz/4/a7/y7/87/z9fvH/+I8/+P1/ya/8z//O3/8P/L9/3YM/4A/+9X/h3/UH/KG/6bOD7A//bc//ruyP/F3+iIPJH/3xX/F3Tf7Yu//EwfSPf/Bf/F3TP/H3+PUezv7kz3/h3z37U7989jD/0797/nfnf+bv/0c8PP+zL/6Kv/v8z63+iYcXf/7Vf/F3X/yFf+Cv92j+F/+Rv/Dvmf+lf+KzR8Vf/mee/z3FX/kX/hGPfvqv/iv/ir/nv/nLf+1f69c4/H8AdQ3Ho+FvAAA=" />
        <Entry handle="5" bytes="H4sIAAAAAAAEAO29B2AcSZYlJi9tynt/SvVK1+B0oQiAYBMk2JBAEOzBiM3mkuwdaUcjKasqgcplVmVdZhZAzO2dvPfee++999577733ujudTif33/8/XGZkAWz2zkrayZ4hgKrIHz9+fB8/Iv7Hv/cfvPut//ov/tv/6z//L/nW3d84mVSz6/QXp4usviiW2221epTurN4dmg8mVdtWC/3MfFjm523YrC4u5vrRJJu+vair9XK2Pa3Kqn6U/vj5+fnhlz95+urZ8y+/u/17P0rnxWyWLw9T+9nv8yhtpnVVloe/cfJLfuOknRFGZbHMt+e5AN7dR2fn1bLdboof5PTBPfqAmmbU0n28u4dm0u2P7/BzmLb5u3Z7lk+rOmuLavkoXVbLHO+O8U23p719ByL98Xv8HMZBdDsmkL9xUiwufvGkqmd5/YioQR8Vy9W6NR/trt6lP/7pp5+mTVUWM0ZiSkDyZfuLf+MkjZBuP3v4MJ8RWdKrYtbOH+3uMIL092Vet8U0K7ezsrhYPqKZE+KNy+qiArQ0PS+rrH2E2TpM+QN//nZ3DgSQ/RiTv7vDHzJ1irbMAcgN896n8gp/ciUUOyAam4/Os0VRXj/6r//eP/k/+/v/VHyqU/Hs2TNu4/Chv3xk9qRbHxPzkT87u/d3fnfBjvBr5kBORj8lCuY1mvNUdT/sTJSMr5nv3haAaZ6mIY7bu7tKRH8w+7tKpl+S3v1W+kX1gxSC9q103i7KdAjOXh/OvfsPBVmAOTv9VMB88nXBpArnAcFJlYJ7t6VAnITEasUSICKce+/8wfl5hld93idOUN7/jQ1L39vRmTaT/GnIDD6DaKe/2H2Lcd/b/AJQxxtGL+zvfbo/6Yxpf/xgiLUNiL0Pg2Hmn0H9xgkB+zHv3ftjS1Uzw9ww3dRyLNoZeHUkLUBLxdxnFKUYYKyX2aIj5oaLrNTJn6qB7nvvrrKm+cWd/vTl7tv91w1FPgADC+LDEFGKfwgiBsQHITJekGUUpSvyZ3RloDm9hl0NoKACSdCPosroPcCoVEaVkYBJ3wdOXxvtrTDuTwIbdaCNe+OftKx3/MYPLBn/H14fikbjCAAA" />
        <Entry handle="4" bytes="H4sIAAAAAAAEAO29B2AcSZYlJi9tynt/SvVK1+B0oQiAYBMk2JBAEOzBiM3mkuwdaUcjKasqgcplVmVdZhZAzO2dvPfee++999577733ujudTif33/8/XGZkAWz2zkrayZ4hgKrIHz9+fB8/In7j5DdOHv+uT788efP7vDxN5+2iTF9+9eT52Un60fbdu9+9d3L37tM3T9Pf+9tvvnie7o530jd1tmyKtqiWWXn37umLj9KP5m27enT37tXV1fjq3riqL+6+eXX3HWDt4mX9dbv13hzP2tlHR9T1Im+zFAC281+0Li4/++j33v7qePukWqyytpiU+UfptFq2+bL97KOz089OF+sya/Oz0wcfpXfxOiP8blEum88iaOw+fPhQev/o6HHTXpc5vTNuZ+kvTstimW/P8+Ji3j5K9/ZX7w5/CX1VLFfrdpe+Nt/sHtA36VUxa+f0x70Daff4rgH2eJ5ns7SYffbRt+mXXeqmN6ATwX/7zfXKH02bv2vvArXDdDrP6iZvP7uY7N3b3cPIHrdFy/B/7L/4C/6w/+zv/Tv+8z/8r/vP/8S/6z//Y/4C+uW//Bv+4v/yT/oj/su/9e/9L//evxCoSNPHNKC3aZ2Xn33EuDXzPG8/SlvqVPuaNs1H6bzOzz/7iH69+xqtXqPV8+qiWI75a9D0N05Seh4307pYtWlTTz/76Kezy0z+vkszs8iWs/FPNwFw14JIcFd+Owog6V94ztfLKdggLZZFu3Un/cXuKzyzarpeEI3GF3l7Wub49cn12Wzro3WT18tskX90Z3xObZqtO4fv/+ZlVq7z9LP0o4+8l39JBLnrn56/fdvHrjhPt96jH3TUg4EnK/O63fr4v/ob/87/6h/4U//zP/wv/y//tL/qv/ij/s7//E/64//Lv/Jv+h//vj/44+7Y8Nym3zhl8NR5u66X6XlWNnnna2/8eDaOcZU1zVVVz77GGP/zv/GP+C//oj/4vUfn9fiho4tN9Ou8Pamqt0W+BRKOUh7Vnbt3/7O/6y/7z/6uv+Y//xP/kP/iT6cZ+eP+s7/rD6I//4s/62+ccuP/8s/5w2iy/vO//k/yv/rP/6C/z3XQIchlVqdPs+uGeO/ezmF69+5/8df/ZanASv/zv+mP+K/+kr/2P/sH//z//K//s+jb9D//y/7q/sv5uxW9u8yvCEybExHwxd279oOPnubTfDHJ6/Te7igl1XfwUZdQBGJMmuZNsci38PuF/n4n/URw+xbpQvrn0x3zz+7Ozs6gmCn2hBQRjkB89NlH9G/eTLNVviVkxKeH1FVR5418S9221edfvHnd1sXyIpjL2OxcBLND0/Kf/4l/hvTb/Od/5N9PU2Pe2Ej4rK4JzQ7i40XWTudbIOCr/OL03Wrro63f72fSO0DTjmjre7/f4fe/dWfr8Gd+tzsf3emSApIC2L8r0WBdlncMG66XSgX68nt736e50i/Q6tAoWTyxMc/ysjPmP+ov+q//7L9MsN44zh6P3Hb+t9PdbmPAm9IsEsDOJESIwA0tFW7gEG78NRijZ1lgw7o2jr4sFhe/eEIKI68f7ahln1RtWy2ekfUF1aZVWdWPfjzPz+lBP+f0xXZT/CB/tLtHb/zGCd5pM3JAdtFege2u3qU/vrO7f57tpU1VFjNGUbyD3f0dfjE1vsPuQ/07nWTTtxd1tV7OtotFdpE/WtflFv/W3OU+6vFFca7j9RrX+SrP2kfLSn8TtDzn4y68D/wyqWbX7IU8oV92QQKmz3lVL5jyn32EX3c/Ssk7mVfUblU15B1kzG6fkeI4z9ZlO86a1buPGI40B+hZcYkf7BkpqefFbJYvP1LIv//v/5Nnp999/eb4zam8G3zAWuCzj+5enb58evXV7/X8zVfvvvjpt7tf/PTF1Zefv3pb/PSDe7/Pg09/oiienJbr6Vd3n07bT5998aB5+NVn6uLdFQyUGR5Pia3y+sh4FU5UPlquFx/d8VjkMdNWUdqhwfNEffbR7s7e/Y90lj776NMHBx/p/H720Q45aHlZrrLZjFjQ/t2ssqn+DZ/scVvjB/2cmdn+7KP7n8K5Q1Mi6EMCecFM9tlHP77/5OHD05OPjn6M3rjbzhjCXQHhQzKAHn7qvWze/YXLSbM6NK9ze9sZeYyOaT77iBnrLonA3b3ff+ceOMsNFrCP4lD2N0DZZygDL+7Fxhriu2m49x/cRLfbw9p9sOsBuwVityfkgZDghteJ24sL+rWtVh+lLKaffeQJtKqd/cnDh/mU6CkMatly53d3M7W7jwl5H7Z0+lhI4/7GJzPTzb17Xi/39jtDGnjp/u7vfruGu58ON9SZ89+L4Wlxe0AUIupLCKLqEipHWNr0+GDno7uGM7ugdDbK/BxhSZlN8rLTCg1FtYkys460Z1VEq7lvpiX5o/QVWwdRUgG8u9JRHKdviDh7exHiwE8W4rw3bXwaWHdbaeD+Bh3cXz06/OyO+N5mDvxaX74vDgc3SEFIVBHvrynEcWy0IzNhMkHNerIoWmOPn6zJ01nuWtP7UVotp2UxffvZR+qDamR7KBNq2/f1lXgrKdyVj502/EXrHCMY//TqIhrHve+j2ZV9+Es28bJ3H3+p35XuDLAXHje9/r8bGhuJF+KR+5lb2k2zJc2JJV36PkR5V2TVD5Um9Ie1yeHbPbbmj8CNHyajHSBi/25lY4fs6u7uoF39IEdgz/fG7r+vI7DBF9pVX+g9cNl92PFwhkDfvwG0US/iAn/U6+n+3m062vn0yefgU7zPEMi/Tg2fq4fy7NmzQy8kQnp0kdWUJtwmz+bRHnPeMJOfVKvrGiilv3BKvx6m/9nf9cf8F3/73/lf/zl/5X/9B/+p/9Uf8hf/Z3/v3/9f/rn/AGU2//O/8y//L/+qP/Y//6P+CMlvpns7Ow/T47JM+e0mhWzWl/lMKPJf/C1/zdnJy//8L/sjdx7uPHx4b//Bf/4n/p0mOuiiEP98w3Txzx/rmdSd3cCg7n7qRQ6kMrOSfoaO8e0A3d/9huA8+Gbg7N7f/2YAfVME2tvf+WYA7X5675sBtP8NkfpgIz7KmkbT4jeNeIWZH99FaM6fI+jnX7CKcPQbJ/8PMkql18sZAAA=" />
        <Entry handle="3" bytes="H4sIAAAAAAAEAO29B2AcSZYlJi9tynt/SvVK1+B0oQiAYBMk2JBAEOzBiM3mkuwdaUcjKasqgcplVmVdZhZAzO2dvPfee++999577733ujudTif33/8/XGZkAWz2zkrayZ4hgKrIHz9+fB8/Ih7P20V59HieZ7Ojx23RlvnRl5Ofzqdtuqgu89nju/LZ47vSYlLNro9+4+TxfC9olrZV+jhL53V+/tlH87ZdPbp7t6ymWTmvmvbRp5/u7t59mp9n67IdZ83q3e/xKm/X9fKruvzsd987P88ui2m1HNM/Hx3N8zp/fDc7GlOPe+jpLndJfwHP3zj5fwA7MIfwsAAAAA==" />
        <Entry handle="2" bytes="H4sIAAAAAAAEAO29B2AcSZYlJi9tynt/SvVK1+B0oQiAYBMk2JBAEOzBiM3mkuwdaUcjKasqgcplVmVdZhZAzO2dvPfee++999577733ujudTif33/8/XGZkAWz2zkrayZ4hgKrIHz9+fB8/Iv7Hv/cf/Fb6i3/jZJHVF8Xy0c7hb5ysstmsWF7w77/kN04m1ewaLdr8XbudlcXF8tE0X7Z5fXheLdvt82xRlNePjusiK0fpt/PyMm+LaTZKm2zZbDd5XZyPPvrP/4Y/9j/7+//UjwTgCtD43ab4Qf4o3d1bvaNvymKZb8/z4mLePtq9v/O7H1qk7vP3k2z69qKu1svZ9rQqq/rRj5+fn3voHnArgj/fRQcG0qd94PKRw0AR6A8w1unp/rN7z07oK/179/7Bw5MDh8d2W60UY8JlPKne/f6Tqp7ltU/lNFu3lR0gv3KwI6Pkto92V+/SpiqLWfrjTx4+ffbsIX11Vcza+aP9+9pwGDPqN3tEI36LLuXL9Md36Hn2zAxzlk+rOmuLavkoXVbL3Lx1WTRFm8/sfEfaOYD37j18aF6cV5cyxN5rhGFeg/7Bu59+ysjwu9m0LS7z2/Vp3vt/AAo0Szm4AgAA" />
        <Entry handle="1" bytes="H4sIAAAAAAAEAO29B2AcSZYlJi9tynt/SvVK1+B0oQiAYBMk2JBAEOzBiM3mkuwdaUcjKasqgcplVmVdZhZAzO2dvPfee++999577733ujudTif33/8/XGZkAWz2zkrayZ4hgKrIHz9+fB8/Ih7P20V59HieZ7Ojx23RlvnRf/En/kn/5V/29/xn/+Bf/F/8wX/j47vy2eOyWL5N67z87KOmvS7zZp7n7Udpe73KP/uozd+1d6dN81E6r/Pzzz6iX+/mdV3VY3x49LiZ1sWq9Rv/dHaZyacfpU09/ewj94G8+dPN+Kfx6l350MA4uiqWs+pqXC3LKpt9dr5eTtuiWm7d+cVtscjrz5q8fUO/VOt26yNtWlbTDG3GjNvHT/PzbF2246xZvfv4o1F6/85h+ktcN3eFEJNqdn30eFZcptMya5rPPp5U737/SVXP8vpjItZuh0b0wePVUfr4vFq2KdPns4/w+/Z5tijK60cf/+d/wx/7n/39f+rHHx3953/eX/Vf/j3/4H/xZ/4d//Wf+bf9V3/HH06//I9/3x/3n/1df89/9vf8Ef/FH/JX/Zd/zh/2X/1tf8V//if+nf/53/BH/+d/+F9FX/1Xf+Pf+V//kX/8f/Fn/E3/5Z/99/7nf/+f/rs+vgu41NWkvnv0OFOC+4P6KD36nv/K9x/fzai9afrjjtKPpmXV5IcfpdVyWhbTt/4sPFLqcZOtO4cfHX3vP//D/9b/+s/86//Lv+bP/M//xL+UgT6+u6L/E5HoXyHYXWam/weQaPGdUwIAAA==" />
        <Entry handle="0" bytes="H4sIAAAAAAAEAO29B2AcSZYlJi9tynt/SvVK1+B0oQiAYBMk2JBAEOzBiM3mkuwdaUcjKasqgcplVmVdZhZAzO2dvPfee++999577733ujudTif33/8/XGZkAWz2zkrayZ4hgKrIHz9+fB8/Ih7P20V59HieZ7Ojx23RlvnRl5Ofzqdtuqgu89nju/LZ47vSYlLNro9+4+TxfC9olrZV+jhL53V+/tlH87ZdPbp7t6ymWTmvmvbRp5/u7t59mp9n67IdZ83q3e/xKm/X9fKruvzsd987f/H7f3H93ap+y7++brOafsGPL7JldpHzCx8dzfM6f3w3OxoTJnvA4C6jQn8B/984+X8APsRL1MgAAAA=" />
      </ByteArrayCache>
      <TestRunConfiguration name="本地测试运行" id="17587b2d-e938-4c25-8349-4765186e912a">
        <Description>这是本地测试运行的默认测试运行配置。</Description>
        <Deployment runDeploymentRoot="E:\OA\Tunnel_OA\TestResults\Administrator_PC-201005261001 2010-07-09 12_55_27" />
        <TestTypeSpecific>
          <WebTestRunConfiguration testTypeId="4e7599fa-5ecb-43e9-a887-cd63cf72d207">
            <Browser name="Internet Explorer 7.0">
              <Headers>
                <Header name="User-Agent" value="Mozilla/4.0 (compatible; MSIE 7.0; Windows NT 5.1)" />
                <Header name="Accept" value="*/*" />
                <Header name="Accept-Language" value="{{$IEAcceptLanguage}}" />
                <Header name="Accept-Encoding" value="GZIP" />
              </Headers>
            </Browser>
            <Network Name="LAN" BandwidthInKbps="0" />
          </WebTestRunConfiguration>
        </TestTypeSpecific>
      </TestRunConfiguration>
      <WebTestResultDetails>
        <WebTestResultIterations>
          <WebTestResultIteration iterationNumber="1">
            <WebTestResultGroup>
              <WebTestResultPage>
                <WebRequestResult redirectUrl="http://localhost:6611/Default.aspx?ReturnUrl=/N_MyWork/N_Star/StarManage.aspx" exceptionMessage="" run="0" submitted="true" cached="false" isRedirectFollow="false" requestBodyBytesHandle="-2" responseBytesHandle="0">
                  <Request url="http://localhost:6611/N_MyWork/N_Star/StarManage.aspx" command="GET /N_MyWork/N_Star/StarManage.aspx HTTP/1.1" encoding="gb2312">
                    <Headers>User-Agent : Mozilla/4.0 (compatible; MSIE 7.0; Windows NT 5.1)
Accept : */*
Accept-Language : zh-CN
Accept-Encoding : GZIP
Host : localhost:6611
Connection : Keep-Alive
</Headers>
                  </Request>
                  <Response url="http://localhost:6611/N_MyWork/N_Star/StarManage.aspx" contentType="text/html; charset=utf-8" statusLine="HTTP/1.1 302 Found" pageTime="0.026" time="0.01" statusCodeString="302 Found" contentLength="200">
                    <Headers>Connection : Close
Content-Length : 200
Cache-Control : private
Content-Type : text/html; charset=utf-8
Date : Fri, 09 Jul 2010 04:55:29 GMT
Location : http://localhost:6611/Default.aspx?ReturnUrl=%2fN_MyWork%2fN_Star%2fStarManage.aspx
Server : ASP.NET Development Server/9.0.0.0
X-AspNet-Version : 2.0.50727
</Headers>
                  </Response>
                  <Context>
                    <Entry name="$TotalAgents" value="1" />
                    <Entry name="$ControllerName" value="PC-201005261001" />
                    <Entry name="$AgentName" value="PC-201005261001" />
                    <Entry name="$TestLogsDir" value="E:\OA\Tunnel_OA\TestResults\Administrator_PC-201005261001 2010-07-09 12_55_27\In\PC-201005261001" />
                    <Entry name="$TestDeploymentDir" value="E:\OA\Tunnel_OA\TestResults\Administrator_PC-201005261001 2010-07-09 12_55_27\Out" />
                    <Entry name="$AgentId" value="1" />
                    <Entry name="$AgentLoadDistributor" value="Microsoft.VisualStudio.TestTools.Execution.AgentLoadDistributor" />
                    <Entry name="$TestDir" value="E:\OA\Tunnel_OA\TestResults\Administrator_PC-201005261001 2010-07-09 12_55_27" />
                    <Entry name="$AgentWeighting" value="100" />
                    <Entry name="$WebTestIteration" value="1" />
                    <Entry name="$WebTestUserId" value="1" />
                  </Context>
                </WebRequestResult>
                <RedirectedPages>
                  <RedirectedPage>
                    <WebRequestResult exceptionMessage="" run="0" submitted="true" cached="false" isRedirectFollow="true" requestBodyBytesHandle="-2" responseBytesHandle="1">
                      <Request url="http://localhost:6611/Default.aspx?ReturnUrl=%2fN_MyWork%2fN_Star%2fStarManage.aspx" command="GET /Default.aspx?ReturnUrl=%2fN_MyWork%2fN_Star%2fStarManage.aspx HTTP/1.1" encoding="gb2312">
                        <Headers>User-Agent : Mozilla/4.0 (compatible; MSIE 7.0; Windows NT 5.1)
Accept : */*
Accept-Language : zh-CN
Accept-Encoding : GZIP
Referer : http://localhost:6611/N_MyWork/N_Star/StarManage.aspx
Host : localhost:6611
</Headers>
                      </Request>
                      <Response url="http://localhost:6611/Default.aspx?ReturnUrl=%2fN_MyWork%2fN_Star%2fStarManage.aspx" contentType="text/html; charset=utf-8" statusLine="HTTP/1.1 200 OK" pageTime="NaN" time="0.001" statusCodeString="200 OK" contentLength="595">
                        <Headers>Connection : Close
Content-Length : 595
Cache-Control : private
Content-Type : text/html; charset=utf-8
Date : Fri, 09 Jul 2010 04:55:29 GMT
Server : ASP.NET Development Server/9.0.0.0
X-AspNet-Version : 2.0.50727
</Headers>
                      </Response>
                      <Context>
                        <Entry name="$TotalAgents" value="1" />
                        <Entry name="$ControllerName" value="PC-201005261001" />
                        <Entry name="$AgentName" value="PC-201005261001" />
                        <Entry name="$TestLogsDir" value="E:\OA\Tunnel_OA\TestResults\Administrator_PC-201005261001 2010-07-09 12_55_27\In\PC-201005261001" />
                        <Entry name="$TestDeploymentDir" value="E:\OA\Tunnel_OA\TestResults\Administrator_PC-201005261001 2010-07-09 12_55_27\Out" />
                        <Entry name="$AgentId" value="1" />
                        <Entry name="$AgentLoadDistributor" value="Microsoft.VisualStudio.TestTools.Execution.AgentLoadDistributor" />
                        <Entry name="$TestDir" value="E:\OA\Tunnel_OA\TestResults\Administrator_PC-201005261001 2010-07-09 12_55_27" />
                        <Entry name="$AgentWeighting" value="100" />
                        <Entry name="$WebTestIteration" value="1" />
                        <Entry name="$WebTestUserId" value="1" />
                      </Context>
                      <Errors>
                        <Error type="ValidationRuleError" subType="ValidateResponseUrl" text="ExpectedResponseUrl 属性“http://localhost:6611/default.aspx”的值不等于实际的响应 URL“http://localhost:6611/Default.aspx”。QueryString 参数已被忽略。" time="2010-07-09T12:55:29.5312500+08:00" />
                      </Errors>
                      <DependantResults>
                        <WebRequestResult exceptionMessage="" run="0" submitted="true" cached="false" isRedirectFollow="false" requestBodyBytesHandle="-2" responseBytesHandle="2">
                          <Request url="http://localhost:6611/css/error.css" command="GET /css/error.css HTTP/1.1" encoding="gb2312">
                            <Headers>Referer : http://localhost:6611/Default.aspx?ReturnUrl=%2fN_MyWork%2fN_Star%2fStarManage.aspx
User-Agent : Mozilla/4.0 (compatible; MSIE 7.0; Windows NT 5.1)
Accept : */*
Accept-Language : zh-CN
Accept-Encoding : GZIP
Host : localhost:6611
</Headers>
                          </Request>
                          <Response url="http://localhost:6611/css/error.css" contentType="text/css" statusLine="HTTP/1.1 200 OK" pageTime="NaN" time="0.003" statusCodeString="200 OK" contentLength="696">
                            <Headers>Connection : Close
Content-Length : 696
Cache-Control : public
Content-Type : text/css
Date : Fri, 09 Jul 2010 04:55:29 GMT
ETag : "1CB17298739C800"
Server : ASP.NET Development Server/9.0.0.0
X-AspNet-Version : 2.0.50727
</Headers>
                          </Response>
                          <Context>
                            <Entry name="$TotalAgents" value="1" />
                            <Entry name="$ControllerName" value="PC-201005261001" />
                            <Entry name="$AgentName" value="PC-201005261001" />
                            <Entry name="$TestLogsDir" value="E:\OA\Tunnel_OA\TestResults\Administrator_PC-201005261001 2010-07-09 12_55_27\In\PC-201005261001" />
                            <Entry name="$TestDeploymentDir" value="E:\OA\Tunnel_OA\TestResults\Administrator_PC-201005261001 2010-07-09 12_55_27\Out" />
                            <Entry name="$AgentId" value="1" />
                            <Entry name="$AgentLoadDistributor" value="Microsoft.VisualStudio.TestTools.Execution.AgentLoadDistributor" />
                            <Entry name="$TestDir" value="E:\OA\Tunnel_OA\TestResults\Administrator_PC-201005261001 2010-07-09 12_55_27" />
                            <Entry name="$AgentWeighting" value="100" />
                            <Entry name="$WebTestIteration" value="1" />
                            <Entry name="$WebTestUserId" value="1" />
                          </Context>
                        </WebRequestResult>
                        <WebRequestResult exceptionMessage="" run="0" submitted="true" cached="false" isRedirectFollow="true" requestBodyBytesHandle="-2" responseBytesHandle="1">
                          <Request url="http://localhost:6611/javascript/errorjs.js" command="GET /Default.aspx?ReturnUrl=%2fjavascript%2ferrorjs.js HTTP/1.1" encoding="gb2312">
                            <Headers>User-Agent : Mozilla/4.0 (compatible; MSIE 7.0; Windows NT 5.1)
Accept : */*
Accept-Language : zh-CN
Accept-Encoding : GZIP
Referer : http://localhost:6611/javascript/errorjs.js
Host : localhost:6611
</Headers>
                          </Request>
                          <Response url="http://localhost:6611/Default.aspx?ReturnUrl=%2fjavascript%2ferrorjs.js" contentType="text/html; charset=utf-8" statusLine="HTTP/1.1 200 OK" pageTime="NaN" time="0.002" statusCodeString="200 OK" contentLength="595">
                            <Headers>Connection : Close
Content-Length : 595
Cache-Control : private
Content-Type : text/html; charset=utf-8
Date : Fri, 09 Jul 2010 04:55:29 GMT
Server : ASP.NET Development Server/9.0.0.0
X-AspNet-Version : 2.0.50727
</Headers>
                          </Response>
                          <Context>
                            <Entry name="$TotalAgents" value="1" />
                            <Entry name="$ControllerName" value="PC-201005261001" />
                            <Entry name="$AgentName" value="PC-201005261001" />
                            <Entry name="$TestLogsDir" value="E:\OA\Tunnel_OA\TestResults\Administrator_PC-201005261001 2010-07-09 12_55_27\In\PC-201005261001" />
                            <Entry name="$TestDeploymentDir" value="E:\OA\Tunnel_OA\TestResults\Administrator_PC-201005261001 2010-07-09 12_55_27\Out" />
                            <Entry name="$AgentId" value="1" />
                            <Entry name="$AgentLoadDistributor" value="Microsoft.VisualStudio.TestTools.Execution.AgentLoadDistributor" />
                            <Entry name="$TestDir" value="E:\OA\Tunnel_OA\TestResults\Administrator_PC-201005261001 2010-07-09 12_55_27" />
                            <Entry name="$AgentWeighting" value="100" />
                            <Entry name="$WebTestIteration" value="1" />
                            <Entry name="$WebTestUserId" value="1" />
                          </Context>
                        </WebRequestResult>
                      </DependantResults>
                      <ValidationRuleResults>
                        <ValidationRuleResult success="false" message="ExpectedResponseUrl 属性“http://localhost:6611/default.aspx”的值不等于实际的响应 URL“http://localhost:6611/Default.aspx”。QueryString 参数已被忽略。" ruleType="验证" name="响应 URL" />
                      </ValidationRuleResults>
                    </WebRequestResult>
                  </RedirectedPage>
                </RedirectedPages>
              </WebTestResultPage>
              <WebTestResultPage>
                <WebRequestResult redirectUrl="http://localhost:6611/Default.aspx?ReturnUrl=/favicon.ico" exceptionMessage="" run="0" submitted="true" cached="false" isRedirectFollow="false" requestBodyBytesHandle="-2" responseBytesHandle="3">
                  <Request url="http://localhost:6611/favicon.ico" command="GET /favicon.ico HTTP/1.1" encoding="utf-8">
                    <Headers>User-Agent : Mozilla/4.0 (compatible; MSIE 7.0; Windows NT 5.1)
Accept : */*
Accept-Language : zh-CN
Accept-Encoding : GZIP
Host : localhost:6611
</Headers>
                  </Request>
                  <Response url="http://localhost:6611/favicon.ico" contentType="text/html; charset=utf-8" statusLine="HTTP/1.1 302 Found" pageTime="0.016999999999999998" time="0.001" statusCodeString="302 Found" contentLength="176">
                    <Headers>Connection : Close
Content-Length : 176
Cache-Control : private
Content-Type : text/html; charset=utf-8
Date : Fri, 09 Jul 2010 04:55:29 GMT
Location : http://localhost:6611/Default.aspx?ReturnUrl=%2ffavicon.ico
Server : ASP.NET Development Server/9.0.0.0
X-AspNet-Version : 2.0.50727
</Headers>
                  </Response>
                  <Context>
                    <Entry name="$TotalAgents" value="1" />
                    <Entry name="$ControllerName" value="PC-201005261001" />
                    <Entry name="$AgentName" value="PC-201005261001" />
                    <Entry name="$TestLogsDir" value="E:\OA\Tunnel_OA\TestResults\Administrator_PC-201005261001 2010-07-09 12_55_27\In\PC-201005261001" />
                    <Entry name="$TestDeploymentDir" value="E:\OA\Tunnel_OA\TestResults\Administrator_PC-201005261001 2010-07-09 12_55_27\Out" />
                    <Entry name="$AgentId" value="1" />
                    <Entry name="$AgentLoadDistributor" value="Microsoft.VisualStudio.TestTools.Execution.AgentLoadDistributor" />
                    <Entry name="$TestDir" value="E:\OA\Tunnel_OA\TestResults\Administrator_PC-201005261001 2010-07-09 12_55_27" />
                    <Entry name="$AgentWeighting" value="100" />
                    <Entry name="$WebTestIteration" value="1" />
                    <Entry name="$WebTestUserId" value="1" />
                  </Context>
                </WebRequestResult>
                <RedirectedPages>
                  <RedirectedPage>
                    <WebRequestResult exceptionMessage="" run="0" submitted="true" cached="false" isRedirectFollow="true" requestBodyBytesHandle="-2" responseBytesHandle="1">
                      <Request url="http://localhost:6611/Default.aspx?ReturnUrl=%2ffavicon.ico" command="GET /Default.aspx?ReturnUrl=%2ffavicon.ico HTTP/1.1" encoding="utf-8">
                        <Headers>User-Agent : Mozilla/4.0 (compatible; MSIE 7.0; Windows NT 5.1)
Accept : */*
Accept-Language : zh-CN
Accept-Encoding : GZIP
Referer : http://localhost:6611/favicon.ico
Host : localhost:6611
</Headers>
                      </Request>
                      <Response url="http://localhost:6611/Default.aspx?ReturnUrl=%2ffavicon.ico" contentType="text/html; charset=utf-8" statusLine="HTTP/1.1 200 OK" pageTime="NaN" time="0.001" statusCodeString="200 OK" contentLength="595">
                        <Headers>Connection : Close
Content-Length : 595
Cache-Control : private
Content-Type : text/html; charset=utf-8
Date : Fri, 09 Jul 2010 04:55:29 GMT
Server : ASP.NET Development Server/9.0.0.0
X-AspNet-Version : 2.0.50727
</Headers>
                      </Response>
                      <Context>
                        <Entry name="$TotalAgents" value="1" />
                        <Entry name="$ControllerName" value="PC-201005261001" />
                        <Entry name="$AgentName" value="PC-201005261001" />
                        <Entry name="$TestLogsDir" value="E:\OA\Tunnel_OA\TestResults\Administrator_PC-201005261001 2010-07-09 12_55_27\In\PC-201005261001" />
                        <Entry name="$TestDeploymentDir" value="E:\OA\Tunnel_OA\TestResults\Administrator_PC-201005261001 2010-07-09 12_55_27\Out" />
                        <Entry name="$AgentId" value="1" />
                        <Entry name="$AgentLoadDistributor" value="Microsoft.VisualStudio.TestTools.Execution.AgentLoadDistributor" />
                        <Entry name="$TestDir" value="E:\OA\Tunnel_OA\TestResults\Administrator_PC-201005261001 2010-07-09 12_55_27" />
                        <Entry name="$AgentWeighting" value="100" />
                        <Entry name="$WebTestIteration" value="1" />
                        <Entry name="$WebTestUserId" value="1" />
                      </Context>
                      <Errors>
                        <Error type="ValidationRuleError" subType="ValidateResponseUrl" text="ExpectedResponseUrl 属性“http://localhost:6611/favicon.ico”的值不等于实际的响应 URL“http://localhost:6611/Default.aspx”。QueryString 参数已被忽略。" time="2010-07-09T12:55:29.5468750+08:00" />
                      </Errors>
                      <DependantResults>
                        <WebRequestResult exceptionMessage="" run="0" submitted="true" cached="false" isRedirectFollow="false" requestBodyBytesHandle="-2" responseBytesHandle="2">
                          <Request url="http://localhost:6611/css/error.css" command="GET /css/error.css HTTP/1.1" encoding="utf-8">
                            <Headers>Referer : http://localhost:6611/Default.aspx?ReturnUrl=%2ffavicon.ico
User-Agent : Mozilla/4.0 (compatible; MSIE 7.0; Windows NT 5.1)
Accept : */*
Accept-Language : zh-CN
Accept-Encoding : GZIP
Host : localhost:6611
</Headers>
                          </Request>
                          <Response url="http://localhost:6611/css/error.css" contentType="text/css" statusLine="HTTP/1.1 200 OK" pageTime="NaN" time="0.007" statusCodeString="200 OK" contentLength="696">
                            <Headers>Connection : Close
Content-Length : 696
Cache-Control : public
Content-Type : text/css
Date : Fri, 09 Jul 2010 04:55:29 GMT
ETag : "1CB17298739C800"
Server : ASP.NET Development Server/9.0.0.0
X-AspNet-Version : 2.0.50727
</Headers>
                          </Response>
                          <Context>
                            <Entry name="$TotalAgents" value="1" />
                            <Entry name="$ControllerName" value="PC-201005261001" />
                            <Entry name="$AgentName" value="PC-201005261001" />
                            <Entry name="$TestLogsDir" value="E:\OA\Tunnel_OA\TestResults\Administrator_PC-201005261001 2010-07-09 12_55_27\In\PC-201005261001" />
                            <Entry name="$TestDeploymentDir" value="E:\OA\Tunnel_OA\TestResults\Administrator_PC-201005261001 2010-07-09 12_55_27\Out" />
                            <Entry name="$AgentId" value="1" />
                            <Entry name="$AgentLoadDistributor" value="Microsoft.VisualStudio.TestTools.Execution.AgentLoadDistributor" />
                            <Entry name="$TestDir" value="E:\OA\Tunnel_OA\TestResults\Administrator_PC-201005261001 2010-07-09 12_55_27" />
                            <Entry name="$AgentWeighting" value="100" />
                            <Entry name="$WebTestIteration" value="1" />
                            <Entry name="$WebTestUserId" value="1" />
                          </Context>
                        </WebRequestResult>
                        <WebRequestResult exceptionMessage="" run="0" submitted="true" cached="false" isRedirectFollow="true" requestBodyBytesHandle="-2" responseBytesHandle="1">
                          <Request url="http://localhost:6611/javascript/errorjs.js" command="GET /Default.aspx?ReturnUrl=%2fjavascript%2ferrorjs.js HTTP/1.1" encoding="utf-8">
                            <Headers>User-Agent : Mozilla/4.0 (compatible; MSIE 7.0; Windows NT 5.1)
Accept : */*
Accept-Language : zh-CN
Accept-Encoding : GZIP
Referer : http://localhost:6611/javascript/errorjs.js
Host : localhost:6611
</Headers>
                          </Request>
                          <Response url="http://localhost:6611/Default.aspx?ReturnUrl=%2fjavascript%2ferrorjs.js" contentType="text/html; charset=utf-8" statusLine="HTTP/1.1 200 OK" pageTime="NaN" time="0.002" statusCodeString="200 OK" contentLength="595">
                            <Headers>Connection : Close
Content-Length : 595
Cache-Control : private
Content-Type : text/html; charset=utf-8
Date : Fri, 09 Jul 2010 04:55:29 GMT
Server : ASP.NET Development Server/9.0.0.0
X-AspNet-Version : 2.0.50727
</Headers>
                          </Response>
                          <Context>
                            <Entry name="$TotalAgents" value="1" />
                            <Entry name="$ControllerName" value="PC-201005261001" />
                            <Entry name="$AgentName" value="PC-201005261001" />
                            <Entry name="$TestLogsDir" value="E:\OA\Tunnel_OA\TestResults\Administrator_PC-201005261001 2010-07-09 12_55_27\In\PC-201005261001" />
                            <Entry name="$TestDeploymentDir" value="E:\OA\Tunnel_OA\TestResults\Administrator_PC-201005261001 2010-07-09 12_55_27\Out" />
                            <Entry name="$AgentId" value="1" />
                            <Entry name="$AgentLoadDistributor" value="Microsoft.VisualStudio.TestTools.Execution.AgentLoadDistributor" />
                            <Entry name="$TestDir" value="E:\OA\Tunnel_OA\TestResults\Administrator_PC-201005261001 2010-07-09 12_55_27" />
                            <Entry name="$AgentWeighting" value="100" />
                            <Entry name="$WebTestIteration" value="1" />
                            <Entry name="$WebTestUserId" value="1" />
                          </Context>
                        </WebRequestResult>
                      </DependantResults>
                      <ValidationRuleResults>
                        <ValidationRuleResult success="false" message="ExpectedResponseUrl 属性“http://localhost:6611/favicon.ico”的值不等于实际的响应 URL“http://localhost:6611/Default.aspx”。QueryString 参数已被忽略。" ruleType="验证" name="响应 URL" />
                      </ValidationRuleResults>
                    </WebRequestResult>
                  </RedirectedPage>
                </RedirectedPages>
              </WebTestResultPage>
              <WebTestResultPage>
                <WebRequestResult exceptionMessage="" run="0" submitted="true" cached="false" isRedirectFollow="false" requestBodyBytesHandle="-2" responseBytesHandle="4">
                  <Request url="http://localhost:6611/Default.aspx" command="GET /Default.aspx HTTP/1.1" encoding="utf-8">
                    <Headers>User-Agent : Mozilla/4.0 (compatible; MSIE 7.0; Windows NT 5.1)
Accept : */*
Accept-Language : zh-CN
Accept-Encoding : GZIP
Host : localhost:6611
</Headers>
                  </Request>
                  <Response url="http://localhost:6611/Default.aspx" contentType="text/html; charset=gb2312" statusLine="HTTP/1.1 200 OK" pageTime="0.047" time="0.001" statusCodeString="200 OK" contentLength="6603">
                    <Headers>Connection : Close
Content-Length : 6603
Cache-Control : private
Content-Type : text/html; charset=utf-8
Date : Fri, 09 Jul 2010 04:55:29 GMT
Server : ASP.NET Development Server/9.0.0.0
X-AspNet-Version : 2.0.50727
</Headers>
                  </Response>
                  <Context>
                    <Entry name="$TotalAgents" value="1" />
                    <Entry name="$ControllerName" value="PC-201005261001" />
                    <Entry name="$AgentName" value="PC-201005261001" />
                    <Entry name="$TestLogsDir" value="E:\OA\Tunnel_OA\TestResults\Administrator_PC-201005261001 2010-07-09 12_55_27\In\PC-201005261001" />
                    <Entry name="$TestDeploymentDir" value="E:\OA\Tunnel_OA\TestResults\Administrator_PC-201005261001 2010-07-09 12_55_27\Out" />
                    <Entry name="$AgentId" value="1" />
                    <Entry name="$AgentLoadDistributor" value="Microsoft.VisualStudio.TestTools.Execution.AgentLoadDistributor" />
                    <Entry name="$TestDir" value="E:\OA\Tunnel_OA\TestResults\Administrator_PC-201005261001 2010-07-09 12_55_27" />
                    <Entry name="$AgentWeighting" value="100" />
                    <Entry name="$WebTestIteration" value="1" />
                    <Entry name="$WebTestUserId" value="1" />
                    <Entry name="$HIDDEN1.__VIEWSTATE" value="/wEPDwUKLTUxMjk1MjgwOGRkij73Y76QiiBElucU/Dct6FM7s9U=" />
                    <Entry name="$HIDDEN1" value="System.String[]" />
                  </Context>
                  <DependantResults>
                    <WebRequestResult exceptionMessage="" run="0" submitted="true" cached="false" isRedirectFollow="false" requestBodyBytesHandle="-2" responseBytesHandle="5">
                      <Request url="http://localhost:6611/css/StyleSheetLogin.css" command="GET /css/StyleSheetLogin.css HTTP/1.1" encoding="utf-8">
                        <Headers>Referer : http://localhost:6611/Default.aspx
User-Agent : Mozilla/4.0 (compatible; MSIE 7.0; Windows NT 5.1)
Accept : */*
Accept-Language : zh-CN
Accept-Encoding : GZIP
Host : localhost:6611
</Headers>
                      </Request>
                      <Response url="http://localhost:6611/css/StyleSheetLogin.css" contentType="text/css" statusLine="HTTP/1.1 200 OK" pageTime="NaN" time="0.002" statusCodeString="200 OK" contentLength="2275">
                        <Headers>Connection : Close
Content-Length : 2275
Cache-Control : public
Content-Type : text/css
Date : Fri, 09 Jul 2010 04:55:29 GMT
ETag : "1CB17298739C800"
Server : ASP.NET Development Server/9.0.0.0
X-AspNet-Version : 2.0.50727
</Headers>
                      </Response>
                      <Context>
                        <Entry name="$TotalAgents" value="1" />
                        <Entry name="$ControllerName" value="PC-201005261001" />
                        <Entry name="$AgentName" value="PC-201005261001" />
                        <Entry name="$TestLogsDir" value="E:\OA\Tunnel_OA\TestResults\Administrator_PC-201005261001 2010-07-09 12_55_27\In\PC-201005261001" />
                        <Entry name="$TestDeploymentDir" value="E:\OA\Tunnel_OA\TestResults\Administrator_PC-201005261001 2010-07-09 12_55_27\Out" />
                        <Entry name="$AgentId" value="1" />
                        <Entry name="$AgentLoadDistributor" value="Microsoft.VisualStudio.TestTools.Execution.AgentLoadDistributor" />
                        <Entry name="$TestDir" value="E:\OA\Tunnel_OA\TestResults\Administrator_PC-201005261001 2010-07-09 12_55_27" />
                        <Entry name="$AgentWeighting" value="100" />
                        <Entry name="$WebTestIteration" value="1" />
                        <Entry name="$WebTestUserId" value="1" />
                        <Entry name="$HIDDEN1.__VIEWSTATE" value="/wEPDwUKLTUxMjk1MjgwOGRkij73Y76QiiBElucU/Dct6FM7s9U=" />
                        <Entry name="$HIDDEN1" value="System.String[]" />
                      </Context>
                    </WebRequestResult>
                    <WebRequestResult exceptionMessage="" run="0" submitted="true" cached="false" isRedirectFollow="true" requestBodyBytesHandle="-2" responseBytesHandle="1">
                      <Request url="http://localhost:6611/javascript/Command.js" command="GET /Default.aspx?ReturnUrl=%2fjavascript%2fCommand.js HTTP/1.1" encoding="utf-8">
                        <Headers>User-Agent : Mozilla/4.0 (compatible; MSIE 7.0; Windows NT 5.1)
Accept : */*
Accept-Language : zh-CN
Accept-Encoding : GZIP
Referer : http://localhost:6611/javascript/Command.js
Host : localhost:6611
</Headers>
                      </Request>
                      <Response url="http://localhost:6611/Default.aspx?ReturnUrl=%2fjavascript%2fCommand.js" contentType="text/html; charset=utf-8" statusLine="HTTP/1.1 200 OK" pageTime="NaN" time="0.002" statusCodeString="200 OK" contentLength="595">
                        <Headers>Connection : Close
Content-Length : 595
Cache-Control : private
Content-Type : text/html; charset=utf-8
Date : Fri, 09 Jul 2010 04:55:29 GMT
Server : ASP.NET Development Server/9.0.0.0
X-AspNet-Version : 2.0.50727
</Headers>
                      </Response>
                      <Context>
                        <Entry name="$TotalAgents" value="1" />
                        <Entry name="$ControllerName" value="PC-201005261001" />
                        <Entry name="$AgentName" value="PC-201005261001" />
                        <Entry name="$TestLogsDir" value="E:\OA\Tunnel_OA\TestResults\Administrator_PC-201005261001 2010-07-09 12_55_27\In\PC-201005261001" />
                        <Entry name="$TestDeploymentDir" value="E:\OA\Tunnel_OA\TestResults\Administrator_PC-201005261001 2010-07-09 12_55_27\Out" />
                        <Entry name="$AgentId" value="1" />
                        <Entry name="$AgentLoadDistributor" value="Microsoft.VisualStudio.TestTools.Execution.AgentLoadDistributor" />
                        <Entry name="$TestDir" value="E:\OA\Tunnel_OA\TestResults\Administrator_PC-201005261001 2010-07-09 12_55_27" />
                        <Entry name="$AgentWeighting" value="100" />
                        <Entry name="$WebTestIteration" value="1" />
                        <Entry name="$WebTestUserId" value="1" />
                        <Entry name="$HIDDEN1.__VIEWSTATE" value="/wEPDwUKLTUxMjk1MjgwOGRkij73Y76QiiBElucU/Dct6FM7s9U=" />
                        <Entry name="$HIDDEN1" value="System.String[]" />
                      </Context>
                    </WebRequestResult>
                    <WebRequestResult exceptionMessage="" run="0" submitted="true" cached="false" isRedirectFollow="false" requestBodyBytesHandle="-2" responseBytesHandle="6">
                      <Request url="http://localhost:6611/image/img/2_04.gif" command="GET /image/img/2_04.gif HTTP/1.1" encoding="utf-8">
                        <Headers>Referer : http://localhost:6611/Default.aspx
User-Agent : Mozilla/4.0 (compatible; MSIE 7.0; Windows NT 5.1)
Accept : */*
Accept-Language : zh-CN
Accept-Encoding : GZIP
Host : localhost:6611
</Headers>
                      </Request>
                      <Response url="http://localhost:6611/image/img/2_04.gif" contentType="image/gif" statusLine="HTTP/1.1 200 OK" pageTime="NaN" time="0.002" statusCodeString="200 OK" contentLength="28641">
                        <Headers>Connection : Close
Content-Length : 28641
Cache-Control : public
Content-Type : image/gif
Date : Fri, 09 Jul 2010 04:55:29 GMT
ETag : "1CB1729886AF500"
Server : ASP.NET Development Server/9.0.0.0
X-AspNet-Version : 2.0.50727
</Headers>
                      </Response>
                      <Context>
                        <Entry name="$TotalAgents" value="1" />
                        <Entry name="$ControllerName" value="PC-201005261001" />
                        <Entry name="$AgentName" value="PC-201005261001" />
                        <Entry name="$TestLogsDir" value="E:\OA\Tunnel_OA\TestResults\Administrator_PC-201005261001 2010-07-09 12_55_27\In\PC-201005261001" />
                        <Entry name="$TestDeploymentDir" value="E:\OA\Tunnel_OA\TestResults\Administrator_PC-201005261001 2010-07-09 12_55_27\Out" />
                        <Entry name="$AgentId" value="1" />
                        <Entry name="$AgentLoadDistributor" value="Microsoft.VisualStudio.TestTools.Execution.AgentLoadDistributor" />
                        <Entry name="$TestDir" value="E:\OA\Tunnel_OA\TestResults\Administrator_PC-201005261001 2010-07-09 12_55_27" />
                        <Entry name="$AgentWeighting" value="100" />
                        <Entry name="$WebTestIteration" value="1" />
                        <Entry name="$WebTestUserId" value="1" />
                        <Entry name="$HIDDEN1.__VIEWSTATE" value="/wEPDwUKLTUxMjk1MjgwOGRkij73Y76QiiBElucU/Dct6FM7s9U=" />
                        <Entry name="$HIDDEN1" value="System.String[]" />
                      </Context>
                    </WebRequestResult>
                    <WebRequestResult exceptionMessage="" run="0" submitted="true" cached="false" isRedirectFollow="false" requestBodyBytesHandle="-2" responseBytesHandle="7">
                      <Request url="http://localhost:6611/image/img/2_03.gif" command="GET /image/img/2_03.gif HTTP/1.1" encoding="utf-8">
                        <Headers>Referer : http://localhost:6611/Default.aspx
User-Agent : Mozilla/4.0 (compatible; MSIE 7.0; Windows NT 5.1)
Accept : */*
Accept-Language : zh-CN
Accept-Encoding : GZIP
Host : localhost:6611
</Headers>
                      </Request>
                      <Response url="http://localhost:6611/image/img/2_03.gif" contentType="image/gif" statusLine="HTTP/1.1 200 OK" pageTime="NaN" time="0.003" statusCodeString="200 OK" contentLength="7621">
                        <Headers>Connection : Close
Content-Length : 7621
Cache-Control : public
Content-Type : image/gif
Date : Fri, 09 Jul 2010 04:55:29 GMT
ETag : "1CB1729886AF500"
Server : ASP.NET Development Server/9.0.0.0
X-AspNet-Version : 2.0.50727
</Headers>
                      </Response>
                      <Context>
                        <Entry name="$TotalAgents" value="1" />
                        <Entry name="$ControllerName" value="PC-201005261001" />
                        <Entry name="$AgentName" value="PC-201005261001" />
                        <Entry name="$TestLogsDir" value="E:\OA\Tunnel_OA\TestResults\Administrator_PC-201005261001 2010-07-09 12_55_27\In\PC-201005261001" />
                        <Entry name="$TestDeploymentDir" value="E:\OA\Tunnel_OA\TestResults\Administrator_PC-201005261001 2010-07-09 12_55_27\Out" />
                        <Entry name="$AgentId" value="1" />
                        <Entry name="$AgentLoadDistributor" value="Microsoft.VisualStudio.TestTools.Execution.AgentLoadDistributor" />
                        <Entry name="$TestDir" value="E:\OA\Tunnel_OA\TestResults\Administrator_PC-201005261001 2010-07-09 12_55_27" />
                        <Entry name="$AgentWeighting" value="100" />
                        <Entry name="$WebTestIteration" value="1" />
                        <Entry name="$WebTestUserId" value="1" />
                        <Entry name="$HIDDEN1.__VIEWSTATE" value="/wEPDwUKLTUxMjk1MjgwOGRkij73Y76QiiBElucU/Dct6FM7s9U=" />
                        <Entry name="$HIDDEN1" value="System.String[]" />
                      </Context>
                    </WebRequestResult>
                    <WebRequestResult exceptionMessage="" run="0" submitted="true" cached="false" isRedirectFollow="false" requestBodyBytesHandle="-2" responseBytesHandle="8">
                      <Request url="http://localhost:6611/images/name.gif" command="GET /images/name.gif HTTP/1.1" encoding="utf-8">
                        <Headers>Referer : http://localhost:6611/Default.aspx
User-Agent : Mozilla/4.0 (compatible; MSIE 7.0; Windows NT 5.1)
Accept : */*
Accept-Language : zh-CN
Accept-Encoding : GZIP
Host : localhost:6611
</Headers>
                      </Request>
                      <Response url="http://localhost:6611/images/name.gif" contentType="image/gif" statusLine="HTTP/1.1 200 OK" pageTime="NaN" time="0.002" statusCodeString="200 OK" contentLength="496">
                        <Headers>Connection : Close
Content-Length : 496
Cache-Control : public
Content-Type : image/gif
Date : Fri, 09 Jul 2010 04:55:29 GMT
ETag : "1CB1729899C2200"
Server : ASP.NET Development Server/9.0.0.0
X-AspNet-Version : 2.0.50727
</Headers>
                      </Response>
                      <Context>
                        <Entry name="$TotalAgents" value="1" />
                        <Entry name="$ControllerName" value="PC-201005261001" />
                        <Entry name="$AgentName" value="PC-201005261001" />
                        <Entry name="$TestLogsDir" value="E:\OA\Tunnel_OA\TestResults\Administrator_PC-201005261001 2010-07-09 12_55_27\In\PC-201005261001" />
                        <Entry name="$TestDeploymentDir" value="E:\OA\Tunnel_OA\TestResults\Administrator_PC-201005261001 2010-07-09 12_55_27\Out" />
                        <Entry name="$AgentId" value="1" />
                        <Entry name="$AgentLoadDistributor" value="Microsoft.VisualStudio.TestTools.Execution.AgentLoadDistributor" />
                        <Entry name="$TestDir" value="E:\OA\Tunnel_OA\TestResults\Administrator_PC-201005261001 2010-07-09 12_55_27" />
                        <Entry name="$AgentWeighting" value="100" />
                        <Entry name="$WebTestIteration" value="1" />
                        <Entry name="$WebTestUserId" value="1" />
                        <Entry name="$HIDDEN1.__VIEWSTATE" value="/wEPDwUKLTUxMjk1MjgwOGRkij73Y76QiiBElucU/Dct6FM7s9U=" />
                        <Entry name="$HIDDEN1" value="System.String[]" />
                      </Context>
                    </WebRequestResult>
                    <WebRequestResult exceptionMessage="" run="0" submitted="true" cached="false" isRedirectFollow="false" requestBodyBytesHandle="-2" responseBytesHandle="9">
                      <Request url="http://localhost:6611/image/img/2_08.gif" command="GET /image/img/2_08.gif HTTP/1.1" encoding="utf-8">
                        <Headers>Referer : http://localhost:6611/Default.aspx
User-Agent : Mozilla/4.0 (compatible; MSIE 7.0; Windows NT 5.1)
Accept : */*
Accept-Language : zh-CN
Accept-Encoding : GZIP
Host : localhost:6611
</Headers>
                      </Request>
                      <Response url="http://localhost:6611/image/img/2_08.gif" contentType="image/gif" statusLine="HTTP/1.1 200 OK" pageTime="NaN" time="0.003" statusCodeString="200 OK" contentLength="22926">
                        <Headers>Connection : Close
Content-Length : 22926
Cache-Control : public
Content-Type : image/gif
Date : Fri, 09 Jul 2010 04:55:29 GMT
ETag : "1CB1729886AF500"
Server : ASP.NET Development Server/9.0.0.0
X-AspNet-Version : 2.0.50727
</Headers>
                      </Response>
                      <Context>
                        <Entry name="$TotalAgents" value="1" />
                        <Entry name="$ControllerName" value="PC-201005261001" />
                        <Entry name="$AgentName" value="PC-201005261001" />
                        <Entry name="$TestLogsDir" value="E:\OA\Tunnel_OA\TestResults\Administrator_PC-201005261001 2010-07-09 12_55_27\In\PC-201005261001" />
                        <Entry name="$TestDeploymentDir" value="E:\OA\Tunnel_OA\TestResults\Administrator_PC-201005261001 2010-07-09 12_55_27\Out" />
                        <Entry name="$AgentId" value="1" />
                        <Entry name="$AgentLoadDistributor" value="Microsoft.VisualStudio.TestTools.Execution.AgentLoadDistributor" />
                        <Entry name="$TestDir" value="E:\OA\Tunnel_OA\TestResults\Administrator_PC-201005261001 2010-07-09 12_55_27" />
                        <Entry name="$AgentWeighting" value="100" />
                        <Entry name="$WebTestIteration" value="1" />
                        <Entry name="$WebTestUserId" value="1" />
                        <Entry name="$HIDDEN1.__VIEWSTATE" value="/wEPDwUKLTUxMjk1MjgwOGRkij73Y76QiiBElucU/Dct6FM7s9U=" />
                        <Entry name="$HIDDEN1" value="System.String[]" />
                      </Context>
                    </WebRequestResult>
                    <WebRequestResult exceptionMessage="" run="0" submitted="true" cached="false" isRedirectFollow="false" requestBodyBytesHandle="-2" responseBytesHandle="10">
                      <Request url="http://localhost:6611/image/img/2_11.gif" command="GET /image/img/2_11.gif HTTP/1.1" encoding="utf-8">
                        <Headers>Referer : http://localhost:6611/Default.aspx
User-Agent : Mozilla/4.0 (compatible; MSIE 7.0; Windows NT 5.1)
Accept : */*
Accept-Language : zh-CN
Accept-Encoding : GZIP
Host : localhost:6611
</Headers>
                      </Request>
                      <Response url="http://localhost:6611/image/img/2_11.gif" contentType="image/gif" statusLine="HTTP/1.1 200 OK" pageTime="NaN" time="0.002" statusCodeString="200 OK" contentLength="4205">
                        <Headers>Connection : Close
Content-Length : 4205
Cache-Control : public
Content-Type : image/gif
Date : Fri, 09 Jul 2010 04:55:29 GMT
ETag : "1CB1729886AF500"
Server : ASP.NET Development Server/9.0.0.0
X-AspNet-Version : 2.0.50727
</Headers>
                      </Response>
                      <Context>
                        <Entry name="$TotalAgents" value="1" />
                        <Entry name="$ControllerName" value="PC-201005261001" />
                        <Entry name="$AgentName" value="PC-201005261001" />
                        <Entry name="$TestLogsDir" value="E:\OA\Tunnel_OA\TestResults\Administrator_PC-201005261001 2010-07-09 12_55_27\In\PC-201005261001" />
                        <Entry name="$TestDeploymentDir" value="E:\OA\Tunnel_OA\TestResults\Administrator_PC-201005261001 2010-07-09 12_55_27\Out" />
                        <Entry name="$AgentId" value="1" />
                        <Entry name="$AgentLoadDistributor" value="Microsoft.VisualStudio.TestTools.Execution.AgentLoadDistributor" />
                        <Entry name="$TestDir" value="E:\OA\Tunnel_OA\TestResults\Administrator_PC-201005261001 2010-07-09 12_55_27" />
                        <Entry name="$AgentWeighting" value="100" />
                        <Entry name="$WebTestIteration" value="1" />
                        <Entry name="$WebTestUserId" value="1" />
                        <Entry name="$HIDDEN1.__VIEWSTATE" value="/wEPDwUKLTUxMjk1MjgwOGRkij73Y76QiiBElucU/Dct6FM7s9U=" />
                        <Entry name="$HIDDEN1" value="System.String[]" />
                      </Context>
                    </WebRequestResult>
                    <WebRequestResult exceptionMessage="" run="0" submitted="true" cached="false" isRedirectFollow="false" requestBodyBytesHandle="-2" responseBytesHandle="11">
                      <Request url="http://localhost:6611/images/pass.gif" command="GET /images/pass.gif HTTP/1.1" encoding="utf-8">
                        <Headers>Referer : http://localhost:6611/Default.aspx
User-Agent : Mozilla/4.0 (compatible; MSIE 7.0; Windows NT 5.1)
Accept : */*
Accept-Language : zh-CN
Accept-Encoding : GZIP
Host : localhost:6611
</Headers>
                      </Request>
                      <Response url="http://localhost:6611/images/pass.gif" contentType="image/gif" statusLine="HTTP/1.1 200 OK" pageTime="NaN" time="0.003" statusCodeString="200 OK" contentLength="473">
                        <Headers>Connection : Close
Content-Length : 473
Cache-Control : public
Content-Type : image/gif
Date : Fri, 09 Jul 2010 04:55:29 GMT
ETag : "1CB1729899C2200"
Server : ASP.NET Development Server/9.0.0.0
X-AspNet-Version : 2.0.50727
</Headers>
                      </Response>
                      <Context>
                        <Entry name="$TotalAgents" value="1" />
                        <Entry name="$ControllerName" value="PC-201005261001" />
                        <Entry name="$AgentName" value="PC-201005261001" />
                        <Entry name="$TestLogsDir" value="E:\OA\Tunnel_OA\TestResults\Administrator_PC-201005261001 2010-07-09 12_55_27\In\PC-201005261001" />
                        <Entry name="$TestDeploymentDir" value="E:\OA\Tunnel_OA\TestResults\Administrator_PC-201005261001 2010-07-09 12_55_27\Out" />
                        <Entry name="$AgentId" value="1" />
                        <Entry name="$AgentLoadDistributor" value="Microsoft.VisualStudio.TestTools.Execution.AgentLoadDistributor" />
                        <Entry name="$TestDir" value="E:\OA\Tunnel_OA\TestResults\Administrator_PC-201005261001 2010-07-09 12_55_27" />
                        <Entry name="$AgentWeighting" value="100" />
                        <Entry name="$WebTestIteration" value="1" />
                        <Entry name="$WebTestUserId" value="1" />
                        <Entry name="$HIDDEN1.__VIEWSTATE" value="/wEPDwUKLTUxMjk1MjgwOGRkij73Y76QiiBElucU/Dct6FM7s9U=" />
                        <Entry name="$HIDDEN1" value="System.String[]" />
                      </Context>
                    </WebRequestResult>
                    <WebRequestResult exceptionMessage="" run="0" submitted="true" cached="false" isRedirectFollow="false" requestBodyBytesHandle="-2" responseBytesHandle="12">
                      <Request url="http://localhost:6611/image/img/2_15.gif" command="GET /image/img/2_15.gif HTTP/1.1" encoding="utf-8">
                        <Headers>Referer : http://localhost:6611/Default.aspx
User-Agent : Mozilla/4.0 (compatible; MSIE 7.0; Windows NT 5.1)
Accept : */*
Accept-Language : zh-CN
Accept-Encoding : GZIP
Host : localhost:6611
</Headers>
                      </Request>
                      <Response url="http://localhost:6611/image/img/2_15.gif" contentType="image/gif" statusLine="HTTP/1.1 200 OK" pageTime="NaN" time="0.002" statusCodeString="200 OK" contentLength="69676">
                        <Headers>Connection : Close
Content-Length : 69676
Cache-Control : public
Content-Type : image/gif
Date : Fri, 09 Jul 2010 04:55:29 GMT
ETag : "1CB1729886AF500"
Server : ASP.NET Development Server/9.0.0.0
X-AspNet-Version : 2.0.50727
</Headers>
                      </Response>
                      <Context>
                        <Entry name="$TotalAgents" value="1" />
                        <Entry name="$ControllerName" value="PC-201005261001" />
                        <Entry name="$AgentName" value="PC-201005261001" />
                        <Entry name="$TestLogsDir" value="E:\OA\Tunnel_OA\TestResults\Administrator_PC-201005261001 2010-07-09 12_55_27\In\PC-201005261001" />
                        <Entry name="$TestDeploymentDir" value="E:\OA\Tunnel_OA\TestResults\Administrator_PC-201005261001 2010-07-09 12_55_27\Out" />
                        <Entry name="$AgentId" value="1" />
                        <Entry name="$AgentLoadDistributor" value="Microsoft.VisualStudio.TestTools.Execution.AgentLoadDistributor" />
                        <Entry name="$TestDir" value="E:\OA\Tunnel_OA\TestResults\Administrator_PC-201005261001 2010-07-09 12_55_27" />
                        <Entry name="$AgentWeighting" value="100" />
                        <Entry name="$WebTestIteration" value="1" />
                        <Entry name="$WebTestUserId" value="1" />
                        <Entry name="$HIDDEN1.__VIEWSTATE" value="/wEPDwUKLTUxMjk1MjgwOGRkij73Y76QiiBElucU/Dct6FM7s9U=" />
                        <Entry name="$HIDDEN1" value="System.String[]" />
                      </Context>
                    </WebRequestResult>
                    <WebRequestResult exceptionMessage="" run="0" submitted="true" cached="false" isRedirectFollow="false" requestBodyBytesHandle="-2" responseBytesHandle="13">
                      <Request url="http://localhost:6611/image/img/2_14.gif" command="GET /image/img/2_14.gif HTTP/1.1" encoding="utf-8">
                        <Headers>Referer : http://localhost:6611/Default.aspx
User-Agent : Mozilla/4.0 (compatible; MSIE 7.0; Windows NT 5.1)
Accept : */*
Accept-Language : zh-CN
Accept-Encoding : GZIP
Host : localhost:6611
</Headers>
                      </Request>
                      <Response url="http://localhost:6611/image/img/2_14.gif" contentType="image/gif" statusLine="HTTP/1.1 200 OK" pageTime="NaN" time="0.003" statusCodeString="200 OK" contentLength="14588">
                        <Headers>Connection : Close
Content-Length : 14588
Cache-Control : public
Content-Type : image/gif
Date : Fri, 09 Jul 2010 04:55:29 GMT
ETag : "1CB1729886AF500"
Server : ASP.NET Development Server/9.0.0.0
X-AspNet-Version : 2.0.50727
</Headers>
                      </Response>
                      <Context>
                        <Entry name="$TotalAgents" value="1" />
                        <Entry name="$ControllerName" value="PC-201005261001" />
                        <Entry name="$AgentName" value="PC-201005261001" />
                        <Entry name="$TestLogsDir" value="E:\OA\Tunnel_OA\TestResults\Administrator_PC-201005261001 2010-07-09 12_55_27\In\PC-201005261001" />
                        <Entry name="$TestDeploymentDir" value="E:\OA\Tunnel_OA\TestResults\Administrator_PC-201005261001 2010-07-09 12_55_27\Out" />
                        <Entry name="$AgentId" value="1" />
                        <Entry name="$AgentLoadDistributor" value="Microsoft.VisualStudio.TestTools.Execution.AgentLoadDistributor" />
                        <Entry name="$TestDir" value="E:\OA\Tunnel_OA\TestResults\Administrator_PC-201005261001 2010-07-09 12_55_27" />
                        <Entry name="$AgentWeighting" value="100" />
                        <Entry name="$WebTestIteration" value="1" />
                        <Entry name="$WebTestUserId" value="1" />
                        <Entry name="$HIDDEN1.__VIEWSTATE" value="/wEPDwUKLTUxMjk1MjgwOGRkij73Y76QiiBElucU/Dct6FM7s9U=" />
                        <Entry name="$HIDDEN1" value="System.String[]" />
                      </Context>
                    </WebRequestResult>
                    <WebRequestResult exceptionMessage="" run="0" submitted="true" cached="false" isRedirectFollow="false" requestBodyBytesHandle="-2" responseBytesHandle="14">
                      <Request url="http://localhost:6611/images/01.gif" command="GET /images/01.gif HTTP/1.1" encoding="utf-8">
                        <Headers>Referer : http://localhost:6611/Default.aspx
User-Agent : Mozilla/4.0 (compatible; MSIE 7.0; Windows NT 5.1)
Accept : */*
Accept-Language : zh-CN
Accept-Encoding : GZIP
Host : localhost:6611
</Headers>
                      </Request>
                      <Response url="http://localhost:6611/images/01.gif" contentType="text/html; charset=utf-8" statusLine="HTTP/1.1 404 Not Found" pageTime="NaN" time="0.035" statusCodeString="404 Not Found" contentLength="2220">
                        <Headers>Connection : Close
Content-Length : 2220
Cache-Control : private
Content-Type : text/html; charset=utf-8
Date : Fri, 09 Jul 2010 04:55:29 GMT
Server : ASP.NET Development Server/9.0.0.0
X-AspNet-Version : 2.0.50727
</Headers>
                      </Response>
                      <Context>
                        <Entry name="$TotalAgents" value="1" />
                        <Entry name="$ControllerName" value="PC-201005261001" />
                        <Entry name="$AgentName" value="PC-201005261001" />
                        <Entry name="$TestLogsDir" value="E:\OA\Tunnel_OA\TestResults\Administrator_PC-201005261001 2010-07-09 12_55_27\In\PC-201005261001" />
                        <Entry name="$TestDeploymentDir" value="E:\OA\Tunnel_OA\TestResults\Administrator_PC-201005261001 2010-07-09 12_55_27\Out" />
                        <Entry name="$AgentId" value="1" />
                        <Entry name="$AgentLoadDistributor" value="Microsoft.VisualStudio.TestTools.Execution.AgentLoadDistributor" />
                        <Entry name="$TestDir" value="E:\OA\Tunnel_OA\TestResults\Administrator_PC-201005261001 2010-07-09 12_55_27" />
                        <Entry name="$AgentWeighting" value="100" />
                        <Entry name="$WebTestIteration" value="1" />
                        <Entry name="$WebTestUserId" value="1" />
                        <Entry name="$HIDDEN1.__VIEWSTATE" value="/wEPDwUKLTUxMjk1MjgwOGRkij73Y76QiiBElucU/Dct6FM7s9U=" />
                        <Entry name="$HIDDEN1" value="System.String[]" />
                      </Context>
                      <Errors>
                        <Error type="HttpError" subType="404 - NotFound" text="404 - NotFound" time="2010-07-09T12:55:29.6250000+08:00" />
                      </Errors>
                    </WebRequestResult>
                    <WebRequestResult exceptionMessage="" run="0" submitted="true" cached="false" isRedirectFollow="false" requestBodyBytesHandle="-2" responseBytesHandle="15">
                      <Request url="http://localhost:6611/image/img/06BG.jpg" command="GET /image/img/06BG.jpg HTTP/1.1" encoding="utf-8">
                        <Headers>Referer : http://localhost:6611/Default.aspx
User-Agent : Mozilla/4.0 (compatible; MSIE 7.0; Windows NT 5.1)
Accept : */*
Accept-Language : zh-CN
Accept-Encoding : GZIP
Host : localhost:6611
</Headers>
                      </Request>
                      <Response url="http://localhost:6611/image/img/06BG.jpg" contentType="image/jpeg" statusLine="HTTP/1.1 200 OK" pageTime="NaN" time="0.035" statusCodeString="200 OK" contentLength="13037">
                        <Headers>Connection : Close
Content-Length : 13037
Cache-Control : public
Content-Type : image/jpeg
Date : Fri, 09 Jul 2010 04:55:29 GMT
ETag : "1CB1729886AF500"
Server : ASP.NET Development Server/9.0.0.0
X-AspNet-Version : 2.0.50727
</Headers>
                      </Response>
                      <Context>
                        <Entry name="$TotalAgents" value="1" />
                        <Entry name="$ControllerName" value="PC-201005261001" />
                        <Entry name="$AgentName" value="PC-201005261001" />
                        <Entry name="$TestLogsDir" value="E:\OA\Tunnel_OA\TestResults\Administrator_PC-201005261001 2010-07-09 12_55_27\In\PC-201005261001" />
                        <Entry name="$TestDeploymentDir" value="E:\OA\Tunnel_OA\TestResults\Administrator_PC-201005261001 2010-07-09 12_55_27\Out" />
                        <Entry name="$AgentId" value="1" />
                        <Entry name="$AgentLoadDistributor" value="Microsoft.VisualStudio.TestTools.Execution.AgentLoadDistributor" />
                        <Entry name="$TestDir" value="E:\OA\Tunnel_OA\TestResults\Administrator_PC-201005261001 2010-07-09 12_55_27" />
                        <Entry name="$AgentWeighting" value="100" />
                        <Entry name="$WebTestIteration" value="1" />
                        <Entry name="$WebTestUserId" value="1" />
                        <Entry name="$HIDDEN1.__VIEWSTATE" value="/wEPDwUKLTUxMjk1MjgwOGRkij73Y76QiiBElucU/Dct6FM7s9U=" />
                        <Entry name="$HIDDEN1" value="System.String[]" />
                      </Context>
                    </WebRequestResult>
                  </DependantResults>
                  <ValidationRuleResults>
                    <ValidationRuleResult message="通过" ruleType="验证" name="响应 URL" />
                  </ValidationRuleResults>
                  <ExtractionRuleResults>
                    <ExtractionRuleResult message="通过" ruleType="提取" name="提取隐藏的字段">
                      <RuleProperties>
                        <RuleProperty name="Required" value="True" />
                        <RuleProperty name="HtmlDecode" value="True" />
                      </RuleProperties>
                    </ExtractionRuleResult>
                  </ExtractionRuleResults>
                </WebRequestResult>
              </WebTestResultPage>
              <WebTestResultPage>
                <WebRequestResult redirectUrl="http://localhost:6611/Index.aspx" exceptionMessage="" run="0" submitted="true" cached="false" isRedirectFollow="false" requestBodyBytesHandle="16" responseBytesHandle="17">
                  <Request url="http://localhost:6611/Default.aspx" command="POST /Default.aspx HTTP/1.1" contentType="application/x-www-form-urlencoded" encoding="utf-8">
                    <Headers>User-Agent : Mozilla/4.0 (compatible; MSIE 7.0; Windows NT 5.1)
Accept : */*
Accept-Language : zh-CN
Accept-Encoding : GZIP
Content-Type : application/x-www-form-urlencoded
Host : localhost:6611
Content-Length : 109
Expect : 100-continue
</Headers>
                  </Request>
                  <Response url="http://localhost:6611/Default.aspx" contentType="text/html; charset=utf-8" statusLine="HTTP/1.1 302 Found" pageTime="0.726" time="0.025" statusCodeString="302 Found" contentLength="149">
                    <Headers>Connection : Close
Content-Length : 149
Cache-Control : private
Content-Type : text/html; charset=utf-8
Date : Fri, 09 Jul 2010 04:55:29 GMT
Location : http://localhost:6611/Index.aspx
Set-Cookie : .TunnelLogin=7D6F9B95393A47FD0EEA8F3B5BEF0E014E06B04E8E9618E0DC91C5E52D6DE7281A43EB9B9C498EA73856CB260AB2A41B0D8431CA3A3B3B169611848566D76E067317AD64B2E067CB0A62E95AA532F369; path=/
Server : ASP.NET Development Server/9.0.0.0
X-AspNet-Version : 2.0.50727
</Headers>
                  </Response>
                  <Context>
                    <Entry name="$TotalAgents" value="1" />
                    <Entry name="$ControllerName" value="PC-201005261001" />
                    <Entry name="$AgentName" value="PC-201005261001" />
                    <Entry name="$TestLogsDir" value="E:\OA\Tunnel_OA\TestResults\Administrator_PC-201005261001 2010-07-09 12_55_27\In\PC-201005261001" />
                    <Entry name="$TestDeploymentDir" value="E:\OA\Tunnel_OA\TestResults\Administrator_PC-201005261001 2010-07-09 12_55_27\Out" />
                    <Entry name="$AgentId" value="1" />
                    <Entry name="$AgentLoadDistributor" value="Microsoft.VisualStudio.TestTools.Execution.AgentLoadDistributor" />
                    <Entry name="$TestDir" value="E:\OA\Tunnel_OA\TestResults\Administrator_PC-201005261001 2010-07-09 12_55_27" />
                    <Entry name="$AgentWeighting" value="100" />
                    <Entry name="$WebTestIteration" value="1" />
                    <Entry name="$WebTestUserId" value="1" />
                    <Entry name="$HIDDEN1.__VIEWSTATE" value="/wEPDwUKLTUxMjk1MjgwOGRkij73Y76QiiBElucU/Dct6FM7s9U=" />
                    <Entry name="$HIDDEN1" value="System.String[]" />
                  </Context>
                </WebRequestResult>
                <RedirectedPages>
                  <RedirectedPage>
                    <WebRequestResult exceptionMessage="" run="0" submitted="true" cached="false" isRedirectFollow="true" requestBodyBytesHandle="-2" responseBytesHandle="18">
                      <Request url="http://localhost:6611/Index.aspx" command="GET /Index.aspx HTTP/1.1" encoding="utf-8">
                        <Headers>User-Agent : Mozilla/4.0 (compatible; MSIE 7.0; Windows NT 5.1)
Accept : */*
Accept-Language : zh-CN
Accept-Encoding : GZIP
Referer : http://localhost:6611/Default.aspx
Host : localhost:6611
Cookie : .TunnelLogin=7D6F9B95393A47FD0EEA8F3B5BEF0E014E06B04E8E9618E0DC91C5E52D6DE7281A43EB9B9C498EA73856CB260AB2A41B0D8431CA3A3B3B169611848566D76E067317AD64B2E067CB0A62E95AA532F369
</Headers>
                      </Request>
                      <Response url="http://localhost:6611/Index.aspx" contentType="text/html; charset=utf-8" statusLine="HTTP/1.1 200 OK" pageTime="NaN" time="0.67" statusCodeString="200 OK" contentLength="82437">
                        <Headers>Connection : Close
Content-Length : 82437
Cache-Control : private
Content-Type : text/html; charset=utf-8
Date : Fri, 09 Jul 2010 04:55:30 GMT
Server : ASP.NET Development Server/9.0.0.0
X-AspNet-Version : 2.0.50727
</Headers>
                      </Response>
                      <Context>
                        <Entry name="$TotalAgents" value="1" />
                        <Entry name="$ControllerName" value="PC-201005261001" />
                        <Entry name="$AgentName" value="PC-201005261001" />
                        <Entry name="$TestLogsDir" value="E:\OA\Tunnel_OA\TestResults\Administrator_PC-201005261001 2010-07-09 12_55_27\In\PC-201005261001" />
                        <Entry name="$TestDeploymentDir" value="E:\OA\Tunnel_OA\TestResults\Administrator_PC-201005261001 2010-07-09 12_55_27\Out" />
                        <Entry name="$AgentId" value="1" />
                        <Entry name="$AgentLoadDistributor" value="Microsoft.VisualStudio.TestTools.Execution.AgentLoadDistributor" />
                        <Entry name="$TestDir" value="E:\OA\Tunnel_OA\TestResults\Administrator_PC-201005261001 2010-07-09 12_55_27" />
                        <Entry name="$AgentWeighting" value="100" />
                        <Entry name="$WebTestIteration" value="1" />
                        <Entry name="$WebTestUserId" value="1" />
                        <Entry name="$HIDDEN1.__VIEWSTATE" value="/wEPDwUKLTUxMjk1MjgwOGRkij73Y76QiiBElucU/Dct6FM7s9U=" />
                        <Entry name="$HIDDEN1" value="System.String[]" />
                      </Context>
                      <DependantResults>
                        <WebRequestResult exceptionMessage="" run="0" submitted="true" cached="false" isRedirectFollow="false" requestBodyBytesHandle="-2" responseBytesHandle="19">
                          <Request url="http://localhost:6611/javascript/StrLength.js" command="GET /javascript/StrLength.js HTTP/1.1" encoding="utf-8">
                            <Headers>Referer : http://localhost:6611/Index.aspx
User-Agent : Mozilla/4.0 (compatible; MSIE 7.0; Windows NT 5.1)
Accept : */*
Accept-Language : zh-CN
Accept-Encoding : GZIP
Host : localhost:6611
Cookie : .TunnelLogin=7D6F9B95393A47FD0EEA8F3B5BEF0E014E06B04E8E9618E0DC91C5E52D6DE7281A43EB9B9C498EA73856CB260AB2A41B0D8431CA3A3B3B169611848566D76E067317AD64B2E067CB0A62E95AA532F369
</Headers>
                          </Request>
                          <Response url="http://localhost:6611/javascript/StrLength.js" contentType="application/x-javascript" statusLine="HTTP/1.1 200 OK" pageTime="NaN" time="0.001" statusCodeString="200 OK" contentLength="734">
                            <Headers>Connection : Close
Content-Length : 734
Cache-Control : private
Content-Type : application/x-javascript
Date : Fri, 09 Jul 2010 04:55:30 GMT
Server : ASP.NET Development Server/9.0.0.0
X-AspNet-Version : 2.0.50727
</Headers>
                          </Response>
                          <Context>
                            <Entry name="$TotalAgents" value="1" />
                            <Entry name="$ControllerName" value="PC-201005261001" />
                            <Entry name="$AgentName" value="PC-201005261001" />
                            <Entry name="$TestLogsDir" value="E:\OA\Tunnel_OA\TestResults\Administrator_PC-201005261001 2010-07-09 12_55_27\In\PC-201005261001" />
                            <Entry name="$TestDeploymentDir" value="E:\OA\Tunnel_OA\TestResults\Administrator_PC-201005261001 2010-07-09 12_55_27\Out" />
                            <Entry name="$AgentId" value="1" />
                            <Entry name="$AgentLoadDistributor" value="Microsoft.VisualStudio.TestTools.Execution.AgentLoadDistributor" />
                            <Entry name="$TestDir" value="E:\OA\Tunnel_OA\TestResults\Administrator_PC-201005261001 2010-07-09 12_55_27" />
                            <Entry name="$AgentWeighting" value="100" />
                            <Entry name="$WebTestIteration" value="1" />
                            <Entry name="$WebTestUserId" value="1" />
                            <Entry name="$HIDDEN1.__VIEWSTATE" value="/wEPDwUKLTUxMjk1MjgwOGRkij73Y76QiiBElucU/Dct6FM7s9U=" />
                            <Entry name="$HIDDEN1" value="System.String[]" />
                          </Context>
                        </WebRequestResult>
                        <WebRequestResult exceptionMessage="" run="0" submitted="true" cached="false" isRedirectFollow="false" requestBodyBytesHandle="-2" responseBytesHandle="20">
                          <Request url="http://localhost:6611/javascript/jquery-1.3.2.min.js" command="GET /javascript/jquery-1.3.2.min.js HTTP/1.1" encoding="utf-8">
                            <Headers>Referer : http://localhost:6611/Index.aspx
User-Agent : Mozilla/4.0 (compatible; MSIE 7.0; Windows NT 5.1)
Accept : */*
Accept-Language : zh-CN
Accept-Encoding : GZIP
Host : localhost:6611
Cookie : .TunnelLogin=7D6F9B95393A47FD0EEA8F3B5BEF0E014E06B04E8E9618E0DC91C5E52D6DE7281A43EB9B9C498EA73856CB260AB2A41B0D8431CA3A3B3B169611848566D76E067317AD64B2E067CB0A62E95AA532F369
</Headers>
                          </Request>
                          <Response url="http://localhost:6611/javascript/jquery-1.3.2.min.js" contentType="application/x-javascript" statusLine="HTTP/1.1 200 OK" pageTime="NaN" time="0.002" statusCodeString="200 OK" contentLength="64616">
                            <Headers>Connection : Close
Content-Length : 64616
Cache-Control : private
Content-Type : application/x-javascript
Date : Fri, 09 Jul 2010 04:55:30 GMT
Server : ASP.NET Development Server/9.0.0.0
X-AspNet-Version : 2.0.50727
</Headers>
                          </Response>
                          <Context>
                            <Entry name="$TotalAgents" value="1" />
                            <Entry name="$ControllerName" value="PC-201005261001" />
                            <Entry name="$AgentName" value="PC-201005261001" />
                            <Entry name="$TestLogsDir" value="E:\OA\Tunnel_OA\TestResults\Administrator_PC-201005261001 2010-07-09 12_55_27\In\PC-201005261001" />
                            <Entry name="$TestDeploymentDir" value="E:\OA\Tunnel_OA\TestResults\Administrator_PC-201005261001 2010-07-09 12_55_27\Out" />
                            <Entry name="$AgentId" value="1" />
                            <Entry name="$AgentLoadDistributor" value="Microsoft.VisualStudio.TestTools.Execution.AgentLoadDistributor" />
                            <Entry name="$TestDir" value="E:\OA\Tunnel_OA\TestResults\Administrator_PC-201005261001 2010-07-09 12_55_27" />
                            <Entry name="$AgentWeighting" value="100" />
                            <Entry name="$WebTestIteration" value="1" />
                            <Entry name="$WebTestUserId" value="1" />
                            <Entry name="$HIDDEN1.__VIEWSTATE" value="/wEPDwUKLTUxMjk1MjgwOGRkij73Y76QiiBElucU/Dct6FM7s9U=" />
                            <Entry name="$HIDDEN1" value="System.String[]" />
                          </Context>
                        </WebRequestResult>
                        <WebRequestResult exceptionMessage="" run="0" submitted="true" cached="false" isRedirectFollow="false" requestBodyBytesHandle="-2" responseBytesHandle="21">
                          <Request url="http://localhost:6611/css/Css.css" command="GET /css/Css.css HTTP/1.1" encoding="utf-8">
                            <Headers>Referer : http://localhost:6611/Index.aspx
User-Agent : Mozilla/4.0 (compatible; MSIE 7.0; Windows NT 5.1)
Accept : */*
Accept-Language : zh-CN
Accept-Encoding : GZIP
Host : localhost:6611
Cookie : .TunnelLogin=7D6F9B95393A47FD0EEA8F3B5BEF0E014E06B04E8E9618E0DC91C5E52D6DE7281A43EB9B9C498EA73856CB260AB2A41B0D8431CA3A3B3B169611848566D76E067317AD64B2E067CB0A62E95AA532F369
</Headers>
                          </Request>
                          <Response url="http://localhost:6611/css/Css.css" contentType="text/css" statusLine="HTTP/1.1 200 OK" pageTime="NaN" time="0.001" statusCodeString="200 OK" contentLength="6157">
                            <Headers>Connection : Close
Content-Length : 6157
Cache-Control : public
Content-Type : text/css
Date : Fri, 09 Jul 2010 04:55:30 GMT
ETag : "1CB1CBCAEAA0B00"
Server : ASP.NET Development Server/9.0.0.0
X-AspNet-Version : 2.0.50727
</Headers>
                          </Response>
                          <Context>
                            <Entry name="$TotalAgents" value="1" />
                            <Entry name="$ControllerName" value="PC-201005261001" />
                            <Entry name="$AgentName" value="PC-201005261001" />
                            <Entry name="$TestLogsDir" value="E:\OA\Tunnel_OA\TestResults\Administrator_PC-201005261001 2010-07-09 12_55_27\In\PC-201005261001" />
                            <Entry name="$TestDeploymentDir" value="E:\OA\Tunnel_OA\TestResults\Administrator_PC-201005261001 2010-07-09 12_55_27\Out" />
                            <Entry name="$AgentId" value="1" />
                            <Entry name="$AgentLoadDistributor" value="Microsoft.VisualStudio.TestTools.Execution.AgentLoadDistributor" />
                            <Entry name="$TestDir" value="E:\OA\Tunnel_OA\TestResults\Administrator_PC-201005261001 2010-07-09 12_55_27" />
                            <Entry name="$AgentWeighting" value="100" />
                            <Entry name="$WebTestIteration" value="1" />
                            <Entry name="$WebTestUserId" value="1" />
                            <Entry name="$HIDDEN1.__VIEWSTATE" value="/wEPDwUKLTUxMjk1MjgwOGRkij73Y76QiiBElucU/Dct6FM7s9U=" />
                            <Entry name="$HIDDEN1" value="System.String[]" />
                          </Context>
                        </WebRequestResult>
                        <WebRequestResult exceptionMessage="" run="0" submitted="true" cached="false" isRedirectFollow="false" requestBodyBytesHandle="-2" responseBytesHandle="22">
                          <Request url="http://localhost:6611/css/leftCss.css" command="GET /css/leftCss.css HTTP/1.1" encoding="utf-8">
                            <Headers>Referer : http://localhost:6611/Index.aspx
User-Agent : Mozilla/4.0 (compatible; MSIE 7.0; Windows NT 5.1)
Accept : */*
Accept-Language : zh-CN
Accept-Encoding : GZIP
Host : localhost:6611
Cookie : .TunnelLogin=7D6F9B95393A47FD0EEA8F3B5BEF0E014E06B04E8E9618E0DC91C5E52D6DE7281A43EB9B9C498EA73856CB260AB2A41B0D8431CA3A3B3B169611848566D76E067317AD64B2E067CB0A62E95AA532F369
</Headers>
                          </Request>
                          <Response url="http://localhost:6611/css/leftCss.css" contentType="text/css" statusLine="HTTP/1.1 200 OK" pageTime="NaN" time="0.002" statusCodeString="200 OK" contentLength="1474">
                            <Headers>Connection : Close
Content-Length : 1474
Cache-Control : public
Content-Type : text/css
Date : Fri, 09 Jul 2010 04:55:30 GMT
ETag : "1CB17298739C800"
Server : ASP.NET Development Server/9.0.0.0
X-AspNet-Version : 2.0.50727
</Headers>
                          </Response>
                          <Context>
                            <Entry name="$TotalAgents" value="1" />
                            <Entry name="$ControllerName" value="PC-201005261001" />
                            <Entry name="$AgentName" value="PC-201005261001" />
                            <Entry name="$TestLogsDir" value="E:\OA\Tunnel_OA\TestResults\Administrator_PC-201005261001 2010-07-09 12_55_27\In\PC-201005261001" />
                            <Entry name="$TestDeploymentDir" value="E:\OA\Tunnel_OA\TestResults\Administrator_PC-201005261001 2010-07-09 12_55_27\Out" />
                            <Entry name="$AgentId" value="1" />
                            <Entry name="$AgentLoadDistributor" value="Microsoft.VisualStudio.TestTools.Execution.AgentLoadDistributor" />
                            <Entry name="$TestDir" value="E:\OA\Tunnel_OA\TestResults\Administrator_PC-201005261001 2010-07-09 12_55_27" />
                            <Entry name="$AgentWeighting" value="100" />
                            <Entry name="$WebTestIteration" value="1" />
                            <Entry name="$WebTestUserId" value="1" />
                            <Entry name="$HIDDEN1.__VIEWSTATE" value="/wEPDwUKLTUxMjk1MjgwOGRkij73Y76QiiBElucU/Dct6FM7s9U=" />
                            <Entry name="$HIDDEN1" value="System.String[]" />
                          </Context>
                        </WebRequestResult>
                        <WebRequestResult exceptionMessage="" run="0" submitted="true" cached="false" isRedirectFollow="false" requestBodyBytesHandle="-2" responseBytesHandle="23">
                          <Request url="http://localhost:6611/javascript/getmessage.js" command="GET /javascript/getmessage.js HTTP/1.1" encoding="utf-8">
                            <Headers>Referer : http://localhost:6611/Index.aspx
User-Agent : Mozilla/4.0 (compatible; MSIE 7.0; Windows NT 5.1)
Accept : */*
Accept-Language : zh-CN
Accept-Encoding : GZIP
Host : localhost:6611
Cookie : .TunnelLogin=7D6F9B95393A47FD0EEA8F3B5BEF0E014E06B04E8E9618E0DC91C5E52D6DE7281A43EB9B9C498EA73856CB260AB2A41B0D8431CA3A3B3B169611848566D76E067317AD64B2E067CB0A62E95AA532F369
</Headers>
                          </Request>
                          <Response url="http://localhost:6611/javascript/getmessage.js" contentType="application/x-javascript" statusLine="HTTP/1.1 200 OK" pageTime="NaN" time="0.001" statusCodeString="200 OK" contentLength="1150">
                            <Headers>Connection : Close
Content-Length : 1150
Cache-Control : private
Content-Type : application/x-javascript
Date : Fri, 09 Jul 2010 04:55:30 GMT
Server : ASP.NET Development Server/9.0.0.0
X-AspNet-Version : 2.0.50727
</Headers>
                          </Response>
                          <Context>
                            <Entry name="$TotalAgents" value="1" />
                            <Entry name="$ControllerName" value="PC-201005261001" />
                            <Entry name="$AgentName" value="PC-201005261001" />
                            <Entry name="$TestLogsDir" value="E:\OA\Tunnel_OA\TestResults\Administrator_PC-201005261001 2010-07-09 12_55_27\In\PC-201005261001" />
                            <Entry name="$TestDeploymentDir" value="E:\OA\Tunnel_OA\TestResults\Administrator_PC-201005261001 2010-07-09 12_55_27\Out" />
                            <Entry name="$AgentId" value="1" />
                            <Entry name="$AgentLoadDistributor" value="Microsoft.VisualStudio.TestTools.Execution.AgentLoadDistributor" />
                            <Entry name="$TestDir" value="E:\OA\Tunnel_OA\TestResults\Administrator_PC-201005261001 2010-07-09 12_55_27" />
                            <Entry name="$AgentWeighting" value="100" />
                            <Entry name="$WebTestIteration" value="1" />
                            <Entry name="$WebTestUserId" value="1" />
                            <Entry name="$HIDDEN1.__VIEWSTATE" value="/wEPDwUKLTUxMjk1MjgwOGRkij73Y76QiiBElucU/Dct6FM7s9U=" />
                            <Entry name="$HIDDEN1" value="System.String[]" />
                          </Context>
                        </WebRequestResult>
                        <WebRequestResult exceptionMessage="" run="0" submitted="true" cached="false" isRedirectFollow="false" requestBodyBytesHandle="-2" responseBytesHandle="24">
                          <Request url="http://localhost:6611/images/line.gif" command="GET /images/line.gif HTTP/1.1" encoding="utf-8">
                            <Headers>Referer : http://localhost:6611/Index.aspx
User-Agent : Mozilla/4.0 (compatible; MSIE 7.0; Windows NT 5.1)
Accept : */*
Accept-Language : zh-CN
Accept-Encoding : GZIP
Host : localhost:6611
Cookie : .TunnelLogin=7D6F9B95393A47FD0EEA8F3B5BEF0E014E06B04E8E9618E0DC91C5E52D6DE7281A43EB9B9C498EA73856CB260AB2A41B0D8431CA3A3B3B169611848566D76E067317AD64B2E067CB0A62E95AA532F369
</Headers>
                          </Request>
                          <Response url="http://localhost:6611/images/line.gif" contentType="image/gif" statusLine="HTTP/1.1 200 OK" pageTime="NaN" time="0.002" statusCodeString="200 OK" contentLength="93">
                            <Headers>Connection : Close
Content-Length : 93
Cache-Control : public
Content-Type : image/gif
Date : Fri, 09 Jul 2010 04:55:30 GMT
ETag : "1CB172989038B80"
Server : ASP.NET Development Server/9.0.0.0
X-AspNet-Version : 2.0.50727
</Headers>
                          </Response>
                          <Context>
                            <Entry name="$TotalAgents" value="1" />
                            <Entry name="$ControllerName" value="PC-201005261001" />
                            <Entry name="$AgentName" value="PC-201005261001" />
                            <Entry name="$TestLogsDir" value="E:\OA\Tunnel_OA\TestResults\Administrator_PC-201005261001 2010-07-09 12_55_27\In\PC-201005261001" />
                            <Entry name="$TestDeploymentDir" value="E:\OA\Tunnel_OA\TestResults\Administrator_PC-201005261001 2010-07-09 12_55_27\Out" />
                            <Entry name="$AgentId" value="1" />
                            <Entry name="$AgentLoadDistributor" value="Microsoft.VisualStudio.TestTools.Execution.AgentLoadDistributor" />
                            <Entry name="$TestDir" value="E:\OA\Tunnel_OA\TestResults\Administrator_PC-201005261001 2010-07-09 12_55_27" />
                            <Entry name="$AgentWeighting" value="100" />
                            <Entry name="$WebTestIteration" value="1" />
                            <Entry name="$WebTestUserId" value="1" />
                            <Entry name="$HIDDEN1.__VIEWSTATE" value="/wEPDwUKLTUxMjk1MjgwOGRkij73Y76QiiBElucU/Dct6FM7s9U=" />
                            <Entry name="$HIDDEN1" value="System.String[]" />
                          </Context>
                        </WebRequestResult>
                        <WebRequestResult exceptionMessage="" run="0" submitted="true" cached="false" isRedirectFollow="false" requestBodyBytesHandle="-2" responseBytesHandle="25">
                          <Request url="http://localhost:6611/images/arra.gif" command="GET /images/arra.gif HTTP/1.1" encoding="utf-8">
                            <Headers>Referer : http://localhost:6611/Index.aspx
User-Agent : Mozilla/4.0 (compatible; MSIE 7.0; Windows NT 5.1)
Accept : */*
Accept-Language : zh-CN
Accept-Encoding : GZIP
Host : localhost:6611
Cookie : .TunnelLogin=7D6F9B95393A47FD0EEA8F3B5BEF0E014E06B04E8E9618E0DC91C5E52D6DE7281A43EB9B9C498EA73856CB260AB2A41B0D8431CA3A3B3B169611848566D76E067317AD64B2E067CB0A62E95AA532F369
</Headers>
                          </Request>
                          <Response url="http://localhost:6611/images/arra.gif" contentType="image/gif" statusLine="HTTP/1.1 200 OK" pageTime="NaN" time="0.002" statusCodeString="200 OK" contentLength="48">
                            <Headers>Connection : Close
Content-Length : 48
Cache-Control : public
Content-Type : image/gif
Date : Fri, 09 Jul 2010 04:55:30 GMT
ETag : "1CB172989038B80"
Server : ASP.NET Development Server/9.0.0.0
X-AspNet-Version : 2.0.50727
</Headers>
                          </Response>
                          <Context>
                            <Entry name="$TotalAgents" value="1" />
                            <Entry name="$ControllerName" value="PC-201005261001" />
                            <Entry name="$AgentName" value="PC-201005261001" />
                            <Entry name="$TestLogsDir" value="E:\OA\Tunnel_OA\TestResults\Administrator_PC-201005261001 2010-07-09 12_55_27\In\PC-201005261001" />
                            <Entry name="$TestDeploymentDir" value="E:\OA\Tunnel_OA\TestResults\Administrator_PC-201005261001 2010-07-09 12_55_27\Out" />
                            <Entry name="$AgentId" value="1" />
                            <Entry name="$AgentLoadDistributor" value="Microsoft.VisualStudio.TestTools.Execution.AgentLoadDistributor" />
                            <Entry name="$TestDir" value="E:\OA\Tunnel_OA\TestResults\Administrator_PC-201005261001 2010-07-09 12_55_27" />
                            <Entry name="$AgentWeighting" value="100" />
                            <Entry name="$WebTestIteration" value="1" />
                            <Entry name="$WebTestUserId" value="1" />
                            <Entry name="$HIDDEN1.__VIEWSTATE" value="/wEPDwUKLTUxMjk1MjgwOGRkij73Y76QiiBElucU/Dct6FM7s9U=" />
                            <Entry name="$HIDDEN1" value="System.String[]" />
                          </Context>
                        </WebRequestResult>
                        <WebRequestResult exceptionMessage="" run="0" submitted="true" cached="false" isRedirectFollow="false" requestBodyBytesHandle="-2" responseBytesHandle="26">
                          <Request url="http://localhost:6611/images/new_icon01.gif" command="GET /images/new_icon01.gif HTTP/1.1" encoding="utf-8">
                            <Headers>Referer : http://localhost:6611/Index.aspx
User-Agent : Mozilla/4.0 (compatible; MSIE 7.0; Windows NT 5.1)
Accept : */*
Accept-Language : zh-CN
Accept-Encoding : GZIP
Host : localhost:6611
Cookie : .TunnelLogin=7D6F9B95393A47FD0EEA8F3B5BEF0E014E06B04E8E9618E0DC91C5E52D6DE7281A43EB9B9C498EA73856CB260AB2A41B0D8431CA3A3B3B169611848566D76E067317AD64B2E067CB0A62E95AA532F369
</Headers>
                          </Request>
                          <Response url="http://localhost:6611/images/new_icon01.gif" contentType="image/gif" statusLine="HTTP/1.1 200 OK" pageTime="NaN" time="0.002" statusCodeString="200 OK" contentLength="71">
                            <Headers>Connection : Close
Content-Length : 71
Cache-Control : public
Content-Type : image/gif
Date : Fri, 09 Jul 2010 04:55:30 GMT
ETag : "1CB1729899C2200"
Server : ASP.NET Development Server/9.0.0.0
X-AspNet-Version : 2.0.50727
</Headers>
                          </Response>
                          <Context>
                            <Entry name="$TotalAgents" value="1" />
                            <Entry name="$ControllerName" value="PC-201005261001" />
                            <Entry name="$AgentName" value="PC-201005261001" />
                            <Entry name="$TestLogsDir" value="E:\OA\Tunnel_OA\TestResults\Administrator_PC-201005261001 2010-07-09 12_55_27\In\PC-201005261001" />
                            <Entry name="$TestDeploymentDir" value="E:\OA\Tunnel_OA\TestResults\Administrator_PC-201005261001 2010-07-09 12_55_27\Out" />
                            <Entry name="$AgentId" value="1" />
                            <Entry name="$AgentLoadDistributor" value="Microsoft.VisualStudio.TestTools.Execution.AgentLoadDistributor" />
                            <Entry name="$TestDir" value="E:\OA\Tunnel_OA\TestResults\Administrator_PC-201005261001 2010-07-09 12_55_27" />
                            <Entry name="$AgentWeighting" value="100" />
                            <Entry name="$WebTestIteration" value="1" />
                            <Entry name="$WebTestUserId" value="1" />
                            <Entry name="$HIDDEN1.__VIEWSTATE" value="/wEPDwUKLTUxMjk1MjgwOGRkij73Y76QiiBElucU/Dct6FM7s9U=" />
                            <Entry name="$HIDDEN1" value="System.String[]" />
                          </Context>
                        </WebRequestResult>
                        <WebRequestResult exceptionMessage="" run="0" submitted="true" cached="false" isRedirectFollow="false" requestBodyBytesHandle="-2" responseBytesHandle="27">
                          <Request url="http://localhost:6611/WebResource.axd?d=hIEC4JkV4kGqEge4C8Fd_g2&amp;t=634116702580000000" command="GET /WebResource.axd?d=hIEC4JkV4kGqEge4C8Fd_g2&amp;t=634116702580000000 HTTP/1.1" encoding="utf-8">
                            <Headers>Referer : http://localhost:6611/Index.aspx
User-Agent : Mozilla/4.0 (compatible; MSIE 7.0; Windows NT 5.1)
Accept : */*
Accept-Language : zh-CN
Accept-Encoding : GZIP
Host : localhost:6611
Cookie : .TunnelLogin=7D6F9B95393A47FD0EEA8F3B5BEF0E014E06B04E8E9618E0DC91C5E52D6DE7281A43EB9B9C498EA73856CB260AB2A41B0D8431CA3A3B3B169611848566D76E067317AD64B2E067CB0A62E95AA532F369
</Headers>
                          </Request>
                          <Response url="http://localhost:6611/WebResource.axd?d=hIEC4JkV4kGqEge4C8Fd_g2&amp;t=634116702580000000" contentType="image/gif" statusLine="HTTP/1.1 200 OK" pageTime="NaN" time="0.002" statusCodeString="200 OK" contentLength="43">
                            <Headers>Connection : Close
Content-Length : 43
Cache-Control : public
Content-Type : image/gif
Date : Fri, 09 Jul 2010 04:55:30 GMT
Expires : Sat, 09 Jul 2011 04:55:30 GMT
Last-Modified : Wed, 09 Jun 2010 00:50:58 GMT
Server : ASP.NET Development Server/9.0.0.0
X-AspNet-Version : 2.0.50727
</Headers>
                          </Response>
                          <Context>
                            <Entry name="$TotalAgents" value="1" />
                            <Entry name="$ControllerName" value="PC-201005261001" />
                            <Entry name="$AgentName" value="PC-201005261001" />
                            <Entry name="$TestLogsDir" value="E:\OA\Tunnel_OA\TestResults\Administrator_PC-201005261001 2010-07-09 12_55_27\In\PC-201005261001" />
                            <Entry name="$TestDeploymentDir" value="E:\OA\Tunnel_OA\TestResults\Administrator_PC-201005261001 2010-07-09 12_55_27\Out" />
                            <Entry name="$AgentId" value="1" />
                            <Entry name="$AgentLoadDistributor" value="Microsoft.VisualStudio.TestTools.Execution.AgentLoadDistributor" />
                            <Entry name="$TestDir" value="E:\OA\Tunnel_OA\TestResults\Administrator_PC-201005261001 2010-07-09 12_55_27" />
                            <Entry name="$AgentWeighting" value="100" />
                            <Entry name="$WebTestIteration" value="1" />
                            <Entry name="$WebTestUserId" value="1" />
                            <Entry name="$HIDDEN1.__VIEWSTATE" value="/wEPDwUKLTUxMjk1MjgwOGRkij73Y76QiiBElucU/Dct6FM7s9U=" />
                            <Entry name="$HIDDEN1" value="System.String[]" />
                          </Context>
                        </WebRequestResult>
                        <WebRequestResult exceptionMessage="" run="0" submitted="true" cached="false" isRedirectFollow="false" requestBodyBytesHandle="-2" responseBytesHandle="28">
                          <Request url="http://localhost:6611/image/online2.gif" command="GET /image/online2.gif HTTP/1.1" encoding="utf-8">
                            <Headers>Referer : http://localhost:6611/Index.aspx
User-Agent : Mozilla/4.0 (compatible; MSIE 7.0; Windows NT 5.1)
Accept : */*
Accept-Language : zh-CN
Accept-Encoding : GZIP
Host : localhost:6611
Cookie : .TunnelLogin=7D6F9B95393A47FD0EEA8F3B5BEF0E014E06B04E8E9618E0DC91C5E52D6DE7281A43EB9B9C498EA73856CB260AB2A41B0D8431CA3A3B3B169611848566D76E067317AD64B2E067CB0A62E95AA532F369
</Headers>
                          </Request>
                          <Response url="http://localhost:6611/image/online2.gif" contentType="image/gif" statusLine="HTTP/1.1 200 OK" pageTime="NaN" time="0.004" statusCodeString="200 OK" contentLength="1110">
                            <Headers>Connection : Close
Content-Length : 1110
Cache-Control : public
Content-Type : image/gif
Date : Fri, 09 Jul 2010 04:55:30 GMT
ETag : "1CB1729886AF500"
Server : ASP.NET Development Server/9.0.0.0
X-AspNet-Version : 2.0.50727
</Headers>
                          </Response>
                          <Context>
                            <Entry name="$TotalAgents" value="1" />
                            <Entry name="$ControllerName" value="PC-201005261001" />
                            <Entry name="$AgentName" value="PC-201005261001" />
                            <Entry name="$TestLogsDir" value="E:\OA\Tunnel_OA\TestResults\Administrator_PC-201005261001 2010-07-09 12_55_27\In\PC-201005261001" />
                            <Entry name="$TestDeploymentDir" value="E:\OA\Tunnel_OA\TestResults\Administrator_PC-201005261001 2010-07-09 12_55_27\Out" />
                            <Entry name="$AgentId" value="1" />
                            <Entry name="$AgentLoadDistributor" value="Microsoft.VisualStudio.TestTools.Execution.AgentLoadDistributor" />
                            <Entry name="$TestDir" value="E:\OA\Tunnel_OA\TestResults\Administrator_PC-201005261001 2010-07-09 12_55_27" />
                            <Entry name="$AgentWeighting" value="100" />
                            <Entry name="$WebTestIteration" value="1" />
                            <Entry name="$WebTestUserId" value="1" />
                            <Entry name="$HIDDEN1.__VIEWSTATE" value="/wEPDwUKLTUxMjk1MjgwOGRkij73Y76QiiBElucU/Dct6FM7s9U=" />
                            <Entry name="$HIDDEN1" value="System.String[]" />
                          </Context>
                        </WebRequestResult>
                        <WebRequestResult exceptionMessage="" run="0" submitted="true" cached="false" isRedirectFollow="false" requestBodyBytesHandle="-2" responseBytesHandle="29">
                          <Request url="http://localhost:6611/image/exit.gif" command="GET /image/exit.gif HTTP/1.1" encoding="utf-8">
                            <Headers>Referer : http://localhost:6611/Index.aspx
User-Agent : Mozilla/4.0 (compatible; MSIE 7.0; Windows NT 5.1)
Accept : */*
Accept-Language : zh-CN
Accept-Encoding : GZIP
Host : localhost:6611
Cookie : .TunnelLogin=7D6F9B95393A47FD0EEA8F3B5BEF0E014E06B04E8E9618E0DC91C5E52D6DE7281A43EB9B9C498EA73856CB260AB2A41B0D8431CA3A3B3B169611848566D76E067317AD64B2E067CB0A62E95AA532F369
</Headers>
                          </Request>
                          <Response url="http://localhost:6611/image/exit.gif" contentType="image/gif" statusLine="HTTP/1.1 200 OK" pageTime="NaN" time="0.005" statusCodeString="200 OK" contentLength="181">
                            <Headers>Connection : Close
Content-Length : 181
Cache-Control : public
Content-Type : image/gif
Date : Fri, 09 Jul 2010 04:55:30 GMT
ETag : "1CB1729886AF500"
Server : ASP.NET Development Server/9.0.0.0
X-AspNet-Version : 2.0.50727
</Headers>
                          </Response>
                          <Context>
                            <Entry name="$TotalAgents" value="1" />
                            <Entry name="$ControllerName" value="PC-201005261001" />
                            <Entry name="$AgentName" value="PC-201005261001" />
                            <Entry name="$TestLogsDir" value="E:\OA\Tunnel_OA\TestResults\Administrator_PC-201005261001 2010-07-09 12_55_27\In\PC-201005261001" />
                            <Entry name="$TestDeploymentDir" value="E:\OA\Tunnel_OA\TestResults\Administrator_PC-201005261001 2010-07-09 12_55_27\Out" />
                            <Entry name="$AgentId" value="1" />
                            <Entry name="$AgentLoadDistributor" value="Microsoft.VisualStudio.TestTools.Execution.AgentLoadDistributor" />
                            <Entry name="$TestDir" value="E:\OA\Tunnel_OA\TestResults\Administrator_PC-201005261001 2010-07-09 12_55_27" />
                            <Entry name="$AgentWeighting" value="100" />
                            <Entry name="$WebTestIteration" value="1" />
                            <Entry name="$WebTestUserId" value="1" />
                            <Entry name="$HIDDEN1.__VIEWSTATE" value="/wEPDwUKLTUxMjk1MjgwOGRkij73Y76QiiBElucU/Dct6FM7s9U=" />
                            <Entry name="$HIDDEN1" value="System.String[]" />
                          </Context>
                        </WebRequestResult>
                        <WebRequestResult exceptionMessage="" run="0" submitted="true" cached="false" isRedirectFollow="false" requestBodyBytesHandle="-2" responseBytesHandle="30">
                          <Request url="http://localhost:6611/images/b_icon02.gif" command="GET /images/b_icon02.gif HTTP/1.1" encoding="utf-8">
                            <Headers>Referer : http://localhost:6611/Index.aspx
User-Agent : Mozilla/4.0 (compatible; MSIE 7.0; Windows NT 5.1)
Accept : */*
Accept-Language : zh-CN
Accept-Encoding : GZIP
Host : localhost:6611
Cookie : .TunnelLogin=7D6F9B95393A47FD0EEA8F3B5BEF0E014E06B04E8E9618E0DC91C5E52D6DE7281A43EB9B9C498EA73856CB260AB2A41B0D8431CA3A3B3B169611848566D76E067317AD64B2E067CB0A62E95AA532F369
</Headers>
                          </Request>
                          <Response url="http://localhost:6611/images/b_icon02.gif" contentType="image/gif" statusLine="HTTP/1.1 200 OK" pageTime="NaN" time="0.002" statusCodeString="200 OK" contentLength="289">
                            <Headers>Connection : Close
Content-Length : 289
Cache-Control : public
Content-Type : image/gif
Date : Fri, 09 Jul 2010 04:55:30 GMT
ETag : "1CB172989038B80"
Server : ASP.NET Development Server/9.0.0.0
X-AspNet-Version : 2.0.50727
</Headers>
                          </Response>
                          <Context>
                            <Entry name="$TotalAgents" value="1" />
                            <Entry name="$ControllerName" value="PC-201005261001" />
                            <Entry name="$AgentName" value="PC-201005261001" />
                            <Entry name="$TestLogsDir" value="E:\OA\Tunnel_OA\TestResults\Administrator_PC-201005261001 2010-07-09 12_55_27\In\PC-201005261001" />
                            <Entry name="$TestDeploymentDir" value="E:\OA\Tunnel_OA\TestResults\Administrator_PC-201005261001 2010-07-09 12_55_27\Out" />
                            <Entry name="$AgentId" value="1" />
                            <Entry name="$AgentLoadDistributor" value="Microsoft.VisualStudio.TestTools.Execution.AgentLoadDistributor" />
                            <Entry name="$TestDir" value="E:\OA\Tunnel_OA\TestResults\Administrator_PC-201005261001 2010-07-09 12_55_27" />
                            <Entry name="$AgentWeighting" value="100" />
                            <Entry name="$WebTestIteration" value="1" />
                            <Entry name="$WebTestUserId" value="1" />
                            <Entry name="$HIDDEN1.__VIEWSTATE" value="/wEPDwUKLTUxMjk1MjgwOGRkij73Y76QiiBElucU/Dct6FM7s9U=" />
                            <Entry name="$HIDDEN1" value="System.String[]" />
                          </Context>
                        </WebRequestResult>
                        <WebRequestResult exceptionMessage="" run="0" submitted="true" cached="false" isRedirectFollow="false" requestBodyBytesHandle="-2" responseBytesHandle="31">
                          <Request url="http://localhost:6611/images/listtableicon-down.gif" command="GET /images/listtableicon-down.gif HTTP/1.1" encoding="utf-8">
                            <Headers>Referer : http://localhost:6611/Index.aspx
User-Agent : Mozilla/4.0 (compatible; MSIE 7.0; Windows NT 5.1)
Accept : */*
Accept-Language : zh-CN
Accept-Encoding : GZIP
Host : localhost:6611
Cookie : .TunnelLogin=7D6F9B95393A47FD0EEA8F3B5BEF0E014E06B04E8E9618E0DC91C5E52D6DE7281A43EB9B9C498EA73856CB260AB2A41B0D8431CA3A3B3B169611848566D76E067317AD64B2E067CB0A62E95AA532F369
</Headers>
                          </Request>
                          <Response url="http://localhost:6611/images/listtableicon-down.gif" contentType="image/gif" statusLine="HTTP/1.1 200 OK" pageTime="NaN" time="0.003" statusCodeString="200 OK" contentLength="780">
                            <Headers>Connection : Close
Content-Length : 780
Cache-Control : public
Content-Type : image/gif
Date : Fri, 09 Jul 2010 04:55:30 GMT
ETag : "1CB172989038B80"
Server : ASP.NET Development Server/9.0.0.0
X-AspNet-Version : 2.0.50727
</Headers>
                          </Response>
                          <Context>
                            <Entry name="$TotalAgents" value="1" />
                            <Entry name="$ControllerName" value="PC-201005261001" />
                            <Entry name="$AgentName" value="PC-201005261001" />
                            <Entry name="$TestLogsDir" value="E:\OA\Tunnel_OA\TestResults\Administrator_PC-201005261001 2010-07-09 12_55_27\In\PC-201005261001" />
                            <Entry name="$TestDeploymentDir" value="E:\OA\Tunnel_OA\TestResults\Administrator_PC-201005261001 2010-07-09 12_55_27\Out" />
                            <Entry name="$AgentId" value="1" />
                            <Entry name="$AgentLoadDistributor" value="Microsoft.VisualStudio.TestTools.Execution.AgentLoadDistributor" />
                            <Entry name="$TestDir" value="E:\OA\Tunnel_OA\TestResults\Administrator_PC-201005261001 2010-07-09 12_55_27" />
                            <Entry name="$AgentWeighting" value="100" />
                            <Entry name="$WebTestIteration" value="1" />
                            <Entry name="$WebTestUserId" value="1" />
                            <Entry name="$HIDDEN1.__VIEWSTATE" value="/wEPDwUKLTUxMjk1MjgwOGRkij73Y76QiiBElucU/Dct6FM7s9U=" />
                            <Entry name="$HIDDEN1" value="System.String[]" />
                          </Context>
                        </WebRequestResult>
                        <WebRequestResult exceptionMessage="" run="0" submitted="true" cached="false" isRedirectFollow="false" requestBodyBytesHandle="-2" responseBytesHandle="32">
                          <Request url="http://localhost:6611/images/01-g2_07.gif" command="GET /images/01-g2_07.gif HTTP/1.1" encoding="utf-8">
                            <Headers>Referer : http://localhost:6611/Index.aspx
User-Agent : Mozilla/4.0 (compatible; MSIE 7.0; Windows NT 5.1)
Accept : */*
Accept-Language : zh-CN
Accept-Encoding : GZIP
Host : localhost:6611
Cookie : .TunnelLogin=7D6F9B95393A47FD0EEA8F3B5BEF0E014E06B04E8E9618E0DC91C5E52D6DE7281A43EB9B9C498EA73856CB260AB2A41B0D8431CA3A3B3B169611848566D76E067317AD64B2E067CB0A62E95AA532F369
</Headers>
                          </Request>
                          <Response url="http://localhost:6611/images/01-g2_07.gif" contentType="image/gif" statusLine="HTTP/1.1 200 OK" pageTime="NaN" time="0.002" statusCodeString="200 OK" contentLength="372">
                            <Headers>Connection : Close
Content-Length : 372
Cache-Control : public
Content-Type : image/gif
Date : Fri, 09 Jul 2010 04:55:30 GMT
ETag : "1CB172989038B80"
Server : ASP.NET Development Server/9.0.0.0
X-AspNet-Version : 2.0.50727
</Headers>
                          </Response>
                          <Context>
                            <Entry name="$TotalAgents" value="1" />
                            <Entry name="$ControllerName" value="PC-201005261001" />
                            <Entry name="$AgentName" value="PC-201005261001" />
                            <Entry name="$TestLogsDir" value="E:\OA\Tunnel_OA\TestResults\Administrator_PC-201005261001 2010-07-09 12_55_27\In\PC-201005261001" />
                            <Entry name="$TestDeploymentDir" value="E:\OA\Tunnel_OA\TestResults\Administrator_PC-201005261001 2010-07-09 12_55_27\Out" />
                            <Entry name="$AgentId" value="1" />
                            <Entry name="$AgentLoadDistributor" value="Microsoft.VisualStudio.TestTools.Execution.AgentLoadDistributor" />
                            <Entry name="$TestDir" value="E:\OA\Tunnel_OA\TestResults\Administrator_PC-201005261001 2010-07-09 12_55_27" />
                            <Entry name="$AgentWeighting" value="100" />
                            <Entry name="$WebTestIteration" value="1" />
                            <Entry name="$WebTestUserId" value="1" />
                            <Entry name="$HIDDEN1.__VIEWSTATE" value="/wEPDwUKLTUxMjk1MjgwOGRkij73Y76QiiBElucU/Dct6FM7s9U=" />
                            <Entry name="$HIDDEN1" value="System.String[]" />
                          </Context>
                        </WebRequestResult>
                        <WebRequestResult exceptionMessage="" run="0" submitted="true" cached="false" isRedirectFollow="false" requestBodyBytesHandle="-2" responseBytesHandle="33">
                          <Request url="http://localhost:6611/images/link3_01.gif" command="GET /images/link3_01.gif HTTP/1.1" encoding="utf-8">
                            <Headers>Referer : http://localhost:6611/Index.aspx
User-Agent : Mozilla/4.0 (compatible; MSIE 7.0; Windows NT 5.1)
Accept : */*
Accept-Language : zh-CN
Accept-Encoding : GZIP
Host : localhost:6611
Cookie : .TunnelLogin=7D6F9B95393A47FD0EEA8F3B5BEF0E014E06B04E8E9618E0DC91C5E52D6DE7281A43EB9B9C498EA73856CB260AB2A41B0D8431CA3A3B3B169611848566D76E067317AD64B2E067CB0A62E95AA532F369
</Headers>
                          </Request>
                          <Response url="http://localhost:6611/images/link3_01.gif" contentType="image/gif" statusLine="HTTP/1.1 200 OK" pageTime="NaN" time="0.001" statusCodeString="200 OK" contentLength="4801">
                            <Headers>Connection : Close
Content-Length : 4801
Cache-Control : public
Content-Type : image/gif
Date : Fri, 09 Jul 2010 04:55:30 GMT
ETag : "1CB172989038B80"
Server : ASP.NET Development Server/9.0.0.0
X-AspNet-Version : 2.0.50727
</Headers>
                          </Response>
                          <Context>
                            <Entry name="$TotalAgents" value="1" />
                            <Entry name="$ControllerName" value="PC-201005261001" />
                            <Entry name="$AgentName" value="PC-201005261001" />
                            <Entry name="$TestLogsDir" value="E:\OA\Tunnel_OA\TestResults\Administrator_PC-201005261001 2010-07-09 12_55_27\In\PC-201005261001" />
                            <Entry name="$TestDeploymentDir" value="E:\OA\Tunnel_OA\TestResults\Administrator_PC-201005261001 2010-07-09 12_55_27\Out" />
                            <Entry name="$AgentId" value="1" />
                            <Entry name="$AgentLoadDistributor" value="Microsoft.VisualStudio.TestTools.Execution.AgentLoadDistributor" />
                            <Entry name="$TestDir" value="E:\OA\Tunnel_OA\TestResults\Administrator_PC-201005261001 2010-07-09 12_55_27" />
                            <Entry name="$AgentWeighting" value="100" />
                            <Entry name="$WebTestIteration" value="1" />
                            <Entry name="$WebTestUserId" value="1" />
                            <Entry name="$HIDDEN1.__VIEWSTATE" value="/wEPDwUKLTUxMjk1MjgwOGRkij73Y76QiiBElucU/Dct6FM7s9U=" />
                            <Entry name="$HIDDEN1" value="System.String[]" />
                          </Context>
                        </WebRequestResult>
                        <WebRequestResult exceptionMessage="" run="0" submitted="true" cached="false" isRedirectFollow="false" requestBodyBytesHandle="-2" responseBytesHandle="34">
                          <Request url="http://localhost:6611/images/link3_02.gif" command="GET /images/link3_02.gif HTTP/1.1" encoding="utf-8">
                            <Headers>Referer : http://localhost:6611/Index.aspx
User-Agent : Mozilla/4.0 (compatible; MSIE 7.0; Windows NT 5.1)
Accept : */*
Accept-Language : zh-CN
Accept-Encoding : GZIP
Host : localhost:6611
Cookie : .TunnelLogin=7D6F9B95393A47FD0EEA8F3B5BEF0E014E06B04E8E9618E0DC91C5E52D6DE7281A43EB9B9C498EA73856CB260AB2A41B0D8431CA3A3B3B169611848566D76E067317AD64B2E067CB0A62E95AA532F369
</Headers>
                          </Request>
                          <Response url="http://localhost:6611/images/link3_02.gif" contentType="image/gif" statusLine="HTTP/1.1 200 OK" pageTime="NaN" time="0.001" statusCodeString="200 OK" contentLength="2284">
                            <Headers>Connection : Close
Content-Length : 2284
Cache-Control : public
Content-Type : image/gif
Date : Fri, 09 Jul 2010 04:55:30 GMT
ETag : "1CB172989038B80"
Server : ASP.NET Development Server/9.0.0.0
X-AspNet-Version : 2.0.50727
</Headers>
                          </Response>
                          <Context>
                            <Entry name="$TotalAgents" value="1" />
                            <Entry name="$ControllerName" value="PC-201005261001" />
                            <Entry name="$AgentName" value="PC-201005261001" />
                            <Entry name="$TestLogsDir" value="E:\OA\Tunnel_OA\TestResults\Administrator_PC-201005261001 2010-07-09 12_55_27\In\PC-201005261001" />
                            <Entry name="$TestDeploymentDir" value="E:\OA\Tunnel_OA\TestResults\Administrator_PC-201005261001 2010-07-09 12_55_27\Out" />
                            <Entry name="$AgentId" value="1" />
                            <Entry name="$AgentLoadDistributor" value="Microsoft.VisualStudio.TestTools.Execution.AgentLoadDistributor" />
                            <Entry name="$TestDir" value="E:\OA\Tunnel_OA\TestResults\Administrator_PC-201005261001 2010-07-09 12_55_27" />
                            <Entry name="$AgentWeighting" value="100" />
                            <Entry name="$WebTestIteration" value="1" />
                            <Entry name="$WebTestUserId" value="1" />
                            <Entry name="$HIDDEN1.__VIEWSTATE" value="/wEPDwUKLTUxMjk1MjgwOGRkij73Y76QiiBElucU/Dct6FM7s9U=" />
                            <Entry name="$HIDDEN1" value="System.String[]" />
                          </Context>
                        </WebRequestResult>
                        <WebRequestResult exceptionMessage="" run="0" submitted="true" cached="false" isRedirectFollow="false" requestBodyBytesHandle="-2" responseBytesHandle="35">
                          <Request url="http://localhost:6611/sytp.aspx" command="GET /sytp.aspx HTTP/1.1" encoding="utf-8">
                            <Headers>Referer : http://localhost:6611/Index.aspx
User-Agent : Mozilla/4.0 (compatible; MSIE 7.0; Windows NT 5.1)
Accept : */*
Accept-Language : zh-CN
Accept-Encoding : GZIP
Host : localhost:6611
Cookie : .TunnelLogin=7D6F9B95393A47FD0EEA8F3B5BEF0E014E06B04E8E9618E0DC91C5E52D6DE7281A43EB9B9C498EA73856CB260AB2A41B0D8431CA3A3B3B169611848566D76E067317AD64B2E067CB0A62E95AA532F369
</Headers>
                          </Request>
                          <Response url="http://localhost:6611/sytp.aspx" contentType="image/Jpeg; charset=utf-8" statusLine="HTTP/1.1 200 OK" pageTime="NaN" time="0.007" statusCodeString="200 OK" contentLength="31462">
                            <Headers>Connection : Close
Content-Length : 31462
Cache-Control : private
Content-Type : image/Jpeg; charset=utf-8
Date : Fri, 09 Jul 2010 04:55:30 GMT
Server : ASP.NET Development Server/9.0.0.0
X-AspNet-Version : 2.0.50727
</Headers>
                          </Response>
                          <Context>
                            <Entry name="$TotalAgents" value="1" />
                            <Entry name="$ControllerName" value="PC-201005261001" />
                            <Entry name="$AgentName" value="PC-201005261001" />
                            <Entry name="$TestLogsDir" value="E:\OA\Tunnel_OA\TestResults\Administrator_PC-201005261001 2010-07-09 12_55_27\In\PC-201005261001" />
                            <Entry name="$TestDeploymentDir" value="E:\OA\Tunnel_OA\TestResults\Administrator_PC-201005261001 2010-07-09 12_55_27\Out" />
                            <Entry name="$AgentId" value="1" />
                            <Entry name="$AgentLoadDistributor" value="Microsoft.VisualStudio.TestTools.Execution.AgentLoadDistributor" />
                            <Entry name="$TestDir" value="E:\OA\Tunnel_OA\TestResults\Administrator_PC-201005261001 2010-07-09 12_55_27" />
                            <Entry name="$AgentWeighting" value="100" />
                            <Entry name="$WebTestIteration" value="1" />
                            <Entry name="$WebTestUserId" value="1" />
                            <Entry name="$HIDDEN1.__VIEWSTATE" value="/wEPDwUKLTUxMjk1MjgwOGRkij73Y76QiiBElucU/Dct6FM7s9U=" />
                            <Entry name="$HIDDEN1" value="System.String[]" />
                          </Context>
                        </WebRequestResult>
                        <WebRequestResult exceptionMessage="" run="0" submitted="true" cached="false" isRedirectFollow="false" requestBodyBytesHandle="-2" responseBytesHandle="36">
                          <Request url="http://localhost:6611/images/link3_03.gif" command="GET /images/link3_03.gif HTTP/1.1" encoding="utf-8">
                            <Headers>Referer : http://localhost:6611/Index.aspx
User-Agent : Mozilla/4.0 (compatible; MSIE 7.0; Windows NT 5.1)
Accept : */*
Accept-Language : zh-CN
Accept-Encoding : GZIP
Host : localhost:6611
Cookie : .TunnelLogin=7D6F9B95393A47FD0EEA8F3B5BEF0E014E06B04E8E9618E0DC91C5E52D6DE7281A43EB9B9C498EA73856CB260AB2A41B0D8431CA3A3B3B169611848566D76E067317AD64B2E067CB0A62E95AA532F369
</Headers>
                          </Request>
                          <Response url="http://localhost:6611/images/link3_03.gif" contentType="image/gif" statusLine="HTTP/1.1 200 OK" pageTime="NaN" time="0.001" statusCodeString="200 OK" contentLength="232">
                            <Headers>Connection : Close
Content-Length : 232
Cache-Control : public
Content-Type : image/gif
Date : Fri, 09 Jul 2010 04:55:30 GMT
ETag : "1CB172989038B80"
Server : ASP.NET Development Server/9.0.0.0
X-AspNet-Version : 2.0.50727
</Headers>
                          </Response>
                          <Context>
                            <Entry name="$TotalAgents" value="1" />
                            <Entry name="$ControllerName" value="PC-201005261001" />
                            <Entry name="$AgentName" value="PC-201005261001" />
                            <Entry name="$TestLogsDir" value="E:\OA\Tunnel_OA\TestResults\Administrator_PC-201005261001 2010-07-09 12_55_27\In\PC-201005261001" />
                            <Entry name="$TestDeploymentDir" value="E:\OA\Tunnel_OA\TestResults\Administrator_PC-201005261001 2010-07-09 12_55_27\Out" />
                            <Entry name="$AgentId" value="1" />
                            <Entry name="$AgentLoadDistributor" value="Microsoft.VisualStudio.TestTools.Execution.AgentLoadDistributor" />
                            <Entry name="$TestDir" value="E:\OA\Tunnel_OA\TestResults\Administrator_PC-201005261001 2010-07-09 12_55_27" />
                            <Entry name="$AgentWeighting" value="100" />
                            <Entry name="$WebTestIteration" value="1" />
                            <Entry name="$WebTestUserId" value="1" />
                            <Entry name="$HIDDEN1.__VIEWSTATE" value="/wEPDwUKLTUxMjk1MjgwOGRkij73Y76QiiBElucU/Dct6FM7s9U=" />
                            <Entry name="$HIDDEN1" value="System.String[]" />
                          </Context>
                        </WebRequestResult>
                      </DependantResults>
                      <ValidationRuleResults>
                        <ValidationRuleResult message="通过" ruleType="验证" name="响应 URL" />
                      </ValidationRuleResults>
                    </WebRequestResult>
                  </RedirectedPage>
                </RedirectedPages>
              </WebTestResultPage>
              <WebTestResultPage>
                <WebRequestResult exceptionMessage="" run="0" submitted="true" cached="false" isRedirectFollow="false" requestBodyBytesHandle="-2" responseBytesHandle="37">
                  <Request url="http://localhost:6611/css/fla6.swf" command="GET /css/fla6.swf HTTP/1.1" encoding="utf-8">
                    <Headers>User-Agent : Mozilla/4.0 (compatible; MSIE 7.0; Windows NT 5.1)
Accept : */*
Accept-Language : zh-CN
Accept-Encoding : GZIP
Host : localhost:6611
Cookie : .TunnelLogin=7D6F9B95393A47FD0EEA8F3B5BEF0E014E06B04E8E9618E0DC91C5E52D6DE7281A43EB9B9C498EA73856CB260AB2A41B0D8431CA3A3B3B169611848566D76E067317AD64B2E067CB0A62E95AA532F369
</Headers>
                  </Request>
                  <Response url="http://localhost:6611/css/fla6.swf" contentType="application/octet-stream" statusLine="HTTP/1.1 200 OK" pageTime="0.002" time="0.002" statusCodeString="200 OK" contentLength="183063">
                    <Headers>Connection : Close
Content-Length : 183063
Cache-Control : public
Content-Type : application/octet-stream
Date : Fri, 09 Jul 2010 04:55:30 GMT
ETag : "1CB17298739C800"
Server : ASP.NET Development Server/9.0.0.0
X-AspNet-Version : 2.0.50727
</Headers>
                  </Response>
                  <Context>
                    <Entry name="$TotalAgents" value="1" />
                    <Entry name="$ControllerName" value="PC-201005261001" />
                    <Entry name="$AgentName" value="PC-201005261001" />
                    <Entry name="$TestLogsDir" value="E:\OA\Tunnel_OA\TestResults\Administrator_PC-201005261001 2010-07-09 12_55_27\In\PC-201005261001" />
                    <Entry name="$TestDeploymentDir" value="E:\OA\Tunnel_OA\TestResults\Administrator_PC-201005261001 2010-07-09 12_55_27\Out" />
                    <Entry name="$AgentId" value="1" />
                    <Entry name="$AgentLoadDistributor" value="Microsoft.VisualStudio.TestTools.Execution.AgentLoadDistributor" />
                    <Entry name="$TestDir" value="E:\OA\Tunnel_OA\TestResults\Administrator_PC-201005261001 2010-07-09 12_55_27" />
                    <Entry name="$AgentWeighting" value="100" />
                    <Entry name="$WebTestIteration" value="1" />
                    <Entry name="$WebTestUserId" value="1" />
                    <Entry name="$HIDDEN1.__VIEWSTATE" value="/wEPDwUKLTUxMjk1MjgwOGRkij73Y76QiiBElucU/Dct6FM7s9U=" />
                    <Entry name="$HIDDEN1" value="System.String[]" />
                  </Context>
                  <ValidationRuleResults>
                    <ValidationRuleResult message="通过" ruleType="验证" name="响应 URL" />
                  </ValidationRuleResults>
                </WebRequestResult>
              </WebTestResultPage>
              <WebTestResultPage>
                <WebRequestResult exceptionMessage="" run="0" submitted="true" cached="false" isRedirectFollow="false" requestBodyBytesHandle="-2" responseBytesHandle="38">
                  <Request url="http://localhost:6611/javascript/findmessage.ashx?_=1278651254640&amp;Uid=1" command="GET /javascript/findmessage.ashx?_=1278651254640&amp;Uid=1 HTTP/1.1" encoding="utf-8">
                    <Headers>User-Agent : Mozilla/4.0 (compatible; MSIE 7.0; Windows NT 5.1)
Accept : */*
Accept-Language : zh-CN
Accept-Encoding : GZIP
Host : localhost:6611
Cookie : .TunnelLogin=7D6F9B95393A47FD0EEA8F3B5BEF0E014E06B04E8E9618E0DC91C5E52D6DE7281A43EB9B9C498EA73856CB260AB2A41B0D8431CA3A3B3B169611848566D76E067317AD64B2E067CB0A62E95AA532F369
</Headers>
                  </Request>
                  <Response url="http://localhost:6611/javascript/findmessage.ashx?_=1278651254640&amp;Uid=1" contentType="text/plain; charset=utf-8" statusLine="HTTP/1.1 200 OK" pageTime="0.005" time="0.005" statusCodeString="200 OK" contentLength="1">
                    <Headers>Connection : Close
Content-Length : 1
Cache-Control : private
Content-Type : text/plain; charset=utf-8
Date : Fri, 09 Jul 2010 04:55:30 GMT
Server : ASP.NET Development Server/9.0.0.0
X-AspNet-Version : 2.0.50727
</Headers>
                  </Response>
                  <Context>
                    <Entry name="$TotalAgents" value="1" />
                    <Entry name="$ControllerName" value="PC-201005261001" />
                    <Entry name="$AgentName" value="PC-201005261001" />
                    <Entry name="$TestLogsDir" value="E:\OA\Tunnel_OA\TestResults\Administrator_PC-201005261001 2010-07-09 12_55_27\In\PC-201005261001" />
                    <Entry name="$TestDeploymentDir" value="E:\OA\Tunnel_OA\TestResults\Administrator_PC-201005261001 2010-07-09 12_55_27\Out" />
                    <Entry name="$AgentId" value="1" />
                    <Entry name="$AgentLoadDistributor" value="Microsoft.VisualStudio.TestTools.Execution.AgentLoadDistributor" />
                    <Entry name="$TestDir" value="E:\OA\Tunnel_OA\TestResults\Administrator_PC-201005261001 2010-07-09 12_55_27" />
                    <Entry name="$AgentWeighting" value="100" />
                    <Entry name="$WebTestIteration" value="1" />
                    <Entry name="$WebTestUserId" value="1" />
                    <Entry name="$HIDDEN1.__VIEWSTATE" value="/wEPDwUKLTUxMjk1MjgwOGRkij73Y76QiiBElucU/Dct6FM7s9U=" />
                    <Entry name="$HIDDEN1" value="System.String[]" />
                  </Context>
                  <ValidationRuleResults>
                    <ValidationRuleResult message="通过" ruleType="验证" name="响应 URL" />
                  </ValidationRuleResults>
                </WebRequestResult>
              </WebTestResultPage>
              <WebTestResultPage>
                <WebRequestResult exceptionMessage="" run="0" submitted="true" cached="false" isRedirectFollow="false" requestBodyBytesHandle="-2" responseBytesHandle="38">
                  <Request url="http://localhost:6611/javascript/findmessage.ashx?_=1278651259640&amp;Uid=1" command="GET /javascript/findmessage.ashx?_=1278651259640&amp;Uid=1 HTTP/1.1" encoding="utf-8">
                    <Headers>User-Agent : Mozilla/4.0 (compatible; MSIE 7.0; Windows NT 5.1)
Accept : */*
Accept-Language : zh-CN
Accept-Encoding : GZIP
Host : localhost:6611
Cookie : .TunnelLogin=7D6F9B95393A47FD0EEA8F3B5BEF0E014E06B04E8E9618E0DC91C5E52D6DE7281A43EB9B9C498EA73856CB260AB2A41B0D8431CA3A3B3B169611848566D76E067317AD64B2E067CB0A62E95AA532F369
</Headers>
                  </Request>
                  <Response url="http://localhost:6611/javascript/findmessage.ashx?_=1278651259640&amp;Uid=1" contentType="text/plain; charset=utf-8" statusLine="HTTP/1.1 200 OK" pageTime="0.002" time="0.002" statusCodeString="200 OK" contentLength="1">
                    <Headers>Connection : Close
Content-Length : 1
Cache-Control : private
Content-Type : text/plain; charset=utf-8
Date : Fri, 09 Jul 2010 04:55:30 GMT
Server : ASP.NET Development Server/9.0.0.0
X-AspNet-Version : 2.0.50727
</Headers>
                  </Response>
                  <Context>
                    <Entry name="$TotalAgents" value="1" />
                    <Entry name="$ControllerName" value="PC-201005261001" />
                    <Entry name="$AgentName" value="PC-201005261001" />
                    <Entry name="$TestLogsDir" value="E:\OA\Tunnel_OA\TestResults\Administrator_PC-201005261001 2010-07-09 12_55_27\In\PC-201005261001" />
                    <Entry name="$TestDeploymentDir" value="E:\OA\Tunnel_OA\TestResults\Administrator_PC-201005261001 2010-07-09 12_55_27\Out" />
                    <Entry name="$AgentId" value="1" />
                    <Entry name="$AgentLoadDistributor" value="Microsoft.VisualStudio.TestTools.Execution.AgentLoadDistributor" />
                    <Entry name="$TestDir" value="E:\OA\Tunnel_OA\TestResults\Administrator_PC-201005261001 2010-07-09 12_55_27" />
                    <Entry name="$AgentWeighting" value="100" />
                    <Entry name="$WebTestIteration" value="1" />
                    <Entry name="$WebTestUserId" value="1" />
                    <Entry name="$HIDDEN1.__VIEWSTATE" value="/wEPDwUKLTUxMjk1MjgwOGRkij73Y76QiiBElucU/Dct6FM7s9U=" />
                    <Entry name="$HIDDEN1" value="System.String[]" />
                  </Context>
                  <ValidationRuleResults>
                    <ValidationRuleResult message="通过" ruleType="验证" name="响应 URL" />
                  </ValidationRuleResults>
                </WebRequestResult>
              </WebTestResultPage>
              <WebTestResultPage>
                <WebRequestResult exceptionMessage="" run="0" submitted="true" cached="false" isRedirectFollow="false" requestBodyBytesHandle="-2" responseBytesHandle="38">
                  <Request url="http://localhost:6611/javascript/findmessage.ashx?_=1278651264640&amp;Uid=1" command="GET /javascript/findmessage.ashx?_=1278651264640&amp;Uid=1 HTTP/1.1" encoding="utf-8">
                    <Headers>User-Agent : Mozilla/4.0 (compatible; MSIE 7.0; Windows NT 5.1)
Accept : */*
Accept-Language : zh-CN
Accept-Encoding : GZIP
Host : localhost:6611
Cookie : .TunnelLogin=7D6F9B95393A47FD0EEA8F3B5BEF0E014E06B04E8E9618E0DC91C5E52D6DE7281A43EB9B9C498EA73856CB260AB2A41B0D8431CA3A3B3B169611848566D76E067317AD64B2E067CB0A62E95AA532F369
</Headers>
                  </Request>
                  <Response url="http://localhost:6611/javascript/findmessage.ashx?_=1278651264640&amp;Uid=1" contentType="text/plain; charset=utf-8" statusLine="HTTP/1.1 200 OK" pageTime="0.015" time="0.015" statusCodeString="200 OK" contentLength="1">
                    <Headers>Connection : Close
Content-Length : 1
Cache-Control : private
Content-Type : text/plain; charset=utf-8
Date : Fri, 09 Jul 2010 04:55:30 GMT
Server : ASP.NET Development Server/9.0.0.0
X-AspNet-Version : 2.0.50727
</Headers>
                  </Response>
                  <Context>
                    <Entry name="$TotalAgents" value="1" />
                    <Entry name="$ControllerName" value="PC-201005261001" />
                    <Entry name="$AgentName" value="PC-201005261001" />
                    <Entry name="$TestLogsDir" value="E:\OA\Tunnel_OA\TestResults\Administrator_PC-201005261001 2010-07-09 12_55_27\In\PC-201005261001" />
                    <Entry name="$TestDeploymentDir" value="E:\OA\Tunnel_OA\TestResults\Administrator_PC-201005261001 2010-07-09 12_55_27\Out" />
                    <Entry name="$AgentId" value="1" />
                    <Entry name="$AgentLoadDistributor" value="Microsoft.VisualStudio.TestTools.Execution.AgentLoadDistributor" />
                    <Entry name="$TestDir" value="E:\OA\Tunnel_OA\TestResults\Administrator_PC-201005261001 2010-07-09 12_55_27" />
                    <Entry name="$AgentWeighting" value="100" />
                    <Entry name="$WebTestIteration" value="1" />
                    <Entry name="$WebTestUserId" value="1" />
                    <Entry name="$HIDDEN1.__VIEWSTATE" value="/wEPDwUKLTUxMjk1MjgwOGRkij73Y76QiiBElucU/Dct6FM7s9U=" />
                    <Entry name="$HIDDEN1" value="System.String[]" />
                  </Context>
                  <ValidationRuleResults>
                    <ValidationRuleResult message="通过" ruleType="验证" name="响应 URL" />
                  </ValidationRuleResults>
                </WebRequestResult>
              </WebTestResultPage>
              <WebTestResultPage>
                <WebRequestResult exceptionMessage="" run="0" submitted="true" cached="false" isRedirectFollow="false" requestBodyBytesHandle="-2" responseBytesHandle="39">
                  <Request url="http://localhost:6611/N_WorkFlow/VDocument/Document_In.aspx" command="GET /N_WorkFlow/VDocument/Document_In.aspx HTTP/1.1" encoding="utf-8">
                    <Headers>User-Agent : Mozilla/4.0 (compatible; MSIE 7.0; Windows NT 5.1)
Accept : */*
Accept-Language : zh-CN
Accept-Encoding : GZIP
Host : localhost:6611
Cookie : .TunnelLogin=7D6F9B95393A47FD0EEA8F3B5BEF0E014E06B04E8E9618E0DC91C5E52D6DE7281A43EB9B9C498EA73856CB260AB2A41B0D8431CA3A3B3B169611848566D76E067317AD64B2E067CB0A62E95AA532F369
</Headers>
                  </Request>
                  <Response url="http://localhost:6611/N_WorkFlow/VDocument/Document_In.aspx" contentType="text/html; charset=utf-8" statusLine="HTTP/1.1 200 OK" pageTime="1.2229999999999999" time="1.208" statusCodeString="200 OK" contentLength="49026">
                    <Headers>Connection : Close
Content-Length : 49026
Cache-Control : private
Content-Type : text/html; charset=utf-8
Date : Fri, 09 Jul 2010 04:55:31 GMT
Server : ASP.NET Development Server/9.0.0.0
X-AspNet-Version : 2.0.50727
</Headers>
                  </Response>
                  <Context>
                    <Entry name="$TotalAgents" value="1" />
                    <Entry name="$ControllerName" value="PC-201005261001" />
                    <Entry name="$AgentName" value="PC-201005261001" />
                    <Entry name="$TestLogsDir" value="E:\OA\Tunnel_OA\TestResults\Administrator_PC-201005261001 2010-07-09 12_55_27\In\PC-201005261001" />
                    <Entry name="$TestDeploymentDir" value="E:\OA\Tunnel_OA\TestResults\Administrator_PC-201005261001 2010-07-09 12_55_27\Out" />
                    <Entry name="$AgentId" value="1" />
                    <Entry name="$AgentLoadDistributor" value="Microsoft.VisualStudio.TestTools.Execution.AgentLoadDistributor" />
                    <Entry name="$TestDir" value="E:\OA\Tunnel_OA\TestResults\Administrator_PC-201005261001 2010-07-09 12_55_27" />
                    <Entry name="$AgentWeighting" value="100" />
                    <Entry name="$WebTestIteration" value="1" />
                    <Entry name="$WebTestUserId" value="1" />
                    <Entry name="$HIDDEN1.__VIEWSTATE" value="/wEPDwUKLTUxMjk1MjgwOGRkij73Y76QiiBElucU/Dct6FM7s9U=" />
                    <Entry name="$HIDDEN1" value="System.String[]" />
                  </Context>
                  <DependantResults>
                    <WebRequestResult exceptionMessage="" run="0" submitted="true" cached="false" isRedirectFollow="false" requestBodyBytesHandle="-2" responseBytesHandle="19">
                      <Request url="http://localhost:6611/javascript/StrLength.js" command="GET /javascript/StrLength.js HTTP/1.1" encoding="utf-8">
                        <Headers>Referer : http://localhost:6611/N_WorkFlow/VDocument/Document_In.aspx
User-Agent : Mozilla/4.0 (compatible; MSIE 7.0; Windows NT 5.1)
Accept : */*
Accept-Language : zh-CN
Accept-Encoding : GZIP
Host : localhost:6611
Cookie : .TunnelLogin=7D6F9B95393A47FD0EEA8F3B5BEF0E014E06B04E8E9618E0DC91C5E52D6DE7281A43EB9B9C498EA73856CB260AB2A41B0D8431CA3A3B3B169611848566D76E067317AD64B2E067CB0A62E95AA532F369
</Headers>
                      </Request>
                      <Response url="http://localhost:6611/javascript/StrLength.js" contentType="application/x-javascript" statusLine="HTTP/1.1 200 OK" pageTime="NaN" time="0.001" statusCodeString="200 OK" contentLength="734">
                        <Headers>Connection : Close
Content-Length : 734
Cache-Control : private
Content-Type : application/x-javascript
Date : Fri, 09 Jul 2010 04:55:31 GMT
Server : ASP.NET Development Server/9.0.0.0
X-AspNet-Version : 2.0.50727
</Headers>
                      </Response>
                      <Context>
                        <Entry name="$TotalAgents" value="1" />
                        <Entry name="$ControllerName" value="PC-201005261001" />
                        <Entry name="$AgentName" value="PC-201005261001" />
                        <Entry name="$TestLogsDir" value="E:\OA\Tunnel_OA\TestResults\Administrator_PC-201005261001 2010-07-09 12_55_27\In\PC-201005261001" />
                        <Entry name="$TestDeploymentDir" value="E:\OA\Tunnel_OA\TestResults\Administrator_PC-201005261001 2010-07-09 12_55_27\Out" />
                        <Entry name="$AgentId" value="1" />
                        <Entry name="$AgentLoadDistributor" value="Microsoft.VisualStudio.TestTools.Execution.AgentLoadDistributor" />
                        <Entry name="$TestDir" value="E:\OA\Tunnel_OA\TestResults\Administrator_PC-201005261001 2010-07-09 12_55_27" />
                        <Entry name="$AgentWeighting" value="100" />
                        <Entry name="$WebTestIteration" value="1" />
                        <Entry name="$WebTestUserId" value="1" />
                        <Entry name="$HIDDEN1.__VIEWSTATE" value="/wEPDwUKLTUxMjk1MjgwOGRkij73Y76QiiBElucU/Dct6FM7s9U=" />
                        <Entry name="$HIDDEN1" value="System.String[]" />
                      </Context>
                    </WebRequestResult>
                    <WebRequestResult exceptionMessage="" run="0" submitted="true" cached="false" isRedirectFollow="false" requestBodyBytesHandle="-2" responseBytesHandle="20">
                      <Request url="http://localhost:6611/javascript/jquery-1.3.2.min.js" command="GET /javascript/jquery-1.3.2.min.js HTTP/1.1" encoding="utf-8">
                        <Headers>Referer : http://localhost:6611/N_WorkFlow/VDocument/Document_In.aspx
User-Agent : Mozilla/4.0 (compatible; MSIE 7.0; Windows NT 5.1)
Accept : */*
Accept-Language : zh-CN
Accept-Encoding : GZIP
Host : localhost:6611
Cookie : .TunnelLogin=7D6F9B95393A47FD0EEA8F3B5BEF0E014E06B04E8E9618E0DC91C5E52D6DE7281A43EB9B9C498EA73856CB260AB2A41B0D8431CA3A3B3B169611848566D76E067317AD64B2E067CB0A62E95AA532F369
</Headers>
                      </Request>
                      <Response url="http://localhost:6611/javascript/jquery-1.3.2.min.js" contentType="application/x-javascript" statusLine="HTTP/1.1 200 OK" pageTime="NaN" time="0.002" statusCodeString="200 OK" contentLength="64616">
                        <Headers>Connection : Close
Content-Length : 64616
Cache-Control : private
Content-Type : application/x-javascript
Date : Fri, 09 Jul 2010 04:55:31 GMT
Server : ASP.NET Development Server/9.0.0.0
X-AspNet-Version : 2.0.50727
</Headers>
                      </Response>
                      <Context>
                        <Entry name="$TotalAgents" value="1" />
                        <Entry name="$ControllerName" value="PC-201005261001" />
                        <Entry name="$AgentName" value="PC-201005261001" />
                        <Entry name="$TestLogsDir" value="E:\OA\Tunnel_OA\TestResults\Administrator_PC-201005261001 2010-07-09 12_55_27\In\PC-201005261001" />
                        <Entry name="$TestDeploymentDir" value="E:\OA\Tunnel_OA\TestResults\Administrator_PC-201005261001 2010-07-09 12_55_27\Out" />
                        <Entry name="$AgentId" value="1" />
                        <Entry name="$AgentLoadDistributor" value="Microsoft.VisualStudio.TestTools.Execution.AgentLoadDistributor" />
                        <Entry name="$TestDir" value="E:\OA\Tunnel_OA\TestResults\Administrator_PC-201005261001 2010-07-09 12_55_27" />
                        <Entry name="$AgentWeighting" value="100" />
                        <Entry name="$WebTestIteration" value="1" />
                        <Entry name="$WebTestUserId" value="1" />
                        <Entry name="$HIDDEN1.__VIEWSTATE" value="/wEPDwUKLTUxMjk1MjgwOGRkij73Y76QiiBElucU/Dct6FM7s9U=" />
                        <Entry name="$HIDDEN1" value="System.String[]" />
                      </Context>
                    </WebRequestResult>
                    <WebRequestResult exceptionMessage="" run="0" submitted="true" cached="false" isRedirectFollow="false" requestBodyBytesHandle="-2" responseBytesHandle="21">
                      <Request url="http://localhost:6611/css/Css.css" command="GET /css/Css.css HTTP/1.1" encoding="utf-8">
                        <Headers>Referer : http://localhost:6611/N_WorkFlow/VDocument/Document_In.aspx
User-Agent : Mozilla/4.0 (compatible; MSIE 7.0; Windows NT 5.1)
Accept : */*
Accept-Language : zh-CN
Accept-Encoding : GZIP
Host : localhost:6611
Cookie : .TunnelLogin=7D6F9B95393A47FD0EEA8F3B5BEF0E014E06B04E8E9618E0DC91C5E52D6DE7281A43EB9B9C498EA73856CB260AB2A41B0D8431CA3A3B3B169611848566D76E067317AD64B2E067CB0A62E95AA532F369
</Headers>
                      </Request>
                      <Response url="http://localhost:6611/css/Css.css" contentType="text/css" statusLine="HTTP/1.1 200 OK" pageTime="NaN" time="0.002" statusCodeString="200 OK" contentLength="6157">
                        <Headers>Connection : Close
Content-Length : 6157
Cache-Control : public
Content-Type : text/css
Date : Fri, 09 Jul 2010 04:55:31 GMT
ETag : "1CB1CBCAEAA0B00"
Server : ASP.NET Development Server/9.0.0.0
X-AspNet-Version : 2.0.50727
</Headers>
                      </Response>
                      <Context>
                        <Entry name="$TotalAgents" value="1" />
                        <Entry name="$ControllerName" value="PC-201005261001" />
                        <Entry name="$AgentName" value="PC-201005261001" />
                        <Entry name="$TestLogsDir" value="E:\OA\Tunnel_OA\TestResults\Administrator_PC-201005261001 2010-07-09 12_55_27\In\PC-201005261001" />
                        <Entry name="$TestDeploymentDir" value="E:\OA\Tunnel_OA\TestResults\Administrator_PC-201005261001 2010-07-09 12_55_27\Out" />
                        <Entry name="$AgentId" value="1" />
                        <Entry name="$AgentLoadDistributor" value="Microsoft.VisualStudio.TestTools.Execution.AgentLoadDistributor" />
                        <Entry name="$TestDir" value="E:\OA\Tunnel_OA\TestResults\Administrator_PC-201005261001 2010-07-09 12_55_27" />
                        <Entry name="$AgentWeighting" value="100" />
                        <Entry name="$WebTestIteration" value="1" />
                        <Entry name="$WebTestUserId" value="1" />
                        <Entry name="$HIDDEN1.__VIEWSTATE" value="/wEPDwUKLTUxMjk1MjgwOGRkij73Y76QiiBElucU/Dct6FM7s9U=" />
                        <Entry name="$HIDDEN1" value="System.String[]" />
                      </Context>
                    </WebRequestResult>
                    <WebRequestResult exceptionMessage="" run="0" submitted="true" cached="false" isRedirectFollow="false" requestBodyBytesHandle="-2" responseBytesHandle="22">
                      <Request url="http://localhost:6611/css/leftCss.css" command="GET /css/leftCss.css HTTP/1.1" encoding="utf-8">
                        <Headers>Referer : http://localhost:6611/N_WorkFlow/VDocument/Document_In.aspx
User-Agent : Mozilla/4.0 (compatible; MSIE 7.0; Windows NT 5.1)
Accept : */*
Accept-Language : zh-CN
Accept-Encoding : GZIP
Host : localhost:6611
Cookie : .TunnelLogin=7D6F9B95393A47FD0EEA8F3B5BEF0E014E06B04E8E9618E0DC91C5E52D6DE7281A43EB9B9C498EA73856CB260AB2A41B0D8431CA3A3B3B169611848566D76E067317AD64B2E067CB0A62E95AA532F369
</Headers>
                      </Request>
                      <Response url="http://localhost:6611/css/leftCss.css" contentType="text/css" statusLine="HTTP/1.1 200 OK" pageTime="NaN" time="0.002" statusCodeString="200 OK" contentLength="1474">
                        <Headers>Connection : Close
Content-Length : 1474
Cache-Control : public
Content-Type : text/css
Date : Fri, 09 Jul 2010 04:55:31 GMT
ETag : "1CB17298739C800"
Server : ASP.NET Development Server/9.0.0.0
X-AspNet-Version : 2.0.50727
</Headers>
                      </Response>
                      <Context>
                        <Entry name="$TotalAgents" value="1" />
                        <Entry name="$ControllerName" value="PC-201005261001" />
                        <Entry name="$AgentName" value="PC-201005261001" />
                        <Entry name="$TestLogsDir" value="E:\OA\Tunnel_OA\TestResults\Administrator_PC-201005261001 2010-07-09 12_55_27\In\PC-201005261001" />
                        <Entry name="$TestDeploymentDir" value="E:\OA\Tunnel_OA\TestResults\Administrator_PC-201005261001 2010-07-09 12_55_27\Out" />
                        <Entry name="$AgentId" value="1" />
                        <Entry name="$AgentLoadDistributor" value="Microsoft.VisualStudio.TestTools.Execution.AgentLoadDistributor" />
                        <Entry name="$TestDir" value="E:\OA\Tunnel_OA\TestResults\Administrator_PC-201005261001 2010-07-09 12_55_27" />
                        <Entry name="$AgentWeighting" value="100" />
                        <Entry name="$WebTestIteration" value="1" />
                        <Entry name="$WebTestUserId" value="1" />
                        <Entry name="$HIDDEN1.__VIEWSTATE" value="/wEPDwUKLTUxMjk1MjgwOGRkij73Y76QiiBElucU/Dct6FM7s9U=" />
                        <Entry name="$HIDDEN1" value="System.String[]" />
                      </Context>
                    </WebRequestResult>
                    <WebRequestResult exceptionMessage="" run="0" submitted="true" cached="false" isRedirectFollow="false" requestBodyBytesHandle="-2" responseBytesHandle="23">
                      <Request url="http://localhost:6611/javascript/getmessage.js" command="GET /javascript/getmessage.js HTTP/1.1" encoding="utf-8">
                        <Headers>Referer : http://localhost:6611/N_WorkFlow/VDocument/Document_In.aspx
User-Agent : Mozilla/4.0 (compatible; MSIE 7.0; Windows NT 5.1)
Accept : */*
Accept-Language : zh-CN
Accept-Encoding : GZIP
Host : localhost:6611
Cookie : .TunnelLogin=7D6F9B95393A47FD0EEA8F3B5BEF0E014E06B04E8E9618E0DC91C5E52D6DE7281A43EB9B9C498EA73856CB260AB2A41B0D8431CA3A3B3B169611848566D76E067317AD64B2E067CB0A62E95AA532F369
</Headers>
                      </Request>
                      <Response url="http://localhost:6611/javascript/getmessage.js" contentType="application/x-javascript" statusLine="HTTP/1.1 200 OK" pageTime="NaN" time="0.001" statusCodeString="200 OK" contentLength="1150">
                        <Headers>Connection : Close
Content-Length : 1150
Cache-Control : private
Content-Type : application/x-javascript
Date : Fri, 09 Jul 2010 04:55:31 GMT
Server : ASP.NET Development Server/9.0.0.0
X-AspNet-Version : 2.0.50727
</Headers>
                      </Response>
                      <Context>
                        <Entry name="$TotalAgents" value="1" />
                        <Entry name="$ControllerName" value="PC-201005261001" />
                        <Entry name="$AgentName" value="PC-201005261001" />
                        <Entry name="$TestLogsDir" value="E:\OA\Tunnel_OA\TestResults\Administrator_PC-201005261001 2010-07-09 12_55_27\In\PC-201005261001" />
                        <Entry name="$TestDeploymentDir" value="E:\OA\Tunnel_OA\TestResults\Administrator_PC-201005261001 2010-07-09 12_55_27\Out" />
                        <Entry name="$AgentId" value="1" />
                        <Entry name="$AgentLoadDistributor" value="Microsoft.VisualStudio.TestTools.Execution.AgentLoadDistributor" />
                        <Entry name="$TestDir" value="E:\OA\Tunnel_OA\TestResults\Administrator_PC-201005261001 2010-07-09 12_55_27" />
                        <Entry name="$AgentWeighting" value="100" />
                        <Entry name="$WebTestIteration" value="1" />
                        <Entry name="$WebTestUserId" value="1" />
                        <Entry name="$HIDDEN1.__VIEWSTATE" value="/wEPDwUKLTUxMjk1MjgwOGRkij73Y76QiiBElucU/Dct6FM7s9U=" />
                        <Entry name="$HIDDEN1" value="System.String[]" />
                      </Context>
                    </WebRequestResult>
                    <WebRequestResult exceptionMessage="" run="0" submitted="true" cached="false" isRedirectFollow="false" requestBodyBytesHandle="-2" responseBytesHandle="24">
                      <Request url="http://localhost:6611/images/line.gif" command="GET /images/line.gif HTTP/1.1" encoding="utf-8">
                        <Headers>Referer : http://localhost:6611/N_WorkFlow/VDocument/Document_In.aspx
User-Agent : Mozilla/4.0 (compatible; MSIE 7.0; Windows NT 5.1)
Accept : */*
Accept-Language : zh-CN
Accept-Encoding : GZIP
Host : localhost:6611
Cookie : .TunnelLogin=7D6F9B95393A47FD0EEA8F3B5BEF0E014E06B04E8E9618E0DC91C5E52D6DE7281A43EB9B9C498EA73856CB260AB2A41B0D8431CA3A3B3B169611848566D76E067317AD64B2E067CB0A62E95AA532F369
</Headers>
                      </Request>
                      <Response url="http://localhost:6611/images/line.gif" contentType="image/gif" statusLine="HTTP/1.1 200 OK" pageTime="NaN" time="0.001" statusCodeString="200 OK" contentLength="93">
                        <Headers>Connection : Close
Content-Length : 93
Cache-Control : public
Content-Type : image/gif
Date : Fri, 09 Jul 2010 04:55:31 GMT
ETag : "1CB172989038B80"
Server : ASP.NET Development Server/9.0.0.0
X-AspNet-Version : 2.0.50727
</Headers>
                      </Response>
                      <Context>
                        <Entry name="$TotalAgents" value="1" />
                        <Entry name="$ControllerName" value="PC-201005261001" />
                        <Entry name="$AgentName" value="PC-201005261001" />
                        <Entry name="$TestLogsDir" value="E:\OA\Tunnel_OA\TestResults\Administrator_PC-201005261001 2010-07-09 12_55_27\In\PC-201005261001" />
                        <Entry name="$TestDeploymentDir" value="E:\OA\Tunnel_OA\TestResults\Administrator_PC-201005261001 2010-07-09 12_55_27\Out" />
                        <Entry name="$AgentId" value="1" />
                        <Entry name="$AgentLoadDistributor" value="Microsoft.VisualStudio.TestTools.Execution.AgentLoadDistributor" />
                        <Entry name="$TestDir" value="E:\OA\Tunnel_OA\TestResults\Administrator_PC-201005261001 2010-07-09 12_55_27" />
                        <Entry name="$AgentWeighting" value="100" />
                        <Entry name="$WebTestIteration" value="1" />
                        <Entry name="$WebTestUserId" value="1" />
                        <Entry name="$HIDDEN1.__VIEWSTATE" value="/wEPDwUKLTUxMjk1MjgwOGRkij73Y76QiiBElucU/Dct6FM7s9U=" />
                        <Entry name="$HIDDEN1" value="System.String[]" />
                      </Context>
                    </WebRequestResult>
                    <WebRequestResult exceptionMessage="" run="0" submitted="true" cached="false" isRedirectFollow="false" requestBodyBytesHandle="-2" responseBytesHandle="25">
                      <Request url="http://localhost:6611/images/arra.gif" command="GET /images/arra.gif HTTP/1.1" encoding="utf-8">
                        <Headers>Referer : http://localhost:6611/N_WorkFlow/VDocument/Document_In.aspx
User-Agent : Mozilla/4.0 (compatible; MSIE 7.0; Windows NT 5.1)
Accept : */*
Accept-Language : zh-CN
Accept-Encoding : GZIP
Host : localhost:6611
Cookie : .TunnelLogin=7D6F9B95393A47FD0EEA8F3B5BEF0E014E06B04E8E9618E0DC91C5E52D6DE7281A43EB9B9C498EA73856CB260AB2A41B0D8431CA3A3B3B169611848566D76E067317AD64B2E067CB0A62E95AA532F369
</Headers>
                      </Request>
                      <Response url="http://localhost:6611/images/arra.gif" contentType="image/gif" statusLine="HTTP/1.1 200 OK" pageTime="NaN" time="0.001" statusCodeString="200 OK" contentLength="48">
                        <Headers>Connection : Close
Content-Length : 48
Cache-Control : public
Content-Type : image/gif
Date : Fri, 09 Jul 2010 04:55:31 GMT
ETag : "1CB172989038B80"
Server : ASP.NET Development Server/9.0.0.0
X-AspNet-Version : 2.0.50727
</Headers>
                      </Response>
                      <Context>
                        <Entry name="$TotalAgents" value="1" />
                        <Entry name="$ControllerName" value="PC-201005261001" />
                        <Entry name="$AgentName" value="PC-201005261001" />
                        <Entry name="$TestLogsDir" value="E:\OA\Tunnel_OA\TestResults\Administrator_PC-201005261001 2010-07-09 12_55_27\In\PC-201005261001" />
                        <Entry name="$TestDeploymentDir" value="E:\OA\Tunnel_OA\TestResults\Administrator_PC-201005261001 2010-07-09 12_55_27\Out" />
                        <Entry name="$AgentId" value="1" />
                        <Entry name="$AgentLoadDistributor" value="Microsoft.VisualStudio.TestTools.Execution.AgentLoadDistributor" />
                        <Entry name="$TestDir" value="E:\OA\Tunnel_OA\TestResults\Administrator_PC-201005261001 2010-07-09 12_55_27" />
                        <Entry name="$AgentWeighting" value="100" />
                        <Entry name="$WebTestIteration" value="1" />
                        <Entry name="$WebTestUserId" value="1" />
                        <Entry name="$HIDDEN1.__VIEWSTATE" value="/wEPDwUKLTUxMjk1MjgwOGRkij73Y76QiiBElucU/Dct6FM7s9U=" />
                        <Entry name="$HIDDEN1" value="System.String[]" />
                      </Context>
                    </WebRequestResult>
                    <WebRequestResult exceptionMessage="" run="0" submitted="true" cached="false" isRedirectFollow="false" requestBodyBytesHandle="-2" responseBytesHandle="26">
                      <Request url="http://localhost:6611/images/new_icon01.gif" command="GET /images/new_icon01.gif HTTP/1.1" encoding="utf-8">
                        <Headers>Referer : http://localhost:6611/N_WorkFlow/VDocument/Document_In.aspx
User-Agent : Mozilla/4.0 (compatible; MSIE 7.0; Windows NT 5.1)
Accept : */*
Accept-Language : zh-CN
Accept-Encoding : GZIP
Host : localhost:6611
Cookie : .TunnelLogin=7D6F9B95393A47FD0EEA8F3B5BEF0E014E06B04E8E9618E0DC91C5E52D6DE7281A43EB9B9C498EA73856CB260AB2A41B0D8431CA3A3B3B169611848566D76E067317AD64B2E067CB0A62E95AA532F369
</Headers>
                      </Request>
                      <Response url="http://localhost:6611/images/new_icon01.gif" contentType="image/gif" statusLine="HTTP/1.1 200 OK" pageTime="NaN" time="0.001" statusCodeString="200 OK" contentLength="71">
                        <Headers>Connection : Close
Content-Length : 71
Cache-Control : public
Content-Type : image/gif
Date : Fri, 09 Jul 2010 04:55:31 GMT
ETag : "1CB1729899C2200"
Server : ASP.NET Development Server/9.0.0.0
X-AspNet-Version : 2.0.50727
</Headers>
                      </Response>
                      <Context>
                        <Entry name="$TotalAgents" value="1" />
                        <Entry name="$ControllerName" value="PC-201005261001" />
                        <Entry name="$AgentName" value="PC-201005261001" />
                        <Entry name="$TestLogsDir" value="E:\OA\Tunnel_OA\TestResults\Administrator_PC-201005261001 2010-07-09 12_55_27\In\PC-201005261001" />
                        <Entry name="$TestDeploymentDir" value="E:\OA\Tunnel_OA\TestResults\Administrator_PC-201005261001 2010-07-09 12_55_27\Out" />
                        <Entry name="$AgentId" value="1" />
                        <Entry name="$AgentLoadDistributor" value="Microsoft.VisualStudio.TestTools.Execution.AgentLoadDistributor" />
                        <Entry name="$TestDir" value="E:\OA\Tunnel_OA\TestResults\Administrator_PC-201005261001 2010-07-09 12_55_27" />
                        <Entry name="$AgentWeighting" value="100" />
                        <Entry name="$WebTestIteration" value="1" />
                        <Entry name="$WebTestUserId" value="1" />
                        <Entry name="$HIDDEN1.__VIEWSTATE" value="/wEPDwUKLTUxMjk1MjgwOGRkij73Y76QiiBElucU/Dct6FM7s9U=" />
                        <Entry name="$HIDDEN1" value="System.String[]" />
                      </Context>
                    </WebRequestResult>
                    <WebRequestResult exceptionMessage="" run="0" submitted="true" cached="false" isRedirectFollow="false" requestBodyBytesHandle="-2" responseBytesHandle="27">
                      <Request url="http://localhost:6611/WebResource.axd?d=hIEC4JkV4kGqEge4C8Fd_g2&amp;t=634116702580000000" command="GET /WebResource.axd?d=hIEC4JkV4kGqEge4C8Fd_g2&amp;t=634116702580000000 HTTP/1.1" encoding="utf-8">
                        <Headers>Referer : http://localhost:6611/N_WorkFlow/VDocument/Document_In.aspx
User-Agent : Mozilla/4.0 (compatible; MSIE 7.0; Windows NT 5.1)
Accept : */*
Accept-Language : zh-CN
Accept-Encoding : GZIP
Host : localhost:6611
Cookie : .TunnelLogin=7D6F9B95393A47FD0EEA8F3B5BEF0E014E06B04E8E9618E0DC91C5E52D6DE7281A43EB9B9C498EA73856CB260AB2A41B0D8431CA3A3B3B169611848566D76E067317AD64B2E067CB0A62E95AA532F369
</Headers>
                      </Request>
                      <Response url="http://localhost:6611/WebResource.axd?d=hIEC4JkV4kGqEge4C8Fd_g2&amp;t=634116702580000000" contentType="image/gif" statusLine="HTTP/1.1 200 OK" pageTime="NaN" time="0.001" statusCodeString="200 OK" contentLength="43">
                        <Headers>Connection : Close
Content-Length : 43
Cache-Control : public
Content-Type : image/gif
Date : Fri, 09 Jul 2010 04:55:31 GMT
Expires : Sat, 09 Jul 2011 04:55:30 GMT
Last-Modified : Wed, 09 Jun 2010 00:50:58 GMT
Server : ASP.NET Development Server/9.0.0.0
X-AspNet-Version : 2.0.50727
</Headers>
                      </Response>
                      <Context>
                        <Entry name="$TotalAgents" value="1" />
                        <Entry name="$ControllerName" value="PC-201005261001" />
                        <Entry name="$AgentName" value="PC-201005261001" />
                        <Entry name="$TestLogsDir" value="E:\OA\Tunnel_OA\TestResults\Administrator_PC-201005261001 2010-07-09 12_55_27\In\PC-201005261001" />
                        <Entry name="$TestDeploymentDir" value="E:\OA\Tunnel_OA\TestResults\Administrator_PC-201005261001 2010-07-09 12_55_27\Out" />
                        <Entry name="$AgentId" value="1" />
                        <Entry name="$AgentLoadDistributor" value="Microsoft.VisualStudio.TestTools.Execution.AgentLoadDistributor" />
                        <Entry name="$TestDir" value="E:\OA\Tunnel_OA\TestResults\Administrator_PC-201005261001 2010-07-09 12_55_27" />
                        <Entry name="$AgentWeighting" value="100" />
                        <Entry name="$WebTestIteration" value="1" />
                        <Entry name="$WebTestUserId" value="1" />
                        <Entry name="$HIDDEN1.__VIEWSTATE" value="/wEPDwUKLTUxMjk1MjgwOGRkij73Y76QiiBElucU/Dct6FM7s9U=" />
                        <Entry name="$HIDDEN1" value="System.String[]" />
                      </Context>
                    </WebRequestResult>
                    <WebRequestResult exceptionMessage="" run="0" submitted="true" cached="false" isRedirectFollow="false" requestBodyBytesHandle="-2" responseBytesHandle="29">
                      <Request url="http://localhost:6611/image/exit.gif" command="GET /image/exit.gif HTTP/1.1" encoding="utf-8">
                        <Headers>Referer : http://localhost:6611/N_WorkFlow/VDocument/Document_In.aspx
User-Agent : Mozilla/4.0 (compatible; MSIE 7.0; Windows NT 5.1)
Accept : */*
Accept-Language : zh-CN
Accept-Encoding : GZIP
Host : localhost:6611
Cookie : .TunnelLogin=7D6F9B95393A47FD0EEA8F3B5BEF0E014E06B04E8E9618E0DC91C5E52D6DE7281A43EB9B9C498EA73856CB260AB2A41B0D8431CA3A3B3B169611848566D76E067317AD64B2E067CB0A62E95AA532F369
</Headers>
                      </Request>
                      <Response url="http://localhost:6611/image/exit.gif" contentType="image/gif" statusLine="HTTP/1.1 200 OK" pageTime="NaN" time="0.001" statusCodeString="200 OK" contentLength="181">
                        <Headers>Connection : Close
Content-Length : 181
Cache-Control : public
Content-Type : image/gif
Date : Fri, 09 Jul 2010 04:55:31 GMT
ETag : "1CB1729886AF500"
Server : ASP.NET Development Server/9.0.0.0
X-AspNet-Version : 2.0.50727
</Headers>
                      </Response>
                      <Context>
                        <Entry name="$TotalAgents" value="1" />
                        <Entry name="$ControllerName" value="PC-201005261001" />
                        <Entry name="$AgentName" value="PC-201005261001" />
                        <Entry name="$TestLogsDir" value="E:\OA\Tunnel_OA\TestResults\Administrator_PC-201005261001 2010-07-09 12_55_27\In\PC-201005261001" />
                        <Entry name="$TestDeploymentDir" value="E:\OA\Tunnel_OA\TestResults\Administrator_PC-201005261001 2010-07-09 12_55_27\Out" />
                        <Entry name="$AgentId" value="1" />
                        <Entry name="$AgentLoadDistributor" value="Microsoft.VisualStudio.TestTools.Execution.AgentLoadDistributor" />
                        <Entry name="$TestDir" value="E:\OA\Tunnel_OA\TestResults\Administrator_PC-201005261001 2010-07-09 12_55_27" />
                        <Entry name="$AgentWeighting" value="100" />
                        <Entry name="$WebTestIteration" value="1" />
                        <Entry name="$WebTestUserId" value="1" />
                        <Entry name="$HIDDEN1.__VIEWSTATE" value="/wEPDwUKLTUxMjk1MjgwOGRkij73Y76QiiBElucU/Dct6FM7s9U=" />
                        <Entry name="$HIDDEN1" value="System.String[]" />
                      </Context>
                    </WebRequestResult>
                    <WebRequestResult exceptionMessage="" run="0" submitted="true" cached="false" isRedirectFollow="false" requestBodyBytesHandle="-2" responseBytesHandle="28">
                      <Request url="http://localhost:6611/image/online2.gif" command="GET /image/online2.gif HTTP/1.1" encoding="utf-8">
                        <Headers>Referer : http://localhost:6611/N_WorkFlow/VDocument/Document_In.aspx
User-Agent : Mozilla/4.0 (compatible; MSIE 7.0; Windows NT 5.1)
Accept : */*
Accept-Language : zh-CN
Accept-Encoding : GZIP
Host : localhost:6611
Cookie : .TunnelLogin=7D6F9B95393A47FD0EEA8F3B5BEF0E014E06B04E8E9618E0DC91C5E52D6DE7281A43EB9B9C498EA73856CB260AB2A41B0D8431CA3A3B3B169611848566D76E067317AD64B2E067CB0A62E95AA532F369
</Headers>
                      </Request>
                      <Response url="http://localhost:6611/image/online2.gif" contentType="image/gif" statusLine="HTTP/1.1 200 OK" pageTime="NaN" time="0.001" statusCodeString="200 OK" contentLength="1110">
                        <Headers>Connection : Close
Content-Length : 1110
Cache-Control : public
Content-Type : image/gif
Date : Fri, 09 Jul 2010 04:55:31 GMT
ETag : "1CB1729886AF500"
Server : ASP.NET Development Server/9.0.0.0
X-AspNet-Version : 2.0.50727
</Headers>
                      </Response>
                      <Context>
                        <Entry name="$TotalAgents" value="1" />
                        <Entry name="$ControllerName" value="PC-201005261001" />
                        <Entry name="$AgentName" value="PC-201005261001" />
                        <Entry name="$TestLogsDir" value="E:\OA\Tunnel_OA\TestResults\Administrator_PC-201005261001 2010-07-09 12_55_27\In\PC-201005261001" />
                        <Entry name="$TestDeploymentDir" value="E:\OA\Tunnel_OA\TestResults\Administrator_PC-201005261001 2010-07-09 12_55_27\Out" />
                        <Entry name="$AgentId" value="1" />
                        <Entry name="$AgentLoadDistributor" value="Microsoft.VisualStudio.TestTools.Execution.AgentLoadDistributor" />
                        <Entry name="$TestDir" value="E:\OA\Tunnel_OA\TestResults\Administrator_PC-201005261001 2010-07-09 12_55_27" />
                        <Entry name="$AgentWeighting" value="100" />
                        <Entry name="$WebTestIteration" value="1" />
                        <Entry name="$WebTestUserId" value="1" />
                        <Entry name="$HIDDEN1.__VIEWSTATE" value="/wEPDwUKLTUxMjk1MjgwOGRkij73Y76QiiBElucU/Dct6FM7s9U=" />
                        <Entry name="$HIDDEN1" value="System.String[]" />
                      </Context>
                    </WebRequestResult>
                    <WebRequestResult exceptionMessage="" run="0" submitted="true" cached="false" isRedirectFollow="false" requestBodyBytesHandle="-2" responseBytesHandle="32">
                      <Request url="http://localhost:6611/images/01-g2_07.gif" command="GET /images/01-g2_07.gif HTTP/1.1" encoding="utf-8">
                        <Headers>Referer : http://localhost:6611/N_WorkFlow/VDocument/Document_In.aspx
User-Agent : Mozilla/4.0 (compatible; MSIE 7.0; Windows NT 5.1)
Accept : */*
Accept-Language : zh-CN
Accept-Encoding : GZIP
Host : localhost:6611
Cookie : .TunnelLogin=7D6F9B95393A47FD0EEA8F3B5BEF0E014E06B04E8E9618E0DC91C5E52D6DE7281A43EB9B9C498EA73856CB260AB2A41B0D8431CA3A3B3B169611848566D76E067317AD64B2E067CB0A62E95AA532F369
</Headers>
                      </Request>
                      <Response url="http://localhost:6611/images/01-g2_07.gif" contentType="image/gif" statusLine="HTTP/1.1 200 OK" pageTime="NaN" time="0.001" statusCodeString="200 OK" contentLength="372">
                        <Headers>Connection : Close
Content-Length : 372
Cache-Control : public
Content-Type : image/gif
Date : Fri, 09 Jul 2010 04:55:31 GMT
ETag : "1CB172989038B80"
Server : ASP.NET Development Server/9.0.0.0
X-AspNet-Version : 2.0.50727
</Headers>
                      </Response>
                      <Context>
                        <Entry name="$TotalAgents" value="1" />
                        <Entry name="$ControllerName" value="PC-201005261001" />
                        <Entry name="$AgentName" value="PC-201005261001" />
                        <Entry name="$TestLogsDir" value="E:\OA\Tunnel_OA\TestResults\Administrator_PC-201005261001 2010-07-09 12_55_27\In\PC-201005261001" />
                        <Entry name="$TestDeploymentDir" value="E:\OA\Tunnel_OA\TestResults\Administrator_PC-201005261001 2010-07-09 12_55_27\Out" />
                        <Entry name="$AgentId" value="1" />
                        <Entry name="$AgentLoadDistributor" value="Microsoft.VisualStudio.TestTools.Execution.AgentLoadDistributor" />
                        <Entry name="$TestDir" value="E:\OA\Tunnel_OA\TestResults\Administrator_PC-201005261001 2010-07-09 12_55_27" />
                        <Entry name="$AgentWeighting" value="100" />
                        <Entry name="$WebTestIteration" value="1" />
                        <Entry name="$WebTestUserId" value="1" />
                        <Entry name="$HIDDEN1.__VIEWSTATE" value="/wEPDwUKLTUxMjk1MjgwOGRkij73Y76QiiBElucU/Dct6FM7s9U=" />
                        <Entry name="$HIDDEN1" value="System.String[]" />
                      </Context>
                    </WebRequestResult>
                    <WebRequestResult exceptionMessage="" run="0" submitted="true" cached="false" isRedirectFollow="false" requestBodyBytesHandle="-2" responseBytesHandle="40">
                      <Request url="http://localhost:6611/images/search.gif" command="GET /images/search.gif HTTP/1.1" encoding="utf-8">
                        <Headers>Referer : http://localhost:6611/N_WorkFlow/VDocument/Document_In.aspx
User-Agent : Mozilla/4.0 (compatible; MSIE 7.0; Windows NT 5.1)
Accept : */*
Accept-Language : zh-CN
Accept-Encoding : GZIP
Host : localhost:6611
Cookie : .TunnelLogin=7D6F9B95393A47FD0EEA8F3B5BEF0E014E06B04E8E9618E0DC91C5E52D6DE7281A43EB9B9C498EA73856CB260AB2A41B0D8431CA3A3B3B169611848566D76E067317AD64B2E067CB0A62E95AA532F369
</Headers>
                      </Request>
                      <Response url="http://localhost:6611/images/search.gif" contentType="image/gif" statusLine="HTTP/1.1 200 OK" pageTime="NaN" time="0.002" statusCodeString="200 OK" contentLength="2215">
                        <Headers>Connection : Close
Content-Length : 2215
Cache-Control : public
Content-Type : image/gif
Date : Fri, 09 Jul 2010 04:55:31 GMT
ETag : "1CB1729899C2200"
Server : ASP.NET Development Server/9.0.0.0
X-AspNet-Version : 2.0.50727
</Headers>
                      </Response>
                      <Context>
                        <Entry name="$TotalAgents" value="1" />
                        <Entry name="$ControllerName" value="PC-201005261001" />
                        <Entry name="$AgentName" value="PC-201005261001" />
                        <Entry name="$TestLogsDir" value="E:\OA\Tunnel_OA\TestResults\Administrator_PC-201005261001 2010-07-09 12_55_27\In\PC-201005261001" />
                        <Entry name="$TestDeploymentDir" value="E:\OA\Tunnel_OA\TestResults\Administrator_PC-201005261001 2010-07-09 12_55_27\Out" />
                        <Entry name="$AgentId" value="1" />
                        <Entry name="$AgentLoadDistributor" value="Microsoft.VisualStudio.TestTools.Execution.AgentLoadDistributor" />
                        <Entry name="$TestDir" value="E:\OA\Tunnel_OA\TestResults\Administrator_PC-201005261001 2010-07-09 12_55_27" />
                        <Entry name="$AgentWeighting" value="100" />
                        <Entry name="$WebTestIteration" value="1" />
                        <Entry name="$WebTestUserId" value="1" />
                        <Entry name="$HIDDEN1.__VIEWSTATE" value="/wEPDwUKLTUxMjk1MjgwOGRkij73Y76QiiBElucU/Dct6FM7s9U=" />
                        <Entry name="$HIDDEN1" value="System.String[]" />
                      </Context>
                    </WebRequestResult>
                    <WebRequestResult exceptionMessage="" run="0" submitted="true" cached="false" isRedirectFollow="false" requestBodyBytesHandle="-2" responseBytesHandle="34">
                      <Request url="http://localhost:6611/images/link3_02.gif" command="GET /images/link3_02.gif HTTP/1.1" encoding="utf-8">
                        <Headers>Referer : http://localhost:6611/N_WorkFlow/VDocument/Document_In.aspx
User-Agent : Mozilla/4.0 (compatible; MSIE 7.0; Windows NT 5.1)
Accept : */*
Accept-Language : zh-CN
Accept-Encoding : GZIP
Host : localhost:6611
Cookie : .TunnelLogin=7D6F9B95393A47FD0EEA8F3B5BEF0E014E06B04E8E9618E0DC91C5E52D6DE7281A43EB9B9C498EA73856CB260AB2A41B0D8431CA3A3B3B169611848566D76E067317AD64B2E067CB0A62E95AA532F369
</Headers>
                      </Request>
                      <Response url="http://localhost:6611/images/link3_02.gif" contentType="image/gif" statusLine="HTTP/1.1 200 OK" pageTime="NaN" time="0.001" statusCodeString="200 OK" contentLength="2284">
                        <Headers>Connection : Close
Content-Length : 2284
Cache-Control : public
Content-Type : image/gif
Date : Fri, 09 Jul 2010 04:55:31 GMT
ETag : "1CB172989038B80"
Server : ASP.NET Development Server/9.0.0.0
X-AspNet-Version : 2.0.50727
</Headers>
                      </Response>
                      <Context>
                        <Entry name="$TotalAgents" value="1" />
                        <Entry name="$ControllerName" value="PC-201005261001" />
                        <Entry name="$AgentName" value="PC-201005261001" />
                        <Entry name="$TestLogsDir" value="E:\OA\Tunnel_OA\TestResults\Administrator_PC-201005261001 2010-07-09 12_55_27\In\PC-201005261001" />
                        <Entry name="$TestDeploymentDir" value="E:\OA\Tunnel_OA\TestResults\Administrator_PC-201005261001 2010-07-09 12_55_27\Out" />
                        <Entry name="$AgentId" value="1" />
                        <Entry name="$AgentLoadDistributor" value="Microsoft.VisualStudio.TestTools.Execution.AgentLoadDistributor" />
                        <Entry name="$TestDir" value="E:\OA\Tunnel_OA\TestResults\Administrator_PC-201005261001 2010-07-09 12_55_27" />
                        <Entry name="$AgentWeighting" value="100" />
                        <Entry name="$WebTestIteration" value="1" />
                        <Entry name="$WebTestUserId" value="1" />
                        <Entry name="$HIDDEN1.__VIEWSTATE" value="/wEPDwUKLTUxMjk1MjgwOGRkij73Y76QiiBElucU/Dct6FM7s9U=" />
                        <Entry name="$HIDDEN1" value="System.String[]" />
                      </Context>
                    </WebRequestResult>
                    <WebRequestResult exceptionMessage="" run="0" submitted="true" cached="false" isRedirectFollow="false" requestBodyBytesHandle="-2" responseBytesHandle="33">
                      <Request url="http://localhost:6611/images/link3_01.gif" command="GET /images/link3_01.gif HTTP/1.1" encoding="utf-8">
                        <Headers>Referer : http://localhost:6611/N_WorkFlow/VDocument/Document_In.aspx
User-Agent : Mozilla/4.0 (compatible; MSIE 7.0; Windows NT 5.1)
Accept : */*
Accept-Language : zh-CN
Accept-Encoding : GZIP
Host : localhost:6611
Cookie : .TunnelLogin=7D6F9B95393A47FD0EEA8F3B5BEF0E014E06B04E8E9618E0DC91C5E52D6DE7281A43EB9B9C498EA73856CB260AB2A41B0D8431CA3A3B3B169611848566D76E067317AD64B2E067CB0A62E95AA532F369
</Headers>
                      </Request>
                      <Response url="http://localhost:6611/images/link3_01.gif" contentType="image/gif" statusLine="HTTP/1.1 200 OK" pageTime="NaN" time="0.002" statusCodeString="200 OK" contentLength="4801">
                        <Headers>Connection : Close
Content-Length : 4801
Cache-Control : public
Content-Type : image/gif
Date : Fri, 09 Jul 2010 04:55:31 GMT
ETag : "1CB172989038B80"
Server : ASP.NET Development Server/9.0.0.0
X-AspNet-Version : 2.0.50727
</Headers>
                      </Response>
                      <Context>
                        <Entry name="$TotalAgents" value="1" />
                        <Entry name="$ControllerName" value="PC-201005261001" />
                        <Entry name="$AgentName" value="PC-201005261001" />
                        <Entry name="$TestLogsDir" value="E:\OA\Tunnel_OA\TestResults\Administrator_PC-201005261001 2010-07-09 12_55_27\In\PC-201005261001" />
                        <Entry name="$TestDeploymentDir" value="E:\OA\Tunnel_OA\TestResults\Administrator_PC-201005261001 2010-07-09 12_55_27\Out" />
                        <Entry name="$AgentId" value="1" />
                        <Entry name="$AgentLoadDistributor" value="Microsoft.VisualStudio.TestTools.Execution.AgentLoadDistributor" />
                        <Entry name="$TestDir" value="E:\OA\Tunnel_OA\TestResults\Administrator_PC-201005261001 2010-07-09 12_55_27" />
                        <Entry name="$AgentWeighting" value="100" />
                        <Entry name="$WebTestIteration" value="1" />
                        <Entry name="$WebTestUserId" value="1" />
                        <Entry name="$HIDDEN1.__VIEWSTATE" value="/wEPDwUKLTUxMjk1MjgwOGRkij73Y76QiiBElucU/Dct6FM7s9U=" />
                        <Entry name="$HIDDEN1" value="System.String[]" />
                      </Context>
                    </WebRequestResult>
                    <WebRequestResult exceptionMessage="" run="0" submitted="true" cached="false" isRedirectFollow="false" requestBodyBytesHandle="-2" responseBytesHandle="36">
                      <Request url="http://localhost:6611/images/link3_03.gif" command="GET /images/link3_03.gif HTTP/1.1" encoding="utf-8">
                        <Headers>Referer : http://localhost:6611/N_WorkFlow/VDocument/Document_In.aspx
User-Agent : Mozilla/4.0 (compatible; MSIE 7.0; Windows NT 5.1)
Accept : */*
Accept-Language : zh-CN
Accept-Encoding : GZIP
Host : localhost:6611
Cookie : .TunnelLogin=7D6F9B95393A47FD0EEA8F3B5BEF0E014E06B04E8E9618E0DC91C5E52D6DE7281A43EB9B9C498EA73856CB260AB2A41B0D8431CA3A3B3B169611848566D76E067317AD64B2E067CB0A62E95AA532F369
</Headers>
                      </Request>
                      <Response url="http://localhost:6611/images/link3_03.gif" contentType="image/gif" statusLine="HTTP/1.1 200 OK" pageTime="NaN" time="0.001" statusCodeString="200 OK" contentLength="232">
                        <Headers>Connection : Close
Content-Length : 232
Cache-Control : public
Content-Type : image/gif
Date : Fri, 09 Jul 2010 04:55:31 GMT
ETag : "1CB172989038B80"
Server : ASP.NET Development Server/9.0.0.0
X-AspNet-Version : 2.0.50727
</Headers>
                      </Response>
                      <Context>
                        <Entry name="$TotalAgents" value="1" />
                        <Entry name="$ControllerName" value="PC-201005261001" />
                        <Entry name="$AgentName" value="PC-201005261001" />
                        <Entry name="$TestLogsDir" value="E:\OA\Tunnel_OA\TestResults\Administrator_PC-201005261001 2010-07-09 12_55_27\In\PC-201005261001" />
                        <Entry name="$TestDeploymentDir" value="E:\OA\Tunnel_OA\TestResults\Administrator_PC-201005261001 2010-07-09 12_55_27\Out" />
                        <Entry name="$AgentId" value="1" />
                        <Entry name="$AgentLoadDistributor" value="Microsoft.VisualStudio.TestTools.Execution.AgentLoadDistributor" />
                        <Entry name="$TestDir" value="E:\OA\Tunnel_OA\TestResults\Administrator_PC-201005261001 2010-07-09 12_55_27" />
                        <Entry name="$AgentWeighting" value="100" />
                        <Entry name="$WebTestIteration" value="1" />
                        <Entry name="$WebTestUserId" value="1" />
                        <Entry name="$HIDDEN1.__VIEWSTATE" value="/wEPDwUKLTUxMjk1MjgwOGRkij73Y76QiiBElucU/Dct6FM7s9U=" />
                        <Entry name="$HIDDEN1" value="System.String[]" />
                      </Context>
                    </WebRequestResult>
                  </DependantResults>
                  <ValidationRuleResults>
                    <ValidationRuleResult message="通过" ruleType="验证" name="响应 URL" />
                  </ValidationRuleResults>
                </WebRequestResult>
              </WebTestResultPage>
              <WebTestResultPage>
                <WebRequestResult exceptionMessage="" run="0" submitted="true" cached="false" isRedirectFollow="false" requestBodyBytesHandle="-2" responseBytesHandle="37">
                  <Request url="http://localhost:6611/css/fla6.swf" command="GET /css/fla6.swf HTTP/1.1" encoding="utf-8">
                    <Headers>User-Agent : Mozilla/4.0 (compatible; MSIE 7.0; Windows NT 5.1)
Accept : */*
Accept-Language : zh-CN
Accept-Encoding : GZIP
Host : localhost:6611
Cookie : .TunnelLogin=7D6F9B95393A47FD0EEA8F3B5BEF0E014E06B04E8E9618E0DC91C5E52D6DE7281A43EB9B9C498EA73856CB260AB2A41B0D8431CA3A3B3B169611848566D76E067317AD64B2E067CB0A62E95AA532F369
</Headers>
                  </Request>
                  <Response url="http://localhost:6611/css/fla6.swf" contentType="application/octet-stream" statusLine="HTTP/1.1 200 OK" pageTime="0.002" time="0.002" statusCodeString="200 OK" contentLength="183063">
                    <Headers>Connection : Close
Content-Length : 183063
Cache-Control : public
Content-Type : application/octet-stream
Date : Fri, 09 Jul 2010 04:55:31 GMT
ETag : "1CB17298739C800"
Server : ASP.NET Development Server/9.0.0.0
X-AspNet-Version : 2.0.50727
</Headers>
                  </Response>
                  <Context>
                    <Entry name="$TotalAgents" value="1" />
                    <Entry name="$ControllerName" value="PC-201005261001" />
                    <Entry name="$AgentName" value="PC-201005261001" />
                    <Entry name="$TestLogsDir" value="E:\OA\Tunnel_OA\TestResults\Administrator_PC-201005261001 2010-07-09 12_55_27\In\PC-201005261001" />
                    <Entry name="$TestDeploymentDir" value="E:\OA\Tunnel_OA\TestResults\Administrator_PC-201005261001 2010-07-09 12_55_27\Out" />
                    <Entry name="$AgentId" value="1" />
                    <Entry name="$AgentLoadDistributor" value="Microsoft.VisualStudio.TestTools.Execution.AgentLoadDistributor" />
                    <Entry name="$TestDir" value="E:\OA\Tunnel_OA\TestResults\Administrator_PC-201005261001 2010-07-09 12_55_27" />
                    <Entry name="$AgentWeighting" value="100" />
                    <Entry name="$WebTestIteration" value="1" />
                    <Entry name="$WebTestUserId" value="1" />
                    <Entry name="$HIDDEN1.__VIEWSTATE" value="/wEPDwUKLTUxMjk1MjgwOGRkij73Y76QiiBElucU/Dct6FM7s9U=" />
                    <Entry name="$HIDDEN1" value="System.String[]" />
                  </Context>
                  <ValidationRuleResults>
                    <ValidationRuleResult message="通过" ruleType="验证" name="响应 URL" />
                  </ValidationRuleResults>
                </WebRequestResult>
              </WebTestResultPage>
              <WebTestResultPage>
                <WebRequestResult exceptionMessage="" run="0" submitted="true" cached="false" isRedirectFollow="false" requestBodyBytesHandle="-2" responseBytesHandle="38">
                  <Request url="http://localhost:6611/javascript/findmessage.ashx?_=1278651266781&amp;Uid=1" command="GET /javascript/findmessage.ashx?_=1278651266781&amp;Uid=1 HTTP/1.1" encoding="utf-8">
                    <Headers>User-Agent : Mozilla/4.0 (compatible; MSIE 7.0; Windows NT 5.1)
Accept : */*
Accept-Language : zh-CN
Accept-Encoding : GZIP
Host : localhost:6611
Cookie : .TunnelLogin=7D6F9B95393A47FD0EEA8F3B5BEF0E014E06B04E8E9618E0DC91C5E52D6DE7281A43EB9B9C498EA73856CB260AB2A41B0D8431CA3A3B3B169611848566D76E067317AD64B2E067CB0A62E95AA532F369
</Headers>
                  </Request>
                  <Response url="http://localhost:6611/javascript/findmessage.ashx?_=1278651266781&amp;Uid=1" contentType="text/plain; charset=utf-8" statusLine="HTTP/1.1 200 OK" pageTime="0.002" time="0.002" statusCodeString="200 OK" contentLength="1">
                    <Headers>Connection : Close
Content-Length : 1
Cache-Control : private
Content-Type : text/plain; charset=utf-8
Date : Fri, 09 Jul 2010 04:55:31 GMT
Server : ASP.NET Development Server/9.0.0.0
X-AspNet-Version : 2.0.50727
</Headers>
                  </Response>
                  <Context>
                    <Entry name="$TotalAgents" value="1" />
                    <Entry name="$ControllerName" value="PC-201005261001" />
                    <Entry name="$AgentName" value="PC-201005261001" />
                    <Entry name="$TestLogsDir" value="E:\OA\Tunnel_OA\TestResults\Administrator_PC-201005261001 2010-07-09 12_55_27\In\PC-201005261001" />
                    <Entry name="$TestDeploymentDir" value="E:\OA\Tunnel_OA\TestResults\Administrator_PC-201005261001 2010-07-09 12_55_27\Out" />
                    <Entry name="$AgentId" value="1" />
                    <Entry name="$AgentLoadDistributor" value="Microsoft.VisualStudio.TestTools.Execution.AgentLoadDistributor" />
                    <Entry name="$TestDir" value="E:\OA\Tunnel_OA\TestResults\Administrator_PC-201005261001 2010-07-09 12_55_27" />
                    <Entry name="$AgentWeighting" value="100" />
                    <Entry name="$WebTestIteration" value="1" />
                    <Entry name="$WebTestUserId" value="1" />
                    <Entry name="$HIDDEN1.__VIEWSTATE" value="/wEPDwUKLTUxMjk1MjgwOGRkij73Y76QiiBElucU/Dct6FM7s9U=" />
                    <Entry name="$HIDDEN1" value="System.String[]" />
                  </Context>
                  <ValidationRuleResults>
                    <ValidationRuleResult message="通过" ruleType="验证" name="响应 URL" />
                  </ValidationRuleResults>
                </WebRequestResult>
              </WebTestResultPage>
              <WebTestResultPage>
                <WebRequestResult exceptionMessage="" run="0" submitted="true" cached="false" isRedirectFollow="false" requestBodyBytesHandle="-2" responseBytesHandle="41">
                  <Request url="http://localhost:6611/N_WorkFlow/VDocument/Document_Out.aspx?fid=1" command="GET /N_WorkFlow/VDocument/Document_Out.aspx?fid=1 HTTP/1.1" encoding="utf-8">
                    <Headers>User-Agent : Mozilla/4.0 (compatible; MSIE 7.0; Windows NT 5.1)
Accept : */*
Accept-Language : zh-CN
Accept-Encoding : GZIP
Host : localhost:6611
Cookie : .TunnelLogin=7D6F9B95393A47FD0EEA8F3B5BEF0E014E06B04E8E9618E0DC91C5E52D6DE7281A43EB9B9C498EA73856CB260AB2A41B0D8431CA3A3B3B169611848566D76E067317AD64B2E067CB0A62E95AA532F369
</Headers>
                  </Request>
                  <Response url="http://localhost:6611/N_WorkFlow/VDocument/Document_Out.aspx?fid=1" contentType="text/html; charset=utf-8" statusLine="HTTP/1.1 200 OK" pageTime="0.11199999999999999" time="0.097" statusCodeString="200 OK" contentLength="46397">
                    <Headers>Connection : Close
Content-Length : 46397
Cache-Control : private
Content-Type : text/html; charset=utf-8
Date : Fri, 09 Jul 2010 04:55:31 GMT
Server : ASP.NET Development Server/9.0.0.0
X-AspNet-Version : 2.0.50727
</Headers>
                  </Response>
                  <Context>
                    <Entry name="$TotalAgents" value="1" />
                    <Entry name="$ControllerName" value="PC-201005261001" />
                    <Entry name="$AgentName" value="PC-201005261001" />
                    <Entry name="$TestLogsDir" value="E:\OA\Tunnel_OA\TestResults\Administrator_PC-201005261001 2010-07-09 12_55_27\In\PC-201005261001" />
                    <Entry name="$TestDeploymentDir" value="E:\OA\Tunnel_OA\TestResults\Administrator_PC-201005261001 2010-07-09 12_55_27\Out" />
                    <Entry name="$AgentId" value="1" />
                    <Entry name="$AgentLoadDistributor" value="Microsoft.VisualStudio.TestTools.Execution.AgentLoadDistributor" />
                    <Entry name="$TestDir" value="E:\OA\Tunnel_OA\TestResults\Administrator_PC-201005261001 2010-07-09 12_55_27" />
                    <Entry name="$AgentWeighting" value="100" />
                    <Entry name="$WebTestIteration" value="1" />
                    <Entry name="$WebTestUserId" value="1" />
                    <Entry name="$HIDDEN1.__VIEWSTATE" value="/wEPDwUKLTUxMjk1MjgwOGRkij73Y76QiiBElucU/Dct6FM7s9U=" />
                    <Entry name="$HIDDEN1" value="System.String[]" />
                  </Context>
                  <DependantResults>
                    <WebRequestResult exceptionMessage="" run="0" submitted="true" cached="false" isRedirectFollow="false" requestBodyBytesHandle="-2" responseBytesHandle="19">
                      <Request url="http://localhost:6611/javascript/StrLength.js" command="GET /javascript/StrLength.js HTTP/1.1" encoding="utf-8">
                        <Headers>Referer : http://localhost:6611/N_WorkFlow/VDocument/Document_Out.aspx?fid=1
User-Agent : Mozilla/4.0 (compatible; MSIE 7.0; Windows NT 5.1)
Accept : */*
Accept-Language : zh-CN
Accept-Encoding : GZIP
Host : localhost:6611
Cookie : .TunnelLogin=7D6F9B95393A47FD0EEA8F3B5BEF0E014E06B04E8E9618E0DC91C5E52D6DE7281A43EB9B9C498EA73856CB260AB2A41B0D8431CA3A3B3B169611848566D76E067317AD64B2E067CB0A62E95AA532F369
</Headers>
                      </Request>
                      <Response url="http://localhost:6611/javascript/StrLength.js" contentType="application/x-javascript" statusLine="HTTP/1.1 200 OK" pageTime="NaN" time="0.001" statusCodeString="200 OK" contentLength="734">
                        <Headers>Connection : Close
Content-Length : 734
Cache-Control : private
Content-Type : application/x-javascript
Date : Fri, 09 Jul 2010 04:55:31 GMT
Server : ASP.NET Development Server/9.0.0.0
X-AspNet-Version : 2.0.50727
</Headers>
                      </Response>
                      <Context>
                        <Entry name="$TotalAgents" value="1" />
                        <Entry name="$ControllerName" value="PC-201005261001" />
                        <Entry name="$AgentName" value="PC-201005261001" />
                        <Entry name="$TestLogsDir" value="E:\OA\Tunnel_OA\TestResults\Administrator_PC-201005261001 2010-07-09 12_55_27\In\PC-201005261001" />
                        <Entry name="$TestDeploymentDir" value="E:\OA\Tunnel_OA\TestResults\Administrator_PC-201005261001 2010-07-09 12_55_27\Out" />
                        <Entry name="$AgentId" value="1" />
                        <Entry name="$AgentLoadDistributor" value="Microsoft.VisualStudio.TestTools.Execution.AgentLoadDistributor" />
                        <Entry name="$TestDir" value="E:\OA\Tunnel_OA\TestResults\Administrator_PC-201005261001 2010-07-09 12_55_27" />
                        <Entry name="$AgentWeighting" value="100" />
                        <Entry name="$WebTestIteration" value="1" />
                        <Entry name="$WebTestUserId" value="1" />
                        <Entry name="$HIDDEN1.__VIEWSTATE" value="/wEPDwUKLTUxMjk1MjgwOGRkij73Y76QiiBElucU/Dct6FM7s9U=" />
                        <Entry name="$HIDDEN1" value="System.String[]" />
                      </Context>
                    </WebRequestResult>
                    <WebRequestResult exceptionMessage="" run="0" submitted="true" cached="false" isRedirectFollow="false" requestBodyBytesHandle="-2" responseBytesHandle="20">
                      <Request url="http://localhost:6611/javascript/jquery-1.3.2.min.js" command="GET /javascript/jquery-1.3.2.min.js HTTP/1.1" encoding="utf-8">
                        <Headers>Referer : http://localhost:6611/N_WorkFlow/VDocument/Document_Out.aspx?fid=1
User-Agent : Mozilla/4.0 (compatible; MSIE 7.0; Windows NT 5.1)
Accept : */*
Accept-Language : zh-CN
Accept-Encoding : GZIP
Host : localhost:6611
Cookie : .TunnelLogin=7D6F9B95393A47FD0EEA8F3B5BEF0E014E06B04E8E9618E0DC91C5E52D6DE7281A43EB9B9C498EA73856CB260AB2A41B0D8431CA3A3B3B169611848566D76E067317AD64B2E067CB0A62E95AA532F369
</Headers>
                      </Request>
                      <Response url="http://localhost:6611/javascript/jquery-1.3.2.min.js" contentType="application/x-javascript" statusLine="HTTP/1.1 200 OK" pageTime="NaN" time="0.002" statusCodeString="200 OK" contentLength="64616">
                        <Headers>Connection : Close
Content-Length : 64616
Cache-Control : private
Content-Type : application/x-javascript
Date : Fri, 09 Jul 2010 04:55:31 GMT
Server : ASP.NET Development Server/9.0.0.0
X-AspNet-Version : 2.0.50727
</Headers>
                      </Response>
                      <Context>
                        <Entry name="$TotalAgents" value="1" />
                        <Entry name="$ControllerName" value="PC-201005261001" />
                        <Entry name="$AgentName" value="PC-201005261001" />
                        <Entry name="$TestLogsDir" value="E:\OA\Tunnel_OA\TestResults\Administrator_PC-201005261001 2010-07-09 12_55_27\In\PC-201005261001" />
                        <Entry name="$TestDeploymentDir" value="E:\OA\Tunnel_OA\TestResults\Administrator_PC-201005261001 2010-07-09 12_55_27\Out" />
                        <Entry name="$AgentId" value="1" />
                        <Entry name="$AgentLoadDistributor" value="Microsoft.VisualStudio.TestTools.Execution.AgentLoadDistributor" />
                        <Entry name="$TestDir" value="E:\OA\Tunnel_OA\TestResults\Administrator_PC-201005261001 2010-07-09 12_55_27" />
                        <Entry name="$AgentWeighting" value="100" />
                        <Entry name="$WebTestIteration" value="1" />
                        <Entry name="$WebTestUserId" value="1" />
                        <Entry name="$HIDDEN1.__VIEWSTATE" value="/wEPDwUKLTUxMjk1MjgwOGRkij73Y76QiiBElucU/Dct6FM7s9U=" />
                        <Entry name="$HIDDEN1" value="System.String[]" />
                      </Context>
                    </WebRequestResult>
                    <WebRequestResult exceptionMessage="" run="0" submitted="true" cached="false" isRedirectFollow="false" requestBodyBytesHandle="-2" responseBytesHandle="22">
                      <Request url="http://localhost:6611/css/leftCss.css" command="GET /css/leftCss.css HTTP/1.1" encoding="utf-8">
                        <Headers>Referer : http://localhost:6611/N_WorkFlow/VDocument/Document_Out.aspx?fid=1
User-Agent : Mozilla/4.0 (compatible; MSIE 7.0; Windows NT 5.1)
Accept : */*
Accept-Language : zh-CN
Accept-Encoding : GZIP
Host : localhost:6611
Cookie : .TunnelLogin=7D6F9B95393A47FD0EEA8F3B5BEF0E014E06B04E8E9618E0DC91C5E52D6DE7281A43EB9B9C498EA73856CB260AB2A41B0D8431CA3A3B3B169611848566D76E067317AD64B2E067CB0A62E95AA532F369
</Headers>
                      </Request>
                      <Response url="http://localhost:6611/css/leftCss.css" contentType="text/css" statusLine="HTTP/1.1 200 OK" pageTime="NaN" time="0.001" statusCodeString="200 OK" contentLength="1474">
                        <Headers>Connection : Close
Content-Length : 1474
Cache-Control : public
Content-Type : text/css
Date : Fri, 09 Jul 2010 04:55:31 GMT
ETag : "1CB17298739C800"
Server : ASP.NET Development Server/9.0.0.0
X-AspNet-Version : 2.0.50727
</Headers>
                      </Response>
                      <Context>
                        <Entry name="$TotalAgents" value="1" />
                        <Entry name="$ControllerName" value="PC-201005261001" />
                        <Entry name="$AgentName" value="PC-201005261001" />
                        <Entry name="$TestLogsDir" value="E:\OA\Tunnel_OA\TestResults\Administrator_PC-201005261001 2010-07-09 12_55_27\In\PC-201005261001" />
                        <Entry name="$TestDeploymentDir" value="E:\OA\Tunnel_OA\TestResults\Administrator_PC-201005261001 2010-07-09 12_55_27\Out" />
                        <Entry name="$AgentId" value="1" />
                        <Entry name="$AgentLoadDistributor" value="Microsoft.VisualStudio.TestTools.Execution.AgentLoadDistributor" />
                        <Entry name="$TestDir" value="E:\OA\Tunnel_OA\TestResults\Administrator_PC-201005261001 2010-07-09 12_55_27" />
                        <Entry name="$AgentWeighting" value="100" />
                        <Entry name="$WebTestIteration" value="1" />
                        <Entry name="$WebTestUserId" value="1" />
                        <Entry name="$HIDDEN1.__VIEWSTATE" value="/wEPDwUKLTUxMjk1MjgwOGRkij73Y76QiiBElucU/Dct6FM7s9U=" />
                        <Entry name="$HIDDEN1" value="System.String[]" />
                      </Context>
                    </WebRequestResult>
                    <WebRequestResult exceptionMessage="" run="0" submitted="true" cached="false" isRedirectFollow="false" requestBodyBytesHandle="-2" responseBytesHandle="21">
                      <Request url="http://localhost:6611/css/Css.css" command="GET /css/Css.css HTTP/1.1" encoding="utf-8">
                        <Headers>Referer : http://localhost:6611/N_WorkFlow/VDocument/Document_Out.aspx?fid=1
User-Agent : Mozilla/4.0 (compatible; MSIE 7.0; Windows NT 5.1)
Accept : */*
Accept-Language : zh-CN
Accept-Encoding : GZIP
Host : localhost:6611
Cookie : .TunnelLogin=7D6F9B95393A47FD0EEA8F3B5BEF0E014E06B04E8E9618E0DC91C5E52D6DE7281A43EB9B9C498EA73856CB260AB2A41B0D8431CA3A3B3B169611848566D76E067317AD64B2E067CB0A62E95AA532F369
</Headers>
                      </Request>
                      <Response url="http://localhost:6611/css/Css.css" contentType="text/css" statusLine="HTTP/1.1 200 OK" pageTime="NaN" time="0.002" statusCodeString="200 OK" contentLength="6157">
                        <Headers>Connection : Close
Content-Length : 6157
Cache-Control : public
Content-Type : text/css
Date : Fri, 09 Jul 2010 04:55:31 GMT
ETag : "1CB1CBCAEAA0B00"
Server : ASP.NET Development Server/9.0.0.0
X-AspNet-Version : 2.0.50727
</Headers>
                      </Response>
                      <Context>
                        <Entry name="$TotalAgents" value="1" />
                        <Entry name="$ControllerName" value="PC-201005261001" />
                        <Entry name="$AgentName" value="PC-201005261001" />
                        <Entry name="$TestLogsDir" value="E:\OA\Tunnel_OA\TestResults\Administrator_PC-201005261001 2010-07-09 12_55_27\In\PC-201005261001" />
                        <Entry name="$TestDeploymentDir" value="E:\OA\Tunnel_OA\TestResults\Administrator_PC-201005261001 2010-07-09 12_55_27\Out" />
                        <Entry name="$AgentId" value="1" />
                        <Entry name="$AgentLoadDistributor" value="Microsoft.VisualStudio.TestTools.Execution.AgentLoadDistributor" />
                        <Entry name="$TestDir" value="E:\OA\Tunnel_OA\TestResults\Administrator_PC-201005261001 2010-07-09 12_55_27" />
                        <Entry name="$AgentWeighting" value="100" />
                        <Entry name="$WebTestIteration" value="1" />
                        <Entry name="$WebTestUserId" value="1" />
                        <Entry name="$HIDDEN1.__VIEWSTATE" value="/wEPDwUKLTUxMjk1MjgwOGRkij73Y76QiiBElucU/Dct6FM7s9U=" />
                        <Entry name="$HIDDEN1" value="System.String[]" />
                      </Context>
                    </WebRequestResult>
                    <WebRequestResult exceptionMessage="" run="0" submitted="true" cached="false" isRedirectFollow="false" requestBodyBytesHandle="-2" responseBytesHandle="23">
                      <Request url="http://localhost:6611/javascript/getmessage.js" command="GET /javascript/getmessage.js HTTP/1.1" encoding="utf-8">
                        <Headers>Referer : http://localhost:6611/N_WorkFlow/VDocument/Document_Out.aspx?fid=1
User-Agent : Mozilla/4.0 (compatible; MSIE 7.0; Windows NT 5.1)
Accept : */*
Accept-Language : zh-CN
Accept-Encoding : GZIP
Host : localhost:6611
Cookie : .TunnelLogin=7D6F9B95393A47FD0EEA8F3B5BEF0E014E06B04E8E9618E0DC91C5E52D6DE7281A43EB9B9C498EA73856CB260AB2A41B0D8431CA3A3B3B169611848566D76E067317AD64B2E067CB0A62E95AA532F369
</Headers>
                      </Request>
                      <Response url="http://localhost:6611/javascript/getmessage.js" contentType="application/x-javascript" statusLine="HTTP/1.1 200 OK" pageTime="NaN" time="0.001" statusCodeString="200 OK" contentLength="1150">
                        <Headers>Connection : Close
Content-Length : 1150
Cache-Control : private
Content-Type : application/x-javascript
Date : Fri, 09 Jul 2010 04:55:31 GMT
Server : ASP.NET Development Server/9.0.0.0
X-AspNet-Version : 2.0.50727
</Headers>
                      </Response>
                      <Context>
                        <Entry name="$TotalAgents" value="1" />
                        <Entry name="$ControllerName" value="PC-201005261001" />
                        <Entry name="$AgentName" value="PC-201005261001" />
                        <Entry name="$TestLogsDir" value="E:\OA\Tunnel_OA\TestResults\Administrator_PC-201005261001 2010-07-09 12_55_27\In\PC-201005261001" />
                        <Entry name="$TestDeploymentDir" value="E:\OA\Tunnel_OA\TestResults\Administrator_PC-201005261001 2010-07-09 12_55_27\Out" />
                        <Entry name="$AgentId" value="1" />
                        <Entry name="$AgentLoadDistributor" value="Microsoft.VisualStudio.TestTools.Execution.AgentLoadDistributor" />
                        <Entry name="$TestDir" value="E:\OA\Tunnel_OA\TestResults\Administrator_PC-201005261001 2010-07-09 12_55_27" />
                        <Entry name="$AgentWeighting" value="100" />
                        <Entry name="$WebTestIteration" value="1" />
                        <Entry name="$WebTestUserId" value="1" />
                        <Entry name="$HIDDEN1.__VIEWSTATE" value="/wEPDwUKLTUxMjk1MjgwOGRkij73Y76QiiBElucU/Dct6FM7s9U=" />
                        <Entry name="$HIDDEN1" value="System.String[]" />
                      </Context>
                    </WebRequestResult>
                    <WebRequestResult exceptionMessage="" run="0" submitted="true" cached="false" isRedirectFollow="false" requestBodyBytesHandle="-2" responseBytesHandle="24">
                      <Request url="http://localhost:6611/images/line.gif" command="GET /images/line.gif HTTP/1.1" encoding="utf-8">
                        <Headers>Referer : http://localhost:6611/N_WorkFlow/VDocument/Document_Out.aspx?fid=1
User-Agent : Mozilla/4.0 (compatible; MSIE 7.0; Windows NT 5.1)
Accept : */*
Accept-Language : zh-CN
Accept-Encoding : GZIP
Host : localhost:6611
Cookie : .TunnelLogin=7D6F9B95393A47FD0EEA8F3B5BEF0E014E06B04E8E9618E0DC91C5E52D6DE7281A43EB9B9C498EA73856CB260AB2A41B0D8431CA3A3B3B169611848566D76E067317AD64B2E067CB0A62E95AA532F369
</Headers>
                      </Request>
                      <Response url="http://localhost:6611/images/line.gif" contentType="image/gif" statusLine="HTTP/1.1 200 OK" pageTime="NaN" time="0.001" statusCodeString="200 OK" contentLength="93">
                        <Headers>Connection : Close
Content-Length : 93
Cache-Control : public
Content-Type : image/gif
Date : Fri, 09 Jul 2010 04:55:31 GMT
ETag : "1CB172989038B80"
Server : ASP.NET Development Server/9.0.0.0
X-AspNet-Version : 2.0.50727
</Headers>
                      </Response>
                      <Context>
                        <Entry name="$TotalAgents" value="1" />
                        <Entry name="$ControllerName" value="PC-201005261001" />
                        <Entry name="$AgentName" value="PC-201005261001" />
                        <Entry name="$TestLogsDir" value="E:\OA\Tunnel_OA\TestResults\Administrator_PC-201005261001 2010-07-09 12_55_27\In\PC-201005261001" />
                        <Entry name="$TestDeploymentDir" value="E:\OA\Tunnel_OA\TestResults\Administrator_PC-201005261001 2010-07-09 12_55_27\Out" />
                        <Entry name="$AgentId" value="1" />
                        <Entry name="$AgentLoadDistributor" value="Microsoft.VisualStudio.TestTools.Execution.AgentLoadDistributor" />
                        <Entry name="$TestDir" value="E:\OA\Tunnel_OA\TestResults\Administrator_PC-201005261001 2010-07-09 12_55_27" />
                        <Entry name="$AgentWeighting" value="100" />
                        <Entry name="$WebTestIteration" value="1" />
                        <Entry name="$WebTestUserId" value="1" />
                        <Entry name="$HIDDEN1.__VIEWSTATE" value="/wEPDwUKLTUxMjk1MjgwOGRkij73Y76QiiBElucU/Dct6FM7s9U=" />
                        <Entry name="$HIDDEN1" value="System.String[]" />
                      </Context>
                    </WebRequestResult>
                    <WebRequestResult exceptionMessage="" run="0" submitted="true" cached="false" isRedirectFollow="false" requestBodyBytesHandle="-2" responseBytesHandle="25">
                      <Request url="http://localhost:6611/images/arra.gif" command="GET /images/arra.gif HTTP/1.1" encoding="utf-8">
                        <Headers>Referer : http://localhost:6611/N_WorkFlow/VDocument/Document_Out.aspx?fid=1
User-Agent : Mozilla/4.0 (compatible; MSIE 7.0; Windows NT 5.1)
Accept : */*
Accept-Language : zh-CN
Accept-Encoding : GZIP
Host : localhost:6611
Cookie : .TunnelLogin=7D6F9B95393A47FD0EEA8F3B5BEF0E014E06B04E8E9618E0DC91C5E52D6DE7281A43EB9B9C498EA73856CB260AB2A41B0D8431CA3A3B3B169611848566D76E067317AD64B2E067CB0A62E95AA532F369
</Headers>
                      </Request>
                      <Response url="http://localhost:6611/images/arra.gif" contentType="image/gif" statusLine="HTTP/1.1 200 OK" pageTime="NaN" time="0.001" statusCodeString="200 OK" contentLength="48">
                        <Headers>Connection : Close
Content-Length : 48
Cache-Control : public
Content-Type : image/gif
Date : Fri, 09 Jul 2010 04:55:31 GMT
ETag : "1CB172989038B80"
Server : ASP.NET Development Server/9.0.0.0
X-AspNet-Version : 2.0.50727
</Headers>
                      </Response>
                      <Context>
                        <Entry name="$TotalAgents" value="1" />
                        <Entry name="$ControllerName" value="PC-201005261001" />
                        <Entry name="$AgentName" value="PC-201005261001" />
                        <Entry name="$TestLogsDir" value="E:\OA\Tunnel_OA\TestResults\Administrator_PC-201005261001 2010-07-09 12_55_27\In\PC-201005261001" />
                        <Entry name="$TestDeploymentDir" value="E:\OA\Tunnel_OA\TestResults\Administrator_PC-201005261001 2010-07-09 12_55_27\Out" />
                        <Entry name="$AgentId" value="1" />
                        <Entry name="$AgentLoadDistributor" value="Microsoft.VisualStudio.TestTools.Execution.AgentLoadDistributor" />
                        <Entry name="$TestDir" value="E:\OA\Tunnel_OA\TestResults\Administrator_PC-201005261001 2010-07-09 12_55_27" />
                        <Entry name="$AgentWeighting" value="100" />
                        <Entry name="$WebTestIteration" value="1" />
                        <Entry name="$WebTestUserId" value="1" />
                        <Entry name="$HIDDEN1.__VIEWSTATE" value="/wEPDwUKLTUxMjk1MjgwOGRkij73Y76QiiBElucU/Dct6FM7s9U=" />
                        <Entry name="$HIDDEN1" value="System.String[]" />
                      </Context>
                    </WebRequestResult>
                    <WebRequestResult exceptionMessage="" run="0" submitted="true" cached="false" isRedirectFollow="false" requestBodyBytesHandle="-2" responseBytesHandle="26">
                      <Request url="http://localhost:6611/images/new_icon01.gif" command="GET /images/new_icon01.gif HTTP/1.1" encoding="utf-8">
                        <Headers>Referer : http://localhost:6611/N_WorkFlow/VDocument/Document_Out.aspx?fid=1
User-Agent : Mozilla/4.0 (compatible; MSIE 7.0; Windows NT 5.1)
Accept : */*
Accept-Language : zh-CN
Accept-Encoding : GZIP
Host : localhost:6611
Cookie : .TunnelLogin=7D6F9B95393A47FD0EEA8F3B5BEF0E014E06B04E8E9618E0DC91C5E52D6DE7281A43EB9B9C498EA73856CB260AB2A41B0D8431CA3A3B3B169611848566D76E067317AD64B2E067CB0A62E95AA532F369
</Headers>
                      </Request>
                      <Response url="http://localhost:6611/images/new_icon01.gif" contentType="image/gif" statusLine="HTTP/1.1 200 OK" pageTime="NaN" time="0.001" statusCodeString="200 OK" contentLength="71">
                        <Headers>Connection : Close
Content-Length : 71
Cache-Control : public
Content-Type : image/gif
Date : Fri, 09 Jul 2010 04:55:31 GMT
ETag : "1CB1729899C2200"
Server : ASP.NET Development Server/9.0.0.0
X-AspNet-Version : 2.0.50727
</Headers>
                      </Response>
                      <Context>
                        <Entry name="$TotalAgents" value="1" />
                        <Entry name="$ControllerName" value="PC-201005261001" />
                        <Entry name="$AgentName" value="PC-201005261001" />
                        <Entry name="$TestLogsDir" value="E:\OA\Tunnel_OA\TestResults\Administrator_PC-201005261001 2010-07-09 12_55_27\In\PC-201005261001" />
                        <Entry name="$TestDeploymentDir" value="E:\OA\Tunnel_OA\TestResults\Administrator_PC-201005261001 2010-07-09 12_55_27\Out" />
                        <Entry name="$AgentId" value="1" />
                        <Entry name="$AgentLoadDistributor" value="Microsoft.VisualStudio.TestTools.Execution.AgentLoadDistributor" />
                        <Entry name="$TestDir" value="E:\OA\Tunnel_OA\TestResults\Administrator_PC-201005261001 2010-07-09 12_55_27" />
                        <Entry name="$AgentWeighting" value="100" />
                        <Entry name="$WebTestIteration" value="1" />
                        <Entry name="$WebTestUserId" value="1" />
                        <Entry name="$HIDDEN1.__VIEWSTATE" value="/wEPDwUKLTUxMjk1MjgwOGRkij73Y76QiiBElucU/Dct6FM7s9U=" />
                        <Entry name="$HIDDEN1" value="System.String[]" />
                      </Context>
                    </WebRequestResult>
                    <WebRequestResult exceptionMessage="" run="0" submitted="true" cached="false" isRedirectFollow="false" requestBodyBytesHandle="-2" responseBytesHandle="27">
                      <Request url="http://localhost:6611/WebResource.axd?d=hIEC4JkV4kGqEge4C8Fd_g2&amp;t=634116702580000000" command="GET /WebResource.axd?d=hIEC4JkV4kGqEge4C8Fd_g2&amp;t=634116702580000000 HTTP/1.1" encoding="utf-8">
                        <Headers>Referer : http://localhost:6611/N_WorkFlow/VDocument/Document_Out.aspx?fid=1
User-Agent : Mozilla/4.0 (compatible; MSIE 7.0; Windows NT 5.1)
Accept : */*
Accept-Language : zh-CN
Accept-Encoding : GZIP
Host : localhost:6611
Cookie : .TunnelLogin=7D6F9B95393A47FD0EEA8F3B5BEF0E014E06B04E8E9618E0DC91C5E52D6DE7281A43EB9B9C498EA73856CB260AB2A41B0D8431CA3A3B3B169611848566D76E067317AD64B2E067CB0A62E95AA532F369
</Headers>
                      </Request>
                      <Response url="http://localhost:6611/WebResource.axd?d=hIEC4JkV4kGqEge4C8Fd_g2&amp;t=634116702580000000" contentType="image/gif" statusLine="HTTP/1.1 200 OK" pageTime="NaN" time="0.001" statusCodeString="200 OK" contentLength="43">
                        <Headers>Connection : Close
Content-Length : 43
Cache-Control : public
Content-Type : image/gif
Date : Fri, 09 Jul 2010 04:55:31 GMT
Expires : Sat, 09 Jul 2011 04:55:30 GMT
Last-Modified : Wed, 09 Jun 2010 00:50:58 GMT
Server : ASP.NET Development Server/9.0.0.0
X-AspNet-Version : 2.0.50727
</Headers>
                      </Response>
                      <Context>
                        <Entry name="$TotalAgents" value="1" />
                        <Entry name="$ControllerName" value="PC-201005261001" />
                        <Entry name="$AgentName" value="PC-201005261001" />
                        <Entry name="$TestLogsDir" value="E:\OA\Tunnel_OA\TestResults\Administrator_PC-201005261001 2010-07-09 12_55_27\In\PC-201005261001" />
                        <Entry name="$TestDeploymentDir" value="E:\OA\Tunnel_OA\TestResults\Administrator_PC-201005261001 2010-07-09 12_55_27\Out" />
                        <Entry name="$AgentId" value="1" />
                        <Entry name="$AgentLoadDistributor" value="Microsoft.VisualStudio.TestTools.Execution.AgentLoadDistributor" />
                        <Entry name="$TestDir" value="E:\OA\Tunnel_OA\TestResults\Administrator_PC-201005261001 2010-07-09 12_55_27" />
                        <Entry name="$AgentWeighting" value="100" />
                        <Entry name="$WebTestIteration" value="1" />
                        <Entry name="$WebTestUserId" value="1" />
                        <Entry name="$HIDDEN1.__VIEWSTATE" value="/wEPDwUKLTUxMjk1MjgwOGRkij73Y76QiiBElucU/Dct6FM7s9U=" />
                        <Entry name="$HIDDEN1" value="System.String[]" />
                      </Context>
                    </WebRequestResult>
                    <WebRequestResult exceptionMessage="" run="0" submitted="true" cached="false" isRedirectFollow="false" requestBodyBytesHandle="-2" responseBytesHandle="29">
                      <Request url="http://localhost:6611/image/exit.gif" command="GET /image/exit.gif HTTP/1.1" encoding="utf-8">
                        <Headers>Referer : http://localhost:6611/N_WorkFlow/VDocument/Document_Out.aspx?fid=1
User-Agent : Mozilla/4.0 (compatible; MSIE 7.0; Windows NT 5.1)
Accept : */*
Accept-Language : zh-CN
Accept-Encoding : GZIP
Host : localhost:6611
Cookie : .TunnelLogin=7D6F9B95393A47FD0EEA8F3B5BEF0E014E06B04E8E9618E0DC91C5E52D6DE7281A43EB9B9C498EA73856CB260AB2A41B0D8431CA3A3B3B169611848566D76E067317AD64B2E067CB0A62E95AA532F369
</Headers>
                      </Request>
                      <Response url="http://localhost:6611/image/exit.gif" contentType="image/gif" statusLine="HTTP/1.1 200 OK" pageTime="NaN" time="0.001" statusCodeString="200 OK" contentLength="181">
                        <Headers>Connection : Close
Content-Length : 181
Cache-Control : public
Content-Type : image/gif
Date : Fri, 09 Jul 2010 04:55:31 GMT
ETag : "1CB1729886AF500"
Server : ASP.NET Development Server/9.0.0.0
X-AspNet-Version : 2.0.50727
</Headers>
                      </Response>
                      <Context>
                        <Entry name="$TotalAgents" value="1" />
                        <Entry name="$ControllerName" value="PC-201005261001" />
                        <Entry name="$AgentName" value="PC-201005261001" />
                        <Entry name="$TestLogsDir" value="E:\OA\Tunnel_OA\TestResults\Administrator_PC-201005261001 2010-07-09 12_55_27\In\PC-201005261001" />
                        <Entry name="$TestDeploymentDir" value="E:\OA\Tunnel_OA\TestResults\Administrator_PC-201005261001 2010-07-09 12_55_27\Out" />
                        <Entry name="$AgentId" value="1" />
                        <Entry name="$AgentLoadDistributor" value="Microsoft.VisualStudio.TestTools.Execution.AgentLoadDistributor" />
                        <Entry name="$TestDir" value="E:\OA\Tunnel_OA\TestResults\Administrator_PC-201005261001 2010-07-09 12_55_27" />
                        <Entry name="$AgentWeighting" value="100" />
                        <Entry name="$WebTestIteration" value="1" />
                        <Entry name="$WebTestUserId" value="1" />
                        <Entry name="$HIDDEN1.__VIEWSTATE" value="/wEPDwUKLTUxMjk1MjgwOGRkij73Y76QiiBElucU/Dct6FM7s9U=" />
                        <Entry name="$HIDDEN1" value="System.String[]" />
                      </Context>
                    </WebRequestResult>
                    <WebRequestResult exceptionMessage="" run="0" submitted="true" cached="false" isRedirectFollow="false" requestBodyBytesHandle="-2" responseBytesHandle="28">
                      <Request url="http://localhost:6611/image/online2.gif" command="GET /image/online2.gif HTTP/1.1" encoding="utf-8">
                        <Headers>Referer : http://localhost:6611/N_WorkFlow/VDocument/Document_Out.aspx?fid=1
User-Agent : Mozilla/4.0 (compatible; MSIE 7.0; Windows NT 5.1)
Accept : */*
Accept-Language : zh-CN
Accept-Encoding : GZIP
Host : localhost:6611
Cookie : .TunnelLogin=7D6F9B95393A47FD0EEA8F3B5BEF0E014E06B04E8E9618E0DC91C5E52D6DE7281A43EB9B9C498EA73856CB260AB2A41B0D8431CA3A3B3B169611848566D76E067317AD64B2E067CB0A62E95AA532F369
</Headers>
                      </Request>
                      <Response url="http://localhost:6611/image/online2.gif" contentType="image/gif" statusLine="HTTP/1.1 200 OK" pageTime="NaN" time="0.001" statusCodeString="200 OK" contentLength="1110">
                        <Headers>Connection : Close
Content-Length : 1110
Cache-Control : public
Content-Type : image/gif
Date : Fri, 09 Jul 2010 04:55:31 GMT
ETag : "1CB1729886AF500"
Server : ASP.NET Development Server/9.0.0.0
X-AspNet-Version : 2.0.50727
</Headers>
                      </Response>
                      <Context>
                        <Entry name="$TotalAgents" value="1" />
                        <Entry name="$ControllerName" value="PC-201005261001" />
                        <Entry name="$AgentName" value="PC-201005261001" />
                        <Entry name="$TestLogsDir" value="E:\OA\Tunnel_OA\TestResults\Administrator_PC-201005261001 2010-07-09 12_55_27\In\PC-201005261001" />
                        <Entry name="$TestDeploymentDir" value="E:\OA\Tunnel_OA\TestResults\Administrator_PC-201005261001 2010-07-09 12_55_27\Out" />
                        <Entry name="$AgentId" value="1" />
                        <Entry name="$AgentLoadDistributor" value="Microsoft.VisualStudio.TestTools.Execution.AgentLoadDistributor" />
                        <Entry name="$TestDir" value="E:\OA\Tunnel_OA\TestResults\Administrator_PC-201005261001 2010-07-09 12_55_27" />
                        <Entry name="$AgentWeighting" value="100" />
                        <Entry name="$WebTestIteration" value="1" />
                        <Entry name="$WebTestUserId" value="1" />
                        <Entry name="$HIDDEN1.__VIEWSTATE" value="/wEPDwUKLTUxMjk1MjgwOGRkij73Y76QiiBElucU/Dct6FM7s9U=" />
                        <Entry name="$HIDDEN1" value="System.String[]" />
                      </Context>
                    </WebRequestResult>
                    <WebRequestResult exceptionMessage="" run="0" submitted="true" cached="false" isRedirectFollow="false" requestBodyBytesHandle="-2" responseBytesHandle="40">
                      <Request url="http://localhost:6611/images/search.gif" command="GET /images/search.gif HTTP/1.1" encoding="utf-8">
                        <Headers>Referer : http://localhost:6611/N_WorkFlow/VDocument/Document_Out.aspx?fid=1
User-Agent : Mozilla/4.0 (compatible; MSIE 7.0; Windows NT 5.1)
Accept : */*
Accept-Language : zh-CN
Accept-Encoding : GZIP
Host : localhost:6611
Cookie : .TunnelLogin=7D6F9B95393A47FD0EEA8F3B5BEF0E014E06B04E8E9618E0DC91C5E52D6DE7281A43EB9B9C498EA73856CB260AB2A41B0D8431CA3A3B3B169611848566D76E067317AD64B2E067CB0A62E95AA532F369
</Headers>
                      </Request>
                      <Response url="http://localhost:6611/images/search.gif" contentType="image/gif" statusLine="HTTP/1.1 200 OK" pageTime="NaN" time="0.001" statusCodeString="200 OK" contentLength="2215">
                        <Headers>Connection : Close
Content-Length : 2215
Cache-Control : public
Content-Type : image/gif
Date : Fri, 09 Jul 2010 04:55:31 GMT
ETag : "1CB1729899C2200"
Server : ASP.NET Development Server/9.0.0.0
X-AspNet-Version : 2.0.50727
</Headers>
                      </Response>
                      <Context>
                        <Entry name="$TotalAgents" value="1" />
                        <Entry name="$ControllerName" value="PC-201005261001" />
                        <Entry name="$AgentName" value="PC-201005261001" />
                        <Entry name="$TestLogsDir" value="E:\OA\Tunnel_OA\TestResults\Administrator_PC-201005261001 2010-07-09 12_55_27\In\PC-201005261001" />
                        <Entry name="$TestDeploymentDir" value="E:\OA\Tunnel_OA\TestResults\Administrator_PC-201005261001 2010-07-09 12_55_27\Out" />
                        <Entry name="$AgentId" value="1" />
                        <Entry name="$AgentLoadDistributor" value="Microsoft.VisualStudio.TestTools.Execution.AgentLoadDistributor" />
                        <Entry name="$TestDir" value="E:\OA\Tunnel_OA\TestResults\Administrator_PC-201005261001 2010-07-09 12_55_27" />
                        <Entry name="$AgentWeighting" value="100" />
                        <Entry name="$WebTestIteration" value="1" />
                        <Entry name="$WebTestUserId" value="1" />
                        <Entry name="$HIDDEN1.__VIEWSTATE" value="/wEPDwUKLTUxMjk1MjgwOGRkij73Y76QiiBElucU/Dct6FM7s9U=" />
                        <Entry name="$HIDDEN1" value="System.String[]" />
                      </Context>
                    </WebRequestResult>
                    <WebRequestResult exceptionMessage="" run="0" submitted="true" cached="false" isRedirectFollow="false" requestBodyBytesHandle="-2" responseBytesHandle="32">
                      <Request url="http://localhost:6611/images/01-g2_07.gif" command="GET /images/01-g2_07.gif HTTP/1.1" encoding="utf-8">
                        <Headers>Referer : http://localhost:6611/N_WorkFlow/VDocument/Document_Out.aspx?fid=1
User-Agent : Mozilla/4.0 (compatible; MSIE 7.0; Windows NT 5.1)
Accept : */*
Accept-Language : zh-CN
Accept-Encoding : GZIP
Host : localhost:6611
Cookie : .TunnelLogin=7D6F9B95393A47FD0EEA8F3B5BEF0E014E06B04E8E9618E0DC91C5E52D6DE7281A43EB9B9C498EA73856CB260AB2A41B0D8431CA3A3B3B169611848566D76E067317AD64B2E067CB0A62E95AA532F369
</Headers>
                      </Request>
                      <Response url="http://localhost:6611/images/01-g2_07.gif" contentType="image/gif" statusLine="HTTP/1.1 200 OK" pageTime="NaN" time="0.001" statusCodeString="200 OK" contentLength="372">
                        <Headers>Connection : Close
Content-Length : 372
Cache-Control : public
Content-Type : image/gif
Date : Fri, 09 Jul 2010 04:55:31 GMT
ETag : "1CB172989038B80"
Server : ASP.NET Development Server/9.0.0.0
X-AspNet-Version : 2.0.50727
</Headers>
                      </Response>
                      <Context>
                        <Entry name="$TotalAgents" value="1" />
                        <Entry name="$ControllerName" value="PC-201005261001" />
                        <Entry name="$AgentName" value="PC-201005261001" />
                        <Entry name="$TestLogsDir" value="E:\OA\Tunnel_OA\TestResults\Administrator_PC-201005261001 2010-07-09 12_55_27\In\PC-201005261001" />
                        <Entry name="$TestDeploymentDir" value="E:\OA\Tunnel_OA\TestResults\Administrator_PC-201005261001 2010-07-09 12_55_27\Out" />
                        <Entry name="$AgentId" value="1" />
                        <Entry name="$AgentLoadDistributor" value="Microsoft.VisualStudio.TestTools.Execution.AgentLoadDistributor" />
                        <Entry name="$TestDir" value="E:\OA\Tunnel_OA\TestResults\Administrator_PC-201005261001 2010-07-09 12_55_27" />
                        <Entry name="$AgentWeighting" value="100" />
                        <Entry name="$WebTestIteration" value="1" />
                        <Entry name="$WebTestUserId" value="1" />
                        <Entry name="$HIDDEN1.__VIEWSTATE" value="/wEPDwUKLTUxMjk1MjgwOGRkij73Y76QiiBElucU/Dct6FM7s9U=" />
                        <Entry name="$HIDDEN1" value="System.String[]" />
                      </Context>
                    </WebRequestResult>
                    <WebRequestResult exceptionMessage="" run="0" submitted="true" cached="false" isRedirectFollow="false" requestBodyBytesHandle="-2" responseBytesHandle="33">
                      <Request url="http://localhost:6611/images/link3_01.gif" command="GET /images/link3_01.gif HTTP/1.1" encoding="utf-8">
                        <Headers>Referer : http://localhost:6611/N_WorkFlow/VDocument/Document_Out.aspx?fid=1
User-Agent : Mozilla/4.0 (compatible; MSIE 7.0; Windows NT 5.1)
Accept : */*
Accept-Language : zh-CN
Accept-Encoding : GZIP
Host : localhost:6611
Cookie : .TunnelLogin=7D6F9B95393A47FD0EEA8F3B5BEF0E014E06B04E8E9618E0DC91C5E52D6DE7281A43EB9B9C498EA73856CB260AB2A41B0D8431CA3A3B3B169611848566D76E067317AD64B2E067CB0A62E95AA532F369
</Headers>
                      </Request>
                      <Response url="http://localhost:6611/images/link3_01.gif" contentType="image/gif" statusLine="HTTP/1.1 200 OK" pageTime="NaN" time="0.001" statusCodeString="200 OK" contentLength="4801">
                        <Headers>Connection : Close
Content-Length : 4801
Cache-Control : public
Content-Type : image/gif
Date : Fri, 09 Jul 2010 04:55:31 GMT
ETag : "1CB172989038B80"
Server : ASP.NET Development Server/9.0.0.0
X-AspNet-Version : 2.0.50727
</Headers>
                      </Response>
                      <Context>
                        <Entry name="$TotalAgents" value="1" />
                        <Entry name="$ControllerName" value="PC-201005261001" />
                        <Entry name="$AgentName" value="PC-201005261001" />
                        <Entry name="$TestLogsDir" value="E:\OA\Tunnel_OA\TestResults\Administrator_PC-201005261001 2010-07-09 12_55_27\In\PC-201005261001" />
                        <Entry name="$TestDeploymentDir" value="E:\OA\Tunnel_OA\TestResults\Administrator_PC-201005261001 2010-07-09 12_55_27\Out" />
                        <Entry name="$AgentId" value="1" />
                        <Entry name="$AgentLoadDistributor" value="Microsoft.VisualStudio.TestTools.Execution.AgentLoadDistributor" />
                        <Entry name="$TestDir" value="E:\OA\Tunnel_OA\TestResults\Administrator_PC-201005261001 2010-07-09 12_55_27" />
                        <Entry name="$AgentWeighting" value="100" />
                        <Entry name="$WebTestIteration" value="1" />
                        <Entry name="$WebTestUserId" value="1" />
                        <Entry name="$HIDDEN1.__VIEWSTATE" value="/wEPDwUKLTUxMjk1MjgwOGRkij73Y76QiiBElucU/Dct6FM7s9U=" />
                        <Entry name="$HIDDEN1" value="System.String[]" />
                      </Context>
                    </WebRequestResult>
                    <WebRequestResult exceptionMessage="" run="0" submitted="true" cached="false" isRedirectFollow="false" requestBodyBytesHandle="-2" responseBytesHandle="34">
                      <Request url="http://localhost:6611/images/link3_02.gif" command="GET /images/link3_02.gif HTTP/1.1" encoding="utf-8">
                        <Headers>Referer : http://localhost:6611/N_WorkFlow/VDocument/Document_Out.aspx?fid=1
User-Agent : Mozilla/4.0 (compatible; MSIE 7.0; Windows NT 5.1)
Accept : */*
Accept-Language : zh-CN
Accept-Encoding : GZIP
Host : localhost:6611
Cookie : .TunnelLogin=7D6F9B95393A47FD0EEA8F3B5BEF0E014E06B04E8E9618E0DC91C5E52D6DE7281A43EB9B9C498EA73856CB260AB2A41B0D8431CA3A3B3B169611848566D76E067317AD64B2E067CB0A62E95AA532F369
</Headers>
                      </Request>
                      <Response url="http://localhost:6611/images/link3_02.gif" contentType="image/gif" statusLine="HTTP/1.1 200 OK" pageTime="NaN" time="0.001" statusCodeString="200 OK" contentLength="2284">
                        <Headers>Connection : Close
Content-Length : 2284
Cache-Control : public
Content-Type : image/gif
Date : Fri, 09 Jul 2010 04:55:31 GMT
ETag : "1CB172989038B80"
Server : ASP.NET Development Server/9.0.0.0
X-AspNet-Version : 2.0.50727
</Headers>
                      </Response>
                      <Context>
                        <Entry name="$TotalAgents" value="1" />
                        <Entry name="$ControllerName" value="PC-201005261001" />
                        <Entry name="$AgentName" value="PC-201005261001" />
                        <Entry name="$TestLogsDir" value="E:\OA\Tunnel_OA\TestResults\Administrator_PC-201005261001 2010-07-09 12_55_27\In\PC-201005261001" />
                        <Entry name="$TestDeploymentDir" value="E:\OA\Tunnel_OA\TestResults\Administrator_PC-201005261001 2010-07-09 12_55_27\Out" />
                        <Entry name="$AgentId" value="1" />
                        <Entry name="$AgentLoadDistributor" value="Microsoft.VisualStudio.TestTools.Execution.AgentLoadDistributor" />
                        <Entry name="$TestDir" value="E:\OA\Tunnel_OA\TestResults\Administrator_PC-201005261001 2010-07-09 12_55_27" />
                        <Entry name="$AgentWeighting" value="100" />
                        <Entry name="$WebTestIteration" value="1" />
                        <Entry name="$WebTestUserId" value="1" />
                        <Entry name="$HIDDEN1.__VIEWSTATE" value="/wEPDwUKLTUxMjk1MjgwOGRkij73Y76QiiBElucU/Dct6FM7s9U=" />
                        <Entry name="$HIDDEN1" value="System.String[]" />
                      </Context>
                    </WebRequestResult>
                    <WebRequestResult exceptionMessage="" run="0" submitted="true" cached="false" isRedirectFollow="false" requestBodyBytesHandle="-2" responseBytesHandle="36">
                      <Request url="http://localhost:6611/images/link3_03.gif" command="GET /images/link3_03.gif HTTP/1.1" encoding="utf-8">
                        <Headers>Referer : http://localhost:6611/N_WorkFlow/VDocument/Document_Out.aspx?fid=1
User-Agent : Mozilla/4.0 (compatible; MSIE 7.0; Windows NT 5.1)
Accept : */*
Accept-Language : zh-CN
Accept-Encoding : GZIP
Host : localhost:6611
Cookie : .TunnelLogin=7D6F9B95393A47FD0EEA8F3B5BEF0E014E06B04E8E9618E0DC91C5E52D6DE7281A43EB9B9C498EA73856CB260AB2A41B0D8431CA3A3B3B169611848566D76E067317AD64B2E067CB0A62E95AA532F369
</Headers>
                      </Request>
                      <Response url="http://localhost:6611/images/link3_03.gif" contentType="image/gif" statusLine="HTTP/1.1 200 OK" pageTime="NaN" time="0.001" statusCodeString="200 OK" contentLength="232">
                        <Headers>Connection : Close
Content-Length : 232
Cache-Control : public
Content-Type : image/gif
Date : Fri, 09 Jul 2010 04:55:31 GMT
ETag : "1CB172989038B80"
Server : ASP.NET Development Server/9.0.0.0
X-AspNet-Version : 2.0.50727
</Headers>
                      </Response>
                      <Context>
                        <Entry name="$TotalAgents" value="1" />
                        <Entry name="$ControllerName" value="PC-201005261001" />
                        <Entry name="$AgentName" value="PC-201005261001" />
                        <Entry name="$TestLogsDir" value="E:\OA\Tunnel_OA\TestResults\Administrator_PC-201005261001 2010-07-09 12_55_27\In\PC-201005261001" />
                        <Entry name="$TestDeploymentDir" value="E:\OA\Tunnel_OA\TestResults\Administrator_PC-201005261001 2010-07-09 12_55_27\Out" />
                        <Entry name="$AgentId" value="1" />
                        <Entry name="$AgentLoadDistributor" value="Microsoft.VisualStudio.TestTools.Execution.AgentLoadDistributor" />
                        <Entry name="$TestDir" value="E:\OA\Tunnel_OA\TestResults\Administrator_PC-201005261001 2010-07-09 12_55_27" />
                        <Entry name="$AgentWeighting" value="100" />
                        <Entry name="$WebTestIteration" value="1" />
                        <Entry name="$WebTestUserId" value="1" />
                        <Entry name="$HIDDEN1.__VIEWSTATE" value="/wEPDwUKLTUxMjk1MjgwOGRkij73Y76QiiBElucU/Dct6FM7s9U=" />
                        <Entry name="$HIDDEN1" value="System.String[]" />
                      </Context>
                    </WebRequestResult>
                  </DependantResults>
                  <ValidationRuleResults>
                    <ValidationRuleResult message="通过" ruleType="验证" name="响应 URL" />
                  </ValidationRuleResults>
                </WebRequestResult>
              </WebTestResultPage>
              <WebTestResultPage>
                <WebRequestResult exceptionMessage="" run="0" submitted="true" cached="false" isRedirectFollow="false" requestBodyBytesHandle="-2" responseBytesHandle="37">
                  <Request url="http://localhost:6611/css/fla6.swf" command="GET /css/fla6.swf HTTP/1.1" encoding="utf-8">
                    <Headers>User-Agent : Mozilla/4.0 (compatible; MSIE 7.0; Windows NT 5.1)
Accept : */*
Accept-Language : zh-CN
Accept-Encoding : GZIP
Host : localhost:6611
Cookie : .TunnelLogin=7D6F9B95393A47FD0EEA8F3B5BEF0E014E06B04E8E9618E0DC91C5E52D6DE7281A43EB9B9C498EA73856CB260AB2A41B0D8431CA3A3B3B169611848566D76E067317AD64B2E067CB0A62E95AA532F369
</Headers>
                  </Request>
                  <Response url="http://localhost:6611/css/fla6.swf" contentType="application/octet-stream" statusLine="HTTP/1.1 200 OK" pageTime="0.002" time="0.002" statusCodeString="200 OK" contentLength="183063">
                    <Headers>Connection : Close
Content-Length : 183063
Cache-Control : public
Content-Type : application/octet-stream
Date : Fri, 09 Jul 2010 04:55:31 GMT
ETag : "1CB17298739C800"
Server : ASP.NET Development Server/9.0.0.0
X-AspNet-Version : 2.0.50727
</Headers>
                  </Response>
                  <Context>
                    <Entry name="$TotalAgents" value="1" />
                    <Entry name="$ControllerName" value="PC-201005261001" />
                    <Entry name="$AgentName" value="PC-201005261001" />
                    <Entry name="$TestLogsDir" value="E:\OA\Tunnel_OA\TestResults\Administrator_PC-201005261001 2010-07-09 12_55_27\In\PC-201005261001" />
                    <Entry name="$TestDeploymentDir" value="E:\OA\Tunnel_OA\TestResults\Administrator_PC-201005261001 2010-07-09 12_55_27\Out" />
                    <Entry name="$AgentId" value="1" />
                    <Entry name="$AgentLoadDistributor" value="Microsoft.VisualStudio.TestTools.Execution.AgentLoadDistributor" />
                    <Entry name="$TestDir" value="E:\OA\Tunnel_OA\TestResults\Administrator_PC-201005261001 2010-07-09 12_55_27" />
                    <Entry name="$AgentWeighting" value="100" />
                    <Entry name="$WebTestIteration" value="1" />
                    <Entry name="$WebTestUserId" value="1" />
                    <Entry name="$HIDDEN1.__VIEWSTATE" value="/wEPDwUKLTUxMjk1MjgwOGRkij73Y76QiiBElucU/Dct6FM7s9U=" />
                    <Entry name="$HIDDEN1" value="System.String[]" />
                  </Context>
                  <ValidationRuleResults>
                    <ValidationRuleResult message="通过" ruleType="验证" name="响应 URL" />
                  </ValidationRuleResults>
                </WebRequestResult>
              </WebTestResultPage>
              <WebTestResultPage>
                <WebRequestResult exceptionMessage="" run="0" submitted="true" cached="false" isRedirectFollow="false" requestBodyBytesHandle="-2" responseBytesHandle="38">
                  <Request url="http://localhost:6611/javascript/findmessage.ashx?_=1278651270406&amp;Uid=1" command="GET /javascript/findmessage.ashx?_=1278651270406&amp;Uid=1 HTTP/1.1" encoding="utf-8">
                    <Headers>User-Agent : Mozilla/4.0 (compatible; MSIE 7.0; Windows NT 5.1)
Accept : */*
Accept-Language : zh-CN
Accept-Encoding : GZIP
Host : localhost:6611
Cookie : .TunnelLogin=7D6F9B95393A47FD0EEA8F3B5BEF0E014E06B04E8E9618E0DC91C5E52D6DE7281A43EB9B9C498EA73856CB260AB2A41B0D8431CA3A3B3B169611848566D76E067317AD64B2E067CB0A62E95AA532F369
</Headers>
                  </Request>
                  <Response url="http://localhost:6611/javascript/findmessage.ashx?_=1278651270406&amp;Uid=1" contentType="text/plain; charset=utf-8" statusLine="HTTP/1.1 200 OK" pageTime="0.002" time="0.002" statusCodeString="200 OK" contentLength="1">
                    <Headers>Connection : Close
Content-Length : 1
Cache-Control : private
Content-Type : text/plain; charset=utf-8
Date : Fri, 09 Jul 2010 04:55:31 GMT
Server : ASP.NET Development Server/9.0.0.0
X-AspNet-Version : 2.0.50727
</Headers>
                  </Response>
                  <Context>
                    <Entry name="$TotalAgents" value="1" />
                    <Entry name="$ControllerName" value="PC-201005261001" />
                    <Entry name="$AgentName" value="PC-201005261001" />
                    <Entry name="$TestLogsDir" value="E:\OA\Tunnel_OA\TestResults\Administrator_PC-201005261001 2010-07-09 12_55_27\In\PC-201005261001" />
                    <Entry name="$TestDeploymentDir" value="E:\OA\Tunnel_OA\TestResults\Administrator_PC-201005261001 2010-07-09 12_55_27\Out" />
                    <Entry name="$AgentId" value="1" />
                    <Entry name="$AgentLoadDistributor" value="Microsoft.VisualStudio.TestTools.Execution.AgentLoadDistributor" />
                    <Entry name="$TestDir" value="E:\OA\Tunnel_OA\TestResults\Administrator_PC-201005261001 2010-07-09 12_55_27" />
                    <Entry name="$AgentWeighting" value="100" />
                    <Entry name="$WebTestIteration" value="1" />
                    <Entry name="$WebTestUserId" value="1" />
                    <Entry name="$HIDDEN1.__VIEWSTATE" value="/wEPDwUKLTUxMjk1MjgwOGRkij73Y76QiiBElucU/Dct6FM7s9U=" />
                    <Entry name="$HIDDEN1" value="System.String[]" />
                  </Context>
                  <ValidationRuleResults>
                    <ValidationRuleResult message="通过" ruleType="验证" name="响应 URL" />
                  </ValidationRuleResults>
                </WebRequestResult>
              </WebTestResultPage>
              <WebTestResultPage>
                <WebRequestResult exceptionMessage="" run="0" submitted="true" cached="false" isRedirectFollow="false" requestBodyBytesHandle="-2" responseBytesHandle="38">
                  <Request url="http://localhost:6611/javascript/findmessage.ashx?_=1278651275406&amp;Uid=1" command="GET /javascript/findmessage.ashx?_=1278651275406&amp;Uid=1 HTTP/1.1" encoding="utf-8">
                    <Headers>User-Agent : Mozilla/4.0 (compatible; MSIE 7.0; Windows NT 5.1)
Accept : */*
Accept-Language : zh-CN
Accept-Encoding : GZIP
Host : localhost:6611
Cookie : .TunnelLogin=7D6F9B95393A47FD0EEA8F3B5BEF0E014E06B04E8E9618E0DC91C5E52D6DE7281A43EB9B9C498EA73856CB260AB2A41B0D8431CA3A3B3B169611848566D76E067317AD64B2E067CB0A62E95AA532F369
</Headers>
                  </Request>
                  <Response url="http://localhost:6611/javascript/findmessage.ashx?_=1278651275406&amp;Uid=1" contentType="text/plain; charset=utf-8" statusLine="HTTP/1.1 200 OK" pageTime="0.002" time="0.002" statusCodeString="200 OK" contentLength="1">
                    <Headers>Connection : Close
Content-Length : 1
Cache-Control : private
Content-Type : text/plain; charset=utf-8
Date : Fri, 09 Jul 2010 04:55:31 GMT
Server : ASP.NET Development Server/9.0.0.0
X-AspNet-Version : 2.0.50727
</Headers>
                  </Response>
                  <Context>
                    <Entry name="$TotalAgents" value="1" />
                    <Entry name="$ControllerName" value="PC-201005261001" />
                    <Entry name="$AgentName" value="PC-201005261001" />
                    <Entry name="$TestLogsDir" value="E:\OA\Tunnel_OA\TestResults\Administrator_PC-201005261001 2010-07-09 12_55_27\In\PC-201005261001" />
                    <Entry name="$TestDeploymentDir" value="E:\OA\Tunnel_OA\TestResults\Administrator_PC-201005261001 2010-07-09 12_55_27\Out" />
                    <Entry name="$AgentId" value="1" />
                    <Entry name="$AgentLoadDistributor" value="Microsoft.VisualStudio.TestTools.Execution.AgentLoadDistributor" />
                    <Entry name="$TestDir" value="E:\OA\Tunnel_OA\TestResults\Administrator_PC-201005261001 2010-07-09 12_55_27" />
                    <Entry name="$AgentWeighting" value="100" />
                    <Entry name="$WebTestIteration" value="1" />
                    <Entry name="$WebTestUserId" value="1" />
                    <Entry name="$HIDDEN1.__VIEWSTATE" value="/wEPDwUKLTUxMjk1MjgwOGRkij73Y76QiiBElucU/Dct6FM7s9U=" />
                    <Entry name="$HIDDEN1" value="System.String[]" />
                  </Context>
                  <ValidationRuleResults>
                    <ValidationRuleResult message="通过" ruleType="验证" name="响应 URL" />
                  </ValidationRuleResults>
                </WebRequestResult>
              </WebTestResultPage>
              <WebTestResultPage>
                <WebRequestResult exceptionMessage="" run="0" submitted="true" cached="false" isRedirectFollow="false" requestBodyBytesHandle="-2" responseBytesHandle="38">
                  <Request url="http://localhost:6611/javascript/findmessage.ashx?_=1278651280406&amp;Uid=1" command="GET /javascript/findmessage.ashx?_=1278651280406&amp;Uid=1 HTTP/1.1" encoding="utf-8">
                    <Headers>User-Agent : Mozilla/4.0 (compatible; MSIE 7.0; Windows NT 5.1)
Accept : */*
Accept-Language : zh-CN
Accept-Encoding : GZIP
Host : localhost:6611
Cookie : .TunnelLogin=7D6F9B95393A47FD0EEA8F3B5BEF0E014E06B04E8E9618E0DC91C5E52D6DE7281A43EB9B9C498EA73856CB260AB2A41B0D8431CA3A3B3B169611848566D76E067317AD64B2E067CB0A62E95AA532F369
</Headers>
                  </Request>
                  <Response url="http://localhost:6611/javascript/findmessage.ashx?_=1278651280406&amp;Uid=1" contentType="text/plain; charset=utf-8" statusLine="HTTP/1.1 200 OK" pageTime="0.005" time="0.005" statusCodeString="200 OK" contentLength="1">
                    <Headers>Connection : Close
Content-Length : 1
Cache-Control : private
Content-Type : text/plain; charset=utf-8
Date : Fri, 09 Jul 2010 04:55:31 GMT
Server : ASP.NET Development Server/9.0.0.0
X-AspNet-Version : 2.0.50727
</Headers>
                  </Response>
                  <Context>
                    <Entry name="$TotalAgents" value="1" />
                    <Entry name="$ControllerName" value="PC-201005261001" />
                    <Entry name="$AgentName" value="PC-201005261001" />
                    <Entry name="$TestLogsDir" value="E:\OA\Tunnel_OA\TestResults\Administrator_PC-201005261001 2010-07-09 12_55_27\In\PC-201005261001" />
                    <Entry name="$TestDeploymentDir" value="E:\OA\Tunnel_OA\TestResults\Administrator_PC-201005261001 2010-07-09 12_55_27\Out" />
                    <Entry name="$AgentId" value="1" />
                    <Entry name="$AgentLoadDistributor" value="Microsoft.VisualStudio.TestTools.Execution.AgentLoadDistributor" />
                    <Entry name="$TestDir" value="E:\OA\Tunnel_OA\TestResults\Administrator_PC-201005261001 2010-07-09 12_55_27" />
                    <Entry name="$AgentWeighting" value="100" />
                    <Entry name="$WebTestIteration" value="1" />
                    <Entry name="$WebTestUserId" value="1" />
                    <Entry name="$HIDDEN1.__VIEWSTATE" value="/wEPDwUKLTUxMjk1MjgwOGRkij73Y76QiiBElucU/Dct6FM7s9U=" />
                    <Entry name="$HIDDEN1" value="System.String[]" />
                  </Context>
                  <ValidationRuleResults>
                    <ValidationRuleResult message="通过" ruleType="验证" name="响应 URL" />
                  </ValidationRuleResults>
                </WebRequestResult>
              </WebTestResultPage>
              <WebTestResultPage>
                <WebRequestResult exceptionMessage="" run="0" submitted="true" cached="false" isRedirectFollow="false" requestBodyBytesHandle="-2" responseBytesHandle="39">
                  <Request url="http://localhost:6611/N_WorkFlow/VDocument/Document_In.aspx" command="GET /N_WorkFlow/VDocument/Document_In.aspx HTTP/1.1" encoding="utf-8">
                    <Headers>User-Agent : Mozilla/4.0 (compatible; MSIE 7.0; Windows NT 5.1)
Accept : */*
Accept-Language : zh-CN
Accept-Encoding : GZIP
Host : localhost:6611
Cookie : .TunnelLogin=7D6F9B95393A47FD0EEA8F3B5BEF0E014E06B04E8E9618E0DC91C5E52D6DE7281A43EB9B9C498EA73856CB260AB2A41B0D8431CA3A3B3B169611848566D76E067317AD64B2E067CB0A62E95AA532F369
</Headers>
                  </Request>
                  <Response url="http://localhost:6611/N_WorkFlow/VDocument/Document_In.aspx" contentType="text/html; charset=utf-8" statusLine="HTTP/1.1 200 OK" pageTime="0.119" time="0.104" statusCodeString="200 OK" contentLength="49026">
                    <Headers>Connection : Close
Content-Length : 49026
Cache-Control : private
Content-Type : text/html; charset=utf-8
Date : Fri, 09 Jul 2010 04:55:31 GMT
Server : ASP.NET Development Server/9.0.0.0
X-AspNet-Version : 2.0.50727
</Headers>
                  </Response>
                  <Context>
                    <Entry name="$TotalAgents" value="1" />
                    <Entry name="$ControllerName" value="PC-201005261001" />
                    <Entry name="$AgentName" value="PC-201005261001" />
                    <Entry name="$TestLogsDir" value="E:\OA\Tunnel_OA\TestResults\Administrator_PC-201005261001 2010-07-09 12_55_27\In\PC-201005261001" />
                    <Entry name="$TestDeploymentDir" value="E:\OA\Tunnel_OA\TestResults\Administrator_PC-201005261001 2010-07-09 12_55_27\Out" />
                    <Entry name="$AgentId" value="1" />
                    <Entry name="$AgentLoadDistributor" value="Microsoft.VisualStudio.TestTools.Execution.AgentLoadDistributor" />
                    <Entry name="$TestDir" value="E:\OA\Tunnel_OA\TestResults\Administrator_PC-201005261001 2010-07-09 12_55_27" />
                    <Entry name="$AgentWeighting" value="100" />
                    <Entry name="$WebTestIteration" value="1" />
                    <Entry name="$WebTestUserId" value="1" />
                    <Entry name="$HIDDEN1.__VIEWSTATE" value="/wEPDwUKLTUxMjk1MjgwOGRkij73Y76QiiBElucU/Dct6FM7s9U=" />
                    <Entry name="$HIDDEN1" value="System.String[]" />
                  </Context>
                  <DependantResults>
                    <WebRequestResult exceptionMessage="" run="0" submitted="true" cached="false" isRedirectFollow="false" requestBodyBytesHandle="-2" responseBytesHandle="19">
                      <Request url="http://localhost:6611/javascript/StrLength.js" command="GET /javascript/StrLength.js HTTP/1.1" encoding="utf-8">
                        <Headers>Referer : http://localhost:6611/N_WorkFlow/VDocument/Document_In.aspx
User-Agent : Mozilla/4.0 (compatible; MSIE 7.0; Windows NT 5.1)
Accept : */*
Accept-Language : zh-CN
Accept-Encoding : GZIP
Host : localhost:6611
Cookie : .TunnelLogin=7D6F9B95393A47FD0EEA8F3B5BEF0E014E06B04E8E9618E0DC91C5E52D6DE7281A43EB9B9C498EA73856CB260AB2A41B0D8431CA3A3B3B169611848566D76E067317AD64B2E067CB0A62E95AA532F369
</Headers>
                      </Request>
                      <Response url="http://localhost:6611/javascript/StrLength.js" contentType="application/x-javascript" statusLine="HTTP/1.1 200 OK" pageTime="NaN" time="0.001" statusCodeString="200 OK" contentLength="734">
                        <Headers>Connection : Close
Content-Length : 734
Cache-Control : private
Content-Type : application/x-javascript
Date : Fri, 09 Jul 2010 04:55:31 GMT
Server : ASP.NET Development Server/9.0.0.0
X-AspNet-Version : 2.0.50727
</Headers>
                      </Response>
                      <Context>
                        <Entry name="$TotalAgents" value="1" />
                        <Entry name="$ControllerName" value="PC-201005261001" />
                        <Entry name="$AgentName" value="PC-201005261001" />
                        <Entry name="$TestLogsDir" value="E:\OA\Tunnel_OA\TestResults\Administrator_PC-201005261001 2010-07-09 12_55_27\In\PC-201005261001" />
                        <Entry name="$TestDeploymentDir" value="E:\OA\Tunnel_OA\TestResults\Administrator_PC-201005261001 2010-07-09 12_55_27\Out" />
                        <Entry name="$AgentId" value="1" />
                        <Entry name="$AgentLoadDistributor" value="Microsoft.VisualStudio.TestTools.Execution.AgentLoadDistributor" />
                        <Entry name="$TestDir" value="E:\OA\Tunnel_OA\TestResults\Administrator_PC-201005261001 2010-07-09 12_55_27" />
                        <Entry name="$AgentWeighting" value="100" />
                        <Entry name="$WebTestIteration" value="1" />
                        <Entry name="$WebTestUserId" value="1" />
                        <Entry name="$HIDDEN1.__VIEWSTATE" value="/wEPDwUKLTUxMjk1MjgwOGRkij73Y76QiiBElucU/Dct6FM7s9U=" />
                        <Entry name="$HIDDEN1" value="System.String[]" />
                      </Context>
                    </WebRequestResult>
                    <WebRequestResult exceptionMessage="" run="0" submitted="true" cached="false" isRedirectFollow="false" requestBodyBytesHandle="-2" responseBytesHandle="20">
                      <Request url="http://localhost:6611/javascript/jquery-1.3.2.min.js" command="GET /javascript/jquery-1.3.2.min.js HTTP/1.1" encoding="utf-8">
                        <Headers>Referer : http://localhost:6611/N_WorkFlow/VDocument/Document_In.aspx
User-Agent : Mozilla/4.0 (compatible; MSIE 7.0; Windows NT 5.1)
Accept : */*
Accept-Language : zh-CN
Accept-Encoding : GZIP
Host : localhost:6611
Cookie : .TunnelLogin=7D6F9B95393A47FD0EEA8F3B5BEF0E014E06B04E8E9618E0DC91C5E52D6DE7281A43EB9B9C498EA73856CB260AB2A41B0D8431CA3A3B3B169611848566D76E067317AD64B2E067CB0A62E95AA532F369
</Headers>
                      </Request>
                      <Response url="http://localhost:6611/javascript/jquery-1.3.2.min.js" contentType="application/x-javascript" statusLine="HTTP/1.1 200 OK" pageTime="NaN" time="0.002" statusCodeString="200 OK" contentLength="64616">
                        <Headers>Connection : Close
Content-Length : 64616
Cache-Control : private
Content-Type : application/x-javascript
Date : Fri, 09 Jul 2010 04:55:31 GMT
Server : ASP.NET Development Server/9.0.0.0
X-AspNet-Version : 2.0.50727
</Headers>
                      </Response>
                      <Context>
                        <Entry name="$TotalAgents" value="1" />
                        <Entry name="$ControllerName" value="PC-201005261001" />
                        <Entry name="$AgentName" value="PC-201005261001" />
                        <Entry name="$TestLogsDir" value="E:\OA\Tunnel_OA\TestResults\Administrator_PC-201005261001 2010-07-09 12_55_27\In\PC-201005261001" />
                        <Entry name="$TestDeploymentDir" value="E:\OA\Tunnel_OA\TestResults\Administrator_PC-201005261001 2010-07-09 12_55_27\Out" />
                        <Entry name="$AgentId" value="1" />
                        <Entry name="$AgentLoadDistributor" value="Microsoft.VisualStudio.TestTools.Execution.AgentLoadDistributor" />
                        <Entry name="$TestDir" value="E:\OA\Tunnel_OA\TestResults\Administrator_PC-201005261001 2010-07-09 12_55_27" />
                        <Entry name="$AgentWeighting" value="100" />
                        <Entry name="$WebTestIteration" value="1" />
                        <Entry name="$WebTestUserId" value="1" />
                        <Entry name="$HIDDEN1.__VIEWSTATE" value="/wEPDwUKLTUxMjk1MjgwOGRkij73Y76QiiBElucU/Dct6FM7s9U=" />
                        <Entry name="$HIDDEN1" value="System.String[]" />
                      </Context>
                    </WebRequestResult>
                    <WebRequestResult exceptionMessage="" run="0" submitted="true" cached="false" isRedirectFollow="false" requestBodyBytesHandle="-2" responseBytesHandle="21">
                      <Request url="http://localhost:6611/css/Css.css" command="GET /css/Css.css HTTP/1.1" encoding="utf-8">
                        <Headers>Referer : http://localhost:6611/N_WorkFlow/VDocument/Document_In.aspx
User-Agent : Mozilla/4.0 (compatible; MSIE 7.0; Windows NT 5.1)
Accept : */*
Accept-Language : zh-CN
Accept-Encoding : GZIP
Host : localhost:6611
Cookie : .TunnelLogin=7D6F9B95393A47FD0EEA8F3B5BEF0E014E06B04E8E9618E0DC91C5E52D6DE7281A43EB9B9C498EA73856CB260AB2A41B0D8431CA3A3B3B169611848566D76E067317AD64B2E067CB0A62E95AA532F369
</Headers>
                      </Request>
                      <Response url="http://localhost:6611/css/Css.css" contentType="text/css" statusLine="HTTP/1.1 200 OK" pageTime="NaN" time="0.001" statusCodeString="200 OK" contentLength="6157">
                        <Headers>Connection : Close
Content-Length : 6157
Cache-Control : public
Content-Type : text/css
Date : Fri, 09 Jul 2010 04:55:31 GMT
ETag : "1CB1CBCAEAA0B00"
Server : ASP.NET Development Server/9.0.0.0
X-AspNet-Version : 2.0.50727
</Headers>
                      </Response>
                      <Context>
                        <Entry name="$TotalAgents" value="1" />
                        <Entry name="$ControllerName" value="PC-201005261001" />
                        <Entry name="$AgentName" value="PC-201005261001" />
                        <Entry name="$TestLogsDir" value="E:\OA\Tunnel_OA\TestResults\Administrator_PC-201005261001 2010-07-09 12_55_27\In\PC-201005261001" />
                        <Entry name="$TestDeploymentDir" value="E:\OA\Tunnel_OA\TestResults\Administrator_PC-201005261001 2010-07-09 12_55_27\Out" />
                        <Entry name="$AgentId" value="1" />
                        <Entry name="$AgentLoadDistributor" value="Microsoft.VisualStudio.TestTools.Execution.AgentLoadDistributor" />
                        <Entry name="$TestDir" value="E:\OA\Tunnel_OA\TestResults\Administrator_PC-201005261001 2010-07-09 12_55_27" />
                        <Entry name="$AgentWeighting" value="100" />
                        <Entry name="$WebTestIteration" value="1" />
                        <Entry name="$WebTestUserId" value="1" />
                        <Entry name="$HIDDEN1.__VIEWSTATE" value="/wEPDwUKLTUxMjk1MjgwOGRkij73Y76QiiBElucU/Dct6FM7s9U=" />
                        <Entry name="$HIDDEN1" value="System.String[]" />
                      </Context>
                    </WebRequestResult>
                    <WebRequestResult exceptionMessage="" run="0" submitted="true" cached="false" isRedirectFollow="false" requestBodyBytesHandle="-2" responseBytesHandle="22">
                      <Request url="http://localhost:6611/css/leftCss.css" command="GET /css/leftCss.css HTTP/1.1" encoding="utf-8">
                        <Headers>Referer : http://localhost:6611/N_WorkFlow/VDocument/Document_In.aspx
User-Agent : Mozilla/4.0 (compatible; MSIE 7.0; Windows NT 5.1)
Accept : */*
Accept-Language : zh-CN
Accept-Encoding : GZIP
Host : localhost:6611
Cookie : .TunnelLogin=7D6F9B95393A47FD0EEA8F3B5BEF0E014E06B04E8E9618E0DC91C5E52D6DE7281A43EB9B9C498EA73856CB260AB2A41B0D8431CA3A3B3B169611848566D76E067317AD64B2E067CB0A62E95AA532F369
</Headers>
                      </Request>
                      <Response url="http://localhost:6611/css/leftCss.css" contentType="text/css" statusLine="HTTP/1.1 200 OK" pageTime="NaN" time="0.001" statusCodeString="200 OK" contentLength="1474">
                        <Headers>Connection : Close
Content-Length : 1474
Cache-Control : public
Content-Type : text/css
Date : Fri, 09 Jul 2010 04:55:31 GMT
ETag : "1CB17298739C800"
Server : ASP.NET Development Server/9.0.0.0
X-AspNet-Version : 2.0.50727
</Headers>
                      </Response>
                      <Context>
                        <Entry name="$TotalAgents" value="1" />
                        <Entry name="$ControllerName" value="PC-201005261001" />
                        <Entry name="$AgentName" value="PC-201005261001" />
                        <Entry name="$TestLogsDir" value="E:\OA\Tunnel_OA\TestResults\Administrator_PC-201005261001 2010-07-09 12_55_27\In\PC-201005261001" />
                        <Entry name="$TestDeploymentDir" value="E:\OA\Tunnel_OA\TestResults\Administrator_PC-201005261001 2010-07-09 12_55_27\Out" />
                        <Entry name="$AgentId" value="1" />
                        <Entry name="$AgentLoadDistributor" value="Microsoft.VisualStudio.TestTools.Execution.AgentLoadDistributor" />
                        <Entry name="$TestDir" value="E:\OA\Tunnel_OA\TestResults\Administrator_PC-201005261001 2010-07-09 12_55_27" />
                        <Entry name="$AgentWeighting" value="100" />
                        <Entry name="$WebTestIteration" value="1" />
                        <Entry name="$WebTestUserId" value="1" />
                        <Entry name="$HIDDEN1.__VIEWSTATE" value="/wEPDwUKLTUxMjk1MjgwOGRkij73Y76QiiBElucU/Dct6FM7s9U=" />
                        <Entry name="$HIDDEN1" value="System.String[]" />
                      </Context>
                    </WebRequestResult>
                    <WebRequestResult exceptionMessage="" run="0" submitted="true" cached="false" isRedirectFollow="false" requestBodyBytesHandle="-2" responseBytesHandle="23">
                      <Request url="http://localhost:6611/javascript/getmessage.js" command="GET /javascript/getmessage.js HTTP/1.1" encoding="utf-8">
                        <Headers>Referer : http://localhost:6611/N_WorkFlow/VDocument/Document_In.aspx
User-Agent : Mozilla/4.0 (compatible; MSIE 7.0; Windows NT 5.1)
Accept : */*
Accept-Language : zh-CN
Accept-Encoding : GZIP
Host : localhost:6611
Cookie : .TunnelLogin=7D6F9B95393A47FD0EEA8F3B5BEF0E014E06B04E8E9618E0DC91C5E52D6DE7281A43EB9B9C498EA73856CB260AB2A41B0D8431CA3A3B3B169611848566D76E067317AD64B2E067CB0A62E95AA532F369
</Headers>
                      </Request>
                      <Response url="http://localhost:6611/javascript/getmessage.js" contentType="application/x-javascript" statusLine="HTTP/1.1 200 OK" pageTime="NaN" time="0.001" statusCodeString="200 OK" contentLength="1150">
                        <Headers>Connection : Close
Content-Length : 1150
Cache-Control : private
Content-Type : application/x-javascript
Date : Fri, 09 Jul 2010 04:55:31 GMT
Server : ASP.NET Development Server/9.0.0.0
X-AspNet-Version : 2.0.50727
</Headers>
                      </Response>
                      <Context>
                        <Entry name="$TotalAgents" value="1" />
                        <Entry name="$ControllerName" value="PC-201005261001" />
                        <Entry name="$AgentName" value="PC-201005261001" />
                        <Entry name="$TestLogsDir" value="E:\OA\Tunnel_OA\TestResults\Administrator_PC-201005261001 2010-07-09 12_55_27\In\PC-201005261001" />
                        <Entry name="$TestDeploymentDir" value="E:\OA\Tunnel_OA\TestResults\Administrator_PC-201005261001 2010-07-09 12_55_27\Out" />
                        <Entry name="$AgentId" value="1" />
                        <Entry name="$AgentLoadDistributor" value="Microsoft.VisualStudio.TestTools.Execution.AgentLoadDistributor" />
                        <Entry name="$TestDir" value="E:\OA\Tunnel_OA\TestResults\Administrator_PC-201005261001 2010-07-09 12_55_27" />
                        <Entry name="$AgentWeighting" value="100" />
                        <Entry name="$WebTestIteration" value="1" />
                        <Entry name="$WebTestUserId" value="1" />
                        <Entry name="$HIDDEN1.__VIEWSTATE" value="/wEPDwUKLTUxMjk1MjgwOGRkij73Y76QiiBElucU/Dct6FM7s9U=" />
                        <Entry name="$HIDDEN1" value="System.String[]" />
                      </Context>
                    </WebRequestResult>
                    <WebRequestResult exceptionMessage="" run="0" submitted="true" cached="false" isRedirectFollow="false" requestBodyBytesHandle="-2" responseBytesHandle="24">
                      <Request url="http://localhost:6611/images/line.gif" command="GET /images/line.gif HTTP/1.1" encoding="utf-8">
                        <Headers>Referer : http://localhost:6611/N_WorkFlow/VDocument/Document_In.aspx
User-Agent : Mozilla/4.0 (compatible; MSIE 7.0; Windows NT 5.1)
Accept : */*
Accept-Language : zh-CN
Accept-Encoding : GZIP
Host : localhost:6611
Cookie : .TunnelLogin=7D6F9B95393A47FD0EEA8F3B5BEF0E014E06B04E8E9618E0DC91C5E52D6DE7281A43EB9B9C498EA73856CB260AB2A41B0D8431CA3A3B3B169611848566D76E067317AD64B2E067CB0A62E95AA532F369
</Headers>
                      </Request>
                      <Response url="http://localhost:6611/images/line.gif" contentType="image/gif" statusLine="HTTP/1.1 200 OK" pageTime="NaN" time="0.001" statusCodeString="200 OK" contentLength="93">
                        <Headers>Connection : Close
Content-Length : 93
Cache-Control : public
Content-Type : image/gif
Date : Fri, 09 Jul 2010 04:55:31 GMT
ETag : "1CB172989038B80"
Server : ASP.NET Development Server/9.0.0.0
X-AspNet-Version : 2.0.50727
</Headers>
                      </Response>
                      <Context>
                        <Entry name="$TotalAgents" value="1" />
                        <Entry name="$ControllerName" value="PC-201005261001" />
                        <Entry name="$AgentName" value="PC-201005261001" />
                        <Entry name="$TestLogsDir" value="E:\OA\Tunnel_OA\TestResults\Administrator_PC-201005261001 2010-07-09 12_55_27\In\PC-201005261001" />
                        <Entry name="$TestDeploymentDir" value="E:\OA\Tunnel_OA\TestResults\Administrator_PC-201005261001 2010-07-09 12_55_27\Out" />
                        <Entry name="$AgentId" value="1" />
                        <Entry name="$AgentLoadDistributor" value="Microsoft.VisualStudio.TestTools.Execution.AgentLoadDistributor" />
                        <Entry name="$TestDir" value="E:\OA\Tunnel_OA\TestResults\Administrator_PC-201005261001 2010-07-09 12_55_27" />
                        <Entry name="$AgentWeighting" value="100" />
                        <Entry name="$WebTestIteration" value="1" />
                        <Entry name="$WebTestUserId" value="1" />
                        <Entry name="$HIDDEN1.__VIEWSTATE" value="/wEPDwUKLTUxMjk1MjgwOGRkij73Y76QiiBElucU/Dct6FM7s9U=" />
                        <Entry name="$HIDDEN1" value="System.String[]" />
                      </Context>
                    </WebRequestResult>
                    <WebRequestResult exceptionMessage="" run="0" submitted="true" cached="false" isRedirectFollow="false" requestBodyBytesHandle="-2" responseBytesHandle="25">
                      <Request url="http://localhost:6611/images/arra.gif" command="GET /images/arra.gif HTTP/1.1" encoding="utf-8">
                        <Headers>Referer : http://localhost:6611/N_WorkFlow/VDocument/Document_In.aspx
User-Agent : Mozilla/4.0 (compatible; MSIE 7.0; Windows NT 5.1)
Accept : */*
Accept-Language : zh-CN
Accept-Encoding : GZIP
Host : localhost:6611
Cookie : .TunnelLogin=7D6F9B95393A47FD0EEA8F3B5BEF0E014E06B04E8E9618E0DC91C5E52D6DE7281A43EB9B9C498EA73856CB260AB2A41B0D8431CA3A3B3B169611848566D76E067317AD64B2E067CB0A62E95AA532F369
</Headers>
                      </Request>
                      <Response url="http://localhost:6611/images/arra.gif" contentType="image/gif" statusLine="HTTP/1.1 200 OK" pageTime="NaN" time="0.001" statusCodeString="200 OK" contentLength="48">
                        <Headers>Connection : Close
Content-Length : 48
Cache-Control : public
Content-Type : image/gif
Date : Fri, 09 Jul 2010 04:55:31 GMT
ETag : "1CB172989038B80"
Server : ASP.NET Development Server/9.0.0.0
X-AspNet-Version : 2.0.50727
</Headers>
                      </Response>
                      <Context>
                        <Entry name="$TotalAgents" value="1" />
                        <Entry name="$ControllerName" value="PC-201005261001" />
                        <Entry name="$AgentName" value="PC-201005261001" />
                        <Entry name="$TestLogsDir" value="E:\OA\Tunnel_OA\TestResults\Administrator_PC-201005261001 2010-07-09 12_55_27\In\PC-201005261001" />
                        <Entry name="$TestDeploymentDir" value="E:\OA\Tunnel_OA\TestResults\Administrator_PC-201005261001 2010-07-09 12_55_27\Out" />
                        <Entry name="$AgentId" value="1" />
                        <Entry name="$AgentLoadDistributor" value="Microsoft.VisualStudio.TestTools.Execution.AgentLoadDistributor" />
                        <Entry name="$TestDir" value="E:\OA\Tunnel_OA\TestResults\Administrator_PC-201005261001 2010-07-09 12_55_27" />
                        <Entry name="$AgentWeighting" value="100" />
                        <Entry name="$WebTestIteration" value="1" />
                        <Entry name="$WebTestUserId" value="1" />
                        <Entry name="$HIDDEN1.__VIEWSTATE" value="/wEPDwUKLTUxMjk1MjgwOGRkij73Y76QiiBElucU/Dct6FM7s9U=" />
                        <Entry name="$HIDDEN1" value="System.String[]" />
                      </Context>
                    </WebRequestResult>
                    <WebRequestResult exceptionMessage="" run="0" submitted="true" cached="false" isRedirectFollow="false" requestBodyBytesHandle="-2" responseBytesHandle="26">
                      <Request url="http://localhost:6611/images/new_icon01.gif" command="GET /images/new_icon01.gif HTTP/1.1" encoding="utf-8">
                        <Headers>Referer : http://localhost:6611/N_WorkFlow/VDocument/Document_In.aspx
User-Agent : Mozilla/4.0 (compatible; MSIE 7.0; Windows NT 5.1)
Accept : */*
Accept-Language : zh-CN
Accept-Encoding : GZIP
Host : localhost:6611
Cookie : .TunnelLogin=7D6F9B95393A47FD0EEA8F3B5BEF0E014E06B04E8E9618E0DC91C5E52D6DE7281A43EB9B9C498EA73856CB260AB2A41B0D8431CA3A3B3B169611848566D76E067317AD64B2E067CB0A62E95AA532F369
</Headers>
                      </Request>
                      <Response url="http://localhost:6611/images/new_icon01.gif" contentType="image/gif" statusLine="HTTP/1.1 200 OK" pageTime="NaN" time="0.001" statusCodeString="200 OK" contentLength="71">
                        <Headers>Connection : Close
Content-Length : 71
Cache-Control : public
Content-Type : image/gif
Date : Fri, 09 Jul 2010 04:55:31 GMT
ETag : "1CB1729899C2200"
Server : ASP.NET Development Server/9.0.0.0
X-AspNet-Version : 2.0.50727
</Headers>
                      </Response>
                      <Context>
                        <Entry name="$TotalAgents" value="1" />
                        <Entry name="$ControllerName" value="PC-201005261001" />
                        <Entry name="$AgentName" value="PC-201005261001" />
                        <Entry name="$TestLogsDir" value="E:\OA\Tunnel_OA\TestResults\Administrator_PC-201005261001 2010-07-09 12_55_27\In\PC-201005261001" />
                        <Entry name="$TestDeploymentDir" value="E:\OA\Tunnel_OA\TestResults\Administrator_PC-201005261001 2010-07-09 12_55_27\Out" />
                        <Entry name="$AgentId" value="1" />
                        <Entry name="$AgentLoadDistributor" value="Microsoft.VisualStudio.TestTools.Execution.AgentLoadDistributor" />
                        <Entry name="$TestDir" value="E:\OA\Tunnel_OA\TestResults\Administrator_PC-201005261001 2010-07-09 12_55_27" />
                        <Entry name="$AgentWeighting" value="100" />
                        <Entry name="$WebTestIteration" value="1" />
                        <Entry name="$WebTestUserId" value="1" />
                        <Entry name="$HIDDEN1.__VIEWSTATE" value="/wEPDwUKLTUxMjk1MjgwOGRkij73Y76QiiBElucU/Dct6FM7s9U=" />
                        <Entry name="$HIDDEN1" value="System.String[]" />
                      </Context>
                    </WebRequestResult>
                    <WebRequestResult exceptionMessage="" run="0" submitted="true" cached="false" isRedirectFollow="false" requestBodyBytesHandle="-2" responseBytesHandle="27">
                      <Request url="http://localhost:6611/WebResource.axd?d=hIEC4JkV4kGqEge4C8Fd_g2&amp;t=634116702580000000" command="GET /WebResource.axd?d=hIEC4JkV4kGqEge4C8Fd_g2&amp;t=634116702580000000 HTTP/1.1" encoding="utf-8">
                        <Headers>Referer : http://localhost:6611/N_WorkFlow/VDocument/Document_In.aspx
User-Agent : Mozilla/4.0 (compatible; MSIE 7.0; Windows NT 5.1)
Accept : */*
Accept-Language : zh-CN
Accept-Encoding : GZIP
Host : localhost:6611
Cookie : .TunnelLogin=7D6F9B95393A47FD0EEA8F3B5BEF0E014E06B04E8E9618E0DC91C5E52D6DE7281A43EB9B9C498EA73856CB260AB2A41B0D8431CA3A3B3B169611848566D76E067317AD64B2E067CB0A62E95AA532F369
</Headers>
                      </Request>
                      <Response url="http://localhost:6611/WebResource.axd?d=hIEC4JkV4kGqEge4C8Fd_g2&amp;t=634116702580000000" contentType="image/gif" statusLine="HTTP/1.1 200 OK" pageTime="NaN" time="0" statusCodeString="200 OK" contentLength="43">
                        <Headers>Connection : Close
Content-Length : 43
Cache-Control : public
Content-Type : image/gif
Date : Fri, 09 Jul 2010 04:55:31 GMT
Expires : Sat, 09 Jul 2011 04:55:30 GMT
Last-Modified : Wed, 09 Jun 2010 00:50:58 GMT
Server : ASP.NET Development Server/9.0.0.0
X-AspNet-Version : 2.0.50727
</Headers>
                      </Response>
                      <Context>
                        <Entry name="$TotalAgents" value="1" />
                        <Entry name="$ControllerName" value="PC-201005261001" />
                        <Entry name="$AgentName" value="PC-201005261001" />
                        <Entry name="$TestLogsDir" value="E:\OA\Tunnel_OA\TestResults\Administrator_PC-201005261001 2010-07-09 12_55_27\In\PC-201005261001" />
                        <Entry name="$TestDeploymentDir" value="E:\OA\Tunnel_OA\TestResults\Administrator_PC-201005261001 2010-07-09 12_55_27\Out" />
                        <Entry name="$AgentId" value="1" />
                        <Entry name="$AgentLoadDistributor" value="Microsoft.VisualStudio.TestTools.Execution.AgentLoadDistributor" />
                        <Entry name="$TestDir" value="E:\OA\Tunnel_OA\TestResults\Administrator_PC-201005261001 2010-07-09 12_55_27" />
                        <Entry name="$AgentWeighting" value="100" />
                        <Entry name="$WebTestIteration" value="1" />
                        <Entry name="$WebTestUserId" value="1" />
                        <Entry name="$HIDDEN1.__VIEWSTATE" value="/wEPDwUKLTUxMjk1MjgwOGRkij73Y76QiiBElucU/Dct6FM7s9U=" />
                        <Entry name="$HIDDEN1" value="System.String[]" />
                      </Context>
                    </WebRequestResult>
                    <WebRequestResult exceptionMessage="" run="0" submitted="true" cached="false" isRedirectFollow="false" requestBodyBytesHandle="-2" responseBytesHandle="29">
                      <Request url="http://localhost:6611/image/exit.gif" command="GET /image/exit.gif HTTP/1.1" encoding="utf-8">
                        <Headers>Referer : http://localhost:6611/N_WorkFlow/VDocument/Document_In.aspx
User-Agent : Mozilla/4.0 (compatible; MSIE 7.0; Windows NT 5.1)
Accept : */*
Accept-Language : zh-CN
Accept-Encoding : GZIP
Host : localhost:6611
Cookie : .TunnelLogin=7D6F9B95393A47FD0EEA8F3B5BEF0E014E06B04E8E9618E0DC91C5E52D6DE7281A43EB9B9C498EA73856CB260AB2A41B0D8431CA3A3B3B169611848566D76E067317AD64B2E067CB0A62E95AA532F369
</Headers>
                      </Request>
                      <Response url="http://localhost:6611/image/exit.gif" contentType="image/gif" statusLine="HTTP/1.1 200 OK" pageTime="NaN" time="0.001" statusCodeString="200 OK" contentLength="181">
                        <Headers>Connection : Close
Content-Length : 181
Cache-Control : public
Content-Type : image/gif
Date : Fri, 09 Jul 2010 04:55:31 GMT
ETag : "1CB1729886AF500"
Server : ASP.NET Development Server/9.0.0.0
X-AspNet-Version : 2.0.50727
</Headers>
                      </Response>
                      <Context>
                        <Entry name="$TotalAgents" value="1" />
                        <Entry name="$ControllerName" value="PC-201005261001" />
                        <Entry name="$AgentName" value="PC-201005261001" />
                        <Entry name="$TestLogsDir" value="E:\OA\Tunnel_OA\TestResults\Administrator_PC-201005261001 2010-07-09 12_55_27\In\PC-201005261001" />
                        <Entry name="$TestDeploymentDir" value="E:\OA\Tunnel_OA\TestResults\Administrator_PC-201005261001 2010-07-09 12_55_27\Out" />
                        <Entry name="$AgentId" value="1" />
                        <Entry name="$AgentLoadDistributor" value="Microsoft.VisualStudio.TestTools.Execution.AgentLoadDistributor" />
                        <Entry name="$TestDir" value="E:\OA\Tunnel_OA\TestResults\Administrator_PC-201005261001 2010-07-09 12_55_27" />
                        <Entry name="$AgentWeighting" value="100" />
                        <Entry name="$WebTestIteration" value="1" />
                        <Entry name="$WebTestUserId" value="1" />
                        <Entry name="$HIDDEN1.__VIEWSTATE" value="/wEPDwUKLTUxMjk1MjgwOGRkij73Y76QiiBElucU/Dct6FM7s9U=" />
                        <Entry name="$HIDDEN1" value="System.String[]" />
                      </Context>
                    </WebRequestResult>
                    <WebRequestResult exceptionMessage="" run="0" submitted="true" cached="false" isRedirectFollow="false" requestBodyBytesHandle="-2" responseBytesHandle="28">
                      <Request url="http://localhost:6611/image/online2.gif" command="GET /image/online2.gif HTTP/1.1" encoding="utf-8">
                        <Headers>Referer : http://localhost:6611/N_WorkFlow/VDocument/Document_In.aspx
User-Agent : Mozilla/4.0 (compatible; MSIE 7.0; Windows NT 5.1)
Accept : */*
Accept-Language : zh-CN
Accept-Encoding : GZIP
Host : localhost:6611
Cookie : .TunnelLogin=7D6F9B95393A47FD0EEA8F3B5BEF0E014E06B04E8E9618E0DC91C5E52D6DE7281A43EB9B9C498EA73856CB260AB2A41B0D8431CA3A3B3B169611848566D76E067317AD64B2E067CB0A62E95AA532F369
</Headers>
                      </Request>
                      <Response url="http://localhost:6611/image/online2.gif" contentType="image/gif" statusLine="HTTP/1.1 200 OK" pageTime="NaN" time="0.001" statusCodeString="200 OK" contentLength="1110">
                        <Headers>Connection : Close
Content-Length : 1110
Cache-Control : public
Content-Type : image/gif
Date : Fri, 09 Jul 2010 04:55:31 GMT
ETag : "1CB1729886AF500"
Server : ASP.NET Development Server/9.0.0.0
X-AspNet-Version : 2.0.50727
</Headers>
                      </Response>
                      <Context>
                        <Entry name="$TotalAgents" value="1" />
                        <Entry name="$ControllerName" value="PC-201005261001" />
                        <Entry name="$AgentName" value="PC-201005261001" />
                        <Entry name="$TestLogsDir" value="E:\OA\Tunnel_OA\TestResults\Administrator_PC-201005261001 2010-07-09 12_55_27\In\PC-201005261001" />
                        <Entry name="$TestDeploymentDir" value="E:\OA\Tunnel_OA\TestResults\Administrator_PC-201005261001 2010-07-09 12_55_27\Out" />
                        <Entry name="$AgentId" value="1" />
                        <Entry name="$AgentLoadDistributor" value="Microsoft.VisualStudio.TestTools.Execution.AgentLoadDistributor" />
                        <Entry name="$TestDir" value="E:\OA\Tunnel_OA\TestResults\Administrator_PC-201005261001 2010-07-09 12_55_27" />
                        <Entry name="$AgentWeighting" value="100" />
                        <Entry name="$WebTestIteration" value="1" />
                        <Entry name="$WebTestUserId" value="1" />
                        <Entry name="$HIDDEN1.__VIEWSTATE" value="/wEPDwUKLTUxMjk1MjgwOGRkij73Y76QiiBElucU/Dct6FM7s9U=" />
                        <Entry name="$HIDDEN1" value="System.String[]" />
                      </Context>
                    </WebRequestResult>
                    <WebRequestResult exceptionMessage="" run="0" submitted="true" cached="false" isRedirectFollow="false" requestBodyBytesHandle="-2" responseBytesHandle="40">
                      <Request url="http://localhost:6611/images/search.gif" command="GET /images/search.gif HTTP/1.1" encoding="utf-8">
                        <Headers>Referer : http://localhost:6611/N_WorkFlow/VDocument/Document_In.aspx
User-Agent : Mozilla/4.0 (compatible; MSIE 7.0; Windows NT 5.1)
Accept : */*
Accept-Language : zh-CN
Accept-Encoding : GZIP
Host : localhost:6611
Cookie : .TunnelLogin=7D6F9B95393A47FD0EEA8F3B5BEF0E014E06B04E8E9618E0DC91C5E52D6DE7281A43EB9B9C498EA73856CB260AB2A41B0D8431CA3A3B3B169611848566D76E067317AD64B2E067CB0A62E95AA532F369
</Headers>
                      </Request>
                      <Response url="http://localhost:6611/images/search.gif" contentType="image/gif" statusLine="HTTP/1.1 200 OK" pageTime="NaN" time="0.001" statusCodeString="200 OK" contentLength="2215">
                        <Headers>Connection : Close
Content-Length : 2215
Cache-Control : public
Content-Type : image/gif
Date : Fri, 09 Jul 2010 04:55:31 GMT
ETag : "1CB1729899C2200"
Server : ASP.NET Development Server/9.0.0.0
X-AspNet-Version : 2.0.50727
</Headers>
                      </Response>
                      <Context>
                        <Entry name="$TotalAgents" value="1" />
                        <Entry name="$ControllerName" value="PC-201005261001" />
                        <Entry name="$AgentName" value="PC-201005261001" />
                        <Entry name="$TestLogsDir" value="E:\OA\Tunnel_OA\TestResults\Administrator_PC-201005261001 2010-07-09 12_55_27\In\PC-201005261001" />
                        <Entry name="$TestDeploymentDir" value="E:\OA\Tunnel_OA\TestResults\Administrator_PC-201005261001 2010-07-09 12_55_27\Out" />
                        <Entry name="$AgentId" value="1" />
                        <Entry name="$AgentLoadDistributor" value="Microsoft.VisualStudio.TestTools.Execution.AgentLoadDistributor" />
                        <Entry name="$TestDir" value="E:\OA\Tunnel_OA\TestResults\Administrator_PC-201005261001 2010-07-09 12_55_27" />
                        <Entry name="$AgentWeighting" value="100" />
                        <Entry name="$WebTestIteration" value="1" />
                        <Entry name="$WebTestUserId" value="1" />
                        <Entry name="$HIDDEN1.__VIEWSTATE" value="/wEPDwUKLTUxMjk1MjgwOGRkij73Y76QiiBElucU/Dct6FM7s9U=" />
                        <Entry name="$HIDDEN1" value="System.String[]" />
                      </Context>
                    </WebRequestResult>
                    <WebRequestResult exceptionMessage="" run="0" submitted="true" cached="false" isRedirectFollow="false" requestBodyBytesHandle="-2" responseBytesHandle="32">
                      <Request url="http://localhost:6611/images/01-g2_07.gif" command="GET /images/01-g2_07.gif HTTP/1.1" encoding="utf-8">
                        <Headers>Referer : http://localhost:6611/N_WorkFlow/VDocument/Document_In.aspx
User-Agent : Mozilla/4.0 (compatible; MSIE 7.0; Windows NT 5.1)
Accept : */*
Accept-Language : zh-CN
Accept-Encoding : GZIP
Host : localhost:6611
Cookie : .TunnelLogin=7D6F9B95393A47FD0EEA8F3B5BEF0E014E06B04E8E9618E0DC91C5E52D6DE7281A43EB9B9C498EA73856CB260AB2A41B0D8431CA3A3B3B169611848566D76E067317AD64B2E067CB0A62E95AA532F369
</Headers>
                      </Request>
                      <Response url="http://localhost:6611/images/01-g2_07.gif" contentType="image/gif" statusLine="HTTP/1.1 200 OK" pageTime="NaN" time="0.001" statusCodeString="200 OK" contentLength="372">
                        <Headers>Connection : Close
Content-Length : 372
Cache-Control : public
Content-Type : image/gif
Date : Fri, 09 Jul 2010 04:55:31 GMT
ETag : "1CB172989038B80"
Server : ASP.NET Development Server/9.0.0.0
X-AspNet-Version : 2.0.50727
</Headers>
                      </Response>
                      <Context>
                        <Entry name="$TotalAgents" value="1" />
                        <Entry name="$ControllerName" value="PC-201005261001" />
                        <Entry name="$AgentName" value="PC-201005261001" />
                        <Entry name="$TestLogsDir" value="E:\OA\Tunnel_OA\TestResults\Administrator_PC-201005261001 2010-07-09 12_55_27\In\PC-201005261001" />
                        <Entry name="$TestDeploymentDir" value="E:\OA\Tunnel_OA\TestResults\Administrator_PC-201005261001 2010-07-09 12_55_27\Out" />
                        <Entry name="$AgentId" value="1" />
                        <Entry name="$AgentLoadDistributor" value="Microsoft.VisualStudio.TestTools.Execution.AgentLoadDistributor" />
                        <Entry name="$TestDir" value="E:\OA\Tunnel_OA\TestResults\Administrator_PC-201005261001 2010-07-09 12_55_27" />
                        <Entry name="$AgentWeighting" value="100" />
                        <Entry name="$WebTestIteration" value="1" />
                        <Entry name="$WebTestUserId" value="1" />
                        <Entry name="$HIDDEN1.__VIEWSTATE" value="/wEPDwUKLTUxMjk1MjgwOGRkij73Y76QiiBElucU/Dct6FM7s9U=" />
                        <Entry name="$HIDDEN1" value="System.String[]" />
                      </Context>
                    </WebRequestResult>
                    <WebRequestResult exceptionMessage="" run="0" submitted="true" cached="false" isRedirectFollow="false" requestBodyBytesHandle="-2" responseBytesHandle="33">
                      <Request url="http://localhost:6611/images/link3_01.gif" command="GET /images/link3_01.gif HTTP/1.1" encoding="utf-8">
                        <Headers>Referer : http://localhost:6611/N_WorkFlow/VDocument/Document_In.aspx
User-Agent : Mozilla/4.0 (compatible; MSIE 7.0; Windows NT 5.1)
Accept : */*
Accept-Language : zh-CN
Accept-Encoding : GZIP
Host : localhost:6611
Cookie : .TunnelLogin=7D6F9B95393A47FD0EEA8F3B5BEF0E014E06B04E8E9618E0DC91C5E52D6DE7281A43EB9B9C498EA73856CB260AB2A41B0D8431CA3A3B3B169611848566D76E067317AD64B2E067CB0A62E95AA532F369
</Headers>
                      </Request>
                      <Response url="http://localhost:6611/images/link3_01.gif" contentType="image/gif" statusLine="HTTP/1.1 200 OK" pageTime="NaN" time="0.001" statusCodeString="200 OK" contentLength="4801">
                        <Headers>Connection : Close
Content-Length : 4801
Cache-Control : public
Content-Type : image/gif
Date : Fri, 09 Jul 2010 04:55:31 GMT
ETag : "1CB172989038B80"
Server : ASP.NET Development Server/9.0.0.0
X-AspNet-Version : 2.0.50727
</Headers>
                      </Response>
                      <Context>
                        <Entry name="$TotalAgents" value="1" />
                        <Entry name="$ControllerName" value="PC-201005261001" />
                        <Entry name="$AgentName" value="PC-201005261001" />
                        <Entry name="$TestLogsDir" value="E:\OA\Tunnel_OA\TestResults\Administrator_PC-201005261001 2010-07-09 12_55_27\In\PC-201005261001" />
                        <Entry name="$TestDeploymentDir" value="E:\OA\Tunnel_OA\TestResults\Administrator_PC-201005261001 2010-07-09 12_55_27\Out" />
                        <Entry name="$AgentId" value="1" />
                        <Entry name="$AgentLoadDistributor" value="Microsoft.VisualStudio.TestTools.Execution.AgentLoadDistributor" />
                        <Entry name="$TestDir" value="E:\OA\Tunnel_OA\TestResults\Administrator_PC-201005261001 2010-07-09 12_55_27" />
                        <Entry name="$AgentWeighting" value="100" />
                        <Entry name="$WebTestIteration" value="1" />
                        <Entry name="$WebTestUserId" value="1" />
                        <Entry name="$HIDDEN1.__VIEWSTATE" value="/wEPDwUKLTUxMjk1MjgwOGRkij73Y76QiiBElucU/Dct6FM7s9U=" />
                        <Entry name="$HIDDEN1" value="System.String[]" />
                      </Context>
                    </WebRequestResult>
                    <WebRequestResult exceptionMessage="" run="0" submitted="true" cached="false" isRedirectFollow="false" requestBodyBytesHandle="-2" responseBytesHandle="34">
                      <Request url="http://localhost:6611/images/link3_02.gif" command="GET /images/link3_02.gif HTTP/1.1" encoding="utf-8">
                        <Headers>Referer : http://localhost:6611/N_WorkFlow/VDocument/Document_In.aspx
User-Agent : Mozilla/4.0 (compatible; MSIE 7.0; Windows NT 5.1)
Accept : */*
Accept-Language : zh-CN
Accept-Encoding : GZIP
Host : localhost:6611
Cookie : .TunnelLogin=7D6F9B95393A47FD0EEA8F3B5BEF0E014E06B04E8E9618E0DC91C5E52D6DE7281A43EB9B9C498EA73856CB260AB2A41B0D8431CA3A3B3B169611848566D76E067317AD64B2E067CB0A62E95AA532F369
</Headers>
                      </Request>
                      <Response url="http://localhost:6611/images/link3_02.gif" contentType="image/gif" statusLine="HTTP/1.1 200 OK" pageTime="NaN" time="0.001" statusCodeString="200 OK" contentLength="2284">
                        <Headers>Connection : Close
Content-Length : 2284
Cache-Control : public
Content-Type : image/gif
Date : Fri, 09 Jul 2010 04:55:31 GMT
ETag : "1CB172989038B80"
Server : ASP.NET Development Server/9.0.0.0
X-AspNet-Version : 2.0.50727
</Headers>
                      </Response>
                      <Context>
                        <Entry name="$TotalAgents" value="1" />
                        <Entry name="$ControllerName" value="PC-201005261001" />
                        <Entry name="$AgentName" value="PC-201005261001" />
                        <Entry name="$TestLogsDir" value="E:\OA\Tunnel_OA\TestResults\Administrator_PC-201005261001 2010-07-09 12_55_27\In\PC-201005261001" />
                        <Entry name="$TestDeploymentDir" value="E:\OA\Tunnel_OA\TestResults\Administrator_PC-201005261001 2010-07-09 12_55_27\Out" />
                        <Entry name="$AgentId" value="1" />
                        <Entry name="$AgentLoadDistributor" value="Microsoft.VisualStudio.TestTools.Execution.AgentLoadDistributor" />
                        <Entry name="$TestDir" value="E:\OA\Tunnel_OA\TestResults\Administrator_PC-201005261001 2010-07-09 12_55_27" />
                        <Entry name="$AgentWeighting" value="100" />
                        <Entry name="$WebTestIteration" value="1" />
                        <Entry name="$WebTestUserId" value="1" />
                        <Entry name="$HIDDEN1.__VIEWSTATE" value="/wEPDwUKLTUxMjk1MjgwOGRkij73Y76QiiBElucU/Dct6FM7s9U=" />
                        <Entry name="$HIDDEN1" value="System.String[]" />
                      </Context>
                    </WebRequestResult>
                    <WebRequestResult exceptionMessage="" run="0" submitted="true" cached="false" isRedirectFollow="false" requestBodyBytesHandle="-2" responseBytesHandle="36">
                      <Request url="http://localhost:6611/images/link3_03.gif" command="GET /images/link3_03.gif HTTP/1.1" encoding="utf-8">
                        <Headers>Referer : http://localhost:6611/N_WorkFlow/VDocument/Document_In.aspx
User-Agent : Mozilla/4.0 (compatible; MSIE 7.0; Windows NT 5.1)
Accept : */*
Accept-Language : zh-CN
Accept-Encoding : GZIP
Host : localhost:6611
Cookie : .TunnelLogin=7D6F9B95393A47FD0EEA8F3B5BEF0E014E06B04E8E9618E0DC91C5E52D6DE7281A43EB9B9C498EA73856CB260AB2A41B0D8431CA3A3B3B169611848566D76E067317AD64B2E067CB0A62E95AA532F369
</Headers>
                      </Request>
                      <Response url="http://localhost:6611/images/link3_03.gif" contentType="image/gif" statusLine="HTTP/1.1 200 OK" pageTime="NaN" time="0.001" statusCodeString="200 OK" contentLength="232">
                        <Headers>Connection : Close
Content-Length : 232
Cache-Control : public
Content-Type : image/gif
Date : Fri, 09 Jul 2010 04:55:31 GMT
ETag : "1CB172989038B80"
Server : ASP.NET Development Server/9.0.0.0
X-AspNet-Version : 2.0.50727
</Headers>
                      </Response>
                      <Context>
                        <Entry name="$TotalAgents" value="1" />
                        <Entry name="$ControllerName" value="PC-201005261001" />
                        <Entry name="$AgentName" value="PC-201005261001" />
                        <Entry name="$TestLogsDir" value="E:\OA\Tunnel_OA\TestResults\Administrator_PC-201005261001 2010-07-09 12_55_27\In\PC-201005261001" />
                        <Entry name="$TestDeploymentDir" value="E:\OA\Tunnel_OA\TestResults\Administrator_PC-201005261001 2010-07-09 12_55_27\Out" />
                        <Entry name="$AgentId" value="1" />
                        <Entry name="$AgentLoadDistributor" value="Microsoft.VisualStudio.TestTools.Execution.AgentLoadDistributor" />
                        <Entry name="$TestDir" value="E:\OA\Tunnel_OA\TestResults\Administrator_PC-201005261001 2010-07-09 12_55_27" />
                        <Entry name="$AgentWeighting" value="100" />
                        <Entry name="$WebTestIteration" value="1" />
                        <Entry name="$WebTestUserId" value="1" />
                        <Entry name="$HIDDEN1.__VIEWSTATE" value="/wEPDwUKLTUxMjk1MjgwOGRkij73Y76QiiBElucU/Dct6FM7s9U=" />
                        <Entry name="$HIDDEN1" value="System.String[]" />
                      </Context>
                    </WebRequestResult>
                  </DependantResults>
                  <ValidationRuleResults>
                    <ValidationRuleResult message="通过" ruleType="验证" name="响应 URL" />
                  </ValidationRuleResults>
                </WebRequestResult>
              </WebTestResultPage>
              <WebTestResultPage>
                <WebRequestResult exceptionMessage="" run="0" submitted="true" cached="false" isRedirectFollow="false" requestBodyBytesHandle="-2" responseBytesHandle="37">
                  <Request url="http://localhost:6611/css/fla6.swf" command="GET /css/fla6.swf HTTP/1.1" encoding="utf-8">
                    <Headers>User-Agent : Mozilla/4.0 (compatible; MSIE 7.0; Windows NT 5.1)
Accept : */*
Accept-Language : zh-CN
Accept-Encoding : GZIP
Host : localhost:6611
Cookie : .TunnelLogin=7D6F9B95393A47FD0EEA8F3B5BEF0E014E06B04E8E9618E0DC91C5E52D6DE7281A43EB9B9C498EA73856CB260AB2A41B0D8431CA3A3B3B169611848566D76E067317AD64B2E067CB0A62E95AA532F369
</Headers>
                  </Request>
                  <Response url="http://localhost:6611/css/fla6.swf" contentType="application/octet-stream" statusLine="HTTP/1.1 200 OK" pageTime="0.002" time="0.002" statusCodeString="200 OK" contentLength="183063">
                    <Headers>Connection : Close
Content-Length : 183063
Cache-Control : public
Content-Type : application/octet-stream
Date : Fri, 09 Jul 2010 04:55:31 GMT
ETag : "1CB17298739C800"
Server : ASP.NET Development Server/9.0.0.0
X-AspNet-Version : 2.0.50727
</Headers>
                  </Response>
                  <Context>
                    <Entry name="$TotalAgents" value="1" />
                    <Entry name="$ControllerName" value="PC-201005261001" />
                    <Entry name="$AgentName" value="PC-201005261001" />
                    <Entry name="$TestLogsDir" value="E:\OA\Tunnel_OA\TestResults\Administrator_PC-201005261001 2010-07-09 12_55_27\In\PC-201005261001" />
                    <Entry name="$TestDeploymentDir" value="E:\OA\Tunnel_OA\TestResults\Administrator_PC-201005261001 2010-07-09 12_55_27\Out" />
                    <Entry name="$AgentId" value="1" />
                    <Entry name="$AgentLoadDistributor" value="Microsoft.VisualStudio.TestTools.Execution.AgentLoadDistributor" />
                    <Entry name="$TestDir" value="E:\OA\Tunnel_OA\TestResults\Administrator_PC-201005261001 2010-07-09 12_55_27" />
                    <Entry name="$AgentWeighting" value="100" />
                    <Entry name="$WebTestIteration" value="1" />
                    <Entry name="$WebTestUserId" value="1" />
                    <Entry name="$HIDDEN1.__VIEWSTATE" value="/wEPDwUKLTUxMjk1MjgwOGRkij73Y76QiiBElucU/Dct6FM7s9U=" />
                    <Entry name="$HIDDEN1" value="System.String[]" />
                  </Context>
                  <ValidationRuleResults>
                    <ValidationRuleResult message="通过" ruleType="验证" name="响应 URL" />
                  </ValidationRuleResults>
                </WebRequestResult>
              </WebTestResultPage>
              <WebTestResultPage>
                <WebRequestResult exceptionMessage="" run="0" submitted="true" cached="false" isRedirectFollow="false" requestBodyBytesHandle="-2" responseBytesHandle="38">
                  <Request url="http://localhost:6611/javascript/findmessage.ashx?_=1278651285875&amp;Uid=1" command="GET /javascript/findmessage.ashx?_=1278651285875&amp;Uid=1 HTTP/1.1" encoding="utf-8">
                    <Headers>User-Agent : Mozilla/4.0 (compatible; MSIE 7.0; Windows NT 5.1)
Accept : */*
Accept-Language : zh-CN
Accept-Encoding : GZIP
Host : localhost:6611
Cookie : .TunnelLogin=7D6F9B95393A47FD0EEA8F3B5BEF0E014E06B04E8E9618E0DC91C5E52D6DE7281A43EB9B9C498EA73856CB260AB2A41B0D8431CA3A3B3B169611848566D76E067317AD64B2E067CB0A62E95AA532F369
</Headers>
                  </Request>
                  <Response url="http://localhost:6611/javascript/findmessage.ashx?_=1278651285875&amp;Uid=1" contentType="text/plain; charset=utf-8" statusLine="HTTP/1.1 200 OK" pageTime="0.002" time="0.002" statusCodeString="200 OK" contentLength="1">
                    <Headers>Connection : Close
Content-Length : 1
Cache-Control : private
Content-Type : text/plain; charset=utf-8
Date : Fri, 09 Jul 2010 04:55:31 GMT
Server : ASP.NET Development Server/9.0.0.0
X-AspNet-Version : 2.0.50727
</Headers>
                  </Response>
                  <Context>
                    <Entry name="$TotalAgents" value="1" />
                    <Entry name="$ControllerName" value="PC-201005261001" />
                    <Entry name="$AgentName" value="PC-201005261001" />
                    <Entry name="$TestLogsDir" value="E:\OA\Tunnel_OA\TestResults\Administrator_PC-201005261001 2010-07-09 12_55_27\In\PC-201005261001" />
                    <Entry name="$TestDeploymentDir" value="E:\OA\Tunnel_OA\TestResults\Administrator_PC-201005261001 2010-07-09 12_55_27\Out" />
                    <Entry name="$AgentId" value="1" />
                    <Entry name="$AgentLoadDistributor" value="Microsoft.VisualStudio.TestTools.Execution.AgentLoadDistributor" />
                    <Entry name="$TestDir" value="E:\OA\Tunnel_OA\TestResults\Administrator_PC-201005261001 2010-07-09 12_55_27" />
                    <Entry name="$AgentWeighting" value="100" />
                    <Entry name="$WebTestIteration" value="1" />
                    <Entry name="$WebTestUserId" value="1" />
                    <Entry name="$HIDDEN1.__VIEWSTATE" value="/wEPDwUKLTUxMjk1MjgwOGRkij73Y76QiiBElucU/Dct6FM7s9U=" />
                    <Entry name="$HIDDEN1" value="System.String[]" />
                  </Context>
                  <ValidationRuleResults>
                    <ValidationRuleResult message="通过" ruleType="验证" name="响应 URL" />
                  </ValidationRuleResults>
                </WebRequestResult>
              </WebTestResultPage>
              <WebTestResultPage>
                <WebRequestResult exceptionMessage="" run="0" submitted="true" cached="false" isRedirectFollow="false" requestBodyBytesHandle="-2" responseBytesHandle="42">
                  <Request url="http://localhost:6611/N_News/N_Picture/N_PictureAdd.aspx" command="GET /N_News/N_Picture/N_PictureAdd.aspx HTTP/1.1" encoding="utf-8">
                    <Headers>User-Agent : Mozilla/4.0 (compatible; MSIE 7.0; Windows NT 5.1)
Accept : */*
Accept-Language : zh-CN
Accept-Encoding : GZIP
Host : localhost:6611
Cookie : .TunnelLogin=7D6F9B95393A47FD0EEA8F3B5BEF0E014E06B04E8E9618E0DC91C5E52D6DE7281A43EB9B9C498EA73856CB260AB2A41B0D8431CA3A3B3B169611848566D76E067317AD64B2E067CB0A62E95AA532F369
</Headers>
                  </Request>
                  <Response url="http://localhost:6611/N_News/N_Picture/N_PictureAdd.aspx" contentType="text/html; charset=utf-8" statusLine="HTTP/1.1 200 OK" pageTime="0.098999999999999991" time="0.084" statusCodeString="200 OK" contentLength="48088">
                    <Headers>Connection : Close
Content-Length : 48088
Cache-Control : private
Content-Type : text/html; charset=utf-8
Date : Fri, 09 Jul 2010 04:55:31 GMT
Server : ASP.NET Development Server/9.0.0.0
X-AspNet-Version : 2.0.50727
</Headers>
                  </Response>
                  <Context>
                    <Entry name="$TotalAgents" value="1" />
                    <Entry name="$ControllerName" value="PC-201005261001" />
                    <Entry name="$AgentName" value="PC-201005261001" />
                    <Entry name="$TestLogsDir" value="E:\OA\Tunnel_OA\TestResults\Administrator_PC-201005261001 2010-07-09 12_55_27\In\PC-201005261001" />
                    <Entry name="$TestDeploymentDir" value="E:\OA\Tunnel_OA\TestResults\Administrator_PC-201005261001 2010-07-09 12_55_27\Out" />
                    <Entry name="$AgentId" value="1" />
                    <Entry name="$AgentLoadDistributor" value="Microsoft.VisualStudio.TestTools.Execution.AgentLoadDistributor" />
                    <Entry name="$TestDir" value="E:\OA\Tunnel_OA\TestResults\Administrator_PC-201005261001 2010-07-09 12_55_27" />
                    <Entry name="$AgentWeighting" value="100" />
                    <Entry name="$WebTestIteration" value="1" />
                    <Entry name="$WebTestUserId" value="1" />
                    <Entry name="$HIDDEN1.__VIEWSTATE" value="/wEPDwUKLTUxMjk1MjgwOGRkij73Y76QiiBElucU/Dct6FM7s9U=" />
                    <Entry name="$HIDDEN1" value="System.String[]" />
                  </Context>
                  <DependantResults>
                    <WebRequestResult exceptionMessage="" run="0" submitted="true" cached="false" isRedirectFollow="false" requestBodyBytesHandle="-2" responseBytesHandle="19">
                      <Request url="http://localhost:6611/javascript/StrLength.js" command="GET /javascript/StrLength.js HTTP/1.1" encoding="utf-8">
                        <Headers>Referer : http://localhost:6611/N_News/N_Picture/N_PictureAdd.aspx
User-Agent : Mozilla/4.0 (compatible; MSIE 7.0; Windows NT 5.1)
Accept : */*
Accept-Language : zh-CN
Accept-Encoding : GZIP
Host : localhost:6611
Cookie : .TunnelLogin=7D6F9B95393A47FD0EEA8F3B5BEF0E014E06B04E8E9618E0DC91C5E52D6DE7281A43EB9B9C498EA73856CB260AB2A41B0D8431CA3A3B3B169611848566D76E067317AD64B2E067CB0A62E95AA532F369
</Headers>
                      </Request>
                      <Response url="http://localhost:6611/javascript/StrLength.js" contentType="application/x-javascript" statusLine="HTTP/1.1 200 OK" pageTime="NaN" time="0.001" statusCodeString="200 OK" contentLength="734">
                        <Headers>Connection : Close
Content-Length : 734
Cache-Control : private
Content-Type : application/x-javascript
Date : Fri, 09 Jul 2010 04:55:31 GMT
Server : ASP.NET Development Server/9.0.0.0
X-AspNet-Version : 2.0.50727
</Headers>
                      </Response>
                      <Context>
                        <Entry name="$TotalAgents" value="1" />
                        <Entry name="$ControllerName" value="PC-201005261001" />
                        <Entry name="$AgentName" value="PC-201005261001" />
                        <Entry name="$TestLogsDir" value="E:\OA\Tunnel_OA\TestResults\Administrator_PC-201005261001 2010-07-09 12_55_27\In\PC-201005261001" />
                        <Entry name="$TestDeploymentDir" value="E:\OA\Tunnel_OA\TestResults\Administrator_PC-201005261001 2010-07-09 12_55_27\Out" />
                        <Entry name="$AgentId" value="1" />
                        <Entry name="$AgentLoadDistributor" value="Microsoft.VisualStudio.TestTools.Execution.AgentLoadDistributor" />
                        <Entry name="$TestDir" value="E:\OA\Tunnel_OA\TestResults\Administrator_PC-201005261001 2010-07-09 12_55_27" />
                        <Entry name="$AgentWeighting" value="100" />
                        <Entry name="$WebTestIteration" value="1" />
                        <Entry name="$WebTestUserId" value="1" />
                        <Entry name="$HIDDEN1.__VIEWSTATE" value="/wEPDwUKLTUxMjk1MjgwOGRkij73Y76QiiBElucU/Dct6FM7s9U=" />
                        <Entry name="$HIDDEN1" value="System.String[]" />
                      </Context>
                    </WebRequestResult>
                    <WebRequestResult exceptionMessage="" run="0" submitted="true" cached="false" isRedirectFollow="false" requestBodyBytesHandle="-2" responseBytesHandle="20">
                      <Request url="http://localhost:6611/javascript/jquery-1.3.2.min.js" command="GET /javascript/jquery-1.3.2.min.js HTTP/1.1" encoding="utf-8">
                        <Headers>Referer : http://localhost:6611/N_News/N_Picture/N_PictureAdd.aspx
User-Agent : Mozilla/4.0 (compatible; MSIE 7.0; Windows NT 5.1)
Accept : */*
Accept-Language : zh-CN
Accept-Encoding : GZIP
Host : localhost:6611
Cookie : .TunnelLogin=7D6F9B95393A47FD0EEA8F3B5BEF0E014E06B04E8E9618E0DC91C5E52D6DE7281A43EB9B9C498EA73856CB260AB2A41B0D8431CA3A3B3B169611848566D76E067317AD64B2E067CB0A62E95AA532F369
</Headers>
                      </Request>
                      <Response url="http://localhost:6611/javascript/jquery-1.3.2.min.js" contentType="application/x-javascript" statusLine="HTTP/1.1 200 OK" pageTime="NaN" time="0.002" statusCodeString="200 OK" contentLength="64616">
                        <Headers>Connection : Close
Content-Length : 64616
Cache-Control : private
Content-Type : application/x-javascript
Date : Fri, 09 Jul 2010 04:55:31 GMT
Server : ASP.NET Development Server/9.0.0.0
X-AspNet-Version : 2.0.50727
</Headers>
                      </Response>
                      <Context>
                        <Entry name="$TotalAgents" value="1" />
                        <Entry name="$ControllerName" value="PC-201005261001" />
                        <Entry name="$AgentName" value="PC-201005261001" />
                        <Entry name="$TestLogsDir" value="E:\OA\Tunnel_OA\TestResults\Administrator_PC-201005261001 2010-07-09 12_55_27\In\PC-201005261001" />
                        <Entry name="$TestDeploymentDir" value="E:\OA\Tunnel_OA\TestResults\Administrator_PC-201005261001 2010-07-09 12_55_27\Out" />
                        <Entry name="$AgentId" value="1" />
                        <Entry name="$AgentLoadDistributor" value="Microsoft.VisualStudio.TestTools.Execution.AgentLoadDistributor" />
                        <Entry name="$TestDir" value="E:\OA\Tunnel_OA\TestResults\Administrator_PC-201005261001 2010-07-09 12_55_27" />
                        <Entry name="$AgentWeighting" value="100" />
                        <Entry name="$WebTestIteration" value="1" />
                        <Entry name="$WebTestUserId" value="1" />
                        <Entry name="$HIDDEN1.__VIEWSTATE" value="/wEPDwUKLTUxMjk1MjgwOGRkij73Y76QiiBElucU/Dct6FM7s9U=" />
                        <Entry name="$HIDDEN1" value="System.String[]" />
                      </Context>
                    </WebRequestResult>
                    <WebRequestResult exceptionMessage="" run="0" submitted="true" cached="false" isRedirectFollow="false" requestBodyBytesHandle="-2" responseBytesHandle="21">
                      <Request url="http://localhost:6611/css/Css.css" command="GET /css/Css.css HTTP/1.1" encoding="utf-8">
                        <Headers>Referer : http://localhost:6611/N_News/N_Picture/N_PictureAdd.aspx
User-Agent : Mozilla/4.0 (compatible; MSIE 7.0; Windows NT 5.1)
Accept : */*
Accept-Language : zh-CN
Accept-Encoding : GZIP
Host : localhost:6611
Cookie : .TunnelLogin=7D6F9B95393A47FD0EEA8F3B5BEF0E014E06B04E8E9618E0DC91C5E52D6DE7281A43EB9B9C498EA73856CB260AB2A41B0D8431CA3A3B3B169611848566D76E067317AD64B2E067CB0A62E95AA532F369
</Headers>
                      </Request>
                      <Response url="http://localhost:6611/css/Css.css" contentType="text/css" statusLine="HTTP/1.1 200 OK" pageTime="NaN" time="0.001" statusCodeString="200 OK" contentLength="6157">
                        <Headers>Connection : Close
Content-Length : 6157
Cache-Control : public
Content-Type : text/css
Date : Fri, 09 Jul 2010 04:55:31 GMT
ETag : "1CB1CBCAEAA0B00"
Server : ASP.NET Development Server/9.0.0.0
X-AspNet-Version : 2.0.50727
</Headers>
                      </Response>
                      <Context>
                        <Entry name="$TotalAgents" value="1" />
                        <Entry name="$ControllerName" value="PC-201005261001" />
                        <Entry name="$AgentName" value="PC-201005261001" />
                        <Entry name="$TestLogsDir" value="E:\OA\Tunnel_OA\TestResults\Administrator_PC-201005261001 2010-07-09 12_55_27\In\PC-201005261001" />
                        <Entry name="$TestDeploymentDir" value="E:\OA\Tunnel_OA\TestResults\Administrator_PC-201005261001 2010-07-09 12_55_27\Out" />
                        <Entry name="$AgentId" value="1" />
                        <Entry name="$AgentLoadDistributor" value="Microsoft.VisualStudio.TestTools.Execution.AgentLoadDistributor" />
                        <Entry name="$TestDir" value="E:\OA\Tunnel_OA\TestResults\Administrator_PC-201005261001 2010-07-09 12_55_27" />
                        <Entry name="$AgentWeighting" value="100" />
                        <Entry name="$WebTestIteration" value="1" />
                        <Entry name="$WebTestUserId" value="1" />
                        <Entry name="$HIDDEN1.__VIEWSTATE" value="/wEPDwUKLTUxMjk1MjgwOGRkij73Y76QiiBElucU/Dct6FM7s9U=" />
                        <Entry name="$HIDDEN1" value="System.String[]" />
                      </Context>
                    </WebRequestResult>
                    <WebRequestResult exceptionMessage="" run="0" submitted="true" cached="false" isRedirectFollow="false" requestBodyBytesHandle="-2" responseBytesHandle="22">
                      <Request url="http://localhost:6611/css/leftCss.css" command="GET /css/leftCss.css HTTP/1.1" encoding="utf-8">
                        <Headers>Referer : http://localhost:6611/N_News/N_Picture/N_PictureAdd.aspx
User-Agent : Mozilla/4.0 (compatible; MSIE 7.0; Windows NT 5.1)
Accept : */*
Accept-Language : zh-CN
Accept-Encoding : GZIP
Host : localhost:6611
Cookie : .TunnelLogin=7D6F9B95393A47FD0EEA8F3B5BEF0E014E06B04E8E9618E0DC91C5E52D6DE7281A43EB9B9C498EA73856CB260AB2A41B0D8431CA3A3B3B169611848566D76E067317AD64B2E067CB0A62E95AA532F369
</Headers>
                      </Request>
                      <Response url="http://localhost:6611/css/leftCss.css" contentType="text/css" statusLine="HTTP/1.1 200 OK" pageTime="NaN" time="0.001" statusCodeString="200 OK" contentLength="1474">
                        <Headers>Connection : Close
Content-Length : 1474
Cache-Control : public
Content-Type : text/css
Date : Fri, 09 Jul 2010 04:55:31 GMT
ETag : "1CB17298739C800"
Server : ASP.NET Development Server/9.0.0.0
X-AspNet-Version : 2.0.50727
</Headers>
                      </Response>
                      <Context>
                        <Entry name="$TotalAgents" value="1" />
                        <Entry name="$ControllerName" value="PC-201005261001" />
                        <Entry name="$AgentName" value="PC-201005261001" />
                        <Entry name="$TestLogsDir" value="E:\OA\Tunnel_OA\TestResults\Administrator_PC-201005261001 2010-07-09 12_55_27\In\PC-201005261001" />
                        <Entry name="$TestDeploymentDir" value="E:\OA\Tunnel_OA\TestResults\Administrator_PC-201005261001 2010-07-09 12_55_27\Out" />
                        <Entry name="$AgentId" value="1" />
                        <Entry name="$AgentLoadDistributor" value="Microsoft.VisualStudio.TestTools.Execution.AgentLoadDistributor" />
                        <Entry name="$TestDir" value="E:\OA\Tunnel_OA\TestResults\Administrator_PC-201005261001 2010-07-09 12_55_27" />
                        <Entry name="$AgentWeighting" value="100" />
                        <Entry name="$WebTestIteration" value="1" />
                        <Entry name="$WebTestUserId" value="1" />
                        <Entry name="$HIDDEN1.__VIEWSTATE" value="/wEPDwUKLTUxMjk1MjgwOGRkij73Y76QiiBElucU/Dct6FM7s9U=" />
                        <Entry name="$HIDDEN1" value="System.String[]" />
                      </Context>
                    </WebRequestResult>
                    <WebRequestResult exceptionMessage="" run="0" submitted="true" cached="false" isRedirectFollow="false" requestBodyBytesHandle="-2" responseBytesHandle="23">
                      <Request url="http://localhost:6611/javascript/getmessage.js" command="GET /javascript/getmessage.js HTTP/1.1" encoding="utf-8">
                        <Headers>Referer : http://localhost:6611/N_News/N_Picture/N_PictureAdd.aspx
User-Agent : Mozilla/4.0 (compatible; MSIE 7.0; Windows NT 5.1)
Accept : */*
Accept-Language : zh-CN
Accept-Encoding : GZIP
Host : localhost:6611
Cookie : .TunnelLogin=7D6F9B95393A47FD0EEA8F3B5BEF0E014E06B04E8E9618E0DC91C5E52D6DE7281A43EB9B9C498EA73856CB260AB2A41B0D8431CA3A3B3B169611848566D76E067317AD64B2E067CB0A62E95AA532F369
</Headers>
                      </Request>
                      <Response url="http://localhost:6611/javascript/getmessage.js" contentType="application/x-javascript" statusLine="HTTP/1.1 200 OK" pageTime="NaN" time="0.001" statusCodeString="200 OK" contentLength="1150">
                        <Headers>Connection : Close
Content-Length : 1150
Cache-Control : private
Content-Type : application/x-javascript
Date : Fri, 09 Jul 2010 04:55:31 GMT
Server : ASP.NET Development Server/9.0.0.0
X-AspNet-Version : 2.0.50727
</Headers>
                      </Response>
                      <Context>
                        <Entry name="$TotalAgents" value="1" />
                        <Entry name="$ControllerName" value="PC-201005261001" />
                        <Entry name="$AgentName" value="PC-201005261001" />
                        <Entry name="$TestLogsDir" value="E:\OA\Tunnel_OA\TestResults\Administrator_PC-201005261001 2010-07-09 12_55_27\In\PC-201005261001" />
                        <Entry name="$TestDeploymentDir" value="E:\OA\Tunnel_OA\TestResults\Administrator_PC-201005261001 2010-07-09 12_55_27\Out" />
                        <Entry name="$AgentId" value="1" />
                        <Entry name="$AgentLoadDistributor" value="Microsoft.VisualStudio.TestTools.Execution.AgentLoadDistributor" />
                        <Entry name="$TestDir" value="E:\OA\Tunnel_OA\TestResults\Administrator_PC-201005261001 2010-07-09 12_55_27" />
                        <Entry name="$AgentWeighting" value="100" />
                        <Entry name="$WebTestIteration" value="1" />
                        <Entry name="$WebTestUserId" value="1" />
                        <Entry name="$HIDDEN1.__VIEWSTATE" value="/wEPDwUKLTUxMjk1MjgwOGRkij73Y76QiiBElucU/Dct6FM7s9U=" />
                        <Entry name="$HIDDEN1" value="System.String[]" />
                      </Context>
                    </WebRequestResult>
                    <WebRequestResult exceptionMessage="" run="0" submitted="true" cached="false" isRedirectFollow="false" requestBodyBytesHandle="-2" responseBytesHandle="24">
                      <Request url="http://localhost:6611/images/line.gif" command="GET /images/line.gif HTTP/1.1" encoding="utf-8">
                        <Headers>Referer : http://localhost:6611/N_News/N_Picture/N_PictureAdd.aspx
User-Agent : Mozilla/4.0 (compatible; MSIE 7.0; Windows NT 5.1)
Accept : */*
Accept-Language : zh-CN
Accept-Encoding : GZIP
Host : localhost:6611
Cookie : .TunnelLogin=7D6F9B95393A47FD0EEA8F3B5BEF0E014E06B04E8E9618E0DC91C5E52D6DE7281A43EB9B9C498EA73856CB260AB2A41B0D8431CA3A3B3B169611848566D76E067317AD64B2E067CB0A62E95AA532F369
</Headers>
                      </Request>
                      <Response url="http://localhost:6611/images/line.gif" contentType="image/gif" statusLine="HTTP/1.1 200 OK" pageTime="NaN" time="0.001" statusCodeString="200 OK" contentLength="93">
                        <Headers>Connection : Close
Content-Length : 93
Cache-Control : public
Content-Type : image/gif
Date : Fri, 09 Jul 2010 04:55:31 GMT
ETag : "1CB172989038B80"
Server : ASP.NET Development Server/9.0.0.0
X-AspNet-Version : 2.0.50727
</Headers>
                      </Response>
                      <Context>
                        <Entry name="$TotalAgents" value="1" />
                        <Entry name="$ControllerName" value="PC-201005261001" />
                        <Entry name="$AgentName" value="PC-201005261001" />
                        <Entry name="$TestLogsDir" value="E:\OA\Tunnel_OA\TestResults\Administrator_PC-201005261001 2010-07-09 12_55_27\In\PC-201005261001" />
                        <Entry name="$TestDeploymentDir" value="E:\OA\Tunnel_OA\TestResults\Administrator_PC-201005261001 2010-07-09 12_55_27\Out" />
                        <Entry name="$AgentId" value="1" />
                        <Entry name="$AgentLoadDistributor" value="Microsoft.VisualStudio.TestTools.Execution.AgentLoadDistributor" />
                        <Entry name="$TestDir" value="E:\OA\Tunnel_OA\TestResults\Administrator_PC-201005261001 2010-07-09 12_55_27" />
                        <Entry name="$AgentWeighting" value="100" />
                        <Entry name="$WebTestIteration" value="1" />
                        <Entry name="$WebTestUserId" value="1" />
                        <Entry name="$HIDDEN1.__VIEWSTATE" value="/wEPDwUKLTUxMjk1MjgwOGRkij73Y76QiiBElucU/Dct6FM7s9U=" />
                        <Entry name="$HIDDEN1" value="System.String[]" />
                      </Context>
                    </WebRequestResult>
                    <WebRequestResult exceptionMessage="" run="0" submitted="true" cached="false" isRedirectFollow="false" requestBodyBytesHandle="-2" responseBytesHandle="25">
                      <Request url="http://localhost:6611/images/arra.gif" command="GET /images/arra.gif HTTP/1.1" encoding="utf-8">
                        <Headers>Referer : http://localhost:6611/N_News/N_Picture/N_PictureAdd.aspx
User-Agent : Mozilla/4.0 (compatible; MSIE 7.0; Windows NT 5.1)
Accept : */*
Accept-Language : zh-CN
Accept-Encoding : GZIP
Host : localhost:6611
Cookie : .TunnelLogin=7D6F9B95393A47FD0EEA8F3B5BEF0E014E06B04E8E9618E0DC91C5E52D6DE7281A43EB9B9C498EA73856CB260AB2A41B0D8431CA3A3B3B169611848566D76E067317AD64B2E067CB0A62E95AA532F369
</Headers>
                      </Request>
                      <Response url="http://localhost:6611/images/arra.gif" contentType="image/gif" statusLine="HTTP/1.1 200 OK" pageTime="NaN" time="0.001" statusCodeString="200 OK" contentLength="48">
                        <Headers>Connection : Close
Content-Length : 48
Cache-Control : public
Content-Type : image/gif
Date : Fri, 09 Jul 2010 04:55:31 GMT
ETag : "1CB172989038B80"
Server : ASP.NET Development Server/9.0.0.0
X-AspNet-Version : 2.0.50727
</Headers>
                      </Response>
                      <Context>
                        <Entry name="$TotalAgents" value="1" />
                        <Entry name="$ControllerName" value="PC-201005261001" />
                        <Entry name="$AgentName" value="PC-201005261001" />
                        <Entry name="$TestLogsDir" value="E:\OA\Tunnel_OA\TestResults\Administrator_PC-201005261001 2010-07-09 12_55_27\In\PC-201005261001" />
                        <Entry name="$TestDeploymentDir" value="E:\OA\Tunnel_OA\TestResults\Administrator_PC-201005261001 2010-07-09 12_55_27\Out" />
                        <Entry name="$AgentId" value="1" />
                        <Entry name="$AgentLoadDistributor" value="Microsoft.VisualStudio.TestTools.Execution.AgentLoadDistributor" />
                        <Entry name="$TestDir" value="E:\OA\Tunnel_OA\TestResults\Administrator_PC-201005261001 2010-07-09 12_55_27" />
                        <Entry name="$AgentWeighting" value="100" />
                        <Entry name="$WebTestIteration" value="1" />
                        <Entry name="$WebTestUserId" value="1" />
                        <Entry name="$HIDDEN1.__VIEWSTATE" value="/wEPDwUKLTUxMjk1MjgwOGRkij73Y76QiiBElucU/Dct6FM7s9U=" />
                        <Entry name="$HIDDEN1" value="System.String[]" />
                      </Context>
                    </WebRequestResult>
                    <WebRequestResult exceptionMessage="" run="0" submitted="true" cached="false" isRedirectFollow="false" requestBodyBytesHandle="-2" responseBytesHandle="26">
                      <Request url="http://localhost:6611/images/new_icon01.gif" command="GET /images/new_icon01.gif HTTP/1.1" encoding="utf-8">
                        <Headers>Referer : http://localhost:6611/N_News/N_Picture/N_PictureAdd.aspx
User-Agent : Mozilla/4.0 (compatible; MSIE 7.0; Windows NT 5.1)
Accept : */*
Accept-Language : zh-CN
Accept-Encoding : GZIP
Host : localhost:6611
Cookie : .TunnelLogin=7D6F9B95393A47FD0EEA8F3B5BEF0E014E06B04E8E9618E0DC91C5E52D6DE7281A43EB9B9C498EA73856CB260AB2A41B0D8431CA3A3B3B169611848566D76E067317AD64B2E067CB0A62E95AA532F369
</Headers>
                      </Request>
                      <Response url="http://localhost:6611/images/new_icon01.gif" contentType="image/gif" statusLine="HTTP/1.1 200 OK" pageTime="NaN" time="0.001" statusCodeString="200 OK" contentLength="71">
                        <Headers>Connection : Close
Content-Length : 71
Cache-Control : public
Content-Type : image/gif
Date : Fri, 09 Jul 2010 04:55:31 GMT
ETag : "1CB1729899C2200"
Server : ASP.NET Development Server/9.0.0.0
X-AspNet-Version : 2.0.50727
</Headers>
                      </Response>
                      <Context>
                        <Entry name="$TotalAgents" value="1" />
                        <Entry name="$ControllerName" value="PC-201005261001" />
                        <Entry name="$AgentName" value="PC-201005261001" />
                        <Entry name="$TestLogsDir" value="E:\OA\Tunnel_OA\TestResults\Administrator_PC-201005261001 2010-07-09 12_55_27\In\PC-201005261001" />
                        <Entry name="$TestDeploymentDir" value="E:\OA\Tunnel_OA\TestResults\Administrator_PC-201005261001 2010-07-09 12_55_27\Out" />
                        <Entry name="$AgentId" value="1" />
                        <Entry name="$AgentLoadDistributor" value="Microsoft.VisualStudio.TestTools.Execution.AgentLoadDistributor" />
                        <Entry name="$TestDir" value="E:\OA\Tunnel_OA\TestResults\Administrator_PC-201005261001 2010-07-09 12_55_27" />
                        <Entry name="$AgentWeighting" value="100" />
                        <Entry name="$WebTestIteration" value="1" />
                        <Entry name="$WebTestUserId" value="1" />
                        <Entry name="$HIDDEN1.__VIEWSTATE" value="/wEPDwUKLTUxMjk1MjgwOGRkij73Y76QiiBElucU/Dct6FM7s9U=" />
                        <Entry name="$HIDDEN1" value="System.String[]" />
                      </Context>
                    </WebRequestResult>
                    <WebRequestResult exceptionMessage="" run="0" submitted="true" cached="false" isRedirectFollow="false" requestBodyBytesHandle="-2" responseBytesHandle="27">
                      <Request url="http://localhost:6611/WebResource.axd?d=hIEC4JkV4kGqEge4C8Fd_g2&amp;t=634116702580000000" command="GET /WebResource.axd?d=hIEC4JkV4kGqEge4C8Fd_g2&amp;t=634116702580000000 HTTP/1.1" encoding="utf-8">
                        <Headers>Referer : http://localhost:6611/N_News/N_Picture/N_PictureAdd.aspx
User-Agent : Mozilla/4.0 (compatible; MSIE 7.0; Windows NT 5.1)
Accept : */*
Accept-Language : zh-CN
Accept-Encoding : GZIP
Host : localhost:6611
Cookie : .TunnelLogin=7D6F9B95393A47FD0EEA8F3B5BEF0E014E06B04E8E9618E0DC91C5E52D6DE7281A43EB9B9C498EA73856CB260AB2A41B0D8431CA3A3B3B169611848566D76E067317AD64B2E067CB0A62E95AA532F369
</Headers>
                      </Request>
                      <Response url="http://localhost:6611/WebResource.axd?d=hIEC4JkV4kGqEge4C8Fd_g2&amp;t=634116702580000000" contentType="image/gif" statusLine="HTTP/1.1 200 OK" pageTime="NaN" time="0.001" statusCodeString="200 OK" contentLength="43">
                        <Headers>Connection : Close
Content-Length : 43
Cache-Control : public
Content-Type : image/gif
Date : Fri, 09 Jul 2010 04:55:31 GMT
Expires : Sat, 09 Jul 2011 04:55:30 GMT
Last-Modified : Wed, 09 Jun 2010 00:50:58 GMT
Server : ASP.NET Development Server/9.0.0.0
X-AspNet-Version : 2.0.50727
</Headers>
                      </Response>
                      <Context>
                        <Entry name="$TotalAgents" value="1" />
                        <Entry name="$ControllerName" value="PC-201005261001" />
                        <Entry name="$AgentName" value="PC-201005261001" />
                        <Entry name="$TestLogsDir" value="E:\OA\Tunnel_OA\TestResults\Administrator_PC-201005261001 2010-07-09 12_55_27\In\PC-201005261001" />
                        <Entry name="$TestDeploymentDir" value="E:\OA\Tunnel_OA\TestResults\Administrator_PC-201005261001 2010-07-09 12_55_27\Out" />
                        <Entry name="$AgentId" value="1" />
                        <Entry name="$AgentLoadDistributor" value="Microsoft.VisualStudio.TestTools.Execution.AgentLoadDistributor" />
                        <Entry name="$TestDir" value="E:\OA\Tunnel_OA\TestResults\Administrator_PC-201005261001 2010-07-09 12_55_27" />
                        <Entry name="$AgentWeighting" value="100" />
                        <Entry name="$WebTestIteration" value="1" />
                        <Entry name="$WebTestUserId" value="1" />
                        <Entry name="$HIDDEN1.__VIEWSTATE" value="/wEPDwUKLTUxMjk1MjgwOGRkij73Y76QiiBElucU/Dct6FM7s9U=" />
                        <Entry name="$HIDDEN1" value="System.String[]" />
                      </Context>
                    </WebRequestResult>
                    <WebRequestResult exceptionMessage="" run="0" submitted="true" cached="false" isRedirectFollow="false" requestBodyBytesHandle="-2" responseBytesHandle="29">
                      <Request url="http://localhost:6611/image/exit.gif" command="GET /image/exit.gif HTTP/1.1" encoding="utf-8">
                        <Headers>Referer : http://localhost:6611/N_News/N_Picture/N_PictureAdd.aspx
User-Agent : Mozilla/4.0 (compatible; MSIE 7.0; Windows NT 5.1)
Accept : */*
Accept-Language : zh-CN
Accept-Encoding : GZIP
Host : localhost:6611
Cookie : .TunnelLogin=7D6F9B95393A47FD0EEA8F3B5BEF0E014E06B04E8E9618E0DC91C5E52D6DE7281A43EB9B9C498EA73856CB260AB2A41B0D8431CA3A3B3B169611848566D76E067317AD64B2E067CB0A62E95AA532F369
</Headers>
                      </Request>
                      <Response url="http://localhost:6611/image/exit.gif" contentType="image/gif" statusLine="HTTP/1.1 200 OK" pageTime="NaN" time="0.001" statusCodeString="200 OK" contentLength="181">
                        <Headers>Connection : Close
Content-Length : 181
Cache-Control : public
Content-Type : image/gif
Date : Fri, 09 Jul 2010 04:55:31 GMT
ETag : "1CB1729886AF500"
Server : ASP.NET Development Server/9.0.0.0
X-AspNet-Version : 2.0.50727
</Headers>
                      </Response>
                      <Context>
                        <Entry name="$TotalAgents" value="1" />
                        <Entry name="$ControllerName" value="PC-201005261001" />
                        <Entry name="$AgentName" value="PC-201005261001" />
                        <Entry name="$TestLogsDir" value="E:\OA\Tunnel_OA\TestResults\Administrator_PC-201005261001 2010-07-09 12_55_27\In\PC-201005261001" />
                        <Entry name="$TestDeploymentDir" value="E:\OA\Tunnel_OA\TestResults\Administrator_PC-201005261001 2010-07-09 12_55_27\Out" />
                        <Entry name="$AgentId" value="1" />
                        <Entry name="$AgentLoadDistributor" value="Microsoft.VisualStudio.TestTools.Execution.AgentLoadDistributor" />
                        <Entry name="$TestDir" value="E:\OA\Tunnel_OA\TestResults\Administrator_PC-201005261001 2010-07-09 12_55_27" />
                        <Entry name="$AgentWeighting" value="100" />
                        <Entry name="$WebTestIteration" value="1" />
                        <Entry name="$WebTestUserId" value="1" />
                        <Entry name="$HIDDEN1.__VIEWSTATE" value="/wEPDwUKLTUxMjk1MjgwOGRkij73Y76QiiBElucU/Dct6FM7s9U=" />
                        <Entry name="$HIDDEN1" value="System.String[]" />
                      </Context>
                    </WebRequestResult>
                    <WebRequestResult exceptionMessage="" run="0" submitted="true" cached="false" isRedirectFollow="false" requestBodyBytesHandle="-2" responseBytesHandle="28">
                      <Request url="http://localhost:6611/image/online2.gif" command="GET /image/online2.gif HTTP/1.1" encoding="utf-8">
                        <Headers>Referer : http://localhost:6611/N_News/N_Picture/N_PictureAdd.aspx
User-Agent : Mozilla/4.0 (compatible; MSIE 7.0; Windows NT 5.1)
Accept : */*
Accept-Language : zh-CN
Accept-Encoding : GZIP
Host : localhost:6611
Cookie : .TunnelLogin=7D6F9B95393A47FD0EEA8F3B5BEF0E014E06B04E8E9618E0DC91C5E52D6DE7281A43EB9B9C498EA73856CB260AB2A41B0D8431CA3A3B3B169611848566D76E067317AD64B2E067CB0A62E95AA532F369
</Headers>
                      </Request>
                      <Response url="http://localhost:6611/image/online2.gif" contentType="image/gif" statusLine="HTTP/1.1 200 OK" pageTime="NaN" time="0.001" statusCodeString="200 OK" contentLength="1110">
                        <Headers>Connection : Close
Content-Length : 1110
Cache-Control : public
Content-Type : image/gif
Date : Fri, 09 Jul 2010 04:55:31 GMT
ETag : "1CB1729886AF500"
Server : ASP.NET Development Server/9.0.0.0
X-AspNet-Version : 2.0.50727
</Headers>
                      </Response>
                      <Context>
                        <Entry name="$TotalAgents" value="1" />
                        <Entry name="$ControllerName" value="PC-201005261001" />
                        <Entry name="$AgentName" value="PC-201005261001" />
                        <Entry name="$TestLogsDir" value="E:\OA\Tunnel_OA\TestResults\Administrator_PC-201005261001 2010-07-09 12_55_27\In\PC-201005261001" />
                        <Entry name="$TestDeploymentDir" value="E:\OA\Tunnel_OA\TestResults\Administrator_PC-201005261001 2010-07-09 12_55_27\Out" />
                        <Entry name="$AgentId" value="1" />
                        <Entry name="$AgentLoadDistributor" value="Microsoft.VisualStudio.TestTools.Execution.AgentLoadDistributor" />
                        <Entry name="$TestDir" value="E:\OA\Tunnel_OA\TestResults\Administrator_PC-201005261001 2010-07-09 12_55_27" />
                        <Entry name="$AgentWeighting" value="100" />
                        <Entry name="$WebTestIteration" value="1" />
                        <Entry name="$WebTestUserId" value="1" />
                        <Entry name="$HIDDEN1.__VIEWSTATE" value="/wEPDwUKLTUxMjk1MjgwOGRkij73Y76QiiBElucU/Dct6FM7s9U=" />
                        <Entry name="$HIDDEN1" value="System.String[]" />
                      </Context>
                    </WebRequestResult>
                    <WebRequestResult exceptionMessage="" run="0" submitted="true" cached="false" isRedirectFollow="false" requestBodyBytesHandle="-2" responseBytesHandle="43">
                      <Request url="http://localhost:6611/image/img/uploading.gif" command="GET /image/img/uploading.gif HTTP/1.1" encoding="utf-8">
                        <Headers>Referer : http://localhost:6611/N_News/N_Picture/N_PictureAdd.aspx
User-Agent : Mozilla/4.0 (compatible; MSIE 7.0; Windows NT 5.1)
Accept : */*
Accept-Language : zh-CN
Accept-Encoding : GZIP
Host : localhost:6611
Cookie : .TunnelLogin=7D6F9B95393A47FD0EEA8F3B5BEF0E014E06B04E8E9618E0DC91C5E52D6DE7281A43EB9B9C498EA73856CB260AB2A41B0D8431CA3A3B3B169611848566D76E067317AD64B2E067CB0A62E95AA532F369
</Headers>
                      </Request>
                      <Response url="http://localhost:6611/image/img/uploading.gif" contentType="image/gif" statusLine="HTTP/1.1 200 OK" pageTime="NaN" time="0.001" statusCodeString="200 OK" contentLength="10994">
                        <Headers>Connection : Close
Content-Length : 10994
Cache-Control : public
Content-Type : image/gif
Date : Fri, 09 Jul 2010 04:55:31 GMT
ETag : "1CB172989038B80"
Server : ASP.NET Development Server/9.0.0.0
X-AspNet-Version : 2.0.50727
</Headers>
                      </Response>
                      <Context>
                        <Entry name="$TotalAgents" value="1" />
                        <Entry name="$ControllerName" value="PC-201005261001" />
                        <Entry name="$AgentName" value="PC-201005261001" />
                        <Entry name="$TestLogsDir" value="E:\OA\Tunnel_OA\TestResults\Administrator_PC-201005261001 2010-07-09 12_55_27\In\PC-201005261001" />
                        <Entry name="$TestDeploymentDir" value="E:\OA\Tunnel_OA\TestResults\Administrator_PC-201005261001 2010-07-09 12_55_27\Out" />
                        <Entry name="$AgentId" value="1" />
                        <Entry name="$AgentLoadDistributor" value="Microsoft.VisualStudio.TestTools.Execution.AgentLoadDistributor" />
                        <Entry name="$TestDir" value="E:\OA\Tunnel_OA\TestResults\Administrator_PC-201005261001 2010-07-09 12_55_27" />
                        <Entry name="$AgentWeighting" value="100" />
                        <Entry name="$WebTestIteration" value="1" />
                        <Entry name="$WebTestUserId" value="1" />
                        <Entry name="$HIDDEN1.__VIEWSTATE" value="/wEPDwUKLTUxMjk1MjgwOGRkij73Y76QiiBElucU/Dct6FM7s9U=" />
                        <Entry name="$HIDDEN1" value="System.String[]" />
                      </Context>
                    </WebRequestResult>
                    <WebRequestResult exceptionMessage="" run="0" submitted="true" cached="false" isRedirectFollow="false" requestBodyBytesHandle="-2" responseBytesHandle="32">
                      <Request url="http://localhost:6611/images/01-g2_07.gif" command="GET /images/01-g2_07.gif HTTP/1.1" encoding="utf-8">
                        <Headers>Referer : http://localhost:6611/N_News/N_Picture/N_PictureAdd.aspx
User-Agent : Mozilla/4.0 (compatible; MSIE 7.0; Windows NT 5.1)
Accept : */*
Accept-Language : zh-CN
Accept-Encoding : GZIP
Host : localhost:6611
Cookie : .TunnelLogin=7D6F9B95393A47FD0EEA8F3B5BEF0E014E06B04E8E9618E0DC91C5E52D6DE7281A43EB9B9C498EA73856CB260AB2A41B0D8431CA3A3B3B169611848566D76E067317AD64B2E067CB0A62E95AA532F369
</Headers>
                      </Request>
                      <Response url="http://localhost:6611/images/01-g2_07.gif" contentType="image/gif" statusLine="HTTP/1.1 200 OK" pageTime="NaN" time="0.001" statusCodeString="200 OK" contentLength="372">
                        <Headers>Connection : Close
Content-Length : 372
Cache-Control : public
Content-Type : image/gif
Date : Fri, 09 Jul 2010 04:55:31 GMT
ETag : "1CB172989038B80"
Server : ASP.NET Development Server/9.0.0.0
X-AspNet-Version : 2.0.50727
</Headers>
                      </Response>
                      <Context>
                        <Entry name="$TotalAgents" value="1" />
                        <Entry name="$ControllerName" value="PC-201005261001" />
                        <Entry name="$AgentName" value="PC-201005261001" />
                        <Entry name="$TestLogsDir" value="E:\OA\Tunnel_OA\TestResults\Administrator_PC-201005261001 2010-07-09 12_55_27\In\PC-201005261001" />
                        <Entry name="$TestDeploymentDir" value="E:\OA\Tunnel_OA\TestResults\Administrator_PC-201005261001 2010-07-09 12_55_27\Out" />
                        <Entry name="$AgentId" value="1" />
                        <Entry name="$AgentLoadDistributor" value="Microsoft.VisualStudio.TestTools.Execution.AgentLoadDistributor" />
                        <Entry name="$TestDir" value="E:\OA\Tunnel_OA\TestResults\Administrator_PC-201005261001 2010-07-09 12_55_27" />
                        <Entry name="$AgentWeighting" value="100" />
                        <Entry name="$WebTestIteration" value="1" />
                        <Entry name="$WebTestUserId" value="1" />
                        <Entry name="$HIDDEN1.__VIEWSTATE" value="/wEPDwUKLTUxMjk1MjgwOGRkij73Y76QiiBElucU/Dct6FM7s9U=" />
                        <Entry name="$HIDDEN1" value="System.String[]" />
                      </Context>
                    </WebRequestResult>
                    <WebRequestResult exceptionMessage="" run="0" submitted="true" cached="false" isRedirectFollow="false" requestBodyBytesHandle="-2" responseBytesHandle="33">
                      <Request url="http://localhost:6611/images/link3_01.gif" command="GET /images/link3_01.gif HTTP/1.1" encoding="utf-8">
                        <Headers>Referer : http://localhost:6611/N_News/N_Picture/N_PictureAdd.aspx
User-Agent : Mozilla/4.0 (compatible; MSIE 7.0; Windows NT 5.1)
Accept : */*
Accept-Language : zh-CN
Accept-Encoding : GZIP
Host : localhost:6611
Cookie : .TunnelLogin=7D6F9B95393A47FD0EEA8F3B5BEF0E014E06B04E8E9618E0DC91C5E52D6DE7281A43EB9B9C498EA73856CB260AB2A41B0D8431CA3A3B3B169611848566D76E067317AD64B2E067CB0A62E95AA532F369
</Headers>
                      </Request>
                      <Response url="http://localhost:6611/images/link3_01.gif" contentType="image/gif" statusLine="HTTP/1.1 200 OK" pageTime="NaN" time="0.001" statusCodeString="200 OK" contentLength="4801">
                        <Headers>Connection : Close
Content-Length : 4801
Cache-Control : public
Content-Type : image/gif
Date : Fri, 09 Jul 2010 04:55:31 GMT
ETag : "1CB172989038B80"
Server : ASP.NET Development Server/9.0.0.0
X-AspNet-Version : 2.0.50727
</Headers>
                      </Response>
                      <Context>
                        <Entry name="$TotalAgents" value="1" />
                        <Entry name="$ControllerName" value="PC-201005261001" />
                        <Entry name="$AgentName" value="PC-201005261001" />
                        <Entry name="$TestLogsDir" value="E:\OA\Tunnel_OA\TestResults\Administrator_PC-201005261001 2010-07-09 12_55_27\In\PC-201005261001" />
                        <Entry name="$TestDeploymentDir" value="E:\OA\Tunnel_OA\TestResults\Administrator_PC-201005261001 2010-07-09 12_55_27\Out" />
                        <Entry name="$AgentId" value="1" />
                        <Entry name="$AgentLoadDistributor" value="Microsoft.VisualStudio.TestTools.Execution.AgentLoadDistributor" />
                        <Entry name="$TestDir" value="E:\OA\Tunnel_OA\TestResults\Administrator_PC-201005261001 2010-07-09 12_55_27" />
                        <Entry name="$AgentWeighting" value="100" />
                        <Entry name="$WebTestIteration" value="1" />
                        <Entry name="$WebTestUserId" value="1" />
                        <Entry name="$HIDDEN1.__VIEWSTATE" value="/wEPDwUKLTUxMjk1MjgwOGRkij73Y76QiiBElucU/Dct6FM7s9U=" />
                        <Entry name="$HIDDEN1" value="System.String[]" />
                      </Context>
                    </WebRequestResult>
                    <WebRequestResult exceptionMessage="" run="0" submitted="true" cached="false" isRedirectFollow="false" requestBodyBytesHandle="-2" responseBytesHandle="34">
                      <Request url="http://localhost:6611/images/link3_02.gif" command="GET /images/link3_02.gif HTTP/1.1" encoding="utf-8">
                        <Headers>Referer : http://localhost:6611/N_News/N_Picture/N_PictureAdd.aspx
User-Agent : Mozilla/4.0 (compatible; MSIE 7.0; Windows NT 5.1)
Accept : */*
Accept-Language : zh-CN
Accept-Encoding : GZIP
Host : localhost:6611
Cookie : .TunnelLogin=7D6F9B95393A47FD0EEA8F3B5BEF0E014E06B04E8E9618E0DC91C5E52D6DE7281A43EB9B9C498EA73856CB260AB2A41B0D8431CA3A3B3B169611848566D76E067317AD64B2E067CB0A62E95AA532F369
</Headers>
                      </Request>
                      <Response url="http://localhost:6611/images/link3_02.gif" contentType="image/gif" statusLine="HTTP/1.1 200 OK" pageTime="NaN" time="0.001" statusCodeString="200 OK" contentLength="2284">
                        <Headers>Connection : Close
Content-Length : 2284
Cache-Control : public
Content-Type : image/gif
Date : Fri, 09 Jul 2010 04:55:31 GMT
ETag : "1CB172989038B80"
Server : ASP.NET Development Server/9.0.0.0
X-AspNet-Version : 2.0.50727
</Headers>
                      </Response>
                      <Context>
                        <Entry name="$TotalAgents" value="1" />
                        <Entry name="$ControllerName" value="PC-201005261001" />
                        <Entry name="$AgentName" value="PC-201005261001" />
                        <Entry name="$TestLogsDir" value="E:\OA\Tunnel_OA\TestResults\Administrator_PC-201005261001 2010-07-09 12_55_27\In\PC-201005261001" />
                        <Entry name="$TestDeploymentDir" value="E:\OA\Tunnel_OA\TestResults\Administrator_PC-201005261001 2010-07-09 12_55_27\Out" />
                        <Entry name="$AgentId" value="1" />
                        <Entry name="$AgentLoadDistributor" value="Microsoft.VisualStudio.TestTools.Execution.AgentLoadDistributor" />
                        <Entry name="$TestDir" value="E:\OA\Tunnel_OA\TestResults\Administrator_PC-201005261001 2010-07-09 12_55_27" />
                        <Entry name="$AgentWeighting" value="100" />
                        <Entry name="$WebTestIteration" value="1" />
                        <Entry name="$WebTestUserId" value="1" />
                        <Entry name="$HIDDEN1.__VIEWSTATE" value="/wEPDwUKLTUxMjk1MjgwOGRkij73Y76QiiBElucU/Dct6FM7s9U=" />
                        <Entry name="$HIDDEN1" value="System.String[]" />
                      </Context>
                    </WebRequestResult>
                    <WebRequestResult exceptionMessage="" run="0" submitted="true" cached="false" isRedirectFollow="false" requestBodyBytesHandle="-2" responseBytesHandle="36">
                      <Request url="http://localhost:6611/images/link3_03.gif" command="GET /images/link3_03.gif HTTP/1.1" encoding="utf-8">
                        <Headers>Referer : http://localhost:6611/N_News/N_Picture/N_PictureAdd.aspx
User-Agent : Mozilla/4.0 (compatible; MSIE 7.0; Windows NT 5.1)
Accept : */*
Accept-Language : zh-CN
Accept-Encoding : GZIP
Host : localhost:6611
Cookie : .TunnelLogin=7D6F9B95393A47FD0EEA8F3B5BEF0E014E06B04E8E9618E0DC91C5E52D6DE7281A43EB9B9C498EA73856CB260AB2A41B0D8431CA3A3B3B169611848566D76E067317AD64B2E067CB0A62E95AA532F369
</Headers>
                      </Request>
                      <Response url="http://localhost:6611/images/link3_03.gif" contentType="image/gif" statusLine="HTTP/1.1 200 OK" pageTime="NaN" time="0.001" statusCodeString="200 OK" contentLength="232">
                        <Headers>Connection : Close
Content-Length : 232
Cache-Control : public
Content-Type : image/gif
Date : Fri, 09 Jul 2010 04:55:31 GMT
ETag : "1CB172989038B80"
Server : ASP.NET Development Server/9.0.0.0
X-AspNet-Version : 2.0.50727
</Headers>
                      </Response>
                      <Context>
                        <Entry name="$TotalAgents" value="1" />
                        <Entry name="$ControllerName" value="PC-201005261001" />
                        <Entry name="$AgentName" value="PC-201005261001" />
                        <Entry name="$TestLogsDir" value="E:\OA\Tunnel_OA\TestResults\Administrator_PC-201005261001 2010-07-09 12_55_27\In\PC-201005261001" />
                        <Entry name="$TestDeploymentDir" value="E:\OA\Tunnel_OA\TestResults\Administrator_PC-201005261001 2010-07-09 12_55_27\Out" />
                        <Entry name="$AgentId" value="1" />
                        <Entry name="$AgentLoadDistributor" value="Microsoft.VisualStudio.TestTools.Execution.AgentLoadDistributor" />
                        <Entry name="$TestDir" value="E:\OA\Tunnel_OA\TestResults\Administrator_PC-201005261001 2010-07-09 12_55_27" />
                        <Entry name="$AgentWeighting" value="100" />
                        <Entry name="$WebTestIteration" value="1" />
                        <Entry name="$WebTestUserId" value="1" />
                        <Entry name="$HIDDEN1.__VIEWSTATE" value="/wEPDwUKLTUxMjk1MjgwOGRkij73Y76QiiBElucU/Dct6FM7s9U=" />
                        <Entry name="$HIDDEN1" value="System.String[]" />
                      </Context>
                    </WebRequestResult>
                  </DependantResults>
                  <ValidationRuleResults>
                    <ValidationRuleResult message="通过" ruleType="验证" name="响应 URL" />
                  </ValidationRuleResults>
                </WebRequestResult>
              </WebTestResultPage>
              <WebTestResultPage>
                <WebRequestResult exceptionMessage="" run="0" submitted="true" cached="false" isRedirectFollow="false" requestBodyBytesHandle="-2" responseBytesHandle="37">
                  <Request url="http://localhost:6611/css/fla6.swf" command="GET /css/fla6.swf HTTP/1.1" encoding="utf-8">
                    <Headers>User-Agent : Mozilla/4.0 (compatible; MSIE 7.0; Windows NT 5.1)
Accept : */*
Accept-Language : zh-CN
Accept-Encoding : GZIP
Host : localhost:6611
Cookie : .TunnelLogin=7D6F9B95393A47FD0EEA8F3B5BEF0E014E06B04E8E9618E0DC91C5E52D6DE7281A43EB9B9C498EA73856CB260AB2A41B0D8431CA3A3B3B169611848566D76E067317AD64B2E067CB0A62E95AA532F369
</Headers>
                  </Request>
                  <Response url="http://localhost:6611/css/fla6.swf" contentType="application/octet-stream" statusLine="HTTP/1.1 200 OK" pageTime="0.002" time="0.002" statusCodeString="200 OK" contentLength="183063">
                    <Headers>Connection : Close
Content-Length : 183063
Cache-Control : public
Content-Type : application/octet-stream
Date : Fri, 09 Jul 2010 04:55:31 GMT
ETag : "1CB17298739C800"
Server : ASP.NET Development Server/9.0.0.0
X-AspNet-Version : 2.0.50727
</Headers>
                  </Response>
                  <Context>
                    <Entry name="$TotalAgents" value="1" />
                    <Entry name="$ControllerName" value="PC-201005261001" />
                    <Entry name="$AgentName" value="PC-201005261001" />
                    <Entry name="$TestLogsDir" value="E:\OA\Tunnel_OA\TestResults\Administrator_PC-201005261001 2010-07-09 12_55_27\In\PC-201005261001" />
                    <Entry name="$TestDeploymentDir" value="E:\OA\Tunnel_OA\TestResults\Administrator_PC-201005261001 2010-07-09 12_55_27\Out" />
                    <Entry name="$AgentId" value="1" />
                    <Entry name="$AgentLoadDistributor" value="Microsoft.VisualStudio.TestTools.Execution.AgentLoadDistributor" />
                    <Entry name="$TestDir" value="E:\OA\Tunnel_OA\TestResults\Administrator_PC-201005261001 2010-07-09 12_55_27" />
                    <Entry name="$AgentWeighting" value="100" />
                    <Entry name="$WebTestIteration" value="1" />
                    <Entry name="$WebTestUserId" value="1" />
                    <Entry name="$HIDDEN1.__VIEWSTATE" value="/wEPDwUKLTUxMjk1MjgwOGRkij73Y76QiiBElucU/Dct6FM7s9U=" />
                    <Entry name="$HIDDEN1" value="System.String[]" />
                  </Context>
                  <ValidationRuleResults>
                    <ValidationRuleResult message="通过" ruleType="验证" name="响应 URL" />
                  </ValidationRuleResults>
                </WebRequestResult>
              </WebTestResultPage>
              <WebTestResultPage>
                <WebRequestResult exceptionMessage="" run="0" submitted="true" cached="false" isRedirectFollow="false" requestBodyBytesHandle="-2" responseBytesHandle="38">
                  <Request url="http://localhost:6611/javascript/findmessage.ashx?_=1278651288484&amp;Uid=1" command="GET /javascript/findmessage.ashx?_=1278651288484&amp;Uid=1 HTTP/1.1" encoding="utf-8">
                    <Headers>User-Agent : Mozilla/4.0 (compatible; MSIE 7.0; Windows NT 5.1)
Accept : */*
Accept-Language : zh-CN
Accept-Encoding : GZIP
Host : localhost:6611
Cookie : .TunnelLogin=7D6F9B95393A47FD0EEA8F3B5BEF0E014E06B04E8E9618E0DC91C5E52D6DE7281A43EB9B9C498EA73856CB260AB2A41B0D8431CA3A3B3B169611848566D76E067317AD64B2E067CB0A62E95AA532F369
</Headers>
                  </Request>
                  <Response url="http://localhost:6611/javascript/findmessage.ashx?_=1278651288484&amp;Uid=1" contentType="text/plain; charset=utf-8" statusLine="HTTP/1.1 200 OK" pageTime="0.002" time="0.002" statusCodeString="200 OK" contentLength="1">
                    <Headers>Connection : Close
Content-Length : 1
Cache-Control : private
Content-Type : text/plain; charset=utf-8
Date : Fri, 09 Jul 2010 04:55:31 GMT
Server : ASP.NET Development Server/9.0.0.0
X-AspNet-Version : 2.0.50727
</Headers>
                  </Response>
                  <Context>
                    <Entry name="$TotalAgents" value="1" />
                    <Entry name="$ControllerName" value="PC-201005261001" />
                    <Entry name="$AgentName" value="PC-201005261001" />
                    <Entry name="$TestLogsDir" value="E:\OA\Tunnel_OA\TestResults\Administrator_PC-201005261001 2010-07-09 12_55_27\In\PC-201005261001" />
                    <Entry name="$TestDeploymentDir" value="E:\OA\Tunnel_OA\TestResults\Administrator_PC-201005261001 2010-07-09 12_55_27\Out" />
                    <Entry name="$AgentId" value="1" />
                    <Entry name="$AgentLoadDistributor" value="Microsoft.VisualStudio.TestTools.Execution.AgentLoadDistributor" />
                    <Entry name="$TestDir" value="E:\OA\Tunnel_OA\TestResults\Administrator_PC-201005261001 2010-07-09 12_55_27" />
                    <Entry name="$AgentWeighting" value="100" />
                    <Entry name="$WebTestIteration" value="1" />
                    <Entry name="$WebTestUserId" value="1" />
                    <Entry name="$HIDDEN1.__VIEWSTATE" value="/wEPDwUKLTUxMjk1MjgwOGRkij73Y76QiiBElucU/Dct6FM7s9U=" />
                    <Entry name="$HIDDEN1" value="System.String[]" />
                  </Context>
                  <ValidationRuleResults>
                    <ValidationRuleResult message="通过" ruleType="验证" name="响应 URL" />
                  </ValidationRuleResults>
                </WebRequestResult>
              </WebTestResultPage>
            </WebTestResultGroup>
          </WebTestResultIteration>
        </WebTestResultIterations>
      </WebTestResultDetails>
    </WebTestResult>
  </Results>
</TestRun>